#
# There is insufficient memory for the Java Runtime Environment to continue.
# Native memory allocation (malloc) failed to allocate 131088 bytes. Error detail: Chunk::new
# Possible reasons:
#   The system is out of physical RAM or swap space
#   This process is running with CompressedOops enabled, and the Java Heap may be blocking the growth of the native heap
# Possible solutions:
#   Reduce memory load on the system
#   Increase physical memory or swap space
#   Check if swap backing store is full
#   Decrease Java heap size (-Xmx/-Xms)
#   Decrease number of Java threads
#   Decrease Java thread stack sizes (-Xss)
#   Set larger code cache with -XX:ReservedCodeCacheSize=
#   JVM is running with Unscaled Compressed Oops mode in which the Java heap is
#     placed in the first 4GB address space. The Java Heap base address is the
#     maximum limit for the native heap growth. Please use -XX:HeapBaseMinAddress
#     to set the Java Heap base and to place the Java Heap above 4GB virtual address.
# This output file may be truncated or incomplete.
#
#  Out of Memory Error (arena.cpp:168), pid=2832, tid=18228
#
# JRE version: OpenJDK Runtime Environment Temurin-21.0.8+9 (21.0.8+9) (build 21.0.8+9-LTS)
# Java VM: OpenJDK 64-Bit Server VM Temurin-21.0.8+9 (21.0.8+9-LTS, mixed mode, sharing, tiered, compressed oops, compressed class ptrs, parallel gc, windows-amd64)
# No core dump will be written. Minidumps are not enabled by default on client versions of Windows
#

---------------  S U M M A R Y ------------

Command Line: --add-modules=ALL-SYSTEM --add-opens=java.base/java.util=ALL-UNNAMED --add-opens=java.base/java.lang=ALL-UNNAMED --add-opens=java.base/sun.nio.fs=ALL-UNNAMED -Declipse.application=org.eclipse.jdt.ls.core.id1 -Dosgi.bundles.defaultStartLevel=4 -Declipse.product=org.eclipse.jdt.ls.core.product -Djava.import.generatesMetadataFilesAtProjectRoot=false -DDetectVMInstallationsJob.disabled=true -Dfile.encoding=utf8 -XX:+UseParallelGC -XX:GCTimeRatio=4 -XX:AdaptiveSizePolicyWeight=90 -Dsun.zip.disableMemoryMapping=true -Xmx2G -Xms100m -Xlog:disable -javaagent:c:\Users\OMAR INFO\.windsurf\extensions\redhat.java-1.45.0-win32-x64\lombok\lombok-1.18.39-4050.jar -XX:+HeapDumpOnOutOfMemoryError -XX:HeapDumpPath=c:\Users\OMAR INFO\AppData\Roaming\Windsurf\User\workspaceStorage\017271f0c0c7557d9833a01acf50ccd7\redhat.java -Daether.dependencyCollector.impl=bf c:\Users\OMAR INFO\.windsurf\extensions\redhat.java-1.45.0-win32-x64\server\plugins\org.eclipse.equinox.launcher_1.7.0.v20250519-0528.jar -configuration c:\Users\OMAR INFO\AppData\Roaming\Windsurf\User\globalStorage\redhat.java\1.45.0\config_win -data c:\Users\OMAR INFO\AppData\Roaming\Windsurf\User\workspaceStorage\017271f0c0c7557d9833a01acf50ccd7\redhat.java\jdt_ws --pipe=\\.\pipe\lsp-67d204f9b1fb54340637b5d3fd7609e7-sock

Host: 11th Gen Intel(R) Core(TM) i7-11800H @ 2.30GHz, 16 cores, 15G,  Windows 10 , 64 bit Build 19041 (10.0.19041.5915)
Time: Wed Sep 10 16:56:15 2025 Paris, Madrid elapsed time: 670.096780 seconds (0d 0h 11m 10s)

---------------  T H R E A D  ---------------

Current thread (0x000001f17dab83c0):  JavaThread "C2 CompilerThread0" daemon [_thread_in_native, id=18228, stack(0x0000000d99700000,0x0000000d99800000) (1024K)]


Current CompileTask:
C2:670096 20406   !   4       org.eclipse.jdt.internal.core.search.matching.JavaSearchNameEnvironment::mapToClassPathLocation (219 bytes)

Stack: [0x0000000d99700000,0x0000000d99800000]
Native frames: (J=compiled Java code, j=interpreted, Vv=VM code, C=native code)
V  [jvm.dll+0x6d2449]
V  [jvm.dll+0x8ae341]
V  [jvm.dll+0x8b08be]
V  [jvm.dll+0x8b0fa3]
V  [jvm.dll+0x280c96]
V  [jvm.dll+0xc581d]
V  [jvm.dll+0xc5d53]
V  [jvm.dll+0xd178d]
V  [jvm.dll+0x5fa22f]
V  [jvm.dll+0x252092]
V  [jvm.dll+0x24aa06]
V  [jvm.dll+0x2483a4]
V  [jvm.dll+0x1c89ee]
V  [jvm.dll+0x257d4d]
V  [jvm.dll+0x2562ea]
V  [jvm.dll+0x3f2d16]
V  [jvm.dll+0x857e6b]
V  [jvm.dll+0x6d0b0d]
C  [ucrtbase.dll+0x21bb2]
C  [KERNEL32.DLL+0x17374]
C  [ntdll.dll+0x4cc91]


---------------  P R O C E S S  ---------------

Threads class SMR info:
_java_thread_list=0x000001f1466a28d0, length=70, elements={
0x000001f165a40ba0, 0x000001f17c4e1a50, 0x000001f17c4e2bb0, 0x000001f17c4e3bb0,
0x000001f17c4e4bb0, 0x000001f17c4e9790, 0x000001f17c4ea280, 0x000001f17dab83c0,
0x000001f17dae65e0, 0x000001f17dbbcf50, 0x000001f17de2fc70, 0x000001f17f219150,
0x000001f1451d1030, 0x000001f17f87b1e0, 0x000001f17f8781d0, 0x000001f14571f960,
0x000001f1459c7100, 0x000001f14565f3b0, 0x000001f14565fa40, 0x000001f14565ed20,
0x000001f145661b10, 0x000001f1456621a0, 0x000001f146711a30, 0x000001f1467120c0,
0x000001f14670ec40, 0x000001f1467113a0, 0x000001f14670f2d0, 0x000001f146710680,
0x000001f14670f960, 0x000001f146710d10, 0x000001f146712750, 0x000001f146712de0,
0x000001f146713470, 0x000001f14670fff0, 0x000001f146713b00, 0x000001f146714190,
0x000001f146714820, 0x000001f146714eb0, 0x000001f14670df20, 0x000001f14670e5b0,
0x000001f1462e7e40, 0x000001f1462e91f0, 0x000001f1462e6400, 0x000001f149d14450,
0x000001f149d14ae0, 0x000001f149d15e90, 0x000001f149d17240, 0x000001f149d16520,
0x000001f149d13730, 0x000001f149d15170, 0x000001f149d15800, 0x000001f149d12a10,
0x000001f1456600d0, 0x000001f148148320, 0x000001f148147c90, 0x000001f1481489b0,
0x000001f148147600, 0x000001f148146250, 0x000001f15a61fb30, 0x000001f15a6198c0,
0x000001f15a61d3d0, 0x000001f15a61cd40, 0x000001f15a61da60, 0x000001f15a61c020,
0x000001f15a620ee0, 0x000001f15a61a5e0, 0x000001f15a61b990, 0x000001f15a61c6b0,
0x000001f15a61e0f0, 0x000001f155cd0b30
}

Java Threads: ( => current thread )
  0x000001f165a40ba0 JavaThread "main"                              [_thread_blocked, id=13500, stack(0x0000000d98d00000,0x0000000d98e00000) (1024K)]
  0x000001f17c4e1a50 JavaThread "Reference Handler"          daemon [_thread_blocked, id=15992, stack(0x0000000d99100000,0x0000000d99200000) (1024K)]
  0x000001f17c4e2bb0 JavaThread "Finalizer"                  daemon [_thread_blocked, id=19844, stack(0x0000000d99200000,0x0000000d99300000) (1024K)]
  0x000001f17c4e3bb0 JavaThread "Signal Dispatcher"          daemon [_thread_blocked, id=10168, stack(0x0000000d99300000,0x0000000d99400000) (1024K)]
  0x000001f17c4e4bb0 JavaThread "Attach Listener"            daemon [_thread_blocked, id=15972, stack(0x0000000d99400000,0x0000000d99500000) (1024K)]
  0x000001f17c4e9790 JavaThread "Service Thread"             daemon [_thread_blocked, id=8736, stack(0x0000000d99500000,0x0000000d99600000) (1024K)]
  0x000001f17c4ea280 JavaThread "Monitor Deflation Thread"   daemon [_thread_blocked, id=9556, stack(0x0000000d99600000,0x0000000d99700000) (1024K)]
=>0x000001f17dab83c0 JavaThread "C2 CompilerThread0"         daemon [_thread_in_native, id=18228, stack(0x0000000d99700000,0x0000000d99800000) (1024K)]
  0x000001f17dae65e0 JavaThread "C1 CompilerThread0"         daemon [_thread_blocked, id=7252, stack(0x0000000d99800000,0x0000000d99900000) (1024K)]
  0x000001f17dbbcf50 JavaThread "Common-Cleaner"             daemon [_thread_blocked, id=7480, stack(0x0000000d99900000,0x0000000d99a00000) (1024K)]
  0x000001f17de2fc70 JavaThread "Notification Thread"        daemon [_thread_blocked, id=8500, stack(0x0000000d99d00000,0x0000000d99e00000) (1024K)]
  0x000001f17f219150 JavaThread "Active Thread: Equinox Container: 55979830-fa02-47df-a7d2-fd7110642e9c"        [_thread_blocked, id=16832, stack(0x0000000d9a600000,0x0000000d9a700000) (1024K)]
  0x000001f1451d1030 JavaThread "Refresh Thread: Equinox Container: 55979830-fa02-47df-a7d2-fd7110642e9c" daemon [_thread_blocked, id=5144, stack(0x0000000d9a800000,0x0000000d9a900000) (1024K)]
  0x000001f17f87b1e0 JavaThread "Framework Event Dispatcher: Equinox Container: 55979830-fa02-47df-a7d2-fd7110642e9c" daemon [_thread_blocked, id=21976, stack(0x0000000d9a900000,0x0000000d9aa00000) (1024K)]
  0x000001f17f8781d0 JavaThread "Start Level: Equinox Container: 55979830-fa02-47df-a7d2-fd7110642e9c" daemon [_thread_blocked, id=14144, stack(0x0000000d9aa00000,0x0000000d9ab00000) (1024K)]
  0x000001f14571f960 JavaThread "Bundle File Closer"         daemon [_thread_blocked, id=23256, stack(0x0000000d9ae00000,0x0000000d9af00000) (1024K)]
  0x000001f1459c7100 JavaThread "SCR Component Actor"        daemon [_thread_blocked, id=4780, stack(0x0000000d9af00000,0x0000000d9b000000) (1024K)]
  0x000001f14565f3b0 JavaThread "Worker-JM"                         [_thread_blocked, id=4564, stack(0x0000000d9a500000,0x0000000d9a600000) (1024K)]
  0x000001f14565fa40 JavaThread "JNA Cleaner"                daemon [_thread_blocked, id=7156, stack(0x0000000d9b200000,0x0000000d9b300000) (1024K)]
  0x000001f14565ed20 JavaThread "Java indexing"              daemon [_thread_blocked, id=21852, stack(0x0000000d9b600000,0x0000000d9b700000) (1024K)]
  0x000001f145661b10 JavaThread "Worker-4"                          [_thread_blocked, id=24496, stack(0x0000000d9c100000,0x0000000d9c200000) (1024K)]
  0x000001f1456621a0 JavaThread "Thread-2"                   daemon [_thread_in_native, id=10056, stack(0x0000000d9c200000,0x0000000d9c300000) (1024K)]
  0x000001f146711a30 JavaThread "Thread-3"                   daemon [_thread_in_native, id=22320, stack(0x0000000d9c300000,0x0000000d9c400000) (1024K)]
  0x000001f1467120c0 JavaThread "Thread-4"                   daemon [_thread_in_native, id=18516, stack(0x0000000d9c400000,0x0000000d9c500000) (1024K)]
  0x000001f14670ec40 JavaThread "Thread-5"                   daemon [_thread_in_native, id=21512, stack(0x0000000d9c500000,0x0000000d9c600000) (1024K)]
  0x000001f1467113a0 JavaThread "Thread-6"                   daemon [_thread_in_native, id=6024, stack(0x0000000d9c600000,0x0000000d9c700000) (1024K)]
  0x000001f14670f2d0 JavaThread "Thread-7"                   daemon [_thread_in_native, id=19360, stack(0x0000000d9c700000,0x0000000d9c800000) (1024K)]
  0x000001f146710680 JavaThread "Thread-8"                   daemon [_thread_in_native, id=22356, stack(0x0000000d9c800000,0x0000000d9c900000) (1024K)]
  0x000001f14670f960 JavaThread "Thread-9"                   daemon [_thread_in_native, id=2780, stack(0x0000000d9c900000,0x0000000d9ca00000) (1024K)]
  0x000001f146710d10 JavaThread "Thread-10"                  daemon [_thread_in_native, id=24408, stack(0x0000000d9ca00000,0x0000000d9cb00000) (1024K)]
  0x000001f146712750 JavaThread "Thread-11"                  daemon [_thread_in_native, id=19828, stack(0x0000000d9cb00000,0x0000000d9cc00000) (1024K)]
  0x000001f146712de0 JavaThread "Thread-12"                  daemon [_thread_in_native, id=15044, stack(0x0000000d9cc00000,0x0000000d9cd00000) (1024K)]
  0x000001f146713470 JavaThread "Thread-13"                  daemon [_thread_in_native, id=24552, stack(0x0000000d9cd00000,0x0000000d9ce00000) (1024K)]
  0x000001f14670fff0 JavaThread "Thread-14"                  daemon [_thread_in_native, id=16988, stack(0x0000000d9ce00000,0x0000000d9cf00000) (1024K)]
  0x000001f146713b00 JavaThread "Thread-15"                  daemon [_thread_in_native, id=20548, stack(0x0000000d9cf00000,0x0000000d9d000000) (1024K)]
  0x000001f146714190 JavaThread "Thread-16"                  daemon [_thread_in_native, id=7192, stack(0x0000000d9d000000,0x0000000d9d100000) (1024K)]
  0x000001f146714820 JavaThread "Thread-17"                  daemon [_thread_in_native, id=7752, stack(0x0000000d9d100000,0x0000000d9d200000) (1024K)]
  0x000001f146714eb0 JavaThread "Thread-18"                  daemon [_thread_in_native, id=23404, stack(0x0000000d9d200000,0x0000000d9d300000) (1024K)]
  0x000001f14670df20 JavaThread "pool-2-thread-1"                   [_thread_blocked, id=19488, stack(0x0000000d9d300000,0x0000000d9d400000) (1024K)]
  0x000001f14670e5b0 JavaThread "WorkspaceEventsHandler"            [_thread_blocked, id=2668, stack(0x0000000d9d400000,0x0000000d9d500000) (1024K)]
  0x000001f1462e7e40 JavaThread "pool-1-thread-1"                   [_thread_blocked, id=22600, stack(0x0000000d9d500000,0x0000000d9d600000) (1024K)]
  0x000001f1462e91f0 JavaThread "ForkJoinPool.commonPool-worker-1" daemon [_thread_blocked, id=6804, stack(0x0000000d9ba00000,0x0000000d9bb00000) (1024K)]
  0x000001f1462e6400 JavaThread "ForkJoinPool.commonPool-worker-3" daemon [_thread_blocked, id=20380, stack(0x0000000d9d800000,0x0000000d9d900000) (1024K)]
  0x000001f149d14450 JavaThread "ForkJoinPool.commonPool-worker-5" daemon [_thread_blocked, id=7700, stack(0x0000000d9da00000,0x0000000d9db00000) (1024K)]
  0x000001f149d14ae0 JavaThread "ForkJoinPool.commonPool-worker-6" daemon [_thread_blocked, id=8096, stack(0x0000000d9db00000,0x0000000d9dc00000) (1024K)]
  0x000001f149d15e90 JavaThread "ForkJoinPool.commonPool-worker-9" daemon [_thread_blocked, id=24008, stack(0x0000000d9df00000,0x0000000d9e000000) (1024K)]
  0x000001f149d17240 JavaThread "ForkJoinPool.commonPool-worker-12" daemon [_thread_blocked, id=7684, stack(0x0000000d9e100000,0x0000000d9e200000) (1024K)]
  0x000001f149d16520 JavaThread "ForkJoinPool.commonPool-worker-14" daemon [_thread_blocked, id=19876, stack(0x0000000d9e200000,0x0000000d9e300000) (1024K)]
  0x000001f149d13730 JavaThread "ForkJoinPool.commonPool-worker-13" daemon [_thread_blocked, id=18676, stack(0x0000000d9e300000,0x0000000d9e400000) (1024K)]
  0x000001f149d15170 JavaThread "LocalFile Deleter"          daemon [_thread_blocked, id=24012, stack(0x0000000d9b400000,0x0000000d9b500000) (1024K)]
  0x000001f149d15800 JavaThread "LocalFile Deleter"          daemon [_thread_blocked, id=19392, stack(0x0000000d9b500000,0x0000000d9b600000) (1024K)]
  0x000001f149d12a10 JavaThread "LocalFile Deleter"          daemon [_thread_blocked, id=22820, stack(0x0000000d9b700000,0x0000000d9b800000) (1024K)]
  0x000001f1456600d0 JavaThread "LocalFile Deleter"          daemon [_thread_blocked, id=24200, stack(0x0000000d9b800000,0x0000000d9b900000) (1024K)]
  0x000001f148148320 JavaThread "LocalFile Deleter"          daemon [_thread_blocked, id=20588, stack(0x0000000d9be00000,0x0000000d9bf00000) (1024K)]
  0x000001f148147c90 JavaThread "LocalFile Deleter"          daemon [_thread_blocked, id=23616, stack(0x0000000d9d600000,0x0000000d9d700000) (1024K)]
  0x000001f1481489b0 JavaThread "LocalFile Deleter"          daemon [_thread_blocked, id=18436, stack(0x0000000d9d900000,0x0000000d9da00000) (1024K)]
  0x000001f148147600 JavaThread "LocalFile Deleter"          daemon [_thread_blocked, id=7940, stack(0x0000000d9e500000,0x0000000d9e600000) (1024K)]
  0x000001f148146250 JavaThread "LocalFile Deleter"          daemon [_thread_blocked, id=20096, stack(0x0000000d9e600000,0x0000000d9e700000) (1024K)]
  0x000001f15a61fb30 JavaThread "Cleaner-0"                  daemon [_thread_blocked, id=19100, stack(0x0000000d99c00000,0x0000000d99d00000) (1024K)]
  0x000001f15a6198c0 JavaThread "ForkJoinPool.commonPool-worker-17" daemon [_thread_blocked, id=16492, stack(0x0000000d9b000000,0x0000000d9b100000) (1024K)]
  0x000001f15a61d3d0 JavaThread "Worker-7"                          [_thread_blocked, id=17660, stack(0x0000000d98b00000,0x0000000d98c00000) (1024K)]
  0x000001f15a61cd40 JavaThread "Compiler Source File Reader" daemon [_thread_blocked, id=24304, stack(0x0000000d98c00000,0x0000000d98d00000) (1024K)]
  0x000001f15a61da60 JavaThread "Worker-8"                          [_thread_blocked, id=2880, stack(0x0000000d9b900000,0x0000000d9ba00000) (1024K)]
  0x000001f15a61c020 JavaThread "ForkJoinPool.commonPool-worker-18" daemon [_thread_blocked, id=17808, stack(0x0000000d9b300000,0x0000000d9b400000) (1024K)]
  0x000001f15a620ee0 JavaThread "ForkJoinPool.commonPool-worker-20" daemon [_thread_blocked, id=18832, stack(0x0000000d9bb00000,0x0000000d9bc00000) (1024K)]
  0x000001f15a61a5e0 JavaThread "ForkJoinPool.commonPool-worker-22" daemon [_thread_blocked, id=11984, stack(0x0000000d9bc00000,0x0000000d9bd00000) (1024K)]
  0x000001f15a61b990 JavaThread "ForkJoinPool.commonPool-worker-19" daemon [_thread_blocked, id=17988, stack(0x0000000d9bd00000,0x0000000d9be00000) (1024K)]
  0x000001f15a61c6b0 JavaThread "ForkJoinPool.commonPool-worker-21" daemon [_thread_blocked, id=3132, stack(0x0000000d9bf00000,0x0000000d9c000000) (1024K)]
  0x000001f15a61e0f0 JavaThread "ForkJoinPool.commonPool-worker-23" daemon [_thread_blocked, id=15388, stack(0x0000000d9c000000,0x0000000d9c100000) (1024K)]
  0x000001f155cd0b30 JavaThread "C2 CompilerThread1"         daemon [_thread_blocked, id=6164, stack(0x0000000d99a00000,0x0000000d99b00000) (1024K)]
Total: 70

Other Threads:
  0x000001f17c4d4120 VMThread "VM Thread"                           [id=2288, stack(0x0000000d99000000,0x0000000d99100000) (1024K)]
  0x000001f165aadaf0 WatcherThread "VM Periodic Task Thread"        [id=10164, stack(0x0000000d98f00000,0x0000000d99000000) (1024K)]
  0x000001f165a5e480 WorkerThread "GC Thread#0"                     [id=23168, stack(0x0000000d98e00000,0x0000000d98f00000) (1024K)]
  0x000001f17f30bf20 WorkerThread "GC Thread#1"                     [id=23804, stack(0x0000000d99f00000,0x0000000d9a000000) (1024K)]
  0x000001f17f30c2c0 WorkerThread "GC Thread#2"                     [id=8064, stack(0x0000000d9a000000,0x0000000d9a100000) (1024K)]
  0x000001f17f72a5f0 WorkerThread "GC Thread#3"                     [id=14540, stack(0x0000000d9a100000,0x0000000d9a200000) (1024K)]
  0x000001f17f72a990 WorkerThread "GC Thread#4"                     [id=23016, stack(0x0000000d9a200000,0x0000000d9a300000) (1024K)]
  0x000001f17f72ad30 WorkerThread "GC Thread#5"                     [id=19268, stack(0x0000000d9a300000,0x0000000d9a400000) (1024K)]
  0x000001f17f310800 WorkerThread "GC Thread#6"                     [id=316, stack(0x0000000d9a400000,0x0000000d9a500000) (1024K)]
  0x000001f1452f4c80 WorkerThread "GC Thread#7"                     [id=18672, stack(0x0000000d9a700000,0x0000000d9a800000) (1024K)]
  0x000001f1457209e0 WorkerThread "GC Thread#8"                     [id=24248, stack(0x0000000d9ab00000,0x0000000d9ac00000) (1024K)]
  0x000001f1455eb5a0 WorkerThread "GC Thread#9"                     [id=19180, stack(0x0000000d9ac00000,0x0000000d9ad00000) (1024K)]
  0x000001f145182c20 WorkerThread "GC Thread#10"                    [id=7976, stack(0x0000000d9ad00000,0x0000000d9ae00000) (1024K)]
  0x000001f1457aa870 WorkerThread "GC Thread#11"                    [id=15000, stack(0x0000000d99e00000,0x0000000d99f00000) (1024K)]
  0x000001f1457ac1d0 WorkerThread "GC Thread#12"                    [id=13472, stack(0x0000000d9b100000,0x0000000d9b200000) (1024K)]
Total: 15

Threads with active compile tasks:
C2 CompilerThread0  670119 20406   !   4       org.eclipse.jdt.internal.core.search.matching.JavaSearchNameEnvironment::mapToClassPathLocation (219 bytes)
C2 CompilerThread1  670119 20418       4       org.eclipse.jdt.internal.compiler.lookup.SplitPackageBinding::add (125 bytes)
Total: 2

VM state: at safepoint (normal execution)

VM Mutex/Monitor currently owned by a thread:  ([mutex/lock_event])
[0x00007ffccc105458] Threads_lock - owner thread: 0x000001f17c4d4120
[0x00007ffccc105558] Heap_lock - owner thread: 0x000001f1462e6400

Heap address: 0x0000000080000000, size: 2048 MB, Compressed Oops mode: 32-bit

CDS archive(s) mapped at: [0x000001f100000000-0x000001f100ba0000-0x000001f100ba0000), size 12189696, SharedBaseAddress: 0x000001f100000000, ArchiveRelocationMode: 1.
Compressed class space mapped at: 0x000001f101000000-0x000001f141000000, reserved size: 1073741824
Narrow klass base: 0x000001f100000000, Narrow klass shift: 0, Narrow klass range: 0x100000000

GC Precious Log:
 CardTable entry size: 512
 CPUs: 16 total, 16 available
 Memory: 16085M
 Large Page Support: Disabled
 NUMA Support: Disabled
 Compressed Oops: Enabled (32-bit)
 Alignments: Space 512K, Generation 512K, Heap 2M
 Heap Min Capacity: 100M
 Heap Initial Capacity: 100M
 Heap Max Capacity: 2G
 Pre-touch: Disabled
 Parallel Workers: 13

Heap:
 PSYoungGen      total 12800K, used 12788K [0x00000000d5580000, 0x00000000d6b80000, 0x0000000100000000)
  eden space 11264K, 100% used [0x00000000d5580000,0x00000000d6080000,0x00000000d6080000)
  from space 1536K, 99% used [0x00000000d6080000,0x00000000d61fd320,0x00000000d6200000)
  to   space 5632K, 89% used [0x00000000d6600000,0x00000000d6ae6e98,0x00000000d6b80000)
 ParOldGen       total 425984K, used 425835K [0x0000000080000000, 0x000000009a000000, 0x00000000d5580000)
  object space 425984K, 99% used [0x0000000080000000,0x0000000099fdad20,0x000000009a000000)
 Metaspace       used 78019K, committed 79616K, reserved 1179648K
  class space    used 7740K, committed 8448K, reserved 1048576K

Card table byte_map: [0x000001f165410000,0x000001f165820000] _byte_map_base: 0x000001f165010000

Marking Bits: (ParMarkBitMap*) 0x00007ffccc10a340
 Begin Bits: [0x000001f177ef0000, 0x000001f179ef0000)
 End Bits:   [0x000001f179ef0000, 0x000001f17bef0000)

Polling page: 0x000001f163680000

Metaspace:

Usage:
  Non-class:     68.63 MB used.
      Class:      7.56 MB used.
       Both:     76.19 MB used.

Virtual space:
  Non-class space:      128.00 MB reserved,      69.50 MB ( 54%) committed,  2 nodes.
      Class space:        1.00 GB reserved,       8.25 MB ( <1%) committed,  1 nodes.
             Both:        1.12 GB reserved,      77.75 MB (  7%) committed. 

Chunk freelists:
   Non-Class:  10.14 MB
       Class:  7.60 MB
        Both:  17.74 MB

MaxMetaspaceSize: unlimited
CompressedClassSpaceSize: 1.00 GB
Initial GC threshold: 21.00 MB
Current GC threshold: 116.25 MB
CDS: on
 - commit_granule_bytes: 65536.
 - commit_granule_words: 8192.
 - virtual_space_node_default_size: 8388608.
 - enlarge_chunks_in_place: 1.
 - use_allocation_guard: 0.


Internal statistics:

num_allocs_failed_limit: 9.
num_arena_births: 1530.
num_arena_deaths: 26.
num_vsnodes_births: 3.
num_vsnodes_deaths: 0.
num_space_committed: 1244.
num_space_uncommitted: 0.
num_chunks_returned_to_freelist: 39.
num_chunks_taken_from_freelist: 5608.
num_chunk_merges: 17.
num_chunk_splits: 3229.
num_chunks_enlarged: 1640.
num_inconsistent_stats: 0.

CodeHeap 'non-profiled nmethods': size=119168Kb used=19680Kb max_used=19680Kb free=99487Kb
 bounds [0x000001f1707e0000, 0x000001f171b20000, 0x000001f177c40000]
CodeHeap 'profiled nmethods': size=119104Kb used=45364Kb max_used=45364Kb free=73739Kb
 bounds [0x000001f168c40000, 0x000001f16b890000, 0x000001f170090000]
CodeHeap 'non-nmethods': size=7488Kb used=1497Kb max_used=3315Kb free=5990Kb
 bounds [0x000001f170090000, 0x000001f1703e0000, 0x000001f1707e0000]
CodeCache: size=245760Kb, used=66541Kb, max_used=68359Kb, free=179216Kb
 total_blobs=19197, nmethods=18393, adapters=703, full_count=0
Compilation: enabled, stopped_count=0, restarted_count=0

Compilation events (20 events):
Event: 670.020 Thread 0x000001f17dae65e0 nmethod 20399 0x000001f16b885990 code [0x000001f16b885ba0, 0x000001f16b886078]
Event: 670.020 Thread 0x000001f17dae65e0 20401       3       org.eclipse.jdt.internal.core.search.PatternSearchJob$1::acceptIndexMatch (39 bytes)
Event: 670.020 Thread 0x000001f17dae65e0 nmethod 20401 0x000001f16b886310 code [0x000001f16b8864e0, 0x000001f16b886938]
Event: 670.020 Thread 0x000001f17dae65e0 20405       3       org.eclipse.jdt.internal.core.search.PathCollector::acceptIndexMatch (13 bytes)
Event: 670.020 Thread 0x000001f17dae65e0 nmethod 20405 0x000001f16b886b10 code [0x000001f16b886cc0, 0x000001f16b886e98]
Event: 670.020 Thread 0x000001f17dae65e0 20402       3       org.eclipse.jdt.internal.core.search.matching.LocalVariablePattern::findIndexMatches (245 bytes)
Event: 670.021 Thread 0x000001f17dae65e0 nmethod 20402 0x000001f16b886f90 code [0x000001f16b887360, 0x000001f16b888e60]
Event: 670.021 Thread 0x000001f17dae65e0 20403       3       org.eclipse.jdt.internal.core.LocalVariable::getPath (8 bytes)
Event: 670.021 Thread 0x000001f17dae65e0 nmethod 20403 0x000001f16b889710 code [0x000001f16b8898c0, 0x000001f16b889b30]
Event: 670.024 Thread 0x000001f17dab83c0 nmethod 20395 0x000001f171b11990 code [0x000001f171b11cc0, 0x000001f171b12e88]
Event: 670.024 Thread 0x000001f17dab83c0 20404       4       org.eclipse.jdt.internal.core.search.JavaSearchScope::normalize (47 bytes)
Event: 670.025 Thread 0x000001f155cd0b30 nmethod 20397 0x000001f171b13b90 code [0x000001f171b13d80, 0x000001f171b14550]
Event: 670.025 Thread 0x000001f17dab83c0 nmethod 20404 0x000001f171b14910 code [0x000001f171b14ac0, 0x000001f171b14c68]
Event: 670.030 Thread 0x000001f17dab83c0 20406   !   4       org.eclipse.jdt.internal.core.search.matching.JavaSearchNameEnvironment::mapToClassPathLocation (219 bytes)
Event: 670.032 Thread 0x000001f155cd0b30 20407   !   4       org.eclipse.jdt.internal.core.search.matching.JavaSearchNameEnvironment::computeModuleFor (82 bytes)
Event: 670.038 Thread 0x000001f155cd0b30 nmethod 20407 0x000001f171b14e90 code [0x000001f171b15080, 0x000001f171b155c8]
Event: 670.080 Thread 0x000001f155cd0b30 20408   !   4       org.eclipse.jdt.internal.core.JavaModelManager::getArchiveValidity (141 bytes)
Event: 670.083 Thread 0x000001f17dae65e0 20409   !   3       org.eclipse.jdt.internal.core.JavaModelManager::removeFromInvalidArchiveCache (164 bytes)
Event: 670.084 Thread 0x000001f17dae65e0 nmethod 20409 0x000001f16b889c10 code [0x000001f16b889fa0, 0x000001f16b88b7d8]
Event: 670.085 Thread 0x000001f155cd0b30 nmethod 20408 0x000001f171b15a10 code [0x000001f171b15c40, 0x000001f171b16618]

GC Heap History (20 events):
Event: 669.841 GC heap before
{Heap before GC invocations=710 (full 4):
 PSYoungGen      total 10752K, used 10480K [0x00000000d5580000, 0x00000000d6580000, 0x0000000100000000)
  eden space 9728K, 100% used [0x00000000d5580000,0x00000000d5f00000,0x00000000d5f00000)
  from space 1024K, 73% used [0x00000000d6280000,0x00000000d633c030,0x00000000d6380000)
  to   space 1536K, 0% used [0x00000000d6400000,0x00000000d6400000,0x00000000d6580000)
 ParOldGen       total 412160K, used 411862K [0x0000000080000000, 0x0000000099280000, 0x00000000d5580000)
  object space 412160K, 99% used [0x0000000080000000,0x0000000099235bd8,0x0000000099280000)
 Metaspace       used 77987K, committed 79616K, reserved 1179648K
  class space    used 7740K, committed 8448K, reserved 1048576K
}
Event: 669.843 GC heap after
{Heap after GC invocations=710 (full 4):
 PSYoungGen      total 11264K, used 1513K [0x00000000d5580000, 0x00000000d6580000, 0x0000000100000000)
  eden space 9728K, 0% used [0x00000000d5580000,0x00000000d5580000,0x00000000d5f00000)
  from space 1536K, 98% used [0x00000000d6400000,0x00000000d657a400,0x00000000d6580000)
  to   space 2048K, 0% used [0x00000000d6180000,0x00000000d6180000,0x00000000d6380000)
 ParOldGen       total 412672K, used 412471K [0x0000000080000000, 0x0000000099300000, 0x00000000d5580000)
  object space 412672K, 99% used [0x0000000080000000,0x00000000992cdc18,0x0000000099300000)
 Metaspace       used 77987K, committed 79616K, reserved 1179648K
  class space    used 7740K, committed 8448K, reserved 1048576K
}
Event: 669.849 GC heap before
{Heap before GC invocations=711 (full 4):
 PSYoungGen      total 11264K, used 11241K [0x00000000d5580000, 0x00000000d6580000, 0x0000000100000000)
  eden space 9728K, 100% used [0x00000000d5580000,0x00000000d5f00000,0x00000000d5f00000)
  from space 1536K, 98% used [0x00000000d6400000,0x00000000d657a400,0x00000000d6580000)
  to   space 2048K, 0% used [0x00000000d6180000,0x00000000d6180000,0x00000000d6380000)
 ParOldGen       total 412672K, used 412471K [0x0000000080000000, 0x0000000099300000, 0x00000000d5580000)
  object space 412672K, 99% used [0x0000000080000000,0x00000000992cdc18,0x0000000099300000)
 Metaspace       used 78000K, committed 79616K, reserved 1179648K
  class space    used 7740K, committed 8448K, reserved 1048576K
}
Event: 669.852 GC heap after
{Heap after GC invocations=711 (full 4):
 PSYoungGen      total 12800K, used 896K [0x00000000d5580000, 0x00000000d6480000, 0x0000000100000000)
  eden space 11776K, 0% used [0x00000000d5580000,0x00000000d5580000,0x00000000d6100000)
  from space 1024K, 87% used [0x00000000d6180000,0x00000000d6260020,0x00000000d6280000)
  to   space 1536K, 0% used [0x00000000d6300000,0x00000000d6300000,0x00000000d6480000)
 ParOldGen       total 414208K, used 413784K [0x0000000080000000, 0x0000000099480000, 0x00000000d5580000)
  object space 414208K, 99% used [0x0000000080000000,0x0000000099416290,0x0000000099480000)
 Metaspace       used 78000K, committed 79616K, reserved 1179648K
  class space    used 7740K, committed 8448K, reserved 1048576K
}
Event: 669.880 GC heap before
{Heap before GC invocations=712 (full 4):
 PSYoungGen      total 12800K, used 12672K [0x00000000d5580000, 0x00000000d6480000, 0x0000000100000000)
  eden space 11776K, 100% used [0x00000000d5580000,0x00000000d6100000,0x00000000d6100000)
  from space 1024K, 87% used [0x00000000d6180000,0x00000000d6260020,0x00000000d6280000)
  to   space 1536K, 0% used [0x00000000d6300000,0x00000000d6300000,0x00000000d6480000)
 ParOldGen       total 414208K, used 413784K [0x0000000080000000, 0x0000000099480000, 0x00000000d5580000)
  object space 414208K, 99% used [0x0000000080000000,0x0000000099416290,0x0000000099480000)
 Metaspace       used 78000K, committed 79616K, reserved 1179648K
  class space    used 7740K, committed 8448K, reserved 1048576K
}
Event: 669.882 GC heap after
{Heap after GC invocations=712 (full 4):
 PSYoungGen      total 13312K, used 1364K [0x00000000d5580000, 0x00000000d6480000, 0x0000000100000000)
  eden space 11776K, 0% used [0x00000000d5580000,0x00000000d5580000,0x00000000d6100000)
  from space 1536K, 88% used [0x00000000d6300000,0x00000000d6455200,0x00000000d6480000)
  to   space 1536K, 0% used [0x00000000d6180000,0x00000000d6180000,0x00000000d6300000)
 ParOldGen       total 414720K, used 414544K [0x0000000080000000, 0x0000000099500000, 0x00000000d5580000)
  object space 414720K, 99% used [0x0000000080000000,0x00000000994d4310,0x0000000099500000)
 Metaspace       used 78000K, committed 79616K, reserved 1179648K
  class space    used 7740K, committed 8448K, reserved 1048576K
}
Event: 669.909 GC heap before
{Heap before GC invocations=713 (full 4):
 PSYoungGen      total 13312K, used 13140K [0x00000000d5580000, 0x00000000d6480000, 0x0000000100000000)
  eden space 11776K, 100% used [0x00000000d5580000,0x00000000d6100000,0x00000000d6100000)
  from space 1536K, 88% used [0x00000000d6300000,0x00000000d6455200,0x00000000d6480000)
  to   space 1536K, 0% used [0x00000000d6180000,0x00000000d6180000,0x00000000d6300000)
 ParOldGen       total 414720K, used 414544K [0x0000000080000000, 0x0000000099500000, 0x00000000d5580000)
  object space 414720K, 99% used [0x0000000080000000,0x00000000994d4310,0x0000000099500000)
 Metaspace       used 78000K, committed 79616K, reserved 1179648K
  class space    used 7740K, committed 8448K, reserved 1048576K
}
Event: 669.910 GC heap after
{Heap after GC invocations=713 (full 4):
 PSYoungGen      total 13312K, used 1284K [0x00000000d5580000, 0x00000000d6400000, 0x0000000100000000)
  eden space 11776K, 0% used [0x00000000d5580000,0x00000000d5580000,0x00000000d6100000)
  from space 1536K, 83% used [0x00000000d6180000,0x00000000d62c1210,0x00000000d6300000)
  to   space 1024K, 0% used [0x00000000d6300000,0x00000000d6300000,0x00000000d6400000)
 ParOldGen       total 415744K, used 415722K [0x0000000080000000, 0x0000000099600000, 0x00000000d5580000)
  object space 415744K, 99% used [0x0000000080000000,0x00000000995fa960,0x0000000099600000)
 Metaspace       used 78000K, committed 79616K, reserved 1179648K
  class space    used 7740K, committed 8448K, reserved 1048576K
}
Event: 669.927 GC heap before
{Heap before GC invocations=714 (full 4):
 PSYoungGen      total 13312K, used 13060K [0x00000000d5580000, 0x00000000d6400000, 0x0000000100000000)
  eden space 11776K, 100% used [0x00000000d5580000,0x00000000d6100000,0x00000000d6100000)
  from space 1536K, 83% used [0x00000000d6180000,0x00000000d62c1210,0x00000000d6300000)
  to   space 1024K, 0% used [0x00000000d6300000,0x00000000d6300000,0x00000000d6400000)
 ParOldGen       total 415744K, used 415722K [0x0000000080000000, 0x0000000099600000, 0x00000000d5580000)
  object space 415744K, 99% used [0x0000000080000000,0x00000000995fa960,0x0000000099600000)
 Metaspace       used 78001K, committed 79616K, reserved 1179648K
  class space    used 7740K, committed 8448K, reserved 1048576K
}
Event: 669.930 GC heap after
{Heap after GC invocations=714 (full 4):
 PSYoungGen      total 12288K, used 1012K [0x00000000d5580000, 0x00000000d6600000, 0x0000000100000000)
  eden space 11264K, 0% used [0x00000000d5580000,0x00000000d5580000,0x00000000d6080000)
  from space 1024K, 98% used [0x00000000d6300000,0x00000000d63fd200,0x00000000d6400000)
  to   space 2560K, 0% used [0x00000000d6080000,0x00000000d6080000,0x00000000d6300000)
 ParOldGen       total 417280K, used 416979K [0x0000000080000000, 0x0000000099780000, 0x00000000d5580000)
  object space 417280K, 99% used [0x0000000080000000,0x0000000099734ff0,0x0000000099780000)
 Metaspace       used 78001K, committed 79616K, reserved 1179648K
  class space    used 7740K, committed 8448K, reserved 1048576K
}
Event: 669.948 GC heap before
{Heap before GC invocations=715 (full 4):
 PSYoungGen      total 12288K, used 12276K [0x00000000d5580000, 0x00000000d6600000, 0x0000000100000000)
  eden space 11264K, 100% used [0x00000000d5580000,0x00000000d6080000,0x00000000d6080000)
  from space 1024K, 98% used [0x00000000d6300000,0x00000000d63fd200,0x00000000d6400000)
  to   space 2560K, 0% used [0x00000000d6080000,0x00000000d6080000,0x00000000d6300000)
 ParOldGen       total 417280K, used 416979K [0x0000000080000000, 0x0000000099780000, 0x00000000d5580000)
  object space 417280K, 99% used [0x0000000080000000,0x0000000099734ff0,0x0000000099780000)
 Metaspace       used 78006K, committed 79616K, reserved 1179648K
  class space    used 7740K, committed 8448K, reserved 1048576K
}
Event: 669.950 GC heap after
{Heap after GC invocations=715 (full 4):
 PSYoungGen      total 12800K, used 1252K [0x00000000d5580000, 0x00000000d6480000, 0x0000000100000000)
  eden space 11264K, 0% used [0x00000000d5580000,0x00000000d5580000,0x00000000d6080000)
  from space 1536K, 81% used [0x00000000d6080000,0x00000000d61b9210,0x00000000d6200000)
  to   space 2048K, 0% used [0x00000000d6280000,0x00000000d6280000,0x00000000d6480000)
 ParOldGen       total 418304K, used 417957K [0x0000000080000000, 0x0000000099880000, 0x00000000d5580000)
  object space 418304K, 99% used [0x0000000080000000,0x0000000099829640,0x0000000099880000)
 Metaspace       used 78006K, committed 79616K, reserved 1179648K
  class space    used 7740K, committed 8448K, reserved 1048576K
}
Event: 669.969 GC heap before
{Heap before GC invocations=716 (full 4):
 PSYoungGen      total 12800K, used 12516K [0x00000000d5580000, 0x00000000d6480000, 0x0000000100000000)
  eden space 11264K, 100% used [0x00000000d5580000,0x00000000d6080000,0x00000000d6080000)
  from space 1536K, 81% used [0x00000000d6080000,0x00000000d61b9210,0x00000000d6200000)
  to   space 2048K, 0% used [0x00000000d6280000,0x00000000d6280000,0x00000000d6480000)
 ParOldGen       total 418304K, used 417957K [0x0000000080000000, 0x0000000099880000, 0x00000000d5580000)
  object space 418304K, 99% used [0x0000000080000000,0x0000000099829640,0x0000000099880000)
 Metaspace       used 78009K, committed 79616K, reserved 1179648K
  class space    used 7740K, committed 8448K, reserved 1048576K
}
Event: 669.971 GC heap after
{Heap after GC invocations=716 (full 4):
 PSYoungGen      total 12800K, used 1268K [0x00000000d5580000, 0x00000000d6400000, 0x0000000100000000)
  eden space 11264K, 0% used [0x00000000d5580000,0x00000000d5580000,0x00000000d6080000)
  from space 1536K, 82% used [0x00000000d6280000,0x00000000d63bd200,0x00000000d6400000)
  to   space 1536K, 0% used [0x00000000d6080000,0x00000000d6080000,0x00000000d6200000)
 ParOldGen       total 419328K, used 419095K [0x0000000080000000, 0x0000000099980000, 0x00000000d5580000)
  object space 419328K, 99% used [0x0000000080000000,0x0000000099945cd0,0x0000000099980000)
 Metaspace       used 78009K, committed 79616K, reserved 1179648K
  class space    used 7740K, committed 8448K, reserved 1048576K
}
Event: 669.986 GC heap before
{Heap before GC invocations=717 (full 4):
 PSYoungGen      total 12800K, used 12532K [0x00000000d5580000, 0x00000000d6400000, 0x0000000100000000)
  eden space 11264K, 100% used [0x00000000d5580000,0x00000000d6080000,0x00000000d6080000)
  from space 1536K, 82% used [0x00000000d6280000,0x00000000d63bd200,0x00000000d6400000)
  to   space 1536K, 0% used [0x00000000d6080000,0x00000000d6080000,0x00000000d6200000)
 ParOldGen       total 419328K, used 419095K [0x0000000080000000, 0x0000000099980000, 0x00000000d5580000)
  object space 419328K, 99% used [0x0000000080000000,0x0000000099945cd0,0x0000000099980000)
 Metaspace       used 78009K, committed 79616K, reserved 1179648K
  class space    used 7740K, committed 8448K, reserved 1048576K
}
Event: 669.988 GC heap after
{Heap after GC invocations=717 (full 4):
 PSYoungGen      total 12800K, used 1204K [0x00000000d5580000, 0x00000000d6380000, 0x0000000100000000)
  eden space 11264K, 0% used [0x00000000d5580000,0x00000000d5580000,0x00000000d6080000)
  from space 1536K, 78% used [0x00000000d6080000,0x00000000d61ad200,0x00000000d6200000)
  to   space 1536K, 0% used [0x00000000d6200000,0x00000000d6200000,0x00000000d6380000)
 ParOldGen       total 420352K, used 420176K [0x0000000080000000, 0x0000000099a80000, 0x00000000d5580000)
  object space 420352K, 99% used [0x0000000080000000,0x0000000099a54340,0x0000000099a80000)
 Metaspace       used 78009K, committed 79616K, reserved 1179648K
  class space    used 7740K, committed 8448K, reserved 1048576K
}
Event: 670.013 GC heap before
{Heap before GC invocations=718 (full 4):
 PSYoungGen      total 12800K, used 12468K [0x00000000d5580000, 0x00000000d6380000, 0x0000000100000000)
  eden space 11264K, 100% used [0x00000000d5580000,0x00000000d6080000,0x00000000d6080000)
  from space 1536K, 78% used [0x00000000d6080000,0x00000000d61ad200,0x00000000d6200000)
  to   space 1536K, 0% used [0x00000000d6200000,0x00000000d6200000,0x00000000d6380000)
 ParOldGen       total 420352K, used 420176K [0x0000000080000000, 0x0000000099a80000, 0x00000000d5580000)
  object space 420352K, 99% used [0x0000000080000000,0x0000000099a54340,0x0000000099a80000)
 Metaspace       used 78009K, committed 79616K, reserved 1179648K
  class space    used 7740K, committed 8448K, reserved 1048576K
}
Event: 670.014 GC heap after
{Heap after GC invocations=718 (full 4):
 PSYoungGen      total 12800K, used 1274K [0x00000000d5580000, 0x00000000d6380000, 0x0000000100000000)
  eden space 11264K, 0% used [0x00000000d5580000,0x00000000d5580000,0x00000000d6080000)
  from space 1536K, 82% used [0x00000000d6200000,0x00000000d633e900,0x00000000d6380000)
  to   space 1536K, 0% used [0x00000000d6080000,0x00000000d6080000,0x00000000d6200000)
 ParOldGen       total 421376K, used 421274K [0x0000000080000000, 0x0000000099b80000, 0x00000000d5580000)
  object space 421376K, 99% used [0x0000000080000000,0x0000000099b669b0,0x0000000099b80000)
 Metaspace       used 78009K, committed 79616K, reserved 1179648K
  class space    used 7740K, committed 8448K, reserved 1048576K
}
Event: 670.033 GC heap before
{Heap before GC invocations=719 (full 4):
 PSYoungGen      total 12800K, used 12538K [0x00000000d5580000, 0x00000000d6380000, 0x0000000100000000)
  eden space 11264K, 100% used [0x00000000d5580000,0x00000000d6080000,0x00000000d6080000)
  from space 1536K, 82% used [0x00000000d6200000,0x00000000d633e900,0x00000000d6380000)
  to   space 1536K, 0% used [0x00000000d6080000,0x00000000d6080000,0x00000000d6200000)
 ParOldGen       total 421376K, used 421274K [0x0000000080000000, 0x0000000099b80000, 0x00000000d5580000)
  object space 421376K, 99% used [0x0000000080000000,0x0000000099b669b0,0x0000000099b80000)
 Metaspace       used 78014K, committed 79616K, reserved 1179648K
  class space    used 7740K, committed 8448K, reserved 1048576K
}
Event: 670.035 GC heap after
{Heap after GC invocations=719 (full 4):
 PSYoungGen      total 12800K, used 1524K [0x00000000d5580000, 0x00000000d6b80000, 0x0000000100000000)
  eden space 11264K, 0% used [0x00000000d5580000,0x00000000d5580000,0x00000000d6080000)
  from space 1536K, 99% used [0x00000000d6080000,0x00000000d61fd320,0x00000000d6200000)
  to   space 5632K, 0% used [0x00000000d6600000,0x00000000d6600000,0x00000000d6b80000)
 ParOldGen       total 424960K, used 424604K [0x0000000080000000, 0x0000000099f00000, 0x00000000d5580000)
  object space 424960K, 99% used [0x0000000080000000,0x0000000099ea7050,0x0000000099f00000)
 Metaspace       used 78014K, committed 79616K, reserved 1179648K
  class space    used 7740K, committed 8448K, reserved 1048576K
}

Dll operation events (10 events):
Event: 0.009 Loaded shared library c:\Users\OMAR INFO\.windsurf\extensions\redhat.java-1.45.0-win32-x64\jre\21.0.8-win32-x86_64\bin\java.dll
Event: 0.095 Loaded shared library c:\Users\OMAR INFO\.windsurf\extensions\redhat.java-1.45.0-win32-x64\jre\21.0.8-win32-x86_64\bin\zip.dll
Event: 0.115 Loaded shared library C:\Users\OMAR INFO\.windsurf\extensions\redhat.java-1.45.0-win32-x64\jre\21.0.8-win32-x86_64\bin\instrument.dll
Event: 0.120 Loaded shared library C:\Users\OMAR INFO\.windsurf\extensions\redhat.java-1.45.0-win32-x64\jre\21.0.8-win32-x86_64\bin\net.dll
Event: 0.127 Loaded shared library C:\Users\OMAR INFO\.windsurf\extensions\redhat.java-1.45.0-win32-x64\jre\21.0.8-win32-x86_64\bin\nio.dll
Event: 0.132 Loaded shared library C:\Users\OMAR INFO\.windsurf\extensions\redhat.java-1.45.0-win32-x64\jre\21.0.8-win32-x86_64\bin\zip.dll
Event: 0.154 Loaded shared library C:\Users\OMAR INFO\.windsurf\extensions\redhat.java-1.45.0-win32-x64\jre\21.0.8-win32-x86_64\bin\jimage.dll
Event: 0.237 Loaded shared library c:\Users\OMAR INFO\.windsurf\extensions\redhat.java-1.45.0-win32-x64\jre\21.0.8-win32-x86_64\bin\verify.dll
Event: 1.295 Loaded shared library C:\Users\OMAR INFO\AppData\Roaming\Windsurf\User\globalStorage\redhat.java\1.45.0\config_win\org.eclipse.equinox.launcher\org.eclipse.equinox.launcher.win32.win32.x86_64_1.2.1400.v20250801-0854\eclipse_11916.dll
Event: 2.919 Loaded shared library C:\Users\OMAR INFO\AppData\Local\Temp\jna--64980065\jna1338017589234307563.dll

Deoptimization events (20 events):
Event: 669.823 Thread 0x000001f1462e91f0 DEOPT PACKING pc=0x000001f16aa57907 sp=0x0000000d9bafd830
Event: 669.823 Thread 0x000001f1462e91f0 DEOPT UNPACKING pc=0x000001f1700e78e2 sp=0x0000000d9bafcd18 mode 0
Event: 669.836 Thread 0x000001f1462e6400 Uncommon trap: trap_request=0xffffffbe fr.pc=0x000001f171aee834 relative=0x0000000000000294
Event: 669.836 Thread 0x000001f1462e6400 Uncommon trap: reason=profile_predicate action=maybe_recompile pc=0x000001f171aee834 method=sun.security.provider.HashDrbg.addBytes([BI[[B)V @ 36 c2
Event: 669.836 Thread 0x000001f1462e6400 DEOPT PACKING pc=0x000001f171aee834 sp=0x0000000d9d8fe560
Event: 669.836 Thread 0x000001f1462e6400 DEOPT UNPACKING pc=0x000001f1700e6da2 sp=0x0000000d9d8fe4b0 mode 2
Event: 669.872 Thread 0x000001f1462e6400 Uncommon trap: trap_request=0xffffffbe fr.pc=0x000001f171aee834 relative=0x0000000000000294
Event: 669.872 Thread 0x000001f1462e6400 Uncommon trap: reason=profile_predicate action=maybe_recompile pc=0x000001f171aee834 method=sun.security.provider.HashDrbg.addBytes([BI[[B)V @ 36 c2
Event: 669.872 Thread 0x000001f1462e6400 DEOPT PACKING pc=0x000001f171aee834 sp=0x0000000d9d8fe560
Event: 669.872 Thread 0x000001f1462e6400 DEOPT UNPACKING pc=0x000001f1700e6da2 sp=0x0000000d9d8fe4b0 mode 2
Event: 669.939 Thread 0x000001f1462e6400 Uncommon trap: trap_request=0xffffffbe fr.pc=0x000001f171aee834 relative=0x0000000000000294
Event: 669.939 Thread 0x000001f1462e6400 Uncommon trap: reason=profile_predicate action=maybe_recompile pc=0x000001f171aee834 method=sun.security.provider.HashDrbg.addBytes([BI[[B)V @ 36 c2
Event: 669.939 Thread 0x000001f1462e6400 DEOPT PACKING pc=0x000001f171aee834 sp=0x0000000d9d8fe560
Event: 669.939 Thread 0x000001f1462e6400 DEOPT UNPACKING pc=0x000001f1700e6da2 sp=0x0000000d9d8fe4b0 mode 2
Event: 670.018 Thread 0x000001f1462e6400 Uncommon trap: trap_request=0xffffff45 fr.pc=0x000001f171998738 relative=0x0000000000000098
Event: 670.018 Thread 0x000001f1462e6400 Uncommon trap: reason=unstable_if action=reinterpret pc=0x000001f171998738 method=org.eclipse.jdt.core.search.SearchPattern.<init>(I)V @ 15 c2
Event: 670.018 Thread 0x000001f1462e6400 DEOPT PACKING pc=0x000001f171998738 sp=0x0000000d9d8fe5e0
Event: 670.018 Thread 0x000001f1462e6400 DEOPT UNPACKING pc=0x000001f1700e6da2 sp=0x0000000d9d8fe578 mode 2
Event: 670.018 Thread 0x000001f1462e6400 DEOPT PACKING pc=0x000001f169ddd5f6 sp=0x0000000d9d8fe5c0
Event: 670.018 Thread 0x000001f1462e6400 DEOPT UNPACKING pc=0x000001f1700e78e2 sp=0x0000000d9d8fda78 mode 0

Classes loaded (20 events):
Event: 497.023 Loading class java/util/stream/Nodes$CollectorTask done
Event: 497.023 Loading class java/util/stream/Nodes$CollectorTask$OfRef done
Event: 497.029 Loading class java/util/function/LongFunction
Event: 497.029 Loading class java/util/function/LongFunction done
Event: 497.029 Loading class java/util/stream/Nodes$ConcNode
Event: 497.029 Loading class java/util/stream/Nodes$AbstractConcNode
Event: 497.029 Loading class java/util/stream/Nodes$AbstractConcNode done
Event: 497.029 Loading class java/util/stream/Nodes$ConcNode done
Event: 497.050 Loading class java/util/stream/Nodes$ToArrayTask$OfRef
Event: 497.050 Loading class java/util/stream/Nodes$ToArrayTask
Event: 497.051 Loading class java/util/stream/Nodes$ToArrayTask done
Event: 497.051 Loading class java/util/stream/Nodes$ToArrayTask$OfRef done
Event: 497.055 Loading class java/io/ObjectOutputStream$BlockDataOutputStream
Event: 497.056 Loading class java/io/ObjectOutputStream$BlockDataOutputStream done
Event: 497.057 Loading class java/io/ObjectOutputStream$HandleTable
Event: 497.057 Loading class java/io/ObjectOutputStream$HandleTable done
Event: 497.057 Loading class java/io/ObjectOutputStream$ReplaceTable
Event: 497.057 Loading class java/io/ObjectOutputStream$ReplaceTable done
Event: 572.756 Loading class jdk/internal/module/IllegalAccessLogger
Event: 572.756 Loading class jdk/internal/module/IllegalAccessLogger done

Classes unloaded (13 events):
Event: 3.610 Thread 0x000001f17c4d4120 Unloading class 0x000001f1011aa800 'java/lang/invoke/LambdaForm$MH+0x000001f1011aa800'
Event: 3.610 Thread 0x000001f17c4d4120 Unloading class 0x000001f1011aa400 'java/lang/invoke/LambdaForm$MH+0x000001f1011aa400'
Event: 3.610 Thread 0x000001f17c4d4120 Unloading class 0x000001f1011aa000 'java/lang/invoke/LambdaForm$MH+0x000001f1011aa000'
Event: 3.610 Thread 0x000001f17c4d4120 Unloading class 0x000001f1011a9c00 'java/lang/invoke/LambdaForm$MH+0x000001f1011a9c00'
Event: 3.610 Thread 0x000001f17c4d4120 Unloading class 0x000001f1011a9800 'java/lang/invoke/LambdaForm$BMH+0x000001f1011a9800'
Event: 3.610 Thread 0x000001f17c4d4120 Unloading class 0x000001f1011a9400 'java/lang/invoke/LambdaForm$DMH+0x000001f1011a9400'
Event: 3.610 Thread 0x000001f17c4d4120 Unloading class 0x000001f1011a8000 'java/lang/invoke/LambdaForm$DMH+0x000001f1011a8000'
Event: 13.872 Thread 0x000001f17c4d4120 Unloading class 0x000001f101615000 'java/lang/invoke/LambdaForm$MH+0x000001f101615000'
Event: 13.872 Thread 0x000001f17c4d4120 Unloading class 0x000001f101614800 'java/lang/invoke/LambdaForm$MH+0x000001f101614800'
Event: 13.872 Thread 0x000001f17c4d4120 Unloading class 0x000001f101614400 'java/lang/invoke/LambdaForm$MH+0x000001f101614400'
Event: 198.483 Thread 0x000001f17c4d4120 Unloading class 0x000001f101730800 'java/lang/invoke/LambdaForm$DMH+0x000001f101730800'
Event: 198.483 Thread 0x000001f17c4d4120 Unloading class 0x000001f101730400 'java/lang/invoke/LambdaForm$DMH+0x000001f101730400'
Event: 198.483 Thread 0x000001f17c4d4120 Unloading class 0x000001f101730000 'java/lang/invoke/LambdaForm$DMH+0x000001f101730000'

Classes redefined (0 events):
No events

Internal exceptions (20 events):
Event: 209.671 Thread 0x000001f149d130a0 Exception <a 'java/lang/ArrayIndexOutOfBoundsException'{0x00000000d580b590}: Index 3362 out of bounds for length 3362> (0x00000000d580b590) 
thrown [s\src\hotspot\share\interpreter\interpreterRuntime.cpp, line 439]
Event: 213.559 Thread 0x000001f149d130a0 Implicit null exception at 0x000001f171963e1c to 0x000001f171964d94
Event: 213.758 Thread 0x000001f14565ed20 Exception <a 'sun/nio/fs/WindowsException'{0x00000000d576ce28}> (0x00000000d576ce28) 
thrown [s\src\hotspot\share\prims\jni.cpp, line 520]
Event: 214.046 Thread 0x000001f14565ed20 Exception <a 'sun/nio/fs/WindowsException'{0x00000000d55a7bb8}> (0x00000000d55a7bb8) 
thrown [s\src\hotspot\share\prims\jni.cpp, line 520]
Event: 215.086 Thread 0x000001f149d14ae0 Implicit null exception at 0x000001f171997080 to 0x000001f171997378
Event: 215.086 Thread 0x000001f15a6198c0 Implicit null exception at 0x000001f171997080 to 0x000001f171997378
Event: 295.635 Thread 0x000001f14565ed20 Exception <a 'sun/nio/fs/WindowsException'{0x00000000d57dfa20}> (0x00000000d57dfa20) 
thrown [s\src\hotspot\share\prims\jni.cpp, line 520]
Event: 295.968 Thread 0x000001f14565ed20 Exception <a 'sun/nio/fs/WindowsException'{0x00000000d5597f68}> (0x00000000d5597f68) 
thrown [s\src\hotspot\share\prims\jni.cpp, line 520]
Event: 497.046 Thread 0x000001f145661b10 Exception <a 'sun/nio/fs/WindowsException'{0x00000000d56f21b0}> (0x00000000d56f21b0) 
thrown [s\src\hotspot\share\prims\jni.cpp, line 520]
Event: 497.046 Thread 0x000001f145661b10 Exception <a 'sun/nio/fs/WindowsException'{0x00000000d56f2cc8}> (0x00000000d56f2cc8) 
thrown [s\src\hotspot\share\prims\jni.cpp, line 520]
Event: 497.047 Thread 0x000001f145661b10 Implicit null exception at 0x000001f17125ad86 to 0x000001f17125aff8
Event: 497.074 Thread 0x000001f145661b10 Exception <a 'java/lang/NoSuchMethodError'{0x00000000d57d1ab8}: static [J.<clinit>()V> (0x00000000d57d1ab8) 
thrown [s\src\hotspot\share\prims\jni.cpp, line 1111]
Event: 497.086 Thread 0x000001f145661b10 Exception <a 'java/lang/NoSuchMethodError'{0x00000000d581b9a8}: 'java.lang.Object java.lang.invoke.DirectMethodHandle$Holder.newInvokeSpecial(java.lang.Object, java.lang.Object, java.lang.Object, java.lang.Object, java.lang.Object, java.lang.Object, java.lang.Object, java.lang.Object)'> (0x00000000d581b9a8) 
thrown [s\src\hotspot\share\interpreter\linkResolver.cpp, line 773]
Event: 497.224 Thread 0x000001f145661b10 Exception <a 'sun/nio/fs/WindowsException'{0x00000000d5892ca8}> (0x00000000d5892ca8) 
thrown [s\src\hotspot\share\prims\jni.cpp, line 520]
Event: 497.225 Thread 0x000001f145661b10 Exception <a 'sun/nio/fs/WindowsException'{0x00000000d5893678}> (0x00000000d5893678) 
thrown [s\src\hotspot\share\prims\jni.cpp, line 520]
Event: 497.225 Thread 0x000001f145661b10 Exception <a 'sun/nio/fs/WindowsException'{0x00000000d5893ab0}> (0x00000000d5893ab0) 
thrown [s\src\hotspot\share\prims\jni.cpp, line 520]
Event: 497.226 Thread 0x000001f145661b10 Exception <a 'sun/nio/fs/WindowsException'{0x00000000d58b0898}> (0x00000000d58b0898) 
thrown [s\src\hotspot\share\prims\jni.cpp, line 520]
Event: 497.226 Thread 0x000001f145661b10 Exception <a 'sun/nio/fs/WindowsException'{0x00000000d58b0fc8}> (0x00000000d58b0fc8) 
thrown [s\src\hotspot\share\prims\jni.cpp, line 520]
Event: 572.655 Thread 0x000001f14565ed20 Exception <a 'sun/nio/fs/WindowsException'{0x00000000d5628a90}> (0x00000000d5628a90) 
thrown [s\src\hotspot\share\prims\jni.cpp, line 520]
Event: 572.858 Thread 0x000001f14565ed20 Exception <a 'sun/nio/fs/WindowsException'{0x00000000d55805b0}> (0x00000000d55805b0) 
thrown [s\src\hotspot\share\prims\jni.cpp, line 520]

ZGC Phase Switch (0 events):
No events

VM Operations (20 events):
Event: 669.841 Executing VM operation: ParallelGCFailedAllocation (Allocation Failure)
Event: 669.843 Executing VM operation: ParallelGCFailedAllocation (Allocation Failure) done
Event: 669.849 Executing VM operation: ParallelGCFailedAllocation (Allocation Failure)
Event: 669.852 Executing VM operation: ParallelGCFailedAllocation (Allocation Failure) done
Event: 669.880 Executing VM operation: ParallelGCFailedAllocation (Allocation Failure)
Event: 669.882 Executing VM operation: ParallelGCFailedAllocation (Allocation Failure) done
Event: 669.909 Executing VM operation: ParallelGCFailedAllocation (Allocation Failure)
Event: 669.910 Executing VM operation: ParallelGCFailedAllocation (Allocation Failure) done
Event: 669.927 Executing VM operation: ParallelGCFailedAllocation (Allocation Failure)
Event: 669.930 Executing VM operation: ParallelGCFailedAllocation (Allocation Failure) done
Event: 669.948 Executing VM operation: ParallelGCFailedAllocation (Allocation Failure)
Event: 669.950 Executing VM operation: ParallelGCFailedAllocation (Allocation Failure) done
Event: 669.969 Executing VM operation: ParallelGCFailedAllocation (Allocation Failure)
Event: 669.971 Executing VM operation: ParallelGCFailedAllocation (Allocation Failure) done
Event: 669.986 Executing VM operation: ParallelGCFailedAllocation (Allocation Failure)
Event: 669.988 Executing VM operation: ParallelGCFailedAllocation (Allocation Failure) done
Event: 670.013 Executing VM operation: ParallelGCFailedAllocation (Allocation Failure)
Event: 670.014 Executing VM operation: ParallelGCFailedAllocation (Allocation Failure) done
Event: 670.033 Executing VM operation: ParallelGCFailedAllocation (Allocation Failure)
Event: 670.035 Executing VM operation: ParallelGCFailedAllocation (Allocation Failure) done

Memory protections (0 events):
No events

Nmethod flushes (20 events):
Event: 198.517 Thread 0x000001f17c4d4120 flushing  nmethod 0x000001f169f99790
Event: 198.517 Thread 0x000001f17c4d4120 flushing  nmethod 0x000001f169fa7390
Event: 198.517 Thread 0x000001f17c4d4120 flushing  nmethod 0x000001f169fad010
Event: 198.517 Thread 0x000001f17c4d4120 flushing  nmethod 0x000001f169fcb010
Event: 198.517 Thread 0x000001f17c4d4120 flushing  nmethod 0x000001f169fcc410
Event: 198.517 Thread 0x000001f17c4d4120 flushing  nmethod 0x000001f169fce010
Event: 198.517 Thread 0x000001f17c4d4120 flushing  nmethod 0x000001f169fd0990
Event: 198.517 Thread 0x000001f17c4d4120 flushing  nmethod 0x000001f169fd3b90
Event: 198.517 Thread 0x000001f17c4d4120 flushing  nmethod 0x000001f169fd8910
Event: 198.517 Thread 0x000001f17c4d4120 flushing  nmethod 0x000001f16a044810
Event: 198.517 Thread 0x000001f17c4d4120 flushing  nmethod 0x000001f16a046290
Event: 198.517 Thread 0x000001f17c4d4120 flushing  nmethod 0x000001f16a04a310
Event: 198.517 Thread 0x000001f17c4d4120 flushing osr nmethod 0x000001f16a09fd10
Event: 198.517 Thread 0x000001f17c4d4120 flushing  nmethod 0x000001f16a0b5590
Event: 198.517 Thread 0x000001f17c4d4120 flushing  nmethod 0x000001f16a111a90
Event: 198.517 Thread 0x000001f17c4d4120 flushing  nmethod 0x000001f16a166790
Event: 198.517 Thread 0x000001f17c4d4120 flushing  nmethod 0x000001f16a179790
Event: 198.517 Thread 0x000001f17c4d4120 flushing  nmethod 0x000001f16a18e710
Event: 198.517 Thread 0x000001f17c4d4120 flushing  nmethod 0x000001f16a1cc490
Event: 198.517 Thread 0x000001f17c4d4120 flushing  nmethod 0x000001f16a1e2110

Events (20 events):
Event: 559.164 Thread 0x000001f148146f70 Thread exited: 0x000001f148146f70
Event: 572.731 Thread 0x000001f145661b10 Thread added: 0x000001f15a61cd40
Event: 572.756 Thread 0x000001f145661b10 Thread added: 0x000001f15a61b300
Event: 572.808 Thread 0x000001f17dae65e0 Thread added: 0x000001f155cd3410
Event: 572.816 Thread 0x000001f155cd3410 Thread added: 0x000001f155cd2670
Event: 572.860 Thread 0x000001f15a61d3d0 Thread added: 0x000001f15a61da60
Event: 573.437 Thread 0x000001f155cd2670 Thread exited: 0x000001f155cd2670
Event: 578.465 Thread 0x000001f155cd3410 Thread exited: 0x000001f155cd3410
Event: 616.750 Thread 0x000001f149d16bb0 Thread exited: 0x000001f149d16bb0
Event: 619.167 Thread 0x000001f148149040 Thread exited: 0x000001f148149040
Event: 629.774 Thread 0x000001f1462e91f0 Thread added: 0x000001f15a61c020
Event: 629.774 Thread 0x000001f149d14ae0 Thread added: 0x000001f15a620ee0
Event: 629.774 Thread 0x000001f149d17240 Thread added: 0x000001f15a61a5e0
Event: 629.775 Thread 0x000001f149d14450 Thread added: 0x000001f15a61b990
Event: 629.775 Thread 0x000001f1462e6400 Thread added: 0x000001f15a61c6b0
Event: 629.775 Thread 0x000001f149d14450 Thread added: 0x000001f15a61e0f0
Event: 629.826 Thread 0x000001f17dae65e0 Thread added: 0x000001f155cd0460
Event: 632.766 Thread 0x000001f15a61b300 Thread exited: 0x000001f15a61b300
Event: 634.858 Thread 0x000001f155cd0460 Thread exited: 0x000001f155cd0460
Event: 669.814 Thread 0x000001f17dab83c0 Thread added: 0x000001f155cd0b30


Dynamic libraries:
0x00007ff64be10000 - 0x00007ff64be1e000 	c:\Users\OMAR INFO\.windsurf\extensions\redhat.java-1.45.0-win32-x64\jre\21.0.8-win32-x86_64\bin\java.exe
0x00007ffd49890000 - 0x00007ffd49a88000 	C:\Windows\SYSTEM32\ntdll.dll
0x00007ffd496e0000 - 0x00007ffd497a2000 	C:\Windows\System32\KERNEL32.DLL
0x00007ffd47500000 - 0x00007ffd477f7000 	C:\Windows\System32\KERNELBASE.dll
0x00007ffd47190000 - 0x00007ffd47290000 	C:\Windows\System32\ucrtbase.dll
0x00007ffd17280000 - 0x00007ffd17298000 	c:\Users\OMAR INFO\.windsurf\extensions\redhat.java-1.45.0-win32-x64\jre\21.0.8-win32-x86_64\bin\jli.dll
0x00007ffd48820000 - 0x00007ffd489bd000 	C:\Windows\System32\USER32.dll
0x00007ffd47880000 - 0x00007ffd478a2000 	C:\Windows\System32\win32u.dll
0x00007ffd497b0000 - 0x00007ffd497db000 	C:\Windows\System32\GDI32.dll
0x00007ffd47070000 - 0x00007ffd47189000 	C:\Windows\System32\gdi32full.dll
0x00007ffd46f20000 - 0x00007ffd46fbd000 	C:\Windows\System32\msvcp_win.dll
0x00007ffd170c0000 - 0x00007ffd170de000 	c:\Users\OMAR INFO\.windsurf\extensions\redhat.java-1.45.0-win32-x64\jre\21.0.8-win32-x86_64\bin\VCRUNTIME140.dll
0x00007ffd2db60000 - 0x00007ffd2ddfa000 	C:\Windows\WinSxS\amd64_microsoft.windows.common-controls_6595b64144ccf1df_6.0.19041.5915_none_60b4b9d171f9c7c7\COMCTL32.dll
0x00007ffd47e80000 - 0x00007ffd47f1e000 	C:\Windows\System32\msvcrt.dll
0x00007ffd484a0000 - 0x00007ffd484cf000 	C:\Windows\System32\IMM32.DLL
0x00007ffd19320000 - 0x00007ffd1932c000 	c:\Users\OMAR INFO\.windsurf\extensions\redhat.java-1.45.0-win32-x64\jre\21.0.8-win32-x86_64\bin\vcruntime140_1.dll
0x00007ffcfd7f0000 - 0x00007ffcfd87d000 	c:\Users\OMAR INFO\.windsurf\extensions\redhat.java-1.45.0-win32-x64\jre\21.0.8-win32-x86_64\bin\msvcp140.dll
0x00007ffccb450000 - 0x00007ffccc1e7000 	c:\Users\OMAR INFO\.windsurf\extensions\redhat.java-1.45.0-win32-x64\jre\21.0.8-win32-x86_64\bin\server\jvm.dll
0x00007ffd48680000 - 0x00007ffd48731000 	C:\Windows\System32\ADVAPI32.dll
0x00007ffd48280000 - 0x00007ffd4831f000 	C:\Windows\System32\sechost.dll
0x00007ffd49330000 - 0x00007ffd49456000 	C:\Windows\System32\RPCRT4.dll
0x00007ffd47480000 - 0x00007ffd474a7000 	C:\Windows\System32\bcrypt.dll
0x00007ffd497e0000 - 0x00007ffd4984b000 	C:\Windows\System32\WS2_32.dll
0x00007ffd468a0000 - 0x00007ffd468eb000 	C:\Windows\SYSTEM32\POWRPROF.dll
0x00007ffd387d0000 - 0x00007ffd387f7000 	C:\Windows\SYSTEM32\WINMM.dll
0x00007ffd40580000 - 0x00007ffd4058a000 	C:\Windows\SYSTEM32\VERSION.dll
0x00007ffd46880000 - 0x00007ffd46892000 	C:\Windows\SYSTEM32\UMPDC.dll
0x00007ffd45730000 - 0x00007ffd45742000 	C:\Windows\SYSTEM32\kernel.appcore.dll
0x00007ffd17180000 - 0x00007ffd1718a000 	c:\Users\OMAR INFO\.windsurf\extensions\redhat.java-1.45.0-win32-x64\jre\21.0.8-win32-x86_64\bin\jimage.dll
0x00007ffd44c50000 - 0x00007ffd44e51000 	C:\Windows\SYSTEM32\DBGHELP.DLL
0x00007ffd2ad10000 - 0x00007ffd2ad44000 	C:\Windows\SYSTEM32\dbgcore.DLL
0x00007ffd47290000 - 0x00007ffd47312000 	C:\Windows\System32\bcryptPrimitives.dll
0x00007ffd3ad90000 - 0x00007ffd3ad9f000 	c:\Users\OMAR INFO\.windsurf\extensions\redhat.java-1.45.0-win32-x64\jre\21.0.8-win32-x86_64\bin\instrument.dll
0x00007ffd14c60000 - 0x00007ffd14c7f000 	c:\Users\OMAR INFO\.windsurf\extensions\redhat.java-1.45.0-win32-x64\jre\21.0.8-win32-x86_64\bin\java.dll
0x00007ffd48aa0000 - 0x00007ffd4920e000 	C:\Windows\System32\SHELL32.dll
0x00007ffd44f40000 - 0x00007ffd456e4000 	C:\Windows\SYSTEM32\windows.storage.dll
0x00007ffd47f20000 - 0x00007ffd48273000 	C:\Windows\System32\combase.dll
0x00007ffd46800000 - 0x00007ffd4682b000 	C:\Windows\SYSTEM32\Wldp.dll
0x00007ffd49460000 - 0x00007ffd4952d000 	C:\Windows\System32\OLEAUT32.dll
0x00007ffd47dd0000 - 0x00007ffd47e7d000 	C:\Windows\System32\SHCORE.dll
0x00007ffd48320000 - 0x00007ffd4837b000 	C:\Windows\System32\shlwapi.dll
0x00007ffd46e50000 - 0x00007ffd46e74000 	C:\Windows\SYSTEM32\profapi.dll
0x00007ffd13ca0000 - 0x00007ffd13cb8000 	c:\Users\OMAR INFO\.windsurf\extensions\redhat.java-1.45.0-win32-x64\jre\21.0.8-win32-x86_64\bin\zip.dll
0x00007ffd3ad80000 - 0x00007ffd3ad90000 	C:\Users\OMAR INFO\.windsurf\extensions\redhat.java-1.45.0-win32-x64\jre\21.0.8-win32-x86_64\bin\net.dll
0x00007ffd3f500000 - 0x00007ffd3f60a000 	C:\Windows\SYSTEM32\WINHTTP.dll
0x00007ffd465e0000 - 0x00007ffd4664a000 	C:\Windows\system32\mswsock.dll
0x00007ffd416d0000 - 0x00007ffd416e6000 	C:\Users\OMAR INFO\.windsurf\extensions\redhat.java-1.45.0-win32-x64\jre\21.0.8-win32-x86_64\bin\nio.dll
0x00007ffd192c0000 - 0x00007ffd192d0000 	c:\Users\OMAR INFO\.windsurf\extensions\redhat.java-1.45.0-win32-x64\jre\21.0.8-win32-x86_64\bin\verify.dll
0x00007ffcff9b0000 - 0x00007ffcff9f4000 	C:\Users\OMAR INFO\AppData\Roaming\Windsurf\User\globalStorage\redhat.java\1.45.0\config_win\org.eclipse.equinox.launcher\org.eclipse.equinox.launcher.win32.win32.x86_64_1.2.1400.v20250801-0854\eclipse_11916.dll
0x00007ffd49530000 - 0x00007ffd4965b000 	C:\Windows\System32\ole32.dll
0x00007ffd46840000 - 0x00007ffd46858000 	C:\Windows\SYSTEM32\CRYPTSP.dll
0x00007ffd45ec0000 - 0x00007ffd45ef8000 	C:\Windows\system32\rsaenh.dll
0x00007ffd46dd0000 - 0x00007ffd46dfe000 	C:\Windows\SYSTEM32\USERENV.dll
0x00007ffd46770000 - 0x00007ffd4677c000 	C:\Windows\SYSTEM32\CRYPTBASE.dll
0x00007ffd462e0000 - 0x00007ffd4631b000 	C:\Windows\SYSTEM32\IPHLPAPI.DLL
0x00007ffd47940000 - 0x00007ffd47948000 	C:\Windows\System32\NSI.dll
0x00007ffcff960000 - 0x00007ffcff9a9000 	C:\Users\OMAR INFO\AppData\Local\Temp\jna--64980065\jna1338017589234307563.dll
0x00007ffd47950000 - 0x00007ffd47958000 	C:\Windows\System32\PSAPI.DLL
0x00007ffd3ff00000 - 0x00007ffd3ff17000 	C:\Windows\SYSTEM32\dhcpcsvc6.DLL
0x00007ffd3fee0000 - 0x00007ffd3fefd000 	C:\Windows\SYSTEM32\dhcpcsvc.DLL
0x00007ffd46170000 - 0x00007ffd461a3000 	C:\Windows\SYSTEM32\ntmarta.dll

JVMTI agents:
c:\Users\OMAR INFO\.windsurf\extensions\redhat.java-1.45.0-win32-x64\lombok\lombok-1.18.39-4050.jar path:c:\Users\OMAR INFO\.windsurf\extensions\redhat.java-1.45.0-win32-x64\jre\21.0.8-win32-x86_64\bin\instrument.dll, loaded, initialized, instrumentlib options:none

dbghelp: loaded successfully - version: 4.0.5 - missing functions: none
symbol engine: initialized successfully - sym options: 0x614 - pdb path: .;c:\Users\OMAR INFO\.windsurf\extensions\redhat.java-1.45.0-win32-x64\jre\21.0.8-win32-x86_64\bin;C:\Windows\SYSTEM32;C:\Windows\WinSxS\amd64_microsoft.windows.common-controls_6595b64144ccf1df_6.0.19041.5915_none_60b4b9d171f9c7c7;c:\Users\OMAR INFO\.windsurf\extensions\redhat.java-1.45.0-win32-x64\jre\21.0.8-win32-x86_64\bin\server;C:\Users\OMAR INFO\AppData\Roaming\Windsurf\User\globalStorage\redhat.java\1.45.0\config_win\org.eclipse.equinox.launcher\org.eclipse.equinox.launcher.win32.win32.x86_64_1.2.1400.v20250801-0854;C:\Users\OMAR INFO\AppData\Local\Temp\jna--64980065

VM Arguments:
jvm_args: --add-modules=ALL-SYSTEM --add-opens=java.base/java.util=ALL-UNNAMED --add-opens=java.base/java.lang=ALL-UNNAMED --add-opens=java.base/sun.nio.fs=ALL-UNNAMED -Declipse.application=org.eclipse.jdt.ls.core.id1 -Dosgi.bundles.defaultStartLevel=4 -Declipse.product=org.eclipse.jdt.ls.core.product -Djava.import.generatesMetadataFilesAtProjectRoot=false -DDetectVMInstallationsJob.disabled=true -Dfile.encoding=utf8 -XX:+UseParallelGC -XX:GCTimeRatio=4 -XX:AdaptiveSizePolicyWeight=90 -Dsun.zip.disableMemoryMapping=true -Xmx2G -Xms100m -Xlog:disable -javaagent:c:\Users\OMAR INFO\.windsurf\extensions\redhat.java-1.45.0-win32-x64\lombok\lombok-1.18.39-4050.jar -XX:+HeapDumpOnOutOfMemoryError -XX:HeapDumpPath=c:\Users\OMAR INFO\AppData\Roaming\Windsurf\User\workspaceStorage\017271f0c0c7557d9833a01acf50ccd7\redhat.java -Daether.dependencyCollector.impl=bf 
java_command: c:\Users\OMAR INFO\.windsurf\extensions\redhat.java-1.45.0-win32-x64\server\plugins\org.eclipse.equinox.launcher_1.7.0.v20250519-0528.jar -configuration c:\Users\OMAR INFO\AppData\Roaming\Windsurf\User\globalStorage\redhat.java\1.45.0\config_win -data c:\Users\OMAR INFO\AppData\Roaming\Windsurf\User\workspaceStorage\017271f0c0c7557d9833a01acf50ccd7\redhat.java\jdt_ws --pipe=\\.\pipe\lsp-67d204f9b1fb54340637b5d3fd7609e7-sock
java_class_path (initial): c:\Users\OMAR INFO\.windsurf\extensions\redhat.java-1.45.0-win32-x64\server\plugins\org.eclipse.equinox.launcher_1.7.0.v20250519-0528.jar
Launcher Type: SUN_STANDARD

[Global flags]
    uintx AdaptiveSizePolicyWeight                 = 90                                        {product} {command line}
     intx CICompilerCount                          = 12                                        {product} {ergonomic}
    uintx GCTimeRatio                              = 4                                         {product} {command line}
     bool HeapDumpOnOutOfMemoryError               = true                                   {manageable} {command line}
    ccstr HeapDumpPath                             = c:\Users\OMAR INFO\AppData\Roaming\Windsurf\User\workspaceStorage\017271f0c0c7557d9833a01acf50ccd7\redhat.java         {manageable} {command line}
   size_t InitialHeapSize                          = 104857600                                 {product} {command line}
   size_t MaxHeapSize                              = 2147483648                                {product} {command line}
   size_t MaxNewSize                               = 715653120                                 {product} {ergonomic}
   size_t MinHeapDeltaBytes                        = 524288                                    {product} {ergonomic}
   size_t MinHeapSize                              = 104857600                                 {product} {command line}
   size_t NewSize                                  = 34603008                                  {product} {ergonomic}
    uintx NonNMethodCodeHeapSize                   = 7602480                                {pd product} {ergonomic}
    uintx NonProfiledCodeHeapSize                  = 122027880                              {pd product} {ergonomic}
   size_t OldSize                                  = 70254592                                  {product} {ergonomic}
    uintx ProfiledCodeHeapSize                     = 122027880                              {pd product} {ergonomic}
    uintx ReservedCodeCacheSize                    = 251658240                              {pd product} {ergonomic}
     bool SegmentedCodeCache                       = true                                      {product} {ergonomic}
   size_t SoftMaxHeapSize                          = 2147483648                             {manageable} {ergonomic}
     bool UseCompressedOops                        = true                           {product lp64_product} {ergonomic}
     bool UseLargePagesIndividualAllocation        = false                                  {pd product} {ergonomic}
     bool UseParallelGC                            = true                                      {product} {command line}

Logging:
Log output configuration:
 #0: stdout all=off uptime,level,tags foldmultilines=false
 #1: stderr all=off uptime,level,tags foldmultilines=false

Environment Variables:
PATH=C:\oraclexe\app\oracle\product\10.2.0\server\bin;C:\ProgramData\Oracle\Java\javapath;C:\Program Files\Common Files\Oracle\Java\javapath;C:\Windows\system32;C:\Windows;C:\Windows\System32\Wbem;C:\Windows\System32\WindowsPowerShell\v1.0\;C:\Windows\System32\OpenSSH\;C:\Program Files\Microsoft SQL Server\150\Tools\Binn\;C:\Program Files\Microsoft SQL Server\Client SDK\ODBC\170\Tools\Binn\;C:\Program Files\dotnet\;C:\Program Files\NVIDIA Corporation\NVIDIA NvDLISR;C:\ProgramData\chocolatey\bin;C:\Program Files (x86)\Microsoft SQL Server\110\Tools\Binn\;C:\Program Files (x86)\Microsoft SQL Server\110\DTS\Binn\;C:\Program Files (x86)\Microsoft SQL Server\110\Tools\Binn\ManagementStudio\;C:\Program Files (x86)\Microsoft Visual Studio 10.0\Common7\IDE\PrivateAssemblies\;C:\Program Files (x86)\NVIDIA Corporation\PhysX\Common;C:\Program Files\nodejs\;C:\Program Files\Git LFS;C:\Program Files\Docker\Docker\resources\bin;C:\Program Files\Git\cmd;C:\Windows\system32\platform-tools;C:\Program Files\MongoDB\Server\8.0\bin;C:\Users\OMAR INFO\AppData\Local\Programs\Python\Python310;C:\Users\OMAR INFO\AppData\Local\Programs\Python\Python310\Scripts;F:\PuTTY\;C:\Users\OMAR INFO\AppData\Local\Programs\Python\Python310\Scripts\;C:\Users\OMAR INFO\AppData\Local\Programs\Python\Python310\;C:\Users\OMAR INFO\AppData\Local\Microsoft\WindowsApps;C:\Users\OMAR INFO\.dotnet\tools;C:\Program Files\JetBrains\IntelliJ IDEA 2023.2.1\bin;;C:\Users\OMAR INFO\AppData\Local\Programs\Microsoft VS Code\bin;C:\Users\OMAR INFO\AppData\Roaming\npm;C:\Users\OMAR INFO\AppData\Local\GitHubDesktop\bin;C:\xampp\php;C:\Users\OMAR INFO\composer;C:\Users\OMAR INFO\AppData\Roaming\Composer\vendor\bin;C:\Program Files (x86)\Microsoft SDKs\Windows\v10.0A\bin\NETFX 4.8 Tools;C:\Users\OMAR INFO\AppData\Local\Programs\Windsurf\bin;
USERNAME=OMAR INFO
OS=Windows_NT
PROCESSOR_IDENTIFIER=Intel64 Family 6 Model 141 Stepping 1, GenuineIntel
TMP=C:\Users\OMARIN~1\AppData\Local\Temp
TEMP=C:\Users\OMARIN~1\AppData\Local\Temp




Periodic native trim disabled

---------------  S Y S T E M  ---------------

OS:
 Windows 10 , 64 bit Build 19041 (10.0.19041.5915)
OS uptime: 3 days 17:21 hours
Hyper-V role detected

CPU: total 16 (initial active 16) (8 cores per cpu, 2 threads per core) family 6 model 141 stepping 1 microcode 0x26, cx8, cmov, fxsr, ht, mmx, 3dnowpref, sse, sse2, sse3, ssse3, sse4.1, sse4.2, popcnt, lzcnt, tsc, tscinvbit, avx, avx2, aes, erms, clmul, bmi1, bmi2, adx, avx512f, avx512dq, avx512cd, avx512bw, avx512vl, sha, fma, vzeroupper, avx512_vpopcntdq, avx512_vpclmulqdq, avx512_vaes, avx512_vnni, clflush, clflushopt, clwb, avx512_vbmi2, avx512_vbmi, hv, rdtscp, rdpid, fsrm, gfni, avx512_bitalg, f16c, cet_ibt, cet_ss, avx512_ifma
Processor Information for the first 16 processors :
  Max Mhz: 2304, Current Mhz: 2304, Mhz Limit: 2304

Memory: 4k page, system-wide physical 16085M (586M free)
TotalPageFile size 23385M (AvailPageFile size 5M)
current process WorkingSet (physical memory assigned to process): 749M, peak: 749M
current process commit charge ("private bytes"): 822M, peak: 1772M

vm_info: OpenJDK 64-Bit Server VM (21.0.8+9-LTS) for windows-amd64 JRE (21.0.8+9-LTS), built on 2025-07-15T00:00:00Z by "admin" with MS VC++ 17.7 (VS2022)

END.
