#
# There is insufficient memory for the Java Runtime Environment to continue.
# Native memory allocation (malloc) failed to allocate 3168816 bytes. Error detail: Chunk::new
# Possible reasons:
#   The system is out of physical RAM or swap space
#   This process is running with CompressedOops enabled, and the Java Heap may be blocking the growth of the native heap
# Possible solutions:
#   Reduce memory load on the system
#   Increase physical memory or swap space
#   Check if swap backing store is full
#   Decrease Java heap size (-Xmx/-Xms)
#   Decrease number of Java threads
#   Decrease Java thread stack sizes (-Xss)
#   Set larger code cache with -XX:ReservedCodeCacheSize=
#   JVM is running with Unscaled Compressed Oops mode in which the Java heap is
#     placed in the first 4GB address space. The Java Heap base address is the
#     maximum limit for the native heap growth. Please use -XX:HeapBaseMinAddress
#     to set the Java Heap base and to place the Java Heap above 4GB virtual address.
# This output file may be truncated or incomplete.
#
#  Out of Memory Error (arena.cpp:168), pid=10360, tid=20672
#
# JRE version: OpenJDK Runtime Environment Temurin-21.0.8+9 (21.0.8+9) (build 21.0.8+9-LTS)
# Java VM: OpenJDK 64-Bit Server VM Temurin-21.0.8+9 (21.0.8+9-LTS, mixed mode, sharing, tiered, compressed oops, compressed class ptrs, parallel gc, windows-amd64)
# No core dump will be written. Minidumps are not enabled by default on client versions of Windows
#

---------------  S U M M A R Y ------------

Command Line: --add-modules=ALL-SYSTEM --add-opens=java.base/java.util=ALL-UNNAMED --add-opens=java.base/java.lang=ALL-UNNAMED --add-opens=java.base/sun.nio.fs=ALL-UNNAMED -Declipse.application=org.eclipse.jdt.ls.core.id1 -Dosgi.bundles.defaultStartLevel=4 -Declipse.product=org.eclipse.jdt.ls.core.product -Djava.import.generatesMetadataFilesAtProjectRoot=false -DDetectVMInstallationsJob.disabled=true -Dfile.encoding=utf8 -XX:+UseParallelGC -XX:GCTimeRatio=4 -XX:AdaptiveSizePolicyWeight=90 -Dsun.zip.disableMemoryMapping=true -Xmx2G -Xms100m -Xlog:disable -javaagent:c:\Users\OMAR INFO\.windsurf\extensions\redhat.java-1.45.0-win32-x64\lombok\lombok-1.18.39-4050.jar -XX:+HeapDumpOnOutOfMemoryError -XX:HeapDumpPath=c:\Users\OMAR INFO\AppData\Roaming\Windsurf\User\workspaceStorage\017271f0c0c7557d9833a01acf50ccd7\redhat.java -Daether.dependencyCollector.impl=bf c:\Users\OMAR INFO\.windsurf\extensions\redhat.java-1.45.0-win32-x64\server\plugins\org.eclipse.equinox.launcher_1.7.0.v20250519-0528.jar -configuration c:\Users\OMAR INFO\AppData\Roaming\Windsurf\User\globalStorage\redhat.java\1.45.0\config_win -data c:\Users\OMAR INFO\AppData\Roaming\Windsurf\User\workspaceStorage\017271f0c0c7557d9833a01acf50ccd7\redhat.java\jdt_ws --pipe=\\.\pipe\lsp-98a16b0859cb81a8da19a703900537ac-sock

Host: 11th Gen Intel(R) Core(TM) i7-11800H @ 2.30GHz, 16 cores, 15G,  Windows 10 , 64 bit Build 19041 (10.0.19041.5915)
Time: Tue Sep 23 14:10:58 2025 Paris, Madrid elapsed time: 13.419438 seconds (0d 0h 0m 13s)

---------------  T H R E A D  ---------------

Current thread (0x000001f50fa69060):  JavaThread "C2 CompilerThread1" daemon [_thread_in_native, id=20672, stack(0x0000000c54700000,0x0000000c54800000) (1024K)]


Current CompileTask:
C2:13419 13106       4       org.eclipse.jdt.internal.compiler.lookup.LookupEnvironment::getTypeFromTypeSignature (770 bytes)

Stack: [0x0000000c54700000,0x0000000c54800000]
Native frames: (J=compiled Java code, j=interpreted, Vv=VM code, C=native code)
V  [jvm.dll+0x6d2449]
V  [jvm.dll+0x8ae341]
V  [jvm.dll+0x8b08be]
V  [jvm.dll+0x8b0fa3]
V  [jvm.dll+0x280c96]
V  [jvm.dll+0xc581d]
V  [jvm.dll+0xc5d53]
V  [jvm.dll+0x3b9162]
V  [jvm.dll+0x1e1409]
V  [jvm.dll+0x249022]
V  [jvm.dll+0x2484af]
V  [jvm.dll+0x1c89ee]
V  [jvm.dll+0x257d4d]
V  [jvm.dll+0x2562ea]
V  [jvm.dll+0x3f2d16]
V  [jvm.dll+0x857e6b]
V  [jvm.dll+0x6d0b0d]
C  [ucrtbase.dll+0x21bb2]
C  [KERNEL32.DLL+0x17374]
C  [ntdll.dll+0x4cc91]


---------------  P R O C E S S  ---------------

Threads class SMR info:
_java_thread_list=0x000001f51b41f330, length=67, elements={
0x000001f4b6886ea0, 0x000001f4b6833180, 0x000001f4b68342e0, 0x000001f4b68373c0,
0x000001f4b683a460, 0x000001f4b683c020, 0x000001f50f8eaa20, 0x000001f50f8f5ae0,
0x000001f50f8f8da0, 0x000001f50f8e9d00, 0x000001f50f9f8190, 0x000001f50f9fb060,
0x000001f50f9fb700, 0x000001f50fa69060, 0x000001f50f8ea390, 0x000001f50fc63fb0,
0x000001f5157b1a40, 0x000001f50f8eb0b0, 0x000001f50f8e9670, 0x000001f50f8eb740,
0x000001f50f8ebdd0, 0x000001f50f8ec460, 0x000001f50f8e8fe0, 0x000001f516318e30,
0x000001f51631a1e0, 0x000001f51631a870, 0x000001f5163194c0, 0x000001f51631af00,
0x000001f5163159b0, 0x000001f5163166d0, 0x000001f5163173f0, 0x000001f516317a80,
0x000001f51631b590, 0x000001f51631bc20, 0x000001f516316d60, 0x000001f516314c90,
0x000001f516319b50, 0x000001f5163187a0, 0x000001f516315320, 0x000001f51631c2b0,
0x000001f519fb5020, 0x000001f519fb63d0, 0x000001f519fb91c0, 0x000001f519fb7780,
0x000001f519fb3c70, 0x000001f519fb56b0, 0x000001f519fb5d40, 0x000001f519fb6a60,
0x000001f519fb4990, 0x000001f519fb2230, 0x000001f519fb28c0, 0x000001f519fb70f0,
0x000001f519fb9850, 0x000001f519fb2f50, 0x000001f519fb35e0, 0x000001f519fb7e10,
0x000001f519fb84a0, 0x000001f519fb8b30, 0x000001f519fb4300, 0x000001f519dfade0,
0x000001f519dfceb0, 0x000001f519df5f20, 0x000001f519dfa0c0, 0x000001f519dfa750,
0x000001f519df7960, 0x000001f519dfb470, 0x000001f519df72d0
}

Java Threads: ( => current thread )
  0x000001f4b6886ea0 JavaThread "main"                              [_thread_blocked, id=19492, stack(0x0000000c53700000,0x0000000c53800000) (1024K)]
  0x000001f4b6833180 JavaThread "Reference Handler"          daemon [_thread_blocked, id=6700, stack(0x0000000c53b00000,0x0000000c53c00000) (1024K)]
  0x000001f4b68342e0 JavaThread "Finalizer"                  daemon [_thread_blocked, id=6744, stack(0x0000000c53c00000,0x0000000c53d00000) (1024K)]
  0x000001f4b68373c0 JavaThread "Signal Dispatcher"          daemon [_thread_blocked, id=19200, stack(0x0000000c53d00000,0x0000000c53e00000) (1024K)]
  0x000001f4b683a460 JavaThread "Attach Listener"            daemon [_thread_blocked, id=1976, stack(0x0000000c53e00000,0x0000000c53f00000) (1024K)]
  0x000001f4b683c020 JavaThread "Service Thread"             daemon [_thread_blocked, id=23040, stack(0x0000000c53f00000,0x0000000c54000000) (1024K)]
  0x000001f50f8eaa20 JavaThread "Monitor Deflation Thread"   daemon [_thread_blocked, id=11248, stack(0x0000000c54000000,0x0000000c54100000) (1024K)]
  0x000001f50f8f5ae0 JavaThread "C2 CompilerThread0"         daemon [_thread_in_native, id=9296, stack(0x0000000c54100000,0x0000000c54200000) (1024K)]
  0x000001f50f8f8da0 JavaThread "C1 CompilerThread0"         daemon [_thread_blocked, id=17936, stack(0x0000000c54200000,0x0000000c54300000) (1024K)]
  0x000001f50f8e9d00 JavaThread "Common-Cleaner"             daemon [_thread_blocked, id=16188, stack(0x0000000c54300000,0x0000000c54400000) (1024K)]
  0x000001f50f9f8190 JavaThread "C1 CompilerThread1"         daemon [_thread_blocked, id=23436, stack(0x0000000c54400000,0x0000000c54500000) (1024K)]
  0x000001f50f9fb060 JavaThread "C1 CompilerThread2"         daemon [_thread_blocked, id=22936, stack(0x0000000c54500000,0x0000000c54600000) (1024K)]
  0x000001f50f9fb700 JavaThread "C1 CompilerThread3"         daemon [_thread_blocked, id=2916, stack(0x0000000c54600000,0x0000000c54700000) (1024K)]
=>0x000001f50fa69060 JavaThread "C2 CompilerThread1"         daemon [_thread_in_native, id=20672, stack(0x0000000c54700000,0x0000000c54800000) (1024K)]
  0x000001f50f8ea390 JavaThread "Notification Thread"        daemon [_thread_blocked, id=21644, stack(0x0000000c54800000,0x0000000c54900000) (1024K)]
  0x000001f50fc63fb0 JavaThread "C2 CompilerThread2"         daemon [_thread_in_vm, id=11628, stack(0x0000000c54900000,0x0000000c54a00000) (1024K)]
  0x000001f5157b1a40 JavaThread "C2 CompilerThread3"         daemon [_thread_in_native, id=22652, stack(0x0000000c55000000,0x0000000c55100000) (1024K)]
  0x000001f50f8eb0b0 JavaThread "Active Thread: Equinox Container: 8efb37fd-26e3-4515-9d0c-d0b788fb1a24"        [_thread_blocked, id=18348, stack(0x0000000c55100000,0x0000000c55200000) (1024K)]
  0x000001f50f8e9670 JavaThread "Refresh Thread: Equinox Container: 8efb37fd-26e3-4515-9d0c-d0b788fb1a24" daemon [_thread_blocked, id=19604, stack(0x0000000c55300000,0x0000000c55400000) (1024K)]
  0x000001f50f8eb740 JavaThread "Framework Event Dispatcher: Equinox Container: 8efb37fd-26e3-4515-9d0c-d0b788fb1a24" daemon [_thread_blocked, id=24508, stack(0x0000000c55400000,0x0000000c55500000) (1024K)]
  0x000001f50f8ebdd0 JavaThread "Start Level: Equinox Container: 8efb37fd-26e3-4515-9d0c-d0b788fb1a24" daemon [_thread_blocked, id=15540, stack(0x0000000c55500000,0x0000000c55600000) (1024K)]
  0x000001f50f8ec460 JavaThread "Bundle File Closer"         daemon [_thread_blocked, id=5508, stack(0x0000000c55900000,0x0000000c55a00000) (1024K)]
  0x000001f50f8e8fe0 JavaThread "SCR Component Actor"        daemon [_thread_blocked, id=13300, stack(0x0000000c55a00000,0x0000000c55b00000) (1024K)]
  0x000001f516318e30 JavaThread "Worker-JM"                         [_thread_blocked, id=2896, stack(0x0000000c55d00000,0x0000000c55e00000) (1024K)]
  0x000001f51631a1e0 JavaThread "JNA Cleaner"                daemon [_thread_blocked, id=12284, stack(0x0000000c55f00000,0x0000000c56000000) (1024K)]
  0x000001f51631a870 JavaThread "Worker-0"                          [_thread_blocked, id=23232, stack(0x0000000c56000000,0x0000000c56100000) (1024K)]
  0x000001f5163194c0 JavaThread "Worker-1"                          [_thread_blocked, id=22860, stack(0x0000000c56100000,0x0000000c56200000) (1024K)]
  0x000001f51631af00 JavaThread "Java indexing"              daemon [_thread_blocked, id=15404, stack(0x0000000c56200000,0x0000000c56300000) (1024K)]
  0x000001f5163159b0 JavaThread "Worker-2"                          [_thread_blocked, id=20000, stack(0x0000000c56500000,0x0000000c56600000) (1024K)]
  0x000001f5163166d0 JavaThread "Worker-3"                          [_thread_blocked, id=8048, stack(0x0000000c56600000,0x0000000c56700000) (1024K)]
  0x000001f5163173f0 JavaThread "Thread-2"                   daemon [_thread_in_native, id=22708, stack(0x0000000c56700000,0x0000000c56800000) (1024K)]
  0x000001f516317a80 JavaThread "Thread-3"                   daemon [_thread_in_native, id=19384, stack(0x0000000c56800000,0x0000000c56900000) (1024K)]
  0x000001f51631b590 JavaThread "Thread-4"                   daemon [_thread_in_native, id=24352, stack(0x0000000c56900000,0x0000000c56a00000) (1024K)]
  0x000001f51631bc20 JavaThread "Thread-5"                   daemon [_thread_in_native, id=10544, stack(0x0000000c56a00000,0x0000000c56b00000) (1024K)]
  0x000001f516316d60 JavaThread "Thread-6"                   daemon [_thread_in_native, id=18220, stack(0x0000000c56b00000,0x0000000c56c00000) (1024K)]
  0x000001f516314c90 JavaThread "Thread-7"                   daemon [_thread_in_native, id=10684, stack(0x0000000c56c00000,0x0000000c56d00000) (1024K)]
  0x000001f516319b50 JavaThread "Thread-8"                   daemon [_thread_in_native, id=20228, stack(0x0000000c56d00000,0x0000000c56e00000) (1024K)]
  0x000001f5163187a0 JavaThread "Thread-9"                   daemon [_thread_in_native, id=16204, stack(0x0000000c56e00000,0x0000000c56f00000) (1024K)]
  0x000001f516315320 JavaThread "Thread-10"                  daemon [_thread_in_native, id=12872, stack(0x0000000c56f00000,0x0000000c57000000) (1024K)]
  0x000001f51631c2b0 JavaThread "Thread-11"                  daemon [_thread_in_native, id=23960, stack(0x0000000c57000000,0x0000000c57100000) (1024K)]
  0x000001f519fb5020 JavaThread "Thread-12"                  daemon [_thread_in_native, id=7328, stack(0x0000000c57100000,0x0000000c57200000) (1024K)]
  0x000001f519fb63d0 JavaThread "Thread-13"                  daemon [_thread_in_native, id=9424, stack(0x0000000c57200000,0x0000000c57300000) (1024K)]
  0x000001f519fb91c0 JavaThread "Thread-14"                  daemon [_thread_in_native, id=9284, stack(0x0000000c57300000,0x0000000c57400000) (1024K)]
  0x000001f519fb7780 JavaThread "Thread-15"                  daemon [_thread_in_native, id=5292, stack(0x0000000c57400000,0x0000000c57500000) (1024K)]
  0x000001f519fb3c70 JavaThread "Thread-16"                  daemon [_thread_in_native, id=19624, stack(0x0000000c57500000,0x0000000c57600000) (1024K)]
  0x000001f519fb56b0 JavaThread "Thread-17"                  daemon [_thread_in_native, id=16136, stack(0x0000000c57600000,0x0000000c57700000) (1024K)]
  0x000001f519fb5d40 JavaThread "Thread-18"                  daemon [_thread_in_native, id=20548, stack(0x0000000c57700000,0x0000000c57800000) (1024K)]
  0x000001f519fb6a60 JavaThread "pool-2-thread-1"                   [_thread_blocked, id=7308, stack(0x0000000c57800000,0x0000000c57900000) (1024K)]
  0x000001f519fb4990 JavaThread "WorkspaceEventsHandler"            [_thread_blocked, id=20312, stack(0x0000000c57900000,0x0000000c57a00000) (1024K)]
  0x000001f519fb2230 JavaThread "pool-1-thread-1"                   [_thread_blocked, id=18840, stack(0x0000000c57a00000,0x0000000c57b00000) (1024K)]
  0x000001f519fb28c0 JavaThread "ForkJoinPool.commonPool-worker-1" daemon [_thread_blocked, id=14736, stack(0x0000000c57b00000,0x0000000c57c00000) (1024K)]
  0x000001f519fb70f0 JavaThread "ForkJoinPool.commonPool-worker-2" daemon [_thread_blocked, id=23248, stack(0x0000000c57c00000,0x0000000c57d00000) (1024K)]
  0x000001f519fb9850 JavaThread "ForkJoinPool.commonPool-worker-3" daemon [_thread_blocked, id=22728, stack(0x0000000c57d00000,0x0000000c57e00000) (1024K)]
  0x000001f519fb2f50 JavaThread "ForkJoinPool.commonPool-worker-4" daemon [_thread_blocked, id=2444, stack(0x0000000c57e00000,0x0000000c57f00000) (1024K)]
  0x000001f519fb35e0 JavaThread "ForkJoinPool.commonPool-worker-5" daemon [_thread_blocked, id=18860, stack(0x0000000c57f00000,0x0000000c58000000) (1024K)]
  0x000001f519fb7e10 JavaThread "ForkJoinPool.commonPool-worker-6" daemon [_thread_blocked, id=12588, stack(0x0000000c58000000,0x0000000c58100000) (1024K)]
  0x000001f519fb84a0 JavaThread "ForkJoinPool.commonPool-worker-7" daemon [_thread_blocked, id=15024, stack(0x0000000c58100000,0x0000000c58200000) (1024K)]
  0x000001f519fb8b30 JavaThread "ForkJoinPool.commonPool-worker-8" daemon [_thread_blocked, id=19440, stack(0x0000000c58200000,0x0000000c58300000) (1024K)]
  0x000001f519fb4300 JavaThread "ForkJoinPool.commonPool-worker-9" daemon [_thread_blocked, id=11640, stack(0x0000000c58300000,0x0000000c58400000) (1024K)]
  0x000001f519dfade0 JavaThread "ForkJoinPool.commonPool-worker-10" daemon [_thread_blocked, id=8880, stack(0x0000000c58400000,0x0000000c58500000) (1024K)]
  0x000001f519dfceb0 JavaThread "ForkJoinPool.commonPool-worker-11" daemon [_thread_blocked, id=18180, stack(0x0000000c58500000,0x0000000c58600000) (1024K)]
  0x000001f519df5f20 JavaThread "ForkJoinPool.commonPool-worker-12" daemon [_thread_blocked, id=16044, stack(0x0000000c58600000,0x0000000c58700000) (1024K)]
  0x000001f519dfa0c0 JavaThread "ForkJoinPool.commonPool-worker-13" daemon [_thread_blocked, id=24344, stack(0x0000000c58700000,0x0000000c58800000) (1024K)]
  0x000001f519dfa750 JavaThread "ForkJoinPool.commonPool-worker-14" daemon [_thread_blocked, id=22496, stack(0x0000000c58800000,0x0000000c58900000) (1024K)]
  0x000001f519df7960 JavaThread "ForkJoinPool.commonPool-worker-15" daemon [_thread_blocked, id=5128, stack(0x0000000c58900000,0x0000000c58a00000) (1024K)]
  0x000001f519dfb470 JavaThread "Worker-4: Publish Diagnostics"        [_thread_in_Java, id=2020, stack(0x0000000c58a00000,0x0000000c58b00000) (1024K)]
  0x000001f519df72d0 JavaThread "SCR Component Registry"     daemon [_thread_blocked, id=19208, stack(0x0000000c55b00000,0x0000000c55c00000) (1024K)]
Total: 67

Other Threads:
  0x000001f4b68249b0 VMThread "VM Thread"                           [id=16232, stack(0x0000000c53a00000,0x0000000c53b00000) (1024K)]
  0x000001f4b68f3a40 WatcherThread "VM Periodic Task Thread"        [id=13460, stack(0x0000000c53900000,0x0000000c53a00000) (1024K)]
  0x000001f4b68a46e0 WorkerThread "GC Thread#0"                     [id=18032, stack(0x0000000c53800000,0x0000000c53900000) (1024K)]
  0x000001f5156dc4e0 WorkerThread "GC Thread#1"                     [id=1908, stack(0x0000000c54a00000,0x0000000c54b00000) (1024K)]
  0x000001f515790cc0 WorkerThread "GC Thread#2"                     [id=13080, stack(0x0000000c54b00000,0x0000000c54c00000) (1024K)]
  0x000001f515791060 WorkerThread "GC Thread#3"                     [id=24408, stack(0x0000000c54c00000,0x0000000c54d00000) (1024K)]
  0x000001f5151ac9c0 WorkerThread "GC Thread#4"                     [id=2480, stack(0x0000000c54d00000,0x0000000c54e00000) (1024K)]
  0x000001f5151ad170 WorkerThread "GC Thread#5"                     [id=14368, stack(0x0000000c54e00000,0x0000000c54f00000) (1024K)]
  0x000001f5151ad510 WorkerThread "GC Thread#6"                     [id=5860, stack(0x0000000c54f00000,0x0000000c55000000) (1024K)]
  0x000001f515a81240 WorkerThread "GC Thread#7"                     [id=22912, stack(0x0000000c55200000,0x0000000c55300000) (1024K)]
  0x000001f515e4f3f0 WorkerThread "GC Thread#8"                     [id=13672, stack(0x0000000c55600000,0x0000000c55700000) (1024K)]
  0x000001f515e4f790 WorkerThread "GC Thread#9"                     [id=5172, stack(0x0000000c55700000,0x0000000c55800000) (1024K)]
  0x000001f516064fa0 WorkerThread "GC Thread#10"                    [id=20024, stack(0x0000000c55800000,0x0000000c55900000) (1024K)]
  0x000001f5160656e0 WorkerThread "GC Thread#11"                    [id=21388, stack(0x0000000c55c00000,0x0000000c55d00000) (1024K)]
  0x000001f516065a80 WorkerThread "GC Thread#12"                    [id=23604, stack(0x0000000c55e00000,0x0000000c55f00000) (1024K)]
Total: 15

Threads with active compile tasks:
C2 CompilerThread0  13453 15167       4       org.eclipse.jdt.internal.compiler.parser.Parser::consumeToken (2264 bytes)
C2 CompilerThread1  13453 13106       4       org.eclipse.jdt.internal.compiler.lookup.LookupEnvironment::getTypeFromTypeSignature (770 bytes)
C2 CompilerThread2  13453 15177       4       lombok.eclipse.EclipseNode::traverse (800 bytes)
C2 CompilerThread3  13453 14574       4       org.eclipse.jdt.internal.compiler.lookup.AnnotatableTypeSystem::getParameterizedType (123 bytes)
Total: 4

VM state: not at safepoint (normal execution)

VM Mutex/Monitor currently owned by a thread:  ([mutex/lock_event])
[0x00007ffe86fd3fd8] MethodCompileQueue_lock - owner thread: 0x000001f50f9fb700

Heap address: 0x0000000080000000, size: 2048 MB, Compressed Oops mode: 32-bit

CDS archive(s) mapped at: [0x000001f4ce000000-0x000001f4ceba0000-0x000001f4ceba0000), size 12189696, SharedBaseAddress: 0x000001f4ce000000, ArchiveRelocationMode: 1.
Compressed class space mapped at: 0x000001f4cf000000-0x000001f50f000000, reserved size: 1073741824
Narrow klass base: 0x000001f4ce000000, Narrow klass shift: 0, Narrow klass range: 0x100000000

GC Precious Log:
 CardTable entry size: 512
 CPUs: 16 total, 16 available
 Memory: 16085M
 Large Page Support: Disabled
 NUMA Support: Disabled
 Compressed Oops: Enabled (32-bit)
 Alignments: Space 512K, Generation 512K, Heap 2M
 Heap Min Capacity: 100M
 Heap Initial Capacity: 100M
 Heap Max Capacity: 2G
 Pre-touch: Disabled
 Parallel Workers: 13

Heap:
 PSYoungGen      total 14336K, used 1423K [0x00000000d5580000, 0x00000000d6480000, 0x0000000100000000)
  eden space 13312K, 4% used [0x00000000d5580000,0x00000000d56055c8,0x00000000d6280000)
  from space 1024K, 86% used [0x00000000d6300000,0x00000000d63de900,0x00000000d6400000)
  to   space 512K, 0% used [0x00000000d6400000,0x00000000d6400000,0x00000000d6480000)
 ParOldGen       total 105472K, used 105469K [0x0000000080000000, 0x0000000086700000, 0x00000000d5580000)
  object space 105472K, 99% used [0x0000000080000000,0x00000000866ff4d8,0x0000000086700000)
 Metaspace       used 66198K, committed 67648K, reserved 1114112K
  class space    used 6687K, committed 7360K, reserved 1048576K

Card table byte_map: [0x000001f4b6230000,0x000001f4b6640000] _byte_map_base: 0x000001f4b5e30000

Marking Bits: (ParMarkBitMap*) 0x00007ffe86fda340
 Begin Bits: [0x000001f4c8d30000, 0x000001f4cad30000)
 End Bits:   [0x000001f4cad30000, 0x000001f4ccd30000)

Polling page: 0x000001f4b46f0000

Metaspace:

Usage:
  Non-class:     58.12 MB used.
      Class:      6.53 MB used.
       Both:     64.65 MB used.

Virtual space:
  Non-class space:       64.00 MB reserved,      58.88 MB ( 92%) committed,  1 nodes.
      Class space:        1.00 GB reserved,       7.19 MB ( <1%) committed,  1 nodes.
             Both:        1.06 GB reserved,      66.06 MB (  6%) committed. 

Chunk freelists:
   Non-Class:  4.75 MB
       Class:  8.84 MB
        Both:  13.60 MB

MaxMetaspaceSize: unlimited
CompressedClassSpaceSize: 1.00 GB
Initial GC threshold: 21.00 MB
Current GC threshold: 97.31 MB
CDS: on
 - commit_granule_bytes: 65536.
 - commit_granule_words: 8192.
 - virtual_space_node_default_size: 8388608.
 - enlarge_chunks_in_place: 1.
 - use_allocation_guard: 0.


Internal statistics:

num_allocs_failed_limit: 9.
num_arena_births: 1298.
num_arena_deaths: 14.
num_vsnodes_births: 2.
num_vsnodes_deaths: 0.
num_space_committed: 1057.
num_space_uncommitted: 0.
num_chunks_returned_to_freelist: 23.
num_chunks_taken_from_freelist: 4410.
num_chunk_merges: 11.
num_chunk_splits: 2726.
num_chunks_enlarged: 1611.
num_inconsistent_stats: 0.

CodeHeap 'non-profiled nmethods': size=119168Kb used=10719Kb max_used=10719Kb free=108448Kb
 bounds [0x000001f4c1620000, 0x000001f4c20a0000, 0x000001f4c8a80000]
CodeHeap 'profiled nmethods': size=119104Kb used=34524Kb max_used=34524Kb free=84579Kb
 bounds [0x000001f4b9a80000, 0x000001f4bbc40000, 0x000001f4c0ed0000]
CodeHeap 'non-nmethods': size=7488Kb used=3124Kb max_used=3242Kb free=4363Kb
 bounds [0x000001f4c0ed0000, 0x000001f4c1230000, 0x000001f4c1620000]
CodeCache: size=245760Kb, used=48367Kb, max_used=48485Kb, free=197390Kb
 total_blobs=14972, nmethods=14238, adapters=636, full_count=0
Compilation: enabled, stopped_count=0, restarted_count=0

Compilation events (20 events):
Event: 13.392 Thread 0x000001f50f9f8190 15157   !   2       org.eclipse.jdt.internal.core.CompilationUnit::getContents (212 bytes)
Event: 13.392 Thread 0x000001f50f9fb060 nmethod 15156 0x000001f4c208f110 code [0x000001f4c208f2a0, 0x000001f4c208f368]
Event: 13.392 Thread 0x000001f50f8f8da0 nmethod 15155 0x000001f4bbc1f790 code [0x000001f4bbc1f940, 0x000001f4bbc1fb18]
Event: 13.393 Thread 0x000001f50f8f8da0 15158       2       org.eclipse.jdt.internal.compiler.util.SimpleSetOfCharArray::asArray (69 bytes)
Event: 13.393 Thread 0x000001f50f8f8da0 nmethod 15158 0x000001f4bbc1fc10 code [0x000001f4bbc1fde0, 0x000001f4bbc20108]
Event: 13.394 Thread 0x000001f50f9f8190 nmethod 15157 0x000001f4bbc20290 code [0x000001f4bbc205e0, 0x000001f4bbc21540]
Event: 13.397 Thread 0x000001f50f9f8190 15159       2       org.eclipse.jdt.internal.compiler.lookup.BinaryTypeBinding::scanTypeForContainerAnnotation (144 bytes)
Event: 13.398 Thread 0x000001f50f9f8190 nmethod 15159 0x000001f4bbc21e90 code [0x000001f4bbc220a0, 0x000001f4bbc22718]
Event: 13.400 Thread 0x000001f50f8f8da0 15161       2       org.eclipse.jdt.internal.compiler.ClassFile::generateLocalVariableTableAttribute (1577 bytes)
Event: 13.403 Thread 0x000001f50f9f8190 15162       2       sun.util.locale.LocaleUtils::isAlphaNumericString (33 bytes)
Event: 13.404 Thread 0x000001f50f8f8da0 nmethod 15161 0x000001f4bbc22b10 code [0x000001f4bbc22f60, 0x000001f4bbc24c90]
Event: 13.404 Thread 0x000001f50f9f8190 nmethod 15162 0x000001f4bbc26590 code [0x000001f4bbc26740, 0x000001f4bbc26a70]
Event: 13.411 Thread 0x000001f50f8f8da0 15163       3       org.eclipse.jdt.internal.compiler.lookup.MethodScope::checkAndSetModifiersForMethod (713 bytes)
Event: 13.414 Thread 0x000001f50f9fb700 15164       2       org.eclipse.jdt.internal.compiler.lookup.SourceTypeBinding::sortedMemberTypes (37 bytes)
Event: 13.414 Thread 0x000001f50f9f8190 15165       3       org.eclipse.jdt.internal.compiler.lookup.Scope::findField (11 bytes)
Event: 13.414 Thread 0x000001f50f9fb060 15166       3       org.eclipse.jdt.internal.compiler.ast.Expression::isConstantValueOfTypeAssignableToType (64 bytes)
Event: 13.415 Thread 0x000001f50f9f8190 nmethod 15165 0x000001f4bbc26d10 code [0x000001f4bbc26ec0, 0x000001f4bbc27088]
Event: 13.415 Thread 0x000001f50f9fb700 nmethod 15164 0x000001f4bbc27190 code [0x000001f4bbc27340, 0x000001f4bbc274b0]
Event: 13.415 Thread 0x000001f50f9fb060 nmethod 15166 0x000001f4bbc27590 code [0x000001f4bbc277a0, 0x000001f4bbc27cc8]
Event: 13.416 Thread 0x000001f50f8f8da0 nmethod 15163 0x000001f4bbc27e90 code [0x000001f4bbc283e0, 0x000001f4bbc2c0a8]

GC Heap History (20 events):
Event: 12.629 GC heap before
{Heap before GC invocations=102 (full 3):
 PSYoungGen      total 16896K, used 16429K [0x00000000d5580000, 0x00000000d6780000, 0x0000000100000000)
  eden space 15360K, 100% used [0x00000000d5580000,0x00000000d6480000,0x00000000d6480000)
  from space 1536K, 69% used [0x00000000d6600000,0x00000000d670b6f8,0x00000000d6780000)
  to   space 1536K, 0% used [0x00000000d6480000,0x00000000d6480000,0x00000000d6600000)
 ParOldGen       total 99840K, used 99425K [0x0000000080000000, 0x0000000086180000, 0x00000000d5580000)
  object space 99840K, 99% used [0x0000000080000000,0x00000000861184f0,0x0000000086180000)
 Metaspace       used 65443K, committed 66944K, reserved 1114112K
  class space    used 6675K, committed 7360K, reserved 1048576K
}
Event: 12.630 GC heap after
{Heap after GC invocations=102 (full 3):
 PSYoungGen      total 15872K, used 404K [0x00000000d5580000, 0x00000000d6680000, 0x0000000100000000)
  eden space 15360K, 0% used [0x00000000d5580000,0x00000000d5580000,0x00000000d6480000)
  from space 512K, 79% used [0x00000000d6480000,0x00000000d64e5200,0x00000000d6500000)
  to   space 1024K, 0% used [0x00000000d6580000,0x00000000d6580000,0x00000000d6680000)
 ParOldGen       total 99840K, used 99625K [0x0000000080000000, 0x0000000086180000, 0x00000000d5580000)
  object space 99840K, 99% used [0x0000000080000000,0x000000008614a4f0,0x0000000086180000)
 Metaspace       used 65443K, committed 66944K, reserved 1114112K
  class space    used 6675K, committed 7360K, reserved 1048576K
}
Event: 12.710 GC heap before
{Heap before GC invocations=103 (full 3):
 PSYoungGen      total 15872K, used 15764K [0x00000000d5580000, 0x00000000d6680000, 0x0000000100000000)
  eden space 15360K, 100% used [0x00000000d5580000,0x00000000d6480000,0x00000000d6480000)
  from space 512K, 79% used [0x00000000d6480000,0x00000000d64e5200,0x00000000d6500000)
  to   space 1024K, 0% used [0x00000000d6580000,0x00000000d6580000,0x00000000d6680000)
 ParOldGen       total 99840K, used 99625K [0x0000000080000000, 0x0000000086180000, 0x00000000d5580000)
  object space 99840K, 99% used [0x0000000080000000,0x000000008614a4f0,0x0000000086180000)
 Metaspace       used 65550K, committed 67072K, reserved 1114112K
  class space    used 6675K, committed 7360K, reserved 1048576K
}
Event: 12.710 GC heap after
{Heap after GC invocations=103 (full 3):
 PSYoungGen      total 16384K, used 845K [0x00000000d5580000, 0x00000000d6680000, 0x0000000100000000)
  eden space 15360K, 0% used [0x00000000d5580000,0x00000000d5580000,0x00000000d6480000)
  from space 1024K, 82% used [0x00000000d6580000,0x00000000d6653660,0x00000000d6680000)
  to   space 1024K, 0% used [0x00000000d6480000,0x00000000d6480000,0x00000000d6580000)
 ParOldGen       total 99840K, used 99758K [0x0000000080000000, 0x0000000086180000, 0x00000000d5580000)
  object space 99840K, 99% used [0x0000000080000000,0x000000008616bbc0,0x0000000086180000)
 Metaspace       used 65550K, committed 67072K, reserved 1114112K
  class space    used 6675K, committed 7360K, reserved 1048576K
}
Event: 12.798 GC heap before
{Heap before GC invocations=104 (full 3):
 PSYoungGen      total 16384K, used 16205K [0x00000000d5580000, 0x00000000d6680000, 0x0000000100000000)
  eden space 15360K, 100% used [0x00000000d5580000,0x00000000d6480000,0x00000000d6480000)
  from space 1024K, 82% used [0x00000000d6580000,0x00000000d6653660,0x00000000d6680000)
  to   space 1024K, 0% used [0x00000000d6480000,0x00000000d6480000,0x00000000d6580000)
 ParOldGen       total 99840K, used 99758K [0x0000000080000000, 0x0000000086180000, 0x00000000d5580000)
  object space 99840K, 99% used [0x0000000080000000,0x000000008616bbc0,0x0000000086180000)
 Metaspace       used 65740K, committed 67264K, reserved 1114112K
  class space    used 6677K, committed 7360K, reserved 1048576K
}
Event: 12.799 GC heap after
{Heap after GC invocations=104 (full 3):
 PSYoungGen      total 16384K, used 1005K [0x00000000d5580000, 0x00000000d6780000, 0x0000000100000000)
  eden space 15360K, 0% used [0x00000000d5580000,0x00000000d5580000,0x00000000d6480000)
  from space 1024K, 98% used [0x00000000d6480000,0x00000000d657b4b8,0x00000000d6580000)
  to   space 1536K, 0% used [0x00000000d6600000,0x00000000d6600000,0x00000000d6780000)
 ParOldGen       total 100352K, used 99936K [0x0000000080000000, 0x0000000086200000, 0x00000000d5580000)
  object space 100352K, 99% used [0x0000000080000000,0x0000000086198178,0x0000000086200000)
 Metaspace       used 65740K, committed 67264K, reserved 1114112K
  class space    used 6677K, committed 7360K, reserved 1048576K
}
Event: 12.887 GC heap before
{Heap before GC invocations=105 (full 3):
 PSYoungGen      total 16384K, used 16365K [0x00000000d5580000, 0x00000000d6780000, 0x0000000100000000)
  eden space 15360K, 100% used [0x00000000d5580000,0x00000000d6480000,0x00000000d6480000)
  from space 1024K, 98% used [0x00000000d6480000,0x00000000d657b4b8,0x00000000d6580000)
  to   space 1536K, 0% used [0x00000000d6600000,0x00000000d6600000,0x00000000d6780000)
 ParOldGen       total 100352K, used 99936K [0x0000000080000000, 0x0000000086200000, 0x00000000d5580000)
  object space 100352K, 99% used [0x0000000080000000,0x0000000086198178,0x0000000086200000)
 Metaspace       used 65889K, committed 67392K, reserved 1114112K
  class space    used 6678K, committed 7360K, reserved 1048576K
}
Event: 12.889 GC heap after
{Heap after GC invocations=105 (full 3):
 PSYoungGen      total 16384K, used 1534K [0x00000000d5580000, 0x00000000d6880000, 0x0000000100000000)
  eden space 14848K, 0% used [0x00000000d5580000,0x00000000d5580000,0x00000000d6400000)
  from space 1536K, 99% used [0x00000000d6600000,0x00000000d677fa58,0x00000000d6780000)
  to   space 2048K, 0% used [0x00000000d6400000,0x00000000d6400000,0x00000000d6600000)
 ParOldGen       total 101376K, used 100875K [0x0000000080000000, 0x0000000086300000, 0x00000000d5580000)
  object space 101376K, 99% used [0x0000000080000000,0x0000000086282c68,0x0000000086300000)
 Metaspace       used 65889K, committed 67392K, reserved 1114112K
  class space    used 6678K, committed 7360K, reserved 1048576K
}
Event: 13.025 GC heap before
{Heap before GC invocations=106 (full 3):
 PSYoungGen      total 16384K, used 16361K [0x00000000d5580000, 0x00000000d6880000, 0x0000000100000000)
  eden space 14848K, 99% used [0x00000000d5580000,0x00000000d63faaa0,0x00000000d6400000)
  from space 1536K, 99% used [0x00000000d6600000,0x00000000d677fa58,0x00000000d6780000)
  to   space 2048K, 0% used [0x00000000d6400000,0x00000000d6400000,0x00000000d6600000)
 ParOldGen       total 101376K, used 100875K [0x0000000080000000, 0x0000000086300000, 0x00000000d5580000)
  object space 101376K, 99% used [0x0000000080000000,0x0000000086282c68,0x0000000086300000)
 Metaspace       used 66051K, committed 67584K, reserved 1114112K
  class space    used 6686K, committed 7360K, reserved 1048576K
}
Event: 13.027 GC heap after
{Heap after GC invocations=106 (full 3):
 PSYoungGen      total 15360K, used 346K [0x00000000d5580000, 0x00000000d6680000, 0x0000000100000000)
  eden space 14848K, 0% used [0x00000000d5580000,0x00000000d5580000,0x00000000d6400000)
  from space 512K, 67% used [0x00000000d6400000,0x00000000d6456900,0x00000000d6480000)
  to   space 1024K, 0% used [0x00000000d6580000,0x00000000d6580000,0x00000000d6680000)
 ParOldGen       total 102400K, used 101902K [0x0000000080000000, 0x0000000086400000, 0x00000000d5580000)
  object space 102400K, 99% used [0x0000000080000000,0x0000000086383bf0,0x0000000086400000)
 Metaspace       used 66051K, committed 67584K, reserved 1114112K
  class space    used 6686K, committed 7360K, reserved 1048576K
}
Event: 13.121 GC heap before
{Heap before GC invocations=107 (full 3):
 PSYoungGen      total 15360K, used 15194K [0x00000000d5580000, 0x00000000d6680000, 0x0000000100000000)
  eden space 14848K, 100% used [0x00000000d5580000,0x00000000d6400000,0x00000000d6400000)
  from space 512K, 67% used [0x00000000d6400000,0x00000000d6456900,0x00000000d6480000)
  to   space 1024K, 0% used [0x00000000d6580000,0x00000000d6580000,0x00000000d6680000)
 ParOldGen       total 102400K, used 101902K [0x0000000080000000, 0x0000000086400000, 0x00000000d5580000)
  object space 102400K, 99% used [0x0000000080000000,0x0000000086383bf0,0x0000000086400000)
 Metaspace       used 66098K, committed 67584K, reserved 1114112K
  class space    used 6686K, committed 7360K, reserved 1048576K
}
Event: 13.123 GC heap after
{Heap after GC invocations=107 (full 3):
 PSYoungGen      total 14336K, used 1006K [0x00000000d5580000, 0x00000000d6a00000, 0x0000000100000000)
  eden space 13312K, 0% used [0x00000000d5580000,0x00000000d5580000,0x00000000d6280000)
  from space 1024K, 98% used [0x00000000d6580000,0x00000000d667ba68,0x00000000d6680000)
  to   space 3072K, 0% used [0x00000000d6280000,0x00000000d6280000,0x00000000d6580000)
 ParOldGen       total 103424K, used 103313K [0x0000000080000000, 0x0000000086500000, 0x00000000d5580000)
  object space 103424K, 99% used [0x0000000080000000,0x00000000864e4510,0x0000000086500000)
 Metaspace       used 66098K, committed 67584K, reserved 1114112K
  class space    used 6686K, committed 7360K, reserved 1048576K
}
Event: 13.177 GC heap before
{Heap before GC invocations=108 (full 3):
 PSYoungGen      total 14336K, used 14318K [0x00000000d5580000, 0x00000000d6a00000, 0x0000000100000000)
  eden space 13312K, 100% used [0x00000000d5580000,0x00000000d6280000,0x00000000d6280000)
  from space 1024K, 98% used [0x00000000d6580000,0x00000000d667ba68,0x00000000d6680000)
  to   space 3072K, 0% used [0x00000000d6280000,0x00000000d6280000,0x00000000d6580000)
 ParOldGen       total 103424K, used 103313K [0x0000000080000000, 0x0000000086500000, 0x00000000d5580000)
  object space 103424K, 99% used [0x0000000080000000,0x00000000864e4510,0x0000000086500000)
 Metaspace       used 66109K, committed 67584K, reserved 1114112K
  class space    used 6686K, committed 7360K, reserved 1048576K
}
Event: 13.180 GC heap after
{Heap after GC invocations=108 (full 3):
 PSYoungGen      total 13824K, used 512K [0x00000000d5580000, 0x00000000d6600000, 0x0000000100000000)
  eden space 13312K, 0% used [0x00000000d5580000,0x00000000d5580000,0x00000000d6280000)
  from space 512K, 100% used [0x00000000d6280000,0x00000000d6300000,0x00000000d6300000)
  to   space 1536K, 0% used [0x00000000d6480000,0x00000000d6480000,0x00000000d6600000)
 ParOldGen       total 104448K, used 104287K [0x0000000080000000, 0x0000000086600000, 0x00000000d5580000)
  object space 104448K, 99% used [0x0000000080000000,0x00000000865d7f78,0x0000000086600000)
 Metaspace       used 66109K, committed 67584K, reserved 1114112K
  class space    used 6686K, committed 7360K, reserved 1048576K
}
Event: 13.229 GC heap before
{Heap before GC invocations=109 (full 3):
 PSYoungGen      total 13824K, used 13824K [0x00000000d5580000, 0x00000000d6600000, 0x0000000100000000)
  eden space 13312K, 100% used [0x00000000d5580000,0x00000000d6280000,0x00000000d6280000)
  from space 512K, 100% used [0x00000000d6280000,0x00000000d6300000,0x00000000d6300000)
  to   space 1536K, 0% used [0x00000000d6480000,0x00000000d6480000,0x00000000d6600000)
 ParOldGen       total 104448K, used 104287K [0x0000000080000000, 0x0000000086600000, 0x00000000d5580000)
  object space 104448K, 99% used [0x0000000080000000,0x00000000865d7f78,0x0000000086600000)
 Metaspace       used 66138K, committed 67648K, reserved 1114112K
  class space    used 6686K, committed 7360K, reserved 1048576K
}
Event: 13.229 GC heap after
{Heap after GC invocations=109 (full 3):
 PSYoungGen      total 13824K, used 394K [0x00000000d5580000, 0x00000000d6500000, 0x0000000100000000)
  eden space 13312K, 0% used [0x00000000d5580000,0x00000000d5580000,0x00000000d6280000)
  from space 512K, 77% used [0x00000000d6480000,0x00000000d64e2910,0x00000000d6500000)
  to   space 1024K, 0% used [0x00000000d6300000,0x00000000d6300000,0x00000000d6400000)
 ParOldGen       total 104960K, used 104495K [0x0000000080000000, 0x0000000086680000, 0x00000000d5580000)
  object space 104960K, 99% used [0x0000000080000000,0x000000008660be08,0x0000000086680000)
 Metaspace       used 66138K, committed 67648K, reserved 1114112K
  class space    used 6686K, committed 7360K, reserved 1048576K
}
Event: 13.298 GC heap before
{Heap before GC invocations=110 (full 3):
 PSYoungGen      total 13824K, used 13706K [0x00000000d5580000, 0x00000000d6500000, 0x0000000100000000)
  eden space 13312K, 100% used [0x00000000d5580000,0x00000000d6280000,0x00000000d6280000)
  from space 512K, 77% used [0x00000000d6480000,0x00000000d64e2910,0x00000000d6500000)
  to   space 1024K, 0% used [0x00000000d6300000,0x00000000d6300000,0x00000000d6400000)
 ParOldGen       total 104960K, used 104495K [0x0000000080000000, 0x0000000086680000, 0x00000000d5580000)
  object space 104960K, 99% used [0x0000000080000000,0x000000008660be08,0x0000000086680000)
 Metaspace       used 66156K, committed 67648K, reserved 1114112K
  class space    used 6686K, committed 7360K, reserved 1048576K
}
Event: 13.299 GC heap after
{Heap after GC invocations=110 (full 3):
 PSYoungGen      total 14336K, used 948K [0x00000000d5580000, 0x00000000d6580000, 0x0000000100000000)
  eden space 13312K, 0% used [0x00000000d5580000,0x00000000d5580000,0x00000000d6280000)
  from space 1024K, 92% used [0x00000000d6300000,0x00000000d63ed200,0x00000000d6400000)
  to   space 1536K, 0% used [0x00000000d6400000,0x00000000d6400000,0x00000000d6580000)
 ParOldGen       total 104960K, used 104503K [0x0000000080000000, 0x0000000086680000, 0x00000000d5580000)
  object space 104960K, 99% used [0x0000000080000000,0x000000008660de08,0x0000000086680000)
 Metaspace       used 66156K, committed 67648K, reserved 1114112K
  class space    used 6686K, committed 7360K, reserved 1048576K
}
Event: 13.376 GC heap before
{Heap before GC invocations=111 (full 3):
 PSYoungGen      total 14336K, used 14260K [0x00000000d5580000, 0x00000000d6580000, 0x0000000100000000)
  eden space 13312K, 100% used [0x00000000d5580000,0x00000000d6280000,0x00000000d6280000)
  from space 1024K, 92% used [0x00000000d6300000,0x00000000d63ed200,0x00000000d6400000)
  to   space 1536K, 0% used [0x00000000d6400000,0x00000000d6400000,0x00000000d6580000)
 ParOldGen       total 104960K, used 104503K [0x0000000080000000, 0x0000000086680000, 0x00000000d5580000)
  object space 104960K, 99% used [0x0000000080000000,0x000000008660de08,0x0000000086680000)
 Metaspace       used 66184K, committed 67648K, reserved 1114112K
  class space    used 6687K, committed 7360K, reserved 1048576K
}
Event: 13.377 GC heap after
{Heap after GC invocations=111 (full 3):
 PSYoungGen      total 14336K, used 564K [0x00000000d5580000, 0x00000000d6500000, 0x0000000100000000)
  eden space 13312K, 0% used [0x00000000d5580000,0x00000000d5580000,0x00000000d6280000)
  from space 1024K, 55% used [0x00000000d6400000,0x00000000d648d200,0x00000000d6500000)
  to   space 1024K, 0% used [0x00000000d6300000,0x00000000d6300000,0x00000000d6400000)
 ParOldGen       total 105472K, used 105285K [0x0000000080000000, 0x0000000086700000, 0x00000000d5580000)
  object space 105472K, 99% used [0x0000000080000000,0x00000000866d14d8,0x0000000086700000)
 Metaspace       used 66184K, committed 67648K, reserved 1114112K
  class space    used 6687K, committed 7360K, reserved 1048576K
}

Dll operation events (10 events):
Event: 0.011 Loaded shared library c:\Users\OMAR INFO\.windsurf\extensions\redhat.java-1.45.0-win32-x64\jre\21.0.8-win32-x86_64\bin\java.dll
Event: 0.116 Loaded shared library c:\Users\OMAR INFO\.windsurf\extensions\redhat.java-1.45.0-win32-x64\jre\21.0.8-win32-x86_64\bin\zip.dll
Event: 0.149 Loaded shared library C:\Users\OMAR INFO\.windsurf\extensions\redhat.java-1.45.0-win32-x64\jre\21.0.8-win32-x86_64\bin\instrument.dll
Event: 0.157 Loaded shared library C:\Users\OMAR INFO\.windsurf\extensions\redhat.java-1.45.0-win32-x64\jre\21.0.8-win32-x86_64\bin\net.dll
Event: 0.161 Loaded shared library C:\Users\OMAR INFO\.windsurf\extensions\redhat.java-1.45.0-win32-x64\jre\21.0.8-win32-x86_64\bin\nio.dll
Event: 0.166 Loaded shared library C:\Users\OMAR INFO\.windsurf\extensions\redhat.java-1.45.0-win32-x64\jre\21.0.8-win32-x86_64\bin\zip.dll
Event: 0.195 Loaded shared library C:\Users\OMAR INFO\.windsurf\extensions\redhat.java-1.45.0-win32-x64\jre\21.0.8-win32-x86_64\bin\jimage.dll
Event: 0.284 Loaded shared library c:\Users\OMAR INFO\.windsurf\extensions\redhat.java-1.45.0-win32-x64\jre\21.0.8-win32-x86_64\bin\verify.dll
Event: 1.396 Loaded shared library C:\Users\OMAR INFO\AppData\Roaming\Windsurf\User\globalStorage\redhat.java\1.45.0\config_win\org.eclipse.equinox.launcher\org.eclipse.equinox.launcher.win32.win32.x86_64_1.2.1400.v20250801-0854\eclipse_11916.dll
Event: 2.597 Loaded shared library C:\Users\OMAR INFO\AppData\Local\Temp\jna--64980065\jna15450019178934920271.dll

Deoptimization events (20 events):
Event: 13.247 Thread 0x000001f519dfb470 DEOPT PACKING pc=0x000001f4c2075ab0 sp=0x0000000c58afeb20
Event: 13.247 Thread 0x000001f519dfb470 DEOPT UNPACKING pc=0x000001f4c0f26da2 sp=0x0000000c58afe9c8 mode 2
Event: 13.247 Thread 0x000001f519dfb470 Uncommon trap: trap_request=0xffffffd6 fr.pc=0x000001f4c2075ab0 relative=0x0000000000001390
Event: 13.247 Thread 0x000001f519dfb470 Uncommon trap: reason=array_check action=maybe_recompile pc=0x000001f4c2075ab0 method=java.util.TimSort.reverseRange([Ljava/lang/Object;II)V @ 20 c2
Event: 13.247 Thread 0x000001f519dfb470 DEOPT PACKING pc=0x000001f4c2075ab0 sp=0x0000000c58afe5d0
Event: 13.247 Thread 0x000001f519dfb470 DEOPT UNPACKING pc=0x000001f4c0f26da2 sp=0x0000000c58afe478 mode 2
Event: 13.265 Thread 0x000001f519dfb470 Uncommon trap: trap_request=0xffffffd6 fr.pc=0x000001f4c2075ab0 relative=0x0000000000001390
Event: 13.265 Thread 0x000001f519dfb470 Uncommon trap: reason=array_check action=maybe_recompile pc=0x000001f4c2075ab0 method=java.util.TimSort.reverseRange([Ljava/lang/Object;II)V @ 20 c2
Event: 13.265 Thread 0x000001f519dfb470 DEOPT PACKING pc=0x000001f4c2075ab0 sp=0x0000000c58afd570
Event: 13.265 Thread 0x000001f519dfb470 DEOPT UNPACKING pc=0x000001f4c0f26da2 sp=0x0000000c58afd418 mode 2
Event: 13.265 Thread 0x000001f519dfb470 Uncommon trap: trap_request=0xffffffd6 fr.pc=0x000001f4c2075ab0 relative=0x0000000000001390
Event: 13.265 Thread 0x000001f519dfb470 Uncommon trap: reason=array_check action=maybe_recompile pc=0x000001f4c2075ab0 method=java.util.TimSort.reverseRange([Ljava/lang/Object;II)V @ 20 c2
Event: 13.265 Thread 0x000001f519dfb470 DEOPT PACKING pc=0x000001f4c2075ab0 sp=0x0000000c58afe560
Event: 13.265 Thread 0x000001f519dfb470 DEOPT UNPACKING pc=0x000001f4c0f26da2 sp=0x0000000c58afe408 mode 2
Event: 13.271 Thread 0x000001f519dfb470 DEOPT PACKING pc=0x000001f4bb762a39 sp=0x0000000c58afe290
Event: 13.271 Thread 0x000001f519dfb470 DEOPT UNPACKING pc=0x000001f4c0f278e2 sp=0x0000000c58afd728 mode 0
Event: 13.417 Thread 0x000001f519dfb470 Uncommon trap: trap_request=0xffffff45 fr.pc=0x000001f4c1fe2744 relative=0x0000000000000104
Event: 13.417 Thread 0x000001f519dfb470 Uncommon trap: reason=unstable_if action=reinterpret pc=0x000001f4c1fe2744 method=org.eclipse.jdt.internal.compiler.codegen.VerificationTypeInfo.<init>(Lorg/eclipse/jdt/internal/compiler/lookup/TypeBinding;)V @ 26 c2
Event: 13.417 Thread 0x000001f519dfb470 DEOPT PACKING pc=0x000001f4c1fe2744 sp=0x0000000c58afe560
Event: 13.417 Thread 0x000001f519dfb470 DEOPT UNPACKING pc=0x000001f4c0f26da2 sp=0x0000000c58afe3c0 mode 2

Classes loaded (20 events):
Event: 8.074 Loading class java/util/stream/Nodes$IntArrayNode done
Event: 8.074 Loading class java/util/stream/Nodes$IntFixedNodeBuilder done
Event: 8.074 Loading class java/util/stream/ReferencePipeline$4$1
Event: 8.074 Loading class java/util/stream/ReferencePipeline$4$1 done
Event: 8.779 Loading class java/util/concurrent/CompletableFuture$UniApply
Event: 8.779 Loading class java/util/concurrent/CompletableFuture$UniCompletion
Event: 8.779 Loading class java/util/concurrent/CompletableFuture$UniCompletion done
Event: 8.779 Loading class java/util/concurrent/CompletableFuture$UniApply done
Event: 8.780 Loading class java/util/concurrent/CompletableFuture$UniAccept
Event: 8.780 Loading class java/util/concurrent/CompletableFuture$UniAccept done
Event: 8.780 Loading class java/util/concurrent/CompletableFuture$UniExceptionally
Event: 8.780 Loading class java/util/concurrent/CompletableFuture$UniExceptionally done
Event: 8.785 Loading class java/util/Hashtable$KeySet
Event: 8.786 Loading class java/util/Hashtable$KeySet done
Event: 10.202 Loading class java/util/Collections$2
Event: 10.202 Loading class java/util/Collections$2 done
Event: 11.059 Loading class java/util/stream/ReduceOps$4
Event: 11.059 Loading class java/util/stream/ReduceOps$4 done
Event: 11.059 Loading class java/util/stream/ReduceOps$4ReducingSink
Event: 11.059 Loading class java/util/stream/ReduceOps$4ReducingSink done

Classes unloaded (7 events):
Event: 3.007 Thread 0x000001f4b68249b0 Unloading class 0x000001f4cf1a4800 'java/lang/invoke/LambdaForm$MH+0x000001f4cf1a4800'
Event: 3.007 Thread 0x000001f4b68249b0 Unloading class 0x000001f4cf1a4400 'java/lang/invoke/LambdaForm$MH+0x000001f4cf1a4400'
Event: 3.007 Thread 0x000001f4b68249b0 Unloading class 0x000001f4cf1a4000 'java/lang/invoke/LambdaForm$MH+0x000001f4cf1a4000'
Event: 3.007 Thread 0x000001f4b68249b0 Unloading class 0x000001f4cf1a3c00 'java/lang/invoke/LambdaForm$MH+0x000001f4cf1a3c00'
Event: 3.007 Thread 0x000001f4b68249b0 Unloading class 0x000001f4cf1a3800 'java/lang/invoke/LambdaForm$BMH+0x000001f4cf1a3800'
Event: 3.007 Thread 0x000001f4b68249b0 Unloading class 0x000001f4cf1a3400 'java/lang/invoke/LambdaForm$DMH+0x000001f4cf1a3400'
Event: 3.007 Thread 0x000001f4b68249b0 Unloading class 0x000001f4cf1a2000 'java/lang/invoke/LambdaForm$DMH+0x000001f4cf1a2000'

Classes redefined (0 events):
No events

Internal exceptions (20 events):
Event: 11.062 Thread 0x000001f519dfb470 Exception <a 'java/lang/NoSuchMethodError'{0x00000000d5bcdb20}: 'int java.lang.invoke.DirectMethodHandle$Holder.invokeSpecialIFC(java.lang.Object, java.lang.Object, java.lang.Object)'> (0x00000000d5bcdb20) 
thrown [s\src\hotspot\share\interpreter\linkResolver.cpp, line 773]
Event: 11.069 Thread 0x000001f519dfb470 Implicit null exception at 0x000001f4c1c794cf to 0x000001f4c1c796a4
Event: 11.083 Thread 0x000001f519fb9850 Implicit null exception at 0x000001f4c1713684 to 0x000001f4c17143bc
Event: 11.294 Thread 0x000001f51631a870 Exception <a 'sun/nio/fs/WindowsException'{0x00000000d5b332a0}> (0x00000000d5b332a0) 
thrown [s\src\hotspot\share\prims\jni.cpp, line 520]
Event: 11.294 Thread 0x000001f51631a870 Exception <a 'sun/nio/fs/WindowsException'{0x00000000d5b338d0}> (0x00000000d5b338d0) 
thrown [s\src\hotspot\share\prims\jni.cpp, line 520]
Event: 11.294 Thread 0x000001f51631a870 Exception <a 'sun/nio/fs/WindowsException'{0x00000000d5b34368}> (0x00000000d5b34368) 
thrown [s\src\hotspot\share\prims\jni.cpp, line 520]
Event: 11.294 Thread 0x000001f51631a870 Exception <a 'sun/nio/fs/WindowsException'{0x00000000d5b34998}> (0x00000000d5b34998) 
thrown [s\src\hotspot\share\prims\jni.cpp, line 520]
Event: 11.295 Thread 0x000001f51631a870 Exception <a 'sun/nio/fs/WindowsException'{0x00000000d5b35ea0}> (0x00000000d5b35ea0) 
thrown [s\src\hotspot\share\prims\jni.cpp, line 520]
Event: 11.295 Thread 0x000001f51631a870 Exception <a 'sun/nio/fs/WindowsException'{0x00000000d5b364d0}> (0x00000000d5b364d0) 
thrown [s\src\hotspot\share\prims\jni.cpp, line 520]
Event: 11.298 Thread 0x000001f51631a870 Exception <a 'sun/nio/fs/WindowsException'{0x00000000d5c43ae0}> (0x00000000d5c43ae0) 
thrown [s\src\hotspot\share\prims\jni.cpp, line 520]
Event: 11.298 Thread 0x000001f51631a870 Exception <a 'sun/nio/fs/WindowsException'{0x00000000d5c443c0}> (0x00000000d5c443c0) 
thrown [s\src\hotspot\share\prims\jni.cpp, line 520]
Event: 11.400 Thread 0x000001f519dfb470 Exception <a 'java/io/FileNotFoundException'{0x00000000d5654e48}> (0x00000000d5654e48) 
thrown [s\src\hotspot\share\prims\jni.cpp, line 520]
Event: 11.400 Thread 0x000001f519dfb470 Exception <a 'java/io/FileNotFoundException'{0x00000000d5655f78}> (0x00000000d5655f78) 
thrown [s\src\hotspot\share\prims\jni.cpp, line 520]
Event: 11.400 Thread 0x000001f519dfb470 Exception <a 'java/io/FileNotFoundException'{0x00000000d5657120}> (0x00000000d5657120) 
thrown [s\src\hotspot\share\prims\jni.cpp, line 520]
Event: 11.633 Thread 0x000001f51631a870 Exception <a 'java/lang/NoSuchMethodError'{0x00000000d5f44760}: 'java.lang.Object java.lang.invoke.DirectMethodHandle$Holder.invokeStatic(java.lang.Object, java.lang.Object, int, java.lang.Object)'> (0x00000000d5f44760) 
thrown [s\src\hotspot\share\interpreter\linkResolver.cpp, line 773]
Event: 11.633 Thread 0x000001f51631a870 Exception <a 'java/lang/NoSuchMethodError'{0x00000000d5f4ae70}: 'java.lang.Object java.lang.invoke.DirectMethodHandle$Holder.newInvokeSpecial(java.lang.Object, java.lang.Object, int)'> (0x00000000d5f4ae70) 
thrown [s\src\hotspot\share\interpreter\linkResolver.cpp, line 773]
Event: 11.944 Thread 0x000001f519dfb470 Exception <a 'java/lang/NoSuchMethodError'{0x00000000d56d4a80}: 'java.lang.Object java.lang.invoke.DirectMethodHandle$Holder.invokeStatic(java.lang.Object, java.lang.Object, int, java.lang.Object, java.lang.Object)'> (0x00000000d56d4a80) 
thrown [s\src\hotspot\share\interpreter\linkResolver.cpp, line 773]
Event: 11.949 Thread 0x000001f519dfb470 Exception <a 'java/lang/NoSuchMethodError'{0x00000000d5718178}: 'java.lang.Object java.lang.invoke.DirectMethodHandle$Holder.newInvokeSpecial(java.lang.Object, java.lang.Object, java.lang.Object, java.lang.Object, int)'> (0x00000000d5718178) 
thrown [s\src\hotspot\share\interpreter\linkResolver.cpp, line 773]
Event: 11.949 Thread 0x000001f519dfb470 Exception <a 'java/lang/NoSuchMethodError'{0x00000000d571c4d0}: 'java.lang.Object java.lang.invoke.DirectMethodHandle$Holder.invokeSpecial(java.lang.Object, java.lang.Object, java.lang.Object, java.lang.Object, java.lang.Object, int)'> (0x00000000d571c4d0) 
thrown [s\src\hotspot\share\interpreter\linkResolver.cpp, line 773]
Event: 11.949 Thread 0x000001f519dfb470 Exception <a 'java/lang/NoSuchMethodError'{0x00000000d571ff50}: 'java.lang.Object java.lang.invoke.Invokers$Holder.linkToTargetMethod(java.lang.Object, java.lang.Object, java.lang.Object, int, java.lang.Object)'> (0x00000000d571ff50) 
thrown [s\src\hotspot\share\interpreter\linkResolver.cpp, line 773]

ZGC Phase Switch (0 events):
No events

VM Operations (20 events):
Event: 12.904 Executing VM operation: HandshakeAllThreads (Deoptimize)
Event: 12.904 Executing VM operation: HandshakeAllThreads (Deoptimize) done
Event: 13.003 Executing VM operation: HandshakeAllThreads (Deoptimize)
Event: 13.004 Executing VM operation: HandshakeAllThreads (Deoptimize) done
Event: 13.016 Executing VM operation: ICBufferFull
Event: 13.016 Executing VM operation: ICBufferFull done
Event: 13.020 Executing VM operation: HandshakeAllThreads (Deoptimize)
Event: 13.020 Executing VM operation: HandshakeAllThreads (Deoptimize) done
Event: 13.025 Executing VM operation: ParallelGCFailedAllocation (Allocation Failure)
Event: 13.027 Executing VM operation: ParallelGCFailedAllocation (Allocation Failure) done
Event: 13.121 Executing VM operation: ParallelGCFailedAllocation (Allocation Failure)
Event: 13.123 Executing VM operation: ParallelGCFailedAllocation (Allocation Failure) done
Event: 13.177 Executing VM operation: ParallelGCFailedAllocation (Allocation Failure)
Event: 13.180 Executing VM operation: ParallelGCFailedAllocation (Allocation Failure) done
Event: 13.228 Executing VM operation: ParallelGCFailedAllocation (Allocation Failure)
Event: 13.230 Executing VM operation: ParallelGCFailedAllocation (Allocation Failure) done
Event: 13.298 Executing VM operation: ParallelGCFailedAllocation (Allocation Failure)
Event: 13.299 Executing VM operation: ParallelGCFailedAllocation (Allocation Failure) done
Event: 13.375 Executing VM operation: ParallelGCFailedAllocation (Allocation Failure)
Event: 13.377 Executing VM operation: ParallelGCFailedAllocation (Allocation Failure) done

Memory protections (0 events):
No events

Nmethod flushes (20 events):
Event: 8.947 Thread 0x000001f4b68249b0 flushing osr nmethod 0x000001f4ba488090
Event: 8.947 Thread 0x000001f4b68249b0 flushing  nmethod 0x000001f4ba48e210
Event: 8.947 Thread 0x000001f4b68249b0 flushing osr nmethod 0x000001f4ba491910
Event: 8.947 Thread 0x000001f4b68249b0 flushing  nmethod 0x000001f4ba49b090
Event: 8.947 Thread 0x000001f4b68249b0 flushing  nmethod 0x000001f4ba4ad910
Event: 8.947 Thread 0x000001f4b68249b0 flushing  nmethod 0x000001f4ba4b0190
Event: 8.947 Thread 0x000001f4b68249b0 flushing  nmethod 0x000001f4ba4d0310
Event: 8.947 Thread 0x000001f4b68249b0 flushing  nmethod 0x000001f4ba4d3710
Event: 8.947 Thread 0x000001f4b68249b0 flushing  nmethod 0x000001f4ba4d3d10
Event: 8.947 Thread 0x000001f4b68249b0 flushing  nmethod 0x000001f4ba4d4410
Event: 8.947 Thread 0x000001f4b68249b0 flushing  nmethod 0x000001f4ba4d4c90
Event: 8.947 Thread 0x000001f4b68249b0 flushing  nmethod 0x000001f4ba4d7890
Event: 8.947 Thread 0x000001f4b68249b0 flushing  nmethod 0x000001f4ba4e2590
Event: 8.947 Thread 0x000001f4b68249b0 flushing  nmethod 0x000001f4ba51ca10
Event: 8.947 Thread 0x000001f4b68249b0 flushing  nmethod 0x000001f4ba543a10
Event: 8.947 Thread 0x000001f4b68249b0 flushing  nmethod 0x000001f4ba55b710
Event: 8.947 Thread 0x000001f4b68249b0 flushing  nmethod 0x000001f4ba55da10
Event: 8.947 Thread 0x000001f4b68249b0 flushing  nmethod 0x000001f4ba55f510
Event: 8.947 Thread 0x000001f4b68249b0 flushing  nmethod 0x000001f4ba56db10
Event: 8.947 Thread 0x000001f4b68249b0 flushing  nmethod 0x000001f4ba587110

Events (20 events):
Event: 4.336 Thread 0x000001f519fb84a0 Thread added: 0x000001f519fb4300
Event: 4.337 Thread 0x000001f519fb8b30 Thread added: 0x000001f519dfade0
Event: 4.337 Thread 0x000001f519fb4300 Thread added: 0x000001f519dfceb0
Event: 4.337 Thread 0x000001f519dfade0 Thread added: 0x000001f519df5f20
Event: 4.337 Thread 0x000001f519dfceb0 Thread added: 0x000001f519dfa0c0
Event: 4.338 Thread 0x000001f519df5f20 Thread added: 0x000001f519dfa750
Event: 4.338 Thread 0x000001f519dfa0c0 Thread added: 0x000001f519df7960
Event: 4.373 Thread 0x000001f5163166d0 Thread added: 0x000001f519dfb470
Event: 8.127 Thread 0x000001f516318110 Thread exited: 0x000001f516318110
Event: 8.820 Thread 0x000001f519fb9850 Thread added: 0x000001f519df72d0
Event: 9.691 Thread 0x000001f519fb9850 Thread added: 0x000001f519df93a0
Event: 9.691 Thread 0x000001f519fb9850 Thread added: 0x000001f519df7ff0
Event: 9.691 Thread 0x000001f519fb9850 Thread added: 0x000001f519dfbb00
Event: 9.691 Thread 0x000001f519fb9850 Thread added: 0x000001f519dfc190
Event: 9.691 Thread 0x000001f519fb9850 Thread added: 0x000001f519dfc820
Event: 10.008 Thread 0x000001f519df93a0 Thread exited: 0x000001f519df93a0
Event: 10.008 Thread 0x000001f519df7ff0 Thread exited: 0x000001f519df7ff0
Event: 10.008 Thread 0x000001f519dfbb00 Thread exited: 0x000001f519dfbb00
Event: 10.008 Thread 0x000001f519dfc820 Thread exited: 0x000001f519dfc820
Event: 10.008 Thread 0x000001f519dfc190 Thread exited: 0x000001f519dfc190


Dynamic libraries:
0x00007ff6e3460000 - 0x00007ff6e346e000 	c:\Users\OMAR INFO\.windsurf\extensions\redhat.java-1.45.0-win32-x64\jre\21.0.8-win32-x86_64\bin\java.exe
0x00007ffeec490000 - 0x00007ffeec688000 	C:\Windows\SYSTEM32\ntdll.dll
0x00007ffeea8d0000 - 0x00007ffeea992000 	C:\Windows\System32\KERNEL32.DLL
0x00007ffee9da0000 - 0x00007ffeea096000 	C:\Windows\System32\KERNELBASE.dll
0x00007ffee9b30000 - 0x00007ffee9c30000 	C:\Windows\System32\ucrtbase.dll
0x00007ffe9fef0000 - 0x00007ffe9ff08000 	c:\Users\OMAR INFO\.windsurf\extensions\redhat.java-1.45.0-win32-x64\jre\21.0.8-win32-x86_64\bin\jli.dll
0x00007ffe9fde0000 - 0x00007ffe9fdfe000 	c:\Users\OMAR INFO\.windsurf\extensions\redhat.java-1.45.0-win32-x64\jre\21.0.8-win32-x86_64\bin\VCRUNTIME140.dll
0x00007ffeeb4f0000 - 0x00007ffeeb68d000 	C:\Windows\System32\USER32.dll
0x00007ffee9cb0000 - 0x00007ffee9cd2000 	C:\Windows\System32\win32u.dll
0x00007ffed0400000 - 0x00007ffed069b000 	C:\Windows\WinSxS\amd64_microsoft.windows.common-controls_6595b64144ccf1df_6.0.19041.6280_none_60bc30a171f2f3f3\COMCTL32.dll
0x00007ffeec2f0000 - 0x00007ffeec31b000 	C:\Windows\System32\GDI32.dll
0x00007ffeea200000 - 0x00007ffeea319000 	C:\Windows\System32\gdi32full.dll
0x00007ffeeb250000 - 0x00007ffeeb2ee000 	C:\Windows\System32\msvcrt.dll
0x00007ffeea420000 - 0x00007ffeea4bd000 	C:\Windows\System32\msvcp_win.dll
0x00007ffeec380000 - 0x00007ffeec3af000 	C:\Windows\System32\IMM32.DLL
0x00007ffeb5610000 - 0x00007ffeb561c000 	c:\Users\OMAR INFO\.windsurf\extensions\redhat.java-1.45.0-win32-x64\jre\21.0.8-win32-x86_64\bin\vcruntime140_1.dll
0x00007ffe912b0000 - 0x00007ffe9133d000 	c:\Users\OMAR INFO\.windsurf\extensions\redhat.java-1.45.0-win32-x64\jre\21.0.8-win32-x86_64\bin\msvcp140.dll
0x00007ffe86320000 - 0x00007ffe870b7000 	c:\Users\OMAR INFO\.windsurf\extensions\redhat.java-1.45.0-win32-x64\jre\21.0.8-win32-x86_64\bin\server\jvm.dll
0x00007ffeea720000 - 0x00007ffeea7d1000 	C:\Windows\System32\ADVAPI32.dll
0x00007ffeec3b0000 - 0x00007ffeec44f000 	C:\Windows\System32\sechost.dll
0x00007ffeeb370000 - 0x00007ffeeb490000 	C:\Windows\System32\RPCRT4.dll
0x00007ffee9ce0000 - 0x00007ffee9d07000 	C:\Windows\System32\bcrypt.dll
0x00007ffeeb300000 - 0x00007ffeeb36b000 	C:\Windows\System32\WS2_32.dll
0x00007ffee94b0000 - 0x00007ffee94fb000 	C:\Windows\SYSTEM32\POWRPROF.dll
0x00007ffedd940000 - 0x00007ffedd967000 	C:\Windows\SYSTEM32\WINMM.dll
0x00007ffee33f0000 - 0x00007ffee33fa000 	C:\Windows\SYSTEM32\VERSION.dll
0x00007ffee9470000 - 0x00007ffee9482000 	C:\Windows\SYSTEM32\UMPDC.dll
0x00007ffee8360000 - 0x00007ffee8372000 	C:\Windows\SYSTEM32\kernel.appcore.dll
0x00007ffeb3330000 - 0x00007ffeb333a000 	c:\Users\OMAR INFO\.windsurf\extensions\redhat.java-1.45.0-win32-x64\jre\21.0.8-win32-x86_64\bin\jimage.dll
0x00007ffee7710000 - 0x00007ffee7911000 	C:\Windows\SYSTEM32\DBGHELP.DLL
0x00007ffecc7f0000 - 0x00007ffecc824000 	C:\Windows\SYSTEM32\dbgcore.DLL
0x00007ffee9d10000 - 0x00007ffee9d92000 	C:\Windows\System32\bcryptPrimitives.dll
0x00007ffeaea30000 - 0x00007ffeaea3f000 	c:\Users\OMAR INFO\.windsurf\extensions\redhat.java-1.45.0-win32-x64\jre\21.0.8-win32-x86_64\bin\instrument.dll
0x00007ffe9d350000 - 0x00007ffe9d36f000 	c:\Users\OMAR INFO\.windsurf\extensions\redhat.java-1.45.0-win32-x64\jre\21.0.8-win32-x86_64\bin\java.dll
0x00007ffeeb690000 - 0x00007ffeebe00000 	C:\Windows\System32\SHELL32.dll
0x00007ffee7b50000 - 0x00007ffee82f5000 	C:\Windows\SYSTEM32\windows.storage.dll
0x00007ffeebf90000 - 0x00007ffeec2e3000 	C:\Windows\System32\combase.dll
0x00007ffee9410000 - 0x00007ffee943b000 	C:\Windows\SYSTEM32\Wldp.dll
0x00007ffeea800000 - 0x00007ffeea8cd000 	C:\Windows\System32\OLEAUT32.dll
0x00007ffeeb1a0000 - 0x00007ffeeb24d000 	C:\Windows\System32\SHCORE.dll
0x00007ffeebe00000 - 0x00007ffeebe5b000 	C:\Windows\System32\shlwapi.dll
0x00007ffee9a60000 - 0x00007ffee9a84000 	C:\Windows\SYSTEM32\profapi.dll
0x00007ffea42e0000 - 0x00007ffea42f8000 	c:\Users\OMAR INFO\.windsurf\extensions\redhat.java-1.45.0-win32-x64\jre\21.0.8-win32-x86_64\bin\zip.dll
0x00007ffeaf590000 - 0x00007ffeaf5a0000 	C:\Users\OMAR INFO\.windsurf\extensions\redhat.java-1.45.0-win32-x64\jre\21.0.8-win32-x86_64\bin\net.dll
0x00007ffee20c0000 - 0x00007ffee21ca000 	C:\Windows\SYSTEM32\WINHTTP.dll
0x00007ffee91f0000 - 0x00007ffee925a000 	C:\Windows\system32\mswsock.dll
0x00007ffea3930000 - 0x00007ffea3946000 	C:\Users\OMAR INFO\.windsurf\extensions\redhat.java-1.45.0-win32-x64\jre\21.0.8-win32-x86_64\bin\nio.dll
0x00007ffea42d0000 - 0x00007ffea42e0000 	c:\Users\OMAR INFO\.windsurf\extensions\redhat.java-1.45.0-win32-x64\jre\21.0.8-win32-x86_64\bin\verify.dll
0x00007ffea0bd0000 - 0x00007ffea0c14000 	C:\Users\OMAR INFO\AppData\Roaming\Windsurf\User\globalStorage\redhat.java\1.45.0\config_win\org.eclipse.equinox.launcher\org.eclipse.equinox.launcher.win32.win32.x86_64_1.2.1400.v20250801-0854\eclipse_11916.dll
0x00007ffeeaaa0000 - 0x00007ffeeabcb000 	C:\Windows\System32\ole32.dll
0x00007ffee9450000 - 0x00007ffee9468000 	C:\Windows\SYSTEM32\CRYPTSP.dll
0x00007ffee8ad0000 - 0x00007ffee8b08000 	C:\Windows\system32\rsaenh.dll
0x00007ffee99e0000 - 0x00007ffee9a0e000 	C:\Windows\SYSTEM32\USERENV.dll
0x00007ffee9380000 - 0x00007ffee938c000 	C:\Windows\SYSTEM32\CRYPTBASE.dll
0x00007ffee8ef0000 - 0x00007ffee8f2b000 	C:\Windows\SYSTEM32\IPHLPAPI.DLL
0x00007ffeea9a0000 - 0x00007ffeea9a8000 	C:\Windows\System32\NSI.dll
0x00007ffe9f9f0000 - 0x00007ffe9fa39000 	C:\Users\OMAR INFO\AppData\Local\Temp\jna--64980065\jna15450019178934920271.dll
0x00007ffeebe60000 - 0x00007ffeebe68000 	C:\Windows\System32\PSAPI.DLL
0x00007ffee2d80000 - 0x00007ffee2d97000 	C:\Windows\SYSTEM32\dhcpcsvc6.DLL
0x00007ffee2d60000 - 0x00007ffee2d7d000 	C:\Windows\SYSTEM32\dhcpcsvc.DLL

JVMTI agents:
c:\Users\OMAR INFO\.windsurf\extensions\redhat.java-1.45.0-win32-x64\lombok\lombok-1.18.39-4050.jar path:c:\Users\OMAR INFO\.windsurf\extensions\redhat.java-1.45.0-win32-x64\jre\21.0.8-win32-x86_64\bin\instrument.dll, loaded, initialized, instrumentlib options:none

dbghelp: loaded successfully - version: 4.0.5 - missing functions: none
symbol engine: initialized successfully - sym options: 0x614 - pdb path: .;c:\Users\OMAR INFO\.windsurf\extensions\redhat.java-1.45.0-win32-x64\jre\21.0.8-win32-x86_64\bin;C:\Windows\SYSTEM32;C:\Windows\WinSxS\amd64_microsoft.windows.common-controls_6595b64144ccf1df_6.0.19041.6280_none_60bc30a171f2f3f3;c:\Users\OMAR INFO\.windsurf\extensions\redhat.java-1.45.0-win32-x64\jre\21.0.8-win32-x86_64\bin\server;C:\Users\OMAR INFO\AppData\Roaming\Windsurf\User\globalStorage\redhat.java\1.45.0\config_win\org.eclipse.equinox.launcher\org.eclipse.equinox.launcher.win32.win32.x86_64_1.2.1400.v20250801-0854;C:\Users\OMAR INFO\AppData\Local\Temp\jna--64980065

VM Arguments:
jvm_args: --add-modules=ALL-SYSTEM --add-opens=java.base/java.util=ALL-UNNAMED --add-opens=java.base/java.lang=ALL-UNNAMED --add-opens=java.base/sun.nio.fs=ALL-UNNAMED -Declipse.application=org.eclipse.jdt.ls.core.id1 -Dosgi.bundles.defaultStartLevel=4 -Declipse.product=org.eclipse.jdt.ls.core.product -Djava.import.generatesMetadataFilesAtProjectRoot=false -DDetectVMInstallationsJob.disabled=true -Dfile.encoding=utf8 -XX:+UseParallelGC -XX:GCTimeRatio=4 -XX:AdaptiveSizePolicyWeight=90 -Dsun.zip.disableMemoryMapping=true -Xmx2G -Xms100m -Xlog:disable -javaagent:c:\Users\OMAR INFO\.windsurf\extensions\redhat.java-1.45.0-win32-x64\lombok\lombok-1.18.39-4050.jar -XX:+HeapDumpOnOutOfMemoryError -XX:HeapDumpPath=c:\Users\OMAR INFO\AppData\Roaming\Windsurf\User\workspaceStorage\017271f0c0c7557d9833a01acf50ccd7\redhat.java -Daether.dependencyCollector.impl=bf 
java_command: c:\Users\OMAR INFO\.windsurf\extensions\redhat.java-1.45.0-win32-x64\server\plugins\org.eclipse.equinox.launcher_1.7.0.v20250519-0528.jar -configuration c:\Users\OMAR INFO\AppData\Roaming\Windsurf\User\globalStorage\redhat.java\1.45.0\config_win -data c:\Users\OMAR INFO\AppData\Roaming\Windsurf\User\workspaceStorage\017271f0c0c7557d9833a01acf50ccd7\redhat.java\jdt_ws --pipe=\\.\pipe\lsp-98a16b0859cb81a8da19a703900537ac-sock
java_class_path (initial): c:\Users\OMAR INFO\.windsurf\extensions\redhat.java-1.45.0-win32-x64\server\plugins\org.eclipse.equinox.launcher_1.7.0.v20250519-0528.jar
Launcher Type: SUN_STANDARD

[Global flags]
    uintx AdaptiveSizePolicyWeight                 = 90                                        {product} {command line}
     intx CICompilerCount                          = 12                                        {product} {ergonomic}
    uintx GCTimeRatio                              = 4                                         {product} {command line}
     bool HeapDumpOnOutOfMemoryError               = true                                   {manageable} {command line}
    ccstr HeapDumpPath                             = c:\Users\OMAR INFO\AppData\Roaming\Windsurf\User\workspaceStorage\017271f0c0c7557d9833a01acf50ccd7\redhat.java         {manageable} {command line}
   size_t InitialHeapSize                          = 104857600                                 {product} {command line}
   size_t MaxHeapSize                              = 2147483648                                {product} {command line}
   size_t MaxNewSize                               = 715653120                                 {product} {ergonomic}
   size_t MinHeapDeltaBytes                        = 524288                                    {product} {ergonomic}
   size_t MinHeapSize                              = 104857600                                 {product} {command line}
   size_t NewSize                                  = 34603008                                  {product} {ergonomic}
    uintx NonNMethodCodeHeapSize                   = 7602480                                {pd product} {ergonomic}
    uintx NonProfiledCodeHeapSize                  = 122027880                              {pd product} {ergonomic}
   size_t OldSize                                  = 70254592                                  {product} {ergonomic}
    uintx ProfiledCodeHeapSize                     = 122027880                              {pd product} {ergonomic}
    uintx ReservedCodeCacheSize                    = 251658240                              {pd product} {ergonomic}
     bool SegmentedCodeCache                       = true                                      {product} {ergonomic}
   size_t SoftMaxHeapSize                          = 2147483648                             {manageable} {ergonomic}
     bool UseCompressedOops                        = true                           {product lp64_product} {ergonomic}
     bool UseLargePagesIndividualAllocation        = false                                  {pd product} {ergonomic}
     bool UseParallelGC                            = true                                      {product} {command line}

Logging:
Log output configuration:
 #0: stdout all=off uptime,level,tags foldmultilines=false
 #1: stderr all=off uptime,level,tags foldmultilines=false

Environment Variables:
PATH=C:\oraclexe\app\oracle\product\10.2.0\server\bin;C:\ProgramData\Oracle\Java\javapath;C:\Program Files\Common Files\Oracle\Java\javapath;C:\Windows\system32;C:\Windows;C:\Windows\System32\Wbem;C:\Windows\System32\WindowsPowerShell\v1.0\;C:\Windows\System32\OpenSSH\;C:\Program Files\Microsoft SQL Server\150\Tools\Binn\;C:\Program Files\Microsoft SQL Server\Client SDK\ODBC\170\Tools\Binn\;C:\Program Files\dotnet\;C:\Program Files\NVIDIA Corporation\NVIDIA NvDLISR;C:\ProgramData\chocolatey\bin;C:\Program Files (x86)\Microsoft SQL Server\110\Tools\Binn\;C:\Program Files (x86)\Microsoft SQL Server\110\DTS\Binn\;C:\Program Files (x86)\Microsoft SQL Server\110\Tools\Binn\ManagementStudio\;C:\Program Files (x86)\Microsoft Visual Studio 10.0\Common7\IDE\PrivateAssemblies\;C:\Program Files (x86)\NVIDIA Corporation\PhysX\Common;C:\Program Files\nodejs\;C:\Program Files\Git LFS;C:\Program Files\Docker\Docker\resources\bin;C:\Program Files\Git\cmd;C:\Windows\system32\platform-tools;C:\Program Files\MongoDB\Server\8.0\bin;C:\Users\OMAR INFO\AppData\Local\Programs\Python\Python310;C:\Users\OMAR INFO\AppData\Local\Programs\Python\Python310\Scripts;F:\PuTTY\;C:\Users\OMAR INFO\AppData\Local\Programs\Python\Python310\Scripts\;C:\Users\OMAR INFO\AppData\Local\Programs\Python\Python310\;C:\Users\OMAR INFO\AppData\Local\Microsoft\WindowsApps;C:\Users\OMAR INFO\.dotnet\tools;C:\Program Files\JetBrains\IntelliJ IDEA 2023.2.1\bin;;C:\Users\OMAR INFO\AppData\Local\Programs\Microsoft VS Code\bin;C:\Users\OMAR INFO\AppData\Roaming\npm;C:\Users\OMAR INFO\AppData\Local\GitHubDesktop\bin;C:\xampp\php;C:\Users\OMAR INFO\composer;C:\Users\OMAR INFO\AppData\Roaming\Composer\vendor\bin;C:\Program Files (x86)\Microsoft SDKs\Windows\v10.0A\bin\NETFX 4.8 Tools;C:\Users\OMAR INFO\AppData\Local\Programs\Windsurf\bin;
USERNAME=OMAR INFO
OS=Windows_NT
PROCESSOR_IDENTIFIER=Intel64 Family 6 Model 141 Stepping 1, GenuineIntel
TMP=C:\Users\OMARIN~1\AppData\Local\Temp
TEMP=C:\Users\OMARIN~1\AppData\Local\Temp




Periodic native trim disabled

---------------  S Y S T E M  ---------------

OS:
 Windows 10 , 64 bit Build 19041 (10.0.19041.5915)
OS uptime: 4 days 22:46 hours
Hyper-V role detected

CPU: total 16 (initial active 16) (8 cores per cpu, 2 threads per core) family 6 model 141 stepping 1 microcode 0x26, cx8, cmov, fxsr, ht, mmx, 3dnowpref, sse, sse2, sse3, ssse3, sse4.1, sse4.2, popcnt, lzcnt, tsc, tscinvbit, avx, avx2, aes, erms, clmul, bmi1, bmi2, adx, avx512f, avx512dq, avx512cd, avx512bw, avx512vl, sha, fma, vzeroupper, avx512_vpopcntdq, avx512_vpclmulqdq, avx512_vaes, avx512_vnni, clflush, clflushopt, clwb, avx512_vbmi2, avx512_vbmi, hv, rdtscp, rdpid, fsrm, gfni, avx512_bitalg, f16c, cet_ibt, cet_ss, avx512_ifma
Processor Information for the first 16 processors :
  Max Mhz: 2304, Current Mhz: 2304, Mhz Limit: 2304

Memory: 4k page, system-wide physical 16085M (307M free)
TotalPageFile size 23385M (AvailPageFile size 0M)
current process WorkingSet (physical memory assigned to process): 434M, peak: 447M
current process commit charge ("private bytes"): 526M, peak: 546M

vm_info: OpenJDK 64-Bit Server VM (21.0.8+9-LTS) for windows-amd64 JRE (21.0.8+9-LTS), built on 2025-07-15T00:00:00Z by "admin" with MS VC++ 17.7 (VS2022)

END.
