#
# There is insufficient memory for the Java Runtime Environment to continue.
# Native memory allocation (malloc) failed to allocate 998992 bytes. Error detail: Chunk::new
# Possible reasons:
#   The system is out of physical RAM or swap space
#   This process is running with CompressedOops enabled, and the Java Heap may be blocking the growth of the native heap
# Possible solutions:
#   Reduce memory load on the system
#   Increase physical memory or swap space
#   Check if swap backing store is full
#   Decrease Java heap size (-Xmx/-Xms)
#   Decrease number of Java threads
#   Decrease Java thread stack sizes (-Xss)
#   Set larger code cache with -XX:ReservedCodeCacheSize=
#   JVM is running with Unscaled Compressed Oops mode in which the Java heap is
#     placed in the first 4GB address space. The Java Heap base address is the
#     maximum limit for the native heap growth. Please use -XX:HeapBaseMinAddress
#     to set the Java Heap base and to place the Java Heap above 4GB virtual address.
# This output file may be truncated or incomplete.
#
#  Out of Memory Error (arena.cpp:168), pid=2652, tid=15020
#
# JRE version: OpenJDK Runtime Environment Temurin-21.0.8+9 (21.0.8+9) (build 21.0.8+9-LTS)
# Java VM: OpenJDK 64-Bit Server VM Temurin-21.0.8+9 (21.0.8+9-LTS, mixed mode, sharing, tiered, compressed oops, compressed class ptrs, parallel gc, windows-amd64)
# No core dump will be written. Minidumps are not enabled by default on client versions of Windows
#

---------------  S U M M A R Y ------------

Command Line: --add-modules=ALL-SYSTEM --add-opens=java.base/java.util=ALL-UNNAMED --add-opens=java.base/java.lang=ALL-UNNAMED --add-opens=java.base/sun.nio.fs=ALL-UNNAMED -Declipse.application=org.eclipse.jdt.ls.core.id1 -Dosgi.bundles.defaultStartLevel=4 -Declipse.product=org.eclipse.jdt.ls.core.product -Djava.import.generatesMetadataFilesAtProjectRoot=false -DDetectVMInstallationsJob.disabled=true -Dfile.encoding=utf8 -XX:+UseParallelGC -XX:GCTimeRatio=4 -XX:AdaptiveSizePolicyWeight=90 -Dsun.zip.disableMemoryMapping=true -Xmx2G -Xms100m -Xlog:disable -javaagent:c:\Users\OMAR INFO\.windsurf\extensions\redhat.java-1.45.0-win32-x64\lombok\lombok-1.18.39-4050.jar -XX:+HeapDumpOnOutOfMemoryError -XX:HeapDumpPath=c:\Users\OMAR INFO\AppData\Roaming\Windsurf\User\workspaceStorage\017271f0c0c7557d9833a01acf50ccd7\redhat.java -Daether.dependencyCollector.impl=bf c:\Users\OMAR INFO\.windsurf\extensions\redhat.java-1.45.0-win32-x64\server\plugins\org.eclipse.equinox.launcher_1.7.0.v20250519-0528.jar -configuration c:\Users\OMAR INFO\AppData\Roaming\Windsurf\User\globalStorage\redhat.java\1.45.0\config_win -data c:\Users\OMAR INFO\AppData\Roaming\Windsurf\User\workspaceStorage\017271f0c0c7557d9833a01acf50ccd7\redhat.java\jdt_ws --pipe=\\.\pipe\lsp-7c8d605f56e9ab27d0ce787b3717ec7e-sock

Host: 11th Gen Intel(R) Core(TM) i7-11800H @ 2.30GHz, 16 cores, 15G,  Windows 10 , 64 bit Build 19041 (10.0.19041.5915)
Time: Tue Sep 23 14:03:56 2025 Paris, Madrid elapsed time: 5.334138 seconds (0d 0h 0m 5s)

---------------  T H R E A D  ---------------

Current thread (0x000001bc50b15e30):  JavaThread "C2 CompilerThread1" daemon [_thread_in_native, id=15020, stack(0x0000006fa8200000,0x0000006fa8300000) (1024K)]


Current CompileTask:
C2:5334 5027       4       org.eclipse.osgi.internal.loader.ModuleClassLoader::toString (80 bytes)

Stack: [0x0000006fa8200000,0x0000006fa8300000]
Native frames: (J=compiled Java code, j=interpreted, Vv=VM code, C=native code)
V  [jvm.dll+0x6d2449]
V  [jvm.dll+0x8ae341]
V  [jvm.dll+0x8b08be]
V  [jvm.dll+0x8b0fa3]
V  [jvm.dll+0x280c96]
V  [jvm.dll+0xc581d]
V  [jvm.dll+0xc5d53]
V  [jvm.dll+0x3b919c]
V  [jvm.dll+0x1e1213]
V  [jvm.dll+0x249022]
V  [jvm.dll+0x2484af]
V  [jvm.dll+0x1c89ee]
V  [jvm.dll+0x257d4d]
V  [jvm.dll+0x2562ea]
V  [jvm.dll+0x3f2d16]
V  [jvm.dll+0x857e6b]
V  [jvm.dll+0x6d0b0d]
C  [ucrtbase.dll+0x21bb2]
C  [KERNEL32.DLL+0x17374]
C  [ntdll.dll+0x4cc91]


---------------  P R O C E S S  ---------------

Threads class SMR info:
_java_thread_list=0x000001bc5ac5b9a0, length=48, elements={
0x000001bc77ab0b50, 0x000001bc77a61d80, 0x000001bc77a62ee0, 0x000001bc77a658e0,
0x000001bc77a667f0, 0x000001bc77a6b620, 0x000001bc77a6d050, 0x000001bc50b10cc0,
0x000001bc50b13550, 0x000001bc50be2ac0, 0x000001bc50b12e80, 0x000001bc50b142f0,
0x000001bc50b15090, 0x000001bc50e8ab90, 0x000001bc50b15e30, 0x000001bc570bcfe0,
0x000001bc57205f80, 0x000001bc572635b0, 0x000001bc57263fe0, 0x000001bc5780d5a0,
0x000001bc57529240, 0x000001bc57714e50, 0x000001bc5717aee0, 0x000001bc50b127b0,
0x000001bc5717c290, 0x000001bc5717c920, 0x000001bc5717bc00, 0x000001bc5717cfb0,
0x000001bc5717d640, 0x000001bc5717a1c0, 0x000001bc5717a850, 0x000001bc5717b570,
0x000001bc5ac55d90, 0x000001bc5ac55700, 0x000001bc5ac54350, 0x000001bc5ac55070,
0x000001bc5ac59210, 0x000001bc5ac52fa0, 0x000001bc5ac56420, 0x000001bc5ac56ab0,
0x000001bc5ac57140, 0x000001bc5ac549e0, 0x000001bc5ac598a0, 0x000001bc5ac59f30,
0x000001bc5ac53cc0, 0x000001bc5ac5a5c0, 0x000001bc5ac577d0, 0x000001bc5ac584f0
}

Java Threads: ( => current thread )
  0x000001bc77ab0b50 JavaThread "main"                              [_thread_in_Java, id=20588, stack(0x0000006fa7300000,0x0000006fa7400000) (1024K)]
  0x000001bc77a61d80 JavaThread "Reference Handler"          daemon [_thread_blocked, id=9684, stack(0x0000006fa7700000,0x0000006fa7800000) (1024K)]
  0x000001bc77a62ee0 JavaThread "Finalizer"                  daemon [_thread_blocked, id=21772, stack(0x0000006fa7800000,0x0000006fa7900000) (1024K)]
  0x000001bc77a658e0 JavaThread "Signal Dispatcher"          daemon [_thread_blocked, id=16288, stack(0x0000006fa7900000,0x0000006fa7a00000) (1024K)]
  0x000001bc77a667f0 JavaThread "Attach Listener"            daemon [_thread_blocked, id=2868, stack(0x0000006fa7a00000,0x0000006fa7b00000) (1024K)]
  0x000001bc77a6b620 JavaThread "Service Thread"             daemon [_thread_blocked, id=11916, stack(0x0000006fa7b00000,0x0000006fa7c00000) (1024K)]
  0x000001bc77a6d050 JavaThread "Monitor Deflation Thread"   daemon [_thread_blocked, id=21388, stack(0x0000006fa7c00000,0x0000006fa7d00000) (1024K)]
  0x000001bc50b10cc0 JavaThread "C2 CompilerThread0"         daemon [_thread_in_native, id=21192, stack(0x0000006fa7d00000,0x0000006fa7e00000) (1024K)]
  0x000001bc50b13550 JavaThread "C1 CompilerThread0"         daemon [_thread_blocked, id=24180, stack(0x0000006fa7e00000,0x0000006fa7f00000) (1024K)]
  0x000001bc50be2ac0 JavaThread "Common-Cleaner"             daemon [_thread_blocked, id=24008, stack(0x0000006fa7f00000,0x0000006fa8000000) (1024K)]
  0x000001bc50b12e80 JavaThread "C1 CompilerThread1"         daemon [_thread_in_native, id=22760, stack(0x0000006fa8000000,0x0000006fa8100000) (1024K)]
  0x000001bc50b142f0 JavaThread "C1 CompilerThread2"         daemon [_thread_in_native, id=16340, stack(0x0000006fa8100000,0x0000006fa8200000) (1024K)]
  0x000001bc50b15090 JavaThread "C1 CompilerThread3"         daemon [_thread_in_vm, id=20532, stack(0x0000006fa8300000,0x0000006fa8400000) (1024K)]
  0x000001bc50e8ab90 JavaThread "Notification Thread"        daemon [_thread_blocked, id=22144, stack(0x0000006fa8400000,0x0000006fa8500000) (1024K)]
=>0x000001bc50b15e30 JavaThread "C2 CompilerThread1"         daemon [_thread_in_native, id=15020, stack(0x0000006fa8200000,0x0000006fa8300000) (1024K)]
  0x000001bc570bcfe0 JavaThread "Active Thread: Equinox Container: 2344e9dc-6634-4711-8e7c-6123c6d521d2"        [_thread_blocked, id=12852, stack(0x0000006fa8c00000,0x0000006fa8d00000) (1024K)]
  0x000001bc57205f80 JavaThread "Refresh Thread: Equinox Container: 2344e9dc-6634-4711-8e7c-6123c6d521d2" daemon [_thread_blocked, id=11084, stack(0x0000006fa8e00000,0x0000006fa8f00000) (1024K)]
  0x000001bc572635b0 JavaThread "Framework Event Dispatcher: Equinox Container: 2344e9dc-6634-4711-8e7c-6123c6d521d2" daemon [_thread_blocked, id=24312, stack(0x0000006fa8f00000,0x0000006fa9000000) (1024K)]
  0x000001bc57263fe0 JavaThread "Start Level: Equinox Container: 2344e9dc-6634-4711-8e7c-6123c6d521d2" daemon [_thread_blocked, id=17772, stack(0x0000006fa9000000,0x0000006fa9100000) (1024K)]
  0x000001bc5780d5a0 JavaThread "Bundle File Closer"         daemon [_thread_blocked, id=15648, stack(0x0000006fa9400000,0x0000006fa9500000) (1024K)]
  0x000001bc57529240 JavaThread "SCR Component Actor"        daemon [_thread_blocked, id=5896, stack(0x0000006fa9500000,0x0000006fa9600000) (1024K)]
  0x000001bc57714e50 JavaThread "SCR Component Registry"     daemon [_thread_blocked, id=5508, stack(0x0000006fa9600000,0x0000006fa9700000) (1024K)]
  0x000001bc5717aee0 JavaThread "Worker-JM"                         [_thread_blocked, id=23376, stack(0x0000006fa9800000,0x0000006fa9900000) (1024K)]
  0x000001bc50b127b0 JavaThread "C2 CompilerThread2"         daemon [_thread_in_native, id=21092, stack(0x0000006fa9900000,0x0000006fa9a00000) (1024K)]
  0x000001bc5717c290 JavaThread "JNA Cleaner"                daemon [_thread_blocked, id=23412, stack(0x0000006fa9a00000,0x0000006fa9b00000) (1024K)]
  0x000001bc5717c920 JavaThread "Worker-0: Initialize After Load"        [_thread_in_native, id=11336, stack(0x0000006fa9b00000,0x0000006fa9c00000) (1024K)]
  0x000001bc5717bc00 JavaThread "Worker-1"                          [_thread_blocked, id=5932, stack(0x0000006fa9c00000,0x0000006fa9d00000) (1024K)]
  0x000001bc5717cfb0 JavaThread "Java indexing"              daemon [_thread_blocked, id=10460, stack(0x0000006fa9d00000,0x0000006fa9e00000) (1024K)]
  0x000001bc5717d640 JavaThread "Worker-2: Repository registry initialization"        [_thread_in_vm, id=2644, stack(0x0000006faa000000,0x0000006faa100000) (1024K)]
  0x000001bc5717a1c0 JavaThread "Worker-3"                          [_thread_blocked, id=8360, stack(0x0000006faa100000,0x0000006faa200000) (1024K)]
  0x000001bc5717a850 JavaThread "Thread-2"                   daemon [_thread_in_native, id=23428, stack(0x0000006faa200000,0x0000006faa300000) (1024K)]
  0x000001bc5717b570 JavaThread "Thread-3"                   daemon [_thread_in_native, id=23656, stack(0x0000006faa300000,0x0000006faa400000) (1024K)]
  0x000001bc5ac55d90 JavaThread "Thread-4"                   daemon [_thread_in_native, id=14820, stack(0x0000006faa400000,0x0000006faa500000) (1024K)]
  0x000001bc5ac55700 JavaThread "Thread-5"                   daemon [_thread_in_native, id=14508, stack(0x0000006faa500000,0x0000006faa600000) (1024K)]
  0x000001bc5ac54350 JavaThread "Thread-6"                   daemon [_thread_in_native, id=16136, stack(0x0000006faa600000,0x0000006faa700000) (1024K)]
  0x000001bc5ac55070 JavaThread "Thread-7"                   daemon [_thread_in_native, id=18280, stack(0x0000006faa700000,0x0000006faa800000) (1024K)]
  0x000001bc5ac59210 JavaThread "Thread-8"                   daemon [_thread_in_native, id=17468, stack(0x0000006faa800000,0x0000006faa900000) (1024K)]
  0x000001bc5ac52fa0 JavaThread "Thread-9"                   daemon [_thread_in_native, id=18796, stack(0x0000006faa900000,0x0000006faaa00000) (1024K)]
  0x000001bc5ac56420 JavaThread "Thread-10"                  daemon [_thread_in_native, id=24304, stack(0x0000006faaa00000,0x0000006faab00000) (1024K)]
  0x000001bc5ac56ab0 JavaThread "Thread-11"                  daemon [_thread_in_native, id=23036, stack(0x0000006faab00000,0x0000006faac00000) (1024K)]
  0x000001bc5ac57140 JavaThread "Thread-12"                  daemon [_thread_in_native, id=14472, stack(0x0000006faac00000,0x0000006faad00000) (1024K)]
  0x000001bc5ac549e0 JavaThread "Thread-13"                  daemon [_thread_in_native, id=14912, stack(0x0000006faad00000,0x0000006faae00000) (1024K)]
  0x000001bc5ac598a0 JavaThread "Thread-14"                  daemon [_thread_in_native, id=16128, stack(0x0000006faae00000,0x0000006faaf00000) (1024K)]
  0x000001bc5ac59f30 JavaThread "Thread-15"                  daemon [_thread_in_native, id=6936, stack(0x0000006faaf00000,0x0000006fab000000) (1024K)]
  0x000001bc5ac53cc0 JavaThread "Thread-16"                  daemon [_thread_in_native, id=15336, stack(0x0000006fab000000,0x0000006fab100000) (1024K)]
  0x000001bc5ac5a5c0 JavaThread "Thread-17"                  daemon [_thread_in_native, id=23644, stack(0x0000006fab100000,0x0000006fab200000) (1024K)]
  0x000001bc5ac577d0 JavaThread "Thread-18"                  daemon [_thread_in_native, id=23528, stack(0x0000006fab200000,0x0000006fab300000) (1024K)]
  0x000001bc5ac584f0 JavaThread "pool-2-thread-1"                   [_thread_blocked, id=13560, stack(0x0000006fab300000,0x0000006fab400000) (1024K)]
Total: 48

Other Threads:
  0x000001bc77b728f0 VMThread "VM Thread"                           [id=23372, stack(0x0000006fa7600000,0x0000006fa7700000) (1024K)]
  0x000001bc77b1ef90 WatcherThread "VM Periodic Task Thread"        [id=23800, stack(0x0000006fa7500000,0x0000006fa7600000) (1024K)]
  0x000001bc77acfc10 WorkerThread "GC Thread#0"                     [id=22204, stack(0x0000006fa7400000,0x0000006fa7500000) (1024K)]
  0x000001bc52884c30 WorkerThread "GC Thread#1"                     [id=13288, stack(0x0000006fa8600000,0x0000006fa8700000) (1024K)]
  0x000001bc528851e0 WorkerThread "GC Thread#2"                     [id=16540, stack(0x0000006fa8700000,0x0000006fa8800000) (1024K)]
  0x000001bc52885580 WorkerThread "GC Thread#3"                     [id=5248, stack(0x0000006fa8800000,0x0000006fa8900000) (1024K)]
  0x000001bc522f1390 WorkerThread "GC Thread#4"                     [id=21408, stack(0x0000006fa8900000,0x0000006fa8a00000) (1024K)]
  0x000001bc5287a6b0 WorkerThread "GC Thread#5"                     [id=23616, stack(0x0000006fa8a00000,0x0000006fa8b00000) (1024K)]
  0x000001bc5287bc70 WorkerThread "GC Thread#6"                     [id=18612, stack(0x0000006fa8b00000,0x0000006fa8c00000) (1024K)]
  0x000001bc5287c010 WorkerThread "GC Thread#7"                     [id=23720, stack(0x0000006fa8d00000,0x0000006fa8e00000) (1024K)]
  0x000001bc5287aa50 WorkerThread "GC Thread#8"                     [id=10236, stack(0x0000006fa9100000,0x0000006fa9200000) (1024K)]
  0x000001bc5287b190 WorkerThread "GC Thread#9"                     [id=16164, stack(0x0000006fa9200000,0x0000006fa9300000) (1024K)]
  0x000001bc5287b530 WorkerThread "GC Thread#10"                    [id=17560, stack(0x0000006fa9300000,0x0000006fa9400000) (1024K)]
  0x000001bc57817850 WorkerThread "GC Thread#11"                    [id=12068, stack(0x0000006fa9700000,0x0000006fa9800000) (1024K)]
  0x000001bc57817bf0 WorkerThread "GC Thread#12"                    [id=19516, stack(0x0000006fa8500000,0x0000006fa8600000) (1024K)]
Total: 15

Threads with active compile tasks:
C2 CompilerThread0  5363 5257 %     4       java.util.Properties$LineReader::readLine @ 53 (584 bytes)
C2 CompilerThread1  5363 5027       4       org.eclipse.osgi.internal.loader.ModuleClassLoader::toString (80 bytes)
C2 CompilerThread2  5363 4616       4       org.lombokweb.asm.ClassReader::readMethod (1070 bytes)
Total: 3

VM state: not at safepoint (normal execution)

VM Mutex/Monitor currently owned by a thread: None

Heap address: 0x0000000080000000, size: 2048 MB, Compressed Oops mode: 32-bit

CDS archive(s) mapped at: [0x000001bc0f000000-0x000001bc0fba0000-0x000001bc0fba0000), size 12189696, SharedBaseAddress: 0x000001bc0f000000, ArchiveRelocationMode: 1.
Compressed class space mapped at: 0x000001bc10000000-0x000001bc50000000, reserved size: 1073741824
Narrow klass base: 0x000001bc0f000000, Narrow klass shift: 0, Narrow klass range: 0x100000000

GC Precious Log:
 CardTable entry size: 512
 CPUs: 16 total, 16 available
 Memory: 16085M
 Large Page Support: Disabled
 NUMA Support: Disabled
 Compressed Oops: Enabled (32-bit)
 Alignments: Space 512K, Generation 512K, Heap 2M
 Heap Min Capacity: 100M
 Heap Initial Capacity: 100M
 Heap Max Capacity: 2G
 Pre-touch: Disabled
 Parallel Workers: 13

Heap:
 PSYoungGen      total 23040K, used 6079K [0x00000000d5580000, 0x00000000d7080000, 0x0000000100000000)
  eden space 22016K, 27% used [0x00000000d5580000,0x00000000d5b6fc58,0x00000000d6b00000)
  from space 1024K, 0% used [0x00000000d6d00000,0x00000000d6d00000,0x00000000d6e00000)
  to   space 1536K, 0% used [0x00000000d6f00000,0x00000000d6f00000,0x00000000d7080000)
 ParOldGen       total 68608K, used 19784K [0x0000000080000000, 0x0000000084300000, 0x00000000d5580000)
  object space 68608K, 28% used [0x0000000080000000,0x0000000081352128,0x0000000084300000)
 Metaspace       used 35403K, committed 36544K, reserved 1114112K
  class space    used 3641K, committed 4160K, reserved 1048576K

Card table byte_map: [0x000001bc77460000,0x000001bc77870000] _byte_map_base: 0x000001bc77060000

Marking Bits: (ParMarkBitMap*) 0x00007ffe89b0a340
 Begin Bits: [0x000001bc7af60000, 0x000001bc7cf60000)
 End Bits:   [0x000001bc7cf60000, 0x000001bc7ef60000)

Polling page: 0x000001bc757c0000

Metaspace:

Usage:
  Non-class:     31.02 MB used.
      Class:      3.56 MB used.
       Both:     34.58 MB used.

Virtual space:
  Non-class space:       64.00 MB reserved,      31.62 MB ( 49%) committed,  1 nodes.
      Class space:        1.00 GB reserved,       4.06 MB ( <1%) committed,  1 nodes.
             Both:        1.06 GB reserved,      35.69 MB (  3%) committed. 

Chunk freelists:
   Non-Class:  192.00 KB
       Class:  11.88 MB
        Both:  12.06 MB

MaxMetaspaceSize: unlimited
CompressedClassSpaceSize: 1.00 GB
Initial GC threshold: 21.00 MB
Current GC threshold: 58.38 MB
CDS: on
 - commit_granule_bytes: 65536.
 - commit_granule_words: 8192.
 - virtual_space_node_default_size: 8388608.
 - enlarge_chunks_in_place: 1.
 - use_allocation_guard: 0.


Internal statistics:

num_allocs_failed_limit: 6.
num_arena_births: 898.
num_arena_deaths: 14.
num_vsnodes_births: 2.
num_vsnodes_deaths: 0.
num_space_committed: 572.
num_space_uncommitted: 0.
num_chunks_returned_to_freelist: 20.
num_chunks_taken_from_freelist: 2432.
num_chunk_merges: 8.
num_chunk_splits: 1523.
num_chunks_enlarged: 907.
num_inconsistent_stats: 0.

CodeHeap 'non-profiled nmethods': size=119168Kb used=1946Kb max_used=2295Kb free=117221Kb
 bounds [0x000001bc07ba0000, 0x000001bc07e10000, 0x000001bc0f000000]
CodeHeap 'profiled nmethods': size=119104Kb used=9941Kb max_used=11437Kb free=109162Kb
 bounds [0x000001bc00000000, 0x000001bc00b30000, 0x000001bc07450000]
CodeHeap 'non-nmethods': size=7488Kb used=3060Kb max_used=3102Kb free=4427Kb
 bounds [0x000001bc07450000, 0x000001bc07760000, 0x000001bc07ba0000]
CodeCache: size=245760Kb, used=14947Kb, max_used=16834Kb, free=230810Kb
 total_blobs=5338, nmethods=4681, adapters=559, full_count=0
Compilation: enabled, stopped_count=0, restarted_count=0

Compilation events (20 events):
Event: 5.328 Thread 0x000001bc50b13550 nmethod 5263 0x000001bc00015390 code [0x000001bc00015560, 0x000001bc000157f8]
Event: 5.328 Thread 0x000001bc50b13550 5267       3       java.util.TimSort::sort (229 bytes)
Event: 5.329 Thread 0x000001bc50b142f0 nmethod 5264 0x000001bc000bbe10 code [0x000001bc000bc060, 0x000001bc000bcbf0]
Event: 5.329 Thread 0x000001bc50b142f0 5269       3       org.osgi.framework.Version::<init> (39 bytes)
Event: 5.329 Thread 0x000001bc50b13550 nmethod 5267 0x000001bc00284790 code [0x000001bc002849e0, 0x000001bc002850e0]
Event: 5.330 Thread 0x000001bc50b142f0 nmethod 5269 0x000001bc0002da10 code [0x000001bc0002dbc0, 0x000001bc0002ddb8]
Event: 5.330 Thread 0x000001bc50b142f0 5268       1       org.osgi.framework.Version::getMinor (5 bytes)
Event: 5.330 Thread 0x000001bc50b13550 5266       3       java.util.ImmutableCollections$Set12::<init> (20 bytes)
Event: 5.330 Thread 0x000001bc50b12e80 nmethod 5262 0x000001bc00221410 code [0x000001bc00221820, 0x000001bc002232b8]
Event: 5.330 Thread 0x000001bc50b142f0 nmethod 5268 0x000001bc07bcbb10 code [0x000001bc07bcbca0, 0x000001bc07bcbd68]
Event: 5.330 Thread 0x000001bc50b142f0 5270       3       java.util.Comparator$$Lambda/0x000001bc101f91a0::compare (10 bytes)
Event: 5.331 Thread 0x000001bc50b15090 nmethod 5265 0x000001bc0003b490 code [0x000001bc0003b9c0, 0x000001bc0003d8c0]
Event: 5.331 Thread 0x000001bc50b13550 nmethod 5266 0x000001bc00007510 code [0x000001bc000076e0, 0x000001bc00007ae8]
Event: 5.331 Thread 0x000001bc50b13550 5271       3       java.util.Comparator::lambda$comparingDouble$8dcf42ea$1 (18 bytes)
Event: 5.331 Thread 0x000001bc50b12e80 5272       3       java.lang.Double::compare (54 bytes)
Event: 5.332 Thread 0x000001bc50b15090 5274       3       java.util.ImmutableCollections$ListItr::hasNext (17 bytes)
Event: 5.332 Thread 0x000001bc50b142f0 nmethod 5270 0x000001bc00138b10 code [0x000001bc00138da0, 0x000001bc00139708]
Event: 5.332 Thread 0x000001bc50b13550 nmethod 5271 0x000001bc0004a410 code [0x000001bc0004a680, 0x000001bc0004af70]
Event: 5.332 Thread 0x000001bc50b12e80 nmethod 5272 0x000001bc00034190 code [0x000001bc00034380, 0x000001bc00034978]
Event: 5.332 Thread 0x000001bc50b15090 nmethod 5274 0x000001bc00024710 code [0x000001bc000248a0, 0x000001bc00024a08]

GC Heap History (20 events):
Event: 3.656 GC heap before
{Heap before GC invocations=6 (full 0):
 PSYoungGen      total 29184K, used 29177K [0x00000000d5580000, 0x00000000d7a00000, 0x0000000100000000)
  eden space 25088K, 100% used [0x00000000d5580000,0x00000000d6e00000,0x00000000d6e00000)
  from space 4096K, 99% used [0x00000000d6e80000,0x00000000d727e578,0x00000000d7280000)
  to   space 6144K, 0% used [0x00000000d7400000,0x00000000d7400000,0x00000000d7a00000)
 ParOldGen       total 68608K, used 7436K [0x0000000080000000, 0x0000000084300000, 0x00000000d5580000)
  object space 68608K, 10% used [0x0000000080000000,0x0000000080743010,0x0000000084300000)
 Metaspace       used 18459K, committed 19200K, reserved 1114112K
  class space    used 1912K, committed 2240K, reserved 1048576K
}
Event: 3.661 GC heap after
{Heap after GC invocations=6 (full 0):
 PSYoungGen      total 30208K, used 5332K [0x00000000d5580000, 0x00000000d7980000, 0x0000000100000000)
  eden space 24576K, 0% used [0x00000000d5580000,0x00000000d5580000,0x00000000d6d80000)
  from space 5632K, 94% used [0x00000000d7400000,0x00000000d7935120,0x00000000d7980000)
  to   space 5632K, 0% used [0x00000000d6e80000,0x00000000d6e80000,0x00000000d7400000)
 ParOldGen       total 68608K, used 7444K [0x0000000080000000, 0x0000000084300000, 0x00000000d5580000)
  object space 68608K, 10% used [0x0000000080000000,0x0000000080745010,0x0000000084300000)
 Metaspace       used 18459K, committed 19200K, reserved 1114112K
  class space    used 1912K, committed 2240K, reserved 1048576K
}
Event: 3.950 GC heap before
{Heap before GC invocations=7 (full 0):
 PSYoungGen      total 30208K, used 27189K [0x00000000d5580000, 0x00000000d7980000, 0x0000000100000000)
  eden space 24576K, 88% used [0x00000000d5580000,0x00000000d6ad8478,0x00000000d6d80000)
  from space 5632K, 94% used [0x00000000d7400000,0x00000000d7935120,0x00000000d7980000)
  to   space 5632K, 0% used [0x00000000d6e80000,0x00000000d6e80000,0x00000000d7400000)
 ParOldGen       total 68608K, used 7444K [0x0000000080000000, 0x0000000084300000, 0x00000000d5580000)
  object space 68608K, 10% used [0x0000000080000000,0x0000000080745010,0x0000000084300000)
 Metaspace       used 20641K, committed 21504K, reserved 1114112K
  class space    used 2162K, committed 2560K, reserved 1048576K
}
Event: 3.956 GC heap after
{Heap after GC invocations=7 (full 0):
 PSYoungGen      total 29184K, used 4380K [0x00000000d5580000, 0x00000000d7780000, 0x0000000100000000)
  eden space 24576K, 0% used [0x00000000d5580000,0x00000000d5580000,0x00000000d6d80000)
  from space 4608K, 95% used [0x00000000d6e80000,0x00000000d72c73b0,0x00000000d7300000)
  to   space 4608K, 0% used [0x00000000d7300000,0x00000000d7300000,0x00000000d7780000)
 ParOldGen       total 68608K, used 9242K [0x0000000080000000, 0x0000000084300000, 0x00000000d5580000)
  object space 68608K, 13% used [0x0000000080000000,0x0000000080906840,0x0000000084300000)
 Metaspace       used 20641K, committed 21504K, reserved 1114112K
  class space    used 2162K, committed 2560K, reserved 1048576K
}
Event: 3.956 GC heap before
{Heap before GC invocations=8 (full 1):
 PSYoungGen      total 29184K, used 4380K [0x00000000d5580000, 0x00000000d7780000, 0x0000000100000000)
  eden space 24576K, 0% used [0x00000000d5580000,0x00000000d5580000,0x00000000d6d80000)
  from space 4608K, 95% used [0x00000000d6e80000,0x00000000d72c73b0,0x00000000d7300000)
  to   space 4608K, 0% used [0x00000000d7300000,0x00000000d7300000,0x00000000d7780000)
 ParOldGen       total 68608K, used 9242K [0x0000000080000000, 0x0000000084300000, 0x00000000d5580000)
  object space 68608K, 13% used [0x0000000080000000,0x0000000080906840,0x0000000084300000)
 Metaspace       used 20641K, committed 21504K, reserved 1114112K
  class space    used 2162K, committed 2560K, reserved 1048576K
}
Event: 3.991 GC heap after
{Heap after GC invocations=8 (full 1):
 PSYoungGen      total 29184K, used 0K [0x00000000d5580000, 0x00000000d7780000, 0x0000000100000000)
  eden space 24576K, 0% used [0x00000000d5580000,0x00000000d5580000,0x00000000d6d80000)
  from space 4608K, 0% used [0x00000000d6e80000,0x00000000d6e80000,0x00000000d7300000)
  to   space 4608K, 0% used [0x00000000d7300000,0x00000000d7300000,0x00000000d7780000)
 ParOldGen       total 68608K, used 12615K [0x0000000080000000, 0x0000000084300000, 0x00000000d5580000)
  object space 68608K, 18% used [0x0000000080000000,0x0000000080c51e78,0x0000000084300000)
 Metaspace       used 20629K, committed 21504K, reserved 1114112K
  class space    used 2159K, committed 2560K, reserved 1048576K
}
Event: 4.262 GC heap before
{Heap before GC invocations=9 (full 1):
 PSYoungGen      total 29184K, used 24576K [0x00000000d5580000, 0x00000000d7780000, 0x0000000100000000)
  eden space 24576K, 100% used [0x00000000d5580000,0x00000000d6d80000,0x00000000d6d80000)
  from space 4608K, 0% used [0x00000000d6e80000,0x00000000d6e80000,0x00000000d7300000)
  to   space 4608K, 0% used [0x00000000d7300000,0x00000000d7300000,0x00000000d7780000)
 ParOldGen       total 68608K, used 12615K [0x0000000080000000, 0x0000000084300000, 0x00000000d5580000)
  object space 68608K, 18% used [0x0000000080000000,0x0000000080c51e78,0x0000000084300000)
 Metaspace       used 22782K, committed 23744K, reserved 1114112K
  class space    used 2361K, committed 2816K, reserved 1048576K
}
Event: 4.264 GC heap after
{Heap after GC invocations=9 (full 1):
 PSYoungGen      total 27136K, used 2802K [0x00000000d5580000, 0x00000000d7600000, 0x0000000100000000)
  eden space 24064K, 0% used [0x00000000d5580000,0x00000000d5580000,0x00000000d6d00000)
  from space 3072K, 91% used [0x00000000d7300000,0x00000000d75bcb40,0x00000000d7600000)
  to   space 3584K, 0% used [0x00000000d6f00000,0x00000000d6f00000,0x00000000d7280000)
 ParOldGen       total 68608K, used 12623K [0x0000000080000000, 0x0000000084300000, 0x00000000d5580000)
  object space 68608K, 18% used [0x0000000080000000,0x0000000080c53e78,0x0000000084300000)
 Metaspace       used 22782K, committed 23744K, reserved 1114112K
  class space    used 2361K, committed 2816K, reserved 1048576K
}
Event: 4.521 GC heap before
{Heap before GC invocations=10 (full 1):
 PSYoungGen      total 27136K, used 26866K [0x00000000d5580000, 0x00000000d7600000, 0x0000000100000000)
  eden space 24064K, 100% used [0x00000000d5580000,0x00000000d6d00000,0x00000000d6d00000)
  from space 3072K, 91% used [0x00000000d7300000,0x00000000d75bcb40,0x00000000d7600000)
  to   space 3584K, 0% used [0x00000000d6f00000,0x00000000d6f00000,0x00000000d7280000)
 ParOldGen       total 68608K, used 12623K [0x0000000080000000, 0x0000000084300000, 0x00000000d5580000)
  object space 68608K, 18% used [0x0000000080000000,0x0000000080c53e78,0x0000000084300000)
 Metaspace       used 26093K, committed 27008K, reserved 1114112K
  class space    used 2604K, committed 3008K, reserved 1048576K
}
Event: 4.523 GC heap after
{Heap after GC invocations=10 (full 1):
 PSYoungGen      total 27136K, used 3581K [0x00000000d5580000, 0x00000000d7480000, 0x0000000100000000)
  eden space 23552K, 0% used [0x00000000d5580000,0x00000000d5580000,0x00000000d6c80000)
  from space 3584K, 99% used [0x00000000d6f00000,0x00000000d727f5c8,0x00000000d7280000)
  to   space 2048K, 0% used [0x00000000d7280000,0x00000000d7280000,0x00000000d7480000)
 ParOldGen       total 68608K, used 12919K [0x0000000080000000, 0x0000000084300000, 0x00000000d5580000)
  object space 68608K, 18% used [0x0000000080000000,0x0000000080c9de78,0x0000000084300000)
 Metaspace       used 26093K, committed 27008K, reserved 1114112K
  class space    used 2604K, committed 3008K, reserved 1048576K
}
Event: 4.761 GC heap before
{Heap before GC invocations=11 (full 1):
 PSYoungGen      total 27136K, used 27133K [0x00000000d5580000, 0x00000000d7480000, 0x0000000100000000)
  eden space 23552K, 100% used [0x00000000d5580000,0x00000000d6c80000,0x00000000d6c80000)
  from space 3584K, 99% used [0x00000000d6f00000,0x00000000d727f5c8,0x00000000d7280000)
  to   space 2048K, 0% used [0x00000000d7280000,0x00000000d7280000,0x00000000d7480000)
 ParOldGen       total 68608K, used 12919K [0x0000000080000000, 0x0000000084300000, 0x00000000d5580000)
  object space 68608K, 18% used [0x0000000080000000,0x0000000080c9de78,0x0000000084300000)
 Metaspace       used 27774K, committed 28800K, reserved 1114112K
  class space    used 2711K, committed 3136K, reserved 1048576K
}
Event: 4.764 GC heap after
{Heap after GC invocations=11 (full 1):
 PSYoungGen      total 25088K, used 2038K [0x00000000d5580000, 0x00000000d7480000, 0x0000000100000000)
  eden space 23040K, 0% used [0x00000000d5580000,0x00000000d5580000,0x00000000d6c00000)
  from space 2048K, 99% used [0x00000000d7280000,0x00000000d747daf0,0x00000000d7480000)
  to   space 4096K, 0% used [0x00000000d6c80000,0x00000000d6c80000,0x00000000d7080000)
 ParOldGen       total 68608K, used 14838K [0x0000000080000000, 0x0000000084300000, 0x00000000d5580000)
  object space 68608K, 21% used [0x0000000080000000,0x0000000080e7d9f0,0x0000000084300000)
 Metaspace       used 27774K, committed 28800K, reserved 1114112K
  class space    used 2711K, committed 3136K, reserved 1048576K
}
Event: 5.100 GC heap before
{Heap before GC invocations=12 (full 1):
 PSYoungGen      total 25088K, used 25078K [0x00000000d5580000, 0x00000000d7480000, 0x0000000100000000)
  eden space 23040K, 100% used [0x00000000d5580000,0x00000000d6c00000,0x00000000d6c00000)
  from space 2048K, 99% used [0x00000000d7280000,0x00000000d747daf0,0x00000000d7480000)
  to   space 4096K, 0% used [0x00000000d6c80000,0x00000000d6c80000,0x00000000d7080000)
 ParOldGen       total 68608K, used 14838K [0x0000000080000000, 0x0000000084300000, 0x00000000d5580000)
  object space 68608K, 21% used [0x0000000080000000,0x0000000080e7d9f0,0x0000000084300000)
 Metaspace       used 31143K, committed 32256K, reserved 1114112K
  class space    used 3083K, committed 3584K, reserved 1048576K
}
Event: 5.102 GC heap after
{Heap after GC invocations=12 (full 1):
 PSYoungGen      total 25088K, used 2316K [0x00000000d5580000, 0x00000000d7300000, 0x0000000100000000)
  eden space 22528K, 0% used [0x00000000d5580000,0x00000000d5580000,0x00000000d6b80000)
  from space 2560K, 90% used [0x00000000d6c80000,0x00000000d6ec31e8,0x00000000d6f00000)
  to   space 3072K, 0% used [0x00000000d7000000,0x00000000d7000000,0x00000000d7300000)
 ParOldGen       total 68608K, used 16617K [0x0000000080000000, 0x0000000084300000, 0x00000000d5580000)
  object space 68608K, 24% used [0x0000000080000000,0x000000008103a720,0x0000000084300000)
 Metaspace       used 31143K, committed 32256K, reserved 1114112K
  class space    used 3083K, committed 3584K, reserved 1048576K
}
Event: 5.224 GC heap before
{Heap before GC invocations=13 (full 1):
 PSYoungGen      total 25088K, used 24844K [0x00000000d5580000, 0x00000000d7300000, 0x0000000100000000)
  eden space 22528K, 100% used [0x00000000d5580000,0x00000000d6b80000,0x00000000d6b80000)
  from space 2560K, 90% used [0x00000000d6c80000,0x00000000d6ec31e8,0x00000000d6f00000)
  to   space 3072K, 0% used [0x00000000d7000000,0x00000000d7000000,0x00000000d7300000)
 ParOldGen       total 68608K, used 16617K [0x0000000080000000, 0x0000000084300000, 0x00000000d5580000)
  object space 68608K, 24% used [0x0000000080000000,0x000000008103a720,0x0000000084300000)
 Metaspace       used 33981K, committed 35136K, reserved 1114112K
  class space    used 3435K, committed 3904K, reserved 1048576K
}
Event: 5.229 GC heap after
{Heap after GC invocations=13 (full 1):
 PSYoungGen      total 24064K, used 1968K [0x00000000d5580000, 0x00000000d7200000, 0x0000000100000000)
  eden space 22016K, 0% used [0x00000000d5580000,0x00000000d5580000,0x00000000d6b00000)
  from space 2048K, 96% used [0x00000000d7000000,0x00000000d71ec010,0x00000000d7200000)
  to   space 2560K, 0% used [0x00000000d6d00000,0x00000000d6d00000,0x00000000d6f80000)
 ParOldGen       total 68608K, used 18622K [0x0000000080000000, 0x0000000084300000, 0x00000000d5580000)
  object space 68608K, 27% used [0x0000000080000000,0x000000008122f8d8,0x0000000084300000)
 Metaspace       used 33981K, committed 35136K, reserved 1114112K
  class space    used 3435K, committed 3904K, reserved 1048576K
}
Event: 5.267 GC heap before
{Heap before GC invocations=14 (full 1):
 PSYoungGen      total 24064K, used 9539K [0x00000000d5580000, 0x00000000d7200000, 0x0000000100000000)
  eden space 22016K, 34% used [0x00000000d5580000,0x00000000d5ce4fd0,0x00000000d6b00000)
  from space 2048K, 96% used [0x00000000d7000000,0x00000000d71ec010,0x00000000d7200000)
  to   space 2560K, 0% used [0x00000000d6d00000,0x00000000d6d00000,0x00000000d6f80000)
 ParOldGen       total 68608K, used 18622K [0x0000000080000000, 0x0000000084300000, 0x00000000d5580000)
  object space 68608K, 27% used [0x0000000080000000,0x000000008122f8d8,0x0000000084300000)
 Metaspace       used 34755K, committed 35840K, reserved 1114112K
  class space    used 3547K, committed 4032K, reserved 1048576K
}
Event: 5.271 GC heap after
{Heap after GC invocations=14 (full 1):
 PSYoungGen      total 23040K, used 736K [0x00000000d5580000, 0x00000000d7080000, 0x0000000100000000)
  eden space 22016K, 0% used [0x00000000d5580000,0x00000000d5580000,0x00000000d6b00000)
  from space 1024K, 71% used [0x00000000d6d00000,0x00000000d6db8000,0x00000000d6e00000)
  to   space 1536K, 0% used [0x00000000d6f00000,0x00000000d6f00000,0x00000000d7080000)
 ParOldGen       total 68608K, used 20342K [0x0000000080000000, 0x0000000084300000, 0x00000000d5580000)
  object space 68608K, 29% used [0x0000000080000000,0x00000000813dd8f8,0x0000000084300000)
 Metaspace       used 34755K, committed 35840K, reserved 1114112K
  class space    used 3547K, committed 4032K, reserved 1048576K
}
Event: 5.271 GC heap before
{Heap before GC invocations=15 (full 2):
 PSYoungGen      total 23040K, used 736K [0x00000000d5580000, 0x00000000d7080000, 0x0000000100000000)
  eden space 22016K, 0% used [0x00000000d5580000,0x00000000d5580000,0x00000000d6b00000)
  from space 1024K, 71% used [0x00000000d6d00000,0x00000000d6db8000,0x00000000d6e00000)
  to   space 1536K, 0% used [0x00000000d6f00000,0x00000000d6f00000,0x00000000d7080000)
 ParOldGen       total 68608K, used 20342K [0x0000000080000000, 0x0000000084300000, 0x00000000d5580000)
  object space 68608K, 29% used [0x0000000080000000,0x00000000813dd8f8,0x0000000084300000)
 Metaspace       used 34755K, committed 35840K, reserved 1114112K
  class space    used 3547K, committed 4032K, reserved 1048576K
}
Event: 5.320 GC heap after
{Heap after GC invocations=15 (full 2):
 PSYoungGen      total 23040K, used 0K [0x00000000d5580000, 0x00000000d7080000, 0x0000000100000000)
  eden space 22016K, 0% used [0x00000000d5580000,0x00000000d5580000,0x00000000d6b00000)
  from space 1024K, 0% used [0x00000000d6d00000,0x00000000d6d00000,0x00000000d6e00000)
  to   space 1536K, 0% used [0x00000000d6f00000,0x00000000d6f00000,0x00000000d7080000)
 ParOldGen       total 68608K, used 19784K [0x0000000080000000, 0x0000000084300000, 0x00000000d5580000)
  object space 68608K, 28% used [0x0000000080000000,0x0000000081352128,0x0000000084300000)
 Metaspace       used 34755K, committed 35840K, reserved 1114112K
  class space    used 3547K, committed 4032K, reserved 1048576K
}

Dll operation events (10 events):
Event: 0.024 Loaded shared library c:\Users\OMAR INFO\.windsurf\extensions\redhat.java-1.45.0-win32-x64\jre\21.0.8-win32-x86_64\bin\java.dll
Event: 0.105 Loaded shared library c:\Users\OMAR INFO\.windsurf\extensions\redhat.java-1.45.0-win32-x64\jre\21.0.8-win32-x86_64\bin\zip.dll
Event: 0.131 Loaded shared library C:\Users\OMAR INFO\.windsurf\extensions\redhat.java-1.45.0-win32-x64\jre\21.0.8-win32-x86_64\bin\instrument.dll
Event: 0.151 Loaded shared library C:\Users\OMAR INFO\.windsurf\extensions\redhat.java-1.45.0-win32-x64\jre\21.0.8-win32-x86_64\bin\net.dll
Event: 0.159 Loaded shared library C:\Users\OMAR INFO\.windsurf\extensions\redhat.java-1.45.0-win32-x64\jre\21.0.8-win32-x86_64\bin\nio.dll
Event: 0.164 Loaded shared library C:\Users\OMAR INFO\.windsurf\extensions\redhat.java-1.45.0-win32-x64\jre\21.0.8-win32-x86_64\bin\zip.dll
Event: 0.184 Loaded shared library C:\Users\OMAR INFO\.windsurf\extensions\redhat.java-1.45.0-win32-x64\jre\21.0.8-win32-x86_64\bin\jimage.dll
Event: 0.274 Loaded shared library c:\Users\OMAR INFO\.windsurf\extensions\redhat.java-1.45.0-win32-x64\jre\21.0.8-win32-x86_64\bin\verify.dll
Event: 1.812 Loaded shared library C:\Users\OMAR INFO\AppData\Roaming\Windsurf\User\globalStorage\redhat.java\1.45.0\config_win\org.eclipse.equinox.launcher\org.eclipse.equinox.launcher.win32.win32.x86_64_1.2.1400.v20250801-0854\eclipse_11916.dll
Event: 3.367 Loaded shared library C:\Users\OMAR INFO\AppData\Local\Temp\jna--64980065\jna4168006007127133940.dll

Deoptimization events (20 events):
Event: 5.147 Thread 0x000001bc5717c920 Uncommon trap: trap_request=0xffffff45 fr.pc=0x000001bc07d19a78 relative=0x0000000000001df8
Event: 5.147 Thread 0x000001bc5717c920 Uncommon trap: reason=unstable_if action=reinterpret pc=0x000001bc07d19a78 method=sun.nio.fs.WindowsPathParser.nextNonSlash(Ljava/lang/String;II)I @ 2 c2
Event: 5.147 Thread 0x000001bc5717c920 DEOPT PACKING pc=0x000001bc07d19a78 sp=0x0000006fa9bfdb00
Event: 5.147 Thread 0x000001bc5717c920 DEOPT UNPACKING pc=0x000001bc074a6da2 sp=0x0000006fa9bfda80 mode 2
Event: 5.265 Thread 0x000001bc5717c920 Uncommon trap: trap_request=0xffffffc6 fr.pc=0x000001bc07c9efc0 relative=0x0000000000000f60
Event: 5.265 Thread 0x000001bc5717c920 Uncommon trap: reason=bimorphic_or_optimized_type_check action=maybe_recompile pc=0x000001bc07c9efc0 method=java.util.Properties$LineReader.readLine()I @ 479 c2
Event: 5.265 Thread 0x000001bc5717c920 DEOPT PACKING pc=0x000001bc07c9efc0 sp=0x0000006fa9bfe930
Event: 5.265 Thread 0x000001bc5717c920 DEOPT UNPACKING pc=0x000001bc074a6da2 sp=0x0000006fa9bfe8c8 mode 2
Event: 5.265 Thread 0x000001bc5717c920 Uncommon trap: trap_request=0xffffffc6 fr.pc=0x000001bc07c9efc0 relative=0x0000000000000f60
Event: 5.265 Thread 0x000001bc5717c920 Uncommon trap: reason=bimorphic_or_optimized_type_check action=maybe_recompile pc=0x000001bc07c9efc0 method=java.util.Properties$LineReader.readLine()I @ 479 c2
Event: 5.265 Thread 0x000001bc5717c920 DEOPT PACKING pc=0x000001bc07c9efc0 sp=0x0000006fa9bfe930
Event: 5.265 Thread 0x000001bc5717c920 DEOPT UNPACKING pc=0x000001bc074a6da2 sp=0x0000006fa9bfe8c8 mode 2
Event: 5.266 Thread 0x000001bc5717c920 Uncommon trap: trap_request=0xffffffc6 fr.pc=0x000001bc07c9efc0 relative=0x0000000000000f60
Event: 5.266 Thread 0x000001bc5717c920 Uncommon trap: reason=bimorphic_or_optimized_type_check action=maybe_recompile pc=0x000001bc07c9efc0 method=java.util.Properties$LineReader.readLine()I @ 479 c2
Event: 5.266 Thread 0x000001bc5717c920 DEOPT PACKING pc=0x000001bc07c9efc0 sp=0x0000006fa9bfe930
Event: 5.266 Thread 0x000001bc5717c920 DEOPT UNPACKING pc=0x000001bc074a6da2 sp=0x0000006fa9bfe8c8 mode 2
Event: 5.266 Thread 0x000001bc5717c920 Uncommon trap: trap_request=0xffffffc6 fr.pc=0x000001bc07c9efc0 relative=0x0000000000000f60
Event: 5.266 Thread 0x000001bc5717c920 Uncommon trap: reason=bimorphic_or_optimized_type_check action=maybe_recompile pc=0x000001bc07c9efc0 method=java.util.Properties$LineReader.readLine()I @ 479 c2
Event: 5.266 Thread 0x000001bc5717c920 DEOPT PACKING pc=0x000001bc07c9efc0 sp=0x0000006fa9bfe930
Event: 5.266 Thread 0x000001bc5717c920 DEOPT UNPACKING pc=0x000001bc074a6da2 sp=0x0000006fa9bfe8c8 mode 2

Classes loaded (20 events):
Event: 5.190 Loading class sun/reflect/generics/scope/MethodScope
Event: 5.190 Loading class sun/reflect/generics/scope/MethodScope done
Event: 5.190 Loading class sun/reflect/generics/repository/MethodRepository
Event: 5.190 Loading class sun/reflect/generics/repository/ConstructorRepository
Event: 5.190 Loading class sun/reflect/generics/repository/ConstructorRepository done
Event: 5.191 Loading class sun/reflect/generics/repository/MethodRepository done
Event: 5.191 Loading class sun/reflect/generics/tree/MethodTypeSignature
Event: 5.191 Loading class sun/reflect/generics/tree/MethodTypeSignature done
Event: 5.209 Loading class java/lang/Deprecated
Event: 5.209 Loading class java/lang/Deprecated done
Event: 5.210 Loading class jdk/internal/vm/annotation/IntrinsicCandidate
Event: 5.211 Loading class jdk/internal/vm/annotation/IntrinsicCandidate done
Event: 5.240 Loading class java/io/FilterReader
Event: 5.241 Loading class java/io/FilterReader done
Event: 5.251 Loading class sun/reflect/generics/tree/BottomSignature
Event: 5.251 Loading class sun/reflect/generics/tree/BottomSignature done
Event: 5.251 Loading class sun/reflect/generics/tree/Wildcard
Event: 5.251 Loading class sun/reflect/generics/tree/Wildcard done
Event: 5.251 Loading class sun/reflect/generics/reflectiveObjects/WildcardTypeImpl
Event: 5.252 Loading class sun/reflect/generics/reflectiveObjects/WildcardTypeImpl done

Classes unloaded (7 events):
Event: 3.963 Thread 0x000001bc77b728f0 Unloading class 0x000001bc101a5000 'java/lang/invoke/LambdaForm$MH+0x000001bc101a5000'
Event: 3.963 Thread 0x000001bc77b728f0 Unloading class 0x000001bc101a4c00 'java/lang/invoke/LambdaForm$MH+0x000001bc101a4c00'
Event: 3.963 Thread 0x000001bc77b728f0 Unloading class 0x000001bc101a4800 'java/lang/invoke/LambdaForm$MH+0x000001bc101a4800'
Event: 3.963 Thread 0x000001bc77b728f0 Unloading class 0x000001bc101a4400 'java/lang/invoke/LambdaForm$MH+0x000001bc101a4400'
Event: 3.963 Thread 0x000001bc77b728f0 Unloading class 0x000001bc101a4000 'java/lang/invoke/LambdaForm$BMH+0x000001bc101a4000'
Event: 3.963 Thread 0x000001bc77b728f0 Unloading class 0x000001bc101a3c00 'java/lang/invoke/LambdaForm$DMH+0x000001bc101a3c00'
Event: 3.963 Thread 0x000001bc77b728f0 Unloading class 0x000001bc101a2800 'java/lang/invoke/LambdaForm$DMH+0x000001bc101a2800'

Classes redefined (0 events):
No events

Internal exceptions (20 events):
Event: 5.157 Thread 0x000001bc5717c920 Exception <a 'sun/nio/fs/WindowsException'{0x00000000d6292c68}> (0x00000000d6292c68) 
thrown [s\src\hotspot\share\prims\jni.cpp, line 520]
Event: 5.157 Thread 0x000001bc5717c920 Exception <a 'sun/nio/fs/WindowsException'{0x00000000d62932d0}> (0x00000000d62932d0) 
thrown [s\src\hotspot\share\prims\jni.cpp, line 520]
Event: 5.158 Thread 0x000001bc5717c920 Exception <a 'sun/nio/fs/WindowsException'{0x00000000d6293ce0}> (0x00000000d6293ce0) 
thrown [s\src\hotspot\share\prims\jni.cpp, line 520]
Event: 5.158 Thread 0x000001bc5717c920 Exception <a 'sun/nio/fs/WindowsException'{0x00000000d62c0988}> (0x00000000d62c0988) 
thrown [s\src\hotspot\share\prims\jni.cpp, line 520]
Event: 5.162 Thread 0x000001bc5717c920 Exception <a 'sun/nio/fs/WindowsException'{0x00000000d632a050}> (0x00000000d632a050) 
thrown [s\src\hotspot\share\prims\jni.cpp, line 520]
Event: 5.162 Thread 0x000001bc5717c920 Exception <a 'sun/nio/fs/WindowsException'{0x00000000d632a6a0}> (0x00000000d632a6a0) 
thrown [s\src\hotspot\share\prims\jni.cpp, line 520]
Event: 5.169 Thread 0x000001bc5717d640 Exception <a 'java/lang/NoSuchMethodError'{0x00000000d639cbe0}: 'java.lang.Object java.lang.invoke.DirectMethodHandle$Holder.invokeSpecialIFC(java.lang.Object, java.lang.Object, java.lang.Object, java.lang.Object)'> (0x00000000d639cbe0) 
thrown [s\src\hotspot\share\interpreter\linkResolver.cpp, line 773]
Event: 5.185 Thread 0x000001bc5717c920 Exception <a 'sun/nio/fs/WindowsException'{0x00000000d66589a8}> (0x00000000d66589a8) 
thrown [s\src\hotspot\share\prims\jni.cpp, line 520]
Event: 5.185 Thread 0x000001bc5717c920 Exception <a 'sun/nio/fs/WindowsException'{0x00000000d6658fd8}> (0x00000000d6658fd8) 
thrown [s\src\hotspot\share\prims\jni.cpp, line 520]
Event: 5.185 Thread 0x000001bc5717c920 Exception <a 'sun/nio/fs/WindowsException'{0x00000000d66598f8}> (0x00000000d66598f8) 
thrown [s\src\hotspot\share\prims\jni.cpp, line 520]
Event: 5.185 Thread 0x000001bc5717c920 Exception <a 'sun/nio/fs/WindowsException'{0x00000000d6659f28}> (0x00000000d6659f28) 
thrown [s\src\hotspot\share\prims\jni.cpp, line 520]
Event: 5.186 Thread 0x000001bc5717c920 Exception <a 'sun/nio/fs/WindowsException'{0x00000000d665a8a8}> (0x00000000d665a8a8) 
thrown [s\src\hotspot\share\prims\jni.cpp, line 520]
Event: 5.186 Thread 0x000001bc5717c920 Exception <a 'sun/nio/fs/WindowsException'{0x00000000d665aed8}> (0x00000000d665aed8) 
thrown [s\src\hotspot\share\prims\jni.cpp, line 520]
Event: 5.186 Thread 0x000001bc5717c920 Exception <a 'sun/nio/fs/WindowsException'{0x00000000d66f65a0}> (0x00000000d66f65a0) 
thrown [s\src\hotspot\share\prims\jni.cpp, line 520]
Event: 5.186 Thread 0x000001bc5717c920 Exception <a 'sun/nio/fs/WindowsException'{0x00000000d66f6bd0}> (0x00000000d66f6bd0) 
thrown [s\src\hotspot\share\prims\jni.cpp, line 520]
Event: 5.189 Thread 0x000001bc5717c920 Exception <a 'java/lang/NoSuchMethodError'{0x00000000d6784618}: 'void java.lang.invoke.DirectMethodHandle$Holder.invokeVirtual(java.lang.Object, java.lang.Object, java.lang.Object, java.lang.Object)'> (0x00000000d6784618) 
thrown [s\src\hotspot\share\interpreter\linkResolver.cpp, line 773]
Event: 5.200 Thread 0x000001bc5717c920 Exception <a 'java/io/FileNotFoundException'{0x00000000d68f5d60}> (0x00000000d68f5d60) 
thrown [s\src\hotspot\share\prims\jni.cpp, line 520]
Event: 5.256 Thread 0x000001bc5717c920 Exception <a 'java/lang/NoSuchMethodError'{0x00000000d5ad0140}: 'int java.lang.invoke.DirectMethodHandle$Holder.invokeSpecial(java.lang.Object, java.lang.Object, java.lang.Object, java.lang.Object)'> (0x00000000d5ad0140) 
thrown [s\src\hotspot\share\interpreter\linkResolver.cpp, line 773]
Event: 5.331 Thread 0x000001bc5717c920 Exception <a 'sun/nio/fs/WindowsException'{0x00000000d56ab458}> (0x00000000d56ab458) 
thrown [s\src\hotspot\share\prims\jni.cpp, line 520]
Event: 5.331 Thread 0x000001bc5717c920 Exception <a 'sun/nio/fs/WindowsException'{0x00000000d56abaa8}> (0x00000000d56abaa8) 
thrown [s\src\hotspot\share\prims\jni.cpp, line 520]

ZGC Phase Switch (0 events):
No events

VM Operations (20 events):
Event: 4.521 Executing VM operation: ParallelGCFailedAllocation (Allocation Failure)
Event: 4.523 Executing VM operation: ParallelGCFailedAllocation (Allocation Failure) done
Event: 4.761 Executing VM operation: ParallelGCFailedAllocation (Allocation Failure)
Event: 4.764 Executing VM operation: ParallelGCFailedAllocation (Allocation Failure) done
Event: 4.843 Executing VM operation: HandshakeAllThreads (Deoptimize)
Event: 4.843 Executing VM operation: HandshakeAllThreads (Deoptimize) done
Event: 4.934 Executing VM operation: HandshakeAllThreads (Deoptimize)
Event: 4.934 Executing VM operation: HandshakeAllThreads (Deoptimize) done
Event: 4.938 Executing VM operation: HandshakeAllThreads (Deoptimize)
Event: 4.938 Executing VM operation: HandshakeAllThreads (Deoptimize) done
Event: 4.967 Executing VM operation: HandshakeAllThreads (Deoptimize)
Event: 4.967 Executing VM operation: HandshakeAllThreads (Deoptimize) done
Event: 5.099 Executing VM operation: ParallelGCFailedAllocation (Allocation Failure)
Event: 5.102 Executing VM operation: ParallelGCFailedAllocation (Allocation Failure) done
Event: 5.138 Executing VM operation: HandshakeAllThreads (Deoptimize)
Event: 5.138 Executing VM operation: HandshakeAllThreads (Deoptimize) done
Event: 5.224 Executing VM operation: ParallelGCFailedAllocation (Allocation Failure)
Event: 5.229 Executing VM operation: ParallelGCFailedAllocation (Allocation Failure) done
Event: 5.267 Executing VM operation: CollectForMetadataAllocation (Metadata GC Threshold)
Event: 5.320 Executing VM operation: CollectForMetadataAllocation (Metadata GC Threshold) done

Memory protections (0 events):
No events

Nmethod flushes (20 events):
Event: 5.299 Thread 0x000001bc77b728f0 flushing  nmethod 0x000001bc0071dd10
Event: 5.299 Thread 0x000001bc77b728f0 flushing  nmethod 0x000001bc00722a10
Event: 5.299 Thread 0x000001bc77b728f0 flushing  nmethod 0x000001bc00753b10
Event: 5.299 Thread 0x000001bc77b728f0 flushing  nmethod 0x000001bc00755610
Event: 5.299 Thread 0x000001bc77b728f0 flushing  nmethod 0x000001bc00755f10
Event: 5.299 Thread 0x000001bc77b728f0 flushing  nmethod 0x000001bc00757110
Event: 5.299 Thread 0x000001bc77b728f0 flushing  nmethod 0x000001bc00757d10
Event: 5.299 Thread 0x000001bc77b728f0 flushing  nmethod 0x000001bc00758490
Event: 5.299 Thread 0x000001bc77b728f0 flushing  nmethod 0x000001bc00759a10
Event: 5.299 Thread 0x000001bc77b728f0 flushing  nmethod 0x000001bc00759f10
Event: 5.299 Thread 0x000001bc77b728f0 flushing  nmethod 0x000001bc0075a810
Event: 5.299 Thread 0x000001bc77b728f0 flushing  nmethod 0x000001bc0075bc10
Event: 5.299 Thread 0x000001bc77b728f0 flushing  nmethod 0x000001bc0075d690
Event: 5.299 Thread 0x000001bc77b728f0 flushing  nmethod 0x000001bc0075f110
Event: 5.299 Thread 0x000001bc77b728f0 flushing  nmethod 0x000001bc007a5890
Event: 5.299 Thread 0x000001bc77b728f0 flushing  nmethod 0x000001bc007abc10
Event: 5.299 Thread 0x000001bc77b728f0 flushing  nmethod 0x000001bc007cd110
Event: 5.299 Thread 0x000001bc77b728f0 flushing  nmethod 0x000001bc00860c10
Event: 5.299 Thread 0x000001bc77b728f0 flushing  nmethod 0x000001bc0089eb90
Event: 5.299 Thread 0x000001bc77b728f0 flushing  nmethod 0x000001bc0089f010

Events (20 events):
Event: 5.079 Thread 0x000001bc5717bc00 Thread added: 0x000001bc5717d640
Event: 5.116 Thread 0x000001bc5717d640 Thread added: 0x000001bc5717a1c0
Event: 5.139 Thread 0x000001bc77ab0b50 Thread added: 0x000001bc5717a850
Event: 5.139 Thread 0x000001bc77ab0b50 Thread added: 0x000001bc5717b570
Event: 5.139 Thread 0x000001bc77ab0b50 Thread added: 0x000001bc5ac55d90
Event: 5.139 Thread 0x000001bc77ab0b50 Thread added: 0x000001bc5ac55700
Event: 5.139 Thread 0x000001bc77ab0b50 Thread added: 0x000001bc5ac54350
Event: 5.140 Thread 0x000001bc77ab0b50 Thread added: 0x000001bc5ac55070
Event: 5.140 Thread 0x000001bc77ab0b50 Thread added: 0x000001bc5ac59210
Event: 5.140 Thread 0x000001bc77ab0b50 Thread added: 0x000001bc5ac52fa0
Event: 5.140 Thread 0x000001bc77ab0b50 Thread added: 0x000001bc5ac56420
Event: 5.140 Thread 0x000001bc77ab0b50 Thread added: 0x000001bc5ac56ab0
Event: 5.140 Thread 0x000001bc77ab0b50 Thread added: 0x000001bc5ac57140
Event: 5.140 Thread 0x000001bc77ab0b50 Thread added: 0x000001bc5ac549e0
Event: 5.141 Thread 0x000001bc77ab0b50 Thread added: 0x000001bc5ac598a0
Event: 5.141 Thread 0x000001bc77ab0b50 Thread added: 0x000001bc5ac59f30
Event: 5.141 Thread 0x000001bc77ab0b50 Thread added: 0x000001bc5ac53cc0
Event: 5.141 Thread 0x000001bc77ab0b50 Thread added: 0x000001bc5ac5a5c0
Event: 5.141 Thread 0x000001bc77ab0b50 Thread added: 0x000001bc5ac577d0
Event: 5.174 Thread 0x000001bc77ab0b50 Thread added: 0x000001bc5ac584f0


Dynamic libraries:
0x00007ff70a800000 - 0x00007ff70a80e000 	c:\Users\OMAR INFO\.windsurf\extensions\redhat.java-1.45.0-win32-x64\jre\21.0.8-win32-x86_64\bin\java.exe
0x00007ffeec490000 - 0x00007ffeec688000 	C:\Windows\SYSTEM32\ntdll.dll
0x00007ffeea8d0000 - 0x00007ffeea992000 	C:\Windows\System32\KERNEL32.DLL
0x00007ffee9da0000 - 0x00007ffeea096000 	C:\Windows\System32\KERNELBASE.dll
0x00007ffee9b30000 - 0x00007ffee9c30000 	C:\Windows\System32\ucrtbase.dll
0x00007ffeaf590000 - 0x00007ffeaf5a8000 	c:\Users\OMAR INFO\.windsurf\extensions\redhat.java-1.45.0-win32-x64\jre\21.0.8-win32-x86_64\bin\jli.dll
0x00007ffea3930000 - 0x00007ffea394e000 	c:\Users\OMAR INFO\.windsurf\extensions\redhat.java-1.45.0-win32-x64\jre\21.0.8-win32-x86_64\bin\VCRUNTIME140.dll
0x00007ffeeb4f0000 - 0x00007ffeeb68d000 	C:\Windows\System32\USER32.dll
0x00007ffee9cb0000 - 0x00007ffee9cd2000 	C:\Windows\System32\win32u.dll
0x00007ffed0400000 - 0x00007ffed069b000 	C:\Windows\WinSxS\amd64_microsoft.windows.common-controls_6595b64144ccf1df_6.0.19041.6280_none_60bc30a171f2f3f3\COMCTL32.dll
0x00007ffeec2f0000 - 0x00007ffeec31b000 	C:\Windows\System32\GDI32.dll
0x00007ffeea200000 - 0x00007ffeea319000 	C:\Windows\System32\gdi32full.dll
0x00007ffeeb250000 - 0x00007ffeeb2ee000 	C:\Windows\System32\msvcrt.dll
0x00007ffeea420000 - 0x00007ffeea4bd000 	C:\Windows\System32\msvcp_win.dll
0x00007ffeec380000 - 0x00007ffeec3af000 	C:\Windows\System32\IMM32.DLL
0x00007ffedd5c0000 - 0x00007ffedd5cc000 	c:\Users\OMAR INFO\.windsurf\extensions\redhat.java-1.45.0-win32-x64\jre\21.0.8-win32-x86_64\bin\vcruntime140_1.dll
0x00007ffea0c00000 - 0x00007ffea0c8d000 	c:\Users\OMAR INFO\.windsurf\extensions\redhat.java-1.45.0-win32-x64\jre\21.0.8-win32-x86_64\bin\msvcp140.dll
0x00007ffe88e50000 - 0x00007ffe89be7000 	c:\Users\OMAR INFO\.windsurf\extensions\redhat.java-1.45.0-win32-x64\jre\21.0.8-win32-x86_64\bin\server\jvm.dll
0x00007ffeea720000 - 0x00007ffeea7d1000 	C:\Windows\System32\ADVAPI32.dll
0x00007ffeec3b0000 - 0x00007ffeec44f000 	C:\Windows\System32\sechost.dll
0x00007ffeeb370000 - 0x00007ffeeb490000 	C:\Windows\System32\RPCRT4.dll
0x00007ffee9ce0000 - 0x00007ffee9d07000 	C:\Windows\System32\bcrypt.dll
0x00007ffeeb300000 - 0x00007ffeeb36b000 	C:\Windows\System32\WS2_32.dll
0x00007ffee94b0000 - 0x00007ffee94fb000 	C:\Windows\SYSTEM32\POWRPROF.dll
0x00007ffee33f0000 - 0x00007ffee33fa000 	C:\Windows\SYSTEM32\VERSION.dll
0x00007ffedd940000 - 0x00007ffedd967000 	C:\Windows\SYSTEM32\WINMM.dll
0x00007ffee9470000 - 0x00007ffee9482000 	C:\Windows\SYSTEM32\UMPDC.dll
0x00007ffee8360000 - 0x00007ffee8372000 	C:\Windows\SYSTEM32\kernel.appcore.dll
0x00007ffecaed0000 - 0x00007ffecaeda000 	c:\Users\OMAR INFO\.windsurf\extensions\redhat.java-1.45.0-win32-x64\jre\21.0.8-win32-x86_64\bin\jimage.dll
0x00007ffee7710000 - 0x00007ffee7911000 	C:\Windows\SYSTEM32\DBGHELP.DLL
0x00007ffecc7f0000 - 0x00007ffecc824000 	C:\Windows\SYSTEM32\dbgcore.DLL
0x00007ffee9d10000 - 0x00007ffee9d92000 	C:\Windows\System32\bcryptPrimitives.dll
0x00007ffecadc0000 - 0x00007ffecadcf000 	c:\Users\OMAR INFO\.windsurf\extensions\redhat.java-1.45.0-win32-x64\jre\21.0.8-win32-x86_64\bin\instrument.dll
0x00007ffeb9700000 - 0x00007ffeb971f000 	c:\Users\OMAR INFO\.windsurf\extensions\redhat.java-1.45.0-win32-x64\jre\21.0.8-win32-x86_64\bin\java.dll
0x00007ffeeb690000 - 0x00007ffeebe00000 	C:\Windows\System32\SHELL32.dll
0x00007ffee7b50000 - 0x00007ffee82f5000 	C:\Windows\SYSTEM32\windows.storage.dll
0x00007ffeebf90000 - 0x00007ffeec2e3000 	C:\Windows\System32\combase.dll
0x00007ffee9410000 - 0x00007ffee943b000 	C:\Windows\SYSTEM32\Wldp.dll
0x00007ffeea800000 - 0x00007ffeea8cd000 	C:\Windows\System32\OLEAUT32.dll
0x00007ffeeb1a0000 - 0x00007ffeeb24d000 	C:\Windows\System32\SHCORE.dll
0x00007ffeebe00000 - 0x00007ffeebe5b000 	C:\Windows\System32\shlwapi.dll
0x00007ffee9a60000 - 0x00007ffee9a84000 	C:\Windows\SYSTEM32\profapi.dll
0x00007ffeb5e70000 - 0x00007ffeb5e88000 	c:\Users\OMAR INFO\.windsurf\extensions\redhat.java-1.45.0-win32-x64\jre\21.0.8-win32-x86_64\bin\zip.dll
0x00007ffeb96c0000 - 0x00007ffeb96d0000 	C:\Users\OMAR INFO\.windsurf\extensions\redhat.java-1.45.0-win32-x64\jre\21.0.8-win32-x86_64\bin\net.dll
0x00007ffee20c0000 - 0x00007ffee21ca000 	C:\Windows\SYSTEM32\WINHTTP.dll
0x00007ffee91f0000 - 0x00007ffee925a000 	C:\Windows\system32\mswsock.dll
0x00007ffeb5c70000 - 0x00007ffeb5c86000 	C:\Users\OMAR INFO\.windsurf\extensions\redhat.java-1.45.0-win32-x64\jre\21.0.8-win32-x86_64\bin\nio.dll
0x00007ffeb9680000 - 0x00007ffeb9690000 	c:\Users\OMAR INFO\.windsurf\extensions\redhat.java-1.45.0-win32-x64\jre\21.0.8-win32-x86_64\bin\verify.dll
0x00007ffeaab00000 - 0x00007ffeaab44000 	C:\Users\OMAR INFO\AppData\Roaming\Windsurf\User\globalStorage\redhat.java\1.45.0\config_win\org.eclipse.equinox.launcher\org.eclipse.equinox.launcher.win32.win32.x86_64_1.2.1400.v20250801-0854\eclipse_11916.dll
0x00007ffeeaaa0000 - 0x00007ffeeabcb000 	C:\Windows\System32\ole32.dll
0x00007ffee9450000 - 0x00007ffee9468000 	C:\Windows\SYSTEM32\CRYPTSP.dll
0x00007ffee8ad0000 - 0x00007ffee8b08000 	C:\Windows\system32\rsaenh.dll
0x00007ffee99e0000 - 0x00007ffee9a0e000 	C:\Windows\SYSTEM32\USERENV.dll
0x00007ffee9380000 - 0x00007ffee938c000 	C:\Windows\SYSTEM32\CRYPTBASE.dll
0x00007ffee8ef0000 - 0x00007ffee8f2b000 	C:\Windows\SYSTEM32\IPHLPAPI.DLL
0x00007ffeea9a0000 - 0x00007ffeea9a8000 	C:\Windows\System32\NSI.dll
0x00007ffea2950000 - 0x00007ffea2999000 	C:\Users\OMAR INFO\AppData\Local\Temp\jna--64980065\jna4168006007127133940.dll
0x00007ffeebe60000 - 0x00007ffeebe68000 	C:\Windows\System32\PSAPI.DLL
0x00007ffee2d80000 - 0x00007ffee2d97000 	C:\Windows\SYSTEM32\dhcpcsvc6.DLL
0x00007ffee2d60000 - 0x00007ffee2d7d000 	C:\Windows\SYSTEM32\dhcpcsvc.DLL

JVMTI agents:
c:\Users\OMAR INFO\.windsurf\extensions\redhat.java-1.45.0-win32-x64\lombok\lombok-1.18.39-4050.jar path:c:\Users\OMAR INFO\.windsurf\extensions\redhat.java-1.45.0-win32-x64\jre\21.0.8-win32-x86_64\bin\instrument.dll, loaded, initialized, instrumentlib options:none

dbghelp: loaded successfully - version: 4.0.5 - missing functions: none
symbol engine: initialized successfully - sym options: 0x614 - pdb path: .;c:\Users\OMAR INFO\.windsurf\extensions\redhat.java-1.45.0-win32-x64\jre\21.0.8-win32-x86_64\bin;C:\Windows\SYSTEM32;C:\Windows\WinSxS\amd64_microsoft.windows.common-controls_6595b64144ccf1df_6.0.19041.6280_none_60bc30a171f2f3f3;c:\Users\OMAR INFO\.windsurf\extensions\redhat.java-1.45.0-win32-x64\jre\21.0.8-win32-x86_64\bin\server;C:\Users\OMAR INFO\AppData\Roaming\Windsurf\User\globalStorage\redhat.java\1.45.0\config_win\org.eclipse.equinox.launcher\org.eclipse.equinox.launcher.win32.win32.x86_64_1.2.1400.v20250801-0854;C:\Users\OMAR INFO\AppData\Local\Temp\jna--64980065

VM Arguments:
jvm_args: --add-modules=ALL-SYSTEM --add-opens=java.base/java.util=ALL-UNNAMED --add-opens=java.base/java.lang=ALL-UNNAMED --add-opens=java.base/sun.nio.fs=ALL-UNNAMED -Declipse.application=org.eclipse.jdt.ls.core.id1 -Dosgi.bundles.defaultStartLevel=4 -Declipse.product=org.eclipse.jdt.ls.core.product -Djava.import.generatesMetadataFilesAtProjectRoot=false -DDetectVMInstallationsJob.disabled=true -Dfile.encoding=utf8 -XX:+UseParallelGC -XX:GCTimeRatio=4 -XX:AdaptiveSizePolicyWeight=90 -Dsun.zip.disableMemoryMapping=true -Xmx2G -Xms100m -Xlog:disable -javaagent:c:\Users\OMAR INFO\.windsurf\extensions\redhat.java-1.45.0-win32-x64\lombok\lombok-1.18.39-4050.jar -XX:+HeapDumpOnOutOfMemoryError -XX:HeapDumpPath=c:\Users\OMAR INFO\AppData\Roaming\Windsurf\User\workspaceStorage\017271f0c0c7557d9833a01acf50ccd7\redhat.java -Daether.dependencyCollector.impl=bf 
java_command: c:\Users\OMAR INFO\.windsurf\extensions\redhat.java-1.45.0-win32-x64\server\plugins\org.eclipse.equinox.launcher_1.7.0.v20250519-0528.jar -configuration c:\Users\OMAR INFO\AppData\Roaming\Windsurf\User\globalStorage\redhat.java\1.45.0\config_win -data c:\Users\OMAR INFO\AppData\Roaming\Windsurf\User\workspaceStorage\017271f0c0c7557d9833a01acf50ccd7\redhat.java\jdt_ws --pipe=\\.\pipe\lsp-7c8d605f56e9ab27d0ce787b3717ec7e-sock
java_class_path (initial): c:\Users\OMAR INFO\.windsurf\extensions\redhat.java-1.45.0-win32-x64\server\plugins\org.eclipse.equinox.launcher_1.7.0.v20250519-0528.jar
Launcher Type: SUN_STANDARD

[Global flags]
    uintx AdaptiveSizePolicyWeight                 = 90                                        {product} {command line}
     intx CICompilerCount                          = 12                                        {product} {ergonomic}
    uintx GCTimeRatio                              = 4                                         {product} {command line}
     bool HeapDumpOnOutOfMemoryError               = true                                   {manageable} {command line}
    ccstr HeapDumpPath                             = c:\Users\OMAR INFO\AppData\Roaming\Windsurf\User\workspaceStorage\017271f0c0c7557d9833a01acf50ccd7\redhat.java         {manageable} {command line}
   size_t InitialHeapSize                          = 104857600                                 {product} {command line}
   size_t MaxHeapSize                              = 2147483648                                {product} {command line}
   size_t MaxNewSize                               = 715653120                                 {product} {ergonomic}
   size_t MinHeapDeltaBytes                        = 524288                                    {product} {ergonomic}
   size_t MinHeapSize                              = 104857600                                 {product} {command line}
   size_t NewSize                                  = 34603008                                  {product} {ergonomic}
    uintx NonNMethodCodeHeapSize                   = 7602480                                {pd product} {ergonomic}
    uintx NonProfiledCodeHeapSize                  = 122027880                              {pd product} {ergonomic}
   size_t OldSize                                  = 70254592                                  {product} {ergonomic}
    uintx ProfiledCodeHeapSize                     = 122027880                              {pd product} {ergonomic}
    uintx ReservedCodeCacheSize                    = 251658240                              {pd product} {ergonomic}
     bool SegmentedCodeCache                       = true                                      {product} {ergonomic}
   size_t SoftMaxHeapSize                          = 2147483648                             {manageable} {ergonomic}
     bool UseCompressedOops                        = true                           {product lp64_product} {ergonomic}
     bool UseLargePagesIndividualAllocation        = false                                  {pd product} {ergonomic}
     bool UseParallelGC                            = true                                      {product} {command line}

Logging:
Log output configuration:
 #0: stdout all=off uptime,level,tags foldmultilines=false
 #1: stderr all=off uptime,level,tags foldmultilines=false

Environment Variables:
PATH=C:\oraclexe\app\oracle\product\10.2.0\server\bin;C:\ProgramData\Oracle\Java\javapath;C:\Program Files\Common Files\Oracle\Java\javapath;C:\Windows\system32;C:\Windows;C:\Windows\System32\Wbem;C:\Windows\System32\WindowsPowerShell\v1.0\;C:\Windows\System32\OpenSSH\;C:\Program Files\Microsoft SQL Server\150\Tools\Binn\;C:\Program Files\Microsoft SQL Server\Client SDK\ODBC\170\Tools\Binn\;C:\Program Files\dotnet\;C:\Program Files\NVIDIA Corporation\NVIDIA NvDLISR;C:\ProgramData\chocolatey\bin;C:\Program Files (x86)\Microsoft SQL Server\110\Tools\Binn\;C:\Program Files (x86)\Microsoft SQL Server\110\DTS\Binn\;C:\Program Files (x86)\Microsoft SQL Server\110\Tools\Binn\ManagementStudio\;C:\Program Files (x86)\Microsoft Visual Studio 10.0\Common7\IDE\PrivateAssemblies\;C:\Program Files (x86)\NVIDIA Corporation\PhysX\Common;C:\Program Files\nodejs\;C:\Program Files\Git LFS;C:\Program Files\Docker\Docker\resources\bin;C:\Program Files\Git\cmd;C:\Windows\system32\platform-tools;C:\Program Files\MongoDB\Server\8.0\bin;C:\Users\OMAR INFO\AppData\Local\Programs\Python\Python310;C:\Users\OMAR INFO\AppData\Local\Programs\Python\Python310\Scripts;F:\PuTTY\;C:\Users\OMAR INFO\AppData\Local\Programs\Python\Python310\Scripts\;C:\Users\OMAR INFO\AppData\Local\Programs\Python\Python310\;C:\Users\OMAR INFO\AppData\Local\Microsoft\WindowsApps;C:\Users\OMAR INFO\.dotnet\tools;C:\Program Files\JetBrains\IntelliJ IDEA 2023.2.1\bin;;C:\Users\OMAR INFO\AppData\Local\Programs\Microsoft VS Code\bin;C:\Users\OMAR INFO\AppData\Roaming\npm;C:\Users\OMAR INFO\AppData\Local\GitHubDesktop\bin;C:\xampp\php;C:\Users\OMAR INFO\composer;C:\Users\OMAR INFO\AppData\Roaming\Composer\vendor\bin;C:\Program Files (x86)\Microsoft SDKs\Windows\v10.0A\bin\NETFX 4.8 Tools;C:\Users\OMAR INFO\AppData\Local\Programs\Windsurf\bin;
USERNAME=OMAR INFO
OS=Windows_NT
PROCESSOR_IDENTIFIER=Intel64 Family 6 Model 141 Stepping 1, GenuineIntel
TMP=C:\Users\OMARIN~1\AppData\Local\Temp
TEMP=C:\Users\OMARIN~1\AppData\Local\Temp




Periodic native trim disabled

---------------  S Y S T E M  ---------------

OS:
 Windows 10 , 64 bit Build 19041 (10.0.19041.5915)
OS uptime: 4 days 22:39 hours
Hyper-V role detected

CPU: total 16 (initial active 16) (8 cores per cpu, 2 threads per core) family 6 model 141 stepping 1 microcode 0x26, cx8, cmov, fxsr, ht, mmx, 3dnowpref, sse, sse2, sse3, ssse3, sse4.1, sse4.2, popcnt, lzcnt, tsc, tscinvbit, avx, avx2, aes, erms, clmul, bmi1, bmi2, adx, avx512f, avx512dq, avx512cd, avx512bw, avx512vl, sha, fma, vzeroupper, avx512_vpopcntdq, avx512_vpclmulqdq, avx512_vaes, avx512_vnni, clflush, clflushopt, clwb, avx512_vbmi2, avx512_vbmi, hv, rdtscp, rdpid, fsrm, gfni, avx512_bitalg, f16c, cet_ibt, cet_ss, avx512_ifma
Processor Information for the first 16 processors :
  Max Mhz: 2304, Current Mhz: 2304, Mhz Limit: 2304

Memory: 4k page, system-wide physical 16085M (672M free)
TotalPageFile size 23385M (AvailPageFile size 14M)
current process WorkingSet (physical memory assigned to process): 207M, peak: 218M
current process commit charge ("private bytes"): 348M, peak: 360M

vm_info: OpenJDK 64-Bit Server VM (21.0.8+9-LTS) for windows-amd64 JRE (21.0.8+9-LTS), built on 2025-07-15T00:00:00Z by "admin" with MS VC++ 17.7 (VS2022)

END.
