#
# There is insufficient memory for the Java Runtime Environment to continue.
# Native memory allocation (malloc) failed to allocate 162992 bytes. Error detail: Chunk::new
# Possible reasons:
#   The system is out of physical RAM or swap space
#   This process is running with CompressedOops enabled, and the Java Heap may be blocking the growth of the native heap
# Possible solutions:
#   Reduce memory load on the system
#   Increase physical memory or swap space
#   Check if swap backing store is full
#   Decrease Java heap size (-Xmx/-Xms)
#   Decrease number of Java threads
#   Decrease Java thread stack sizes (-Xss)
#   Set larger code cache with -XX:ReservedCodeCacheSize=
#   JVM is running with Unscaled Compressed Oops mode in which the Java heap is
#     placed in the first 4GB address space. The Java Heap base address is the
#     maximum limit for the native heap growth. Please use -XX:HeapBaseMinAddress
#     to set the Java Heap base and to place the Java Heap above 4GB virtual address.
# This output file may be truncated or incomplete.
#
#  Out of Memory Error (arena.cpp:168), pid=24248, tid=23332
#
# JRE version: OpenJDK Runtime Environment Temurin-21.0.8+9 (21.0.8+9) (build 21.0.8+9-LTS)
# Java VM: OpenJDK 64-Bit Server VM Temurin-21.0.8+9 (21.0.8+9-LTS, mixed mode, sharing, tiered, compressed oops, compressed class ptrs, parallel gc, windows-amd64)
# No core dump will be written. Minidumps are not enabled by default on client versions of Windows
#

---------------  S U M M A R Y ------------

Command Line: --add-modules=ALL-SYSTEM --add-opens=java.base/java.util=ALL-UNNAMED --add-opens=java.base/java.lang=ALL-UNNAMED --add-opens=java.base/sun.nio.fs=ALL-UNNAMED -Declipse.application=org.eclipse.jdt.ls.core.id1 -Dosgi.bundles.defaultStartLevel=4 -Declipse.product=org.eclipse.jdt.ls.core.product -Djava.import.generatesMetadataFilesAtProjectRoot=false -DDetectVMInstallationsJob.disabled=true -Dfile.encoding=utf8 -XX:+UseParallelGC -XX:GCTimeRatio=4 -XX:AdaptiveSizePolicyWeight=90 -Dsun.zip.disableMemoryMapping=true -Xmx2G -Xms100m -Xlog:disable -javaagent:c:\Users\OMAR INFO\.windsurf\extensions\redhat.java-1.45.0-win32-x64\lombok\lombok-1.18.39-4050.jar -XX:+HeapDumpOnOutOfMemoryError -XX:HeapDumpPath=c:\Users\OMAR INFO\AppData\Roaming\Windsurf\User\workspaceStorage\017271f0c0c7557d9833a01acf50ccd7\redhat.java -Daether.dependencyCollector.impl=bf c:\Users\OMAR INFO\.windsurf\extensions\redhat.java-1.45.0-win32-x64\server\plugins\org.eclipse.equinox.launcher_1.7.0.v20250519-0528.jar -configuration c:\Users\OMAR INFO\AppData\Roaming\Windsurf\User\globalStorage\redhat.java\1.45.0\config_win -data c:\Users\OMAR INFO\AppData\Roaming\Windsurf\User\workspaceStorage\017271f0c0c7557d9833a01acf50ccd7\redhat.java\jdt_ws --pipe=\\.\pipe\lsp-1ceedbff1f49bf85ed65abb857512e0c-sock

Host: 11th Gen Intel(R) Core(TM) i7-11800H @ 2.30GHz, 16 cores, 15G,  Windows 10 , 64 bit Build 19041 (10.0.19041.5915)
Time: Thu Sep 25 16:01:39 2025 Paris, Madrid elapsed time: 2.770662 seconds (0d 0h 0m 2s)

---------------  T H R E A D  ---------------

Current thread (0x000001cfc107f720):  JavaThread "C2 CompilerThread0" daemon [_thread_in_native, id=23332, stack(0x00000061dc500000,0x00000061dc600000) (1024K)]


Current CompileTask:
C2:2770 4568       4       org.lombokweb.asm.ClassReader::readClass (7 bytes)

Stack: [0x00000061dc500000,0x00000061dc600000]
Native frames: (J=compiled Java code, j=interpreted, Vv=VM code, C=native code)
V  [jvm.dll+0x6d2449]
V  [jvm.dll+0x8ae341]
V  [jvm.dll+0x8b08be]
V  [jvm.dll+0x8b0fa3]
V  [jvm.dll+0x280c96]
V  [jvm.dll+0xc581d]
V  [jvm.dll+0xc5d53]
V  [jvm.dll+0x3b919c]
V  [jvm.dll+0x385315]
V  [jvm.dll+0x38477a]
V  [jvm.dll+0x248ed0]
V  [jvm.dll+0x2484af]
V  [jvm.dll+0x1c89ee]
V  [jvm.dll+0x257d4d]
V  [jvm.dll+0x2562ea]
V  [jvm.dll+0x3f2d16]
V  [jvm.dll+0x857e6b]
V  [jvm.dll+0x6d0b0d]
C  [ucrtbase.dll+0x21bb2]
C  [KERNEL32.DLL+0x17374]
C  [ntdll.dll+0x4cc91]


---------------  P R O C E S S  ---------------

Threads class SMR info:
_java_thread_list=0x000001cfc7678af0, length=27, elements={
0x000001cfe7f602c0, 0x000001cfe7f0f200, 0x000001cfe7f12a70, 0x000001cfe7f18610,
0x000001cfe7f19520, 0x000001cfe7f1c1d0, 0x000001cfc106e5a0, 0x000001cfc107f720,
0x000001cfc1080560, 0x000001cfc106ec30, 0x000001cfc117bab0, 0x000001cfc11821c0,
0x000001cfc117edb0, 0x000001cfc13863b0, 0x000001cfc106f2c0, 0x000001cfc27a03e0,
0x000001cfc106df10, 0x000001cfc106f950, 0x000001cfc106ffe0, 0x000001cfc1070670,
0x000001cfc1070d00, 0x000001cfc1071390, 0x000001cfc7b030a0, 0x000001cfc7b00fd0,
0x000001cfc7b002b0, 0x000001cfc7aff590, 0x000001cfc7b04ae0
}

Java Threads: ( => current thread )
  0x000001cfe7f602c0 JavaThread "main"                              [_thread_blocked, id=14820, stack(0x00000061dbb00000,0x00000061dbc00000) (1024K)]
  0x000001cfe7f0f200 JavaThread "Reference Handler"          daemon [_thread_blocked, id=16792, stack(0x00000061dbf00000,0x00000061dc000000) (1024K)]
  0x000001cfe7f12a70 JavaThread "Finalizer"                  daemon [_thread_blocked, id=20148, stack(0x00000061dc000000,0x00000061dc100000) (1024K)]
  0x000001cfe7f18610 JavaThread "Signal Dispatcher"          daemon [_thread_blocked, id=3356, stack(0x00000061dc100000,0x00000061dc200000) (1024K)]
  0x000001cfe7f19520 JavaThread "Attach Listener"            daemon [_thread_blocked, id=8424, stack(0x00000061dc200000,0x00000061dc300000) (1024K)]
  0x000001cfe7f1c1d0 JavaThread "Service Thread"             daemon [_thread_blocked, id=23708, stack(0x00000061dc300000,0x00000061dc400000) (1024K)]
  0x000001cfc106e5a0 JavaThread "Monitor Deflation Thread"   daemon [_thread_blocked, id=4356, stack(0x00000061dc400000,0x00000061dc500000) (1024K)]
=>0x000001cfc107f720 JavaThread "C2 CompilerThread0"         daemon [_thread_in_native, id=23332, stack(0x00000061dc500000,0x00000061dc600000) (1024K)]
  0x000001cfc1080560 JavaThread "C1 CompilerThread0"         daemon [_thread_blocked, id=14816, stack(0x00000061dc600000,0x00000061dc700000) (1024K)]
  0x000001cfc106ec30 JavaThread "Common-Cleaner"             daemon [_thread_blocked, id=22804, stack(0x00000061dc700000,0x00000061dc800000) (1024K)]
  0x000001cfc117bab0 JavaThread "C1 CompilerThread1"         daemon [_thread_blocked, id=24232, stack(0x00000061dc800000,0x00000061dc900000) (1024K)]
  0x000001cfc11821c0 JavaThread "C1 CompilerThread2"         daemon [_thread_blocked, id=8120, stack(0x00000061dc900000,0x00000061dca00000) (1024K)]
  0x000001cfc117edb0 JavaThread "C2 CompilerThread1"         daemon [_thread_blocked, id=10552, stack(0x00000061dca00000,0x00000061dcb00000) (1024K)]
  0x000001cfc13863b0 JavaThread "C1 CompilerThread3"         daemon [_thread_blocked, id=17876, stack(0x00000061dcb00000,0x00000061dcc00000) (1024K)]
  0x000001cfc106f2c0 JavaThread "Notification Thread"        daemon [_thread_blocked, id=2264, stack(0x00000061dcc00000,0x00000061dcd00000) (1024K)]
  0x000001cfc27a03e0 JavaThread "C2 CompilerThread2"         daemon [_thread_blocked, id=22140, stack(0x00000061dcd00000,0x00000061dce00000) (1024K)]
  0x000001cfc106df10 JavaThread "Active Thread: Equinox Container: f92b5f3c-531e-4a95-8142-9012467ae3ec"        [_thread_blocked, id=1660, stack(0x00000061dd500000,0x00000061dd600000) (1024K)]
  0x000001cfc106f950 JavaThread "Refresh Thread: Equinox Container: f92b5f3c-531e-4a95-8142-9012467ae3ec" daemon [_thread_blocked, id=11552, stack(0x00000061dd700000,0x00000061dd800000) (1024K)]
  0x000001cfc106ffe0 JavaThread "Framework Event Dispatcher: Equinox Container: f92b5f3c-531e-4a95-8142-9012467ae3ec" daemon [_thread_blocked, id=9596, stack(0x00000061dd800000,0x00000061dd900000) (1024K)]
  0x000001cfc1070670 JavaThread "Start Level: Equinox Container: f92b5f3c-531e-4a95-8142-9012467ae3ec" daemon [_thread_in_vm, id=22632, stack(0x00000061dd900000,0x00000061dda00000) (1024K)]
  0x000001cfc1070d00 JavaThread "Bundle File Closer"         daemon [_thread_blocked, id=2772, stack(0x00000061ddd00000,0x00000061dde00000) (1024K)]
  0x000001cfc1071390 JavaThread "SCR Component Actor"        daemon [_thread_blocked, id=10076, stack(0x00000061dde00000,0x00000061ddf00000) (1024K)]
  0x000001cfc7b030a0 JavaThread "SCR Component Registry"     daemon [_thread_blocked, id=7420, stack(0x00000061ddf00000,0x00000061de000000) (1024K)]
  0x000001cfc7b00fd0 JavaThread "Worker-JM"                         [_thread_blocked, id=2960, stack(0x00000061dce00000,0x00000061dcf00000) (1024K)]
  0x000001cfc7b002b0 JavaThread "JNA Cleaner"                daemon [_thread_blocked, id=19184, stack(0x00000061de200000,0x00000061de300000) (1024K)]
  0x000001cfc7aff590 JavaThread "Worker-0"                          [_thread_blocked, id=13244, stack(0x00000061de300000,0x00000061de400000) (1024K)]
  0x000001cfc7b04ae0 JavaThread "Worker-1"                          [_thread_blocked, id=12980, stack(0x00000061de400000,0x00000061de500000) (1024K)]
Total: 27

Other Threads:
  0x000001cfe7f04050 VMThread "VM Thread"                           [id=10848, stack(0x00000061dbe00000,0x00000061dbf00000) (1024K)]
  0x000001cfe7fcdc10 WatcherThread "VM Periodic Task Thread"        [id=17940, stack(0x00000061dbd00000,0x00000061dbe00000) (1024K)]
  0x000001cfe7f7e5d0 WorkerThread "GC Thread#0"                     [id=8152, stack(0x00000061dbc00000,0x00000061dbd00000) (1024K)]
  0x000001cfc705b080 WorkerThread "GC Thread#1"                     [id=10900, stack(0x00000061dcf00000,0x00000061dd000000) (1024K)]
  0x000001cfc705b420 WorkerThread "GC Thread#2"                     [id=5248, stack(0x00000061dd000000,0x00000061dd100000) (1024K)]
  0x000001cfc7106f60 WorkerThread "GC Thread#3"                     [id=16132, stack(0x00000061dd100000,0x00000061dd200000) (1024K)]
  0x000001cfc7107300 WorkerThread "GC Thread#4"                     [id=16272, stack(0x00000061dd200000,0x00000061dd300000) (1024K)]
  0x000001cfc71b5310 WorkerThread "GC Thread#5"                     [id=4368, stack(0x00000061dd300000,0x00000061dd400000) (1024K)]
  0x000001cfc71b56b0 WorkerThread "GC Thread#6"                     [id=20852, stack(0x00000061dd400000,0x00000061dd500000) (1024K)]
  0x000001cfc715d930 WorkerThread "GC Thread#7"                     [id=15056, stack(0x00000061dd600000,0x00000061dd700000) (1024K)]
  0x000001cfc75dc480 WorkerThread "GC Thread#8"                     [id=20284, stack(0x00000061dda00000,0x00000061ddb00000) (1024K)]
  0x000001cfc7325250 WorkerThread "GC Thread#9"                     [id=22796, stack(0x00000061ddb00000,0x00000061ddc00000) (1024K)]
  0x000001cfc75b0c80 WorkerThread "GC Thread#10"                    [id=9520, stack(0x00000061ddc00000,0x00000061ddd00000) (1024K)]
  0x000001cfc75b08e0 WorkerThread "GC Thread#11"                    [id=22700, stack(0x00000061de000000,0x00000061de100000) (1024K)]
  0x000001cfc75b1020 WorkerThread "GC Thread#12"                    [id=17044, stack(0x00000061de100000,0x00000061de200000) (1024K)]
Total: 15

Threads with active compile tasks:
C2 CompilerThread0  2788 4568       4       org.lombokweb.asm.ClassReader::readClass (7 bytes)
Total: 1

VM state: not at safepoint (normal execution)

VM Mutex/Monitor currently owned by a thread:  ([mutex/lock_event])
[0x00007ffe8a085ad8] SystemDictionary_lock - owner thread: 0x0000000000000000

Heap address: 0x0000000080000000, size: 2048 MB, Compressed Oops mode: 32-bit

CDS archive(s) mapped at: [0x000001cf80000000-0x000001cf80ba0000-0x000001cf80ba0000), size 12189696, SharedBaseAddress: 0x000001cf80000000, ArchiveRelocationMode: 1.
Compressed class space mapped at: 0x000001cf81000000-0x000001cfc1000000, reserved size: 1073741824
Narrow klass base: 0x000001cf80000000, Narrow klass shift: 0, Narrow klass range: 0x100000000

GC Precious Log:
 CardTable entry size: 512
 CPUs: 16 total, 16 available
 Memory: 16085M
 Large Page Support: Disabled
 NUMA Support: Disabled
 Compressed Oops: Enabled (32-bit)
 Alignments: Space 512K, Generation 512K, Heap 2M
 Heap Min Capacity: 100M
 Heap Initial Capacity: 100M
 Heap Max Capacity: 2G
 Pre-touch: Disabled
 Parallel Workers: 13

Heap:
 PSYoungGen      total 27136K, used 3776K [0x00000000d5580000, 0x00000000d7600000, 0x0000000100000000)
  eden space 24064K, 3% used [0x00000000d5580000,0x00000000d565db70,0x00000000d6d00000)
  from space 3072K, 94% used [0x00000000d7300000,0x00000000d75d2878,0x00000000d7600000)
  to   space 3584K, 0% used [0x00000000d6f00000,0x00000000d6f00000,0x00000000d7280000)
 ParOldGen       total 68608K, used 12656K [0x0000000080000000, 0x0000000084300000, 0x00000000d5580000)
  object space 68608K, 18% used [0x0000000080000000,0x0000000080c5c328,0x0000000084300000)
 Metaspace       used 22648K, committed 23552K, reserved 1114112K
  class space    used 2341K, committed 2752K, reserved 1048576K

Card table byte_map: [0x000001cfe7910000,0x000001cfe7d20000] _byte_map_base: 0x000001cfe7510000

Marking Bits: (ParMarkBitMap*) 0x00007ffe8a08a340
 Begin Bits: [0x000001cffa410000, 0x000001cffc410000)
 End Bits:   [0x000001cffc410000, 0x000001cffe410000)

Polling page: 0x000001cfe5b70000

Metaspace:

Usage:
  Non-class:     19.83 MB used.
      Class:      2.29 MB used.
       Both:     22.12 MB used.

Virtual space:
  Non-class space:       64.00 MB reserved,      20.31 MB ( 32%) committed,  1 nodes.
      Class space:        1.00 GB reserved,       2.69 MB ( <1%) committed,  1 nodes.
             Both:        1.06 GB reserved,      23.00 MB (  2%) committed. 

Chunk freelists:
   Non-Class:  11.44 MB
       Class:  13.37 MB
        Both:  24.81 MB

MaxMetaspaceSize: unlimited
CompressedClassSpaceSize: 1.00 GB
Initial GC threshold: 21.00 MB
Current GC threshold: 35.00 MB
CDS: on
 - commit_granule_bytes: 65536.
 - commit_granule_words: 8192.
 - virtual_space_node_default_size: 8388608.
 - enlarge_chunks_in_place: 1.
 - use_allocation_guard: 0.


Internal statistics:

num_allocs_failed_limit: 3.
num_arena_births: 822.
num_arena_deaths: 14.
num_vsnodes_births: 2.
num_vsnodes_deaths: 0.
num_space_committed: 368.
num_space_uncommitted: 0.
num_chunks_returned_to_freelist: 17.
num_chunks_taken_from_freelist: 1770.
num_chunk_merges: 8.
num_chunk_splits: 1099.
num_chunks_enlarged: 638.
num_inconsistent_stats: 0.

CodeHeap 'non-profiled nmethods': size=119168Kb used=1988Kb max_used=1988Kb free=117179Kb
 bounds [0x000001cff2d00000, 0x000001cff2f70000, 0x000001cffa160000]
CodeHeap 'profiled nmethods': size=119104Kb used=9889Kb max_used=9889Kb free=109214Kb
 bounds [0x000001cfeb160000, 0x000001cfebb10000, 0x000001cff25b0000]
CodeHeap 'non-nmethods': size=7488Kb used=2992Kb max_used=3043Kb free=4495Kb
 bounds [0x000001cff25b0000, 0x000001cff28b0000, 0x000001cff2d00000]
CodeCache: size=245760Kb, used=14869Kb, max_used=14920Kb, free=230888Kb
 total_blobs=5187, nmethods=4611, adapters=479, full_count=0
Compilation: enabled, stopped_count=0, restarted_count=0

Compilation events (20 events):
Event: 2.763 Thread 0x000001cfc13863b0 nmethod 4583 0x000001cfebaf8d90 code [0x000001cfebaf9040, 0x000001cfebaf9970]
Event: 2.764 Thread 0x000001cfc117edb0 4585       4       org.lombokweb.asm.SymbolTable$Entry::<init> (20 bytes)
Event: 2.764 Thread 0x000001cfc117edb0 nmethod 4585 0x000001cff2eeca90 code [0x000001cff2eecc20, 0x000001cff2eeccf0]
Event: 2.764 Thread 0x000001cfc117edb0 4586       4       org.lombokweb.asm.SymbolTable::addConstantMemberReference (29 bytes)
Event: 2.765 Thread 0x000001cfc117bab0 4587       3       org.lombokweb.asm.SymbolTable::addConstantDynamicOrInvokeDynamicReference (34 bytes)
Event: 2.765 Thread 0x000001cfc1080560 4588       3       org.lombokweb.asm.SymbolTable::hash (19 bytes)
Event: 2.765 Thread 0x000001cfc117bab0 nmethod 4587 0x000001cfebaf9d10 code [0x000001cfebaf9ee0, 0x000001cfebafa170]
Event: 2.765 Thread 0x000001cfc11821c0 4589       3       org.lombokweb.asm.Handle::hashCode (43 bytes)
Event: 2.765 Thread 0x000001cfc11821c0 nmethod 4589 0x000001cfebafa290 code [0x000001cfebafa460, 0x000001cfebafa690]
Event: 2.765 Thread 0x000001cfc1080560 nmethod 4588 0x000001cfebafa810 code [0x000001cfebafa9c0, 0x000001cfebafab50]
Event: 2.766 Thread 0x000001cfc117bab0 4591       3       java.util.regex.Pattern$GroupTail::match (111 bytes)
Event: 2.766 Thread 0x000001cfc1080560 4592       3       java.util.regex.Pattern$CharPropertyGreedy::match (160 bytes)
Event: 2.766 Thread 0x000001cfc117bab0 nmethod 4591 0x000001cfebafac90 code [0x000001cfebafae60, 0x000001cfebafb210]
Event: 2.766 Thread 0x000001cfc1080560 nmethod 4592 0x000001cfebafb410 code [0x000001cfebafb660, 0x000001cfebafbfe0]
Event: 2.767 Thread 0x000001cfc1080560 4595       3       org.lombokweb.asm.SymbolTable::addConstantMemberReference (147 bytes)
Event: 2.767 Thread 0x000001cfc13863b0 4596       3       org.lombokweb.asm.Label::accept (69 bytes)
Event: 2.767 Thread 0x000001cfc13863b0 nmethod 4596 0x000001cfebafc310 code [0x000001cfebafc500, 0x000001cfebafca38]
Event: 2.767 Thread 0x000001cfc1080560 nmethod 4595 0x000001cfebafcc10 code [0x000001cfebafcea0, 0x000001cfebafd738]
Event: 2.769 Thread 0x000001cfc117edb0 nmethod 4586 0x000001cff2eecd90 code [0x000001cff2eecf60, 0x000001cff2eed438]
Event: 2.769 Thread 0x000001cfc117edb0 4590       4       org.lombokweb.asm.SymbolTable::addConstantUtf8 (98 bytes)

GC Heap History (16 events):
Event: 0.497 GC heap before
{Heap before GC invocations=1 (full 0):
 PSYoungGen      total 29696K, used 25600K [0x00000000d5580000, 0x00000000d7680000, 0x0000000100000000)
  eden space 25600K, 100% used [0x00000000d5580000,0x00000000d6e80000,0x00000000d6e80000)
  from space 4096K, 0% used [0x00000000d7280000,0x00000000d7280000,0x00000000d7680000)
  to   space 4096K, 0% used [0x00000000d6e80000,0x00000000d6e80000,0x00000000d7280000)
 ParOldGen       total 68608K, used 0K [0x0000000080000000, 0x0000000084300000, 0x00000000d5580000)
  object space 68608K, 0% used [0x0000000080000000,0x0000000080000000,0x0000000084300000)
 Metaspace       used 4162K, committed 4416K, reserved 1114112K
  class space    used 453K, committed 576K, reserved 1048576K
}
Event: 0.503 GC heap after
{Heap after GC invocations=1 (full 0):
 PSYoungGen      total 29696K, used 3563K [0x00000000d5580000, 0x00000000d7680000, 0x0000000100000000)
  eden space 25600K, 0% used [0x00000000d5580000,0x00000000d5580000,0x00000000d6e80000)
  from space 4096K, 86% used [0x00000000d6e80000,0x00000000d71fad90,0x00000000d7280000)
  to   space 4096K, 0% used [0x00000000d7280000,0x00000000d7280000,0x00000000d7680000)
 ParOldGen       total 68608K, used 16K [0x0000000080000000, 0x0000000084300000, 0x00000000d5580000)
  object space 68608K, 0% used [0x0000000080000000,0x0000000080004000,0x0000000084300000)
 Metaspace       used 4162K, committed 4416K, reserved 1114112K
  class space    used 453K, committed 576K, reserved 1048576K
}
Event: 0.883 GC heap before
{Heap before GC invocations=2 (full 0):
 PSYoungGen      total 29696K, used 29163K [0x00000000d5580000, 0x00000000d7680000, 0x0000000100000000)
  eden space 25600K, 100% used [0x00000000d5580000,0x00000000d6e80000,0x00000000d6e80000)
  from space 4096K, 86% used [0x00000000d6e80000,0x00000000d71fad90,0x00000000d7280000)
  to   space 4096K, 0% used [0x00000000d7280000,0x00000000d7280000,0x00000000d7680000)
 ParOldGen       total 68608K, used 16K [0x0000000080000000, 0x0000000084300000, 0x00000000d5580000)
  object space 68608K, 0% used [0x0000000080000000,0x0000000080004000,0x0000000084300000)
 Metaspace       used 7821K, committed 8128K, reserved 1114112K
  class space    used 807K, committed 960K, reserved 1048576K
}
Event: 0.888 GC heap after
{Heap after GC invocations=2 (full 0):
 PSYoungGen      total 29696K, used 4069K [0x00000000d5580000, 0x00000000d7680000, 0x0000000100000000)
  eden space 25600K, 0% used [0x00000000d5580000,0x00000000d5580000,0x00000000d6e80000)
  from space 4096K, 99% used [0x00000000d7280000,0x00000000d7679780,0x00000000d7680000)
  to   space 4096K, 0% used [0x00000000d6e80000,0x00000000d6e80000,0x00000000d7280000)
 ParOldGen       total 68608K, used 1633K [0x0000000080000000, 0x0000000084300000, 0x00000000d5580000)
  object space 68608K, 2% used [0x0000000080000000,0x00000000801986a8,0x0000000084300000)
 Metaspace       used 7821K, committed 8128K, reserved 1114112K
  class space    used 807K, committed 960K, reserved 1048576K
}
Event: 1.163 GC heap before
{Heap before GC invocations=3 (full 0):
 PSYoungGen      total 29696K, used 29669K [0x00000000d5580000, 0x00000000d7680000, 0x0000000100000000)
  eden space 25600K, 100% used [0x00000000d5580000,0x00000000d6e80000,0x00000000d6e80000)
  from space 4096K, 99% used [0x00000000d7280000,0x00000000d7679780,0x00000000d7680000)
  to   space 4096K, 0% used [0x00000000d6e80000,0x00000000d6e80000,0x00000000d7280000)
 ParOldGen       total 68608K, used 1633K [0x0000000080000000, 0x0000000084300000, 0x00000000d5580000)
  object space 68608K, 2% used [0x0000000080000000,0x00000000801986a8,0x0000000084300000)
 Metaspace       used 9422K, committed 9792K, reserved 1114112K
  class space    used 1001K, committed 1152K, reserved 1048576K
}
Event: 1.168 GC heap after
{Heap after GC invocations=3 (full 0):
 PSYoungGen      total 29696K, used 4077K [0x00000000d5580000, 0x00000000d7680000, 0x0000000100000000)
  eden space 25600K, 0% used [0x00000000d5580000,0x00000000d5580000,0x00000000d6e80000)
  from space 4096K, 99% used [0x00000000d6e80000,0x00000000d727b748,0x00000000d7280000)
  to   space 4096K, 0% used [0x00000000d7280000,0x00000000d7280000,0x00000000d7680000)
 ParOldGen       total 68608K, used 3807K [0x0000000080000000, 0x0000000084300000, 0x00000000d5580000)
  object space 68608K, 5% used [0x0000000080000000,0x00000000803b7d08,0x0000000084300000)
 Metaspace       used 9422K, committed 9792K, reserved 1114112K
  class space    used 1001K, committed 1152K, reserved 1048576K
}
Event: 1.475 GC heap before
{Heap before GC invocations=4 (full 0):
 PSYoungGen      total 29696K, used 29677K [0x00000000d5580000, 0x00000000d7680000, 0x0000000100000000)
  eden space 25600K, 100% used [0x00000000d5580000,0x00000000d6e80000,0x00000000d6e80000)
  from space 4096K, 99% used [0x00000000d6e80000,0x00000000d727b748,0x00000000d7280000)
  to   space 4096K, 0% used [0x00000000d7280000,0x00000000d7280000,0x00000000d7680000)
 ParOldGen       total 68608K, used 3807K [0x0000000080000000, 0x0000000084300000, 0x00000000d5580000)
  object space 68608K, 5% used [0x0000000080000000,0x00000000803b7d08,0x0000000084300000)
 Metaspace       used 11913K, committed 12352K, reserved 1114112K
  class space    used 1259K, committed 1472K, reserved 1048576K
}
Event: 1.480 GC heap after
{Heap after GC invocations=4 (full 0):
 PSYoungGen      total 29696K, used 4094K [0x00000000d5580000, 0x00000000d7680000, 0x0000000100000000)
  eden space 25600K, 0% used [0x00000000d5580000,0x00000000d5580000,0x00000000d6e80000)
  from space 4096K, 99% used [0x00000000d7280000,0x00000000d767f878,0x00000000d7680000)
  to   space 4096K, 0% used [0x00000000d6e80000,0x00000000d6e80000,0x00000000d7280000)
 ParOldGen       total 68608K, used 5856K [0x0000000080000000, 0x0000000084300000, 0x00000000d5580000)
  object space 68608K, 8% used [0x0000000080000000,0x00000000805b8378,0x0000000084300000)
 Metaspace       used 11913K, committed 12352K, reserved 1114112K
  class space    used 1259K, committed 1472K, reserved 1048576K
}
Event: 1.861 GC heap before
{Heap before GC invocations=5 (full 0):
 PSYoungGen      total 29696K, used 29691K [0x00000000d5580000, 0x00000000d7680000, 0x0000000100000000)
  eden space 25600K, 99% used [0x00000000d5580000,0x00000000d6e7f480,0x00000000d6e80000)
  from space 4096K, 99% used [0x00000000d7280000,0x00000000d767f878,0x00000000d7680000)
  to   space 4096K, 0% used [0x00000000d6e80000,0x00000000d6e80000,0x00000000d7280000)
 ParOldGen       total 68608K, used 5856K [0x0000000080000000, 0x0000000084300000, 0x00000000d5580000)
  object space 68608K, 8% used [0x0000000080000000,0x00000000805b8378,0x0000000084300000)
 Metaspace       used 15055K, committed 15616K, reserved 1114112K
  class space    used 1534K, committed 1792K, reserved 1048576K
}
Event: 1.864 GC heap after
{Heap after GC invocations=5 (full 0):
 PSYoungGen      total 29184K, used 4086K [0x00000000d5580000, 0x00000000d7a00000, 0x0000000100000000)
  eden space 25088K, 0% used [0x00000000d5580000,0x00000000d5580000,0x00000000d6e00000)
  from space 4096K, 99% used [0x00000000d6e80000,0x00000000d727d840,0x00000000d7280000)
  to   space 6144K, 0% used [0x00000000d7400000,0x00000000d7400000,0x00000000d7a00000)
 ParOldGen       total 68608K, used 7496K [0x0000000080000000, 0x0000000084300000, 0x00000000d5580000)
  object space 68608K, 10% used [0x0000000080000000,0x0000000080752078,0x0000000084300000)
 Metaspace       used 15055K, committed 15616K, reserved 1114112K
  class space    used 1534K, committed 1792K, reserved 1048576K
}
Event: 2.251 GC heap before
{Heap before GC invocations=6 (full 0):
 PSYoungGen      total 29184K, used 29174K [0x00000000d5580000, 0x00000000d7a00000, 0x0000000100000000)
  eden space 25088K, 100% used [0x00000000d5580000,0x00000000d6e00000,0x00000000d6e00000)
  from space 4096K, 99% used [0x00000000d6e80000,0x00000000d727d840,0x00000000d7280000)
  to   space 6144K, 0% used [0x00000000d7400000,0x00000000d7400000,0x00000000d7a00000)
 ParOldGen       total 68608K, used 7496K [0x0000000080000000, 0x0000000084300000, 0x00000000d5580000)
  object space 68608K, 10% used [0x0000000080000000,0x0000000080752078,0x0000000084300000)
 Metaspace       used 18513K, committed 19264K, reserved 1114112K
  class space    used 1913K, committed 2240K, reserved 1048576K
}
Event: 2.255 GC heap after
{Heap after GC invocations=6 (full 0):
 PSYoungGen      total 30208K, used 5439K [0x00000000d5580000, 0x00000000d7980000, 0x0000000100000000)
  eden space 24576K, 0% used [0x00000000d5580000,0x00000000d5580000,0x00000000d6d80000)
  from space 5632K, 96% used [0x00000000d7400000,0x00000000d794fc10,0x00000000d7980000)
  to   space 5632K, 0% used [0x00000000d6e80000,0x00000000d6e80000,0x00000000d7400000)
 ParOldGen       total 68608K, used 7504K [0x0000000080000000, 0x0000000084300000, 0x00000000d5580000)
  object space 68608K, 10% used [0x0000000080000000,0x0000000080754078,0x0000000084300000)
 Metaspace       used 18513K, committed 19264K, reserved 1114112K
  class space    used 1913K, committed 2240K, reserved 1048576K
}
Event: 2.535 GC heap before
{Heap before GC invocations=7 (full 0):
 PSYoungGen      total 30208K, used 27477K [0x00000000d5580000, 0x00000000d7980000, 0x0000000100000000)
  eden space 24576K, 89% used [0x00000000d5580000,0x00000000d6b05a80,0x00000000d6d80000)
  from space 5632K, 96% used [0x00000000d7400000,0x00000000d794fc10,0x00000000d7980000)
  to   space 5632K, 0% used [0x00000000d6e80000,0x00000000d6e80000,0x00000000d7400000)
 ParOldGen       total 68608K, used 7504K [0x0000000080000000, 0x0000000084300000, 0x00000000d5580000)
  object space 68608K, 10% used [0x0000000080000000,0x0000000080754078,0x0000000084300000)
 Metaspace       used 20683K, committed 21504K, reserved 1114112K
  class space    used 2166K, committed 2496K, reserved 1048576K
}
Event: 2.540 GC heap after
{Heap after GC invocations=7 (full 0):
 PSYoungGen      total 29184K, used 4189K [0x00000000d5580000, 0x00000000d7780000, 0x0000000100000000)
  eden space 24576K, 0% used [0x00000000d5580000,0x00000000d5580000,0x00000000d6d80000)
  from space 4608K, 90% used [0x00000000d6e80000,0x00000000d7297450,0x00000000d7300000)
  to   space 4608K, 0% used [0x00000000d7300000,0x00000000d7300000,0x00000000d7780000)
 ParOldGen       total 68608K, used 9231K [0x0000000080000000, 0x0000000084300000, 0x00000000d5580000)
  object space 68608K, 13% used [0x0000000080000000,0x0000000080903ee0,0x0000000084300000)
 Metaspace       used 20683K, committed 21504K, reserved 1114112K
  class space    used 2166K, committed 2496K, reserved 1048576K
}
Event: 2.540 GC heap before
{Heap before GC invocations=8 (full 1):
 PSYoungGen      total 29184K, used 4189K [0x00000000d5580000, 0x00000000d7780000, 0x0000000100000000)
  eden space 24576K, 0% used [0x00000000d5580000,0x00000000d5580000,0x00000000d6d80000)
  from space 4608K, 90% used [0x00000000d6e80000,0x00000000d7297450,0x00000000d7300000)
  to   space 4608K, 0% used [0x00000000d7300000,0x00000000d7300000,0x00000000d7780000)
 ParOldGen       total 68608K, used 9231K [0x0000000080000000, 0x0000000084300000, 0x00000000d5580000)
  object space 68608K, 13% used [0x0000000080000000,0x0000000080903ee0,0x0000000084300000)
 Metaspace       used 20683K, committed 21504K, reserved 1114112K
  class space    used 2166K, committed 2496K, reserved 1048576K
}
Event: 2.571 GC heap after
{Heap after GC invocations=8 (full 1):
 PSYoungGen      total 29184K, used 0K [0x00000000d5580000, 0x00000000d7780000, 0x0000000100000000)
  eden space 24576K, 0% used [0x00000000d5580000,0x00000000d5580000,0x00000000d6d80000)
  from space 4608K, 0% used [0x00000000d6e80000,0x00000000d6e80000,0x00000000d7300000)
  to   space 4608K, 0% used [0x00000000d7300000,0x00000000d7300000,0x00000000d7780000)
 ParOldGen       total 68608K, used 12648K [0x0000000080000000, 0x0000000084300000, 0x00000000d5580000)
  object space 68608K, 18% used [0x0000000080000000,0x0000000080c5a328,0x0000000084300000)
 Metaspace       used 20670K, committed 21504K, reserved 1114112K
  class space    used 2162K, committed 2496K, reserved 1048576K
}

Dll operation events (10 events):
Event: 0.008 Loaded shared library c:\Users\OMAR INFO\.windsurf\extensions\redhat.java-1.45.0-win32-x64\jre\21.0.8-win32-x86_64\bin\java.dll
Event: 0.061 Loaded shared library c:\Users\OMAR INFO\.windsurf\extensions\redhat.java-1.45.0-win32-x64\jre\21.0.8-win32-x86_64\bin\zip.dll
Event: 0.076 Loaded shared library C:\Users\OMAR INFO\.windsurf\extensions\redhat.java-1.45.0-win32-x64\jre\21.0.8-win32-x86_64\bin\instrument.dll
Event: 0.080 Loaded shared library C:\Users\OMAR INFO\.windsurf\extensions\redhat.java-1.45.0-win32-x64\jre\21.0.8-win32-x86_64\bin\net.dll
Event: 0.081 Loaded shared library C:\Users\OMAR INFO\.windsurf\extensions\redhat.java-1.45.0-win32-x64\jre\21.0.8-win32-x86_64\bin\nio.dll
Event: 0.083 Loaded shared library C:\Users\OMAR INFO\.windsurf\extensions\redhat.java-1.45.0-win32-x64\jre\21.0.8-win32-x86_64\bin\zip.dll
Event: 0.095 Loaded shared library C:\Users\OMAR INFO\.windsurf\extensions\redhat.java-1.45.0-win32-x64\jre\21.0.8-win32-x86_64\bin\jimage.dll
Event: 0.147 Loaded shared library c:\Users\OMAR INFO\.windsurf\extensions\redhat.java-1.45.0-win32-x64\jre\21.0.8-win32-x86_64\bin\verify.dll
Event: 0.954 Loaded shared library C:\Users\OMAR INFO\AppData\Roaming\Windsurf\User\globalStorage\redhat.java\1.45.0\config_win\org.eclipse.equinox.launcher\org.eclipse.equinox.launcher.win32.win32.x86_64_1.2.1400.v20250801-0854\eclipse_11916.dll
Event: 2.041 Loaded shared library C:\Users\OMAR INFO\AppData\Local\Temp\jna--64980065\jna11779574526360731633.dll

Deoptimization events (20 events):
Event: 2.526 Thread 0x000001cfc1070670 DEOPT PACKING pc=0x000001cff2e173d4 sp=0x00000061dd9f2360
Event: 2.526 Thread 0x000001cfc1070670 DEOPT UNPACKING pc=0x000001cff2606da2 sp=0x00000061dd9f2310 mode 2
Event: 2.573 Thread 0x000001cfc1070670 Uncommon trap: trap_request=0xffffff45 fr.pc=0x000001cff2ea141c relative=0x000000000000007c
Event: 2.573 Thread 0x000001cfc1070670 Uncommon trap: reason=unstable_if action=reinterpret pc=0x000001cff2ea141c method=java.lang.invoke.LambdaForm$BasicType.basicType(C)Ljava/lang/invoke/LambdaForm$BasicType; @ 1 c2
Event: 2.573 Thread 0x000001cfc1070670 DEOPT PACKING pc=0x000001cff2ea141c sp=0x00000061dd9f1aa0
Event: 2.573 Thread 0x000001cfc1070670 DEOPT UNPACKING pc=0x000001cff2606da2 sp=0x00000061dd9f1a38 mode 2
Event: 2.606 Thread 0x000001cfc1070670 Uncommon trap: trap_request=0xffffff45 fr.pc=0x000001cff2e96e8c relative=0x000000000000526c
Event: 2.606 Thread 0x000001cfc1070670 Uncommon trap: reason=unstable_if action=reinterpret pc=0x000001cff2e96e8c method=java.lang.invoke.MethodType.genericMethodType(IZ)Ljava/lang/invoke/MethodType; @ 27 c2
Event: 2.606 Thread 0x000001cfc1070670 DEOPT PACKING pc=0x000001cff2e96e8c sp=0x00000061dd9ef170
Event: 2.606 Thread 0x000001cfc1070670 DEOPT UNPACKING pc=0x000001cff2606da2 sp=0x00000061dd9eef80 mode 2
Event: 2.631 Thread 0x000001cfc1070670 Uncommon trap: trap_request=0xffffff45 fr.pc=0x000001cff2ea1b4c relative=0x00000000000001ac
Event: 2.631 Thread 0x000001cfc1070670 Uncommon trap: reason=unstable_if action=reinterpret pc=0x000001cff2ea1b4c method=jdk.internal.org.objectweb.asm.Frame.push(I)V @ 26 c2
Event: 2.631 Thread 0x000001cfc1070670 DEOPT PACKING pc=0x000001cff2ea1b4c sp=0x00000061dd9f0ec0
Event: 2.631 Thread 0x000001cfc1070670 DEOPT UNPACKING pc=0x000001cff2606da2 sp=0x00000061dd9f0e48 mode 2
Event: 2.639 Thread 0x000001cfc1070670 DEOPT PACKING pc=0x000001cfeb890fb9 sp=0x00000061dd9f17e0
Event: 2.639 Thread 0x000001cfc1070670 DEOPT UNPACKING pc=0x000001cff26078e2 sp=0x00000061dd9f0c78 mode 0
Event: 2.755 Thread 0x000001cfc1070670 Uncommon trap: trap_request=0xffffff45 fr.pc=0x000001cff2ee6bc8 relative=0x00000000000007c8
Event: 2.755 Thread 0x000001cfc1070670 Uncommon trap: reason=unstable_if action=reinterpret pc=0x000001cff2ee6bc8 method=org.lombokweb.asm.ClassReader.readUTF8(I[C)Ljava/lang/String; @ 11 c2
Event: 2.755 Thread 0x000001cfc1070670 DEOPT PACKING pc=0x000001cff2ee6bc8 sp=0x00000061dd9ef140
Event: 2.755 Thread 0x000001cfc1070670 DEOPT UNPACKING pc=0x000001cff2606da2 sp=0x00000061dd9ef128 mode 2

Classes loaded (20 events):
Event: 2.708 Loading class java/util/zip/GZIPOutputStream
Event: 2.709 Loading class java/util/zip/GZIPOutputStream done
Event: 2.727 Loading class java/util/zip/GZIPInputStream
Event: 2.727 Loading class java/util/zip/GZIPInputStream done
Event: 2.728 Loading class java/io/StringReader
Event: 2.728 Loading class java/io/StringReader done
Event: 2.731 Loading class java/net/SocketTimeoutException
Event: 2.731 Loading class java/io/InterruptedIOException
Event: 2.731 Loading class java/io/InterruptedIOException done
Event: 2.731 Loading class java/net/SocketTimeoutException done
Event: 2.731 Loading class java/net/SocketException
Event: 2.731 Loading class java/net/SocketException done
Event: 2.731 Loading class java/net/UnknownHostException
Event: 2.732 Loading class java/net/UnknownHostException done
Event: 2.732 Loading class java/net/ProtocolException
Event: 2.732 Loading class java/net/ProtocolException done
Event: 2.744 Loading class java/lang/ThreadLocal$SuppliedThreadLocal
Event: 2.745 Loading class java/lang/ThreadLocal$SuppliedThreadLocal done
Event: 2.748 Loading class java/io/FileWriter
Event: 2.748 Loading class java/io/FileWriter done

Classes unloaded (7 events):
Event: 2.544 Thread 0x000001cfe7f04050 Unloading class 0x000001cf811a9800 'java/lang/invoke/LambdaForm$MH+0x000001cf811a9800'
Event: 2.544 Thread 0x000001cfe7f04050 Unloading class 0x000001cf811a9400 'java/lang/invoke/LambdaForm$MH+0x000001cf811a9400'
Event: 2.544 Thread 0x000001cfe7f04050 Unloading class 0x000001cf811a9000 'java/lang/invoke/LambdaForm$MH+0x000001cf811a9000'
Event: 2.544 Thread 0x000001cfe7f04050 Unloading class 0x000001cf811a8c00 'java/lang/invoke/LambdaForm$MH+0x000001cf811a8c00'
Event: 2.544 Thread 0x000001cfe7f04050 Unloading class 0x000001cf811a8800 'java/lang/invoke/LambdaForm$BMH+0x000001cf811a8800'
Event: 2.544 Thread 0x000001cfe7f04050 Unloading class 0x000001cf811a8400 'java/lang/invoke/LambdaForm$DMH+0x000001cf811a8400'
Event: 2.544 Thread 0x000001cfe7f04050 Unloading class 0x000001cf811a3000 'java/lang/invoke/LambdaForm$DMH+0x000001cf811a3000'

Classes redefined (0 events):
No events

Internal exceptions (20 events):
Event: 2.532 Thread 0x000001cfc1070670 Exception <a 'java/lang/NoSuchMethodError'{0x00000000d6aafd68}: 'java.lang.Object java.lang.invoke.DirectMethodHandle$Holder.invokeStatic(java.lang.Object, java.lang.Object, java.lang.Object, java.lang.Object, int, java.lang.Object)'> (0x00000000d6aafd68) 
thrown [s\src\hotspot\share\interpreter\linkResolver.cpp, line 773]
Event: 2.533 Thread 0x000001cfc1070670 Exception <a 'java/lang/NoSuchMethodError'{0x00000000d6ac9f48}: 'java.lang.Object java.lang.invoke.DirectMethodHandle$Holder.invokeStaticInit(java.lang.Object, java.lang.Object, java.lang.Object, java.lang.Object, java.lang.Object, java.lang.Object, java.lang.Object)'> (0x00000000d6ac9f48) 
thrown [s\src\hotspot\share\interpreter\linkResolver.cpp, line 773]
Event: 2.534 Thread 0x000001cfc1070670 Exception <a 'java/lang/NoSuchMethodError'{0x00000000d6acf6e8}: 'java.lang.Object java.lang.invoke.Invokers$Holder.invoke_MT(java.lang.Object, java.lang.Object, java.lang.Object, java.lang.Object, java.lang.Object, java.lang.Object, java.lang.Object, java.lang.Object, java.lang.Object)'> (0x00000000d6acf6e8) 
thrown [s\src\hotspot\share\interpreter\linkResolver.cpp, line 773]
Event: 2.575 Thread 0x000001cfc1070670 Exception <a 'java/lang/NoSuchMethodError'{0x00000000d5590b08}: 'int java.lang.invoke.DirectMethodHandle$Holder.invokeVirtual(java.lang.Object, java.lang.Object, java.lang.Object)'> (0x00000000d5590b08) 
thrown [s\src\hotspot\share\interpreter\linkResolver.cpp, line 773]
Event: 2.576 Thread 0x000001cfc1070670 Exception <a 'java/lang/NoSuchMethodError'{0x00000000d5595aa0}: 'int java.lang.invoke.DirectMethodHandle$Holder.invokeStaticInit(java.lang.Object, int, int)'> (0x00000000d5595aa0) 
thrown [s\src\hotspot\share\interpreter\linkResolver.cpp, line 773]
Event: 2.576 Thread 0x000001cfc1070670 Exception <a 'java/lang/NoSuchMethodError'{0x00000000d559de28}: 'int java.lang.invoke.DirectMethodHandle$Holder.invokeStaticInit(java.lang.Object, long, long)'> (0x00000000d559de28) 
thrown [s\src\hotspot\share\interpreter\linkResolver.cpp, line 773]
Event: 2.576 Thread 0x000001cfc1070670 Exception <a 'java/lang/NoSuchMethodError'{0x00000000d55a57e0}: 'int java.lang.invoke.DirectMethodHandle$Holder.invokeStaticInit(java.lang.Object, float, float)'> (0x00000000d55a57e0) 
thrown [s\src\hotspot\share\interpreter\linkResolver.cpp, line 773]
Event: 2.577 Thread 0x000001cfc1070670 Exception <a 'java/lang/NoSuchMethodError'{0x00000000d55ad190}: 'int java.lang.invoke.DirectMethodHandle$Holder.invokeStaticInit(java.lang.Object, double, double)'> (0x00000000d55ad190) 
thrown [s\src\hotspot\share\interpreter\linkResolver.cpp, line 773]
Event: 2.577 Thread 0x000001cfc1070670 Exception <a 'java/lang/NoSuchMethodError'{0x00000000d55b25e0}: 'int java.lang.invoke.DirectMethodHandle$Holder.invokeStatic(java.lang.Object, long)'> (0x00000000d55b25e0) 
thrown [s\src\hotspot\share\interpreter\linkResolver.cpp, line 773]
Event: 2.579 Thread 0x000001cfc1070670 Exception <a 'java/lang/NoSuchMethodError'{0x00000000d55d1348}: 'int java.lang.invoke.Invokers$Holder.linkToTargetMethod(java.lang.Object, java.lang.Object)'> (0x00000000d55d1348) 
thrown [s\src\hotspot\share\interpreter\linkResolver.cpp, line 773]
Event: 2.606 Thread 0x000001cfc1070670 Exception <a 'java/lang/NoSuchMethodError'{0x00000000d56f3d70}: 'java.lang.Object java.lang.invoke.Invokers$Holder.invoke_MT(java.lang.Object, java.lang.Object, java.lang.Object, java.lang.Object, java.lang.Object, java.lang.Object, java.lang.Object, java.lang.Object, java.lang.Object, java.lang.Object, java.lang.Object)'> (0x00000000d56f3d70) 
thrown [s\src\hotspot\share\interpreter\linkResolver.cpp, line 773]
Event: 2.615 Thread 0x000001cfc1070670 Exception <a 'java/lang/NoSuchMethodError'{0x00000000d5781f60}: 'java.lang.Object java.lang.invoke.Invokers$Holder.invoke_MT(java.lang.Object, java.lang.Object, java.lang.Object, java.lang.Object, java.lang.Object, java.lang.Object, java.lang.Object, java.lang.Object, java.lang.Object, java.lang.Object)'> (0x00000000d5781f60) 
thrown [s\src\hotspot\share\interpreter\linkResolver.cpp, line 773]
Event: 2.624 Thread 0x000001cfc1070670 Exception <a 'java/lang/NoSuchMethodError'{0x00000000d5839170}: 'java.lang.Object java.lang.invoke.DirectMethodHandle$Holder.newInvokeSpecial(java.lang.Object, java.lang.Object, java.lang.Object, java.lang.Object, java.lang.Object, java.lang.Object, java.lang.Object)'> (0x00000000d5839170) 
thrown [s\src\hotspot\share\interpreter\linkResolver.cpp, line 773]
Event: 2.631 Thread 0x000001cfc1070670 Exception <a 'java/lang/NoSuchMethodError'{0x00000000d58b1070}: 'java.lang.Object java.lang.invoke.Invokers$Holder.invoker(java.lang.Object, java.lang.Object, java.lang.Object, java.lang.Object, java.lang.Object, java.lang.Object, java.lang.Object, java.lang.Object, java.lang.Object, java.lang.Object, java.lang.Object, java.lang.Object, java.lang.Object)'> (0x00000000d58b1070) 
thrown [s\src\hotspot\share\interpreter\linkResolver.cpp, line 773]
Event: 2.633 Thread 0x000001cfc1070670 Exception <a 'java/lang/NoSuchMethodError'{0x00000000d58bb508}: 'java.lang.Object java.lang.invoke.DelegatingMethodHandle$Holder.delegate(java.lang.Object, java.lang.Object, java.lang.Object, java.lang.Object, java.lang.Object, java.lang.Object, java.lang.Object, java.lang.Object, java.lang.Object, java.lang.Object, java.lang.Object, java.lang.Object, java.lang.Object)'> (0x00000000d58bb508) 
thrown [s\src\hotspot\share\interpreter\linkResolver.cpp, line 773]
Event: 2.638 Thread 0x000001cfc1070670 Exception <a 'java/lang/NoSuchMethodError'{0x00000000d5925dc0}: static Lorg/eclipse/m2e/core/internal/lifecyclemapping/model/PluginExecutionMetadata;.<clinit>()V> (0x00000000d5925dc0) 
thrown [s\src\hotspot\share\prims\jni.cpp, line 1111]
Event: 2.644 Thread 0x000001cfc1070670 Exception <a 'java/lang/NoSuchMethodError'{0x00000000d5981e38}: static Lorg/eclipse/m2e/core/internal/lifecyclemapping/model/PluginExecutionFilter;.<clinit>()V> (0x00000000d5981e38) 
thrown [s\src\hotspot\share\prims\jni.cpp, line 1111]
Event: 2.646 Thread 0x000001cfc1070670 Exception <a 'java/lang/NoSuchMethodError'{0x00000000d59b1790}: static Lorg/eclipse/m2e/core/internal/project/registry/MavenProjectFacade$MavenProjectConfiguration;.<clinit>()V> (0x00000000d59b1790) 
thrown [s\src\hotspot\share\prims\jni.cpp, line 1111]
Event: 2.701 Thread 0x000001cfc1070670 Exception <a 'java/lang/NoSuchMethodError'{0x00000000d5e328b8}: 'double java.lang.invoke.DirectMethodHandle$Holder.invokeStatic(java.lang.Object, java.lang.Object)'> (0x00000000d5e328b8) 
thrown [s\src\hotspot\share\interpreter\linkResolver.cpp, line 773]
Event: 2.702 Thread 0x000001cfc1070670 Exception <a 'java/lang/NoSuchMethodError'{0x00000000d5e361c8}: 'double java.lang.invoke.DirectMethodHandle$Holder.invokeStaticInit(java.lang.Object, java.lang.Object)'> (0x00000000d5e361c8) 
thrown [s\src\hotspot\share\interpreter\linkResolver.cpp, line 773]

ZGC Phase Switch (0 events):
No events

VM Operations (20 events):
Event: 1.978 Executing VM operation: HandshakeAllThreads (Deoptimize)
Event: 1.978 Executing VM operation: HandshakeAllThreads (Deoptimize) done
Event: 2.019 Executing VM operation: HandshakeAllThreads (Deoptimize)
Event: 2.019 Executing VM operation: HandshakeAllThreads (Deoptimize) done
Event: 2.049 Executing VM operation: HandshakeAllThreads (Deoptimize)
Event: 2.049 Executing VM operation: HandshakeAllThreads (Deoptimize) done
Event: 2.185 Executing VM operation: HandshakeAllThreads (Deoptimize)
Event: 2.185 Executing VM operation: HandshakeAllThreads (Deoptimize) done
Event: 2.212 Executing VM operation: HandshakeAllThreads (Deoptimize)
Event: 2.213 Executing VM operation: HandshakeAllThreads (Deoptimize) done
Event: 2.217 Executing VM operation: HandshakeAllThreads (Deoptimize)
Event: 2.217 Executing VM operation: HandshakeAllThreads (Deoptimize) done
Event: 2.246 Executing VM operation: ICBufferFull
Event: 2.246 Executing VM operation: ICBufferFull done
Event: 2.251 Executing VM operation: ParallelGCFailedAllocation (Allocation Failure)
Event: 2.255 Executing VM operation: ParallelGCFailedAllocation (Allocation Failure) done
Event: 2.522 Executing VM operation: HandshakeAllThreads (Deoptimize)
Event: 2.523 Executing VM operation: HandshakeAllThreads (Deoptimize) done
Event: 2.535 Executing VM operation: CollectForMetadataAllocation (Metadata GC Threshold)
Event: 2.571 Executing VM operation: CollectForMetadataAllocation (Metadata GC Threshold) done

Memory protections (0 events):
No events

Nmethod flushes (0 events):
No events

Events (20 events):
Event: 0.052 Thread 0x000001cfe7f602c0 Thread added: 0x000001cfc106ec30
Event: 0.059 Thread 0x000001cfc1080560 Thread added: 0x000001cfc117bab0
Event: 0.060 Thread 0x000001cfc1080560 Thread added: 0x000001cfc11821c0
Event: 0.066 Thread 0x000001cfc107f720 Thread added: 0x000001cfc117edb0
Event: 0.101 Thread 0x000001cfc1080560 Thread added: 0x000001cfc13863b0
Event: 0.215 Thread 0x000001cfe7f602c0 Thread added: 0x000001cfc106f2c0
Event: 0.296 Thread 0x000001cfc117bab0 Thread added: 0x000001cfc27a03e0
Event: 0.346 Thread 0x000001cfc117bab0 Thread added: 0x000001cfc27904a0
Event: 0.817 Thread 0x000001cfe7f602c0 Thread added: 0x000001cfc106df10
Event: 0.951 Thread 0x000001cfe7f602c0 Thread added: 0x000001cfc106f950
Event: 0.973 Thread 0x000001cfc106f950 Thread added: 0x000001cfc106ffe0
Event: 0.975 Thread 0x000001cfe7f602c0 Thread added: 0x000001cfc1070670
Event: 1.232 Thread 0x000001cfc1070670 Thread added: 0x000001cfc1070d00
Event: 1.349 Thread 0x000001cfc1070670 Thread added: 0x000001cfc1071390
Event: 1.432 Thread 0x000001cfc1070670 Thread added: 0x000001cfc7b030a0
Event: 1.480 Thread 0x000001cfc27904a0 Thread exited: 0x000001cfc27904a0
Event: 1.777 Thread 0x000001cfc1070670 Thread added: 0x000001cfc7b00fd0
Event: 2.065 Thread 0x000001cfc1070670 Thread added: 0x000001cfc7b002b0
Event: 2.096 Thread 0x000001cfc1070670 Thread added: 0x000001cfc7aff590
Event: 2.125 Thread 0x000001cfc1070670 Thread added: 0x000001cfc7b04ae0


Dynamic libraries:
0x00007ff6e3460000 - 0x00007ff6e346e000 	c:\Users\OMAR INFO\.windsurf\extensions\redhat.java-1.45.0-win32-x64\jre\21.0.8-win32-x86_64\bin\java.exe
0x00007ffeec490000 - 0x00007ffeec688000 	C:\Windows\SYSTEM32\ntdll.dll
0x00007ffeea8d0000 - 0x00007ffeea992000 	C:\Windows\System32\KERNEL32.DLL
0x00007ffee9da0000 - 0x00007ffeea096000 	C:\Windows\System32\KERNELBASE.dll
0x00007ffee9b30000 - 0x00007ffee9c30000 	C:\Windows\System32\ucrtbase.dll
0x00007ffeba580000 - 0x00007ffeba598000 	c:\Users\OMAR INFO\.windsurf\extensions\redhat.java-1.45.0-win32-x64\jre\21.0.8-win32-x86_64\bin\jli.dll
0x00007ffeeb4f0000 - 0x00007ffeeb68d000 	C:\Windows\System32\USER32.dll
0x00007ffeb56c0000 - 0x00007ffeb56de000 	c:\Users\OMAR INFO\.windsurf\extensions\redhat.java-1.45.0-win32-x64\jre\21.0.8-win32-x86_64\bin\VCRUNTIME140.dll
0x00007ffed0400000 - 0x00007ffed069b000 	C:\Windows\WinSxS\amd64_microsoft.windows.common-controls_6595b64144ccf1df_6.0.19041.6280_none_60bc30a171f2f3f3\COMCTL32.dll
0x00007ffee9cb0000 - 0x00007ffee9cd2000 	C:\Windows\System32\win32u.dll
0x00007ffeeb250000 - 0x00007ffeeb2ee000 	C:\Windows\System32\msvcrt.dll
0x00007ffeec2f0000 - 0x00007ffeec31b000 	C:\Windows\System32\GDI32.dll
0x00007ffeea200000 - 0x00007ffeea319000 	C:\Windows\System32\gdi32full.dll
0x00007ffeea420000 - 0x00007ffeea4bd000 	C:\Windows\System32\msvcp_win.dll
0x00007ffeec380000 - 0x00007ffeec3af000 	C:\Windows\System32\IMM32.DLL
0x00007ffee1f40000 - 0x00007ffee1f4c000 	c:\Users\OMAR INFO\.windsurf\extensions\redhat.java-1.45.0-win32-x64\jre\21.0.8-win32-x86_64\bin\vcruntime140_1.dll
0x00007ffea38c0000 - 0x00007ffea394d000 	c:\Users\OMAR INFO\.windsurf\extensions\redhat.java-1.45.0-win32-x64\jre\21.0.8-win32-x86_64\bin\msvcp140.dll
0x00007ffe893d0000 - 0x00007ffe8a167000 	c:\Users\OMAR INFO\.windsurf\extensions\redhat.java-1.45.0-win32-x64\jre\21.0.8-win32-x86_64\bin\server\jvm.dll
0x00007ffeea720000 - 0x00007ffeea7d1000 	C:\Windows\System32\ADVAPI32.dll
0x00007ffeec3b0000 - 0x00007ffeec44f000 	C:\Windows\System32\sechost.dll
0x00007ffeeb370000 - 0x00007ffeeb490000 	C:\Windows\System32\RPCRT4.dll
0x00007ffee9ce0000 - 0x00007ffee9d07000 	C:\Windows\System32\bcrypt.dll
0x00007ffeeb300000 - 0x00007ffeeb36b000 	C:\Windows\System32\WS2_32.dll
0x00007ffee94b0000 - 0x00007ffee94fb000 	C:\Windows\SYSTEM32\POWRPROF.dll
0x00007ffedd940000 - 0x00007ffedd967000 	C:\Windows\SYSTEM32\WINMM.dll
0x00007ffee33f0000 - 0x00007ffee33fa000 	C:\Windows\SYSTEM32\VERSION.dll
0x00007ffee9470000 - 0x00007ffee9482000 	C:\Windows\SYSTEM32\UMPDC.dll
0x00007ffee8360000 - 0x00007ffee8372000 	C:\Windows\SYSTEM32\kernel.appcore.dll
0x00007ffede8f0000 - 0x00007ffede8fa000 	c:\Users\OMAR INFO\.windsurf\extensions\redhat.java-1.45.0-win32-x64\jre\21.0.8-win32-x86_64\bin\jimage.dll
0x00007ffee7710000 - 0x00007ffee7911000 	C:\Windows\SYSTEM32\DBGHELP.DLL
0x00007ffecc7f0000 - 0x00007ffecc824000 	C:\Windows\SYSTEM32\dbgcore.DLL
0x00007ffee9d10000 - 0x00007ffee9d92000 	C:\Windows\System32\bcryptPrimitives.dll
0x00007ffede8b0000 - 0x00007ffede8bf000 	c:\Users\OMAR INFO\.windsurf\extensions\redhat.java-1.45.0-win32-x64\jre\21.0.8-win32-x86_64\bin\instrument.dll
0x00007ffeb5650000 - 0x00007ffeb566f000 	c:\Users\OMAR INFO\.windsurf\extensions\redhat.java-1.45.0-win32-x64\jre\21.0.8-win32-x86_64\bin\java.dll
0x00007ffeeb690000 - 0x00007ffeebe00000 	C:\Windows\System32\SHELL32.dll
0x00007ffee7b50000 - 0x00007ffee82f5000 	C:\Windows\SYSTEM32\windows.storage.dll
0x00007ffeebf90000 - 0x00007ffeec2e3000 	C:\Windows\System32\combase.dll
0x00007ffee9410000 - 0x00007ffee943b000 	C:\Windows\SYSTEM32\Wldp.dll
0x00007ffeea800000 - 0x00007ffeea8cd000 	C:\Windows\System32\OLEAUT32.dll
0x00007ffeeb1a0000 - 0x00007ffeeb24d000 	C:\Windows\System32\SHCORE.dll
0x00007ffeebe00000 - 0x00007ffeebe5b000 	C:\Windows\System32\shlwapi.dll
0x00007ffee9a60000 - 0x00007ffee9a84000 	C:\Windows\SYSTEM32\profapi.dll
0x00007ffede900000 - 0x00007ffede918000 	c:\Users\OMAR INFO\.windsurf\extensions\redhat.java-1.45.0-win32-x64\jre\21.0.8-win32-x86_64\bin\zip.dll
0x00007ffee5540000 - 0x00007ffee5550000 	C:\Users\OMAR INFO\.windsurf\extensions\redhat.java-1.45.0-win32-x64\jre\21.0.8-win32-x86_64\bin\net.dll
0x00007ffee20c0000 - 0x00007ffee21ca000 	C:\Windows\SYSTEM32\WINHTTP.dll
0x00007ffee91f0000 - 0x00007ffee925a000 	C:\Windows\system32\mswsock.dll
0x00007ffee54d0000 - 0x00007ffee54e6000 	C:\Users\OMAR INFO\.windsurf\extensions\redhat.java-1.45.0-win32-x64\jre\21.0.8-win32-x86_64\bin\nio.dll
0x00007ffee5530000 - 0x00007ffee5540000 	c:\Users\OMAR INFO\.windsurf\extensions\redhat.java-1.45.0-win32-x64\jre\21.0.8-win32-x86_64\bin\verify.dll
0x00007ffeafb30000 - 0x00007ffeafb74000 	C:\Users\OMAR INFO\AppData\Roaming\Windsurf\User\globalStorage\redhat.java\1.45.0\config_win\org.eclipse.equinox.launcher\org.eclipse.equinox.launcher.win32.win32.x86_64_1.2.1400.v20250801-0854\eclipse_11916.dll
0x00007ffeeaaa0000 - 0x00007ffeeabcb000 	C:\Windows\System32\ole32.dll
0x00007ffee9450000 - 0x00007ffee9468000 	C:\Windows\SYSTEM32\CRYPTSP.dll
0x00007ffee8ad0000 - 0x00007ffee8b08000 	C:\Windows\system32\rsaenh.dll
0x00007ffee99e0000 - 0x00007ffee9a0e000 	C:\Windows\SYSTEM32\USERENV.dll
0x00007ffee9380000 - 0x00007ffee938c000 	C:\Windows\SYSTEM32\CRYPTBASE.dll
0x00007ffee8ef0000 - 0x00007ffee8f2b000 	C:\Windows\SYSTEM32\IPHLPAPI.DLL
0x00007ffeea9a0000 - 0x00007ffeea9a8000 	C:\Windows\System32\NSI.dll
0x00007ffea30b0000 - 0x00007ffea30f9000 	C:\Users\OMAR INFO\AppData\Local\Temp\jna--64980065\jna11779574526360731633.dll
0x00007ffeebe60000 - 0x00007ffeebe68000 	C:\Windows\System32\PSAPI.DLL

JVMTI agents:
c:\Users\OMAR INFO\.windsurf\extensions\redhat.java-1.45.0-win32-x64\lombok\lombok-1.18.39-4050.jar path:c:\Users\OMAR INFO\.windsurf\extensions\redhat.java-1.45.0-win32-x64\jre\21.0.8-win32-x86_64\bin\instrument.dll, loaded, initialized, instrumentlib options:none

dbghelp: loaded successfully - version: 4.0.5 - missing functions: none
symbol engine: initialized successfully - sym options: 0x614 - pdb path: .;c:\Users\OMAR INFO\.windsurf\extensions\redhat.java-1.45.0-win32-x64\jre\21.0.8-win32-x86_64\bin;C:\Windows\SYSTEM32;C:\Windows\WinSxS\amd64_microsoft.windows.common-controls_6595b64144ccf1df_6.0.19041.6280_none_60bc30a171f2f3f3;c:\Users\OMAR INFO\.windsurf\extensions\redhat.java-1.45.0-win32-x64\jre\21.0.8-win32-x86_64\bin\server;C:\Users\OMAR INFO\AppData\Roaming\Windsurf\User\globalStorage\redhat.java\1.45.0\config_win\org.eclipse.equinox.launcher\org.eclipse.equinox.launcher.win32.win32.x86_64_1.2.1400.v20250801-0854;C:\Users\OMAR INFO\AppData\Local\Temp\jna--64980065

VM Arguments:
jvm_args: --add-modules=ALL-SYSTEM --add-opens=java.base/java.util=ALL-UNNAMED --add-opens=java.base/java.lang=ALL-UNNAMED --add-opens=java.base/sun.nio.fs=ALL-UNNAMED -Declipse.application=org.eclipse.jdt.ls.core.id1 -Dosgi.bundles.defaultStartLevel=4 -Declipse.product=org.eclipse.jdt.ls.core.product -Djava.import.generatesMetadataFilesAtProjectRoot=false -DDetectVMInstallationsJob.disabled=true -Dfile.encoding=utf8 -XX:+UseParallelGC -XX:GCTimeRatio=4 -XX:AdaptiveSizePolicyWeight=90 -Dsun.zip.disableMemoryMapping=true -Xmx2G -Xms100m -Xlog:disable -javaagent:c:\Users\OMAR INFO\.windsurf\extensions\redhat.java-1.45.0-win32-x64\lombok\lombok-1.18.39-4050.jar -XX:+HeapDumpOnOutOfMemoryError -XX:HeapDumpPath=c:\Users\OMAR INFO\AppData\Roaming\Windsurf\User\workspaceStorage\017271f0c0c7557d9833a01acf50ccd7\redhat.java -Daether.dependencyCollector.impl=bf 
java_command: c:\Users\OMAR INFO\.windsurf\extensions\redhat.java-1.45.0-win32-x64\server\plugins\org.eclipse.equinox.launcher_1.7.0.v20250519-0528.jar -configuration c:\Users\OMAR INFO\AppData\Roaming\Windsurf\User\globalStorage\redhat.java\1.45.0\config_win -data c:\Users\OMAR INFO\AppData\Roaming\Windsurf\User\workspaceStorage\017271f0c0c7557d9833a01acf50ccd7\redhat.java\jdt_ws --pipe=\\.\pipe\lsp-1ceedbff1f49bf85ed65abb857512e0c-sock
java_class_path (initial): c:\Users\OMAR INFO\.windsurf\extensions\redhat.java-1.45.0-win32-x64\server\plugins\org.eclipse.equinox.launcher_1.7.0.v20250519-0528.jar
Launcher Type: SUN_STANDARD

[Global flags]
    uintx AdaptiveSizePolicyWeight                 = 90                                        {product} {command line}
     intx CICompilerCount                          = 12                                        {product} {ergonomic}
    uintx GCTimeRatio                              = 4                                         {product} {command line}
     bool HeapDumpOnOutOfMemoryError               = true                                   {manageable} {command line}
    ccstr HeapDumpPath                             = c:\Users\OMAR INFO\AppData\Roaming\Windsurf\User\workspaceStorage\017271f0c0c7557d9833a01acf50ccd7\redhat.java         {manageable} {command line}
   size_t InitialHeapSize                          = 104857600                                 {product} {command line}
   size_t MaxHeapSize                              = 2147483648                                {product} {command line}
   size_t MaxNewSize                               = 715653120                                 {product} {ergonomic}
   size_t MinHeapDeltaBytes                        = 524288                                    {product} {ergonomic}
   size_t MinHeapSize                              = 104857600                                 {product} {command line}
   size_t NewSize                                  = 34603008                                  {product} {ergonomic}
    uintx NonNMethodCodeHeapSize                   = 7602480                                {pd product} {ergonomic}
    uintx NonProfiledCodeHeapSize                  = 122027880                              {pd product} {ergonomic}
   size_t OldSize                                  = 70254592                                  {product} {ergonomic}
    uintx ProfiledCodeHeapSize                     = 122027880                              {pd product} {ergonomic}
    uintx ReservedCodeCacheSize                    = 251658240                              {pd product} {ergonomic}
     bool SegmentedCodeCache                       = true                                      {product} {ergonomic}
   size_t SoftMaxHeapSize                          = 2147483648                             {manageable} {ergonomic}
     bool UseCompressedOops                        = true                           {product lp64_product} {ergonomic}
     bool UseLargePagesIndividualAllocation        = false                                  {pd product} {ergonomic}
     bool UseParallelGC                            = true                                      {product} {command line}

Logging:
Log output configuration:
 #0: stdout all=off uptime,level,tags foldmultilines=false
 #1: stderr all=off uptime,level,tags foldmultilines=false

Environment Variables:
PATH=C:\oraclexe\app\oracle\product\10.2.0\server\bin;C:\ProgramData\Oracle\Java\javapath;C:\Program Files\Common Files\Oracle\Java\javapath;C:\Windows\system32;C:\Windows;C:\Windows\System32\Wbem;C:\Windows\System32\WindowsPowerShell\v1.0\;C:\Windows\System32\OpenSSH\;C:\Program Files\Microsoft SQL Server\150\Tools\Binn\;C:\Program Files\Microsoft SQL Server\Client SDK\ODBC\170\Tools\Binn\;C:\Program Files\dotnet\;C:\Program Files\NVIDIA Corporation\NVIDIA NvDLISR;C:\ProgramData\chocolatey\bin;C:\Program Files (x86)\Microsoft SQL Server\110\Tools\Binn\;C:\Program Files (x86)\Microsoft SQL Server\110\DTS\Binn\;C:\Program Files (x86)\Microsoft SQL Server\110\Tools\Binn\ManagementStudio\;C:\Program Files (x86)\Microsoft Visual Studio 10.0\Common7\IDE\PrivateAssemblies\;C:\Program Files (x86)\NVIDIA Corporation\PhysX\Common;C:\Program Files\nodejs\;C:\Program Files\Git LFS;C:\Program Files\Docker\Docker\resources\bin;C:\Program Files\Git\cmd;C:\Windows\system32\platform-tools;C:\Program Files\MongoDB\Server\8.0\bin;C:\Users\OMAR INFO\AppData\Local\Programs\Python\Python310;C:\Users\OMAR INFO\AppData\Local\Programs\Python\Python310\Scripts;F:\PuTTY\;C:\Users\OMAR INFO\AppData\Local\Programs\Python\Python310\Scripts\;C:\Users\OMAR INFO\AppData\Local\Programs\Python\Python310\;C:\Users\OMAR INFO\AppData\Local\Microsoft\WindowsApps;C:\Users\OMAR INFO\.dotnet\tools;C:\Program Files\JetBrains\IntelliJ IDEA 2023.2.1\bin;;C:\Users\OMAR INFO\AppData\Local\Programs\Microsoft VS Code\bin;C:\Users\OMAR INFO\AppData\Roaming\npm;C:\Users\OMAR INFO\AppData\Local\GitHubDesktop\bin;C:\xampp\php;C:\Users\OMAR INFO\composer;C:\Users\OMAR INFO\AppData\Roaming\Composer\vendor\bin;C:\Program Files (x86)\Microsoft SDKs\Windows\v10.0A\bin\NETFX 4.8 Tools;C:\Users\OMAR INFO\AppData\Local\Programs\Windsurf\bin;
USERNAME=OMAR INFO
OS=Windows_NT
PROCESSOR_IDENTIFIER=Intel64 Family 6 Model 141 Stepping 1, GenuineIntel
TMP=C:\Users\OMARIN~1\AppData\Local\Temp
TEMP=C:\Users\OMARIN~1\AppData\Local\Temp




Periodic native trim disabled

---------------  S Y S T E M  ---------------

OS:
 Windows 10 , 64 bit Build 19041 (10.0.19041.5915)
OS uptime: 7 days 0:37 hours
Hyper-V role detected

CPU: total 16 (initial active 16) (8 cores per cpu, 2 threads per core) family 6 model 141 stepping 1 microcode 0x26, cx8, cmov, fxsr, ht, mmx, 3dnowpref, sse, sse2, sse3, ssse3, sse4.1, sse4.2, popcnt, lzcnt, tsc, tscinvbit, avx, avx2, aes, erms, clmul, bmi1, bmi2, adx, avx512f, avx512dq, avx512cd, avx512bw, avx512vl, sha, fma, vzeroupper, avx512_vpopcntdq, avx512_vpclmulqdq, avx512_vaes, avx512_vnni, clflush, clflushopt, clwb, avx512_vbmi2, avx512_vbmi, hv, rdtscp, rdpid, fsrm, gfni, avx512_bitalg, f16c, cet_ibt, cet_ss, avx512_ifma
Processor Information for the first 16 processors :
  Max Mhz: 2304, Current Mhz: 2304, Mhz Limit: 2304

Memory: 4k page, system-wide physical 16085M (466M free)
TotalPageFile size 23385M (AvailPageFile size 4M)
current process WorkingSet (physical memory assigned to process): 153M, peak: 155M
current process commit charge ("private bytes"): 301M, peak: 303M

vm_info: OpenJDK 64-Bit Server VM (21.0.8+9-LTS) for windows-amd64 JRE (21.0.8+9-LTS), built on 2025-07-15T00:00:00Z by "admin" with MS VC++ 17.7 (VS2022)

END.
