#
# There is insufficient memory for the Java Runtime Environment to continue.
# Native memory allocation (malloc) failed to allocate 1048576 bytes. Error detail: AllocateHeap
# Possible reasons:
#   The system is out of physical RAM or swap space
#   This process is running with CompressedOops enabled, and the Java Heap may be blocking the growth of the native heap
# Possible solutions:
#   Reduce memory load on the system
#   Increase physical memory or swap space
#   Check if swap backing store is full
#   Decrease Java heap size (-Xmx/-Xms)
#   Decrease number of Java threads
#   Decrease Java thread stack sizes (-Xss)
#   Set larger code cache with -XX:ReservedCodeCacheSize=
#   JVM is running with Unscaled Compressed Oops mode in which the Java heap is
#     placed in the first 4GB address space. The Java Heap base address is the
#     maximum limit for the native heap growth. Please use -XX:HeapBaseMinAddress
#     to set the Java Heap base and to place the Java Heap above 4GB virtual address.
# This output file may be truncated or incomplete.
#
#  Out of Memory Error (allocation.cpp:44), pid=7256, tid=19688
#
# JRE version: OpenJDK Runtime Environment Temurin-21.0.8+9 (21.0.8+9) (build 21.0.8+9-LTS)
# Java VM: OpenJDK 64-Bit Server VM Temurin-21.0.8+9 (21.0.8+9-LTS, mixed mode, sharing, tiered, compressed oops, compressed class ptrs, parallel gc, windows-amd64)
# No core dump will be written. Minidumps are not enabled by default on client versions of Windows
#

---------------  S U M M A R Y ------------

Command Line: --add-modules=ALL-SYSTEM --add-opens=java.base/java.util=ALL-UNNAMED --add-opens=java.base/java.lang=ALL-UNNAMED --add-opens=java.base/sun.nio.fs=ALL-UNNAMED -Declipse.application=org.eclipse.jdt.ls.core.id1 -Dosgi.bundles.defaultStartLevel=4 -Declipse.product=org.eclipse.jdt.ls.core.product -Djava.import.generatesMetadataFilesAtProjectRoot=false -DDetectVMInstallationsJob.disabled=true -Dfile.encoding=utf8 -XX:+UseParallelGC -XX:GCTimeRatio=4 -XX:AdaptiveSizePolicyWeight=90 -Dsun.zip.disableMemoryMapping=true -Xmx2G -Xms100m -Xlog:disable -javaagent:c:\Users\OMAR INFO\.windsurf\extensions\redhat.java-1.44.0-win32-x64\lombok\lombok-1.18.39-4050.jar -XX:+HeapDumpOnOutOfMemoryError -XX:HeapDumpPath=c:\Users\OMAR INFO\AppData\Roaming\Windsurf\User\workspaceStorage\017271f0c0c7557d9833a01acf50ccd7\redhat.java -Daether.dependencyCollector.impl=bf c:\Users\OMAR INFO\.windsurf\extensions\redhat.java-1.44.0-win32-x64\server\plugins\org.eclipse.equinox.launcher_1.7.0.v20250519-0528.jar -configuration c:\Users\OMAR INFO\AppData\Roaming\Windsurf\User\globalStorage\redhat.java\1.44.0\config_win -data c:\Users\OMAR INFO\AppData\Roaming\Windsurf\User\workspaceStorage\017271f0c0c7557d9833a01acf50ccd7\redhat.java\jdt_ws --pipe=\\.\pipe\lsp-7d8c752b91bc2ef30095394fc106a2c1-sock

Host: 11th Gen Intel(R) Core(TM) i7-11800H @ 2.30GHz, 16 cores, 15G,  Windows 10 , 64 bit Build 19041 (10.0.19041.5915)
Time: Wed Sep  3 14:00:14 2025 Paris, Madrid elapsed time: 180.789826 seconds (0d 0h 3m 0s)

---------------  T H R E A D  ---------------

Current thread (0x0000021090362e20):  JavaThread "Attach Listener" daemon [_thread_in_vm, id=19688, stack(0x000000a679800000,0x000000a679900000) (1024K)]

Stack: [0x000000a679800000,0x000000a679900000]
Native frames: (J=compiled Java code, j=interpreted, Vv=VM code, C=native code)
V  [jvm.dll+0x6d2449]
V  [jvm.dll+0x8ae341]
V  [jvm.dll+0x8b08be]
V  [jvm.dll+0x8b0fa3]
V  [jvm.dll+0x280c96]
V  [jvm.dll+0xc0347]
V  [jvm.dll+0x6d2cf9]
V  [jvm.dll+0x131116]
V  [jvm.dll+0x3f2d16]
V  [jvm.dll+0x857e6b]
V  [jvm.dll+0x6d0b0d]
C  [ucrtbase.dll+0x21bb2]
C  [KERNEL32.DLL+0x17374]
C  [ntdll.dll+0x4cc91]


---------------  P R O C E S S  ---------------

Threads class SMR info:
_java_thread_list=0x00000210f60055d0, length=103, elements={
0x00000210903b0380, 0x000002109047e800, 0x000002109035f380, 0x0000021090361c90,
0x0000021090362e20, 0x000002109036e4f0, 0x00000210e93a97f0, 0x00000210e93ba0b0,
0x00000210e93dc700, 0x00000210e93a8ad0, 0x00000210e93a9e80, 0x00000210e93aaba0,
0x00000210e93aa510, 0x00000210e93a7db0, 0x00000210e93ab230, 0x00000210e93a8440,
0x00000210e93a9160, 0x00000210efcfc3d0, 0x00000210efcfe4a0, 0x00000210efcfca60,
0x00000210efd00c00, 0x00000210efcfd780, 0x00000210efd03360, 0x00000210efcfd0f0,
0x00000210efcfeb30, 0x00000210efd01920, 0x00000210efcff850, 0x00000210efd01fb0,
0x00000210efcffee0, 0x00000210efd00570, 0x00000210efd02cd0, 0x00000210efd01290,
0x00000210efd039f0, 0x00000210f30e5500, 0x00000210f30eb770, 0x00000210f30e9d30,
0x00000210f30ea3c0, 0x00000210f30eaa50, 0x00000210f30eb0e0, 0x00000210f30ebe00,
0x00000210f30ec490, 0x00000210f30e68b0, 0x00000210f47d96c0, 0x00000210f47d6240,
0x00000210f47d8310, 0x00000210f47da3e0, 0x00000210f47d75f0, 0x00000210f47d5520,
0x00000210f47d9d50, 0x00000210f47d89a0, 0x00000210f47d5bb0, 0x00000210f47d7c80,
0x00000210f47d68d0, 0x00000210f47d6f60, 0x00000210f47db100, 0x00000210f47db790,
0x00000210f47d4e90, 0x00000210f47dc4b0, 0x00000210f31668d0, 0x00000210f3164e90,
0x00000210f3166240, 0x00000210f3166f60, 0x00000210f31675f0, 0x00000210f3167c80,
0x00000210f316be20, 0x00000210f3169030, 0x00000210f31689a0, 0x00000210f316aa70,
0x00000210f3168310, 0x00000210f31696c0, 0x00000210f5a0aa50, 0x00000210f5a096a0,
0x00000210f5a06f40, 0x00000210f5a09d30, 0x00000210f5a03ac0, 0x00000210f5a0b0e0,
0x00000210f5a04150, 0x00000210f5a068b0, 0x00000210f5a05500, 0x00000210f5a075d0,
0x00000210f5a05b90, 0x00000210f5a07c60, 0x00000210f5a06220, 0x00000210f5a082f0,
0x00000210f37d6cc0, 0x00000210f37d8070, 0x00000210f37dbb80, 0x00000210f37dcf30,
0x00000210f37dd5c0, 0x00000210f37de2e0, 0x00000210f37d8700, 0x0000021081986c60,
0x0000021081983150, 0x00000210819837e0, 0x0000021081981da0, 0x0000021081981080,
0x0000021081983e70, 0x0000021081987980, 0x0000021081985220, 0x00000210f318ed70,
0x00000210f318fa90, 0x00000210f5c3dcc0, 0x00000210f30e5b90
}

Java Threads: ( => current thread )
  0x00000210903b0380 JavaThread "main"                              [_thread_blocked, id=14224, stack(0x000000a679100000,0x000000a679200000) (1024K)]
  0x000002109047e800 JavaThread "Reference Handler"          daemon [_thread_blocked, id=6836, stack(0x000000a679500000,0x000000a679600000) (1024K)]
  0x000002109035f380 JavaThread "Finalizer"                  daemon [_thread_blocked, id=5676, stack(0x000000a679600000,0x000000a679700000) (1024K)]
  0x0000021090361c90 JavaThread "Signal Dispatcher"          daemon [_thread_blocked, id=3008, stack(0x000000a679700000,0x000000a679800000) (1024K)]
=>0x0000021090362e20 JavaThread "Attach Listener"            daemon [_thread_in_vm, id=19688, stack(0x000000a679800000,0x000000a679900000) (1024K)]
  0x000002109036e4f0 JavaThread "Service Thread"             daemon [_thread_blocked, id=17680, stack(0x000000a679900000,0x000000a679a00000) (1024K)]
  0x00000210e93a97f0 JavaThread "Monitor Deflation Thread"   daemon [_thread_blocked, id=18236, stack(0x000000a679a00000,0x000000a679b00000) (1024K)]
  0x00000210e93ba0b0 JavaThread "C2 CompilerThread0"         daemon [_thread_blocked, id=17236, stack(0x000000a679b00000,0x000000a679c00000) (1024K)]
  0x00000210e93dc700 JavaThread "C1 CompilerThread0"         daemon [_thread_blocked, id=14676, stack(0x000000a679c00000,0x000000a679d00000) (1024K)]
  0x00000210e93a8ad0 JavaThread "Common-Cleaner"             daemon [_thread_blocked, id=10288, stack(0x000000a679d00000,0x000000a679e00000) (1024K)]
  0x00000210e93a9e80 JavaThread "Notification Thread"        daemon [_thread_blocked, id=5996, stack(0x000000a67a100000,0x000000a67a200000) (1024K)]
  0x00000210e93aaba0 JavaThread "Active Thread: Equinox Container: bac1afe5-40ae-4504-b8e1-b6365de4f191"        [_thread_blocked, id=16340, stack(0x000000a67aa00000,0x000000a67ab00000) (1024K)]
  0x00000210e93aa510 JavaThread "Refresh Thread: Equinox Container: bac1afe5-40ae-4504-b8e1-b6365de4f191" daemon [_thread_blocked, id=12012, stack(0x000000a67ac00000,0x000000a67ad00000) (1024K)]
  0x00000210e93a7db0 JavaThread "Framework Event Dispatcher: Equinox Container: bac1afe5-40ae-4504-b8e1-b6365de4f191" daemon [_thread_blocked, id=13728, stack(0x000000a67ad00000,0x000000a67ae00000) (1024K)]
  0x00000210e93ab230 JavaThread "Start Level: Equinox Container: bac1afe5-40ae-4504-b8e1-b6365de4f191" daemon [_thread_blocked, id=12932, stack(0x000000a67ae00000,0x000000a67af00000) (1024K)]
  0x00000210e93a8440 JavaThread "Bundle File Closer"         daemon [_thread_blocked, id=16952, stack(0x000000a67b200000,0x000000a67b300000) (1024K)]
  0x00000210e93a9160 JavaThread "SCR Component Actor"        daemon [_thread_blocked, id=12056, stack(0x000000a67b300000,0x000000a67b400000) (1024K)]
  0x00000210efcfc3d0 JavaThread "Worker-JM"                         [_thread_blocked, id=2504, stack(0x000000a67b500000,0x000000a67b600000) (1024K)]
  0x00000210efcfe4a0 JavaThread "JNA Cleaner"                daemon [_thread_blocked, id=844, stack(0x000000a67b800000,0x000000a67b900000) (1024K)]
  0x00000210efcfca60 JavaThread "Worker-1"                          [_thread_blocked, id=18128, stack(0x000000a67ba00000,0x000000a67bb00000) (1024K)]
  0x00000210efd00c00 JavaThread "Java indexing"              daemon [_thread_blocked, id=20216, stack(0x000000a67bb00000,0x000000a67bc00000) (1024K)]
  0x00000210efcfd780 JavaThread "Worker-2"                          [_thread_blocked, id=9380, stack(0x000000a67be00000,0x000000a67bf00000) (1024K)]
  0x00000210efd03360 JavaThread "Thread-2"                   daemon [_thread_in_native, id=17584, stack(0x000000a67c000000,0x000000a67c100000) (1024K)]
  0x00000210efcfd0f0 JavaThread "Thread-3"                   daemon [_thread_in_native, id=1500, stack(0x000000a67c100000,0x000000a67c200000) (1024K)]
  0x00000210efcfeb30 JavaThread "Thread-4"                   daemon [_thread_in_native, id=6688, stack(0x000000a67c200000,0x000000a67c300000) (1024K)]
  0x00000210efd01920 JavaThread "Thread-5"                   daemon [_thread_in_native, id=15532, stack(0x000000a67c300000,0x000000a67c400000) (1024K)]
  0x00000210efcff850 JavaThread "Thread-6"                   daemon [_thread_in_native, id=5616, stack(0x000000a67c400000,0x000000a67c500000) (1024K)]
  0x00000210efd01fb0 JavaThread "Thread-7"                   daemon [_thread_in_native, id=7068, stack(0x000000a67c500000,0x000000a67c600000) (1024K)]
  0x00000210efcffee0 JavaThread "Thread-8"                   daemon [_thread_in_native, id=5588, stack(0x000000a67c600000,0x000000a67c700000) (1024K)]
  0x00000210efd00570 JavaThread "Thread-9"                   daemon [_thread_in_native, id=7076, stack(0x000000a67c700000,0x000000a67c800000) (1024K)]
  0x00000210efd02cd0 JavaThread "Thread-10"                  daemon [_thread_in_native, id=19964, stack(0x000000a67c800000,0x000000a67c900000) (1024K)]
  0x00000210efd01290 JavaThread "Thread-11"                  daemon [_thread_in_native, id=16656, stack(0x000000a67c900000,0x000000a67ca00000) (1024K)]
  0x00000210efd039f0 JavaThread "Thread-12"                  daemon [_thread_in_native, id=1776, stack(0x000000a67ca00000,0x000000a67cb00000) (1024K)]
  0x00000210f30e5500 JavaThread "Thread-13"                  daemon [_thread_in_native, id=7932, stack(0x000000a67cb00000,0x000000a67cc00000) (1024K)]
  0x00000210f30eb770 JavaThread "Thread-14"                  daemon [_thread_in_native, id=15704, stack(0x000000a67cc00000,0x000000a67cd00000) (1024K)]
  0x00000210f30e9d30 JavaThread "Thread-15"                  daemon [_thread_in_native, id=15600, stack(0x000000a67cd00000,0x000000a67ce00000) (1024K)]
  0x00000210f30ea3c0 JavaThread "Thread-16"                  daemon [_thread_in_native, id=19040, stack(0x000000a67ce00000,0x000000a67cf00000) (1024K)]
  0x00000210f30eaa50 JavaThread "Thread-17"                  daemon [_thread_in_native, id=5700, stack(0x000000a67cf00000,0x000000a67d000000) (1024K)]
  0x00000210f30eb0e0 JavaThread "Thread-18"                  daemon [_thread_in_native, id=7004, stack(0x000000a67d000000,0x000000a67d100000) (1024K)]
  0x00000210f30ebe00 JavaThread "pool-2-thread-1"                   [_thread_blocked, id=19024, stack(0x000000a67d100000,0x000000a67d200000) (1024K)]
  0x00000210f30ec490 JavaThread "WorkspaceEventsHandler"            [_thread_blocked, id=13392, stack(0x000000a67d900000,0x000000a67da00000) (1024K)]
  0x00000210f30e68b0 JavaThread "pool-1-thread-1"                   [_thread_blocked, id=3788, stack(0x000000a67da00000,0x000000a67db00000) (1024K)]
  0x00000210f47d96c0 JavaThread "LocalFile Deleter"          daemon [_thread_blocked, id=12116, stack(0x000000a67d600000,0x000000a67d700000) (1024K)]
  0x00000210f47d6240 JavaThread "LocalFile Deleter"          daemon [_thread_blocked, id=15516, stack(0x000000a67dc00000,0x000000a67dd00000) (1024K)]
  0x00000210f47d8310 JavaThread "LocalFile Deleter"          daemon [_thread_blocked, id=2524, stack(0x000000a67dd00000,0x000000a67de00000) (1024K)]
  0x00000210f47da3e0 JavaThread "LocalFile Deleter"          daemon [_thread_blocked, id=8492, stack(0x000000a67de00000,0x000000a67df00000) (1024K)]
  0x00000210f47d75f0 JavaThread "LocalFile Deleter"          daemon [_thread_blocked, id=15892, stack(0x000000a67df00000,0x000000a67e000000) (1024K)]
  0x00000210f47d5520 JavaThread "LocalFile Deleter"          daemon [_thread_blocked, id=12228, stack(0x000000a67e000000,0x000000a67e100000) (1024K)]
  0x00000210f47d9d50 JavaThread "LocalFile Deleter"          daemon [_thread_blocked, id=15932, stack(0x000000a67e100000,0x000000a67e200000) (1024K)]
  0x00000210f47d89a0 JavaThread "LocalFile Deleter"          daemon [_thread_blocked, id=13816, stack(0x000000a67e200000,0x000000a67e300000) (1024K)]
  0x00000210f47d5bb0 JavaThread "LocalFile Deleter"          daemon [_thread_blocked, id=17204, stack(0x000000a67e300000,0x000000a67e400000) (1024K)]
  0x00000210f47d7c80 JavaThread "LocalFile Deleter"          daemon [_thread_blocked, id=10388, stack(0x000000a67e400000,0x000000a67e500000) (1024K)]
  0x00000210f47d68d0 JavaThread "LocalFile Deleter"          daemon [_thread_blocked, id=13340, stack(0x000000a67e500000,0x000000a67e600000) (1024K)]
  0x00000210f47d6f60 JavaThread "LocalFile Deleter"          daemon [_thread_blocked, id=8392, stack(0x000000a67e600000,0x000000a67e700000) (1024K)]
  0x00000210f47db100 JavaThread "LocalFile Deleter"          daemon [_thread_blocked, id=19464, stack(0x000000a67e800000,0x000000a67e900000) (1024K)]
  0x00000210f47db790 JavaThread "LocalFile Deleter"          daemon [_thread_blocked, id=14532, stack(0x000000a67e900000,0x000000a67ea00000) (1024K)]
  0x00000210f47d4e90 JavaThread "Compiler Source File Reader" daemon [_thread_blocked, id=19740, stack(0x000000a67ea00000,0x000000a67eb00000) (1024K)]
  0x00000210f47dc4b0 JavaThread "Compiler Source File Reader" daemon [_thread_blocked, id=1708, stack(0x000000a67eb00000,0x000000a67ec00000) (1024K)]
  0x00000210f31668d0 JavaThread "Compiler Source File Reader" daemon [_thread_blocked, id=2828, stack(0x000000a67ec00000,0x000000a67ed00000) (1024K)]
  0x00000210f3164e90 JavaThread "Compiler Source File Reader" daemon [_thread_blocked, id=16332, stack(0x000000a67ed00000,0x000000a67ee00000) (1024K)]
  0x00000210f3166240 JavaThread "Compiler Source File Reader" daemon [_thread_blocked, id=6440, stack(0x000000a67ee00000,0x000000a67ef00000) (1024K)]
  0x00000210f3166f60 JavaThread "Compiler Source File Reader" daemon [_thread_blocked, id=5568, stack(0x000000a67ef00000,0x000000a67f000000) (1024K)]
  0x00000210f31675f0 JavaThread "Compiler Source File Reader" daemon [_thread_blocked, id=12496, stack(0x000000a67f000000,0x000000a67f100000) (1024K)]
  0x00000210f3167c80 JavaThread "Compiler Source File Reader" daemon [_thread_blocked, id=8652, stack(0x000000a67f100000,0x000000a67f200000) (1024K)]
  0x00000210f316be20 JavaThread "Compiler Source File Reader" daemon [_thread_blocked, id=13356, stack(0x000000a67f200000,0x000000a67f300000) (1024K)]
  0x00000210f3169030 JavaThread "Compiler Source File Reader" daemon [_thread_blocked, id=6844, stack(0x000000a67f300000,0x000000a67f400000) (1024K)]
  0x00000210f31689a0 JavaThread "Compiler Source File Reader" daemon [_thread_blocked, id=18840, stack(0x000000a67f400000,0x000000a67f500000) (1024K)]
  0x00000210f316aa70 JavaThread "Compiler Source File Reader" daemon [_thread_blocked, id=9928, stack(0x000000a67f500000,0x000000a67f600000) (1024K)]
  0x00000210f3168310 JavaThread "Compiler Source File Reader" daemon [_thread_blocked, id=9384, stack(0x000000a67f600000,0x000000a67f700000) (1024K)]
  0x00000210f31696c0 JavaThread "Compiler Source File Reader" daemon [_thread_blocked, id=8184, stack(0x000000a67f700000,0x000000a67f800000) (1024K)]
  0x00000210f5a0aa50 JavaThread "Compiler Class File Writer" daemon [_thread_blocked, id=2540, stack(0x000000a67fa00000,0x000000a67fb00000) (1024K)]
  0x00000210f5a096a0 JavaThread "Compiler Class File Writer" daemon [_thread_blocked, id=17832, stack(0x000000a67fb00000,0x000000a67fc00000) (1024K)]
  0x00000210f5a06f40 JavaThread "Compiler Class File Writer" daemon [_thread_blocked, id=9932, stack(0x000000a67fc00000,0x000000a67fd00000) (1024K)]
  0x00000210f5a09d30 JavaThread "Compiler Class File Writer" daemon [_thread_blocked, id=5796, stack(0x000000a67fd00000,0x000000a67fe00000) (1024K)]
  0x00000210f5a03ac0 JavaThread "Compiler Class File Writer" daemon [_thread_blocked, id=4964, stack(0x000000a67fe00000,0x000000a67ff00000) (1024K)]
  0x00000210f5a0b0e0 JavaThread "Compiler Class File Writer" daemon [_thread_blocked, id=5860, stack(0x000000a67ff00000,0x000000a680000000) (1024K)]
  0x00000210f5a04150 JavaThread "Compiler Class File Writer" daemon [_thread_blocked, id=14592, stack(0x000000a600000000,0x000000a600100000) (1024K)]
  0x00000210f5a068b0 JavaThread "Compiler Class File Writer" daemon [_thread_blocked, id=5012, stack(0x000000a600100000,0x000000a600200000) (1024K)]
  0x00000210f5a05500 JavaThread "Compiler Class File Writer" daemon [_thread_blocked, id=2576, stack(0x000000a600200000,0x000000a600300000) (1024K)]
  0x00000210f5a075d0 JavaThread "Compiler Class File Writer" daemon [_thread_blocked, id=1068, stack(0x000000a600300000,0x000000a600400000) (1024K)]
  0x00000210f5a05b90 JavaThread "Compiler Class File Writer" daemon [_thread_blocked, id=15864, stack(0x000000a600400000,0x000000a600500000) (1024K)]
  0x00000210f5a07c60 JavaThread "Compiler Class File Writer" daemon [_thread_blocked, id=16012, stack(0x000000a600500000,0x000000a600600000) (1024K)]
  0x00000210f5a06220 JavaThread "Compiler Class File Writer" daemon [_thread_blocked, id=4768, stack(0x000000a600600000,0x000000a600700000) (1024K)]
  0x00000210f5a082f0 JavaThread "Compiler Class File Writer" daemon [_thread_blocked, id=15256, stack(0x000000a600700000,0x000000a600800000) (1024K)]
  0x00000210f37d6cc0 JavaThread "ForkJoinPool.commonPool-worker-1" daemon [_thread_blocked, id=14824, stack(0x000000a600b00000,0x000000a600c00000) (1024K)]
  0x00000210f37d8070 JavaThread "ForkJoinPool.commonPool-worker-2" daemon [_thread_blocked, id=13472, stack(0x000000a600c00000,0x000000a600d00000) (1024K)]
  0x00000210f37dbb80 JavaThread "ForkJoinPool.commonPool-worker-3" daemon [_thread_blocked, id=19956, stack(0x000000a600d00000,0x000000a600e00000) (1024K)]
  0x00000210f37dcf30 JavaThread "ForkJoinPool.commonPool-worker-4" daemon [_thread_blocked, id=4488, stack(0x000000a600e00000,0x000000a600f00000) (1024K)]
  0x00000210f37dd5c0 JavaThread "ForkJoinPool.commonPool-worker-5" daemon [_thread_blocked, id=20144, stack(0x000000a600f00000,0x000000a601000000) (1024K)]
  0x00000210f37de2e0 JavaThread "ForkJoinPool.commonPool-worker-6" daemon [_thread_blocked, id=14636, stack(0x000000a601000000,0x000000a601100000) (1024K)]
  0x00000210f37d8700 JavaThread "ForkJoinPool.commonPool-worker-7" daemon [_thread_blocked, id=11724, stack(0x000000a601100000,0x000000a601200000) (1024K)]
  0x0000021081986c60 JavaThread "ForkJoinPool.commonPool-worker-8" daemon [_thread_blocked, id=3884, stack(0x000000a601200000,0x000000a601300000) (1024K)]
  0x0000021081983150 JavaThread "ForkJoinPool.commonPool-worker-9" daemon [_thread_blocked, id=14172, stack(0x000000a601300000,0x000000a601400000) (1024K)]
  0x00000210819837e0 JavaThread "ForkJoinPool.commonPool-worker-10" daemon [_thread_blocked, id=19436, stack(0x000000a601400000,0x000000a601500000) (1024K)]
  0x0000021081981da0 JavaThread "ForkJoinPool.commonPool-worker-11" daemon [_thread_blocked, id=17940, stack(0x000000a601500000,0x000000a601600000) (1024K)]
  0x0000021081981080 JavaThread "ForkJoinPool.commonPool-worker-12" daemon [_thread_blocked, id=6116, stack(0x000000a601600000,0x000000a601700000) (1024K)]
  0x0000021081983e70 JavaThread "ForkJoinPool.commonPool-worker-14" daemon [_thread_blocked, id=13640, stack(0x000000a601800000,0x000000a601900000) (1024K)]
  0x0000021081987980 JavaThread "ForkJoinPool.commonPool-worker-15" daemon [_thread_blocked, id=13580, stack(0x000000a601900000,0x000000a601a00000) (1024K)]
  0x0000021081985220 JavaThread "Cleaner-0"                  daemon [_thread_blocked, id=17536, stack(0x000000a601e00000,0x000000a601f00000) (1024K)]
  0x00000210f318ed70 JavaThread "Compiler Processing Task"   daemon [_thread_blocked, id=2456, stack(0x000000a600a00000,0x000000a600b00000) (1024K)]
  0x00000210f318fa90 JavaThread "Worker-7"                          [_thread_blocked, id=18056, stack(0x000000a601700000,0x000000a601800000) (1024K)]
  0x00000210f5c3dcc0 JavaThread "C1 CompilerThread1"         daemon [_thread_blocked, id=12180, stack(0x000000a600800000,0x000000a600900000) (1024K)]
  0x00000210f30e5b90 JavaThread "ForkJoinPool.commonPool-worker-16" daemon [_thread_blocked, id=16484, stack(0x000000a600900000,0x000000a600a00000) (1024K)]
Total: 103

Other Threads:
  0x00000210903549a0 VMThread "VM Thread"                           [id=4540, stack(0x000000a679400000,0x000000a679500000) (1024K)]
  0x000002109041f190 WatcherThread "VM Periodic Task Thread"        [id=10708, stack(0x000000a679300000,0x000000a679400000) (1024K)]
  0x00000210903cfc70 WorkerThread "GC Thread#0"                     [id=13096, stack(0x000000a679200000,0x000000a679300000) (1024K)]
  0x00000210ef697760 WorkerThread "GC Thread#1"                     [id=19224, stack(0x000000a67a300000,0x000000a67a400000) (1024K)]
  0x00000210ef95a8c0 WorkerThread "GC Thread#2"                     [id=14208, stack(0x000000a67a400000,0x000000a67a500000) (1024K)]
  0x00000210ef95ac60 WorkerThread "GC Thread#3"                     [id=10752, stack(0x000000a67a500000,0x000000a67a600000) (1024K)]
  0x00000210ef49e570 WorkerThread "GC Thread#4"                     [id=11616, stack(0x000000a67a600000,0x000000a67a700000) (1024K)]
  0x00000210ef49e910 WorkerThread "GC Thread#5"                     [id=14380, stack(0x000000a67a700000,0x000000a67a800000) (1024K)]
  0x00000210ef49ecb0 WorkerThread "GC Thread#6"                     [id=4360, stack(0x000000a67a800000,0x000000a67a900000) (1024K)]
  0x00000210ef6d50f0 WorkerThread "GC Thread#7"                     [id=2704, stack(0x000000a67ab00000,0x000000a67ac00000) (1024K)]
  0x00000210f007b1b0 WorkerThread "GC Thread#8"                     [id=8308, stack(0x000000a67af00000,0x000000a67b000000) (1024K)]
  0x00000210efca6900 WorkerThread "GC Thread#9"                     [id=16960, stack(0x000000a67b000000,0x000000a67b100000) (1024K)]
  0x00000210efd91b00 WorkerThread "GC Thread#10"                    [id=19680, stack(0x000000a67b100000,0x000000a67b200000) (1024K)]
  0x00000210efd91ea0 WorkerThread "GC Thread#11"                    [id=18020, stack(0x000000a67a200000,0x000000a67a300000) (1024K)]
  0x00000210efd91760 WorkerThread "GC Thread#12"                    [id=2932, stack(0x000000a67b700000,0x000000a67b800000) (1024K)]
Total: 15

Threads with active compile tasks:
Total: 0

VM state: not at safepoint (normal execution)

VM Mutex/Monitor currently owned by a thread: None

Heap address: 0x0000000080000000, size: 2048 MB, Compressed Oops mode: 32-bit

CDS archive(s) mapped at: [0x00000210a7000000-0x00000210a7ba0000-0x00000210a7ba0000), size 12189696, SharedBaseAddress: 0x00000210a7000000, ArchiveRelocationMode: 1.
Compressed class space mapped at: 0x00000210a8000000-0x00000210e8000000, reserved size: 1073741824
Narrow klass base: 0x00000210a7000000, Narrow klass shift: 0, Narrow klass range: 0x100000000

GC Precious Log:
 CardTable entry size: 512
 CPUs: 16 total, 16 available
 Memory: 16085M
 Large Page Support: Disabled
 NUMA Support: Disabled
 Compressed Oops: Enabled (32-bit)
 Alignments: Space 512K, Generation 512K, Heap 2M
 Heap Min Capacity: 100M
 Heap Initial Capacity: 100M
 Heap Max Capacity: 2G
 Pre-touch: Disabled
 Parallel Workers: 13

Heap:
 PSYoungGen      total 6656K, used 3381K [0x00000000d5580000, 0x00000000d5e80000, 0x0000000100000000)
  eden space 6144K, 46% used [0x00000000d5580000,0x00000000d584d578,0x00000000d5b80000)
  from space 512K, 100% used [0x00000000d5d80000,0x00000000d5e00000,0x00000000d5e00000)
  to   space 1536K, 0% used [0x00000000d5b80000,0x00000000d5b80000,0x00000000d5d00000)
 ParOldGen       total 774144K, used 516596K [0x0000000080000000, 0x00000000af400000, 0x00000000d5580000)
  object space 774144K, 66% used [0x0000000080000000,0x000000009f87d000,0x00000000af400000)
 Metaspace       used 77686K, committed 79232K, reserved 1179648K
  class space    used 7624K, committed 8320K, reserved 1048576K

Card table byte_map: [0x000002108fd60000,0x0000021090170000] _byte_map_base: 0x000002108f960000

Marking Bits: (ParMarkBitMap*) 0x00007ff8ee1ea340
 Begin Bits: [0x00000210a2860000, 0x00000210a4860000)
 End Bits:   [0x00000210a4860000, 0x00000210a6860000)

Polling page: 0x000002108dee0000

Metaspace:

Usage:
  Non-class:     68.42 MB used.
      Class:      7.45 MB used.
       Both:     75.87 MB used.

Virtual space:
  Non-class space:      128.00 MB reserved,      69.25 MB ( 54%) committed,  2 nodes.
      Class space:        1.00 GB reserved,       8.12 MB ( <1%) committed,  1 nodes.
             Both:        1.12 GB reserved,      77.38 MB (  7%) committed. 

Chunk freelists:
   Non-Class:  10.76 MB
       Class:  7.73 MB
        Both:  18.49 MB

MaxMetaspaceSize: unlimited
CompressedClassSpaceSize: 1.00 GB
Initial GC threshold: 21.00 MB
Current GC threshold: 116.88 MB
CDS: on
 - commit_granule_bytes: 65536.
 - commit_granule_words: 8192.
 - virtual_space_node_default_size: 8388608.
 - enlarge_chunks_in_place: 1.
 - use_allocation_guard: 0.


Internal statistics:

num_allocs_failed_limit: 9.
num_arena_births: 1560.
num_arena_deaths: 22.
num_vsnodes_births: 3.
num_vsnodes_deaths: 0.
num_space_committed: 1238.
num_space_uncommitted: 0.
num_chunks_returned_to_freelist: 35.
num_chunks_taken_from_freelist: 5503.
num_chunk_merges: 15.
num_chunk_splits: 3252.
num_chunks_enlarged: 1728.
num_inconsistent_stats: 0.

CodeHeap 'non-profiled nmethods': size=119168Kb used=23689Kb max_used=23689Kb free=95478Kb
 bounds [0x000002109b150000, 0x000002109c880000, 0x00000210a25b0000]
CodeHeap 'profiled nmethods': size=119104Kb used=48511Kb max_used=48511Kb free=70593Kb
 bounds [0x00000210935b0000, 0x0000021096510000, 0x000002109aa00000]
CodeHeap 'non-nmethods': size=7488Kb used=2054Kb max_used=3282Kb free=5433Kb
 bounds [0x000002109aa00000, 0x000002109ad40000, 0x000002109b150000]
CodeCache: size=245760Kb, used=74254Kb, max_used=75482Kb, free=171504Kb
 total_blobs=19739, nmethods=18940, adapters=699, full_count=0
Compilation: enabled, stopped_count=0, restarted_count=0

Compilation events (20 events):
Event: 177.368 Thread 0x00000210f5c3dcc0 nmethod 20980 0x000002109650c810 code [0x000002109650c9c0, 0x000002109650cb18]
Event: 177.368 Thread 0x00000210f5c3dcc0 20982       3       org.eclipse.jdt.ls.core.internal.handlers.CodeActionHandler$$Lambda/0x00000210a87d4720::<init> (10 bytes)
Event: 177.368 Thread 0x00000210f5c3dcc0 nmethod 20982 0x000002109650cc10 code [0x000002109650cdc0, 0x000002109650cf48]
Event: 177.369 Thread 0x00000210e93dc700 nmethod 20981 0x000002109650d010 code [0x000002109650d260, 0x000002109650db68]
Event: 177.369 Thread 0x00000210e93ba0b0 20983       4       jdk.internal.reflect.Reflection::verifyModuleAccess (24 bytes)
Event: 177.369 Thread 0x00000210f5c3dcc0 20984       3       com.google.gson.Gson::newJsonWriter (69 bytes)
Event: 177.369 Thread 0x00000210f5c3dcc0 nmethod 20984 0x000002109650de90 code [0x000002109650e0a0, 0x000002109650e720]
Event: 177.376 Thread 0x00000210e93ba0b0 nmethod 20983 0x000002109c865b10 code [0x000002109c865d40, 0x000002109c866808]
Event: 177.378 Thread 0x00000210f5c3dcc0 20985       3       java.util.concurrent.CompletableFuture::uniApplyStage (54 bytes)
Event: 177.378 Thread 0x00000210e93dc700 20986       3       java.util.concurrent.CompletableFuture$UniApply::<init> (14 bytes)
Event: 177.378 Thread 0x00000210e93dc700 nmethod 20986 0x000002109650e990 code [0x000002109650eb40, 0x000002109650ee10]
Event: 177.379 Thread 0x00000210f5c3dcc0 nmethod 20985 0x000002109650ef90 code [0x000002109650f1c0, 0x000002109650f950]
Event: 177.380 Thread 0x00000210e93ba0b0 20987   !   4       com.google.gson.Gson::getAdapter (265 bytes)
Event: 177.462 Thread 0x00000210e93ba0b0 nmethod 20987 0x000002109c867010 code [0x000002109c867800, 0x000002109c86cbe0]
Event: 177.462 Thread 0x00000210e93ba0b0 20988   !   4       org.eclipse.osgi.container.ModuleDatabase::getWiring (31 bytes)
Event: 177.473 Thread 0x00000210e93ba0b0 nmethod 20988 0x000002109c870510 code [0x000002109c8707a0, 0x000002109c871178]
Event: 177.473 Thread 0x00000210e93ba0b0 20989       4       org.eclipse.core.runtime.Path::isValidSegment (62 bytes)
Event: 177.475 Thread 0x00000210e93ba0b0 nmethod 20989 0x000002109c871b10 code [0x000002109c871cc0, 0x000002109c871ed8]
Event: 177.475 Thread 0x00000210e93ba0b0 20990       4       org.eclipse.core.runtime.Path::makeUNC (57 bytes)
Event: 177.475 Thread 0x00000210e93ba0b0 nmethod 20990 0x000002109c872110 code [0x000002109c8722a0, 0x000002109c872378]

GC Heap History (20 events):
Event: 177.155 GC heap before
{Heap before GC invocations=1469 (full 4):
 PSYoungGen      total 6144K, used 6124K [0x00000000d5580000, 0x00000000d5f80000, 0x0000000100000000)
  eden space 5120K, 100% used [0x00000000d5580000,0x00000000d5a80000,0x00000000d5a80000)
  from space 1024K, 98% used [0x00000000d5c80000,0x00000000d5d7b048,0x00000000d5d80000)
  to   space 2048K, 0% used [0x00000000d5a80000,0x00000000d5a80000,0x00000000d5c80000)
 ParOldGen       total 774144K, used 510601K [0x0000000080000000, 0x00000000af400000, 0x00000000d5580000)
  object space 774144K, 65% used [0x0000000080000000,0x000000009f2a2628,0x00000000af400000)
 Metaspace       used 77616K, committed 79168K, reserved 1179648K
  class space    used 7617K, committed 8320K, reserved 1048576K
}
Event: 177.156 GC heap after
{Heap after GC invocations=1469 (full 4):
 PSYoungGen      total 7168K, used 554K [0x00000000d5580000, 0x00000000d5d80000, 0x0000000100000000)
  eden space 5120K, 0% used [0x00000000d5580000,0x00000000d5580000,0x00000000d5a80000)
  from space 2048K, 27% used [0x00000000d5a80000,0x00000000d5b0a910,0x00000000d5c80000)
  to   space 1024K, 0% used [0x00000000d5c80000,0x00000000d5c80000,0x00000000d5d80000)
 ParOldGen       total 774144K, used 511379K [0x0000000080000000, 0x00000000af400000, 0x00000000d5580000)
  object space 774144K, 66% used [0x0000000080000000,0x000000009f364e38,0x00000000af400000)
 Metaspace       used 77616K, committed 79168K, reserved 1179648K
  class space    used 7617K, committed 8320K, reserved 1048576K
}
Event: 177.159 GC heap before
{Heap before GC invocations=1470 (full 4):
 PSYoungGen      total 7168K, used 5674K [0x00000000d5580000, 0x00000000d5d80000, 0x0000000100000000)
  eden space 5120K, 100% used [0x00000000d5580000,0x00000000d5a80000,0x00000000d5a80000)
  from space 2048K, 27% used [0x00000000d5a80000,0x00000000d5b0a910,0x00000000d5c80000)
  to   space 1024K, 0% used [0x00000000d5c80000,0x00000000d5c80000,0x00000000d5d80000)
 ParOldGen       total 774144K, used 511379K [0x0000000080000000, 0x00000000af400000, 0x00000000d5580000)
  object space 774144K, 66% used [0x0000000080000000,0x000000009f364e38,0x00000000af400000)
 Metaspace       used 77616K, committed 79168K, reserved 1179648K
  class space    used 7617K, committed 8320K, reserved 1048576K
}
Event: 177.159 GC heap after
{Heap after GC invocations=1470 (full 4):
 PSYoungGen      total 7168K, used 768K [0x00000000d5580000, 0x00000000d5d80000, 0x0000000100000000)
  eden space 6144K, 0% used [0x00000000d5580000,0x00000000d5580000,0x00000000d5b80000)
  from space 1024K, 75% used [0x00000000d5c80000,0x00000000d5d40000,0x00000000d5d80000)
  to   space 1024K, 0% used [0x00000000d5b80000,0x00000000d5b80000,0x00000000d5c80000)
 ParOldGen       total 774144K, used 511736K [0x0000000080000000, 0x00000000af400000, 0x00000000d5580000)
  object space 774144K, 66% used [0x0000000080000000,0x000000009f3be058,0x00000000af400000)
 Metaspace       used 77616K, committed 79168K, reserved 1179648K
  class space    used 7617K, committed 8320K, reserved 1048576K
}
Event: 177.163 GC heap before
{Heap before GC invocations=1471 (full 4):
 PSYoungGen      total 7168K, used 6912K [0x00000000d5580000, 0x00000000d5d80000, 0x0000000100000000)
  eden space 6144K, 100% used [0x00000000d5580000,0x00000000d5b80000,0x00000000d5b80000)
  from space 1024K, 75% used [0x00000000d5c80000,0x00000000d5d40000,0x00000000d5d80000)
  to   space 1024K, 0% used [0x00000000d5b80000,0x00000000d5b80000,0x00000000d5c80000)
 ParOldGen       total 774144K, used 511736K [0x0000000080000000, 0x00000000af400000, 0x00000000d5580000)
  object space 774144K, 66% used [0x0000000080000000,0x000000009f3be058,0x00000000af400000)
 Metaspace       used 77616K, committed 79168K, reserved 1179648K
  class space    used 7617K, committed 8320K, reserved 1048576K
}
Event: 177.164 GC heap after
{Heap after GC invocations=1471 (full 4):
 PSYoungGen      total 7168K, used 480K [0x00000000d5580000, 0x00000000d5f00000, 0x0000000100000000)
  eden space 6144K, 0% used [0x00000000d5580000,0x00000000d5580000,0x00000000d5b80000)
  from space 1024K, 46% used [0x00000000d5b80000,0x00000000d5bf8000,0x00000000d5c80000)
  to   space 1024K, 0% used [0x00000000d5e00000,0x00000000d5e00000,0x00000000d5f00000)
 ParOldGen       total 774144K, used 511984K [0x0000000080000000, 0x00000000af400000, 0x00000000d5580000)
  object space 774144K, 66% used [0x0000000080000000,0x000000009f3fc078,0x00000000af400000)
 Metaspace       used 77616K, committed 79168K, reserved 1179648K
  class space    used 7617K, committed 8320K, reserved 1048576K
}
Event: 177.174 GC heap before
{Heap before GC invocations=1472 (full 4):
 PSYoungGen      total 7168K, used 6624K [0x00000000d5580000, 0x00000000d5f00000, 0x0000000100000000)
  eden space 6144K, 100% used [0x00000000d5580000,0x00000000d5b80000,0x00000000d5b80000)
  from space 1024K, 46% used [0x00000000d5b80000,0x00000000d5bf8000,0x00000000d5c80000)
  to   space 1024K, 0% used [0x00000000d5e00000,0x00000000d5e00000,0x00000000d5f00000)
 ParOldGen       total 774144K, used 511984K [0x0000000080000000, 0x00000000af400000, 0x00000000d5580000)
  object space 774144K, 66% used [0x0000000080000000,0x000000009f3fc078,0x00000000af400000)
 Metaspace       used 77642K, committed 79232K, reserved 1179648K
  class space    used 7621K, committed 8320K, reserved 1048576K
}
Event: 177.175 GC heap after
{Heap after GC invocations=1472 (full 4):
 PSYoungGen      total 7168K, used 928K [0x00000000d5580000, 0x00000000d5f00000, 0x0000000100000000)
  eden space 6144K, 0% used [0x00000000d5580000,0x00000000d5580000,0x00000000d5b80000)
  from space 1024K, 90% used [0x00000000d5e00000,0x00000000d5ee8000,0x00000000d5f00000)
  to   space 1024K, 0% used [0x00000000d5b80000,0x00000000d5b80000,0x00000000d5c80000)
 ParOldGen       total 774144K, used 512320K [0x0000000080000000, 0x00000000af400000, 0x00000000d5580000)
  object space 774144K, 66% used [0x0000000080000000,0x000000009f4500b8,0x00000000af400000)
 Metaspace       used 77642K, committed 79232K, reserved 1179648K
  class space    used 7621K, committed 8320K, reserved 1048576K
}
Event: 177.184 GC heap before
{Heap before GC invocations=1473 (full 4):
 PSYoungGen      total 7168K, used 7072K [0x00000000d5580000, 0x00000000d5f00000, 0x0000000100000000)
  eden space 6144K, 100% used [0x00000000d5580000,0x00000000d5b80000,0x00000000d5b80000)
  from space 1024K, 90% used [0x00000000d5e00000,0x00000000d5ee8000,0x00000000d5f00000)
  to   space 1024K, 0% used [0x00000000d5b80000,0x00000000d5b80000,0x00000000d5c80000)
 ParOldGen       total 774144K, used 512320K [0x0000000080000000, 0x00000000af400000, 0x00000000d5580000)
  object space 774144K, 66% used [0x0000000080000000,0x000000009f4500b8,0x00000000af400000)
 Metaspace       used 77642K, committed 79232K, reserved 1179648K
  class space    used 7621K, committed 8320K, reserved 1048576K
}
Event: 177.186 GC heap after
{Heap after GC invocations=1473 (full 4):
 PSYoungGen      total 7168K, used 1008K [0x00000000d5580000, 0x00000000d6080000, 0x0000000100000000)
  eden space 6144K, 0% used [0x00000000d5580000,0x00000000d5580000,0x00000000d5b80000)
  from space 1024K, 98% used [0x00000000d5b80000,0x00000000d5c7c320,0x00000000d5c80000)
  to   space 2560K, 0% used [0x00000000d5e00000,0x00000000d5e00000,0x00000000d6080000)
 ParOldGen       total 774144K, used 513244K [0x0000000080000000, 0x00000000af400000, 0x00000000d5580000)
  object space 774144K, 66% used [0x0000000080000000,0x000000009f537028,0x00000000af400000)
 Metaspace       used 77642K, committed 79232K, reserved 1179648K
  class space    used 7621K, committed 8320K, reserved 1048576K
}
Event: 177.191 GC heap before
{Heap before GC invocations=1474 (full 4):
 PSYoungGen      total 7168K, used 7152K [0x00000000d5580000, 0x00000000d6080000, 0x0000000100000000)
  eden space 6144K, 100% used [0x00000000d5580000,0x00000000d5b80000,0x00000000d5b80000)
  from space 1024K, 98% used [0x00000000d5b80000,0x00000000d5c7c320,0x00000000d5c80000)
  to   space 2560K, 0% used [0x00000000d5e00000,0x00000000d5e00000,0x00000000d6080000)
 ParOldGen       total 774144K, used 513244K [0x0000000080000000, 0x00000000af400000, 0x00000000d5580000)
  object space 774144K, 66% used [0x0000000080000000,0x000000009f537028,0x00000000af400000)
 Metaspace       used 77642K, committed 79232K, reserved 1179648K
  class space    used 7621K, committed 8320K, reserved 1048576K
}
Event: 177.192 GC heap after
{Heap after GC invocations=1474 (full 4):
 PSYoungGen      total 7168K, used 704K [0x00000000d5580000, 0x00000000d5f00000, 0x0000000100000000)
  eden space 6144K, 0% used [0x00000000d5580000,0x00000000d5580000,0x00000000d5b80000)
  from space 1024K, 68% used [0x00000000d5e00000,0x00000000d5eb0020,0x00000000d5f00000)
  to   space 1536K, 0% used [0x00000000d5c00000,0x00000000d5c00000,0x00000000d5d80000)
 ParOldGen       total 774144K, used 514106K [0x0000000080000000, 0x00000000af400000, 0x00000000d5580000)
  object space 774144K, 66% used [0x0000000080000000,0x000000009f60eba0,0x00000000af400000)
 Metaspace       used 77642K, committed 79232K, reserved 1179648K
  class space    used 7621K, committed 8320K, reserved 1048576K
}
Event: 177.198 GC heap before
{Heap before GC invocations=1475 (full 4):
 PSYoungGen      total 7168K, used 6848K [0x00000000d5580000, 0x00000000d5f00000, 0x0000000100000000)
  eden space 6144K, 100% used [0x00000000d5580000,0x00000000d5b80000,0x00000000d5b80000)
  from space 1024K, 68% used [0x00000000d5e00000,0x00000000d5eb0020,0x00000000d5f00000)
  to   space 1536K, 0% used [0x00000000d5c00000,0x00000000d5c00000,0x00000000d5d80000)
 ParOldGen       total 774144K, used 514106K [0x0000000080000000, 0x00000000af400000, 0x00000000d5580000)
  object space 774144K, 66% used [0x0000000080000000,0x000000009f60eba0,0x00000000af400000)
 Metaspace       used 77642K, committed 79232K, reserved 1179648K
  class space    used 7621K, committed 8320K, reserved 1048576K
}
Event: 177.199 GC heap after
{Heap after GC invocations=1475 (full 4):
 PSYoungGen      total 7680K, used 736K [0x00000000d5580000, 0x00000000d5e80000, 0x0000000100000000)
  eden space 6144K, 0% used [0x00000000d5580000,0x00000000d5580000,0x00000000d5b80000)
  from space 1536K, 47% used [0x00000000d5c00000,0x00000000d5cb8000,0x00000000d5d80000)
  to   space 1024K, 0% used [0x00000000d5d80000,0x00000000d5d80000,0x00000000d5e80000)
 ParOldGen       total 774144K, used 514610K [0x0000000080000000, 0x00000000af400000, 0x00000000d5580000)
  object space 774144K, 66% used [0x0000000080000000,0x000000009f68cbe0,0x00000000af400000)
 Metaspace       used 77642K, committed 79232K, reserved 1179648K
  class space    used 7621K, committed 8320K, reserved 1048576K
}
Event: 177.207 GC heap before
{Heap before GC invocations=1476 (full 4):
 PSYoungGen      total 7680K, used 6880K [0x00000000d5580000, 0x00000000d5e80000, 0x0000000100000000)
  eden space 6144K, 100% used [0x00000000d5580000,0x00000000d5b80000,0x00000000d5b80000)
  from space 1536K, 47% used [0x00000000d5c00000,0x00000000d5cb8000,0x00000000d5d80000)
  to   space 1024K, 0% used [0x00000000d5d80000,0x00000000d5d80000,0x00000000d5e80000)
 ParOldGen       total 774144K, used 514610K [0x0000000080000000, 0x00000000af400000, 0x00000000d5580000)
  object space 774144K, 66% used [0x0000000080000000,0x000000009f68cbe0,0x00000000af400000)
 Metaspace       used 77642K, committed 79232K, reserved 1179648K
  class space    used 7621K, committed 8320K, reserved 1048576K
}
Event: 177.208 GC heap after
{Heap after GC invocations=1476 (full 4):
 PSYoungGen      total 7168K, used 912K [0x00000000d5580000, 0x00000000d5e80000, 0x0000000100000000)
  eden space 6144K, 0% used [0x00000000d5580000,0x00000000d5580000,0x00000000d5b80000)
  from space 1024K, 89% used [0x00000000d5d80000,0x00000000d5e64010,0x00000000d5e80000)
  to   space 1024K, 0% used [0x00000000d5c80000,0x00000000d5c80000,0x00000000d5d80000)
 ParOldGen       total 774144K, used 515123K [0x0000000080000000, 0x00000000af400000, 0x00000000d5580000)
  object space 774144K, 66% used [0x0000000080000000,0x000000009f70cc20,0x00000000af400000)
 Metaspace       used 77642K, committed 79232K, reserved 1179648K
  class space    used 7621K, committed 8320K, reserved 1048576K
}
Event: 177.214 GC heap before
{Heap before GC invocations=1477 (full 4):
 PSYoungGen      total 7168K, used 7056K [0x00000000d5580000, 0x00000000d5e80000, 0x0000000100000000)
  eden space 6144K, 100% used [0x00000000d5580000,0x00000000d5b80000,0x00000000d5b80000)
  from space 1024K, 89% used [0x00000000d5d80000,0x00000000d5e64010,0x00000000d5e80000)
  to   space 1024K, 0% used [0x00000000d5c80000,0x00000000d5c80000,0x00000000d5d80000)
 ParOldGen       total 774144K, used 515123K [0x0000000080000000, 0x00000000af400000, 0x00000000d5580000)
  object space 774144K, 66% used [0x0000000080000000,0x000000009f70cc20,0x00000000af400000)
 Metaspace       used 77642K, committed 79232K, reserved 1179648K
  class space    used 7621K, committed 8320K, reserved 1048576K
}
Event: 177.215 GC heap after
{Heap after GC invocations=1477 (full 4):
 PSYoungGen      total 7168K, used 768K [0x00000000d5580000, 0x00000000d5e00000, 0x0000000100000000)
  eden space 6144K, 0% used [0x00000000d5580000,0x00000000d5580000,0x00000000d5b80000)
  from space 1024K, 75% used [0x00000000d5c80000,0x00000000d5d40000,0x00000000d5d80000)
  to   space 512K, 0% used [0x00000000d5d80000,0x00000000d5d80000,0x00000000d5e00000)
 ParOldGen       total 774144K, used 515895K [0x0000000080000000, 0x00000000af400000, 0x00000000d5580000)
  object space 774144K, 66% used [0x0000000080000000,0x000000009f7cdc60,0x00000000af400000)
 Metaspace       used 77642K, committed 79232K, reserved 1179648K
  class space    used 7621K, committed 8320K, reserved 1048576K
}
Event: 177.235 GC heap before
{Heap before GC invocations=1478 (full 4):
 PSYoungGen      total 7168K, used 6912K [0x00000000d5580000, 0x00000000d5e00000, 0x0000000100000000)
  eden space 6144K, 100% used [0x00000000d5580000,0x00000000d5b80000,0x00000000d5b80000)
  from space 1024K, 75% used [0x00000000d5c80000,0x00000000d5d40000,0x00000000d5d80000)
  to   space 512K, 0% used [0x00000000d5d80000,0x00000000d5d80000,0x00000000d5e00000)
 ParOldGen       total 774144K, used 515895K [0x0000000080000000, 0x00000000af400000, 0x00000000d5580000)
  object space 774144K, 66% used [0x0000000080000000,0x000000009f7cdc60,0x00000000af400000)
 Metaspace       used 77663K, committed 79232K, reserved 1179648K
  class space    used 7621K, committed 8320K, reserved 1048576K
}
Event: 177.236 GC heap after
{Heap after GC invocations=1478 (full 4):
 PSYoungGen      total 6656K, used 512K [0x00000000d5580000, 0x00000000d5e80000, 0x0000000100000000)
  eden space 6144K, 0% used [0x00000000d5580000,0x00000000d5580000,0x00000000d5b80000)
  from space 512K, 100% used [0x00000000d5d80000,0x00000000d5e00000,0x00000000d5e00000)
  to   space 1536K, 0% used [0x00000000d5b80000,0x00000000d5b80000,0x00000000d5d00000)
 ParOldGen       total 774144K, used 516596K [0x0000000080000000, 0x00000000af400000, 0x00000000d5580000)
  object space 774144K, 66% used [0x0000000080000000,0x000000009f87d000,0x00000000af400000)
 Metaspace       used 77663K, committed 79232K, reserved 1179648K
  class space    used 7621K, committed 8320K, reserved 1048576K
}

Dll operation events (10 events):
Event: 0.007 Loaded shared library c:\Users\OMAR INFO\.windsurf\extensions\redhat.java-1.44.0-win32-x64\jre\21.0.8-win32-x86_64\bin\java.dll
Event: 0.064 Loaded shared library c:\Users\OMAR INFO\.windsurf\extensions\redhat.java-1.44.0-win32-x64\jre\21.0.8-win32-x86_64\bin\zip.dll
Event: 0.082 Loaded shared library C:\Users\OMAR INFO\.windsurf\extensions\redhat.java-1.44.0-win32-x64\jre\21.0.8-win32-x86_64\bin\instrument.dll
Event: 0.090 Loaded shared library C:\Users\OMAR INFO\.windsurf\extensions\redhat.java-1.44.0-win32-x64\jre\21.0.8-win32-x86_64\bin\net.dll
Event: 0.092 Loaded shared library C:\Users\OMAR INFO\.windsurf\extensions\redhat.java-1.44.0-win32-x64\jre\21.0.8-win32-x86_64\bin\nio.dll
Event: 0.096 Loaded shared library C:\Users\OMAR INFO\.windsurf\extensions\redhat.java-1.44.0-win32-x64\jre\21.0.8-win32-x86_64\bin\zip.dll
Event: 0.114 Loaded shared library C:\Users\OMAR INFO\.windsurf\extensions\redhat.java-1.44.0-win32-x64\jre\21.0.8-win32-x86_64\bin\jimage.dll
Event: 0.181 Loaded shared library c:\Users\OMAR INFO\.windsurf\extensions\redhat.java-1.44.0-win32-x64\jre\21.0.8-win32-x86_64\bin\verify.dll
Event: 1.297 Loaded shared library C:\Users\OMAR INFO\AppData\Roaming\Windsurf\User\globalStorage\redhat.java\1.44.0\config_win\org.eclipse.equinox.launcher\org.eclipse.equinox.launcher.win32.win32.x86_64_1.2.1400.v20250730-1736\eclipse_11913.dll
Event: 2.637 Loaded shared library C:\Users\OMAR INFO\AppData\Local\Temp\jna--64980065\jna9611004064442910416.dll

Deoptimization events (20 events):
Event: 177.005 Thread 0x00000210f37dbb80 DEOPT PACKING pc=0x000002109bbde33c sp=0x000000a600dfdde0
Event: 177.005 Thread 0x00000210f37dbb80 DEOPT UNPACKING pc=0x000002109aa56da2 sp=0x000000a600dfdd78 mode 2
Event: 177.025 Thread 0x00000210f37dbb80 Uncommon trap: trap_request=0xffffff45 fr.pc=0x000002109c06bc20 relative=0x00000000000003c0
Event: 177.025 Thread 0x00000210f37dbb80 Uncommon trap: reason=unstable_if action=reinterpret pc=0x000002109c06bc20 method=org.eclipse.core.runtime.SubMonitor.newChild(II)Lorg/eclipse/core/runtime/SubMonitor; @ 1 c2
Event: 177.025 Thread 0x00000210f37dbb80 DEOPT PACKING pc=0x000002109c06bc20 sp=0x000000a600dfdba0
Event: 177.025 Thread 0x00000210f37dbb80 DEOPT UNPACKING pc=0x000002109aa56da2 sp=0x000000a600dfdb30 mode 2
Event: 177.050 Thread 0x00000210f37dbb80 Uncommon trap: trap_request=0xffffffde fr.pc=0x000002109c436854 relative=0x0000000000000d34
Event: 177.050 Thread 0x00000210f37dbb80 Uncommon trap: reason=class_check action=maybe_recompile pc=0x000002109c436854 method=org.eclipse.jdt.internal.compiler.lookup.BinaryTypeBinding.resolveTypesFor(Lorg/eclipse/jdt/internal/compiler/lookup/MethodBinding;)Lorg/eclipse/jdt/internal/compiler/lo
Event: 177.050 Thread 0x00000210f37dbb80 DEOPT PACKING pc=0x000002109c436854 sp=0x000000a600dfdd20
Event: 177.050 Thread 0x00000210f37dbb80 DEOPT UNPACKING pc=0x000002109aa56da2 sp=0x000000a600dfdcc8 mode 2
Event: 177.118 Thread 0x00000210efcfca60 Uncommon trap: trap_request=0xffffff45 fr.pc=0x000002109c7b8db8 relative=0x00000000000000d8
Event: 177.118 Thread 0x00000210efcfca60 Uncommon trap: reason=unstable_if action=reinterpret pc=0x000002109c7b8db8 method=org.eclipse.jdt.internal.core.util.CommentRecorderParser.checkComment()V @ 21 c2
Event: 177.118 Thread 0x00000210efcfca60 DEOPT PACKING pc=0x000002109c7b8db8 sp=0x000000a67bafe630
Event: 177.118 Thread 0x00000210efcfca60 DEOPT UNPACKING pc=0x000002109aa56da2 sp=0x000000a67bafe5a0 mode 2
Event: 177.180 Thread 0x00000210efcfca60 DEOPT PACKING pc=0x00000210963ddf0c sp=0x000000a67bafe6d0
Event: 177.180 Thread 0x00000210efcfca60 DEOPT UNPACKING pc=0x000002109aa578e2 sp=0x000000a67bafdc00 mode 0
Event: 177.208 Thread 0x00000210efcfca60 DEOPT PACKING pc=0x00000210963ddfd9 sp=0x000000a67bafd030
Event: 177.208 Thread 0x00000210efcfca60 DEOPT UNPACKING pc=0x000002109aa578e2 sp=0x000000a67bafc568 mode 0
Event: 177.229 Thread 0x00000210f37dd5c0 DEOPT PACKING pc=0x0000021094a24e41 sp=0x000000a600ffe1f0
Event: 177.229 Thread 0x00000210f37dd5c0 DEOPT UNPACKING pc=0x000002109aa578e2 sp=0x000000a600ffd6d0 mode 0

Classes loaded (20 events):
Event: 33.725 Loading class org/xml/sax/SAXNotSupportedException
Event: 33.725 Loading class org/xml/sax/SAXNotSupportedException done
Event: 33.726 Loading class com/sun/org/apache/xerces/internal/util/URI
Event: 33.727 Loading class com/sun/org/apache/xerces/internal/util/URI done
Event: 33.728 Loading class com/sun/org/apache/xerces/internal/xni/XNIException
Event: 33.728 Loading class com/sun/org/apache/xerces/internal/xni/XNIException done
Event: 33.732 Loading class com/sun/org/apache/xerces/internal/xni/parser/XMLParseException
Event: 33.732 Loading class com/sun/org/apache/xerces/internal/xni/parser/XMLParseException done
Event: 33.962 Loading class jdk/internal/module/IllegalAccessLogger
Event: 33.962 Loading class jdk/internal/module/IllegalAccessLogger done
Event: 138.745 Loading class jdk/internal/module/IllegalAccessLogger
Event: 138.745 Loading class jdk/internal/module/IllegalAccessLogger done
Event: 175.704 Loading class jdk/internal/module/IllegalAccessLogger
Event: 175.704 Loading class jdk/internal/module/IllegalAccessLogger done
Event: 177.005 Loading class java/util/stream/ReduceOps$5
Event: 177.005 Loading class java/util/stream/ReduceOps$5 done
Event: 177.005 Loading class java/util/stream/ReduceOps$CountingSink$OfRef
Event: 177.006 Loading class java/util/stream/ReduceOps$CountingSink
Event: 177.006 Loading class java/util/stream/ReduceOps$CountingSink done
Event: 177.006 Loading class java/util/stream/ReduceOps$CountingSink$OfRef done

Classes unloaded (11 events):
Event: 3.274 Thread 0x00000210903549a0 Unloading class 0x00000210a81ac000 'java/lang/invoke/LambdaForm$MH+0x00000210a81ac000'
Event: 3.274 Thread 0x00000210903549a0 Unloading class 0x00000210a81abc00 'java/lang/invoke/LambdaForm$MH+0x00000210a81abc00'
Event: 3.274 Thread 0x00000210903549a0 Unloading class 0x00000210a81ab800 'java/lang/invoke/LambdaForm$MH+0x00000210a81ab800'
Event: 3.274 Thread 0x00000210903549a0 Unloading class 0x00000210a81ab400 'java/lang/invoke/LambdaForm$MH+0x00000210a81ab400'
Event: 3.274 Thread 0x00000210903549a0 Unloading class 0x00000210a81ab000 'java/lang/invoke/LambdaForm$BMH+0x00000210a81ab000'
Event: 3.274 Thread 0x00000210903549a0 Unloading class 0x00000210a81aac00 'java/lang/invoke/LambdaForm$DMH+0x00000210a81aac00'
Event: 3.274 Thread 0x00000210903549a0 Unloading class 0x00000210a81a9800 'java/lang/invoke/LambdaForm$DMH+0x00000210a81a9800'
Event: 26.178 Thread 0x00000210903549a0 Unloading class 0x00000210a86cd000 'java/lang/invoke/LambdaForm$DMH+0x00000210a86cd000'
Event: 26.178 Thread 0x00000210903549a0 Unloading class 0x00000210a86cc800 'java/lang/invoke/LambdaForm$DMH+0x00000210a86cc800'
Event: 26.178 Thread 0x00000210903549a0 Unloading class 0x00000210a86ccc00 'java/lang/invoke/LambdaForm$DMH+0x00000210a86ccc00'
Event: 26.178 Thread 0x00000210903549a0 Unloading class 0x00000210a86cc000 'java/lang/invoke/LambdaForm$DMH+0x00000210a86cc000'

Classes redefined (0 events):
No events

Internal exceptions (20 events):
Event: 33.959 Thread 0x00000210efd00c00 Exception <a 'sun/nio/fs/WindowsException'{0x00000000d5679580}> (0x00000000d5679580) 
thrown [s\src\hotspot\share\prims\jni.cpp, line 520]
Event: 138.516 Thread 0x0000021081981da0 Implicit null exception at 0x000002109c4812c4 to 0x000002109c482e08
Event: 138.607 Thread 0x00000210efd00c00 Exception <a 'sun/nio/fs/WindowsException'{0x00000000d5c3a5c0}> (0x00000000d5c3a5c0) 
thrown [s\src\hotspot\share\prims\jni.cpp, line 520]
Event: 138.810 Thread 0x00000210efd00c00 Exception <a 'sun/nio/fs/WindowsException'{0x00000000d572ad90}> (0x00000000d572ad90) 
thrown [s\src\hotspot\share\prims\jni.cpp, line 520]
Event: 141.437 Thread 0x0000021081981da0 Exception <a 'java/lang/ArrayIndexOutOfBoundsException'{0x00000000d57f1430}> (0x00000000d57f1430) 
thrown [s\src\hotspot\share\runtime\sharedRuntime.cpp, line 625]
Event: 141.437 Thread 0x0000021081981da0 Exception <a 'java/lang/ArrayIndexOutOfBoundsException'{0x00000000d57f1a88}> (0x00000000d57f1a88) 
thrown [s\src\hotspot\share\runtime\sharedRuntime.cpp, line 625]
Event: 141.437 Thread 0x0000021081981da0 Exception <a 'java/lang/ArrayIndexOutOfBoundsException'{0x00000000d57f1e30}> (0x00000000d57f1e30) 
thrown [s\src\hotspot\share\runtime\sharedRuntime.cpp, line 625]
Event: 141.593 Thread 0x0000021081981da0 Exception <a 'java/lang/ArrayIndexOutOfBoundsException'{0x00000000d55bb0b8}> (0x00000000d55bb0b8) 
thrown [s\src\hotspot\share\runtime\sharedRuntime.cpp, line 625]
Event: 175.502 Thread 0x0000021081981da0 Exception <a 'java/lang/NoSuchMethodError'{0x00000000d59c9cc8}: 'void java.lang.invoke.DirectMethodHandle$Holder.invokeVirtual(java.lang.Object, java.lang.Object, java.lang.Object, java.lang.Object, java.lang.Object)'> (0x00000000d59c9cc8) 
thrown [s\src\hotspot\share\interpreter\linkResolver.cpp, line 773]
Event: 175.575 Thread 0x00000210efd00c00 Exception <a 'sun/nio/fs/WindowsException'{0x00000000d5b03178}> (0x00000000d5b03178) 
thrown [s\src\hotspot\share\prims\jni.cpp, line 520]
Event: 175.592 Thread 0x0000021081981da0 Exception <a 'java/lang/ArrayIndexOutOfBoundsException'{0x00000000d5956b40}> (0x00000000d5956b40) 
thrown [s\src\hotspot\share\runtime\sharedRuntime.cpp, line 625]
Event: 175.753 Thread 0x00000210efd00c00 Exception <a 'sun/nio/fs/WindowsException'{0x00000000d561a628}> (0x00000000d561a628) 
thrown [s\src\hotspot\share\prims\jni.cpp, line 520]
Event: 175.993 Thread 0x0000021081981da0 Implicit null exception at 0x000002109c5514de to 0x000002109c551544
Event: 176.559 Thread 0x0000021081981da0 Exception <a 'java/lang/ArrayIndexOutOfBoundsException'{0x00000000d5bf5c50}> (0x00000000d5bf5c50) 
thrown [s\src\hotspot\share\runtime\sharedRuntime.cpp, line 625]
Event: 176.699 Thread 0x0000021081981da0 Exception <a 'java/lang/ArrayIndexOutOfBoundsException'{0x00000000d5bad0d0}> (0x00000000d5bad0d0) 
thrown [s\src\hotspot\share\runtime\sharedRuntime.cpp, line 625]
Event: 176.778 Thread 0x0000021081981da0 Exception <a 'java/lang/ArrayIndexOutOfBoundsException'{0x00000000d5725cc0}> (0x00000000d5725cc0) 
thrown [s\src\hotspot\share\runtime\sharedRuntime.cpp, line 625]
Event: 176.977 Thread 0x00000210f37dbb80 Exception <a 'java/lang/ArrayIndexOutOfBoundsException'{0x00000000d5649310}> (0x00000000d5649310) 
thrown [s\src\hotspot\share\runtime\sharedRuntime.cpp, line 625]
Event: 177.044 Thread 0x00000210f37dbb80 Exception <a 'java/lang/ArrayIndexOutOfBoundsException'{0x00000000d5879940}> (0x00000000d5879940) 
thrown [s\src\hotspot\share\runtime\sharedRuntime.cpp, line 625]
Event: 177.101 Thread 0x00000210f37dbb80 Exception <a 'java/lang/ArrayIndexOutOfBoundsException'{0x00000000d5823320}> (0x00000000d5823320) 
thrown [s\src\hotspot\share\runtime\sharedRuntime.cpp, line 625]
Event: 177.156 Thread 0x00000210f37dbb80 Exception <a 'java/lang/ArrayIndexOutOfBoundsException'{0x00000000d5624ce8}> (0x00000000d5624ce8) 
thrown [s\src\hotspot\share\runtime\sharedRuntime.cpp, line 625]

ZGC Phase Switch (0 events):
No events

VM Operations (20 events):
Event: 177.174 Executing VM operation: ParallelGCFailedAllocation (Allocation Failure)
Event: 177.175 Executing VM operation: ParallelGCFailedAllocation (Allocation Failure) done
Event: 177.184 Executing VM operation: ParallelGCFailedAllocation (Allocation Failure)
Event: 177.186 Executing VM operation: ParallelGCFailedAllocation (Allocation Failure) done
Event: 177.191 Executing VM operation: ParallelGCFailedAllocation (Allocation Failure)
Event: 177.192 Executing VM operation: ParallelGCFailedAllocation (Allocation Failure) done
Event: 177.198 Executing VM operation: ParallelGCFailedAllocation (Allocation Failure)
Event: 177.199 Executing VM operation: ParallelGCFailedAllocation (Allocation Failure) done
Event: 177.207 Executing VM operation: ParallelGCFailedAllocation (Allocation Failure)
Event: 177.208 Executing VM operation: ParallelGCFailedAllocation (Allocation Failure) done
Event: 177.214 Executing VM operation: ParallelGCFailedAllocation (Allocation Failure)
Event: 177.215 Executing VM operation: ParallelGCFailedAllocation (Allocation Failure) done
Event: 177.235 Executing VM operation: ParallelGCFailedAllocation (Allocation Failure)
Event: 177.236 Executing VM operation: ParallelGCFailedAllocation (Allocation Failure) done
Event: 178.246 Executing VM operation: Cleanup
Event: 178.246 Executing VM operation: Cleanup done
Event: 180.226 Executing VM operation: HandshakeAllThreads (HandshakeForDeflation)
Event: 180.227 Executing VM operation: HandshakeAllThreads (HandshakeForDeflation) done
Event: 180.227 Executing VM operation: RendezvousGCThreads
Event: 180.227 Executing VM operation: RendezvousGCThreads done

Memory protections (0 events):
No events

Nmethod flushes (20 events):
Event: 26.214 Thread 0x00000210903549a0 flushing  nmethod 0x0000021094b1d690
Event: 26.214 Thread 0x00000210903549a0 flushing  nmethod 0x0000021094b31010
Event: 26.214 Thread 0x00000210903549a0 flushing  nmethod 0x0000021094b33810
Event: 26.214 Thread 0x00000210903549a0 flushing  nmethod 0x0000021094b35490
Event: 26.214 Thread 0x00000210903549a0 flushing  nmethod 0x0000021094b39e90
Event: 26.214 Thread 0x00000210903549a0 flushing  nmethod 0x0000021094b4fa90
Event: 26.214 Thread 0x00000210903549a0 flushing  nmethod 0x0000021094b5f710
Event: 26.214 Thread 0x00000210903549a0 flushing  nmethod 0x0000021094b73190
Event: 26.214 Thread 0x00000210903549a0 flushing  nmethod 0x0000021094b89590
Event: 26.214 Thread 0x00000210903549a0 flushing  nmethod 0x0000021094b8a110
Event: 26.214 Thread 0x00000210903549a0 flushing  nmethod 0x0000021094b8e090
Event: 26.214 Thread 0x00000210903549a0 flushing  nmethod 0x0000021094ba4310
Event: 26.214 Thread 0x00000210903549a0 flushing  nmethod 0x0000021094bc1590
Event: 26.214 Thread 0x00000210903549a0 flushing  nmethod 0x0000021094bd8910
Event: 26.214 Thread 0x00000210903549a0 flushing  nmethod 0x0000021094bd8c90
Event: 26.214 Thread 0x00000210903549a0 flushing  nmethod 0x0000021094bdb190
Event: 26.214 Thread 0x00000210903549a0 flushing  nmethod 0x0000021094c02290
Event: 26.214 Thread 0x00000210903549a0 flushing  nmethod 0x0000021094c25090
Event: 26.214 Thread 0x00000210903549a0 flushing  nmethod 0x0000021094c6e510
Event: 26.214 Thread 0x00000210903549a0 flushing  nmethod 0x0000021094c6e990

Events (20 events):
Event: 96.750 Thread 0x0000021081985f40 Thread exited: 0x0000021081985f40
Event: 136.985 Thread 0x00000210f47d9030 Thread exited: 0x00000210f47d9030
Event: 138.255 Thread 0x00000210e93dc700 Thread added: 0x00000210f5c3ea60
Event: 138.256 Thread 0x00000210f5c3ea60 Thread added: 0x00000210f5c3b3e0
Event: 138.745 Thread 0x00000210efcfca60 Thread added: 0x00000210f318ed70
Event: 138.811 Thread 0x00000210efcfd780 Thread added: 0x00000210f318fa90
Event: 140.683 Thread 0x00000210e93ba0b0 Thread added: 0x00000210f5c3bab0
Event: 141.319 Thread 0x00000210f5c3bab0 Thread exited: 0x00000210f5c3bab0
Event: 141.319 Thread 0x00000210f5c3b3e0 Thread exited: 0x00000210f5c3b3e0
Event: 141.405 Thread 0x00000210e93dc700 Thread added: 0x00000210f5c3c180
Event: 141.408 Thread 0x00000210e93dc700 Thread added: 0x00000210f5c3dcc0
Event: 141.408 Thread 0x00000210f5c3ea60 Thread added: 0x00000210f5c3b3e0
Event: 141.518 Thread 0x00000210f5c3ea60 Thread added: 0x00000210f5c3bab0
Event: 146.744 Thread 0x00000210f5c3b3e0 Thread exited: 0x00000210f5c3b3e0
Event: 146.744 Thread 0x00000210f5c3bab0 Thread exited: 0x00000210f5c3bab0
Event: 146.886 Thread 0x00000210f5c3c180 Thread exited: 0x00000210f5c3c180
Event: 151.756 Thread 0x00000210f5c3dcc0 Thread exited: 0x00000210f5c3dcc0
Event: 151.756 Thread 0x00000210f5c3ea60 Thread exited: 0x00000210f5c3ea60
Event: 175.524 Thread 0x00000210e93dc700 Thread added: 0x00000210f5c3dcc0
Event: 177.008 Thread 0x00000210f37de2e0 Thread added: 0x00000210f30e5b90


Dynamic libraries:
0x00007ff713730000 - 0x00007ff71373e000 	c:\Users\OMAR INFO\.windsurf\extensions\redhat.java-1.44.0-win32-x64\jre\21.0.8-win32-x86_64\bin\java.exe
0x00007ff9459d0000 - 0x00007ff945bc8000 	C:\Windows\SYSTEM32\ntdll.dll
0x00007ff944ab0000 - 0x00007ff944b72000 	C:\Windows\System32\KERNEL32.DLL
0x00007ff943240000 - 0x00007ff943537000 	C:\Windows\System32\KERNELBASE.dll
0x00007ff943730000 - 0x00007ff943830000 	C:\Windows\System32\ucrtbase.dll
0x00007ff93f8e0000 - 0x00007ff93f8f8000 	c:\Users\OMAR INFO\.windsurf\extensions\redhat.java-1.44.0-win32-x64\jre\21.0.8-win32-x86_64\bin\jli.dll
0x00007ff93b3a0000 - 0x00007ff93b3be000 	c:\Users\OMAR INFO\.windsurf\extensions\redhat.java-1.44.0-win32-x64\jre\21.0.8-win32-x86_64\bin\VCRUNTIME140.dll
0x00007ff943d80000 - 0x00007ff943f1d000 	C:\Windows\System32\USER32.dll
0x00007ff943540000 - 0x00007ff943562000 	C:\Windows\System32\win32u.dll
0x00007ff9298e0000 - 0x00007ff929b7a000 	C:\Windows\WinSxS\amd64_microsoft.windows.common-controls_6595b64144ccf1df_6.0.19041.5915_none_60b4b9d171f9c7c7\COMCTL32.dll
0x00007ff945960000 - 0x00007ff94598b000 	C:\Windows\System32\GDI32.dll
0x00007ff944f80000 - 0x00007ff94501e000 	C:\Windows\System32\msvcrt.dll
0x00007ff9438d0000 - 0x00007ff9439e9000 	C:\Windows\System32\gdi32full.dll
0x00007ff943830000 - 0x00007ff9438cd000 	C:\Windows\System32\msvcp_win.dll
0x00007ff944bf0000 - 0x00007ff944c1f000 	C:\Windows\System32\IMM32.DLL
0x00007ff93f9f0000 - 0x00007ff93f9fc000 	c:\Users\OMAR INFO\.windsurf\extensions\redhat.java-1.44.0-win32-x64\jre\21.0.8-win32-x86_64\bin\vcruntime140_1.dll
0x00007ff90cc30000 - 0x00007ff90ccbd000 	c:\Users\OMAR INFO\.windsurf\extensions\redhat.java-1.44.0-win32-x64\jre\21.0.8-win32-x86_64\bin\msvcp140.dll
0x00007ff8ed530000 - 0x00007ff8ee2c7000 	c:\Users\OMAR INFO\.windsurf\extensions\redhat.java-1.44.0-win32-x64\jre\21.0.8-win32-x86_64\bin\server\jvm.dll
0x00007ff945020000 - 0x00007ff9450d1000 	C:\Windows\System32\ADVAPI32.dll
0x00007ff9446b0000 - 0x00007ff94474f000 	C:\Windows\System32\sechost.dll
0x00007ff944c30000 - 0x00007ff944d56000 	C:\Windows\System32\RPCRT4.dll
0x00007ff9436b0000 - 0x00007ff9436d7000 	C:\Windows\System32\bcrypt.dll
0x00007ff944b80000 - 0x00007ff944beb000 	C:\Windows\System32\WS2_32.dll
0x00007ff9425b0000 - 0x00007ff9425fb000 	C:\Windows\SYSTEM32\POWRPROF.dll
0x00007ff932e60000 - 0x00007ff932e87000 	C:\Windows\SYSTEM32\WINMM.dll
0x00007ff93cd00000 - 0x00007ff93cd0a000 	C:\Windows\SYSTEM32\VERSION.dll
0x00007ff942460000 - 0x00007ff942472000 	C:\Windows\SYSTEM32\UMPDC.dll
0x00007ff941870000 - 0x00007ff941882000 	C:\Windows\SYSTEM32\kernel.appcore.dll
0x00007ff93f720000 - 0x00007ff93f72a000 	c:\Users\OMAR INFO\.windsurf\extensions\redhat.java-1.44.0-win32-x64\jre\21.0.8-win32-x86_64\bin\jimage.dll
0x00007ff940c40000 - 0x00007ff940e41000 	C:\Windows\SYSTEM32\DBGHELP.DLL
0x00007ff925f40000 - 0x00007ff925f74000 	C:\Windows\SYSTEM32\dbgcore.DLL
0x00007ff943620000 - 0x00007ff9436a2000 	C:\Windows\System32\bcryptPrimitives.dll
0x00007ff93ba50000 - 0x00007ff93ba5f000 	c:\Users\OMAR INFO\.windsurf\extensions\redhat.java-1.44.0-win32-x64\jre\21.0.8-win32-x86_64\bin\instrument.dll
0x00007ff923ac0000 - 0x00007ff923adf000 	c:\Users\OMAR INFO\.windsurf\extensions\redhat.java-1.44.0-win32-x64\jre\21.0.8-win32-x86_64\bin\java.dll
0x00007ff945140000 - 0x00007ff9458ae000 	C:\Windows\System32\SHELL32.dll
0x00007ff941080000 - 0x00007ff941824000 	C:\Windows\SYSTEM32\windows.storage.dll
0x00007ff944750000 - 0x00007ff944aa3000 	C:\Windows\System32\combase.dll
0x00007ff9429b0000 - 0x00007ff9429db000 	C:\Windows\SYSTEM32\Wldp.dll
0x00007ff943cb0000 - 0x00007ff943d7d000 	C:\Windows\System32\OLEAUT32.dll
0x00007ff9458b0000 - 0x00007ff94595d000 	C:\Windows\System32\SHCORE.dll
0x00007ff943fb0000 - 0x00007ff94400b000 	C:\Windows\System32\shlwapi.dll
0x00007ff942f90000 - 0x00007ff942fb4000 	C:\Windows\SYSTEM32\profapi.dll
0x00007ff9161e0000 - 0x00007ff9161f8000 	c:\Users\OMAR INFO\.windsurf\extensions\redhat.java-1.44.0-win32-x64\jre\21.0.8-win32-x86_64\bin\zip.dll
0x00007ff93ae00000 - 0x00007ff93ae10000 	C:\Users\OMAR INFO\.windsurf\extensions\redhat.java-1.44.0-win32-x64\jre\21.0.8-win32-x86_64\bin\net.dll
0x00007ff93b660000 - 0x00007ff93b76a000 	C:\Windows\SYSTEM32\WINHTTP.dll
0x00007ff942790000 - 0x00007ff9427fa000 	C:\Windows\system32\mswsock.dll
0x00007ff914350000 - 0x00007ff914366000 	C:\Users\OMAR INFO\.windsurf\extensions\redhat.java-1.44.0-win32-x64\jre\21.0.8-win32-x86_64\bin\nio.dll
0x00007ff93ad80000 - 0x00007ff93ad90000 	c:\Users\OMAR INFO\.windsurf\extensions\redhat.java-1.44.0-win32-x64\jre\21.0.8-win32-x86_64\bin\verify.dll
0x00007ff90d230000 - 0x00007ff90d275000 	C:\Users\OMAR INFO\AppData\Roaming\Windsurf\User\globalStorage\redhat.java\1.44.0\config_win\org.eclipse.equinox.launcher\org.eclipse.equinox.launcher.win32.win32.x86_64_1.2.1400.v20250730-1736\eclipse_11913.dll
0x00007ff9439f0000 - 0x00007ff943b1b000 	C:\Windows\System32\ole32.dll
0x00007ff9429f0000 - 0x00007ff942a08000 	C:\Windows\SYSTEM32\CRYPTSP.dll
0x00007ff942060000 - 0x00007ff942098000 	C:\Windows\system32\rsaenh.dll
0x00007ff942f10000 - 0x00007ff942f3e000 	C:\Windows\SYSTEM32\USERENV.dll
0x00007ff942920000 - 0x00007ff94292c000 	C:\Windows\SYSTEM32\CRYPTBASE.dll
0x00007ff942420000 - 0x00007ff94245b000 	C:\Windows\SYSTEM32\IPHLPAPI.DLL
0x00007ff943f20000 - 0x00007ff943f28000 	C:\Windows\System32\NSI.dll
0x00007ff908ed0000 - 0x00007ff908f19000 	C:\Users\OMAR INFO\AppData\Local\Temp\jna--64980065\jna9611004064442910416.dll
0x00007ff944d60000 - 0x00007ff944d68000 	C:\Windows\System32\PSAPI.DLL
0x00007ff93c2f0000 - 0x00007ff93c307000 	C:\Windows\SYSTEM32\dhcpcsvc6.DLL
0x00007ff93c220000 - 0x00007ff93c23d000 	C:\Windows\SYSTEM32\dhcpcsvc.DLL
0x00007ff9422b0000 - 0x00007ff9422e3000 	C:\Windows\SYSTEM32\ntmarta.dll

JVMTI agents:
c:\Users\OMAR INFO\.windsurf\extensions\redhat.java-1.44.0-win32-x64\lombok\lombok-1.18.39-4050.jar path:c:\Users\OMAR INFO\.windsurf\extensions\redhat.java-1.44.0-win32-x64\jre\21.0.8-win32-x86_64\bin\instrument.dll, loaded, initialized, instrumentlib options:none

dbghelp: loaded successfully - version: 4.0.5 - missing functions: none
symbol engine: initialized successfully - sym options: 0x614 - pdb path: .;c:\Users\OMAR INFO\.windsurf\extensions\redhat.java-1.44.0-win32-x64\jre\21.0.8-win32-x86_64\bin;C:\Windows\SYSTEM32;C:\Windows\WinSxS\amd64_microsoft.windows.common-controls_6595b64144ccf1df_6.0.19041.5915_none_60b4b9d171f9c7c7;c:\Users\OMAR INFO\.windsurf\extensions\redhat.java-1.44.0-win32-x64\jre\21.0.8-win32-x86_64\bin\server;C:\Users\OMAR INFO\AppData\Roaming\Windsurf\User\globalStorage\redhat.java\1.44.0\config_win\org.eclipse.equinox.launcher\org.eclipse.equinox.launcher.win32.win32.x86_64_1.2.1400.v20250730-1736;C:\Users\OMAR INFO\AppData\Local\Temp\jna--64980065

VM Arguments:
jvm_args: --add-modules=ALL-SYSTEM --add-opens=java.base/java.util=ALL-UNNAMED --add-opens=java.base/java.lang=ALL-UNNAMED --add-opens=java.base/sun.nio.fs=ALL-UNNAMED -Declipse.application=org.eclipse.jdt.ls.core.id1 -Dosgi.bundles.defaultStartLevel=4 -Declipse.product=org.eclipse.jdt.ls.core.product -Djava.import.generatesMetadataFilesAtProjectRoot=false -DDetectVMInstallationsJob.disabled=true -Dfile.encoding=utf8 -XX:+UseParallelGC -XX:GCTimeRatio=4 -XX:AdaptiveSizePolicyWeight=90 -Dsun.zip.disableMemoryMapping=true -Xmx2G -Xms100m -Xlog:disable -javaagent:c:\Users\OMAR INFO\.windsurf\extensions\redhat.java-1.44.0-win32-x64\lombok\lombok-1.18.39-4050.jar -XX:+HeapDumpOnOutOfMemoryError -XX:HeapDumpPath=c:\Users\OMAR INFO\AppData\Roaming\Windsurf\User\workspaceStorage\017271f0c0c7557d9833a01acf50ccd7\redhat.java -Daether.dependencyCollector.impl=bf 
java_command: c:\Users\OMAR INFO\.windsurf\extensions\redhat.java-1.44.0-win32-x64\server\plugins\org.eclipse.equinox.launcher_1.7.0.v20250519-0528.jar -configuration c:\Users\OMAR INFO\AppData\Roaming\Windsurf\User\globalStorage\redhat.java\1.44.0\config_win -data c:\Users\OMAR INFO\AppData\Roaming\Windsurf\User\workspaceStorage\017271f0c0c7557d9833a01acf50ccd7\redhat.java\jdt_ws --pipe=\\.\pipe\lsp-7d8c752b91bc2ef30095394fc106a2c1-sock
java_class_path (initial): c:\Users\OMAR INFO\.windsurf\extensions\redhat.java-1.44.0-win32-x64\server\plugins\org.eclipse.equinox.launcher_1.7.0.v20250519-0528.jar
Launcher Type: SUN_STANDARD

[Global flags]
    uintx AdaptiveSizePolicyWeight                 = 90                                        {product} {command line}
     intx CICompilerCount                          = 12                                        {product} {ergonomic}
    uintx GCTimeRatio                              = 4                                         {product} {command line}
     bool HeapDumpOnOutOfMemoryError               = true                                   {manageable} {command line}
    ccstr HeapDumpPath                             = c:\Users\OMAR INFO\AppData\Roaming\Windsurf\User\workspaceStorage\017271f0c0c7557d9833a01acf50ccd7\redhat.java         {manageable} {command line}
   size_t InitialHeapSize                          = 104857600                                 {product} {command line}
   size_t MaxHeapSize                              = 2147483648                                {product} {command line}
   size_t MaxNewSize                               = 715653120                                 {product} {ergonomic}
   size_t MinHeapDeltaBytes                        = 524288                                    {product} {ergonomic}
   size_t MinHeapSize                              = 104857600                                 {product} {command line}
   size_t NewSize                                  = 34603008                                  {product} {ergonomic}
    uintx NonNMethodCodeHeapSize                   = 7602480                                {pd product} {ergonomic}
    uintx NonProfiledCodeHeapSize                  = 122027880                              {pd product} {ergonomic}
   size_t OldSize                                  = 70254592                                  {product} {ergonomic}
    uintx ProfiledCodeHeapSize                     = 122027880                              {pd product} {ergonomic}
    uintx ReservedCodeCacheSize                    = 251658240                              {pd product} {ergonomic}
     bool SegmentedCodeCache                       = true                                      {product} {ergonomic}
   size_t SoftMaxHeapSize                          = 2147483648                             {manageable} {ergonomic}
     bool UseCompressedOops                        = true                           {product lp64_product} {ergonomic}
     bool UseLargePagesIndividualAllocation        = false                                  {pd product} {ergonomic}
     bool UseParallelGC                            = true                                      {product} {command line}

Logging:
Log output configuration:
 #0: stdout all=off uptime,level,tags foldmultilines=false
 #1: stderr all=off uptime,level,tags foldmultilines=false

Environment Variables:
PATH=C:\oraclexe\app\oracle\product\10.2.0\server\bin;C:\ProgramData\Oracle\Java\javapath;C:\Program Files\Common Files\Oracle\Java\javapath;C:\Windows\system32;C:\Windows;C:\Windows\System32\Wbem;C:\Windows\System32\WindowsPowerShell\v1.0\;C:\Windows\System32\OpenSSH\;C:\Program Files\Microsoft SQL Server\150\Tools\Binn\;C:\Program Files\Microsoft SQL Server\Client SDK\ODBC\170\Tools\Binn\;C:\Program Files\dotnet\;C:\Program Files\NVIDIA Corporation\NVIDIA NvDLISR;C:\ProgramData\chocolatey\bin;C:\Program Files (x86)\Microsoft SQL Server\110\Tools\Binn\;C:\Program Files (x86)\Microsoft SQL Server\110\DTS\Binn\;C:\Program Files (x86)\Microsoft SQL Server\110\Tools\Binn\ManagementStudio\;C:\Program Files (x86)\Microsoft Visual Studio 10.0\Common7\IDE\PrivateAssemblies\;C:\Program Files (x86)\NVIDIA Corporation\PhysX\Common;C:\Program Files\nodejs\;C:\Program Files\Git LFS;C:\Program Files\Docker\Docker\resources\bin;C:\Program Files\Git\cmd;C:\Windows\system32\platform-tools;C:\Program Files\MongoDB\Server\8.0\bin;C:\Users\OMAR INFO\AppData\Local\Programs\Python\Python310;C:\Users\OMAR INFO\AppData\Local\Programs\Python\Python310\Scripts;F:\PuTTY\;C:\Users\OMAR INFO\AppData\Local\Programs\Python\Python310\Scripts\;C:\Users\OMAR INFO\AppData\Local\Programs\Python\Python310\;C:\Users\OMAR INFO\AppData\Local\Microsoft\WindowsApps;C:\Users\OMAR INFO\.dotnet\tools;C:\Program Files\JetBrains\IntelliJ IDEA 2023.2.1\bin;;C:\Users\OMAR INFO\AppData\Local\Programs\Microsoft VS Code\bin;C:\Users\OMAR INFO\AppData\Roaming\npm;C:\Users\OMAR INFO\AppData\Local\GitHubDesktop\bin;C:\xampp\php;C:\Users\OMAR INFO\composer;C:\Users\OMAR INFO\AppData\Roaming\Composer\vendor\bin;C:\Program Files (x86)\Microsoft SDKs\Windows\v10.0A\bin\NETFX 4.8 Tools;C:\Users\OMAR INFO\AppData\Local\Programs\Windsurf\bin;
USERNAME=OMAR INFO
OS=Windows_NT
PROCESSOR_IDENTIFIER=Intel64 Family 6 Model 141 Stepping 1, GenuineIntel
TMP=C:\Users\OMARIN~1\AppData\Local\Temp
TEMP=C:\Users\OMARIN~1\AppData\Local\Temp




Periodic native trim disabled

---------------  S Y S T E M  ---------------

OS:
 Windows 10 , 64 bit Build 19041 (10.0.19041.5915)
OS uptime: 2 days 20:44 hours
Hyper-V role detected

CPU: total 16 (initial active 16) (8 cores per cpu, 2 threads per core) family 6 model 141 stepping 1 microcode 0x26, cx8, cmov, fxsr, ht, mmx, 3dnowpref, sse, sse2, sse3, ssse3, sse4.1, sse4.2, popcnt, lzcnt, tsc, tscinvbit, avx, avx2, aes, erms, clmul, bmi1, bmi2, adx, avx512f, avx512dq, avx512cd, avx512bw, avx512vl, sha, fma, vzeroupper, avx512_vpopcntdq, avx512_vpclmulqdq, avx512_vaes, avx512_vnni, clflush, clflushopt, clwb, avx512_vbmi2, avx512_vbmi, hv, rdtscp, rdpid, fsrm, gfni, avx512_bitalg, f16c, cet_ibt, cet_ss, avx512_ifma
Processor Information for the first 16 processors :
  Max Mhz: 2304, Current Mhz: 2304, Mhz Limit: 2304

Memory: 4k page, system-wide physical 16085M (246M free)
TotalPageFile size 23385M (AvailPageFile size 4M)
current process WorkingSet (physical memory assigned to process): 1168M, peak: 1301M
current process commit charge ("private bytes"): 1227M, peak: 1257M

vm_info: OpenJDK 64-Bit Server VM (21.0.8+9-LTS) for windows-amd64 JRE (21.0.8+9-LTS), built on 2025-07-15T00:00:00Z by "admin" with MS VC++ 17.7 (VS2022)

END.
