#
# There is insufficient memory for the Java Runtime Environment to continue.
# Native memory allocation (malloc) failed to allocate 1048576 bytes. Error detail: AllocateHeap
# Possible reasons:
#   The system is out of physical RAM or swap space
#   This process is running with CompressedOops enabled, and the Java Heap may be blocking the growth of the native heap
# Possible solutions:
#   Reduce memory load on the system
#   Increase physical memory or swap space
#   Check if swap backing store is full
#   Decrease Java heap size (-Xmx/-Xms)
#   Decrease number of Java threads
#   Decrease Java thread stack sizes (-Xss)
#   Set larger code cache with -XX:ReservedCodeCacheSize=
#   JVM is running with Unscaled Compressed Oops mode in which the Java heap is
#     placed in the first 4GB address space. The Java Heap base address is the
#     maximum limit for the native heap growth. Please use -XX:HeapBaseMinAddress
#     to set the Java Heap base and to place the Java Heap above 4GB virtual address.
# This output file may be truncated or incomplete.
#
#  Out of Memory Error (allocation.cpp:44), pid=15564, tid=19992
#
# JRE version: OpenJDK Runtime Environment Temurin-21.0.8+9 (21.0.8+9) (build 21.0.8+9-LTS)
# Java VM: OpenJDK 64-Bit Server VM Temurin-21.0.8+9 (21.0.8+9-LTS, mixed mode, sharing, tiered, compressed oops, compressed class ptrs, parallel gc, windows-amd64)
# No core dump will be written. Minidumps are not enabled by default on client versions of Windows
#

---------------  S U M M A R Y ------------

Command Line: --add-modules=ALL-SYSTEM --add-opens=java.base/java.util=ALL-UNNAMED --add-opens=java.base/java.lang=ALL-UNNAMED --add-opens=java.base/sun.nio.fs=ALL-UNNAMED -Declipse.application=org.eclipse.jdt.ls.core.id1 -Dosgi.bundles.defaultStartLevel=4 -Declipse.product=org.eclipse.jdt.ls.core.product -Djava.import.generatesMetadataFilesAtProjectRoot=false -DDetectVMInstallationsJob.disabled=true -Dfile.encoding=utf8 -XX:+UseParallelGC -XX:GCTimeRatio=4 -XX:AdaptiveSizePolicyWeight=90 -Dsun.zip.disableMemoryMapping=true -Xmx2G -Xms100m -Xlog:disable -javaagent:c:\Users\OMAR INFO\.windsurf\extensions\redhat.java-1.45.0-win32-x64\lombok\lombok-1.18.39-4050.jar -XX:+HeapDumpOnOutOfMemoryError -XX:HeapDumpPath=c:\Users\OMAR INFO\AppData\Roaming\Windsurf\User\workspaceStorage\017271f0c0c7557d9833a01acf50ccd7\redhat.java -Daether.dependencyCollector.impl=bf c:\Users\OMAR INFO\.windsurf\extensions\redhat.java-1.45.0-win32-x64\server\plugins\org.eclipse.equinox.launcher_1.7.0.v20250519-0528.jar -configuration c:\Users\OMAR INFO\AppData\Roaming\Windsurf\User\globalStorage\redhat.java\1.45.0\config_win -data c:\Users\OMAR INFO\AppData\Roaming\Windsurf\User\workspaceStorage\017271f0c0c7557d9833a01acf50ccd7\redhat.java\jdt_ws --pipe=\\.\pipe\lsp-efa6830d7e16d4d442033b39975299b1-sock

Host: 11th Gen Intel(R) Core(TM) i7-11800H @ 2.30GHz, 16 cores, 15G,  Windows 10 , 64 bit Build 19041 (10.0.19041.5915)
Time: Wed Oct  1 12:44:08 2025 Paris, Madrid elapsed time: 4965.006308 seconds (0d 1h 22m 45s)

---------------  T H R E A D  ---------------

Current thread (0x000001707e1c47f0):  JavaThread "Attach Listener" daemon [_thread_in_vm, id=19992, stack(0x0000004d25300000,0x0000004d25400000) (1024K)]

Stack: [0x0000004d25300000,0x0000004d25400000]
Native frames: (J=compiled Java code, j=interpreted, Vv=VM code, C=native code)
V  [jvm.dll+0x6d2449]
V  [jvm.dll+0x8ae341]
V  [jvm.dll+0x8b08be]
V  [jvm.dll+0x8b0fa3]
V  [jvm.dll+0x280c96]
V  [jvm.dll+0xc0347]
V  [jvm.dll+0x6d2cf9]
V  [jvm.dll+0x131116]
V  [jvm.dll+0x3f2d16]
V  [jvm.dll+0x857e6b]
V  [jvm.dll+0x6d0b0d]
C  [ucrtbase.dll+0x21bb2]
C  [KERNEL32.DLL+0x17374]
C  [ntdll.dll+0x4cc91]


---------------  P R O C E S S  ---------------

Threads class SMR info:
_java_thread_list=0x000001705c8093a0, length=42, elements={
0x0000017076e65800, 0x000001707cc03fb0, 0x000001707cc05920, 0x000001707cc0c0e0,
0x000001707e1c47f0, 0x000001707e1c5c10, 0x000001707e1c6ac0, 0x000001707e1d04e0,
0x000001707e1d0f70, 0x000001707e2c8f20, 0x000001707e55bba0, 0x0000017058b2a900,
0x00000170589cefa0, 0x000001707e493390, 0x0000017058cbdfa0, 0x0000017058068710,
0x0000017058dc6950, 0x0000017058e72060, 0x0000017058e70620, 0x0000017058e70cb0,
0x0000017058e719d0, 0x0000017058e6f900, 0x0000017058e6ff90, 0x000001705b491e80,
0x000001705b48f720, 0x000001705b48f090, 0x000001705b492510, 0x000001705b48cfc0,
0x000001705b48fdb0, 0x000001705b492ba0, 0x000001705b48dce0, 0x000001705b493230,
0x000001705b48c2a0, 0x000001705b48d650, 0x000001705b490440, 0x000001705b48e370,
0x000001705b490ad0, 0x000001705b48ea00, 0x000001705b4938c0, 0x000001705b4917f0,
0x000001705a20c500, 0x000001705a208360
}

Java Threads: ( => current thread )
  0x0000017076e65800 JavaThread "main"                              [_thread_blocked, id=15988, stack(0x0000004d24c00000,0x0000004d24d00000) (1024K)]
  0x000001707cc03fb0 JavaThread "Reference Handler"          daemon [_thread_blocked, id=7044, stack(0x0000004d25000000,0x0000004d25100000) (1024K)]
  0x000001707cc05920 JavaThread "Finalizer"                  daemon [_thread_blocked, id=8008, stack(0x0000004d25100000,0x0000004d25200000) (1024K)]
  0x000001707cc0c0e0 JavaThread "Signal Dispatcher"          daemon [_thread_blocked, id=1980, stack(0x0000004d25200000,0x0000004d25300000) (1024K)]
=>0x000001707e1c47f0 JavaThread "Attach Listener"            daemon [_thread_in_vm, id=19992, stack(0x0000004d25300000,0x0000004d25400000) (1024K)]
  0x000001707e1c5c10 JavaThread "Service Thread"             daemon [_thread_blocked, id=3136, stack(0x0000004d25400000,0x0000004d25500000) (1024K)]
  0x000001707e1c6ac0 JavaThread "Monitor Deflation Thread"   daemon [_thread_blocked, id=3028, stack(0x0000004d25500000,0x0000004d25600000) (1024K)]
  0x000001707e1d04e0 JavaThread "C2 CompilerThread0"         daemon [_thread_blocked, id=9008, stack(0x0000004d25600000,0x0000004d25700000) (1024K)]
  0x000001707e1d0f70 JavaThread "C1 CompilerThread0"         daemon [_thread_blocked, id=16160, stack(0x0000004d25700000,0x0000004d25800000) (1024K)]
  0x000001707e2c8f20 JavaThread "Common-Cleaner"             daemon [_thread_blocked, id=8304, stack(0x0000004d25800000,0x0000004d25900000) (1024K)]
  0x000001707e55bba0 JavaThread "Notification Thread"        daemon [_thread_blocked, id=18936, stack(0x0000004d25c00000,0x0000004d25d00000) (1024K)]
  0x0000017058b2a900 JavaThread "Active Thread: Equinox Container: db784871-6ffd-4ff6-8fc3-2071a14d6a2f"        [_thread_blocked, id=4496, stack(0x0000004d26600000,0x0000004d26700000) (1024K)]
  0x00000170589cefa0 JavaThread "Refresh Thread: Equinox Container: db784871-6ffd-4ff6-8fc3-2071a14d6a2f" daemon [_thread_blocked, id=4708, stack(0x0000004d25900000,0x0000004d25a00000) (1024K)]
  0x000001707e493390 JavaThread "Framework Event Dispatcher: Equinox Container: db784871-6ffd-4ff6-8fc3-2071a14d6a2f" daemon [_thread_blocked, id=11972, stack(0x0000004d25a00000,0x0000004d25b00000) (1024K)]
  0x0000017058cbdfa0 JavaThread "Start Level: Equinox Container: db784871-6ffd-4ff6-8fc3-2071a14d6a2f" daemon [_thread_blocked, id=17304, stack(0x0000004d25b00000,0x0000004d25c00000) (1024K)]
  0x0000017058068710 JavaThread "Bundle File Closer"         daemon [_thread_blocked, id=10444, stack(0x0000004d26a00000,0x0000004d26b00000) (1024K)]
  0x0000017058dc6950 JavaThread "SCR Component Actor"        daemon [_thread_blocked, id=9612, stack(0x0000004d25d00000,0x0000004d25e00000) (1024K)]
  0x0000017058e72060 JavaThread "Worker-JM"                         [_thread_blocked, id=12720, stack(0x0000004d26f00000,0x0000004d27000000) (1024K)]
  0x0000017058e70620 JavaThread "JNA Cleaner"                daemon [_thread_blocked, id=20104, stack(0x0000004d27200000,0x0000004d27300000) (1024K)]
  0x0000017058e70cb0 JavaThread "Worker-0"                          [_thread_blocked, id=13620, stack(0x0000004d27300000,0x0000004d27400000) (1024K)]
  0x0000017058e719d0 JavaThread "Java indexing"              daemon [_thread_blocked, id=18692, stack(0x0000004d27600000,0x0000004d27700000) (1024K)]
  0x0000017058e6f900 JavaThread "Thread-2"                   daemon [_thread_in_native, id=10148, stack(0x0000004d27b00000,0x0000004d27c00000) (1024K)]
  0x0000017058e6ff90 JavaThread "Thread-3"                   daemon [_thread_in_native, id=4040, stack(0x0000004d27c00000,0x0000004d27d00000) (1024K)]
  0x000001705b491e80 JavaThread "Thread-4"                   daemon [_thread_in_native, id=14404, stack(0x0000004d27d00000,0x0000004d27e00000) (1024K)]
  0x000001705b48f720 JavaThread "Thread-5"                   daemon [_thread_in_native, id=8208, stack(0x0000004d27e00000,0x0000004d27f00000) (1024K)]
  0x000001705b48f090 JavaThread "Thread-6"                   daemon [_thread_in_native, id=1396, stack(0x0000004d27f00000,0x0000004d28000000) (1024K)]
  0x000001705b492510 JavaThread "Thread-7"                   daemon [_thread_in_native, id=17628, stack(0x0000004d28000000,0x0000004d28100000) (1024K)]
  0x000001705b48cfc0 JavaThread "Thread-8"                   daemon [_thread_in_native, id=4732, stack(0x0000004d28100000,0x0000004d28200000) (1024K)]
  0x000001705b48fdb0 JavaThread "Thread-9"                   daemon [_thread_in_native, id=16268, stack(0x0000004d28200000,0x0000004d28300000) (1024K)]
  0x000001705b492ba0 JavaThread "Thread-10"                  daemon [_thread_in_native, id=20320, stack(0x0000004d28300000,0x0000004d28400000) (1024K)]
  0x000001705b48dce0 JavaThread "Thread-11"                  daemon [_thread_in_native, id=15112, stack(0x0000004d28400000,0x0000004d28500000) (1024K)]
  0x000001705b493230 JavaThread "Thread-12"                  daemon [_thread_in_native, id=11052, stack(0x0000004d28500000,0x0000004d28600000) (1024K)]
  0x000001705b48c2a0 JavaThread "Thread-13"                  daemon [_thread_in_native, id=812, stack(0x0000004d28600000,0x0000004d28700000) (1024K)]
  0x000001705b48d650 JavaThread "Thread-14"                  daemon [_thread_in_native, id=16348, stack(0x0000004d28700000,0x0000004d28800000) (1024K)]
  0x000001705b490440 JavaThread "Thread-15"                  daemon [_thread_in_native, id=18156, stack(0x0000004d28800000,0x0000004d28900000) (1024K)]
  0x000001705b48e370 JavaThread "Thread-16"                  daemon [_thread_in_native, id=19404, stack(0x0000004d28900000,0x0000004d28a00000) (1024K)]
  0x000001705b490ad0 JavaThread "Thread-17"                  daemon [_thread_in_native, id=18884, stack(0x0000004d28a00000,0x0000004d28b00000) (1024K)]
  0x000001705b48ea00 JavaThread "Thread-18"                  daemon [_thread_in_native, id=8152, stack(0x0000004d28b00000,0x0000004d28c00000) (1024K)]
  0x000001705b4938c0 JavaThread "pool-2-thread-1"                   [_thread_blocked, id=9200, stack(0x0000004d28c00000,0x0000004d28d00000) (1024K)]
  0x000001705b4917f0 JavaThread "WorkspaceEventsHandler"            [_thread_blocked, id=7088, stack(0x0000004d28d00000,0x0000004d28e00000) (1024K)]
  0x000001705a20c500 JavaThread "pool-1-thread-1"                   [_thread_blocked, id=12256, stack(0x0000004d28e00000,0x0000004d28f00000) (1024K)]
  0x000001705a208360 JavaThread "Worker-4"                          [_thread_blocked, id=15116, stack(0x0000004d29000000,0x0000004d29100000) (1024K)]
Total: 42

Other Threads:
  0x000001707cbf4890 VMThread "VM Thread"                           [id=19628, stack(0x0000004d24f00000,0x0000004d25000000) (1024K)]
  0x000001707caec7e0 WatcherThread "VM Periodic Task Thread"        [id=17128, stack(0x0000004d24e00000,0x0000004d24f00000) (1024K)]
  0x0000017079185030 WorkerThread "GC Thread#0"                     [id=14016, stack(0x0000004d24d00000,0x0000004d24e00000) (1024K)]
  0x0000017058996920 WorkerThread "GC Thread#1"                     [id=7024, stack(0x0000004d26000000,0x0000004d26100000) (1024K)]
  0x00000170584e3fa0 WorkerThread "GC Thread#2"                     [id=14340, stack(0x0000004d26100000,0x0000004d26200000) (1024K)]
  0x00000170584e4340 WorkerThread "GC Thread#3"                     [id=19700, stack(0x0000004d26200000,0x0000004d26300000) (1024K)]
  0x00000170584e46e0 WorkerThread "GC Thread#4"                     [id=19888, stack(0x0000004d26300000,0x0000004d26400000) (1024K)]
  0x0000017058846060 WorkerThread "GC Thread#5"                     [id=14424, stack(0x0000004d26400000,0x0000004d26500000) (1024K)]
  0x000001705840bb10 WorkerThread "GC Thread#6"                     [id=17768, stack(0x0000004d26500000,0x0000004d26600000) (1024K)]
  0x000001705840b770 WorkerThread "GC Thread#7"                     [id=1104, stack(0x0000004d25f00000,0x0000004d26000000) (1024K)]
  0x000001705840b030 WorkerThread "GC Thread#8"                     [id=16572, stack(0x0000004d26700000,0x0000004d26800000) (1024K)]
  0x000001705840c5f0 WorkerThread "GC Thread#9"                     [id=3220, stack(0x0000004d26800000,0x0000004d26900000) (1024K)]
  0x000001705840ac90 WorkerThread "GC Thread#10"                    [id=17968, stack(0x0000004d26900000,0x0000004d26a00000) (1024K)]
  0x000001705840beb0 WorkerThread "GC Thread#11"                    [id=3188, stack(0x0000004d26b00000,0x0000004d26c00000) (1024K)]
  0x0000017058b15100 WorkerThread "GC Thread#12"                    [id=19572, stack(0x0000004d27100000,0x0000004d27200000) (1024K)]
Total: 15

Threads with active compile tasks:
Total: 0

VM state: not at safepoint (normal execution)

VM Mutex/Monitor currently owned by a thread: None

Heap address: 0x0000000080000000, size: 2048 MB, Compressed Oops mode: 32-bit

CDS archive(s) mapped at: [0x0000017013000000-0x0000017013ba0000-0x0000017013ba0000), size 12189696, SharedBaseAddress: 0x0000017013000000, ArchiveRelocationMode: 1.
Compressed class space mapped at: 0x0000017014000000-0x0000017054000000, reserved size: 1073741824
Narrow klass base: 0x0000017013000000, Narrow klass shift: 0, Narrow klass range: 0x100000000

GC Precious Log:
 CardTable entry size: 512
 CPUs: 16 total, 16 available
 Memory: 16085M
 Large Page Support: Disabled
 NUMA Support: Disabled
 Compressed Oops: Enabled (32-bit)
 Alignments: Space 512K, Generation 512K, Heap 2M
 Heap Min Capacity: 100M
 Heap Initial Capacity: 100M
 Heap Max Capacity: 2G
 Pre-touch: Disabled
 Parallel Workers: 13

Heap:
 PSYoungGen      total 10240K, used 2705K [0x00000000d5580000, 0x00000000d6280000, 0x0000000100000000)
  eden space 9216K, 22% used [0x00000000d5580000,0x00000000d577c628,0x00000000d5e80000)
  from space 1024K, 65% used [0x00000000d6180000,0x00000000d6228000,0x00000000d6280000)
  to   space 1536K, 0% used [0x00000000d5f80000,0x00000000d5f80000,0x00000000d6100000)
 ParOldGen       total 138752K, used 138349K [0x0000000080000000, 0x0000000088780000, 0x00000000d5580000)
  object space 138752K, 99% used [0x0000000080000000,0x000000008871b7a0,0x0000000088780000)
 Metaspace       used 72057K, committed 73536K, reserved 1179648K
  class space    used 7300K, committed 7936K, reserved 1048576K

Card table byte_map: [0x0000017078b40000,0x0000017078f50000] _byte_map_base: 0x0000017078740000

Marking Bits: (ParMarkBitMap*) 0x00007ffcc3ada340
 Begin Bits: [0x000001700f000000, 0x0000017011000000)
 End Bits:   [0x0000017011000000, 0x0000017013000000)

Polling page: 0x0000017078930000

Metaspace:

Usage:
  Non-class:     63.24 MB used.
      Class:      7.13 MB used.
       Both:     70.37 MB used.

Virtual space:
  Non-class space:      128.00 MB reserved,      64.06 MB ( 50%) committed,  2 nodes.
      Class space:        1.00 GB reserved,       7.75 MB ( <1%) committed,  1 nodes.
             Both:        1.12 GB reserved,      71.81 MB (  6%) committed. 

Chunk freelists:
   Non-Class:  15.92 MB
       Class:  8.20 MB
        Both:  24.12 MB

MaxMetaspaceSize: unlimited
CompressedClassSpaceSize: 1.00 GB
Initial GC threshold: 21.00 MB
Current GC threshold: 97.31 MB
CDS: on
 - commit_granule_bytes: 65536.
 - commit_granule_words: 8192.
 - virtual_space_node_default_size: 8388608.
 - enlarge_chunks_in_place: 1.
 - use_allocation_guard: 0.


Internal statistics:

num_allocs_failed_limit: 9.
num_arena_births: 1320.
num_arena_deaths: 14.
num_vsnodes_births: 3.
num_vsnodes_deaths: 0.
num_space_committed: 1149.
num_space_uncommitted: 0.
num_chunks_returned_to_freelist: 23.
num_chunks_taken_from_freelist: 4534.
num_chunk_merges: 11.
num_chunk_splits: 2794.
num_chunks_enlarged: 1620.
num_inconsistent_stats: 0.

CodeHeap 'non-profiled nmethods': size=119168Kb used=11461Kb max_used=11461Kb free=107706Kb
 bounds [0x0000017007ba0000, 0x00000170086e0000, 0x000001700f000000]
CodeHeap 'profiled nmethods': size=119104Kb used=39894Kb max_used=39894Kb free=79210Kb
 bounds [0x0000017000000000, 0x0000017002700000, 0x0000017007450000]
CodeHeap 'non-nmethods': size=7488Kb used=1473Kb max_used=3211Kb free=6014Kb
 bounds [0x0000017007450000, 0x0000017007780000, 0x0000017007ba0000]
CodeCache: size=245760Kb, used=52828Kb, max_used=54566Kb, free=192930Kb
 total_blobs=17102, nmethods=16331, adapters=676, full_count=0
Compilation: enabled, stopped_count=0, restarted_count=0

Compilation events (20 events):
Event: 3500.781 Thread 0x000001707e1d0f70 17193       3       org.eclipse.core.internal.jobs.JobQueue::isEmpty (18 bytes)
Event: 3500.781 Thread 0x000001707e1d0f70 nmethod 17193 0x00000170026ed810 code [0x00000170026ed9c0, 0x00000170026edb50]
Event: 3512.400 Thread 0x000001707e1d0f70 17194       1       org.eclipse.osgi.internal.location.BasicLocation::isReadOnly (5 bytes)
Event: 3512.400 Thread 0x000001707e1d0f70 nmethod 17194 0x00000170086d0f10 code [0x00000170086d10a0, 0x00000170086d1170]
Event: 3560.783 Thread 0x000001707e1d0f70 17195   !   3       org.eclipse.core.internal.jobs.JobManager::sleepHint (67 bytes)
Event: 3560.783 Thread 0x000001707e1d0f70 nmethod 17195 0x00000170026edc10 code [0x00000170026ede80, 0x00000170026ee998]
Event: 3862.932 Thread 0x000001707e1d0f70 17196       1       com.sun.jna.internal.Cleaner::access$200 (5 bytes)
Event: 3862.933 Thread 0x000001707e1d0f70 nmethod 17196 0x00000170086d1210 code [0x00000170086d13a0, 0x00000170086d1450]
Event: 3865.036 Thread 0x000001707e1d0f70 17197       3       java.lang.ProcessHandleImpl::get (51 bytes)
Event: 3865.036 Thread 0x000001707e1d0f70 nmethod 17197 0x00000170026eee90 code [0x00000170026ef0a0, 0x00000170026ef6a8]
Event: 3892.933 Thread 0x000001707e1d0f70 17198       3       java.lang.ref.ReferenceQueue::await (15 bytes)
Event: 3892.933 Thread 0x000001707e1d0f70 nmethod 17198 0x00000170026ef910 code [0x00000170026efac0, 0x00000170026efc60]
Event: 3920.777 Thread 0x000001707e1d0f70 17199   !   3       org.eclipse.core.internal.jobs.JobManager::changeState (511 bytes)
Event: 3920.778 Thread 0x000001707e1d0f70 nmethod 17199 0x00000170026efd90 code [0x00000170026f0220, 0x00000170026f22a0]
Event: 4084.502 Thread 0x000001707e1d0f70 17200       3       java.util.concurrent.locks.AbstractQueuedSynchronizer$ConditionObject::await (207 bytes)
Event: 4084.503 Thread 0x000001707e1d0f70 nmethod 17200 0x00000170026f3410 code [0x00000170026f3700, 0x00000170026f4580]
Event: 4340.827 Thread 0x000001707e1d0f70 17201  s!   3       org.eclipse.core.internal.jobs.WorkerPool::sleep (124 bytes)
Event: 4340.828 Thread 0x000001707e1d0f70 nmethod 17201 0x00000170026f4b90 code [0x00000170026f4da0, 0x00000170026f52b8]
Event: 4820.842 Thread 0x000001707e1d0f70 17202       3       org.eclipse.core.runtime.jobs.Job::getRule (5 bytes)
Event: 4820.843 Thread 0x000001707e1d0f70 nmethod 17202 0x00000170026f5490 code [0x00000170026f5620, 0x00000170026f5740]

GC Heap History (20 events):
Event: 39.650 GC heap before
{Heap before GC invocations=158 (full 3):
 PSYoungGen      total 10240K, used 10176K [0x00000000d5580000, 0x00000000d6180000, 0x0000000100000000)
  eden space 9216K, 100% used [0x00000000d5580000,0x00000000d5e80000,0x00000000d5e80000)
  from space 1024K, 93% used [0x00000000d6080000,0x00000000d6170000,0x00000000d6180000)
  to   space 1536K, 0% used [0x00000000d5e80000,0x00000000d5e80000,0x00000000d6000000)
 ParOldGen       total 131072K, used 130926K [0x0000000080000000, 0x0000000088000000, 0x00000000d5580000)
  object space 131072K, 99% used [0x0000000080000000,0x0000000087fdbac0,0x0000000088000000)
 Metaspace       used 71764K, committed 73216K, reserved 1114112K
  class space    used 7296K, committed 7936K, reserved 1048576K
}
Event: 39.651 GC heap after
{Heap after GC invocations=158 (full 3):
 PSYoungGen      total 10752K, used 1140K [0x00000000d5580000, 0x00000000d6180000, 0x0000000100000000)
  eden space 9216K, 0% used [0x00000000d5580000,0x00000000d5580000,0x00000000d5e80000)
  from space 1536K, 74% used [0x00000000d5e80000,0x00000000d5f9d220,0x00000000d6000000)
  to   space 1536K, 0% used [0x00000000d6000000,0x00000000d6000000,0x00000000d6180000)
 ParOldGen       total 132096K, used 131662K [0x0000000080000000, 0x0000000088100000, 0x00000000d5580000)
  object space 132096K, 99% used [0x0000000080000000,0x0000000088093ba0,0x0000000088100000)
 Metaspace       used 71764K, committed 73216K, reserved 1114112K
  class space    used 7296K, committed 7936K, reserved 1048576K
}
Event: 39.673 GC heap before
{Heap before GC invocations=159 (full 3):
 PSYoungGen      total 10752K, used 10356K [0x00000000d5580000, 0x00000000d6180000, 0x0000000100000000)
  eden space 9216K, 100% used [0x00000000d5580000,0x00000000d5e80000,0x00000000d5e80000)
  from space 1536K, 74% used [0x00000000d5e80000,0x00000000d5f9d220,0x00000000d6000000)
  to   space 1536K, 0% used [0x00000000d6000000,0x00000000d6000000,0x00000000d6180000)
 ParOldGen       total 132096K, used 131662K [0x0000000080000000, 0x0000000088100000, 0x00000000d5580000)
  object space 132096K, 99% used [0x0000000080000000,0x0000000088093ba0,0x0000000088100000)
 Metaspace       used 71827K, committed 73280K, reserved 1114112K
  class space    used 7297K, committed 7936K, reserved 1048576K
}
Event: 39.674 GC heap after
{Heap after GC invocations=159 (full 3):
 PSYoungGen      total 10752K, used 1248K [0x00000000d5580000, 0x00000000d6180000, 0x0000000100000000)
  eden space 9216K, 0% used [0x00000000d5580000,0x00000000d5580000,0x00000000d5e80000)
  from space 1536K, 81% used [0x00000000d6000000,0x00000000d6138000,0x00000000d6180000)
  to   space 1536K, 0% used [0x00000000d5e80000,0x00000000d5e80000,0x00000000d6000000)
 ParOldGen       total 132608K, used 132523K [0x0000000080000000, 0x0000000088180000, 0x00000000d5580000)
  object space 132608K, 99% used [0x0000000080000000,0x000000008816afe0,0x0000000088180000)
 Metaspace       used 71827K, committed 73280K, reserved 1114112K
  class space    used 7297K, committed 7936K, reserved 1048576K
}
Event: 39.699 GC heap before
{Heap before GC invocations=160 (full 3):
 PSYoungGen      total 10752K, used 10464K [0x00000000d5580000, 0x00000000d6180000, 0x0000000100000000)
  eden space 9216K, 100% used [0x00000000d5580000,0x00000000d5e80000,0x00000000d5e80000)
  from space 1536K, 81% used [0x00000000d6000000,0x00000000d6138000,0x00000000d6180000)
  to   space 1536K, 0% used [0x00000000d5e80000,0x00000000d5e80000,0x00000000d6000000)
 ParOldGen       total 132608K, used 132523K [0x0000000080000000, 0x0000000088180000, 0x00000000d5580000)
  object space 132608K, 99% used [0x0000000080000000,0x000000008816afe0,0x0000000088180000)
 Metaspace       used 71875K, committed 73344K, reserved 1114112K
  class space    used 7297K, committed 7936K, reserved 1048576K
}
Event: 39.700 GC heap after
{Heap after GC invocations=160 (full 3):
 PSYoungGen      total 10240K, used 788K [0x00000000d5580000, 0x00000000d6080000, 0x0000000100000000)
  eden space 9216K, 0% used [0x00000000d5580000,0x00000000d5580000,0x00000000d5e80000)
  from space 1024K, 77% used [0x00000000d5e80000,0x00000000d5f45200,0x00000000d5f80000)
  to   space 1024K, 0% used [0x00000000d5f80000,0x00000000d5f80000,0x00000000d6080000)
 ParOldGen       total 133632K, used 133524K [0x0000000080000000, 0x0000000088280000, 0x00000000d5580000)
  object space 133632K, 99% used [0x0000000080000000,0x0000000088265080,0x0000000088280000)
 Metaspace       used 71875K, committed 73344K, reserved 1114112K
  class space    used 7297K, committed 7936K, reserved 1048576K
}
Event: 39.722 GC heap before
{Heap before GC invocations=161 (full 3):
 PSYoungGen      total 10240K, used 10004K [0x00000000d5580000, 0x00000000d6080000, 0x0000000100000000)
  eden space 9216K, 100% used [0x00000000d5580000,0x00000000d5e80000,0x00000000d5e80000)
  from space 1024K, 77% used [0x00000000d5e80000,0x00000000d5f45200,0x00000000d5f80000)
  to   space 1024K, 0% used [0x00000000d5f80000,0x00000000d5f80000,0x00000000d6080000)
 ParOldGen       total 133632K, used 133524K [0x0000000080000000, 0x0000000088280000, 0x00000000d5580000)
  object space 133632K, 99% used [0x0000000080000000,0x0000000088265080,0x0000000088280000)
 Metaspace       used 71880K, committed 73344K, reserved 1114112K
  class space    used 7297K, committed 7936K, reserved 1048576K
}
Event: 39.723 GC heap after
{Heap after GC invocations=161 (full 3):
 PSYoungGen      total 10240K, used 436K [0x00000000d5580000, 0x00000000d6080000, 0x0000000100000000)
  eden space 9216K, 0% used [0x00000000d5580000,0x00000000d5580000,0x00000000d5e80000)
  from space 1024K, 42% used [0x00000000d5f80000,0x00000000d5fed200,0x00000000d6080000)
  to   space 1024K, 0% used [0x00000000d5e80000,0x00000000d5e80000,0x00000000d5f80000)
 ParOldGen       total 134144K, used 134033K [0x0000000080000000, 0x0000000088300000, 0x00000000d5580000)
  object space 134144K, 99% used [0x0000000080000000,0x00000000882e4700,0x0000000088300000)
 Metaspace       used 71880K, committed 73344K, reserved 1114112K
  class space    used 7297K, committed 7936K, reserved 1048576K
}
Event: 39.744 GC heap before
{Heap before GC invocations=162 (full 3):
 PSYoungGen      total 10240K, used 9652K [0x00000000d5580000, 0x00000000d6080000, 0x0000000100000000)
  eden space 9216K, 100% used [0x00000000d5580000,0x00000000d5e80000,0x00000000d5e80000)
  from space 1024K, 42% used [0x00000000d5f80000,0x00000000d5fed200,0x00000000d6080000)
  to   space 1024K, 0% used [0x00000000d5e80000,0x00000000d5e80000,0x00000000d5f80000)
 ParOldGen       total 134144K, used 134033K [0x0000000080000000, 0x0000000088300000, 0x00000000d5580000)
  object space 134144K, 99% used [0x0000000080000000,0x00000000882e4700,0x0000000088300000)
 Metaspace       used 71884K, committed 73344K, reserved 1114112K
  class space    used 7297K, committed 7936K, reserved 1048576K
}
Event: 39.745 GC heap after
{Heap after GC invocations=162 (full 3):
 PSYoungGen      total 10240K, used 868K [0x00000000d5580000, 0x00000000d6080000, 0x0000000100000000)
  eden space 9216K, 0% used [0x00000000d5580000,0x00000000d5580000,0x00000000d5e80000)
  from space 1024K, 84% used [0x00000000d5e80000,0x00000000d5f59210,0x00000000d5f80000)
  to   space 1024K, 0% used [0x00000000d5f80000,0x00000000d5f80000,0x00000000d6080000)
 ParOldGen       total 134144K, used 134073K [0x0000000080000000, 0x0000000088300000, 0x00000000d5580000)
  object space 134144K, 99% used [0x0000000080000000,0x00000000882ee700,0x0000000088300000)
 Metaspace       used 71884K, committed 73344K, reserved 1114112K
  class space    used 7297K, committed 7936K, reserved 1048576K
}
Event: 183.959 GC heap before
{Heap before GC invocations=163 (full 3):
 PSYoungGen      total 10240K, used 10084K [0x00000000d5580000, 0x00000000d6080000, 0x0000000100000000)
  eden space 9216K, 100% used [0x00000000d5580000,0x00000000d5e80000,0x00000000d5e80000)
  from space 1024K, 84% used [0x00000000d5e80000,0x00000000d5f59210,0x00000000d5f80000)
  to   space 1024K, 0% used [0x00000000d5f80000,0x00000000d5f80000,0x00000000d6080000)
 ParOldGen       total 134144K, used 134073K [0x0000000080000000, 0x0000000088300000, 0x00000000d5580000)
  object space 134144K, 99% used [0x0000000080000000,0x00000000882ee700,0x0000000088300000)
 Metaspace       used 71917K, committed 73408K, reserved 1114112K
  class space    used 7299K, committed 7936K, reserved 1048576K
}
Event: 183.961 GC heap after
{Heap after GC invocations=163 (full 3):
 PSYoungGen      total 10240K, used 708K [0x00000000d5580000, 0x00000000d6080000, 0x0000000100000000)
  eden space 9216K, 0% used [0x00000000d5580000,0x00000000d5580000,0x00000000d5e80000)
  from space 1024K, 69% used [0x00000000d5f80000,0x00000000d6031198,0x00000000d6080000)
  to   space 1024K, 0% used [0x00000000d5e80000,0x00000000d5e80000,0x00000000d5f80000)
 ParOldGen       total 135168K, used 134742K [0x0000000080000000, 0x0000000088400000, 0x00000000d5580000)
  object space 135168K, 99% used [0x0000000080000000,0x0000000088395930,0x0000000088400000)
 Metaspace       used 71917K, committed 73408K, reserved 1114112K
  class space    used 7299K, committed 7936K, reserved 1048576K
}
Event: 184.009 GC heap before
{Heap before GC invocations=164 (full 3):
 PSYoungGen      total 10240K, used 9924K [0x00000000d5580000, 0x00000000d6080000, 0x0000000100000000)
  eden space 9216K, 100% used [0x00000000d5580000,0x00000000d5e80000,0x00000000d5e80000)
  from space 1024K, 69% used [0x00000000d5f80000,0x00000000d6031198,0x00000000d6080000)
  to   space 1024K, 0% used [0x00000000d5e80000,0x00000000d5e80000,0x00000000d5f80000)
 ParOldGen       total 135168K, used 134742K [0x0000000080000000, 0x0000000088400000, 0x00000000d5580000)
  object space 135168K, 99% used [0x0000000080000000,0x0000000088395930,0x0000000088400000)
 Metaspace       used 71917K, committed 73408K, reserved 1114112K
  class space    used 7299K, committed 7936K, reserved 1048576K
}
Event: 184.010 GC heap after
{Heap after GC invocations=164 (full 3):
 PSYoungGen      total 10240K, used 1006K [0x00000000d5580000, 0x00000000d6380000, 0x0000000100000000)
  eden space 9216K, 0% used [0x00000000d5580000,0x00000000d5580000,0x00000000d5e80000)
  from space 1024K, 98% used [0x00000000d5e80000,0x00000000d5f7baa8,0x00000000d5f80000)
  to   space 2560K, 0% used [0x00000000d6100000,0x00000000d6100000,0x00000000d6380000)
 ParOldGen       total 135680K, used 135592K [0x0000000080000000, 0x0000000088480000, 0x00000000d5580000)
  object space 135680K, 99% used [0x0000000080000000,0x000000008846a238,0x0000000088480000)
 Metaspace       used 71917K, committed 73408K, reserved 1114112K
  class space    used 7299K, committed 7936K, reserved 1048576K
}
Event: 184.039 GC heap before
{Heap before GC invocations=165 (full 3):
 PSYoungGen      total 10240K, used 10222K [0x00000000d5580000, 0x00000000d6380000, 0x0000000100000000)
  eden space 9216K, 100% used [0x00000000d5580000,0x00000000d5e80000,0x00000000d5e80000)
  from space 1024K, 98% used [0x00000000d5e80000,0x00000000d5f7baa8,0x00000000d5f80000)
  to   space 2560K, 0% used [0x00000000d6100000,0x00000000d6100000,0x00000000d6380000)
 ParOldGen       total 135680K, used 135592K [0x0000000080000000, 0x0000000088480000, 0x00000000d5580000)
  object space 135680K, 99% used [0x0000000080000000,0x000000008846a238,0x0000000088480000)
 Metaspace       used 71917K, committed 73408K, reserved 1114112K
  class space    used 7299K, committed 7936K, reserved 1048576K
}
Event: 184.041 GC heap after
{Heap after GC invocations=165 (full 3):
 PSYoungGen      total 10752K, used 1080K [0x00000000d5580000, 0x00000000d6280000, 0x0000000100000000)
  eden space 9216K, 0% used [0x00000000d5580000,0x00000000d5580000,0x00000000d5e80000)
  from space 1536K, 70% used [0x00000000d6100000,0x00000000d620e398,0x00000000d6280000)
  to   space 1536K, 0% used [0x00000000d5f80000,0x00000000d5f80000,0x00000000d6100000)
 ParOldGen       total 136704K, used 136534K [0x0000000080000000, 0x0000000088580000, 0x00000000d5580000)
  object space 136704K, 99% used [0x0000000080000000,0x0000000088555a48,0x0000000088580000)
 Metaspace       used 71917K, committed 73408K, reserved 1114112K
  class space    used 7299K, committed 7936K, reserved 1048576K
}
Event: 184.058 GC heap before
{Heap before GC invocations=166 (full 3):
 PSYoungGen      total 10752K, used 10296K [0x00000000d5580000, 0x00000000d6280000, 0x0000000100000000)
  eden space 9216K, 100% used [0x00000000d5580000,0x00000000d5e80000,0x00000000d5e80000)
  from space 1536K, 70% used [0x00000000d6100000,0x00000000d620e398,0x00000000d6280000)
  to   space 1536K, 0% used [0x00000000d5f80000,0x00000000d5f80000,0x00000000d6100000)
 ParOldGen       total 136704K, used 136534K [0x0000000080000000, 0x0000000088580000, 0x00000000d5580000)
  object space 136704K, 99% used [0x0000000080000000,0x0000000088555a48,0x0000000088580000)
 Metaspace       used 71949K, committed 73472K, reserved 1179648K
  class space    used 7299K, committed 7936K, reserved 1048576K
}
Event: 184.059 GC heap after
{Heap after GC invocations=166 (full 3):
 PSYoungGen      total 10752K, used 1536K [0x00000000d5580000, 0x00000000d6480000, 0x0000000100000000)
  eden space 9216K, 0% used [0x00000000d5580000,0x00000000d5580000,0x00000000d5e80000)
  from space 1536K, 100% used [0x00000000d5f80000,0x00000000d6100000,0x00000000d6100000)
  to   space 3072K, 0% used [0x00000000d6180000,0x00000000d6180000,0x00000000d6480000)
 ParOldGen       total 137728K, used 137493K [0x0000000080000000, 0x0000000088680000, 0x00000000d5580000)
  object space 137728K, 99% used [0x0000000080000000,0x00000000886457a0,0x0000000088680000)
 Metaspace       used 71949K, committed 73472K, reserved 1179648K
  class space    used 7299K, committed 7936K, reserved 1048576K
}
Event: 184.099 GC heap before
{Heap before GC invocations=167 (full 3):
 PSYoungGen      total 10752K, used 10752K [0x00000000d5580000, 0x00000000d6480000, 0x0000000100000000)
  eden space 9216K, 100% used [0x00000000d5580000,0x00000000d5e80000,0x00000000d5e80000)
  from space 1536K, 100% used [0x00000000d5f80000,0x00000000d6100000,0x00000000d6100000)
  to   space 3072K, 0% used [0x00000000d6180000,0x00000000d6180000,0x00000000d6480000)
 ParOldGen       total 137728K, used 137493K [0x0000000080000000, 0x0000000088680000, 0x00000000d5580000)
  object space 137728K, 99% used [0x0000000080000000,0x00000000886457a0,0x0000000088680000)
 Metaspace       used 71980K, committed 73472K, reserved 1179648K
  class space    used 7299K, committed 7936K, reserved 1048576K
}
Event: 184.100 GC heap after
{Heap after GC invocations=167 (full 3):
 PSYoungGen      total 10240K, used 672K [0x00000000d5580000, 0x00000000d6280000, 0x0000000100000000)
  eden space 9216K, 0% used [0x00000000d5580000,0x00000000d5580000,0x00000000d5e80000)
  from space 1024K, 65% used [0x00000000d6180000,0x00000000d6228000,0x00000000d6280000)
  to   space 1536K, 0% used [0x00000000d5f80000,0x00000000d5f80000,0x00000000d6100000)
 ParOldGen       total 138752K, used 138349K [0x0000000080000000, 0x0000000088780000, 0x00000000d5580000)
  object space 138752K, 99% used [0x0000000080000000,0x000000008871b7a0,0x0000000088780000)
 Metaspace       used 71980K, committed 73472K, reserved 1179648K
  class space    used 7299K, committed 7936K, reserved 1048576K
}

Dll operation events (12 events):
Event: 0.010 Loaded shared library c:\Users\OMAR INFO\.windsurf\extensions\redhat.java-1.45.0-win32-x64\jre\21.0.8-win32-x86_64\bin\java.dll
Event: 0.103 Loaded shared library c:\Users\OMAR INFO\.windsurf\extensions\redhat.java-1.45.0-win32-x64\jre\21.0.8-win32-x86_64\bin\zip.dll
Event: 0.138 Loaded shared library C:\Users\OMAR INFO\.windsurf\extensions\redhat.java-1.45.0-win32-x64\jre\21.0.8-win32-x86_64\bin\instrument.dll
Event: 0.145 Loaded shared library C:\Users\OMAR INFO\.windsurf\extensions\redhat.java-1.45.0-win32-x64\jre\21.0.8-win32-x86_64\bin\net.dll
Event: 0.149 Loaded shared library C:\Users\OMAR INFO\.windsurf\extensions\redhat.java-1.45.0-win32-x64\jre\21.0.8-win32-x86_64\bin\nio.dll
Event: 0.154 Loaded shared library C:\Users\OMAR INFO\.windsurf\extensions\redhat.java-1.45.0-win32-x64\jre\21.0.8-win32-x86_64\bin\zip.dll
Event: 0.189 Loaded shared library C:\Users\OMAR INFO\.windsurf\extensions\redhat.java-1.45.0-win32-x64\jre\21.0.8-win32-x86_64\bin\jimage.dll
Event: 0.324 Loaded shared library c:\Users\OMAR INFO\.windsurf\extensions\redhat.java-1.45.0-win32-x64\jre\21.0.8-win32-x86_64\bin\verify.dll
Event: 7.167 Loaded shared library C:\Users\OMAR INFO\AppData\Roaming\Windsurf\User\globalStorage\redhat.java\1.45.0\config_win\org.eclipse.equinox.launcher\org.eclipse.equinox.launcher.win32.win32.x86_64_1.2.1400.v20250801-0854\eclipse_11916.dll
Event: 20.569 Loaded shared library C:\Users\OMAR INFO\AppData\Local\Temp\jna--64980065\jna12260329828062972491.dll
Event: 22.097 Loaded shared library C:\Users\OMAR INFO\.windsurf\extensions\redhat.java-1.45.0-win32-x64\jre\21.0.8-win32-x86_64\bin\sunmscapi.dll
Event: 22.237 Loaded shared library C:\Users\OMAR INFO\.windsurf\extensions\redhat.java-1.45.0-win32-x64\jre\21.0.8-win32-x86_64\bin\extnet.dll

Deoptimization events (20 events):
Event: 184.041 Thread 0x000001705a20c500 DEOPT PACKING pc=0x000001700866410c sp=0x0000004d28efd770
Event: 184.041 Thread 0x000001705a20c500 DEOPT UNPACKING pc=0x00000170074a6da2 sp=0x0000004d28efd700 mode 2
Event: 184.062 Thread 0x000001705a20c500 Uncommon trap: trap_request=0xffffffd6 fr.pc=0x000001700866bf94 relative=0x00000000000001f4
Event: 184.062 Thread 0x000001705a20c500 Uncommon trap: reason=array_check action=maybe_recompile pc=0x000001700866bf94 method=java.util.LinkedHashMap.keysToArray([Ljava/lang/Object;Z)[Ljava/lang/Object; @ 67 c2
Event: 184.062 Thread 0x000001705a20c500 DEOPT PACKING pc=0x000001700866bf94 sp=0x0000004d28efc740
Event: 184.062 Thread 0x000001705a20c500 DEOPT UNPACKING pc=0x00000170074a6da2 sp=0x0000004d28efc6c0 mode 2
Event: 184.062 Thread 0x000001705a20c500 Uncommon trap: trap_request=0xffffffd6 fr.pc=0x000001700866bf94 relative=0x00000000000001f4
Event: 184.062 Thread 0x000001705a20c500 Uncommon trap: reason=array_check action=maybe_recompile pc=0x000001700866bf94 method=java.util.LinkedHashMap.keysToArray([Ljava/lang/Object;Z)[Ljava/lang/Object; @ 67 c2
Event: 184.062 Thread 0x000001705a20c500 DEOPT PACKING pc=0x000001700866bf94 sp=0x0000004d28efc740
Event: 184.062 Thread 0x000001705a20c500 DEOPT UNPACKING pc=0x00000170074a6da2 sp=0x0000004d28efc6c0 mode 2
Event: 184.062 Thread 0x000001705a20c500 Uncommon trap: trap_request=0xffffffd6 fr.pc=0x000001700866bf94 relative=0x00000000000001f4
Event: 184.062 Thread 0x000001705a20c500 Uncommon trap: reason=array_check action=maybe_recompile pc=0x000001700866bf94 method=java.util.LinkedHashMap.keysToArray([Ljava/lang/Object;Z)[Ljava/lang/Object; @ 67 c2
Event: 184.062 Thread 0x000001705a20c500 DEOPT PACKING pc=0x000001700866bf94 sp=0x0000004d28efcb40
Event: 184.062 Thread 0x000001705a20c500 DEOPT UNPACKING pc=0x00000170074a6da2 sp=0x0000004d28efcac0 mode 2
Event: 184.062 Thread 0x000001705a20c500 Uncommon trap: trap_request=0xffffffd6 fr.pc=0x000001700866bf94 relative=0x00000000000001f4
Event: 184.062 Thread 0x000001705a20c500 Uncommon trap: reason=array_check action=maybe_recompile pc=0x000001700866bf94 method=java.util.LinkedHashMap.keysToArray([Ljava/lang/Object;Z)[Ljava/lang/Object; @ 67 c2
Event: 184.062 Thread 0x000001705a20c500 DEOPT PACKING pc=0x000001700866bf94 sp=0x0000004d28efcb40
Event: 184.062 Thread 0x000001705a20c500 DEOPT UNPACKING pc=0x00000170074a6da2 sp=0x0000004d28efcac0 mode 2
Event: 184.065 Thread 0x000001705a20c500 DEOPT PACKING pc=0x0000017001dfd15c sp=0x0000004d28efd750
Event: 184.065 Thread 0x000001705a20c500 DEOPT UNPACKING pc=0x00000170074a78e2 sp=0x0000004d28efcb50 mode 0

Classes loaded (20 events):
Event: 31.524 Loading class sun/util/resources/TimeZoneNamesBundle done
Event: 31.524 Loading class sun/util/resources/cldr/TimeZoneNames done
Event: 31.525 Loading class sun/util/resources/cldr/TimeZoneNames_en
Event: 31.536 Loading class sun/util/resources/cldr/TimeZoneNames_en done
Event: 31.536 Loading class sun/util/resources/cldr/TimeZoneNames_en_US
Event: 31.536 Loading class sun/util/resources/cldr/TimeZoneNames_en_US done
Event: 31.538 Loading class sun/util/cldr/CLDRBaseLocaleDataMetaInfo$TZCanonicalIDMapHolder
Event: 31.541 Loading class sun/util/cldr/CLDRBaseLocaleDataMetaInfo$TZCanonicalIDMapHolder done
Event: 31.545 Loading class sun/util/cldr/CLDRTimeZoneNameProviderImpl$AVAILABLE_IDS
Event: 31.545 Loading class sun/util/cldr/CLDRTimeZoneNameProviderImpl$AVAILABLE_IDS done
Event: 31.550 Loading class sun/util/resources/TimeZoneNames
Event: 31.552 Loading class sun/util/resources/TimeZoneNames done
Event: 31.553 Loading class sun/util/resources/TimeZoneNames_en
Event: 31.553 Loading class sun/util/resources/TimeZoneNames_en done
Event: 32.590 Loading class java/util/Collections$2
Event: 32.590 Loading class java/util/Collections$2 done
Event: 37.063 Loading class java/util/stream/ReduceOps$4
Event: 37.063 Loading class java/util/stream/ReduceOps$4 done
Event: 37.063 Loading class java/util/stream/ReduceOps$4ReducingSink
Event: 37.063 Loading class java/util/stream/ReduceOps$4ReducingSink done

Classes unloaded (7 events):
Event: 20.995 Thread 0x000001707cbf4890 Unloading class 0x00000170141ab000 'java/lang/invoke/LambdaForm$MH+0x00000170141ab000'
Event: 20.995 Thread 0x000001707cbf4890 Unloading class 0x00000170141aac00 'java/lang/invoke/LambdaForm$MH+0x00000170141aac00'
Event: 20.995 Thread 0x000001707cbf4890 Unloading class 0x00000170141aa800 'java/lang/invoke/LambdaForm$MH+0x00000170141aa800'
Event: 20.995 Thread 0x000001707cbf4890 Unloading class 0x00000170141aa400 'java/lang/invoke/LambdaForm$MH+0x00000170141aa400'
Event: 20.995 Thread 0x000001707cbf4890 Unloading class 0x00000170141aa000 'java/lang/invoke/LambdaForm$BMH+0x00000170141aa000'
Event: 20.995 Thread 0x000001707cbf4890 Unloading class 0x00000170141a9c00 'java/lang/invoke/LambdaForm$DMH+0x00000170141a9c00'
Event: 20.995 Thread 0x000001707cbf4890 Unloading class 0x00000170141a8800 'java/lang/invoke/LambdaForm$DMH+0x00000170141a8800'

Classes redefined (0 events):
No events

Internal exceptions (20 events):
Event: 37.149 Thread 0x0000017058e6f270 Exception <a 'sun/nio/fs/WindowsException'{0x00000000d5aae248}> (0x00000000d5aae248) 
thrown [s\src\hotspot\share\prims\jni.cpp, line 520]
Event: 37.347 Thread 0x000001705a208360 Implicit null exception at 0x00000170082cb3cf to 0x00000170082cb5a4
Event: 37.360 Thread 0x000001705a208360 Implicit null exception at 0x00000170083b004a to 0x00000170083b00c8
Event: 37.380 Thread 0x0000017058e6f270 Exception <a 'sun/nio/fs/WindowsException'{0x00000000d5f61fd0}> (0x00000000d5f61fd0) 
thrown [s\src\hotspot\share\prims\jni.cpp, line 520]
Event: 37.381 Thread 0x0000017058e6f270 Exception <a 'sun/nio/fs/WindowsException'{0x00000000d5f62600}> (0x00000000d5f62600) 
thrown [s\src\hotspot\share\prims\jni.cpp, line 520]
Event: 37.381 Thread 0x0000017058e6f270 Exception <a 'sun/nio/fs/WindowsException'{0x00000000d5f63098}> (0x00000000d5f63098) 
thrown [s\src\hotspot\share\prims\jni.cpp, line 520]
Event: 37.381 Thread 0x0000017058e6f270 Exception <a 'sun/nio/fs/WindowsException'{0x00000000d5f636c8}> (0x00000000d5f636c8) 
thrown [s\src\hotspot\share\prims\jni.cpp, line 520]
Event: 37.381 Thread 0x0000017058e6f270 Exception <a 'sun/nio/fs/WindowsException'{0x00000000d5f64bf0}> (0x00000000d5f64bf0) 
thrown [s\src\hotspot\share\prims\jni.cpp, line 520]
Event: 37.381 Thread 0x0000017058e6f270 Exception <a 'sun/nio/fs/WindowsException'{0x00000000d5f65220}> (0x00000000d5f65220) 
thrown [s\src\hotspot\share\prims\jni.cpp, line 520]
Event: 37.385 Thread 0x0000017058e6f270 Exception <a 'sun/nio/fs/WindowsException'{0x00000000d5fa9460}> (0x00000000d5fa9460) 
thrown [s\src\hotspot\share\prims\jni.cpp, line 520]
Event: 37.385 Thread 0x0000017058e6f270 Exception <a 'sun/nio/fs/WindowsException'{0x00000000d5fa9d40}> (0x00000000d5fa9d40) 
thrown [s\src\hotspot\share\prims\jni.cpp, line 520]
Event: 37.466 Thread 0x000001705a208360 Exception <a 'java/io/FileNotFoundException'{0x00000000d5d94c38}> (0x00000000d5d94c38) 
thrown [s\src\hotspot\share\prims\jni.cpp, line 520]
Event: 37.467 Thread 0x000001705a208360 Exception <a 'java/io/FileNotFoundException'{0x00000000d5d95d68}> (0x00000000d5d95d68) 
thrown [s\src\hotspot\share\prims\jni.cpp, line 520]
Event: 37.467 Thread 0x000001705a208360 Exception <a 'java/io/FileNotFoundException'{0x00000000d5d96f10}> (0x00000000d5d96f10) 
thrown [s\src\hotspot\share\prims\jni.cpp, line 520]
Event: 37.669 Thread 0x0000017058e6f270 Exception <a 'java/lang/NoSuchMethodError'{0x00000000d56c5d80}: 'java.lang.Object java.lang.invoke.DirectMethodHandle$Holder.invokeStatic(java.lang.Object, java.lang.Object, int, java.lang.Object)'> (0x00000000d56c5d80) 
thrown [s\src\hotspot\share\interpreter\linkResolver.cpp, line 773]
Event: 37.670 Thread 0x0000017058e6f270 Exception <a 'java/lang/NoSuchMethodError'{0x00000000d56cc490}: 'java.lang.Object java.lang.invoke.DirectMethodHandle$Holder.newInvokeSpecial(java.lang.Object, java.lang.Object, int)'> (0x00000000d56cc490) 
thrown [s\src\hotspot\share\interpreter\linkResolver.cpp, line 773]
Event: 38.161 Thread 0x000001705a208360 Exception <a 'java/lang/NoSuchMethodError'{0x00000000d5b46360}: 'java.lang.Object java.lang.invoke.DirectMethodHandle$Holder.invokeStatic(java.lang.Object, java.lang.Object, int, java.lang.Object, java.lang.Object)'> (0x00000000d5b46360) 
thrown [s\src\hotspot\share\interpreter\linkResolver.cpp, line 773]
Event: 38.188 Thread 0x000001705a208360 Exception <a 'java/lang/NoSuchMethodError'{0x00000000d5fd9978}: 'java.lang.Object java.lang.invoke.DirectMethodHandle$Holder.newInvokeSpecial(java.lang.Object, java.lang.Object, java.lang.Object, java.lang.Object, int)'> (0x00000000d5fd9978) 
thrown [s\src\hotspot\share\interpreter\linkResolver.cpp, line 773]
Event: 38.188 Thread 0x000001705a208360 Exception <a 'java/lang/NoSuchMethodError'{0x00000000d5fddd10}: 'java.lang.Object java.lang.invoke.DirectMethodHandle$Holder.invokeSpecial(java.lang.Object, java.lang.Object, java.lang.Object, java.lang.Object, java.lang.Object, int)'> (0x00000000d5fddd10) 
thrown [s\src\hotspot\share\interpreter\linkResolver.cpp, line 773]
Event: 38.189 Thread 0x000001705a208360 Exception <a 'java/lang/NoSuchMethodError'{0x00000000d5fe1a40}: 'java.lang.Object java.lang.invoke.Invokers$Holder.linkToTargetMethod(java.lang.Object, java.lang.Object, java.lang.Object, int, java.lang.Object)'> (0x00000000d5fe1a40) 
thrown [s\src\hotspot\share\interpreter\linkResolver.cpp, line 773]

ZGC Phase Switch (0 events):
No events

VM Operations (20 events):
Event: 4568.702 Executing VM operation: RendezvousGCThreads
Event: 4568.702 Executing VM operation: RendezvousGCThreads done
Event: 4688.997 Executing VM operation: HandshakeAllThreads (HandshakeForDeflation)
Event: 4688.997 Executing VM operation: HandshakeAllThreads (HandshakeForDeflation) done
Event: 4688.997 Executing VM operation: RendezvousGCThreads
Event: 4688.997 Executing VM operation: RendezvousGCThreads done
Event: 4749.148 Executing VM operation: HandshakeAllThreads (HandshakeForDeflation)
Event: 4749.148 Executing VM operation: HandshakeAllThreads (HandshakeForDeflation) done
Event: 4749.148 Executing VM operation: RendezvousGCThreads
Event: 4749.148 Executing VM operation: RendezvousGCThreads done
Event: 4821.295 Executing VM operation: Cleanup
Event: 4821.295 Executing VM operation: Cleanup done
Event: 4869.375 Executing VM operation: HandshakeAllThreads (HandshakeForDeflation)
Event: 4869.375 Executing VM operation: HandshakeAllThreads (HandshakeForDeflation) done
Event: 4869.375 Executing VM operation: RendezvousGCThreads
Event: 4869.375 Executing VM operation: RendezvousGCThreads done
Event: 4929.580 Executing VM operation: HandshakeAllThreads (HandshakeForDeflation)
Event: 4929.580 Executing VM operation: HandshakeAllThreads (HandshakeForDeflation) done
Event: 4929.580 Executing VM operation: RendezvousGCThreads
Event: 4929.580 Executing VM operation: RendezvousGCThreads done

Memory protections (0 events):
No events

Nmethod flushes (20 events):
Event: 25.902 Thread 0x000001707cbf4890 flushing  nmethod 0x00000170009f4910
Event: 25.902 Thread 0x000001707cbf4890 flushing  nmethod 0x00000170009f7d10
Event: 25.902 Thread 0x000001707cbf4890 flushing  nmethod 0x0000017000a01690
Event: 25.902 Thread 0x000001707cbf4890 flushing  nmethod 0x0000017000a06a10
Event: 25.902 Thread 0x000001707cbf4890 flushing  nmethod 0x0000017000a1cc90
Event: 25.902 Thread 0x000001707cbf4890 flushing  nmethod 0x0000017000a1f510
Event: 25.902 Thread 0x000001707cbf4890 flushing  nmethod 0x0000017000a22a10
Event: 25.902 Thread 0x000001707cbf4890 flushing  nmethod 0x0000017000a42090
Event: 25.902 Thread 0x000001707cbf4890 flushing  nmethod 0x0000017000a42690
Event: 25.902 Thread 0x000001707cbf4890 flushing  nmethod 0x0000017000a42d90
Event: 25.902 Thread 0x000001707cbf4890 flushing  nmethod 0x0000017000a43610
Event: 25.902 Thread 0x000001707cbf4890 flushing  nmethod 0x0000017000a45c10
Event: 25.902 Thread 0x000001707cbf4890 flushing  nmethod 0x0000017000a80910
Event: 25.902 Thread 0x000001707cbf4890 flushing  nmethod 0x0000017000a8cd10
Event: 25.902 Thread 0x000001707cbf4890 flushing  nmethod 0x0000017000ab1010
Event: 25.902 Thread 0x000001707cbf4890 flushing  nmethod 0x0000017000b0b890
Event: 25.902 Thread 0x000001707cbf4890 flushing  nmethod 0x0000017000b33090
Event: 25.902 Thread 0x000001707cbf4890 flushing  nmethod 0x0000017000b3de10
Event: 25.902 Thread 0x000001707cbf4890 flushing  nmethod 0x0000017000b61d90
Event: 25.902 Thread 0x000001707cbf4890 flushing  nmethod 0x0000017000b68590

Events (20 events):
Event: 157.705 Thread 0x000001705a209da0 Thread exited: 0x000001705a209da0
Event: 183.949 Thread 0x000001707e1d0f70 Thread added: 0x000001705a5a7f60
Event: 183.950 Thread 0x000001707e1d0f70 Thread added: 0x000001705a7aeae0
Event: 183.950 Thread 0x000001707e1d0f70 Thread added: 0x000001705b62fbc0
Event: 189.224 Thread 0x000001705b62fbc0 Thread exited: 0x000001705b62fbc0
Event: 189.224 Thread 0x000001705a7aeae0 Thread exited: 0x000001705a7aeae0
Event: 194.237 Thread 0x000001705a5a7f60 Thread exited: 0x000001705a5a7f60
Event: 217.705 Thread 0x000001705a206290 Thread exited: 0x000001705a206290
Event: 277.719 Thread 0x000001705a206fb0 Thread exited: 0x000001705a206fb0
Event: 337.720 Thread 0x000001705a2089f0 Thread exited: 0x000001705a2089f0
Event: 397.723 Thread 0x000001705a209080 Thread exited: 0x000001705a209080
Event: 457.725 Thread 0x000001705a20cb90 Thread exited: 0x000001705a20cb90
Event: 517.737 Thread 0x000001705a20be70 Thread exited: 0x000001705a20be70
Event: 577.747 Thread 0x000001705a20d220 Thread exited: 0x000001705a20d220
Event: 637.749 Thread 0x000001705a20b150 Thread exited: 0x000001705a20b150
Event: 697.762 Thread 0x000001705a20d8b0 Thread exited: 0x000001705a20d8b0
Event: 757.772 Thread 0x000001705a20aac0 Thread exited: 0x000001705a20aac0
Event: 817.780 Thread 0x000001705a20b7e0 Thread exited: 0x000001705a20b7e0
Event: 877.783 Thread 0x000001705a207cd0 Thread exited: 0x000001705a207cd0
Event: 937.788 Thread 0x000001705a209710 Thread exited: 0x000001705a209710


Dynamic libraries:
0x00007ff649ae0000 - 0x00007ff649aee000 	c:\Users\OMAR INFO\.windsurf\extensions\redhat.java-1.45.0-win32-x64\jre\21.0.8-win32-x86_64\bin\java.exe
0x00007ffd272d0000 - 0x00007ffd274c8000 	C:\Windows\SYSTEM32\ntdll.dll
0x00007ffd25330000 - 0x00007ffd253f2000 	C:\Windows\System32\KERNEL32.DLL
0x00007ffd24ba0000 - 0x00007ffd24e96000 	C:\Windows\System32\KERNELBASE.dll
0x00007ffd25070000 - 0x00007ffd25170000 	C:\Windows\System32\ucrtbase.dll
0x00007ffd18370000 - 0x00007ffd18388000 	c:\Users\OMAR INFO\.windsurf\extensions\redhat.java-1.45.0-win32-x64\jre\21.0.8-win32-x86_64\bin\jli.dll
0x00007ffd1f5e0000 - 0x00007ffd1f5fe000 	c:\Users\OMAR INFO\.windsurf\extensions\redhat.java-1.45.0-win32-x64\jre\21.0.8-win32-x86_64\bin\VCRUNTIME140.dll
0x00007ffd26690000 - 0x00007ffd2682d000 	C:\Windows\System32\USER32.dll
0x00007ffd0c6d0000 - 0x00007ffd0c96b000 	C:\Windows\WinSxS\amd64_microsoft.windows.common-controls_6595b64144ccf1df_6.0.19041.6280_none_60bc30a171f2f3f3\COMCTL32.dll
0x00007ffd24a90000 - 0x00007ffd24ab2000 	C:\Windows\System32\win32u.dll
0x00007ffd25650000 - 0x00007ffd256ee000 	C:\Windows\System32\msvcrt.dll
0x00007ffd25300000 - 0x00007ffd2532b000 	C:\Windows\System32\GDI32.dll
0x00007ffd24ea0000 - 0x00007ffd24fb9000 	C:\Windows\System32\gdi32full.dll
0x00007ffd24970000 - 0x00007ffd24a0d000 	C:\Windows\System32\msvcp_win.dll
0x00007ffd265b0000 - 0x00007ffd265df000 	C:\Windows\System32\IMM32.DLL
0x00007ffd1a580000 - 0x00007ffd1a58c000 	c:\Users\OMAR INFO\.windsurf\extensions\redhat.java-1.45.0-win32-x64\jre\21.0.8-win32-x86_64\bin\vcruntime140_1.dll
0x00007ffcd51d0000 - 0x00007ffcd525d000 	c:\Users\OMAR INFO\.windsurf\extensions\redhat.java-1.45.0-win32-x64\jre\21.0.8-win32-x86_64\bin\msvcp140.dll
0x00007ffcc2e20000 - 0x00007ffcc3bb7000 	c:\Users\OMAR INFO\.windsurf\extensions\redhat.java-1.45.0-win32-x64\jre\21.0.8-win32-x86_64\bin\server\jvm.dll
0x00007ffd25400000 - 0x00007ffd254b1000 	C:\Windows\System32\ADVAPI32.dll
0x00007ffd26440000 - 0x00007ffd264df000 	C:\Windows\System32\sechost.dll
0x00007ffd25a50000 - 0x00007ffd25b70000 	C:\Windows\System32\RPCRT4.dll
0x00007ffd252d0000 - 0x00007ffd252f7000 	C:\Windows\System32\bcrypt.dll
0x00007ffd26350000 - 0x00007ffd263bb000 	C:\Windows\System32\WS2_32.dll
0x00007ffd242d0000 - 0x00007ffd2431b000 	C:\Windows\SYSTEM32\POWRPROF.dll
0x00007ffd18770000 - 0x00007ffd18797000 	C:\Windows\SYSTEM32\WINMM.dll
0x00007ffd1f000000 - 0x00007ffd1f00a000 	C:\Windows\SYSTEM32\VERSION.dll
0x00007ffd24290000 - 0x00007ffd242a2000 	C:\Windows\SYSTEM32\UMPDC.dll
0x00007ffd23180000 - 0x00007ffd23192000 	C:\Windows\SYSTEM32\kernel.appcore.dll
0x00007ffd18360000 - 0x00007ffd1836a000 	c:\Users\OMAR INFO\.windsurf\extensions\redhat.java-1.45.0-win32-x64\jre\21.0.8-win32-x86_64\bin\jimage.dll
0x00007ffd226a0000 - 0x00007ffd228a1000 	C:\Windows\SYSTEM32\DBGHELP.DLL
0x00007ffd07ab0000 - 0x00007ffd07ae4000 	C:\Windows\SYSTEM32\dbgcore.DLL
0x00007ffd24b10000 - 0x00007ffd24b92000 	C:\Windows\System32\bcryptPrimitives.dll
0x00007ffd18350000 - 0x00007ffd1835f000 	c:\Users\OMAR INFO\.windsurf\extensions\redhat.java-1.45.0-win32-x64\jre\21.0.8-win32-x86_64\bin\instrument.dll
0x00007ffd182c0000 - 0x00007ffd182df000 	c:\Users\OMAR INFO\.windsurf\extensions\redhat.java-1.45.0-win32-x64\jre\21.0.8-win32-x86_64\bin\java.dll
0x00007ffd25b70000 - 0x00007ffd262e0000 	C:\Windows\System32\SHELL32.dll
0x00007ffd228b0000 - 0x00007ffd23055000 	C:\Windows\SYSTEM32\windows.storage.dll
0x00007ffd256f0000 - 0x00007ffd25a43000 	C:\Windows\System32\combase.dll
0x00007ffd24250000 - 0x00007ffd2427b000 	C:\Windows\SYSTEM32\Wldp.dll
0x00007ffd264e0000 - 0x00007ffd265ad000 	C:\Windows\System32\OLEAUT32.dll
0x00007ffd26da0000 - 0x00007ffd26e4d000 	C:\Windows\System32\SHCORE.dll
0x00007ffd27000000 - 0x00007ffd2705b000 	C:\Windows\System32\shlwapi.dll
0x00007ffd248a0000 - 0x00007ffd248c4000 	C:\Windows\SYSTEM32\profapi.dll
0x00007ffcf2f10000 - 0x00007ffcf2f28000 	c:\Users\OMAR INFO\.windsurf\extensions\redhat.java-1.45.0-win32-x64\jre\21.0.8-win32-x86_64\bin\zip.dll
0x00007ffd18340000 - 0x00007ffd18350000 	C:\Users\OMAR INFO\.windsurf\extensions\redhat.java-1.45.0-win32-x64\jre\21.0.8-win32-x86_64\bin\net.dll
0x00007ffd1cde0000 - 0x00007ffd1ceea000 	C:\Windows\SYSTEM32\WINHTTP.dll
0x00007ffd24030000 - 0x00007ffd2409a000 	C:\Windows\system32\mswsock.dll
0x00007ffcf2ef0000 - 0x00007ffcf2f06000 	C:\Users\OMAR INFO\.windsurf\extensions\redhat.java-1.45.0-win32-x64\jre\21.0.8-win32-x86_64\bin\nio.dll
0x00007ffd057f0000 - 0x00007ffd05800000 	c:\Users\OMAR INFO\.windsurf\extensions\redhat.java-1.45.0-win32-x64\jre\21.0.8-win32-x86_64\bin\verify.dll
0x00007ffceb120000 - 0x00007ffceb164000 	C:\Users\OMAR INFO\AppData\Roaming\Windsurf\User\globalStorage\redhat.java\1.45.0\config_win\org.eclipse.equinox.launcher\org.eclipse.equinox.launcher.win32.win32.x86_64_1.2.1400.v20250801-0854\eclipse_11916.dll
0x00007ffd254c0000 - 0x00007ffd255eb000 	C:\Windows\System32\ole32.dll
0x00007ffd242b0000 - 0x00007ffd242c8000 	C:\Windows\SYSTEM32\CRYPTSP.dll
0x00007ffd23910000 - 0x00007ffd23948000 	C:\Windows\system32\rsaenh.dll
0x00007ffd24820000 - 0x00007ffd2484e000 	C:\Windows\SYSTEM32\USERENV.dll
0x00007ffd241c0000 - 0x00007ffd241cc000 	C:\Windows\SYSTEM32\CRYPTBASE.dll
0x00007ffd23d30000 - 0x00007ffd23d6b000 	C:\Windows\SYSTEM32\IPHLPAPI.DLL
0x00007ffd26d90000 - 0x00007ffd26d98000 	C:\Windows\System32\NSI.dll
0x00007ffcd7820000 - 0x00007ffcd7869000 	C:\Users\OMAR INFO\AppData\Local\Temp\jna--64980065\jna12260329828062972491.dll
0x00007ffd26340000 - 0x00007ffd26348000 	C:\Windows\System32\PSAPI.DLL
0x00007ffd1d930000 - 0x00007ffd1d947000 	C:\Windows\SYSTEM32\dhcpcsvc6.DLL
0x00007ffd1d910000 - 0x00007ffd1d92d000 	C:\Windows\SYSTEM32\dhcpcsvc.DLL
0x00007ffcf51f0000 - 0x00007ffcf51fe000 	C:\Users\OMAR INFO\.windsurf\extensions\redhat.java-1.45.0-win32-x64\jre\21.0.8-win32-x86_64\bin\sunmscapi.dll
0x00007ffd25170000 - 0x00007ffd252cd000 	C:\Windows\System32\CRYPT32.dll
0x00007ffd24410000 - 0x00007ffd24437000 	C:\Windows\SYSTEM32\ncrypt.dll
0x00007ffd243d0000 - 0x00007ffd2440b000 	C:\Windows\SYSTEM32\NTASN1.dll
0x00007ffd23d70000 - 0x00007ffd23e3a000 	C:\Windows\SYSTEM32\DNSAPI.dll
0x00007ffd1d2c0000 - 0x00007ffd1d2ca000 	C:\Windows\System32\rasadhlp.dll
0x00007ffd1a8f0000 - 0x00007ffd1a970000 	C:\Windows\System32\fwpuclnt.dll
0x00007ffcf1f20000 - 0x00007ffcf1f29000 	C:\Users\OMAR INFO\.windsurf\extensions\redhat.java-1.45.0-win32-x64\jre\21.0.8-win32-x86_64\bin\extnet.dll

JVMTI agents:
c:\Users\OMAR INFO\.windsurf\extensions\redhat.java-1.45.0-win32-x64\lombok\lombok-1.18.39-4050.jar path:c:\Users\OMAR INFO\.windsurf\extensions\redhat.java-1.45.0-win32-x64\jre\21.0.8-win32-x86_64\bin\instrument.dll, loaded, initialized, instrumentlib options:none

dbghelp: loaded successfully - version: 4.0.5 - missing functions: none
symbol engine: initialized successfully - sym options: 0x614 - pdb path: .;c:\Users\OMAR INFO\.windsurf\extensions\redhat.java-1.45.0-win32-x64\jre\21.0.8-win32-x86_64\bin;C:\Windows\SYSTEM32;C:\Windows\WinSxS\amd64_microsoft.windows.common-controls_6595b64144ccf1df_6.0.19041.6280_none_60bc30a171f2f3f3;c:\Users\OMAR INFO\.windsurf\extensions\redhat.java-1.45.0-win32-x64\jre\21.0.8-win32-x86_64\bin\server;C:\Users\OMAR INFO\AppData\Roaming\Windsurf\User\globalStorage\redhat.java\1.45.0\config_win\org.eclipse.equinox.launcher\org.eclipse.equinox.launcher.win32.win32.x86_64_1.2.1400.v20250801-0854;C:\Users\OMAR INFO\AppData\Local\Temp\jna--64980065

VM Arguments:
jvm_args: --add-modules=ALL-SYSTEM --add-opens=java.base/java.util=ALL-UNNAMED --add-opens=java.base/java.lang=ALL-UNNAMED --add-opens=java.base/sun.nio.fs=ALL-UNNAMED -Declipse.application=org.eclipse.jdt.ls.core.id1 -Dosgi.bundles.defaultStartLevel=4 -Declipse.product=org.eclipse.jdt.ls.core.product -Djava.import.generatesMetadataFilesAtProjectRoot=false -DDetectVMInstallationsJob.disabled=true -Dfile.encoding=utf8 -XX:+UseParallelGC -XX:GCTimeRatio=4 -XX:AdaptiveSizePolicyWeight=90 -Dsun.zip.disableMemoryMapping=true -Xmx2G -Xms100m -Xlog:disable -javaagent:c:\Users\OMAR INFO\.windsurf\extensions\redhat.java-1.45.0-win32-x64\lombok\lombok-1.18.39-4050.jar -XX:+HeapDumpOnOutOfMemoryError -XX:HeapDumpPath=c:\Users\OMAR INFO\AppData\Roaming\Windsurf\User\workspaceStorage\017271f0c0c7557d9833a01acf50ccd7\redhat.java -Daether.dependencyCollector.impl=bf 
java_command: c:\Users\OMAR INFO\.windsurf\extensions\redhat.java-1.45.0-win32-x64\server\plugins\org.eclipse.equinox.launcher_1.7.0.v20250519-0528.jar -configuration c:\Users\OMAR INFO\AppData\Roaming\Windsurf\User\globalStorage\redhat.java\1.45.0\config_win -data c:\Users\OMAR INFO\AppData\Roaming\Windsurf\User\workspaceStorage\017271f0c0c7557d9833a01acf50ccd7\redhat.java\jdt_ws --pipe=\\.\pipe\lsp-efa6830d7e16d4d442033b39975299b1-sock
java_class_path (initial): c:\Users\OMAR INFO\.windsurf\extensions\redhat.java-1.45.0-win32-x64\server\plugins\org.eclipse.equinox.launcher_1.7.0.v20250519-0528.jar
Launcher Type: SUN_STANDARD

[Global flags]
    uintx AdaptiveSizePolicyWeight                 = 90                                        {product} {command line}
     intx CICompilerCount                          = 12                                        {product} {ergonomic}
    uintx GCTimeRatio                              = 4                                         {product} {command line}
     bool HeapDumpOnOutOfMemoryError               = true                                   {manageable} {command line}
    ccstr HeapDumpPath                             = c:\Users\OMAR INFO\AppData\Roaming\Windsurf\User\workspaceStorage\017271f0c0c7557d9833a01acf50ccd7\redhat.java         {manageable} {command line}
   size_t InitialHeapSize                          = 104857600                                 {product} {command line}
   size_t MaxHeapSize                              = 2147483648                                {product} {command line}
   size_t MaxNewSize                               = 715653120                                 {product} {ergonomic}
   size_t MinHeapDeltaBytes                        = 524288                                    {product} {ergonomic}
   size_t MinHeapSize                              = 104857600                                 {product} {command line}
   size_t NewSize                                  = 34603008                                  {product} {ergonomic}
    uintx NonNMethodCodeHeapSize                   = 7602480                                {pd product} {ergonomic}
    uintx NonProfiledCodeHeapSize                  = 122027880                              {pd product} {ergonomic}
   size_t OldSize                                  = 70254592                                  {product} {ergonomic}
    uintx ProfiledCodeHeapSize                     = 122027880                              {pd product} {ergonomic}
    uintx ReservedCodeCacheSize                    = 251658240                              {pd product} {ergonomic}
     bool SegmentedCodeCache                       = true                                      {product} {ergonomic}
   size_t SoftMaxHeapSize                          = 2147483648                             {manageable} {ergonomic}
     bool UseCompressedOops                        = true                           {product lp64_product} {ergonomic}
     bool UseLargePagesIndividualAllocation        = false                                  {pd product} {ergonomic}
     bool UseParallelGC                            = true                                      {product} {command line}

Logging:
Log output configuration:
 #0: stdout all=off uptime,level,tags foldmultilines=false
 #1: stderr all=off uptime,level,tags foldmultilines=false

Environment Variables:
PATH=C:\oraclexe\app\oracle\product\10.2.0\server\bin;C:\ProgramData\Oracle\Java\javapath;C:\Program Files\Common Files\Oracle\Java\javapath;C:\Windows\system32;C:\Windows;C:\Windows\System32\Wbem;C:\Windows\System32\WindowsPowerShell\v1.0\;C:\Windows\System32\OpenSSH\;C:\Program Files\Microsoft SQL Server\150\Tools\Binn\;C:\Program Files\Microsoft SQL Server\Client SDK\ODBC\170\Tools\Binn\;C:\Program Files\dotnet\;C:\Program Files\NVIDIA Corporation\NVIDIA NvDLISR;C:\ProgramData\chocolatey\bin;C:\Program Files (x86)\Microsoft SQL Server\110\Tools\Binn\;C:\Program Files (x86)\Microsoft SQL Server\110\DTS\Binn\;C:\Program Files (x86)\Microsoft SQL Server\110\Tools\Binn\ManagementStudio\;C:\Program Files (x86)\Microsoft Visual Studio 10.0\Common7\IDE\PrivateAssemblies\;C:\Program Files (x86)\NVIDIA Corporation\PhysX\Common;C:\Program Files\nodejs\;C:\Program Files\Git LFS;C:\Program Files\Docker\Docker\resources\bin;C:\Program Files\Git\cmd;C:\Windows\system32\platform-tools;C:\Program Files\MongoDB\Server\8.0\bin;C:\Users\OMAR INFO\AppData\Local\Programs\Python\Python310;C:\Users\OMAR INFO\AppData\Local\Programs\Python\Python310\Scripts;F:\PuTTY\;C:\Users\OMAR INFO\AppData\Local\Programs\Python\Python310\Scripts\;C:\Users\OMAR INFO\AppData\Local\Programs\Python\Python310\;C:\Users\OMAR INFO\AppData\Local\Microsoft\WindowsApps;C:\Users\OMAR INFO\.dotnet\tools;C:\Program Files\JetBrains\IntelliJ IDEA 2023.2.1\bin;;C:\Users\OMAR INFO\AppData\Local\Programs\Microsoft VS Code\bin;C:\Users\OMAR INFO\AppData\Roaming\npm;C:\Users\OMAR INFO\AppData\Local\GitHubDesktop\bin;C:\xampp\php;C:\Users\OMAR INFO\composer;C:\Users\OMAR INFO\AppData\Roaming\Composer\vendor\bin;C:\Program Files (x86)\Microsoft SDKs\Windows\v10.0A\bin\NETFX 4.8 Tools;C:\Users\OMAR INFO\AppData\Local\Programs\Windsurf\bin;
USERNAME=OMAR INFO
OS=Windows_NT
PROCESSOR_IDENTIFIER=Intel64 Family 6 Model 141 Stepping 1, GenuineIntel
TMP=C:\Users\OMARIN~1\AppData\Local\Temp
TEMP=C:\Users\OMARIN~1\AppData\Local\Temp




Periodic native trim disabled

---------------  S Y S T E M  ---------------

OS:
 Windows 10 , 64 bit Build 19041 (10.0.19041.5915)
OS uptime: 1 days 1:58 hours
Hyper-V role detected

CPU: total 16 (initial active 16) (8 cores per cpu, 2 threads per core) family 6 model 141 stepping 1 microcode 0x26, cx8, cmov, fxsr, ht, mmx, 3dnowpref, sse, sse2, sse3, ssse3, sse4.1, sse4.2, popcnt, lzcnt, tsc, tscinvbit, avx, avx2, aes, erms, clmul, bmi1, bmi2, adx, avx512f, avx512dq, avx512cd, avx512bw, avx512vl, sha, fma, vzeroupper, avx512_vpopcntdq, avx512_vpclmulqdq, avx512_vaes, avx512_vnni, clflush, clflushopt, clwb, avx512_vbmi2, avx512_vbmi, hv, rdtscp, rdpid, fsrm, gfni, avx512_bitalg, f16c, cet_ibt, cet_ss, avx512_ifma
Processor Information for the first 16 processors :
  Max Mhz: 2304, Current Mhz: 2304, Mhz Limit: 2304

Memory: 4k page, system-wide physical 16085M (581M free)
TotalPageFile size 23385M (AvailPageFile size 6M)
current process WorkingSet (physical memory assigned to process): 368M, peak: 439M
current process commit charge ("private bytes"): 455M, peak: 525M

vm_info: OpenJDK 64-Bit Server VM (21.0.8+9-LTS) for windows-amd64 JRE (21.0.8+9-LTS), built on 2025-07-15T00:00:00Z by "admin" with MS VC++ 17.7 (VS2022)

END.
