#
# There is insufficient memory for the Java Runtime Environment to continue.
# Native memory allocation (malloc) failed to allocate 491456 bytes. Error detail: Chunk::new
# Possible reasons:
#   The system is out of physical RAM or swap space
#   This process is running with CompressedOops enabled, and the Java Heap may be blocking the growth of the native heap
# Possible solutions:
#   Reduce memory load on the system
#   Increase physical memory or swap space
#   Check if swap backing store is full
#   Decrease Java heap size (-Xmx/-Xms)
#   Decrease number of Java threads
#   Decrease Java thread stack sizes (-Xss)
#   Set larger code cache with -XX:ReservedCodeCacheSize=
#   JVM is running with Unscaled Compressed Oops mode in which the Java heap is
#     placed in the first 4GB address space. The Java Heap base address is the
#     maximum limit for the native heap growth. Please use -XX:HeapBaseMinAddress
#     to set the Java Heap base and to place the Java Heap above 4GB virtual address.
# This output file may be truncated or incomplete.
#
#  Out of Memory Error (arena.cpp:168), pid=19732, tid=1904
#
# JRE version: OpenJDK Runtime Environment Temurin-21.0.8+9 (21.0.8+9) (build 21.0.8+9-LTS)
# Java VM: OpenJDK 64-Bit Server VM Temurin-21.0.8+9 (21.0.8+9-LTS, mixed mode, sharing, tiered, compressed oops, compressed class ptrs, parallel gc, windows-amd64)
# No core dump will be written. Minidumps are not enabled by default on client versions of Windows
#

---------------  S U M M A R Y ------------

Command Line: --add-modules=ALL-SYSTEM --add-opens=java.base/java.util=ALL-UNNAMED --add-opens=java.base/java.lang=ALL-UNNAMED --add-opens=java.base/sun.nio.fs=ALL-UNNAMED -Declipse.application=org.eclipse.jdt.ls.core.id1 -Dosgi.bundles.defaultStartLevel=4 -Declipse.product=org.eclipse.jdt.ls.core.product -Djava.import.generatesMetadataFilesAtProjectRoot=false -DDetectVMInstallationsJob.disabled=true -Dfile.encoding=utf8 -XX:+UseParallelGC -XX:GCTimeRatio=4 -XX:AdaptiveSizePolicyWeight=90 -Dsun.zip.disableMemoryMapping=true -Xmx2G -Xms100m -Xlog:disable -javaagent:c:\Users\OMAR INFO\.windsurf\extensions\redhat.java-1.45.0-win32-x64\lombok\lombok-1.18.39-4050.jar c:\Users\OMAR INFO\.windsurf\extensions\redhat.java-1.45.0-win32-x64\server\plugins\org.eclipse.equinox.launcher_1.7.0.v20250519-0528.jar -configuration c:\Users\OMAR INFO\AppData\Roaming\Windsurf\User\globalStorage\redhat.java\1.45.0\config_ss_win -data c:\Users\OMAR INFO\AppData\Roaming\Windsurf\User\workspaceStorage\017271f0c0c7557d9833a01acf50ccd7\redhat.java\ss_ws --pipe=\\.\pipe\lsp-c74e7f302831314278e5311fffd0f324-sock

Host: 11th Gen Intel(R) Core(TM) i7-11800H @ 2.30GHz, 16 cores, 15G,  Windows 10 , 64 bit Build 19041 (10.0.19041.5915)
Time: Thu Sep 25 16:22:57 2025 Paris, Madrid elapsed time: 9.036549 seconds (0d 0h 0m 9s)

---------------  T H R E A D  ---------------

Current thread (0x000001e40c0775b0):  JavaThread "C2 CompilerThread1" daemon [_thread_in_native, id=1904, stack(0x0000006441400000,0x0000006441500000) (1024K)]


Current CompileTask:
C2:9036 9008       4       org.eclipse.core.internal.resources.MarkerWriter::write (155 bytes)

Stack: [0x0000006441400000,0x0000006441500000]
Native frames: (J=compiled Java code, j=interpreted, Vv=VM code, C=native code)
V  [jvm.dll+0x6d2449]
V  [jvm.dll+0x8ae341]
V  [jvm.dll+0x8b08be]
V  [jvm.dll+0x8b0fa3]
V  [jvm.dll+0x280c96]
V  [jvm.dll+0xc581d]
V  [jvm.dll+0xc5d53]
V  [jvm.dll+0x2f539d]
V  [jvm.dll+0x5fa00a]
V  [jvm.dll+0x252092]
V  [jvm.dll+0x25244f]
V  [jvm.dll+0x24ad14]
V  [jvm.dll+0x2483a4]
V  [jvm.dll+0x1c89ee]
V  [jvm.dll+0x257d4d]
V  [jvm.dll+0x2562ea]
V  [jvm.dll+0x3f2d16]
V  [jvm.dll+0x857e6b]
V  [jvm.dll+0x6d0b0d]
C  [ucrtbase.dll+0x21bb2]
C  [KERNEL32.DLL+0x17374]
C  [ntdll.dll+0x4cc91]


---------------  P R O C E S S  ---------------

Threads class SMR info:
_java_thread_list=0x000001e40be726a0, length=48, elements={
0x000001e41cc23550, 0x000001e4336c3960, 0x000001e4336c5a40, 0x000001e4336c77a0,
0x000001e4336ca4c0, 0x000001e4336cc3e0, 0x000001e475d374b0, 0x000001e475d38590,
0x000001e475d391d0, 0x000001e475e0b400, 0x000001e475e41100, 0x000001e47748d9e0,
0x000001e4779e0170, 0x000001e477bb62f0, 0x000001e47c038cf0, 0x000001e477b73520,
0x000001e47c421560, 0x000001e47c6797f0, 0x000001e47c3762d0, 0x000001e47c1580e0,
0x000001e47c1566a0, 0x000001e47c156d30, 0x000001e47c156010, 0x000001e47c159490,
0x000001e47c158e00, 0x000001e47c1573c0, 0x000001e47c157a50, 0x000001e47c158770,
0x000001e47de6eb20, 0x000001e47de69c60, 0x000001e47de6e490, 0x000001e47de6d0e0,
0x000001e47de6f1b0, 0x000001e47de6c3c0, 0x000001e47de6bd30, 0x000001e47de6f840,
0x000001e47de6fed0, 0x000001e47de6a980, 0x000001e47de6a2f0, 0x000001e47de6d770,
0x000001e47de6de00, 0x000001e47de68f40, 0x000001e477530990, 0x000001e4091101c0,
0x000001e47de6b6a0, 0x000001e408c06fc0, 0x000001e40c0775b0, 0x000001e408c006c0
}

Java Threads: ( => current thread )
  0x000001e41cc23550 JavaThread "main"                              [_thread_blocked, id=5484, stack(0x000000643f600000,0x000000643f700000) (1024K)]
  0x000001e4336c3960 JavaThread "Reference Handler"          daemon [_thread_blocked, id=20388, stack(0x000000643fa00000,0x000000643fb00000) (1024K)]
  0x000001e4336c5a40 JavaThread "Finalizer"                  daemon [_thread_blocked, id=14472, stack(0x000000643fb00000,0x000000643fc00000) (1024K)]
  0x000001e4336c77a0 JavaThread "Signal Dispatcher"          daemon [_thread_blocked, id=18024, stack(0x000000643fc00000,0x000000643fd00000) (1024K)]
  0x000001e4336ca4c0 JavaThread "Attach Listener"            daemon [_thread_blocked, id=9644, stack(0x000000643fd00000,0x000000643fe00000) (1024K)]
  0x000001e4336cc3e0 JavaThread "Service Thread"             daemon [_thread_blocked, id=23388, stack(0x000000643fe00000,0x000000643ff00000) (1024K)]
  0x000001e475d374b0 JavaThread "Monitor Deflation Thread"   daemon [_thread_blocked, id=20264, stack(0x000000643ff00000,0x0000006440000000) (1024K)]
  0x000001e475d38590 JavaThread "C2 CompilerThread0"         daemon [_thread_blocked, id=9328, stack(0x0000006440000000,0x0000006440100000) (1024K)]
  0x000001e475d391d0 JavaThread "C1 CompilerThread0"         daemon [_thread_blocked, id=22380, stack(0x0000006440100000,0x0000006440200000) (1024K)]
  0x000001e475e0b400 JavaThread "Common-Cleaner"             daemon [_thread_blocked, id=11716, stack(0x0000006440200000,0x0000006440300000) (1024K)]
  0x000001e475e41100 JavaThread "C1 CompilerThread1"         daemon [_thread_blocked, id=12936, stack(0x0000006440300000,0x0000006440400000) (1024K)]
  0x000001e47748d9e0 JavaThread "Notification Thread"        daemon [_thread_blocked, id=10212, stack(0x0000006440800000,0x0000006440900000) (1024K)]
  0x000001e4779e0170 JavaThread "Active Thread: Equinox Container: 0be25588-dbe9-4a6b-9003-5aa55db878fc"        [_thread_blocked, id=20076, stack(0x0000006440f00000,0x0000006441000000) (1024K)]
  0x000001e477bb62f0 JavaThread "Framework Event Dispatcher: Equinox Container: 0be25588-dbe9-4a6b-9003-5aa55db878fc" daemon [_thread_blocked, id=16660, stack(0x0000006441100000,0x0000006441200000) (1024K)]
  0x000001e47c038cf0 JavaThread "Start Level: Equinox Container: 0be25588-dbe9-4a6b-9003-5aa55db878fc" daemon [_thread_blocked, id=13252, stack(0x0000006441200000,0x0000006441300000) (1024K)]
  0x000001e477b73520 JavaThread "SCR Component Actor"        daemon [_thread_blocked, id=13516, stack(0x0000006441300000,0x0000006441400000) (1024K)]
  0x000001e47c421560 JavaThread "Worker-JM"                         [_thread_blocked, id=2032, stack(0x0000006441500000,0x0000006441600000) (1024K)]
  0x000001e47c6797f0 JavaThread "JNA Cleaner"                daemon [_thread_blocked, id=11356, stack(0x0000006441800000,0x0000006441900000) (1024K)]
  0x000001e47c3762d0 JavaThread "Worker-0"                          [_thread_blocked, id=5340, stack(0x0000006441c00000,0x0000006441d00000) (1024K)]
  0x000001e47c1580e0 JavaThread "Worker-1"                          [_thread_blocked, id=14536, stack(0x0000006441d00000,0x0000006441e00000) (1024K)]
  0x000001e47c1566a0 JavaThread "Thread-2"                   daemon [_thread_in_native, id=9696, stack(0x0000006442100000,0x0000006442200000) (1024K)]
  0x000001e47c156d30 JavaThread "Thread-3"                   daemon [_thread_in_native, id=20752, stack(0x0000006442200000,0x0000006442300000) (1024K)]
  0x000001e47c156010 JavaThread "Thread-4"                   daemon [_thread_in_native, id=23188, stack(0x0000006442300000,0x0000006442400000) (1024K)]
  0x000001e47c159490 JavaThread "Thread-5"                   daemon [_thread_in_native, id=19952, stack(0x0000006442400000,0x0000006442500000) (1024K)]
  0x000001e47c158e00 JavaThread "Thread-6"                   daemon [_thread_in_native, id=19812, stack(0x0000006442500000,0x0000006442600000) (1024K)]
  0x000001e47c1573c0 JavaThread "Thread-7"                   daemon [_thread_in_native, id=17008, stack(0x0000006442600000,0x0000006442700000) (1024K)]
  0x000001e47c157a50 JavaThread "Thread-8"                   daemon [_thread_in_native, id=3012, stack(0x0000006442700000,0x0000006442800000) (1024K)]
  0x000001e47c158770 JavaThread "Thread-9"                   daemon [_thread_in_native, id=3264, stack(0x0000006442800000,0x0000006442900000) (1024K)]
  0x000001e47de6eb20 JavaThread "Thread-10"                  daemon [_thread_in_native, id=3760, stack(0x0000006442900000,0x0000006442a00000) (1024K)]
  0x000001e47de69c60 JavaThread "Thread-11"                  daemon [_thread_in_native, id=16264, stack(0x0000006442a00000,0x0000006442b00000) (1024K)]
  0x000001e47de6e490 JavaThread "Thread-12"                  daemon [_thread_in_native, id=8240, stack(0x0000006442b00000,0x0000006442c00000) (1024K)]
  0x000001e47de6d0e0 JavaThread "Thread-13"                  daemon [_thread_in_native, id=16952, stack(0x0000006442c00000,0x0000006442d00000) (1024K)]
  0x000001e47de6f1b0 JavaThread "Thread-14"                  daemon [_thread_in_native, id=6544, stack(0x0000006442d00000,0x0000006442e00000) (1024K)]
  0x000001e47de6c3c0 JavaThread "Thread-15"                  daemon [_thread_in_native, id=21216, stack(0x0000006442e00000,0x0000006442f00000) (1024K)]
  0x000001e47de6bd30 JavaThread "Thread-16"                  daemon [_thread_in_native, id=22492, stack(0x0000006442f00000,0x0000006443000000) (1024K)]
  0x000001e47de6f840 JavaThread "Thread-17"                  daemon [_thread_in_native, id=324, stack(0x0000006443000000,0x0000006443100000) (1024K)]
  0x000001e47de6fed0 JavaThread "Thread-18"                  daemon [_thread_in_native, id=17228, stack(0x0000006443100000,0x0000006443200000) (1024K)]
  0x000001e47de6a980 JavaThread "pool-2-thread-1"                   [_thread_blocked, id=12144, stack(0x0000006443200000,0x0000006443300000) (1024K)]
  0x000001e47de6a2f0 JavaThread "Worker-2"                          [_thread_blocked, id=21944, stack(0x0000006443300000,0x0000006443400000) (1024K)]
  0x000001e47de6d770 JavaThread "Worker-3"                          [_thread_blocked, id=23512, stack(0x0000006443400000,0x0000006443500000) (1024K)]
  0x000001e47de6de00 JavaThread "WorkspaceEventsHandler"            [_thread_blocked, id=16072, stack(0x0000006443500000,0x0000006443600000) (1024K)]
  0x000001e47de68f40 JavaThread "pool-1-thread-1"                   [_thread_in_Java, id=23824, stack(0x0000006443600000,0x0000006443700000) (1024K)]
  0x000001e477530990 JavaThread "C1 CompilerThread2"         daemon [_thread_blocked, id=19460, stack(0x0000006440600000,0x0000006440700000) (1024K)]
  0x000001e4091101c0 JavaThread "C1 CompilerThread3"         daemon [_thread_blocked, id=23212, stack(0x0000006440700000,0x0000006440800000) (1024K)]
  0x000001e47de6b6a0 JavaThread "ForkJoinPool.commonPool-worker-1" daemon [_thread_blocked, id=15528, stack(0x0000006440400000,0x0000006440500000) (1024K)]
  0x000001e408c06fc0 JavaThread "pool-3-thread-1"                   [_thread_blocked, id=17516, stack(0x0000006440500000,0x0000006440600000) (1024K)]
=>0x000001e40c0775b0 JavaThread "C2 CompilerThread1"         daemon [_thread_in_native, id=1904, stack(0x0000006441400000,0x0000006441500000) (1024K)]
  0x000001e408c006c0 JavaThread "Framework stop - Equinox Container: 0be25588-dbe9-4a6b-9003-5aa55db878fc"        [_thread_in_Java, id=24392, stack(0x0000006441e00000,0x0000006441f00000) (1024K)]
Total: 48

Other Threads:
  0x000001e4336b4870 VMThread "VM Thread"                           [id=11864, stack(0x000000643f900000,0x000000643fa00000) (1024K)]
  0x000001e4335ac950 WatcherThread "VM Periodic Task Thread"        [id=21568, stack(0x000000643f800000,0x000000643f900000) (1024K)]
  0x000001e41cc41620 WorkerThread "GC Thread#0"                     [id=24524, stack(0x000000643f700000,0x000000643f800000) (1024K)]
  0x000001e47c0808d0 WorkerThread "GC Thread#1"                     [id=16828, stack(0x0000006440900000,0x0000006440a00000) (1024K)]
  0x000001e4779db040 WorkerThread "GC Thread#2"                     [id=10080, stack(0x0000006440a00000,0x0000006440b00000) (1024K)]
  0x000001e47c080c70 WorkerThread "GC Thread#3"                     [id=2440, stack(0x0000006440b00000,0x0000006440c00000) (1024K)]
  0x000001e47c081010 WorkerThread "GC Thread#4"                     [id=20552, stack(0x0000006440c00000,0x0000006440d00000) (1024K)]
  0x000001e477a35f10 WorkerThread "GC Thread#5"                     [id=14388, stack(0x0000006440d00000,0x0000006440e00000) (1024K)]
  0x000001e477a35b70 WorkerThread "GC Thread#6"                     [id=18920, stack(0x0000006440e00000,0x0000006440f00000) (1024K)]
  0x000001e477a362b0 WorkerThread "GC Thread#7"                     [id=3356, stack(0x0000006441000000,0x0000006441100000) (1024K)]
  0x000001e477a369f0 WorkerThread "GC Thread#8"                     [id=16400, stack(0x0000006441600000,0x0000006441700000) (1024K)]
  0x000001e477a35430 WorkerThread "GC Thread#9"                     [id=9244, stack(0x0000006441700000,0x0000006441800000) (1024K)]
  0x000001e477a357d0 WorkerThread "GC Thread#10"                    [id=21208, stack(0x0000006441900000,0x0000006441a00000) (1024K)]
  0x000001e47c3ec4c0 WorkerThread "GC Thread#11"                    [id=6904, stack(0x0000006441a00000,0x0000006441b00000) (1024K)]
  0x000001e47c3eb9e0 WorkerThread "GC Thread#12"                    [id=23024, stack(0x0000006441b00000,0x0000006441c00000) (1024K)]
Total: 15

Threads with active compile tasks:
C1 CompilerThread1  9059 9033   !   3       java.nio.charset.CharsetEncoder::encode (273 bytes)
C2 CompilerThread1  9059 9008       4       org.eclipse.core.internal.resources.MarkerWriter::write (155 bytes)
Total: 2

VM state: not at safepoint (normal execution)

VM Mutex/Monitor currently owned by a thread: None

Heap address: 0x0000000080000000, size: 2048 MB, Compressed Oops mode: 32-bit

CDS archive(s) mapped at: [0x000001e434000000-0x000001e434ba0000-0x000001e434ba0000), size 12189696, SharedBaseAddress: 0x000001e434000000, ArchiveRelocationMode: 1.
Compressed class space mapped at: 0x000001e435000000-0x000001e475000000, reserved size: 1073741824
Narrow klass base: 0x000001e434000000, Narrow klass shift: 0, Narrow klass range: 0x100000000

GC Precious Log:
 CardTable entry size: 512
 CPUs: 16 total, 16 available
 Memory: 16085M
 Large Page Support: Disabled
 NUMA Support: Disabled
 Compressed Oops: Enabled (32-bit)
 Alignments: Space 512K, Generation 512K, Heap 2M
 Heap Min Capacity: 100M
 Heap Initial Capacity: 100M
 Heap Max Capacity: 2G
 Pre-touch: Disabled
 Parallel Workers: 13

Heap:
 PSYoungGen      total 20992K, used 19636K [0x00000000d5580000, 0x00000000d6f80000, 0x0000000100000000)
  eden space 19456K, 93% used [0x00000000d5580000,0x00000000d672d318,0x00000000d6880000)
  from space 1536K, 100% used [0x00000000d6980000,0x00000000d6b00000,0x00000000d6b00000)
  to   space 3584K, 0% used [0x00000000d6c00000,0x00000000d6c00000,0x00000000d6f80000)
 ParOldGen       total 68608K, used 51184K [0x0000000080000000, 0x0000000084300000, 0x00000000d5580000)
  object space 68608K, 74% used [0x0000000080000000,0x00000000831fc120,0x0000000084300000)
 Metaspace       used 44344K, committed 45376K, reserved 1114112K
  class space    used 4261K, committed 4736K, reserved 1048576K

Card table byte_map: [0x000001e41c5d0000,0x000001e41c9e0000] _byte_map_base: 0x000001e41c1d0000

Marking Bits: (ParMarkBitMap*) 0x00007ffe8a57a340
 Begin Bits: [0x000001e42f0d0000, 0x000001e4310d0000)
 End Bits:   [0x000001e4310d0000, 0x000001e4330d0000)

Polling page: 0x000001e41aac0000

Metaspace:

Usage:
  Non-class:     39.14 MB used.
      Class:      4.16 MB used.
       Both:     43.31 MB used.

Virtual space:
  Non-class space:       64.00 MB reserved,      39.69 MB ( 62%) committed,  1 nodes.
      Class space:        1.00 GB reserved,       4.62 MB ( <1%) committed,  1 nodes.
             Both:        1.06 GB reserved,      44.31 MB (  4%) committed. 

Chunk freelists:
   Non-Class:  7.69 MB
       Class:  11.39 MB
        Both:  19.08 MB

MaxMetaspaceSize: unlimited
CompressedClassSpaceSize: 1.00 GB
Initial GC threshold: 21.00 MB
Current GC threshold: 58.38 MB
CDS: on
 - commit_granule_bytes: 65536.
 - commit_granule_words: 8192.
 - virtual_space_node_default_size: 8388608.
 - enlarge_chunks_in_place: 1.
 - use_allocation_guard: 0.


Internal statistics:

num_allocs_failed_limit: 6.
num_arena_births: 918.
num_arena_deaths: 14.
num_vsnodes_births: 2.
num_vsnodes_deaths: 0.
num_space_committed: 709.
num_space_uncommitted: 0.
num_chunks_returned_to_freelist: 20.
num_chunks_taken_from_freelist: 2866.
num_chunk_merges: 12.
num_chunk_splits: 1794.
num_chunks_enlarged: 1102.
num_inconsistent_stats: 0.

CodeHeap 'non-profiled nmethods': size=119168Kb used=7434Kb max_used=7434Kb free=111733Kb
 bounds [0x000001e4279c0000, 0x000001e428110000, 0x000001e42ee20000]
CodeHeap 'profiled nmethods': size=119104Kb used=21818Kb max_used=21818Kb free=97285Kb
 bounds [0x000001e41fe20000, 0x000001e421370000, 0x000001e427270000]
CodeHeap 'non-nmethods': size=7488Kb used=3104Kb max_used=3211Kb free=4383Kb
 bounds [0x000001e427270000, 0x000001e4275a0000, 0x000001e4279c0000]
CodeCache: size=245760Kb, used=32356Kb, max_used=32463Kb, free=213401Kb
 total_blobs=9308, nmethods=8597, adapters=612, full_count=0
Compilation: enabled, stopped_count=0, restarted_count=0

Compilation events (20 events):
Event: 9.003 Thread 0x000001e475d391d0 nmethod 9009 0x000001e421357110 code [0x000001e4213572c0, 0x000001e421357490]
Event: 9.004 Thread 0x000001e475e41100 nmethod 9010 0x000001e421357590 code [0x000001e4213577c0, 0x000001e421357eb0]
Event: 9.004 Thread 0x000001e475e41100 9012       3       org.eclipse.core.internal.resources.SyncInfoWriter::saveSyncInfo (192 bytes)
Event: 9.004 Thread 0x000001e475d391d0 9013  s    3       org.eclipse.core.internal.resources.ResourceInfo::getSyncInfo (31 bytes)
Event: 9.004 Thread 0x000001e475d391d0 nmethod 9013 0x000001e421358310 code [0x000001e421358500, 0x000001e4213589c0]
Event: 9.004 Thread 0x000001e475d391d0 9014       3       org.eclipse.core.internal.resources.MarkerWriter::filterMarkers (72 bytes)
Event: 9.005 Thread 0x000001e475d391d0 nmethod 9014 0x000001e421358b90 code [0x000001e421358da0, 0x000001e421359788]
Event: 9.006 Thread 0x000001e475e41100 nmethod 9012 0x000001e421359b10 code [0x000001e42135a0e0, 0x000001e42135d5f0]
Event: 9.011 Thread 0x000001e475d391d0 9015       3       java.lang.StringUTF16::charAt (11 bytes)
Event: 9.011 Thread 0x000001e475e41100 9016 %     3       java.io.DataOutputStream::writeUTF @ 165 (389 bytes)
Event: 9.011 Thread 0x000001e475d391d0 nmethod 9015 0x000001e42135e790 code [0x000001e42135e940, 0x000001e42135eba8]
Event: 9.011 Thread 0x000001e475d38590 9017       4       jdk.internal.util.ByteArray::setUnsignedShort (12 bytes)
Event: 9.013 Thread 0x000001e475d38590 nmethod 9017 0x000001e4280ffe90 code [0x000001e428100020, 0x000001e428100100]
Event: 9.013 Thread 0x000001e475e41100 nmethod 9016% 0x000001e42135ed10 code [0x000001e42135f120, 0x000001e421361580]
Event: 9.013 Thread 0x000001e475d38590 9018       4       java.io.DataOutputStream::writeUTF (389 bytes)
Event: 9.019 Thread 0x000001e4091101c0 9019       3       org.eclipse.core.internal.resources.Synchronizer::saveSyncInfo (13 bytes)
Event: 9.019 Thread 0x000001e4091101c0 nmethod 9019 0x000001e421362310 code [0x000001e4213624c0, 0x000001e421362608]
Event: 9.020 Thread 0x000001e477530990 9020       3       org.eclipse.core.runtime.Path::toOSString (224 bytes)
Event: 9.021 Thread 0x000001e477530990 nmethod 9020 0x000001e421362710 code [0x000001e421362980, 0x000001e421363390]
Event: 9.025 Thread 0x000001e475d38590 nmethod 9018 0x000001e428100290 code [0x000001e4281004a0, 0x000001e428100e18]

GC Heap History (20 events):
Event: 7.697 GC heap before
{Heap before GC invocations=32 (full 2):
 PSYoungGen      total 22528K, used 22480K [0x00000000d5580000, 0x00000000d6d00000, 0x0000000100000000)
  eden space 20992K, 100% used [0x00000000d5580000,0x00000000d6a00000,0x00000000d6a00000)
  from space 1536K, 96% used [0x00000000d6a00000,0x00000000d6b74030,0x00000000d6b80000)
  to   space 1536K, 0% used [0x00000000d6b80000,0x00000000d6b80000,0x00000000d6d00000)
 ParOldGen       total 68608K, used 39590K [0x0000000080000000, 0x0000000084300000, 0x00000000d5580000)
  object space 68608K, 57% used [0x0000000080000000,0x00000000826a9a40,0x0000000084300000)
 Metaspace       used 43303K, committed 44288K, reserved 1114112K
  class space    used 4176K, committed 4608K, reserved 1048576K
}
Event: 7.699 GC heap after
{Heap after GC invocations=32 (full 2):
 PSYoungGen      total 20992K, used 1520K [0x00000000d5580000, 0x00000000d7000000, 0x0000000100000000)
  eden space 19456K, 0% used [0x00000000d5580000,0x00000000d5580000,0x00000000d6880000)
  from space 1536K, 98% used [0x00000000d6b80000,0x00000000d6cfc050,0x00000000d6d00000)
  to   space 3072K, 0% used [0x00000000d6880000,0x00000000d6880000,0x00000000d6b80000)
 ParOldGen       total 68608K, used 40882K [0x0000000080000000, 0x0000000084300000, 0x00000000d5580000)
  object space 68608K, 59% used [0x0000000080000000,0x00000000827ec950,0x0000000084300000)
 Metaspace       used 43303K, committed 44288K, reserved 1114112K
  class space    used 4176K, committed 4608K, reserved 1048576K
}
Event: 7.766 GC heap before
{Heap before GC invocations=33 (full 2):
 PSYoungGen      total 20992K, used 20976K [0x00000000d5580000, 0x00000000d7000000, 0x0000000100000000)
  eden space 19456K, 100% used [0x00000000d5580000,0x00000000d6880000,0x00000000d6880000)
  from space 1536K, 98% used [0x00000000d6b80000,0x00000000d6cfc050,0x00000000d6d00000)
  to   space 3072K, 0% used [0x00000000d6880000,0x00000000d6880000,0x00000000d6b80000)
 ParOldGen       total 68608K, used 40882K [0x0000000080000000, 0x0000000084300000, 0x00000000d5580000)
  object space 68608K, 59% used [0x0000000080000000,0x00000000827ec950,0x0000000084300000)
 Metaspace       used 43336K, committed 44352K, reserved 1114112K
  class space    used 4181K, committed 4608K, reserved 1048576K
}
Event: 7.767 GC heap after
{Heap after GC invocations=33 (full 2):
 PSYoungGen      total 21504K, used 1696K [0x00000000d5580000, 0x00000000d6d80000, 0x0000000100000000)
  eden space 19456K, 0% used [0x00000000d5580000,0x00000000d5580000,0x00000000d6880000)
  from space 2048K, 82% used [0x00000000d6880000,0x00000000d6a28020,0x00000000d6a80000)
  to   space 2560K, 0% used [0x00000000d6b00000,0x00000000d6b00000,0x00000000d6d80000)
 ParOldGen       total 68608K, used 42138K [0x0000000080000000, 0x0000000084300000, 0x00000000d5580000)
  object space 68608K, 61% used [0x0000000080000000,0x0000000082926960,0x0000000084300000)
 Metaspace       used 43336K, committed 44352K, reserved 1114112K
  class space    used 4181K, committed 4608K, reserved 1048576K
}
Event: 7.835 GC heap before
{Heap before GC invocations=34 (full 2):
 PSYoungGen      total 21504K, used 21152K [0x00000000d5580000, 0x00000000d6d80000, 0x0000000100000000)
  eden space 19456K, 100% used [0x00000000d5580000,0x00000000d6880000,0x00000000d6880000)
  from space 2048K, 82% used [0x00000000d6880000,0x00000000d6a28020,0x00000000d6a80000)
  to   space 2560K, 0% used [0x00000000d6b00000,0x00000000d6b00000,0x00000000d6d80000)
 ParOldGen       total 68608K, used 42138K [0x0000000080000000, 0x0000000084300000, 0x00000000d5580000)
  object space 68608K, 61% used [0x0000000080000000,0x0000000082926960,0x0000000084300000)
 Metaspace       used 43471K, committed 44480K, reserved 1114112K
  class space    used 4182K, committed 4608K, reserved 1048576K
}
Event: 7.837 GC heap after
{Heap after GC invocations=34 (full 2):
 PSYoungGen      total 20992K, used 1488K [0x00000000d5580000, 0x00000000d6c80000, 0x0000000100000000)
  eden space 19456K, 0% used [0x00000000d5580000,0x00000000d5580000,0x00000000d6880000)
  from space 1536K, 96% used [0x00000000d6b00000,0x00000000d6c74030,0x00000000d6c80000)
  to   space 2048K, 0% used [0x00000000d6880000,0x00000000d6880000,0x00000000d6a80000)
 ParOldGen       total 68608K, used 43656K [0x0000000080000000, 0x0000000084300000, 0x00000000d5580000)
  object space 68608K, 63% used [0x0000000080000000,0x0000000082aa2070,0x0000000084300000)
 Metaspace       used 43471K, committed 44480K, reserved 1114112K
  class space    used 4182K, committed 4608K, reserved 1048576K
}
Event: 7.906 GC heap before
{Heap before GC invocations=35 (full 2):
 PSYoungGen      total 20992K, used 20944K [0x00000000d5580000, 0x00000000d6c80000, 0x0000000100000000)
  eden space 19456K, 100% used [0x00000000d5580000,0x00000000d6880000,0x00000000d6880000)
  from space 1536K, 96% used [0x00000000d6b00000,0x00000000d6c74030,0x00000000d6c80000)
  to   space 2048K, 0% used [0x00000000d6880000,0x00000000d6880000,0x00000000d6a80000)
 ParOldGen       total 68608K, used 43656K [0x0000000080000000, 0x0000000084300000, 0x00000000d5580000)
  object space 68608K, 63% used [0x0000000080000000,0x0000000082aa2070,0x0000000084300000)
 Metaspace       used 43539K, committed 44544K, reserved 1114112K
  class space    used 4184K, committed 4608K, reserved 1048576K
}
Event: 7.907 GC heap after
{Heap after GC invocations=35 (full 2):
 PSYoungGen      total 20480K, used 832K [0x00000000d5580000, 0x00000000d6b80000, 0x0000000100000000)
  eden space 19456K, 0% used [0x00000000d5580000,0x00000000d5580000,0x00000000d6880000)
  from space 1024K, 81% used [0x00000000d6880000,0x00000000d6950000,0x00000000d6980000)
  to   space 1536K, 0% used [0x00000000d6a00000,0x00000000d6a00000,0x00000000d6b80000)
 ParOldGen       total 68608K, used 44952K [0x0000000080000000, 0x0000000084300000, 0x00000000d5580000)
  object space 68608K, 65% used [0x0000000080000000,0x0000000082be6060,0x0000000084300000)
 Metaspace       used 43539K, committed 44544K, reserved 1114112K
  class space    used 4184K, committed 4608K, reserved 1048576K
}
Event: 7.952 GC heap before
{Heap before GC invocations=36 (full 2):
 PSYoungGen      total 20480K, used 20288K [0x00000000d5580000, 0x00000000d6b80000, 0x0000000100000000)
  eden space 19456K, 100% used [0x00000000d5580000,0x00000000d6880000,0x00000000d6880000)
  from space 1024K, 81% used [0x00000000d6880000,0x00000000d6950000,0x00000000d6980000)
  to   space 1536K, 0% used [0x00000000d6a00000,0x00000000d6a00000,0x00000000d6b80000)
 ParOldGen       total 68608K, used 44952K [0x0000000080000000, 0x0000000084300000, 0x00000000d5580000)
  object space 68608K, 65% used [0x0000000080000000,0x0000000082be6060,0x0000000084300000)
 Metaspace       used 43578K, committed 44544K, reserved 1114112K
  class space    used 4187K, committed 4608K, reserved 1048576K
}
Event: 7.953 GC heap after
{Heap after GC invocations=36 (full 2):
 PSYoungGen      total 20480K, used 784K [0x00000000d5580000, 0x00000000d6b00000, 0x0000000100000000)
  eden space 19456K, 0% used [0x00000000d5580000,0x00000000d5580000,0x00000000d6880000)
  from space 1024K, 76% used [0x00000000d6a00000,0x00000000d6ac4010,0x00000000d6b00000)
  to   space 1024K, 0% used [0x00000000d6880000,0x00000000d6880000,0x00000000d6980000)
 ParOldGen       total 68608K, used 45520K [0x0000000080000000, 0x0000000084300000, 0x00000000d5580000)
  object space 68608K, 66% used [0x0000000080000000,0x0000000082c74080,0x0000000084300000)
 Metaspace       used 43578K, committed 44544K, reserved 1114112K
  class space    used 4187K, committed 4608K, reserved 1048576K
}
Event: 8.058 GC heap before
{Heap before GC invocations=37 (full 2):
 PSYoungGen      total 20480K, used 20240K [0x00000000d5580000, 0x00000000d6b00000, 0x0000000100000000)
  eden space 19456K, 100% used [0x00000000d5580000,0x00000000d6880000,0x00000000d6880000)
  from space 1024K, 76% used [0x00000000d6a00000,0x00000000d6ac4010,0x00000000d6b00000)
  to   space 1024K, 0% used [0x00000000d6880000,0x00000000d6880000,0x00000000d6980000)
 ParOldGen       total 68608K, used 45520K [0x0000000080000000, 0x0000000084300000, 0x00000000d5580000)
  object space 68608K, 66% used [0x0000000080000000,0x0000000082c74080,0x0000000084300000)
 Metaspace       used 43659K, committed 44672K, reserved 1114112K
  class space    used 4187K, committed 4608K, reserved 1048576K
}
Event: 8.059 GC heap after
{Heap after GC invocations=37 (full 2):
 PSYoungGen      total 20480K, used 1003K [0x00000000d5580000, 0x00000000d6d80000, 0x0000000100000000)
  eden space 19456K, 0% used [0x00000000d5580000,0x00000000d5580000,0x00000000d6880000)
  from space 1024K, 97% used [0x00000000d6880000,0x00000000d697acc8,0x00000000d6980000)
  to   space 2560K, 0% used [0x00000000d6b00000,0x00000000d6b00000,0x00000000d6d80000)
 ParOldGen       total 68608K, used 46424K [0x0000000080000000, 0x0000000084300000, 0x00000000d5580000)
  object space 68608K, 67% used [0x0000000080000000,0x0000000082d562a0,0x0000000084300000)
 Metaspace       used 43659K, committed 44672K, reserved 1114112K
  class space    used 4187K, committed 4608K, reserved 1048576K
}
Event: 8.202 GC heap before
{Heap before GC invocations=38 (full 2):
 PSYoungGen      total 20480K, used 20459K [0x00000000d5580000, 0x00000000d6d80000, 0x0000000100000000)
  eden space 19456K, 100% used [0x00000000d5580000,0x00000000d6880000,0x00000000d6880000)
  from space 1024K, 97% used [0x00000000d6880000,0x00000000d697acc8,0x00000000d6980000)
  to   space 2560K, 0% used [0x00000000d6b00000,0x00000000d6b00000,0x00000000d6d80000)
 ParOldGen       total 68608K, used 46424K [0x0000000080000000, 0x0000000084300000, 0x00000000d5580000)
  object space 68608K, 67% used [0x0000000080000000,0x0000000082d562a0,0x0000000084300000)
 Metaspace       used 43760K, committed 44800K, reserved 1114112K
  class space    used 4190K, committed 4608K, reserved 1048576K
}
Event: 8.203 GC heap after
{Heap after GC invocations=38 (full 2):
 PSYoungGen      total 20992K, used 1202K [0x00000000d5580000, 0x00000000d6c80000, 0x0000000100000000)
  eden space 19456K, 0% used [0x00000000d5580000,0x00000000d5580000,0x00000000d6880000)
  from space 1536K, 78% used [0x00000000d6b00000,0x00000000d6c2c9c0,0x00000000d6c80000)
  to   space 1536K, 0% used [0x00000000d6980000,0x00000000d6980000,0x00000000d6b00000)
 ParOldGen       total 68608K, used 47430K [0x0000000080000000, 0x0000000084300000, 0x00000000d5580000)
  object space 68608K, 69% used [0x0000000080000000,0x0000000082e519c0,0x0000000084300000)
 Metaspace       used 43760K, committed 44800K, reserved 1114112K
  class space    used 4190K, committed 4608K, reserved 1048576K
}
Event: 8.297 GC heap before
{Heap before GC invocations=39 (full 2):
 PSYoungGen      total 20992K, used 20658K [0x00000000d5580000, 0x00000000d6c80000, 0x0000000100000000)
  eden space 19456K, 100% used [0x00000000d5580000,0x00000000d6880000,0x00000000d6880000)
  from space 1536K, 78% used [0x00000000d6b00000,0x00000000d6c2c9c0,0x00000000d6c80000)
  to   space 1536K, 0% used [0x00000000d6980000,0x00000000d6980000,0x00000000d6b00000)
 ParOldGen       total 68608K, used 47430K [0x0000000080000000, 0x0000000084300000, 0x00000000d5580000)
  object space 68608K, 69% used [0x0000000080000000,0x0000000082e519c0,0x0000000084300000)
 Metaspace       used 43801K, committed 44800K, reserved 1114112K
  class space    used 4190K, committed 4608K, reserved 1048576K
}
Event: 8.299 GC heap after
{Heap after GC invocations=39 (full 2):
 PSYoungGen      total 20992K, used 1488K [0x00000000d5580000, 0x00000000d6c80000, 0x0000000100000000)
  eden space 19456K, 0% used [0x00000000d5580000,0x00000000d5580000,0x00000000d6880000)
  from space 1536K, 96% used [0x00000000d6980000,0x00000000d6af4030,0x00000000d6b00000)
  to   space 1536K, 0% used [0x00000000d6b00000,0x00000000d6b00000,0x00000000d6c80000)
 ParOldGen       total 68608K, used 48381K [0x0000000080000000, 0x0000000084300000, 0x00000000d5580000)
  object space 68608K, 70% used [0x0000000080000000,0x0000000082f3f550,0x0000000084300000)
 Metaspace       used 43801K, committed 44800K, reserved 1114112K
  class space    used 4190K, committed 4608K, reserved 1048576K
}
Event: 8.376 GC heap before
{Heap before GC invocations=40 (full 2):
 PSYoungGen      total 20992K, used 20944K [0x00000000d5580000, 0x00000000d6c80000, 0x0000000100000000)
  eden space 19456K, 100% used [0x00000000d5580000,0x00000000d6880000,0x00000000d6880000)
  from space 1536K, 96% used [0x00000000d6980000,0x00000000d6af4030,0x00000000d6b00000)
  to   space 1536K, 0% used [0x00000000d6b00000,0x00000000d6b00000,0x00000000d6c80000)
 ParOldGen       total 68608K, used 48381K [0x0000000080000000, 0x0000000084300000, 0x00000000d5580000)
  object space 68608K, 70% used [0x0000000080000000,0x0000000082f3f550,0x0000000084300000)
 Metaspace       used 43823K, committed 44800K, reserved 1114112K
  class space    used 4190K, committed 4608K, reserved 1048576K
}
Event: 8.378 GC heap after
{Heap after GC invocations=40 (full 2):
 PSYoungGen      total 20992K, used 1184K [0x00000000d5580000, 0x00000000d6c80000, 0x0000000100000000)
  eden space 19456K, 0% used [0x00000000d5580000,0x00000000d5580000,0x00000000d6880000)
  from space 1536K, 77% used [0x00000000d6b00000,0x00000000d6c28000,0x00000000d6c80000)
  to   space 1536K, 0% used [0x00000000d6980000,0x00000000d6980000,0x00000000d6b00000)
 ParOldGen       total 68608K, used 49707K [0x0000000080000000, 0x0000000084300000, 0x00000000d5580000)
  object space 68608K, 72% used [0x0000000080000000,0x000000008308afe0,0x0000000084300000)
 Metaspace       used 43823K, committed 44800K, reserved 1114112K
  class space    used 4190K, committed 4608K, reserved 1048576K
}
Event: 8.449 GC heap before
{Heap before GC invocations=41 (full 2):
 PSYoungGen      total 20992K, used 20640K [0x00000000d5580000, 0x00000000d6c80000, 0x0000000100000000)
  eden space 19456K, 100% used [0x00000000d5580000,0x00000000d6880000,0x00000000d6880000)
  from space 1536K, 77% used [0x00000000d6b00000,0x00000000d6c28000,0x00000000d6c80000)
  to   space 1536K, 0% used [0x00000000d6980000,0x00000000d6980000,0x00000000d6b00000)
 ParOldGen       total 68608K, used 49707K [0x0000000080000000, 0x0000000084300000, 0x00000000d5580000)
  object space 68608K, 72% used [0x0000000080000000,0x000000008308afe0,0x0000000084300000)
 Metaspace       used 43854K, committed 44864K, reserved 1114112K
  class space    used 4191K, committed 4608K, reserved 1048576K
}
Event: 8.451 GC heap after
{Heap after GC invocations=41 (full 2):
 PSYoungGen      total 20992K, used 1536K [0x00000000d5580000, 0x00000000d6f80000, 0x0000000100000000)
  eden space 19456K, 0% used [0x00000000d5580000,0x00000000d5580000,0x00000000d6880000)
  from space 1536K, 100% used [0x00000000d6980000,0x00000000d6b00000,0x00000000d6b00000)
  to   space 3584K, 0% used [0x00000000d6c00000,0x00000000d6c00000,0x00000000d6f80000)
 ParOldGen       total 68608K, used 51184K [0x0000000080000000, 0x0000000084300000, 0x00000000d5580000)
  object space 68608K, 74% used [0x0000000080000000,0x00000000831fc120,0x0000000084300000)
 Metaspace       used 43854K, committed 44864K, reserved 1114112K
  class space    used 4191K, committed 4608K, reserved 1048576K
}

Dll operation events (10 events):
Event: 0.006 Loaded shared library c:\Users\OMAR INFO\.windsurf\extensions\redhat.java-1.45.0-win32-x64\jre\21.0.8-win32-x86_64\bin\java.dll
Event: 0.064 Loaded shared library c:\Users\OMAR INFO\.windsurf\extensions\redhat.java-1.45.0-win32-x64\jre\21.0.8-win32-x86_64\bin\zip.dll
Event: 0.080 Loaded shared library C:\Users\OMAR INFO\.windsurf\extensions\redhat.java-1.45.0-win32-x64\jre\21.0.8-win32-x86_64\bin\instrument.dll
Event: 0.085 Loaded shared library C:\Users\OMAR INFO\.windsurf\extensions\redhat.java-1.45.0-win32-x64\jre\21.0.8-win32-x86_64\bin\net.dll
Event: 0.086 Loaded shared library C:\Users\OMAR INFO\.windsurf\extensions\redhat.java-1.45.0-win32-x64\jre\21.0.8-win32-x86_64\bin\nio.dll
Event: 0.088 Loaded shared library C:\Users\OMAR INFO\.windsurf\extensions\redhat.java-1.45.0-win32-x64\jre\21.0.8-win32-x86_64\bin\zip.dll
Event: 0.101 Loaded shared library C:\Users\OMAR INFO\.windsurf\extensions\redhat.java-1.45.0-win32-x64\jre\21.0.8-win32-x86_64\bin\jimage.dll
Event: 0.159 Loaded shared library c:\Users\OMAR INFO\.windsurf\extensions\redhat.java-1.45.0-win32-x64\jre\21.0.8-win32-x86_64\bin\verify.dll
Event: 0.953 Loaded shared library C:\Users\OMAR INFO\AppData\Roaming\Windsurf\User\globalStorage\redhat.java\1.45.0\config_ss_win\org.eclipse.equinox.launcher\org.eclipse.equinox.launcher.win32.win32.x86_64_1.2.1400.v20250801-0854\eclipse_11916.dll
Event: 1.500 Loaded shared library C:\Users\OMAR INFO\AppData\Local\Temp\jna--64980065\jna9474418345702510121.dll

Deoptimization events (20 events):
Event: 8.940 Thread 0x000001e47de6d770 Uncommon trap: trap_request=0xffffffde fr.pc=0x000001e427a64848 relative=0x0000000000000688
Event: 8.940 Thread 0x000001e47de6d770 Uncommon trap: reason=class_check action=maybe_recompile pc=0x000001e427a64848 method=java.util.HashMap.computeIfAbsent(Ljava/lang/Object;Ljava/util/function/Function;)Ljava/lang/Object; @ 188 c2
Event: 8.940 Thread 0x000001e47de6d770 DEOPT PACKING pc=0x000001e427a64848 sp=0x00000064434ff0f0
Event: 8.940 Thread 0x000001e47de6d770 DEOPT UNPACKING pc=0x000001e4272c6da2 sp=0x00000064434ff098 mode 2
Event: 8.945 Thread 0x000001e47de6d770 Uncommon trap: trap_request=0xffffff45 fr.pc=0x000001e4280f5f38 relative=0x0000000000000098
Event: 8.945 Thread 0x000001e47de6d770 Uncommon trap: reason=unstable_if action=reinterpret pc=0x000001e4280f5f38 method=java.io.BufferedOutputStream.growIfNeeded(I)V @ 24 c2
Event: 8.945 Thread 0x000001e47de6d770 DEOPT PACKING pc=0x000001e4280f5f38 sp=0x00000064434fe430
Event: 8.945 Thread 0x000001e47de6d770 DEOPT UNPACKING pc=0x000001e4272c6da2 sp=0x00000064434fe3a0 mode 2
Event: 8.955 Thread 0x000001e47de6d770 Uncommon trap: trap_request=0xffffff45 fr.pc=0x000001e427b60ecc relative=0x00000000000001ac
Event: 8.955 Thread 0x000001e47de6d770 Uncommon trap: reason=unstable_if action=reinterpret pc=0x000001e427b60ecc method=jdk.internal.org.objectweb.asm.Frame.push(I)V @ 26 c2
Event: 8.955 Thread 0x000001e47de6d770 DEOPT PACKING pc=0x000001e427b60ecc sp=0x00000064434fd790
Event: 8.955 Thread 0x000001e47de6d770 DEOPT UNPACKING pc=0x000001e4272c6da2 sp=0x00000064434fd718 mode 2
Event: 8.962 Thread 0x000001e408c02790 Uncommon trap: trap_request=0xffffff45 fr.pc=0x000001e4280f685c relative=0x00000000000002dc
Event: 8.962 Thread 0x000001e408c02790 Uncommon trap: reason=unstable_if action=reinterpret pc=0x000001e4280f685c method=java.io.BufferedOutputStream.growIfNeeded(I)V @ 24 c2
Event: 8.962 Thread 0x000001e408c02790 DEOPT PACKING pc=0x000001e4280f685c sp=0x00000064437fe220
Event: 8.962 Thread 0x000001e408c02790 DEOPT UNPACKING pc=0x000001e4272c6da2 sp=0x00000064437fe0d0 mode 2
Event: 9.010 Thread 0x000001e408c02790 Uncommon trap: trap_request=0xffffff45 fr.pc=0x000001e4280fc038 relative=0x0000000000000a78
Event: 9.010 Thread 0x000001e408c02790 Uncommon trap: reason=unstable_if action=reinterpret pc=0x000001e4280fc038 method=java.io.DataOutputStream.writeUTF(Ljava/lang/String;Ljava/io/DataOutput;)I @ 29 c2
Event: 9.010 Thread 0x000001e408c02790 DEOPT PACKING pc=0x000001e4280fc038 sp=0x00000064437fe0d0
Event: 9.010 Thread 0x000001e408c02790 DEOPT UNPACKING pc=0x000001e4272c6da2 sp=0x00000064437fe098 mode 2

Classes loaded (20 events):
Event: 8.915 Loading class java/util/concurrent/Executors$DelegatedExecutorService done
Event: 8.915 Loading class java/util/concurrent/Executors$DelegatedScheduledExecutorService done
Event: 8.916 Loading class java/util/concurrent/ConcurrentHashMap$EntrySpliterator
Event: 8.916 Loading class java/util/concurrent/ConcurrentHashMap$EntrySpliterator done
Event: 8.922 Loading class java/util/concurrent/ForkJoinTask$AdaptedCallable
Event: 8.922 Loading class java/util/concurrent/ForkJoinTask$AdaptedCallable done
Event: 8.924 Loading class java/util/stream/Nodes$CollectorTask$OfRef
Event: 8.925 Loading class java/util/stream/Nodes$CollectorTask
Event: 8.925 Loading class java/util/stream/Nodes$CollectorTask done
Event: 8.925 Loading class java/util/stream/Nodes$CollectorTask$OfRef done
Event: 8.925 Loading class java/util/function/LongFunction
Event: 8.925 Loading class java/util/function/LongFunction done
Event: 8.926 Loading class java/util/stream/Nodes$ConcNode
Event: 8.926 Loading class java/util/stream/Nodes$AbstractConcNode
Event: 8.926 Loading class java/util/stream/Nodes$AbstractConcNode done
Event: 8.926 Loading class java/util/stream/Nodes$ConcNode done
Event: 8.927 Loading class java/util/stream/Nodes$ToArrayTask$OfRef
Event: 8.927 Loading class java/util/stream/Nodes$ToArrayTask
Event: 8.928 Loading class java/util/stream/Nodes$ToArrayTask done
Event: 8.928 Loading class java/util/stream/Nodes$ToArrayTask$OfRef done

Classes unloaded (7 events):
Event: 1.795 Thread 0x000001e4336b4870 Unloading class 0x000001e435185400 'java/lang/invoke/LambdaForm$MH+0x000001e435185400'
Event: 1.795 Thread 0x000001e4336b4870 Unloading class 0x000001e435185000 'java/lang/invoke/LambdaForm$MH+0x000001e435185000'
Event: 1.795 Thread 0x000001e4336b4870 Unloading class 0x000001e435184c00 'java/lang/invoke/LambdaForm$MH+0x000001e435184c00'
Event: 1.795 Thread 0x000001e4336b4870 Unloading class 0x000001e435184800 'java/lang/invoke/LambdaForm$MH+0x000001e435184800'
Event: 1.795 Thread 0x000001e4336b4870 Unloading class 0x000001e435184400 'java/lang/invoke/LambdaForm$BMH+0x000001e435184400'
Event: 1.795 Thread 0x000001e4336b4870 Unloading class 0x000001e435184000 'java/lang/invoke/LambdaForm$DMH+0x000001e435184000'
Event: 1.795 Thread 0x000001e4336b4870 Unloading class 0x000001e435182c00 'java/lang/invoke/LambdaForm$DMH+0x000001e435182c00'

Classes redefined (0 events):
No events

Internal exceptions (20 events):
Event: 4.321 Thread 0x000001e47de68f40 Implicit null exception at 0x000001e427a81bb1 to 0x000001e427a821be
Event: 4.623 Thread 0x000001e47de68f40 Implicit null exception at 0x000001e427a95f23 to 0x000001e427a962b8
Event: 4.624 Thread 0x000001e47de68f40 Implicit null exception at 0x000001e427ab2147 to 0x000001e427ab2808
Event: 5.908 Thread 0x000001e47c1580e0 Exception <a 'java/lang/NoSuchMethodError'{0x00000000d5923cb0}: 'java.lang.Object java.lang.invoke.DirectMethodHandle$Holder.invokeSpecial(java.lang.Object, java.lang.Object, int, long)'> (0x00000000d5923cb0) 
thrown [s\src\hotspot\share\interpreter\linkResolver.cpp, line 773]
Event: 6.590 Thread 0x000001e47c3762d0 Exception <a 'java/lang/NoSuchMethodError'{0x00000000d5d8f678}: 'int java.lang.invoke.DirectMethodHandle$Holder.invokeSpecialIFC(java.lang.Object, java.lang.Object, java.lang.Object)'> (0x00000000d5d8f678) 
thrown [s\src\hotspot\share\interpreter\linkResolver.cpp, line 773]
Event: 6.626 Thread 0x000001e47c3762d0 Exception <a 'java/io/FileNotFoundException'{0x00000000d5f3dc50}> (0x00000000d5f3dc50) 
thrown [s\src\hotspot\share\prims\jni.cpp, line 520]
Event: 6.627 Thread 0x000001e47c3762d0 Exception <a 'java/io/FileNotFoundException'{0x00000000d5f3f5a8}> (0x00000000d5f3f5a8) 
thrown [s\src\hotspot\share\prims\jni.cpp, line 520]
Event: 6.702 Thread 0x000001e47c3762d0 Exception <a 'java/io/FileNotFoundException'{0x00000000d6388648}> (0x00000000d6388648) 
thrown [s\src\hotspot\share\prims\jni.cpp, line 520]
Event: 6.702 Thread 0x000001e47c3762d0 Exception <a 'java/io/FileNotFoundException'{0x00000000d6389690}> (0x00000000d6389690) 
thrown [s\src\hotspot\share\prims\jni.cpp, line 520]
Event: 6.702 Thread 0x000001e47c3762d0 Exception <a 'java/io/FileNotFoundException'{0x00000000d638aac8}> (0x00000000d638aac8) 
thrown [s\src\hotspot\share\prims\jni.cpp, line 520]
Event: 6.786 Thread 0x000001e47c3762d0 Exception <a 'java/lang/NoSuchMethodError'{0x00000000d5991950}: 'int java.lang.invoke.DirectMethodHandle$Holder.invokeSpecial(java.lang.Object, java.lang.Object, java.lang.Object, java.lang.Object)'> (0x00000000d5991950) 
thrown [s\src\hotspot\share\interpreter\linkResolver.cpp, line 773]
Event: 6.837 Thread 0x000001e47c3762d0 Implicit null exception at 0x000001e427e066cf to 0x000001e427e068b4
Event: 7.249 Thread 0x000001e47c3762d0 Exception <a 'java/lang/NoSuchMethodError'{0x00000000d5fe0df0}: 'void java.lang.invoke.DirectMethodHandle$Holder.invokeVirtual(java.lang.Object, java.lang.Object, java.lang.Object, java.lang.Object, java.lang.Object)'> (0x00000000d5fe0df0) 
thrown [s\src\hotspot\share\interpreter\linkResolver.cpp, line 773]
Event: 7.252 Thread 0x000001e47c3762d0 Exception <a 'java/lang/NoSuchMethodError'{0x00000000d5ff93d8}: 'java.lang.Object java.lang.invoke.DirectMethodHandle$Holder.invokeStatic(java.lang.Object, java.lang.Object, int, java.lang.Object, java.lang.Object)'> (0x00000000d5ff93d8) 
thrown [s\src\hotspot\share\interpreter\linkResolver.cpp, line 773]
Event: 7.751 Thread 0x000001e47c3762d0 Exception <a 'java/lang/NoSuchMethodError'{0x00000000d6664c58}: 'java.lang.Object java.lang.invoke.DirectMethodHandle$Holder.invokeStatic(java.lang.Object, java.lang.Object, int, java.lang.Object)'> (0x00000000d6664c58) 
thrown [s\src\hotspot\share\interpreter\linkResolver.cpp, line 773]
Event: 7.752 Thread 0x000001e47c3762d0 Exception <a 'java/lang/NoSuchMethodError'{0x00000000d666b958}: 'java.lang.Object java.lang.invoke.DirectMethodHandle$Holder.newInvokeSpecial(java.lang.Object, java.lang.Object, int)'> (0x00000000d666b958) 
thrown [s\src\hotspot\share\interpreter\linkResolver.cpp, line 773]
Event: 8.913 Thread 0x000001e47de68f40 Exception <a 'java/lang/NoSuchMethodError'{0x00000000d623f9a8}: 'void java.lang.invoke.DirectMethodHandle$Holder.invokeInterface(java.lang.Object, java.lang.Object)'> (0x00000000d623f9a8) 
thrown [s\src\hotspot\share\interpreter\linkResolver.cpp, line 773]
Event: 8.933 Thread 0x000001e47de6d770 Exception <a 'java/io/FileNotFoundException'{0x00000000d643de78}> (0x00000000d643de78) 
thrown [s\src\hotspot\share\prims\jni.cpp, line 520]
Event: 8.955 Thread 0x000001e47de6d770 Exception <a 'java/lang/NoSuchMethodError'{0x00000000d649e440}: 'java.lang.Object java.lang.invoke.DirectMethodHandle$Holder.newInvokeSpecial(java.lang.Object, java.lang.Object, java.lang.Object, java.lang.Object, java.lang.Object, java.lang.Object, java.lang.Object, java.lang.Object, java.lang.Object, java.lang.Object)'> (0x00000000d649e440) 
thrown [s\src\hotspot\share\interpreter\linkResolver.cpp, line 773]
Event: 9.029 Thread 0x000001e47de6d770 Exception <a 'sun/nio/fs/WindowsException'{0x00000000d65fa958}> (0x00000000d65fa958) 
thrown [s\src\hotspot\share\prims\jni.cpp, line 520]

ZGC Phase Switch (0 events):
No events

VM Operations (20 events):
Event: 7.835 Executing VM operation: ParallelGCFailedAllocation (Allocation Failure)
Event: 7.837 Executing VM operation: ParallelGCFailedAllocation (Allocation Failure) done
Event: 7.906 Executing VM operation: ParallelGCFailedAllocation (Allocation Failure)
Event: 7.907 Executing VM operation: ParallelGCFailedAllocation (Allocation Failure) done
Event: 7.952 Executing VM operation: ParallelGCFailedAllocation (Allocation Failure)
Event: 7.953 Executing VM operation: ParallelGCFailedAllocation (Allocation Failure) done
Event: 8.058 Executing VM operation: ParallelGCFailedAllocation (Allocation Failure)
Event: 8.059 Executing VM operation: ParallelGCFailedAllocation (Allocation Failure) done
Event: 8.181 Executing VM operation: HandshakeAllThreads (Deoptimize)
Event: 8.181 Executing VM operation: HandshakeAllThreads (Deoptimize) done
Event: 8.202 Executing VM operation: ParallelGCFailedAllocation (Allocation Failure)
Event: 8.203 Executing VM operation: ParallelGCFailedAllocation (Allocation Failure) done
Event: 8.297 Executing VM operation: ParallelGCFailedAllocation (Allocation Failure)
Event: 8.299 Executing VM operation: ParallelGCFailedAllocation (Allocation Failure) done
Event: 8.376 Executing VM operation: ParallelGCFailedAllocation (Allocation Failure)
Event: 8.378 Executing VM operation: ParallelGCFailedAllocation (Allocation Failure) done
Event: 8.449 Executing VM operation: ParallelGCFailedAllocation (Allocation Failure)
Event: 8.451 Executing VM operation: ParallelGCFailedAllocation (Allocation Failure) done
Event: 8.938 Executing VM operation: HandshakeAllThreads (Deoptimize)
Event: 8.938 Executing VM operation: HandshakeAllThreads (Deoptimize) done

Memory protections (0 events):
No events

Nmethod flushes (20 events):
Event: 3.665 Thread 0x000001e4336b4870 flushing  nmethod 0x000001e4202ece10
Event: 3.665 Thread 0x000001e4336b4870 flushing  nmethod 0x000001e4202fa610
Event: 3.665 Thread 0x000001e4336b4870 flushing  nmethod 0x000001e4202fac90
Event: 3.665 Thread 0x000001e4336b4870 flushing  nmethod 0x000001e4202fc810
Event: 3.665 Thread 0x000001e4336b4870 flushing  nmethod 0x000001e4202fec90
Event: 3.665 Thread 0x000001e4336b4870 flushing  nmethod 0x000001e4202ff290
Event: 3.665 Thread 0x000001e4336b4870 flushing  nmethod 0x000001e42030de10
Event: 3.665 Thread 0x000001e4336b4870 flushing  nmethod 0x000001e42030e990
Event: 3.665 Thread 0x000001e4336b4870 flushing  nmethod 0x000001e420326810
Event: 3.665 Thread 0x000001e4336b4870 flushing  nmethod 0x000001e420331390
Event: 3.665 Thread 0x000001e4336b4870 flushing  nmethod 0x000001e420334e10
Event: 3.665 Thread 0x000001e4336b4870 flushing  nmethod 0x000001e420337310
Event: 3.665 Thread 0x000001e4336b4870 flushing  nmethod 0x000001e4203b2410
Event: 3.665 Thread 0x000001e4336b4870 flushing  nmethod 0x000001e4203b6510
Event: 3.665 Thread 0x000001e4336b4870 flushing  nmethod 0x000001e4203b6a90
Event: 3.665 Thread 0x000001e4336b4870 flushing  nmethod 0x000001e4203b7c10
Event: 3.665 Thread 0x000001e4336b4870 flushing  nmethod 0x000001e4203b8f10
Event: 3.665 Thread 0x000001e4336b4870 flushing  nmethod 0x000001e4203c8f90
Event: 3.665 Thread 0x000001e4336b4870 flushing  nmethod 0x000001e4203ce910
Event: 3.665 Thread 0x000001e4336b4870 flushing  nmethod 0x000001e4203cf690

Events (20 events):
Event: 6.781 Thread 0x000001e477530990 Thread added: 0x000001e4091101c0
Event: 6.842 Thread 0x000001e475d391d0 Thread added: 0x000001e40b1f39f0
Event: 8.898 Thread 0x000001e40b1f39f0 Thread exited: 0x000001e40b1f39f0
Event: 8.899 Thread 0x000001e47dcb7f10 Thread exited: 0x000001e47dcb7f10
Event: 8.900 Thread 0x000001e47c14d8d0 Thread exited: 0x000001e47c14d8d0
Event: 8.904 Thread 0x000001e47de68f40 Thread added: 0x000001e47de6b6a0
Event: 8.915 Thread 0x000001e47de68f40 Thread added: 0x000001e408c06fc0
Event: 8.922 Thread 0x000001e47de6d770 Thread added: 0x000001e408c062a0
Event: 8.927 Thread 0x000001e408c062a0 Thread added: 0x000001e408c05c10
Event: 8.927 Thread 0x000001e408c062a0 Thread added: 0x000001e408c034b0
Event: 8.928 Thread 0x000001e408c062a0 Thread exited: 0x000001e408c062a0
Event: 8.928 Thread 0x000001e408c034b0 Thread exited: 0x000001e408c034b0
Event: 8.928 Thread 0x000001e408c05c10 Thread exited: 0x000001e408c05c10
Event: 8.951 Thread 0x000001e475d38590 Thread added: 0x000001e40c0775b0
Event: 8.958 Thread 0x000001e47de6d770 Thread added: 0x000001e408c07650
Event: 8.959 Thread 0x000001e408c07650 Thread added: 0x000001e408c02790
Event: 8.994 Thread 0x000001e408c07650 Thread added: 0x000001e408c006c0
Event: 9.023 Thread 0x000001e408c07650 Thread exited: 0x000001e408c07650
Event: 9.023 Thread 0x000001e408c02790 Thread exited: 0x000001e408c02790
Event: 9.023 Thread 0x000001e408c006c0 Thread exited: 0x000001e408c006c0


Dynamic libraries:
0x00007ff6e3460000 - 0x00007ff6e346e000 	c:\Users\OMAR INFO\.windsurf\extensions\redhat.java-1.45.0-win32-x64\jre\21.0.8-win32-x86_64\bin\java.exe
0x00007ffeec490000 - 0x00007ffeec688000 	C:\Windows\SYSTEM32\ntdll.dll
0x00007ffeea8d0000 - 0x00007ffeea992000 	C:\Windows\System32\KERNEL32.DLL
0x00007ffee9da0000 - 0x00007ffeea096000 	C:\Windows\System32\KERNELBASE.dll
0x00007ffee9b30000 - 0x00007ffee9c30000 	C:\Windows\System32\ucrtbase.dll
0x00007ffee0770000 - 0x00007ffee0788000 	c:\Users\OMAR INFO\.windsurf\extensions\redhat.java-1.45.0-win32-x64\jre\21.0.8-win32-x86_64\bin\jli.dll
0x00007ffeeb4f0000 - 0x00007ffeeb68d000 	C:\Windows\System32\USER32.dll
0x00007ffee9cb0000 - 0x00007ffee9cd2000 	C:\Windows\System32\win32u.dll
0x00007ffeec2f0000 - 0x00007ffeec31b000 	C:\Windows\System32\GDI32.dll
0x00007ffeea200000 - 0x00007ffeea319000 	C:\Windows\System32\gdi32full.dll
0x00007ffeea420000 - 0x00007ffeea4bd000 	C:\Windows\System32\msvcp_win.dll
0x00007ffede840000 - 0x00007ffede85e000 	c:\Users\OMAR INFO\.windsurf\extensions\redhat.java-1.45.0-win32-x64\jre\21.0.8-win32-x86_64\bin\VCRUNTIME140.dll
0x00007ffed0400000 - 0x00007ffed069b000 	C:\Windows\WinSxS\amd64_microsoft.windows.common-controls_6595b64144ccf1df_6.0.19041.6280_none_60bc30a171f2f3f3\COMCTL32.dll
0x00007ffeeb250000 - 0x00007ffeeb2ee000 	C:\Windows\System32\msvcrt.dll
0x00007ffeec380000 - 0x00007ffeec3af000 	C:\Windows\System32\IMM32.DLL
0x00007ffeddc10000 - 0x00007ffeddc1c000 	c:\Users\OMAR INFO\.windsurf\extensions\redhat.java-1.45.0-win32-x64\jre\21.0.8-win32-x86_64\bin\vcruntime140_1.dll
0x00007ffea3a80000 - 0x00007ffea3b0d000 	c:\Users\OMAR INFO\.windsurf\extensions\redhat.java-1.45.0-win32-x64\jre\21.0.8-win32-x86_64\bin\msvcp140.dll
0x00007ffe898c0000 - 0x00007ffe8a657000 	c:\Users\OMAR INFO\.windsurf\extensions\redhat.java-1.45.0-win32-x64\jre\21.0.8-win32-x86_64\bin\server\jvm.dll
0x00007ffeea720000 - 0x00007ffeea7d1000 	C:\Windows\System32\ADVAPI32.dll
0x00007ffeec3b0000 - 0x00007ffeec44f000 	C:\Windows\System32\sechost.dll
0x00007ffeeb370000 - 0x00007ffeeb490000 	C:\Windows\System32\RPCRT4.dll
0x00007ffee9ce0000 - 0x00007ffee9d07000 	C:\Windows\System32\bcrypt.dll
0x00007ffeeb300000 - 0x00007ffeeb36b000 	C:\Windows\System32\WS2_32.dll
0x00007ffee94b0000 - 0x00007ffee94fb000 	C:\Windows\SYSTEM32\POWRPROF.dll
0x00007ffee33f0000 - 0x00007ffee33fa000 	C:\Windows\SYSTEM32\VERSION.dll
0x00007ffedd940000 - 0x00007ffedd967000 	C:\Windows\SYSTEM32\WINMM.dll
0x00007ffee9470000 - 0x00007ffee9482000 	C:\Windows\SYSTEM32\UMPDC.dll
0x00007ffee8360000 - 0x00007ffee8372000 	C:\Windows\SYSTEM32\kernel.appcore.dll
0x00007ffeddc00000 - 0x00007ffeddc0a000 	c:\Users\OMAR INFO\.windsurf\extensions\redhat.java-1.45.0-win32-x64\jre\21.0.8-win32-x86_64\bin\jimage.dll
0x00007ffee7710000 - 0x00007ffee7911000 	C:\Windows\SYSTEM32\DBGHELP.DLL
0x00007ffecc7f0000 - 0x00007ffecc824000 	C:\Windows\SYSTEM32\dbgcore.DLL
0x00007ffee9d10000 - 0x00007ffee9d92000 	C:\Windows\System32\bcryptPrimitives.dll
0x00007ffeba590000 - 0x00007ffeba59f000 	c:\Users\OMAR INFO\.windsurf\extensions\redhat.java-1.45.0-win32-x64\jre\21.0.8-win32-x86_64\bin\instrument.dll
0x00007ffeba520000 - 0x00007ffeba53f000 	c:\Users\OMAR INFO\.windsurf\extensions\redhat.java-1.45.0-win32-x64\jre\21.0.8-win32-x86_64\bin\java.dll
0x00007ffeeb690000 - 0x00007ffeebe00000 	C:\Windows\System32\SHELL32.dll
0x00007ffee7b50000 - 0x00007ffee82f5000 	C:\Windows\SYSTEM32\windows.storage.dll
0x00007ffeebf90000 - 0x00007ffeec2e3000 	C:\Windows\System32\combase.dll
0x00007ffee9410000 - 0x00007ffee943b000 	C:\Windows\SYSTEM32\Wldp.dll
0x00007ffeea800000 - 0x00007ffeea8cd000 	C:\Windows\System32\OLEAUT32.dll
0x00007ffeeb1a0000 - 0x00007ffeeb24d000 	C:\Windows\System32\SHCORE.dll
0x00007ffeebe00000 - 0x00007ffeebe5b000 	C:\Windows\System32\shlwapi.dll
0x00007ffee9a60000 - 0x00007ffee9a84000 	C:\Windows\SYSTEM32\profapi.dll
0x00007ffeb59a0000 - 0x00007ffeb59b8000 	c:\Users\OMAR INFO\.windsurf\extensions\redhat.java-1.45.0-win32-x64\jre\21.0.8-win32-x86_64\bin\zip.dll
0x00007ffeba580000 - 0x00007ffeba590000 	C:\Users\OMAR INFO\.windsurf\extensions\redhat.java-1.45.0-win32-x64\jre\21.0.8-win32-x86_64\bin\net.dll
0x00007ffee20c0000 - 0x00007ffee21ca000 	C:\Windows\SYSTEM32\WINHTTP.dll
0x00007ffee91f0000 - 0x00007ffee925a000 	C:\Windows\system32\mswsock.dll
0x00007ffeb5650000 - 0x00007ffeb5666000 	C:\Users\OMAR INFO\.windsurf\extensions\redhat.java-1.45.0-win32-x64\jre\21.0.8-win32-x86_64\bin\nio.dll
0x00007ffee0800000 - 0x00007ffee0810000 	c:\Users\OMAR INFO\.windsurf\extensions\redhat.java-1.45.0-win32-x64\jre\21.0.8-win32-x86_64\bin\verify.dll
0x00007ffeb5410000 - 0x00007ffeb5454000 	C:\Users\OMAR INFO\AppData\Roaming\Windsurf\User\globalStorage\redhat.java\1.45.0\config_ss_win\org.eclipse.equinox.launcher\org.eclipse.equinox.launcher.win32.win32.x86_64_1.2.1400.v20250801-0854\eclipse_11916.dll
0x00007ffeeaaa0000 - 0x00007ffeeabcb000 	C:\Windows\System32\ole32.dll
0x00007ffee9450000 - 0x00007ffee9468000 	C:\Windows\SYSTEM32\CRYPTSP.dll
0x00007ffee8ad0000 - 0x00007ffee8b08000 	C:\Windows\system32\rsaenh.dll
0x00007ffee99e0000 - 0x00007ffee9a0e000 	C:\Windows\SYSTEM32\USERENV.dll
0x00007ffee9380000 - 0x00007ffee938c000 	C:\Windows\SYSTEM32\CRYPTBASE.dll
0x00007ffee8ef0000 - 0x00007ffee8f2b000 	C:\Windows\SYSTEM32\IPHLPAPI.DLL
0x00007ffeea9a0000 - 0x00007ffeea9a8000 	C:\Windows\System32\NSI.dll
0x00007ffea4260000 - 0x00007ffea42a9000 	C:\Users\OMAR INFO\AppData\Local\Temp\jna--64980065\jna9474418345702510121.dll
0x00007ffeebe60000 - 0x00007ffeebe68000 	C:\Windows\System32\PSAPI.DLL
0x00007ffee2d80000 - 0x00007ffee2d97000 	C:\Windows\SYSTEM32\dhcpcsvc6.DLL
0x00007ffee2d60000 - 0x00007ffee2d7d000 	C:\Windows\SYSTEM32\dhcpcsvc.DLL
0x00007ffee8d80000 - 0x00007ffee8db3000 	C:\Windows\SYSTEM32\ntmarta.dll

JVMTI agents:
c:\Users\OMAR INFO\.windsurf\extensions\redhat.java-1.45.0-win32-x64\lombok\lombok-1.18.39-4050.jar path:c:\Users\OMAR INFO\.windsurf\extensions\redhat.java-1.45.0-win32-x64\jre\21.0.8-win32-x86_64\bin\instrument.dll, loaded, initialized, instrumentlib options:none

dbghelp: loaded successfully - version: 4.0.5 - missing functions: none
symbol engine: initialized successfully - sym options: 0x614 - pdb path: .;c:\Users\OMAR INFO\.windsurf\extensions\redhat.java-1.45.0-win32-x64\jre\21.0.8-win32-x86_64\bin;C:\Windows\SYSTEM32;C:\Windows\WinSxS\amd64_microsoft.windows.common-controls_6595b64144ccf1df_6.0.19041.6280_none_60bc30a171f2f3f3;c:\Users\OMAR INFO\.windsurf\extensions\redhat.java-1.45.0-win32-x64\jre\21.0.8-win32-x86_64\bin\server;C:\Users\OMAR INFO\AppData\Roaming\Windsurf\User\globalStorage\redhat.java\1.45.0\config_ss_win\org.eclipse.equinox.launcher\org.eclipse.equinox.launcher.win32.win32.x86_64_1.2.1400.v20250801-0854;C:\Users\OMAR INFO\AppData\Local\Temp\jna--64980065

VM Arguments:
jvm_args: --add-modules=ALL-SYSTEM --add-opens=java.base/java.util=ALL-UNNAMED --add-opens=java.base/java.lang=ALL-UNNAMED --add-opens=java.base/sun.nio.fs=ALL-UNNAMED -Declipse.application=org.eclipse.jdt.ls.core.id1 -Dosgi.bundles.defaultStartLevel=4 -Declipse.product=org.eclipse.jdt.ls.core.product -Djava.import.generatesMetadataFilesAtProjectRoot=false -DDetectVMInstallationsJob.disabled=true -Dfile.encoding=utf8 -XX:+UseParallelGC -XX:GCTimeRatio=4 -XX:AdaptiveSizePolicyWeight=90 -Dsun.zip.disableMemoryMapping=true -Xmx2G -Xms100m -Xlog:disable -javaagent:c:\Users\OMAR INFO\.windsurf\extensions\redhat.java-1.45.0-win32-x64\lombok\lombok-1.18.39-4050.jar 
java_command: c:\Users\OMAR INFO\.windsurf\extensions\redhat.java-1.45.0-win32-x64\server\plugins\org.eclipse.equinox.launcher_1.7.0.v20250519-0528.jar -configuration c:\Users\OMAR INFO\AppData\Roaming\Windsurf\User\globalStorage\redhat.java\1.45.0\config_ss_win -data c:\Users\OMAR INFO\AppData\Roaming\Windsurf\User\workspaceStorage\017271f0c0c7557d9833a01acf50ccd7\redhat.java\ss_ws --pipe=\\.\pipe\lsp-c74e7f302831314278e5311fffd0f324-sock
java_class_path (initial): c:\Users\OMAR INFO\.windsurf\extensions\redhat.java-1.45.0-win32-x64\server\plugins\org.eclipse.equinox.launcher_1.7.0.v20250519-0528.jar
Launcher Type: SUN_STANDARD

[Global flags]
    uintx AdaptiveSizePolicyWeight                 = 90                                        {product} {command line}
     intx CICompilerCount                          = 12                                        {product} {ergonomic}
    uintx GCTimeRatio                              = 4                                         {product} {command line}
   size_t InitialHeapSize                          = 104857600                                 {product} {command line}
   size_t MaxHeapSize                              = 2147483648                                {product} {command line}
   size_t MaxNewSize                               = 715653120                                 {product} {ergonomic}
   size_t MinHeapDeltaBytes                        = 524288                                    {product} {ergonomic}
   size_t MinHeapSize                              = 104857600                                 {product} {command line}
   size_t NewSize                                  = 34603008                                  {product} {ergonomic}
    uintx NonNMethodCodeHeapSize                   = 7602480                                {pd product} {ergonomic}
    uintx NonProfiledCodeHeapSize                  = 122027880                              {pd product} {ergonomic}
   size_t OldSize                                  = 70254592                                  {product} {ergonomic}
    uintx ProfiledCodeHeapSize                     = 122027880                              {pd product} {ergonomic}
    uintx ReservedCodeCacheSize                    = 251658240                              {pd product} {ergonomic}
     bool SegmentedCodeCache                       = true                                      {product} {ergonomic}
   size_t SoftMaxHeapSize                          = 2147483648                             {manageable} {ergonomic}
     bool UseCompressedOops                        = true                           {product lp64_product} {ergonomic}
     bool UseLargePagesIndividualAllocation        = false                                  {pd product} {ergonomic}
     bool UseParallelGC                            = true                                      {product} {command line}

Logging:
Log output configuration:
 #0: stdout all=off uptime,level,tags foldmultilines=false
 #1: stderr all=off uptime,level,tags foldmultilines=false

Environment Variables:
PATH=C:\oraclexe\app\oracle\product\10.2.0\server\bin;C:\ProgramData\Oracle\Java\javapath;C:\Program Files\Common Files\Oracle\Java\javapath;C:\Windows\system32;C:\Windows;C:\Windows\System32\Wbem;C:\Windows\System32\WindowsPowerShell\v1.0\;C:\Windows\System32\OpenSSH\;C:\Program Files\Microsoft SQL Server\150\Tools\Binn\;C:\Program Files\Microsoft SQL Server\Client SDK\ODBC\170\Tools\Binn\;C:\Program Files\dotnet\;C:\Program Files\NVIDIA Corporation\NVIDIA NvDLISR;C:\ProgramData\chocolatey\bin;C:\Program Files (x86)\Microsoft SQL Server\110\Tools\Binn\;C:\Program Files (x86)\Microsoft SQL Server\110\DTS\Binn\;C:\Program Files (x86)\Microsoft SQL Server\110\Tools\Binn\ManagementStudio\;C:\Program Files (x86)\Microsoft Visual Studio 10.0\Common7\IDE\PrivateAssemblies\;C:\Program Files (x86)\NVIDIA Corporation\PhysX\Common;C:\Program Files\nodejs\;C:\Program Files\Git LFS;C:\Program Files\Docker\Docker\resources\bin;C:\Program Files\Git\cmd;C:\Windows\system32\platform-tools;C:\Program Files\MongoDB\Server\8.0\bin;C:\Users\OMAR INFO\AppData\Local\Programs\Python\Python310;C:\Users\OMAR INFO\AppData\Local\Programs\Python\Python310\Scripts;F:\PuTTY\;C:\Users\OMAR INFO\AppData\Local\Programs\Python\Python310\Scripts\;C:\Users\OMAR INFO\AppData\Local\Programs\Python\Python310\;C:\Users\OMAR INFO\AppData\Local\Microsoft\WindowsApps;C:\Users\OMAR INFO\.dotnet\tools;C:\Program Files\JetBrains\IntelliJ IDEA 2023.2.1\bin;;C:\Users\OMAR INFO\AppData\Local\Programs\Microsoft VS Code\bin;C:\Users\OMAR INFO\AppData\Roaming\npm;C:\Users\OMAR INFO\AppData\Local\GitHubDesktop\bin;C:\xampp\php;C:\Users\OMAR INFO\composer;C:\Users\OMAR INFO\AppData\Roaming\Composer\vendor\bin;C:\Program Files (x86)\Microsoft SDKs\Windows\v10.0A\bin\NETFX 4.8 Tools;C:\Users\OMAR INFO\AppData\Local\Programs\Windsurf\bin;
USERNAME=OMAR INFO
OS=Windows_NT
PROCESSOR_IDENTIFIER=Intel64 Family 6 Model 141 Stepping 1, GenuineIntel
TMP=C:\Users\OMARIN~1\AppData\Local\Temp
TEMP=C:\Users\OMARIN~1\AppData\Local\Temp




Periodic native trim disabled

---------------  S Y S T E M  ---------------

OS:
 Windows 10 , 64 bit Build 19041 (10.0.19041.5915)
OS uptime: 7 days 0:58 hours
Hyper-V role detected

CPU: total 16 (initial active 16) (8 cores per cpu, 2 threads per core) family 6 model 141 stepping 1 microcode 0x26, cx8, cmov, fxsr, ht, mmx, 3dnowpref, sse, sse2, sse3, ssse3, sse4.1, sse4.2, popcnt, lzcnt, tsc, tscinvbit, avx, avx2, aes, erms, clmul, bmi1, bmi2, adx, avx512f, avx512dq, avx512cd, avx512bw, avx512vl, sha, fma, vzeroupper, avx512_vpopcntdq, avx512_vpclmulqdq, avx512_vaes, avx512_vnni, clflush, clflushopt, clwb, avx512_vbmi2, avx512_vbmi, hv, rdtscp, rdpid, fsrm, gfni, avx512_bitalg, f16c, cet_ibt, cet_ss, avx512_ifma
Processor Information for the first 16 processors :
  Max Mhz: 2304, Current Mhz: 2304, Mhz Limit: 2304

Memory: 4k page, system-wide physical 16085M (695M free)
TotalPageFile size 23385M (AvailPageFile size 0M)
current process WorkingSet (physical memory assigned to process): 282M, peak: 324M
current process commit charge ("private bytes"): 390M, peak: 452M

vm_info: OpenJDK 64-Bit Server VM (21.0.8+9-LTS) for windows-amd64 JRE (21.0.8+9-LTS), built on 2025-07-15T00:00:00Z by "admin" with MS VC++ 17.7 (VS2022)

END.
