#
# There is insufficient memory for the Java Runtime Environment to continue.
# Native memory allocation (malloc) failed to allocate 191536 bytes. Error detail: Chunk::new
# Possible reasons:
#   The system is out of physical RAM or swap space
#   This process is running with CompressedOops enabled, and the Java Heap may be blocking the growth of the native heap
# Possible solutions:
#   Reduce memory load on the system
#   Increase physical memory or swap space
#   Check if swap backing store is full
#   Decrease Java heap size (-Xmx/-Xms)
#   Decrease number of Java threads
#   Decrease Java thread stack sizes (-Xss)
#   Set larger code cache with -XX:ReservedCodeCacheSize=
#   JVM is running with Unscaled Compressed Oops mode in which the Java heap is
#     placed in the first 4GB address space. The Java Heap base address is the
#     maximum limit for the native heap growth. Please use -XX:HeapBaseMinAddress
#     to set the Java Heap base and to place the Java Heap above 4GB virtual address.
# This output file may be truncated or incomplete.
#
#  Out of Memory Error (arena.cpp:168), pid=17304, tid=14048
#
# JRE version: OpenJDK Runtime Environment Temurin-21.0.8+9 (21.0.8+9) (build 21.0.8+9-LTS)
# Java VM: OpenJDK 64-Bit Server VM Temurin-21.0.8+9 (21.0.8+9-LTS, mixed mode, sharing, tiered, compressed oops, compressed class ptrs, parallel gc, windows-amd64)
# No core dump will be written. Minidumps are not enabled by default on client versions of Windows
#

---------------  S U M M A R Y ------------

Command Line: --add-modules=ALL-SYSTEM --add-opens=java.base/java.util=ALL-UNNAMED --add-opens=java.base/java.lang=ALL-UNNAMED --add-opens=java.base/sun.nio.fs=ALL-UNNAMED -Declipse.application=org.eclipse.jdt.ls.core.id1 -Dosgi.bundles.defaultStartLevel=4 -Declipse.product=org.eclipse.jdt.ls.core.product -Djava.import.generatesMetadataFilesAtProjectRoot=false -DDetectVMInstallationsJob.disabled=true -Dfile.encoding=utf8 -XX:+UseParallelGC -XX:GCTimeRatio=4 -XX:AdaptiveSizePolicyWeight=90 -Dsun.zip.disableMemoryMapping=true -Xmx2G -Xms100m -Xlog:disable -javaagent:c:\Users\OMAR INFO\.windsurf\extensions\redhat.java-1.45.0-win32-x64\lombok\lombok-1.18.39-4050.jar -XX:+HeapDumpOnOutOfMemoryError -XX:HeapDumpPath=c:\Users\OMAR INFO\AppData\Roaming\Windsurf\User\workspaceStorage\017271f0c0c7557d9833a01acf50ccd7\redhat.java -Daether.dependencyCollector.impl=bf c:\Users\OMAR INFO\.windsurf\extensions\redhat.java-1.45.0-win32-x64\server\plugins\org.eclipse.equinox.launcher_1.7.0.v20250519-0528.jar -configuration c:\Users\OMAR INFO\AppData\Roaming\Windsurf\User\globalStorage\redhat.java\1.45.0\config_win -data c:\Users\OMAR INFO\AppData\Roaming\Windsurf\User\workspaceStorage\017271f0c0c7557d9833a01acf50ccd7\redhat.java\jdt_ws --pipe=\\.\pipe\lsp-97894a0ec9012a72800f08ee0095c9f7-sock

Host: 11th Gen Intel(R) Core(TM) i7-11800H @ 2.30GHz, 16 cores, 15G,  Windows 10 , 64 bit Build 19041 (10.0.19041.5915)
Time: Thu Sep 25 16:20:10 2025 Paris, Madrid elapsed time: 2.303574 seconds (0d 0h 0m 2s)

---------------  T H R E A D  ---------------

Current thread (0x0000021fe04f3300):  JavaThread "C2 CompilerThread1" daemon [_thread_in_native, id=14048, stack(0x000000264b600000,0x000000264b700000) (1024K)]


Current CompileTask:
C2:2303 3522 %     4       java.util.zip.ZipFile$Source::initCEN @ 261 (612 bytes)

Stack: [0x000000264b600000,0x000000264b700000]
Native frames: (J=compiled Java code, j=interpreted, Vv=VM code, C=native code)
V  [jvm.dll+0x6d2449]
V  [jvm.dll+0x8ae341]
V  [jvm.dll+0x8b08be]
V  [jvm.dll+0x8b0fa3]
V  [jvm.dll+0x280c96]
V  [jvm.dll+0xc581d]
V  [jvm.dll+0xc5d53]
V  [jvm.dll+0x2f539d]
V  [jvm.dll+0x5fa00a]
V  [jvm.dll+0x252092]
V  [jvm.dll+0x24a56e]
V  [jvm.dll+0x2483a4]
V  [jvm.dll+0x1c89ee]
V  [jvm.dll+0x257d4d]
V  [jvm.dll+0x2562ea]
V  [jvm.dll+0x3f2d16]
V  [jvm.dll+0x857e6b]
V  [jvm.dll+0x6d0b0d]
C  [ucrtbase.dll+0x21bb2]
C  [KERNEL32.DLL+0x17374]
C  [ntdll.dll+0x4cc91]


---------------  P R O C E S S  ---------------

Threads class SMR info:
_java_thread_list=0x0000021fe6a53710, length=24, elements={
0x0000021f87230650, 0x0000021f9dcd04e0, 0x0000021f9dcd25b0, 0x0000021f9dcd4ef0,
0x0000021f9dcd6160, 0x0000021f9dcd9d30, 0x0000021f9dcddc80, 0x0000021fe0383fd0,
0x0000021fe0392e60, 0x0000021f8729f850, 0x0000021fe048de20, 0x0000021fe04924e0,
0x0000021fe0492f80, 0x0000021fe04f3300, 0x0000021fe070a210, 0x0000021fe61217b0,
0x0000021fe64f8fe0, 0x0000021fe69396c0, 0x0000021fe64c9c10, 0x0000021fe6969220,
0x0000021fe7198390, 0x0000021fe72d61e0, 0x0000021fe6fc0050, 0x0000021fe71d6d90
}

Java Threads: ( => current thread )
  0x0000021f87230650 JavaThread "main"                              [_thread_blocked, id=12240, stack(0x000000264a600000,0x000000264a700000) (1024K)]
  0x0000021f9dcd04e0 JavaThread "Reference Handler"          daemon [_thread_blocked, id=17580, stack(0x000000264aa00000,0x000000264ab00000) (1024K)]
  0x0000021f9dcd25b0 JavaThread "Finalizer"                  daemon [_thread_blocked, id=21788, stack(0x000000264ab00000,0x000000264ac00000) (1024K)]
  0x0000021f9dcd4ef0 JavaThread "Signal Dispatcher"          daemon [_thread_blocked, id=3620, stack(0x000000264ac00000,0x000000264ad00000) (1024K)]
  0x0000021f9dcd6160 JavaThread "Attach Listener"            daemon [_thread_blocked, id=3036, stack(0x000000264ad00000,0x000000264ae00000) (1024K)]
  0x0000021f9dcd9d30 JavaThread "Service Thread"             daemon [_thread_blocked, id=1636, stack(0x000000264ae00000,0x000000264af00000) (1024K)]
  0x0000021f9dcddc80 JavaThread "Monitor Deflation Thread"   daemon [_thread_blocked, id=23368, stack(0x000000264af00000,0x000000264b000000) (1024K)]
  0x0000021fe0383fd0 JavaThread "C2 CompilerThread0"         daemon [_thread_blocked, id=16084, stack(0x000000264b000000,0x000000264b100000) (1024K)]
  0x0000021fe0392e60 JavaThread "C1 CompilerThread0"         daemon [_thread_blocked, id=17952, stack(0x000000264b100000,0x000000264b200000) (1024K)]
  0x0000021f8729f850 JavaThread "Common-Cleaner"             daemon [_thread_blocked, id=23436, stack(0x000000264b200000,0x000000264b300000) (1024K)]
  0x0000021fe048de20 JavaThread "C1 CompilerThread1"         daemon [_thread_blocked, id=10680, stack(0x000000264b300000,0x000000264b400000) (1024K)]
  0x0000021fe04924e0 JavaThread "C1 CompilerThread2"         daemon [_thread_blocked, id=22328, stack(0x000000264b400000,0x000000264b500000) (1024K)]
  0x0000021fe0492f80 JavaThread "C1 CompilerThread3"         daemon [_thread_blocked, id=22240, stack(0x000000264b500000,0x000000264b600000) (1024K)]
=>0x0000021fe04f3300 JavaThread "C2 CompilerThread1"         daemon [_thread_in_native, id=14048, stack(0x000000264b600000,0x000000264b700000) (1024K)]
  0x0000021fe070a210 JavaThread "Notification Thread"        daemon [_thread_blocked, id=23312, stack(0x000000264b700000,0x000000264b800000) (1024K)]
  0x0000021fe61217b0 JavaThread "C2 CompilerThread2"         daemon [_thread_blocked, id=9312, stack(0x000000264b800000,0x000000264b900000) (1024K)]
  0x0000021fe64f8fe0 JavaThread "Active Thread: Equinox Container: 2f04769e-c052-4106-aa0d-df9128ac3029"        [_thread_blocked, id=22324, stack(0x000000264bf00000,0x000000264c000000) (1024K)]
  0x0000021fe69396c0 JavaThread "Refresh Thread: Equinox Container: 2f04769e-c052-4106-aa0d-df9128ac3029" daemon [_thread_blocked, id=18964, stack(0x000000264c100000,0x000000264c200000) (1024K)]
  0x0000021fe64c9c10 JavaThread "Framework Event Dispatcher: Equinox Container: 2f04769e-c052-4106-aa0d-df9128ac3029" daemon [_thread_blocked, id=23904, stack(0x000000264c200000,0x000000264c300000) (1024K)]
  0x0000021fe6969220 JavaThread "Start Level: Equinox Container: 2f04769e-c052-4106-aa0d-df9128ac3029" daemon [_thread_in_Java, id=1172, stack(0x000000264c300000,0x000000264c400000) (1024K)]
  0x0000021fe7198390 JavaThread "Bundle File Closer"         daemon [_thread_blocked, id=15132, stack(0x000000264c700000,0x000000264c800000) (1024K)]
  0x0000021fe72d61e0 JavaThread "SCR Component Actor"        daemon [_thread_blocked, id=16124, stack(0x000000264c800000,0x000000264c900000) (1024K)]
  0x0000021fe6fc0050 JavaThread "SCR Component Registry"     daemon [_thread_blocked, id=3892, stack(0x000000264c900000,0x000000264ca00000) (1024K)]
  0x0000021fe71d6d90 JavaThread "Worker-JM"                         [_thread_blocked, id=20800, stack(0x000000264cb00000,0x000000264cc00000) (1024K)]
Total: 24

Other Threads:
  0x0000021fe03813b0 VMThread "VM Thread"                           [id=1344, stack(0x000000264a900000,0x000000264aa00000) (1024K)]
  0x0000021f8729e8a0 WatcherThread "VM Periodic Task Thread"        [id=4452, stack(0x000000264a800000,0x000000264a900000) (1024K)]
  0x0000021f87250030 WorkerThread "GC Thread#0"                     [id=23580, stack(0x000000264a700000,0x000000264a800000) (1024K)]
  0x0000021fe63b5b90 WorkerThread "GC Thread#1"                     [id=10088, stack(0x000000264b900000,0x000000264ba00000) (1024K)]
  0x0000021fe63a2660 WorkerThread "GC Thread#2"                     [id=24164, stack(0x000000264ba00000,0x000000264bb00000) (1024K)]
  0x0000021fe63a2a00 WorkerThread "GC Thread#3"                     [id=24136, stack(0x000000264bb00000,0x000000264bc00000) (1024K)]
  0x0000021fe6334940 WorkerThread "GC Thread#4"                     [id=16316, stack(0x000000264bc00000,0x000000264bd00000) (1024K)]
  0x0000021fe6334ce0 WorkerThread "GC Thread#5"                     [id=14832, stack(0x000000264bd00000,0x000000264be00000) (1024K)]
  0x0000021fe6335080 WorkerThread "GC Thread#6"                     [id=3260, stack(0x000000264be00000,0x000000264bf00000) (1024K)]
  0x0000021fe6b74450 WorkerThread "GC Thread#7"                     [id=14540, stack(0x000000264c000000,0x000000264c100000) (1024K)]
  0x0000021fe6b6d2e0 WorkerThread "GC Thread#8"                     [id=1964, stack(0x000000264c400000,0x000000264c500000) (1024K)]
  0x0000021fe6b6d680 WorkerThread "GC Thread#9"                     [id=15240, stack(0x000000264c500000,0x000000264c600000) (1024K)]
  0x0000021fe6b6e8a0 WorkerThread "GC Thread#10"                    [id=2952, stack(0x000000264c600000,0x000000264c700000) (1024K)]
  0x0000021fe6b6ddc0 WorkerThread "GC Thread#11"                    [id=9856, stack(0x000000264ca00000,0x000000264cb00000) (1024K)]
  0x0000021fe6b6e500 WorkerThread "GC Thread#12"                    [id=8424, stack(0x000000264cc00000,0x000000264cd00000) (1024K)]
Total: 15

Threads with active compile tasks:
C2 CompilerThread1  2322 3522 %     4       java.util.zip.ZipFile$Source::initCEN @ 261 (612 bytes)
Total: 1

VM state: not at safepoint (normal execution)

VM Mutex/Monitor currently owned by a thread: None

Heap address: 0x0000000080000000, size: 2048 MB, Compressed Oops mode: 32-bit

CDS archive(s) mapped at: [0x0000021f9e000000-0x0000021f9eba0000-0x0000021f9eba0000), size 12189696, SharedBaseAddress: 0x0000021f9e000000, ArchiveRelocationMode: 1.
Compressed class space mapped at: 0x0000021f9f000000-0x0000021fdf000000, reserved size: 1073741824
Narrow klass base: 0x0000021f9e000000, Narrow klass shift: 0, Narrow klass range: 0x100000000

GC Precious Log:
 CardTable entry size: 512
 CPUs: 16 total, 16 available
 Memory: 16085M
 Large Page Support: Disabled
 NUMA Support: Disabled
 Compressed Oops: Enabled (32-bit)
 Alignments: Space 512K, Generation 512K, Heap 2M
 Heap Min Capacity: 100M
 Heap Initial Capacity: 100M
 Heap Max Capacity: 2G
 Pre-touch: Disabled
 Parallel Workers: 13

Heap:
 PSYoungGen      total 29184K, used 14036K [0x00000000d5580000, 0x00000000d7a00000, 0x0000000100000000)
  eden space 25088K, 39% used [0x00000000d5580000,0x00000000d5f37828,0x00000000d6e00000)
  from space 4096K, 99% used [0x00000000d6e80000,0x00000000d727d9b8,0x00000000d7280000)
  to   space 6144K, 0% used [0x00000000d7400000,0x00000000d7400000,0x00000000d7a00000)
 ParOldGen       total 68608K, used 7450K [0x0000000080000000, 0x0000000084300000, 0x00000000d5580000)
  object space 68608K, 10% used [0x0000000080000000,0x0000000080746b18,0x0000000084300000)
 Metaspace       used 16545K, committed 17216K, reserved 1114112K
  class space    used 1683K, committed 1984K, reserved 1048576K

Card table byte_map: [0x0000021f86c10000,0x0000021f87020000] _byte_map_base: 0x0000021f86810000

Marking Bits: (ParMarkBitMap*) 0x00007ffe8a57a340
 Begin Bits: [0x0000021f996e0000, 0x0000021f9b6e0000)
 End Bits:   [0x0000021f9b6e0000, 0x0000021f9d6e0000)

Polling page: 0x0000021f86a00000

Metaspace:

Usage:
  Non-class:     14.51 MB used.
      Class:      1.64 MB used.
       Both:     16.16 MB used.

Virtual space:
  Non-class space:       64.00 MB reserved,      14.88 MB ( 23%) committed,  1 nodes.
      Class space:        1.00 GB reserved,       1.94 MB ( <1%) committed,  1 nodes.
             Both:        1.06 GB reserved,      16.81 MB (  2%) committed. 

Chunk freelists:
   Non-Class:  1.03 MB
       Class:  14.06 MB
        Both:  15.09 MB

MaxMetaspaceSize: unlimited
CompressedClassSpaceSize: 1.00 GB
Initial GC threshold: 21.00 MB
Current GC threshold: 21.00 MB
CDS: on
 - commit_granule_bytes: 65536.
 - commit_granule_words: 8192.
 - virtual_space_node_default_size: 8388608.
 - enlarge_chunks_in_place: 1.
 - use_allocation_guard: 0.


Internal statistics:

num_allocs_failed_limit: 0.
num_arena_births: 452.
num_arena_deaths: 0.
num_vsnodes_births: 2.
num_vsnodes_deaths: 0.
num_space_committed: 269.
num_space_uncommitted: 0.
num_chunks_returned_to_freelist: 0.
num_chunks_taken_from_freelist: 1028.
num_chunk_merges: 0.
num_chunk_splits: 658.
num_chunks_enlarged: 428.
num_inconsistent_stats: 0.

CodeHeap 'non-profiled nmethods': size=119168Kb used=1445Kb max_used=1445Kb free=117722Kb
 bounds [0x0000021f91fd0000, 0x0000021f92240000, 0x0000021f99430000]
CodeHeap 'profiled nmethods': size=119104Kb used=7331Kb max_used=7331Kb free=111772Kb
 bounds [0x0000021f8a430000, 0x0000021f8ab60000, 0x0000021f91880000]
CodeHeap 'non-nmethods': size=7488Kb used=2971Kb max_used=2989Kb free=4517Kb
 bounds [0x0000021f91880000, 0x0000021f91b70000, 0x0000021f91fd0000]
CodeCache: size=245760Kb, used=11747Kb, max_used=11765Kb, free=234011Kb
 total_blobs=4076, nmethods=3527, adapters=452, full_count=0
Compilation: enabled, stopped_count=0, restarted_count=0

Compilation events (20 events):
Event: 2.286 Thread 0x0000021fe0392e60 3513   !   3       jdk.internal.loader.AbstractClassLoaderValue::get (21 bytes)
Event: 2.286 Thread 0x0000021fe0492f80 3514       3       java.util.stream.AbstractPipeline::spliterator (116 bytes)
Event: 2.287 Thread 0x0000021fe0392e60 nmethod 3513 0x0000021f8ab51310 code [0x0000021f8ab51520, 0x0000021f8ab51bd8]
Event: 2.287 Thread 0x0000021fe048de20 3515       3       com.sun.org.apache.xerces.internal.utils.XMLSecurityManager::readSystemProperties (61 bytes)
Event: 2.287 Thread 0x0000021fe0492f80 nmethod 3514 0x0000021f8ab51e90 code [0x0000021f8ab52100, 0x0000021f8ab52b58]
Event: 2.287 Thread 0x0000021fe048de20 nmethod 3515 0x0000021f8ab52e90 code [0x0000021f8ab530a0, 0x0000021f8ab535f8]
Event: 2.288 Thread 0x0000021fe0392e60 3516       3       java.lang.AbstractStringBuilder::appendChars (130 bytes)
Event: 2.288 Thread 0x0000021fe0383fd0 nmethod 3512 0x0000021f92138790 code [0x0000021f92138940, 0x0000021f92138ac0]
Event: 2.288 Thread 0x0000021fe0392e60 nmethod 3516 0x0000021f8ab53810 code [0x0000021f8ab53a20, 0x0000021f8ab53f80]
Event: 2.289 Thread 0x0000021fe0492f80 3517       3       com.sun.org.apache.xerces.internal.impl.XMLEntityScanner::peekChar (63 bytes)
Event: 2.289 Thread 0x0000021fe0492f80 nmethod 3517 0x0000021f8ab54210 code [0x0000021f8ab543e0, 0x0000021f8ab54660]
Event: 2.291 Thread 0x0000021fe048de20 3518  s!   3       org.eclipse.osgi.framework.eventmgr.EventManager$EventThread::getNextEvent (61 bytes)
Event: 2.291 Thread 0x0000021fe048de20 nmethod 3518 0x0000021f8ab54790 code [0x0000021f8ab54960, 0x0000021f8ab54e08]
Event: 2.293 Thread 0x0000021fe04f3300 3519       4       org.eclipse.osgi.framework.eventmgr.CopyOnWriteIdentityMap$Snapshot$SnapshotIterator::hasNext (15 bytes)
Event: 2.293 Thread 0x0000021fe04f3300 nmethod 3519 0x0000021f92138c90 code [0x0000021f92138e20, 0x0000021f92138eb8]
Event: 2.294 Thread 0x0000021fe0492f80 3520  s    3       org.eclipse.osgi.framework.eventmgr.EventManager$EventThread::postEvent (71 bytes)
Event: 2.294 Thread 0x0000021fe04924e0 3521       3       org.eclipse.osgi.framework.eventmgr.EventManager$EventThread$Queued::<init> (31 bytes)
Event: 2.294 Thread 0x0000021fe04924e0 nmethod 3521 0x0000021f8ab54f90 code [0x0000021f8ab55140, 0x0000021f8ab55300]
Event: 2.294 Thread 0x0000021fe0492f80 nmethod 3520 0x0000021f8ab55410 code [0x0000021f8ab55600, 0x0000021f8ab55cc0]
Event: 2.294 Thread 0x0000021fe04f3300 3522 %     4       java.util.zip.ZipFile$Source::initCEN @ 261 (612 bytes)

GC Heap History (10 events):
Event: 0.586 GC heap before
{Heap before GC invocations=1 (full 0):
 PSYoungGen      total 29696K, used 25600K [0x00000000d5580000, 0x00000000d7680000, 0x0000000100000000)
  eden space 25600K, 100% used [0x00000000d5580000,0x00000000d6e80000,0x00000000d6e80000)
  from space 4096K, 0% used [0x00000000d7280000,0x00000000d7280000,0x00000000d7680000)
  to   space 4096K, 0% used [0x00000000d6e80000,0x00000000d6e80000,0x00000000d7280000)
 ParOldGen       total 68608K, used 0K [0x0000000080000000, 0x0000000084300000, 0x00000000d5580000)
  object space 68608K, 0% used [0x0000000080000000,0x0000000080000000,0x0000000084300000)
 Metaspace       used 4164K, committed 4416K, reserved 1114112K
  class space    used 453K, committed 576K, reserved 1048576K
}
Event: 0.591 GC heap after
{Heap after GC invocations=1 (full 0):
 PSYoungGen      total 29696K, used 3611K [0x00000000d5580000, 0x00000000d7680000, 0x0000000100000000)
  eden space 25600K, 0% used [0x00000000d5580000,0x00000000d5580000,0x00000000d6e80000)
  from space 4096K, 88% used [0x00000000d6e80000,0x00000000d7206da0,0x00000000d7280000)
  to   space 4096K, 0% used [0x00000000d7280000,0x00000000d7280000,0x00000000d7680000)
 ParOldGen       total 68608K, used 16K [0x0000000080000000, 0x0000000084300000, 0x00000000d5580000)
  object space 68608K, 0% used [0x0000000080000000,0x0000000080004000,0x0000000084300000)
 Metaspace       used 4164K, committed 4416K, reserved 1114112K
  class space    used 453K, committed 576K, reserved 1048576K
}
Event: 1.065 GC heap before
{Heap before GC invocations=2 (full 0):
 PSYoungGen      total 29696K, used 29211K [0x00000000d5580000, 0x00000000d7680000, 0x0000000100000000)
  eden space 25600K, 100% used [0x00000000d5580000,0x00000000d6e80000,0x00000000d6e80000)
  from space 4096K, 88% used [0x00000000d6e80000,0x00000000d7206da0,0x00000000d7280000)
  to   space 4096K, 0% used [0x00000000d7280000,0x00000000d7280000,0x00000000d7680000)
 ParOldGen       total 68608K, used 16K [0x0000000080000000, 0x0000000084300000, 0x00000000d5580000)
  object space 68608K, 0% used [0x0000000080000000,0x0000000080004000,0x0000000084300000)
 Metaspace       used 7842K, committed 8128K, reserved 1114112K
  class space    used 811K, committed 960K, reserved 1048576K
}
Event: 1.071 GC heap after
{Heap after GC invocations=2 (full 0):
 PSYoungGen      total 29696K, used 4069K [0x00000000d5580000, 0x00000000d7680000, 0x0000000100000000)
  eden space 25600K, 0% used [0x00000000d5580000,0x00000000d5580000,0x00000000d6e80000)
  from space 4096K, 99% used [0x00000000d7280000,0x00000000d7679780,0x00000000d7680000)
  to   space 4096K, 0% used [0x00000000d6e80000,0x00000000d6e80000,0x00000000d7280000)
 ParOldGen       total 68608K, used 1625K [0x0000000080000000, 0x0000000084300000, 0x00000000d5580000)
  object space 68608K, 2% used [0x0000000080000000,0x00000000801966a8,0x0000000084300000)
 Metaspace       used 7842K, committed 8128K, reserved 1114112K
  class space    used 811K, committed 960K, reserved 1048576K
}
Event: 1.397 GC heap before
{Heap before GC invocations=3 (full 0):
 PSYoungGen      total 29696K, used 29669K [0x00000000d5580000, 0x00000000d7680000, 0x0000000100000000)
  eden space 25600K, 100% used [0x00000000d5580000,0x00000000d6e80000,0x00000000d6e80000)
  from space 4096K, 99% used [0x00000000d7280000,0x00000000d7679780,0x00000000d7680000)
  to   space 4096K, 0% used [0x00000000d6e80000,0x00000000d6e80000,0x00000000d7280000)
 ParOldGen       total 68608K, used 1625K [0x0000000080000000, 0x0000000084300000, 0x00000000d5580000)
  object space 68608K, 2% used [0x0000000080000000,0x00000000801966a8,0x0000000084300000)
 Metaspace       used 9423K, committed 9728K, reserved 1114112K
  class space    used 1002K, committed 1152K, reserved 1048576K
}
Event: 1.402 GC heap after
{Heap after GC invocations=3 (full 0):
 PSYoungGen      total 29696K, used 4074K [0x00000000d5580000, 0x00000000d7680000, 0x0000000100000000)
  eden space 25600K, 0% used [0x00000000d5580000,0x00000000d5580000,0x00000000d6e80000)
  from space 4096K, 99% used [0x00000000d6e80000,0x00000000d727aaa0,0x00000000d7280000)
  to   space 4096K, 0% used [0x00000000d7280000,0x00000000d7280000,0x00000000d7680000)
 ParOldGen       total 68608K, used 3849K [0x0000000080000000, 0x0000000084300000, 0x00000000d5580000)
  object space 68608K, 5% used [0x0000000080000000,0x00000000803c2438,0x0000000084300000)
 Metaspace       used 9423K, committed 9728K, reserved 1114112K
  class space    used 1002K, committed 1152K, reserved 1048576K
}
Event: 1.729 GC heap before
{Heap before GC invocations=4 (full 0):
 PSYoungGen      total 29696K, used 29674K [0x00000000d5580000, 0x00000000d7680000, 0x0000000100000000)
  eden space 25600K, 100% used [0x00000000d5580000,0x00000000d6e80000,0x00000000d6e80000)
  from space 4096K, 99% used [0x00000000d6e80000,0x00000000d727aaa0,0x00000000d7280000)
  to   space 4096K, 0% used [0x00000000d7280000,0x00000000d7280000,0x00000000d7680000)
 ParOldGen       total 68608K, used 3849K [0x0000000080000000, 0x0000000084300000, 0x00000000d5580000)
  object space 68608K, 5% used [0x0000000080000000,0x00000000803c2438,0x0000000084300000)
 Metaspace       used 11921K, committed 12352K, reserved 1114112K
  class space    used 1260K, committed 1472K, reserved 1048576K
}
Event: 1.734 GC heap after
{Heap after GC invocations=4 (full 0):
 PSYoungGen      total 29696K, used 4089K [0x00000000d5580000, 0x00000000d7680000, 0x0000000100000000)
  eden space 25600K, 0% used [0x00000000d5580000,0x00000000d5580000,0x00000000d6e80000)
  from space 4096K, 99% used [0x00000000d7280000,0x00000000d767e7e8,0x00000000d7680000)
  to   space 4096K, 0% used [0x00000000d6e80000,0x00000000d6e80000,0x00000000d7280000)
 ParOldGen       total 68608K, used 5877K [0x0000000080000000, 0x0000000084300000, 0x00000000d5580000)
  object space 68608K, 8% used [0x0000000080000000,0x00000000805bd678,0x0000000084300000)
 Metaspace       used 11921K, committed 12352K, reserved 1114112K
  class space    used 1260K, committed 1472K, reserved 1048576K
}
Event: 2.184 GC heap before
{Heap before GC invocations=5 (full 0):
 PSYoungGen      total 29696K, used 29689K [0x00000000d5580000, 0x00000000d7680000, 0x0000000100000000)
  eden space 25600K, 100% used [0x00000000d5580000,0x00000000d6e80000,0x00000000d6e80000)
  from space 4096K, 99% used [0x00000000d7280000,0x00000000d767e7e8,0x00000000d7680000)
  to   space 4096K, 0% used [0x00000000d6e80000,0x00000000d6e80000,0x00000000d7280000)
 ParOldGen       total 68608K, used 5877K [0x0000000080000000, 0x0000000084300000, 0x00000000d5580000)
  object space 68608K, 8% used [0x0000000080000000,0x00000000805bd678,0x0000000084300000)
 Metaspace       used 15049K, committed 15552K, reserved 1114112K
  class space    used 1535K, committed 1728K, reserved 1048576K
}
Event: 2.188 GC heap after
{Heap after GC invocations=5 (full 0):
 PSYoungGen      total 29184K, used 4086K [0x00000000d5580000, 0x00000000d7a00000, 0x0000000100000000)
  eden space 25088K, 0% used [0x00000000d5580000,0x00000000d5580000,0x00000000d6e00000)
  from space 4096K, 99% used [0x00000000d6e80000,0x00000000d727d9b8,0x00000000d7280000)
  to   space 6144K, 0% used [0x00000000d7400000,0x00000000d7400000,0x00000000d7a00000)
 ParOldGen       total 68608K, used 7450K [0x0000000080000000, 0x0000000084300000, 0x00000000d5580000)
  object space 68608K, 10% used [0x0000000080000000,0x0000000080746b18,0x0000000084300000)
 Metaspace       used 15049K, committed 15552K, reserved 1114112K
  class space    used 1535K, committed 1728K, reserved 1048576K
}

Dll operation events (9 events):
Event: 0.007 Loaded shared library c:\Users\OMAR INFO\.windsurf\extensions\redhat.java-1.45.0-win32-x64\jre\21.0.8-win32-x86_64\bin\java.dll
Event: 0.069 Loaded shared library c:\Users\OMAR INFO\.windsurf\extensions\redhat.java-1.45.0-win32-x64\jre\21.0.8-win32-x86_64\bin\zip.dll
Event: 0.088 Loaded shared library C:\Users\OMAR INFO\.windsurf\extensions\redhat.java-1.45.0-win32-x64\jre\21.0.8-win32-x86_64\bin\instrument.dll
Event: 0.093 Loaded shared library C:\Users\OMAR INFO\.windsurf\extensions\redhat.java-1.45.0-win32-x64\jre\21.0.8-win32-x86_64\bin\net.dll
Event: 0.095 Loaded shared library C:\Users\OMAR INFO\.windsurf\extensions\redhat.java-1.45.0-win32-x64\jre\21.0.8-win32-x86_64\bin\nio.dll
Event: 0.098 Loaded shared library C:\Users\OMAR INFO\.windsurf\extensions\redhat.java-1.45.0-win32-x64\jre\21.0.8-win32-x86_64\bin\zip.dll
Event: 0.114 Loaded shared library C:\Users\OMAR INFO\.windsurf\extensions\redhat.java-1.45.0-win32-x64\jre\21.0.8-win32-x86_64\bin\jimage.dll
Event: 0.187 Loaded shared library c:\Users\OMAR INFO\.windsurf\extensions\redhat.java-1.45.0-win32-x64\jre\21.0.8-win32-x86_64\bin\verify.dll
Event: 1.159 Loaded shared library C:\Users\OMAR INFO\AppData\Roaming\Windsurf\User\globalStorage\redhat.java\1.45.0\config_win\org.eclipse.equinox.launcher\org.eclipse.equinox.launcher.win32.win32.x86_64_1.2.1400.v20250801-0854\eclipse_11916.dll

Deoptimization events (20 events):
Event: 1.987 Thread 0x0000021fe6969220 Uncommon trap: trap_request=0xffffff45 fr.pc=0x0000021f921054a8 relative=0x0000000000000428
Event: 1.987 Thread 0x0000021fe6969220 Uncommon trap: reason=unstable_if action=reinterpret pc=0x0000021f921054a8 method=com.sun.org.apache.xerces.internal.impl.XMLEntityScanner.scanLiteral(ILcom/sun/org/apache/xerces/internal/xni/XMLString;Z)I @ 299 c2
Event: 1.987 Thread 0x0000021fe6969220 DEOPT PACKING pc=0x0000021f921054a8 sp=0x000000264c3fd3a0
Event: 1.987 Thread 0x0000021fe6969220 DEOPT UNPACKING pc=0x0000021f918d6da2 sp=0x000000264c3fd330 mode 2
Event: 2.133 Thread 0x0000021fe6969220 Uncommon trap: trap_request=0xffffff45 fr.pc=0x0000021f920239c0 relative=0x0000000000000ea0
Event: 2.133 Thread 0x0000021fe6969220 Uncommon trap: reason=unstable_if action=reinterpret pc=0x0000021f920239c0 method=lombok.patcher.PatchScript.classMatches(Ljava/lang/String;Ljava/util/Collection;)Z @ 25 c2
Event: 2.133 Thread 0x0000021fe6969220 DEOPT PACKING pc=0x0000021f920239c0 sp=0x000000264c3f6840
Event: 2.133 Thread 0x0000021fe6969220 DEOPT UNPACKING pc=0x0000021f918d6da2 sp=0x000000264c3f6800 mode 2
Event: 2.207 Thread 0x0000021fe6969220 Uncommon trap: trap_request=0xffffff45 fr.pc=0x0000021f920760d4 relative=0x00000000000000b4
Event: 2.207 Thread 0x0000021fe6969220 Uncommon trap: reason=unstable_if action=reinterpret pc=0x0000021f920760d4 method=org.eclipse.osgi.container.ModuleRevisionBuilder.unmodifiableMap(Ljava/util/Map;)Ljava/util/Map; @ 27 c2
Event: 2.207 Thread 0x0000021fe6969220 DEOPT PACKING pc=0x0000021f920760d4 sp=0x000000264c3f9400
Event: 2.207 Thread 0x0000021fe6969220 DEOPT UNPACKING pc=0x0000021f918d6da2 sp=0x000000264c3f9380 mode 2
Event: 2.287 Thread 0x0000021fe6969220 Uncommon trap: trap_request=0xffffff45 fr.pc=0x0000021f92102b98 relative=0x0000000000000378
Event: 2.287 Thread 0x0000021fe6969220 Uncommon trap: reason=unstable_if action=reinterpret pc=0x0000021f92102b98 method=com.sun.org.apache.xerces.internal.impl.XMLEntityScanner.skipSpaces()Z @ 88 c2
Event: 2.287 Thread 0x0000021fe6969220 DEOPT PACKING pc=0x0000021f92102b98 sp=0x000000264c3f8f20
Event: 2.287 Thread 0x0000021fe6969220 DEOPT UNPACKING pc=0x0000021f918d6da2 sp=0x000000264c3f8eb8 mode 2
Event: 2.287 Thread 0x0000021fe6969220 Uncommon trap: trap_request=0xffffff45 fr.pc=0x0000021f920fe2fc relative=0x00000000000000dc
Event: 2.287 Thread 0x0000021fe6969220 Uncommon trap: reason=unstable_if action=reinterpret pc=0x0000021f920fe2fc method=com.sun.org.apache.xerces.internal.impl.XMLEntityScanner.peekChar()I @ 51 c2
Event: 2.287 Thread 0x0000021fe6969220 DEOPT PACKING pc=0x0000021f920fe2fc sp=0x000000264c3f8e70
Event: 2.287 Thread 0x0000021fe6969220 DEOPT UNPACKING pc=0x0000021f918d6da2 sp=0x000000264c3f8df8 mode 2

Classes loaded (20 events):
Event: 2.270 Loading class java/nio/file/DirectoryNotEmptyException
Event: 2.270 Loading class java/nio/file/DirectoryNotEmptyException done
Event: 2.271 Loading class java/nio/file/StandardCopyOption
Event: 2.271 Loading class java/nio/file/StandardCopyOption done
Event: 2.276 Loading class java/util/AbstractMap$2
Event: 2.276 Loading class java/util/AbstractMap$2 done
Event: 2.277 Loading class java/util/AbstractMap$2$1
Event: 2.277 Loading class java/util/AbstractMap$2$1 done
Event: 2.281 Loading class javax/xml/parsers/DocumentBuilderFactory
Event: 2.281 Loading class javax/xml/parsers/DocumentBuilderFactory done
Event: 2.282 Loading class com/sun/org/apache/xerces/internal/jaxp/DocumentBuilderFactoryImpl
Event: 2.282 Loading class com/sun/org/apache/xerces/internal/jaxp/DocumentBuilderFactoryImpl done
Event: 2.282 Loading class com/sun/org/apache/xerces/internal/jaxp/DocumentBuilderImpl
Event: 2.282 Loading class javax/xml/parsers/DocumentBuilder
Event: 2.282 Loading class javax/xml/parsers/DocumentBuilder done
Event: 2.282 Loading class com/sun/org/apache/xerces/internal/jaxp/DocumentBuilderImpl done
Event: 2.283 Loading class com/sun/org/apache/xerces/internal/parsers/DOMParser
Event: 2.283 Loading class com/sun/org/apache/xerces/internal/parsers/AbstractDOMParser
Event: 2.283 Loading class com/sun/org/apache/xerces/internal/parsers/AbstractDOMParser done
Event: 2.283 Loading class com/sun/org/apache/xerces/internal/parsers/DOMParser done

Classes unloaded (0 events):
No events

Classes redefined (0 events):
No events

Internal exceptions (20 events):
Event: 1.030 Thread 0x0000021f87230650 Exception <a 'java/lang/ClassNotFoundException'{0x00000000d6c55c60}: sun/net/www/protocol/plurl/Handler> (0x00000000d6c55c60) 
thrown [s\src\hotspot\share\classfile\systemDictionary.cpp, line 312]
Event: 1.157 Thread 0x0000021f87230650 Exception <a 'java/lang/UnsatisfiedLinkError'{0x00000000d586c3b0}: 'void org.eclipse.equinox.launcher.JNIBridge._update_splash()'> (0x00000000d586c3b0) 
thrown [s\src\hotspot\share\prims\nativeLookup.cpp, line 415]
Event: 1.181 Thread 0x0000021fe69396c0 Exception <a 'java/lang/NoSuchMethodError'{0x00000000d5af0298}: 'void java.lang.invoke.DirectMethodHandle$Holder.invokeInterface(java.lang.Object, java.lang.Object, java.lang.Object)'> (0x00000000d5af0298) 
thrown [s\src\hotspot\share\interpreter\linkResolver.cpp, line 773]
Event: 1.256 Thread 0x0000021fe6969220 Exception <a 'java/lang/NoSuchMethodError'{0x00000000d5ead550}: 'java.lang.Object java.lang.invoke.DirectMethodHandle$Holder.newInvokeSpecial(java.lang.Object, java.lang.Object, int, java.lang.Object)'> (0x00000000d5ead550) 
thrown [s\src\hotspot\share\interpreter\linkResolver.cpp, line 773]
Event: 1.256 Thread 0x0000021fe6969220 Exception <a 'java/lang/NoSuchMethodError'{0x00000000d5eb13c0}: 'java.lang.Object java.lang.invoke.DirectMethodHandle$Holder.invokeSpecial(java.lang.Object, java.lang.Object, java.lang.Object, int, java.lang.Object)'> (0x00000000d5eb13c0) 
thrown [s\src\hotspot\share\interpreter\linkResolver.cpp, line 773]
Event: 1.274 Thread 0x0000021fe6969220 Exception <a 'java/lang/NoClassDefFoundError'{0x00000000d5f52760}: jakarta/servlet/ServletContainerInitializer> (0x00000000d5f52760) 
thrown [s\src\hotspot\share\classfile\systemDictionary.cpp, line 301]
Event: 1.290 Thread 0x0000021fe6969220 Exception <a 'java/lang/ClassNotFoundException'{0x00000000d6056480}: sun/util/logging/resources/spi/loggingProvider> (0x00000000d6056480) 
thrown [s\src\hotspot\share\classfile\systemDictionary.cpp, line 312]
Event: 1.623 Thread 0x0000021fe6969220 Exception <a 'java/lang/NullPointerException'{0x00000000d657e9c0}> (0x00000000d657e9c0) 
thrown [s\src\hotspot\share\interpreter\linkResolver.cpp, line 1372]
Event: 1.623 Thread 0x0000021fe6969220 Exception <a 'java/lang/NullPointerException'{0x00000000d657eca0}> (0x00000000d657eca0) 
thrown [s\src\hotspot\share\interpreter\linkResolver.cpp, line 1372]
Event: 1.764 Thread 0x0000021fe6969220 Exception <a 'java/lang/NoSuchMethodError'{0x00000000d570ec38}: 'void java.lang.invoke.Invokers$Holder.invokeExact_MT(java.lang.Object, java.lang.Object, java.lang.Object)'> (0x00000000d570ec38) 
thrown [s\src\hotspot\share\interpreter\linkResolver.cpp, line 773]
Event: 1.964 Thread 0x0000021fe6969220 Exception <a 'java/io/FileNotFoundException'{0x00000000d5fbacd0}> (0x00000000d5fbacd0) 
thrown [s\src\hotspot\share\prims\jni.cpp, line 520]
Event: 2.055 Thread 0x0000021fe6969220 Exception <a 'java/lang/NoSuchMethodError'{0x00000000d6465350}: 'java.lang.Object java.lang.invoke.Invokers$Holder.linkToTargetMethod(java.lang.Object, long, java.lang.Object)'> (0x00000000d6465350) 
thrown [s\src\hotspot\share\interpreter\linkResolver.cpp, line 773]
Event: 2.148 Thread 0x0000021fe6969220 Exception <a 'java/lang/NoSuchMethodError'{0x00000000d6c641e8}: 'java.lang.Object java.lang.invoke.DirectMethodHandle$Holder.invokeVirtual(java.lang.Object, java.lang.Object, java.lang.Object)'> (0x00000000d6c641e8) 
thrown [s\src\hotspot\share\interpreter\linkResolver.cpp, line 773]
Event: 2.150 Thread 0x0000021fe6969220 Exception <a 'java/lang/NoSuchMethodError'{0x00000000d6c7ca40}: 'java.lang.Object java.lang.invoke.DelegatingMethodHandle$Holder.reinvoke_L(java.lang.Object, java.lang.Object, java.lang.Object, java.lang.Object, int, int)'> (0x00000000d6c7ca40) 
thrown [s\src\hotspot\share\interpreter\linkResolver.cpp, line 773]
Event: 2.152 Thread 0x0000021fe6969220 Exception <a 'java/lang/NoSuchMethodError'{0x00000000d6c99560}: 'java.lang.Object java.lang.invoke.DirectMethodHandle$Holder.newInvokeSpecial(java.lang.Object, java.lang.Object, java.lang.Object, java.lang.Object, java.lang.Object, java.lang.Object)'> (0x00000000d6c99560) 
thrown [s\src\hotspot\share\interpreter\linkResolver.cpp, line 773]
Event: 2.154 Thread 0x0000021fe6969220 Exception <a 'java/lang/NoSuchMethodError'{0x00000000d6cb59c0}: 'void java.lang.invoke.Invokers$Holder.invokeExact_MT(java.lang.Object, java.lang.Object, java.lang.Object, java.lang.Object)'> (0x00000000d6cb59c0) 
thrown [s\src\hotspot\share\interpreter\linkResolver.cpp, line 773]
Event: 2.197 Thread 0x0000021fe6969220 Exception <a 'java/io/FileNotFoundException'{0x00000000d56845b8}> (0x00000000d56845b8) 
thrown [s\src\hotspot\share\prims\jni.cpp, line 520]
Event: 2.198 Thread 0x0000021fe6969220 Exception <a 'java/io/FileNotFoundException'{0x00000000d568c440}> (0x00000000d568c440) 
thrown [s\src\hotspot\share\prims\jni.cpp, line 520]
Event: 2.240 Thread 0x0000021fe6969220 Exception <a 'java/lang/NoSuchMethodError'{0x00000000d59b3fd8}: 'java.lang.Object java.lang.invoke.DirectMethodHandle$Holder.newInvokeSpecial(java.lang.Object, java.lang.Object, java.lang.Object, java.lang.Object, java.lang.Object)'> (0x00000000d59b3fd8) 
thrown [s\src\hotspot\share\interpreter\linkResolver.cpp, line 773]
Event: 2.277 Thread 0x0000021fe6969220 Exception <a 'java/lang/NoSuchMethodError'{0x00000000d5c1d6b0}: 'java.lang.Object java.lang.invoke.DirectMethodHandle$Holder.invokeStaticInit(java.lang.Object, int)'> (0x00000000d5c1d6b0) 
thrown [s\src\hotspot\share\interpreter\linkResolver.cpp, line 773]

ZGC Phase Switch (0 events):
No events

VM Operations (20 events):
Event: 1.298 Executing VM operation: HandshakeAllThreads (Deoptimize)
Event: 1.298 Executing VM operation: HandshakeAllThreads (Deoptimize) done
Event: 1.311 Executing VM operation: HandshakeAllThreads (Deoptimize)
Event: 1.311 Executing VM operation: HandshakeAllThreads (Deoptimize) done
Event: 1.321 Executing VM operation: HandshakeAllThreads (Deoptimize)
Event: 1.321 Executing VM operation: HandshakeAllThreads (Deoptimize) done
Event: 1.397 Executing VM operation: ParallelGCFailedAllocation (Allocation Failure)
Event: 1.402 Executing VM operation: ParallelGCFailedAllocation (Allocation Failure) done
Event: 1.694 Executing VM operation: HandshakeAllThreads (Deoptimize)
Event: 1.694 Executing VM operation: HandshakeAllThreads (Deoptimize) done
Event: 1.729 Executing VM operation: ParallelGCFailedAllocation (Allocation Failure)
Event: 1.734 Executing VM operation: ParallelGCFailedAllocation (Allocation Failure) done
Event: 2.041 Executing VM operation: ICBufferFull
Event: 2.042 Executing VM operation: ICBufferFull done
Event: 2.184 Executing VM operation: ParallelGCFailedAllocation (Allocation Failure)
Event: 2.188 Executing VM operation: ParallelGCFailedAllocation (Allocation Failure) done
Event: 2.208 Executing VM operation: HandshakeAllThreads (Deoptimize)
Event: 2.208 Executing VM operation: HandshakeAllThreads (Deoptimize) done
Event: 2.284 Executing VM operation: HandshakeAllThreads (Deoptimize)
Event: 2.284 Executing VM operation: HandshakeAllThreads (Deoptimize) done

Memory protections (0 events):
No events

Nmethod flushes (0 events):
No events

Events (20 events):
Event: 0.037 Thread 0x0000021f87230650 Thread added: 0x0000021f9dcd6160
Event: 0.037 Thread 0x0000021f87230650 Thread added: 0x0000021f9dcd9d30
Event: 0.037 Thread 0x0000021f87230650 Thread added: 0x0000021f9dcddc80
Event: 0.037 Thread 0x0000021f87230650 Thread added: 0x0000021fe0383fd0
Event: 0.037 Thread 0x0000021f87230650 Thread added: 0x0000021fe0392e60
Event: 0.057 Thread 0x0000021f87230650 Thread added: 0x0000021f8729f850
Event: 0.068 Thread 0x0000021fe0392e60 Thread added: 0x0000021fe048de20
Event: 0.068 Thread 0x0000021fe0392e60 Thread added: 0x0000021fe04924e0
Event: 0.068 Thread 0x0000021fe0392e60 Thread added: 0x0000021fe0492f80
Event: 0.076 Thread 0x0000021fe0383fd0 Thread added: 0x0000021fe04f3300
Event: 0.268 Thread 0x0000021f87230650 Thread added: 0x0000021fe070a210
Event: 0.365 Thread 0x0000021fe04f3300 Thread added: 0x0000021fe61217b0
Event: 0.969 Thread 0x0000021f87230650 Thread added: 0x0000021fe64f8fe0
Event: 1.156 Thread 0x0000021f87230650 Thread added: 0x0000021fe69396c0
Event: 1.184 Thread 0x0000021fe69396c0 Thread added: 0x0000021fe64c9c10
Event: 1.187 Thread 0x0000021f87230650 Thread added: 0x0000021fe6969220
Event: 1.461 Thread 0x0000021fe6969220 Thread added: 0x0000021fe7198390
Event: 1.600 Thread 0x0000021fe6969220 Thread added: 0x0000021fe72d61e0
Event: 1.683 Thread 0x0000021fe6969220 Thread added: 0x0000021fe6fc0050
Event: 2.086 Thread 0x0000021fe6969220 Thread added: 0x0000021fe71d6d90


Dynamic libraries:
0x00007ff6e3460000 - 0x00007ff6e346e000 	c:\Users\OMAR INFO\.windsurf\extensions\redhat.java-1.45.0-win32-x64\jre\21.0.8-win32-x86_64\bin\java.exe
0x00007ffeec490000 - 0x00007ffeec688000 	C:\Windows\SYSTEM32\ntdll.dll
0x00007ffeea8d0000 - 0x00007ffeea992000 	C:\Windows\System32\KERNEL32.DLL
0x00007ffee9da0000 - 0x00007ffeea096000 	C:\Windows\System32\KERNELBASE.dll
0x00007ffee9b30000 - 0x00007ffee9c30000 	C:\Windows\System32\ucrtbase.dll
0x00007ffee0770000 - 0x00007ffee0788000 	c:\Users\OMAR INFO\.windsurf\extensions\redhat.java-1.45.0-win32-x64\jre\21.0.8-win32-x86_64\bin\jli.dll
0x00007ffede840000 - 0x00007ffede85e000 	c:\Users\OMAR INFO\.windsurf\extensions\redhat.java-1.45.0-win32-x64\jre\21.0.8-win32-x86_64\bin\VCRUNTIME140.dll
0x00007ffeeb4f0000 - 0x00007ffeeb68d000 	C:\Windows\System32\USER32.dll
0x00007ffee9cb0000 - 0x00007ffee9cd2000 	C:\Windows\System32\win32u.dll
0x00007ffed0400000 - 0x00007ffed069b000 	C:\Windows\WinSxS\amd64_microsoft.windows.common-controls_6595b64144ccf1df_6.0.19041.6280_none_60bc30a171f2f3f3\COMCTL32.dll
0x00007ffeec2f0000 - 0x00007ffeec31b000 	C:\Windows\System32\GDI32.dll
0x00007ffeeb250000 - 0x00007ffeeb2ee000 	C:\Windows\System32\msvcrt.dll
0x00007ffeea200000 - 0x00007ffeea319000 	C:\Windows\System32\gdi32full.dll
0x00007ffeea420000 - 0x00007ffeea4bd000 	C:\Windows\System32\msvcp_win.dll
0x00007ffeec380000 - 0x00007ffeec3af000 	C:\Windows\System32\IMM32.DLL
0x00007ffeddc10000 - 0x00007ffeddc1c000 	c:\Users\OMAR INFO\.windsurf\extensions\redhat.java-1.45.0-win32-x64\jre\21.0.8-win32-x86_64\bin\vcruntime140_1.dll
0x00007ffea3a80000 - 0x00007ffea3b0d000 	c:\Users\OMAR INFO\.windsurf\extensions\redhat.java-1.45.0-win32-x64\jre\21.0.8-win32-x86_64\bin\msvcp140.dll
0x00007ffe898c0000 - 0x00007ffe8a657000 	c:\Users\OMAR INFO\.windsurf\extensions\redhat.java-1.45.0-win32-x64\jre\21.0.8-win32-x86_64\bin\server\jvm.dll
0x00007ffeea720000 - 0x00007ffeea7d1000 	C:\Windows\System32\ADVAPI32.dll
0x00007ffeec3b0000 - 0x00007ffeec44f000 	C:\Windows\System32\sechost.dll
0x00007ffeeb370000 - 0x00007ffeeb490000 	C:\Windows\System32\RPCRT4.dll
0x00007ffee9ce0000 - 0x00007ffee9d07000 	C:\Windows\System32\bcrypt.dll
0x00007ffeeb300000 - 0x00007ffeeb36b000 	C:\Windows\System32\WS2_32.dll
0x00007ffee94b0000 - 0x00007ffee94fb000 	C:\Windows\SYSTEM32\POWRPROF.dll
0x00007ffedd940000 - 0x00007ffedd967000 	C:\Windows\SYSTEM32\WINMM.dll
0x00007ffee33f0000 - 0x00007ffee33fa000 	C:\Windows\SYSTEM32\VERSION.dll
0x00007ffee9470000 - 0x00007ffee9482000 	C:\Windows\SYSTEM32\UMPDC.dll
0x00007ffee8360000 - 0x00007ffee8372000 	C:\Windows\SYSTEM32\kernel.appcore.dll
0x00007ffeddc00000 - 0x00007ffeddc0a000 	c:\Users\OMAR INFO\.windsurf\extensions\redhat.java-1.45.0-win32-x64\jre\21.0.8-win32-x86_64\bin\jimage.dll
0x00007ffee7710000 - 0x00007ffee7911000 	C:\Windows\SYSTEM32\DBGHELP.DLL
0x00007ffecc7f0000 - 0x00007ffecc824000 	C:\Windows\SYSTEM32\dbgcore.DLL
0x00007ffee9d10000 - 0x00007ffee9d92000 	C:\Windows\System32\bcryptPrimitives.dll
0x00007ffeba590000 - 0x00007ffeba59f000 	c:\Users\OMAR INFO\.windsurf\extensions\redhat.java-1.45.0-win32-x64\jre\21.0.8-win32-x86_64\bin\instrument.dll
0x00007ffeba520000 - 0x00007ffeba53f000 	c:\Users\OMAR INFO\.windsurf\extensions\redhat.java-1.45.0-win32-x64\jre\21.0.8-win32-x86_64\bin\java.dll
0x00007ffeeb690000 - 0x00007ffeebe00000 	C:\Windows\System32\SHELL32.dll
0x00007ffee7b50000 - 0x00007ffee82f5000 	C:\Windows\SYSTEM32\windows.storage.dll
0x00007ffeebf90000 - 0x00007ffeec2e3000 	C:\Windows\System32\combase.dll
0x00007ffee9410000 - 0x00007ffee943b000 	C:\Windows\SYSTEM32\Wldp.dll
0x00007ffeea800000 - 0x00007ffeea8cd000 	C:\Windows\System32\OLEAUT32.dll
0x00007ffeeb1a0000 - 0x00007ffeeb24d000 	C:\Windows\System32\SHCORE.dll
0x00007ffeebe00000 - 0x00007ffeebe5b000 	C:\Windows\System32\shlwapi.dll
0x00007ffee9a60000 - 0x00007ffee9a84000 	C:\Windows\SYSTEM32\profapi.dll
0x00007ffeb59a0000 - 0x00007ffeb59b8000 	c:\Users\OMAR INFO\.windsurf\extensions\redhat.java-1.45.0-win32-x64\jre\21.0.8-win32-x86_64\bin\zip.dll
0x00007ffeba580000 - 0x00007ffeba590000 	C:\Users\OMAR INFO\.windsurf\extensions\redhat.java-1.45.0-win32-x64\jre\21.0.8-win32-x86_64\bin\net.dll
0x00007ffee20c0000 - 0x00007ffee21ca000 	C:\Windows\SYSTEM32\WINHTTP.dll
0x00007ffee91f0000 - 0x00007ffee925a000 	C:\Windows\system32\mswsock.dll
0x00007ffeb5650000 - 0x00007ffeb5666000 	C:\Users\OMAR INFO\.windsurf\extensions\redhat.java-1.45.0-win32-x64\jre\21.0.8-win32-x86_64\bin\nio.dll
0x00007ffee0800000 - 0x00007ffee0810000 	c:\Users\OMAR INFO\.windsurf\extensions\redhat.java-1.45.0-win32-x64\jre\21.0.8-win32-x86_64\bin\verify.dll
0x00007ffeafb30000 - 0x00007ffeafb74000 	C:\Users\OMAR INFO\AppData\Roaming\Windsurf\User\globalStorage\redhat.java\1.45.0\config_win\org.eclipse.equinox.launcher\org.eclipse.equinox.launcher.win32.win32.x86_64_1.2.1400.v20250801-0854\eclipse_11916.dll
0x00007ffeeaaa0000 - 0x00007ffeeabcb000 	C:\Windows\System32\ole32.dll
0x00007ffee9450000 - 0x00007ffee9468000 	C:\Windows\SYSTEM32\CRYPTSP.dll
0x00007ffee8ad0000 - 0x00007ffee8b08000 	C:\Windows\system32\rsaenh.dll
0x00007ffee99e0000 - 0x00007ffee9a0e000 	C:\Windows\SYSTEM32\USERENV.dll
0x00007ffee9380000 - 0x00007ffee938c000 	C:\Windows\SYSTEM32\CRYPTBASE.dll
0x00007ffee8ef0000 - 0x00007ffee8f2b000 	C:\Windows\SYSTEM32\IPHLPAPI.DLL
0x00007ffeea9a0000 - 0x00007ffeea9a8000 	C:\Windows\System32\NSI.dll

JVMTI agents:
c:\Users\OMAR INFO\.windsurf\extensions\redhat.java-1.45.0-win32-x64\lombok\lombok-1.18.39-4050.jar path:c:\Users\OMAR INFO\.windsurf\extensions\redhat.java-1.45.0-win32-x64\jre\21.0.8-win32-x86_64\bin\instrument.dll, loaded, initialized, instrumentlib options:none

dbghelp: loaded successfully - version: 4.0.5 - missing functions: none
symbol engine: initialized successfully - sym options: 0x614 - pdb path: .;c:\Users\OMAR INFO\.windsurf\extensions\redhat.java-1.45.0-win32-x64\jre\21.0.8-win32-x86_64\bin;C:\Windows\SYSTEM32;C:\Windows\WinSxS\amd64_microsoft.windows.common-controls_6595b64144ccf1df_6.0.19041.6280_none_60bc30a171f2f3f3;c:\Users\OMAR INFO\.windsurf\extensions\redhat.java-1.45.0-win32-x64\jre\21.0.8-win32-x86_64\bin\server;C:\Users\OMAR INFO\AppData\Roaming\Windsurf\User\globalStorage\redhat.java\1.45.0\config_win\org.eclipse.equinox.launcher\org.eclipse.equinox.launcher.win32.win32.x86_64_1.2.1400.v20250801-0854

VM Arguments:
jvm_args: --add-modules=ALL-SYSTEM --add-opens=java.base/java.util=ALL-UNNAMED --add-opens=java.base/java.lang=ALL-UNNAMED --add-opens=java.base/sun.nio.fs=ALL-UNNAMED -Declipse.application=org.eclipse.jdt.ls.core.id1 -Dosgi.bundles.defaultStartLevel=4 -Declipse.product=org.eclipse.jdt.ls.core.product -Djava.import.generatesMetadataFilesAtProjectRoot=false -DDetectVMInstallationsJob.disabled=true -Dfile.encoding=utf8 -XX:+UseParallelGC -XX:GCTimeRatio=4 -XX:AdaptiveSizePolicyWeight=90 -Dsun.zip.disableMemoryMapping=true -Xmx2G -Xms100m -Xlog:disable -javaagent:c:\Users\OMAR INFO\.windsurf\extensions\redhat.java-1.45.0-win32-x64\lombok\lombok-1.18.39-4050.jar -XX:+HeapDumpOnOutOfMemoryError -XX:HeapDumpPath=c:\Users\OMAR INFO\AppData\Roaming\Windsurf\User\workspaceStorage\017271f0c0c7557d9833a01acf50ccd7\redhat.java -Daether.dependencyCollector.impl=bf 
java_command: c:\Users\OMAR INFO\.windsurf\extensions\redhat.java-1.45.0-win32-x64\server\plugins\org.eclipse.equinox.launcher_1.7.0.v20250519-0528.jar -configuration c:\Users\OMAR INFO\AppData\Roaming\Windsurf\User\globalStorage\redhat.java\1.45.0\config_win -data c:\Users\OMAR INFO\AppData\Roaming\Windsurf\User\workspaceStorage\017271f0c0c7557d9833a01acf50ccd7\redhat.java\jdt_ws --pipe=\\.\pipe\lsp-97894a0ec9012a72800f08ee0095c9f7-sock
java_class_path (initial): c:\Users\OMAR INFO\.windsurf\extensions\redhat.java-1.45.0-win32-x64\server\plugins\org.eclipse.equinox.launcher_1.7.0.v20250519-0528.jar
Launcher Type: SUN_STANDARD

[Global flags]
    uintx AdaptiveSizePolicyWeight                 = 90                                        {product} {command line}
     intx CICompilerCount                          = 12                                        {product} {ergonomic}
    uintx GCTimeRatio                              = 4                                         {product} {command line}
     bool HeapDumpOnOutOfMemoryError               = true                                   {manageable} {command line}
    ccstr HeapDumpPath                             = c:\Users\OMAR INFO\AppData\Roaming\Windsurf\User\workspaceStorage\017271f0c0c7557d9833a01acf50ccd7\redhat.java         {manageable} {command line}
   size_t InitialHeapSize                          = 104857600                                 {product} {command line}
   size_t MaxHeapSize                              = 2147483648                                {product} {command line}
   size_t MaxNewSize                               = 715653120                                 {product} {ergonomic}
   size_t MinHeapDeltaBytes                        = 524288                                    {product} {ergonomic}
   size_t MinHeapSize                              = 104857600                                 {product} {command line}
   size_t NewSize                                  = 34603008                                  {product} {ergonomic}
    uintx NonNMethodCodeHeapSize                   = 7602480                                {pd product} {ergonomic}
    uintx NonProfiledCodeHeapSize                  = 122027880                              {pd product} {ergonomic}
   size_t OldSize                                  = 70254592                                  {product} {ergonomic}
    uintx ProfiledCodeHeapSize                     = 122027880                              {pd product} {ergonomic}
    uintx ReservedCodeCacheSize                    = 251658240                              {pd product} {ergonomic}
     bool SegmentedCodeCache                       = true                                      {product} {ergonomic}
   size_t SoftMaxHeapSize                          = 2147483648                             {manageable} {ergonomic}
     bool UseCompressedOops                        = true                           {product lp64_product} {ergonomic}
     bool UseLargePagesIndividualAllocation        = false                                  {pd product} {ergonomic}
     bool UseParallelGC                            = true                                      {product} {command line}

Logging:
Log output configuration:
 #0: stdout all=off uptime,level,tags foldmultilines=false
 #1: stderr all=off uptime,level,tags foldmultilines=false

Environment Variables:
PATH=C:\oraclexe\app\oracle\product\10.2.0\server\bin;C:\ProgramData\Oracle\Java\javapath;C:\Program Files\Common Files\Oracle\Java\javapath;C:\Windows\system32;C:\Windows;C:\Windows\System32\Wbem;C:\Windows\System32\WindowsPowerShell\v1.0\;C:\Windows\System32\OpenSSH\;C:\Program Files\Microsoft SQL Server\150\Tools\Binn\;C:\Program Files\Microsoft SQL Server\Client SDK\ODBC\170\Tools\Binn\;C:\Program Files\dotnet\;C:\Program Files\NVIDIA Corporation\NVIDIA NvDLISR;C:\ProgramData\chocolatey\bin;C:\Program Files (x86)\Microsoft SQL Server\110\Tools\Binn\;C:\Program Files (x86)\Microsoft SQL Server\110\DTS\Binn\;C:\Program Files (x86)\Microsoft SQL Server\110\Tools\Binn\ManagementStudio\;C:\Program Files (x86)\Microsoft Visual Studio 10.0\Common7\IDE\PrivateAssemblies\;C:\Program Files (x86)\NVIDIA Corporation\PhysX\Common;C:\Program Files\nodejs\;C:\Program Files\Git LFS;C:\Program Files\Docker\Docker\resources\bin;C:\Program Files\Git\cmd;C:\Windows\system32\platform-tools;C:\Program Files\MongoDB\Server\8.0\bin;C:\Users\OMAR INFO\AppData\Local\Programs\Python\Python310;C:\Users\OMAR INFO\AppData\Local\Programs\Python\Python310\Scripts;F:\PuTTY\;C:\Users\OMAR INFO\AppData\Local\Programs\Python\Python310\Scripts\;C:\Users\OMAR INFO\AppData\Local\Programs\Python\Python310\;C:\Users\OMAR INFO\AppData\Local\Microsoft\WindowsApps;C:\Users\OMAR INFO\.dotnet\tools;C:\Program Files\JetBrains\IntelliJ IDEA 2023.2.1\bin;;C:\Users\OMAR INFO\AppData\Local\Programs\Microsoft VS Code\bin;C:\Users\OMAR INFO\AppData\Roaming\npm;C:\Users\OMAR INFO\AppData\Local\GitHubDesktop\bin;C:\xampp\php;C:\Users\OMAR INFO\composer;C:\Users\OMAR INFO\AppData\Roaming\Composer\vendor\bin;C:\Program Files (x86)\Microsoft SDKs\Windows\v10.0A\bin\NETFX 4.8 Tools;C:\Users\OMAR INFO\AppData\Local\Programs\Windsurf\bin;
USERNAME=OMAR INFO
OS=Windows_NT
PROCESSOR_IDENTIFIER=Intel64 Family 6 Model 141 Stepping 1, GenuineIntel
TMP=C:\Users\OMARIN~1\AppData\Local\Temp
TEMP=C:\Users\OMARIN~1\AppData\Local\Temp




Periodic native trim disabled

---------------  S Y S T E M  ---------------

OS:
 Windows 10 , 64 bit Build 19041 (10.0.19041.5915)
OS uptime: 7 days 0:55 hours
Hyper-V role detected

CPU: total 16 (initial active 16) (8 cores per cpu, 2 threads per core) family 6 model 141 stepping 1 microcode 0x26, cx8, cmov, fxsr, ht, mmx, 3dnowpref, sse, sse2, sse3, ssse3, sse4.1, sse4.2, popcnt, lzcnt, tsc, tscinvbit, avx, avx2, aes, erms, clmul, bmi1, bmi2, adx, avx512f, avx512dq, avx512cd, avx512bw, avx512vl, sha, fma, vzeroupper, avx512_vpopcntdq, avx512_vpclmulqdq, avx512_vaes, avx512_vnni, clflush, clflushopt, clwb, avx512_vbmi2, avx512_vbmi, hv, rdtscp, rdpid, fsrm, gfni, avx512_bitalg, f16c, cet_ibt, cet_ss, avx512_ifma
Processor Information for the first 16 processors :
  Max Mhz: 2304, Current Mhz: 2304, Mhz Limit: 2304

Memory: 4k page, system-wide physical 16085M (375M free)
TotalPageFile size 23385M (AvailPageFile size 9M)
current process WorkingSet (physical memory assigned to process): 126M, peak: 127M
current process commit charge ("private bytes"): 284M, peak: 286M

vm_info: OpenJDK 64-Bit Server VM (21.0.8+9-LTS) for windows-amd64 JRE (21.0.8+9-LTS), built on 2025-07-15T00:00:00Z by "admin" with MS VC++ 17.7 (VS2022)

END.
