#
# There is insufficient memory for the Java Runtime Environment to continue.
# Native memory allocation (malloc) failed to allocate 1770736 bytes. Error detail: Chunk::new
# Possible reasons:
#   The system is out of physical RAM or swap space
#   This process is running with CompressedOops enabled, and the Java Heap may be blocking the growth of the native heap
# Possible solutions:
#   Reduce memory load on the system
#   Increase physical memory or swap space
#   Check if swap backing store is full
#   Decrease Java heap size (-Xmx/-Xms)
#   Decrease number of Java threads
#   Decrease Java thread stack sizes (-Xss)
#   Set larger code cache with -XX:ReservedCodeCacheSize=
#   JVM is running with Unscaled Compressed Oops mode in which the Java heap is
#     placed in the first 4GB address space. The Java Heap base address is the
#     maximum limit for the native heap growth. Please use -XX:HeapBaseMinAddress
#     to set the Java Heap base and to place the Java Heap above 4GB virtual address.
# This output file may be truncated or incomplete.
#
#  Out of Memory Error (arena.cpp:168), pid=1072, tid=8176
#
# JRE version: OpenJDK Runtime Environment Temurin-21.0.8+9 (21.0.8+9) (build 21.0.8+9-LTS)
# Java VM: OpenJDK 64-Bit Server VM Temurin-21.0.8+9 (21.0.8+9-LTS, mixed mode, sharing, tiered, compressed oops, compressed class ptrs, parallel gc, windows-amd64)
# No core dump will be written. Minidumps are not enabled by default on client versions of Windows
#

---------------  S U M M A R Y ------------

Command Line: --add-modules=ALL-SYSTEM --add-opens=java.base/java.util=ALL-UNNAMED --add-opens=java.base/java.lang=ALL-UNNAMED --add-opens=java.base/sun.nio.fs=ALL-UNNAMED -Declipse.application=org.eclipse.jdt.ls.core.id1 -Dosgi.bundles.defaultStartLevel=4 -Declipse.product=org.eclipse.jdt.ls.core.product -Djava.import.generatesMetadataFilesAtProjectRoot=false -DDetectVMInstallationsJob.disabled=true -Dfile.encoding=utf8 -XX:+UseParallelGC -XX:GCTimeRatio=4 -XX:AdaptiveSizePolicyWeight=90 -Dsun.zip.disableMemoryMapping=true -Xmx2G -Xms100m -Xlog:disable -javaagent:c:\Users\OMAR INFO\.windsurf\extensions\redhat.java-1.45.0-win32-x64\lombok\lombok-1.18.39-4050.jar -XX:+HeapDumpOnOutOfMemoryError -XX:HeapDumpPath=c:\Users\OMAR INFO\AppData\Roaming\Windsurf\User\workspaceStorage\017271f0c0c7557d9833a01acf50ccd7\redhat.java -Daether.dependencyCollector.impl=bf c:\Users\OMAR INFO\.windsurf\extensions\redhat.java-1.45.0-win32-x64\server\plugins\org.eclipse.equinox.launcher_1.7.0.v20250519-0528.jar -configuration c:\Users\OMAR INFO\AppData\Roaming\Windsurf\User\globalStorage\redhat.java\1.45.0\config_win -data c:\Users\OMAR INFO\AppData\Roaming\Windsurf\User\workspaceStorage\017271f0c0c7557d9833a01acf50ccd7\redhat.java\jdt_ws --pipe=\\.\pipe\lsp-7781785cb4c26fdacead4b1439e43831-sock

Host: 11th Gen Intel(R) Core(TM) i7-11800H @ 2.30GHz, 16 cores, 15G,  Windows 10 , 64 bit Build 19041 (10.0.19041.5915)
Time: Thu Sep 25 16:01:32 2025 Paris, Madrid elapsed time: 13.797805 seconds (0d 0h 0m 13s)

---------------  T H R E A D  ---------------

Current thread (0x000002625c6cbaa0):  JavaThread "C2 CompilerThread0" daemon [_thread_in_native, id=8176, stack(0x000000ec1a800000,0x000000ec1a900000) (1024K)]


Current CompileTask:
C2:13797 9385       4       lombok.core.AST::buildWithField (21 bytes)

Stack: [0x000000ec1a800000,0x000000ec1a900000]
Native frames: (J=compiled Java code, j=interpreted, Vv=VM code, C=native code)
V  [jvm.dll+0x6d2449]
V  [jvm.dll+0x8ae341]
V  [jvm.dll+0x8b08be]
V  [jvm.dll+0x8b0fa3]
V  [jvm.dll+0x280c96]
V  [jvm.dll+0xc581d]
V  [jvm.dll+0xc5d53]
V  [jvm.dll+0x3b9162]
V  [jvm.dll+0x385315]
V  [jvm.dll+0x38477a]
V  [jvm.dll+0x248ed0]
V  [jvm.dll+0x2484af]
V  [jvm.dll+0x1c89ee]
V  [jvm.dll+0x257d4d]
V  [jvm.dll+0x2562ea]
V  [jvm.dll+0x3f2d16]
V  [jvm.dll+0x857e6b]
V  [jvm.dll+0x6d0b0d]
C  [ucrtbase.dll+0x21bb2]
C  [KERNEL32.DLL+0x17374]
C  [ntdll.dll+0x4cc91]


---------------  P R O C E S S  ---------------

Threads class SMR info:
_java_thread_list=0x0000026267fd0d50, length=64, elements={
0x00000262439d6890, 0x0000026245cee4b0, 0x000002625c6c21b0, 0x000002625c6c54c0,
0x000002625c6c6650, 0x000002625c6ca220, 0x000002625c6cac70, 0x000002625c6cbaa0,
0x000002625dce2ee0, 0x0000026245c8e8c0, 0x000002625dd7bc00, 0x000002625dd80e70,
0x000002625f392450, 0x000002625f87a670, 0x000002626432a010, 0x000002625f9c47e0,
0x000002625fac3450, 0x00000262649aa350, 0x0000026264ba76d0, 0x000002626475f8c0,
0x000002626475eba0, 0x000002626475f230, 0x00000262647605e0, 0x0000026264761300,
0x000002626475ff50, 0x0000026264760c70, 0x0000026264761990, 0x000002626475e510,
0x00000262667d96e0, 0x00000262667d3470, 0x00000262667d68f0, 0x00000262667d4eb0,
0x00000262667d5540, 0x00000262667d6260, 0x00000262667d89c0, 0x00000262667d4190,
0x00000262667d5bd0, 0x00000262667d3b00, 0x00000262667d6f80, 0x00000262667d8330,
0x00000262667d7610, 0x00000262667d7ca0, 0x00000262667d9050, 0x00000262667d4820,
0x00000262667d9d70, 0x00000262667d2de0, 0x00000262667da400, 0x00000262685ea4c0,
0x00000262685e7d60, 0x00000262685e83f0, 0x00000262685e9110, 0x00000262685e97a0,
0x00000262685e8a80, 0x00000262685e9e30, 0x00000262685e7040, 0x00000262685e76d0,
0x0000026265a7fbe0, 0x0000026265a7e1a0, 0x0000026265a80f90, 0x0000026265a7e830,
0x0000026265a7b3b0, 0x0000026265a7d480, 0x0000026269e11280, 0x0000026266b837c0
}

Java Threads: ( => current thread )
  0x00000262439d6890 JavaThread "main"                              [_thread_blocked, id=20180, stack(0x000000ec19e00000,0x000000ec19f00000) (1024K)]
  0x0000026245cee4b0 JavaThread "Reference Handler"          daemon [_thread_blocked, id=7760, stack(0x000000ec1a200000,0x000000ec1a300000) (1024K)]
  0x000002625c6c21b0 JavaThread "Finalizer"                  daemon [_thread_blocked, id=5348, stack(0x000000ec1a300000,0x000000ec1a400000) (1024K)]
  0x000002625c6c54c0 JavaThread "Signal Dispatcher"          daemon [_thread_blocked, id=7452, stack(0x000000ec1a400000,0x000000ec1a500000) (1024K)]
  0x000002625c6c6650 JavaThread "Attach Listener"            daemon [_thread_blocked, id=22264, stack(0x000000ec1a500000,0x000000ec1a600000) (1024K)]
  0x000002625c6ca220 JavaThread "Service Thread"             daemon [_thread_blocked, id=23832, stack(0x000000ec1a600000,0x000000ec1a700000) (1024K)]
  0x000002625c6cac70 JavaThread "Monitor Deflation Thread"   daemon [_thread_blocked, id=20916, stack(0x000000ec1a700000,0x000000ec1a800000) (1024K)]
=>0x000002625c6cbaa0 JavaThread "C2 CompilerThread0"         daemon [_thread_in_native, id=8176, stack(0x000000ec1a800000,0x000000ec1a900000) (1024K)]
  0x000002625dce2ee0 JavaThread "C1 CompilerThread0"         daemon [_thread_in_vm, id=24084, stack(0x000000ec1a900000,0x000000ec1aa00000) (1024K)]
  0x0000026245c8e8c0 JavaThread "Common-Cleaner"             daemon [_thread_blocked, id=4268, stack(0x000000ec1aa00000,0x000000ec1ab00000) (1024K)]
  0x000002625dd7bc00 JavaThread "C1 CompilerThread1"         daemon [_thread_blocked, id=14628, stack(0x000000ec1ab00000,0x000000ec1ac00000) (1024K)]
  0x000002625dd80e70 JavaThread "C1 CompilerThread2"         daemon [_thread_blocked, id=13808, stack(0x000000ec1ac00000,0x000000ec1ad00000) (1024K)]
  0x000002625f392450 JavaThread "Notification Thread"        daemon [_thread_blocked, id=7384, stack(0x000000ec1ae00000,0x000000ec1af00000) (1024K)]
  0x000002625f87a670 JavaThread "Active Thread: Equinox Container: dd99d404-527e-4a36-8226-33a9e7ca3638"        [_thread_blocked, id=17668, stack(0x000000ec1b700000,0x000000ec1b800000) (1024K)]
  0x000002626432a010 JavaThread "Refresh Thread: Equinox Container: dd99d404-527e-4a36-8226-33a9e7ca3638" daemon [_thread_blocked, id=15684, stack(0x000000ec1b900000,0x000000ec1ba00000) (1024K)]
  0x000002625f9c47e0 JavaThread "Framework Event Dispatcher: Equinox Container: dd99d404-527e-4a36-8226-33a9e7ca3638" daemon [_thread_blocked, id=23456, stack(0x000000ec1ba00000,0x000000ec1bb00000) (1024K)]
  0x000002625fac3450 JavaThread "Start Level: Equinox Container: dd99d404-527e-4a36-8226-33a9e7ca3638" daemon [_thread_blocked, id=24044, stack(0x000000ec1bb00000,0x000000ec1bc00000) (1024K)]
  0x00000262649aa350 JavaThread "Bundle File Closer"         daemon [_thread_blocked, id=13216, stack(0x000000ec1bf00000,0x000000ec1c000000) (1024K)]
  0x0000026264ba76d0 JavaThread "SCR Component Actor"        daemon [_thread_blocked, id=23564, stack(0x000000ec1c000000,0x000000ec1c100000) (1024K)]
  0x000002626475f8c0 JavaThread "Worker-JM"                         [_thread_blocked, id=20984, stack(0x000000ec1c200000,0x000000ec1c300000) (1024K)]
  0x000002626475eba0 JavaThread "JNA Cleaner"                daemon [_thread_blocked, id=15540, stack(0x000000ec1c500000,0x000000ec1c600000) (1024K)]
  0x000002626475f230 JavaThread "Worker-0"                          [_thread_blocked, id=18496, stack(0x000000ec1c600000,0x000000ec1c700000) (1024K)]
  0x00000262647605e0 JavaThread "Worker-1"                          [_thread_blocked, id=23664, stack(0x000000ec1c700000,0x000000ec1c800000) (1024K)]
  0x0000026264761300 JavaThread "Java indexing"              daemon [_thread_blocked, id=23648, stack(0x000000ec1c800000,0x000000ec1c900000) (1024K)]
  0x000002626475ff50 JavaThread "Worker-2: Initialize workspace"        [_thread_blocked, id=19348, stack(0x000000ec1c900000,0x000000ec1ca00000) (1024K)]
  0x0000026264760c70 JavaThread "Worker-3"                          [_thread_blocked, id=24296, stack(0x000000ec1cc00000,0x000000ec1cd00000) (1024K)]
  0x0000026264761990 JavaThread "Worker-4"                          [_thread_blocked, id=24140, stack(0x000000ec1ce00000,0x000000ec1cf00000) (1024K)]
  0x000002626475e510 JavaThread "Thread-2"                   daemon [_thread_in_native, id=10676, stack(0x000000ec1cf00000,0x000000ec1d000000) (1024K)]
  0x00000262667d96e0 JavaThread "Thread-3"                   daemon [_thread_in_native, id=24252, stack(0x000000ec1d000000,0x000000ec1d100000) (1024K)]
  0x00000262667d3470 JavaThread "Thread-4"                   daemon [_thread_in_native, id=20212, stack(0x000000ec1d100000,0x000000ec1d200000) (1024K)]
  0x00000262667d68f0 JavaThread "Thread-5"                   daemon [_thread_in_native, id=14584, stack(0x000000ec1d200000,0x000000ec1d300000) (1024K)]
  0x00000262667d4eb0 JavaThread "Thread-6"                   daemon [_thread_in_native, id=17952, stack(0x000000ec1d300000,0x000000ec1d400000) (1024K)]
  0x00000262667d5540 JavaThread "Thread-7"                   daemon [_thread_in_native, id=13452, stack(0x000000ec1d400000,0x000000ec1d500000) (1024K)]
  0x00000262667d6260 JavaThread "Thread-8"                   daemon [_thread_in_native, id=23924, stack(0x000000ec1d500000,0x000000ec1d600000) (1024K)]
  0x00000262667d89c0 JavaThread "Thread-9"                   daemon [_thread_in_native, id=21384, stack(0x000000ec1d600000,0x000000ec1d700000) (1024K)]
  0x00000262667d4190 JavaThread "Thread-10"                  daemon [_thread_in_native, id=21228, stack(0x000000ec1d700000,0x000000ec1d800000) (1024K)]
  0x00000262667d5bd0 JavaThread "Thread-11"                  daemon [_thread_in_native, id=11580, stack(0x000000ec1d800000,0x000000ec1d900000) (1024K)]
  0x00000262667d3b00 JavaThread "Thread-12"                  daemon [_thread_in_native, id=22548, stack(0x000000ec1d900000,0x000000ec1da00000) (1024K)]
  0x00000262667d6f80 JavaThread "Thread-13"                  daemon [_thread_in_native, id=18104, stack(0x000000ec1da00000,0x000000ec1db00000) (1024K)]
  0x00000262667d8330 JavaThread "Thread-14"                  daemon [_thread_in_native, id=18148, stack(0x000000ec1db00000,0x000000ec1dc00000) (1024K)]
  0x00000262667d7610 JavaThread "Thread-15"                  daemon [_thread_in_native, id=20532, stack(0x000000ec1dc00000,0x000000ec1dd00000) (1024K)]
  0x00000262667d7ca0 JavaThread "Thread-16"                  daemon [_thread_in_native, id=21316, stack(0x000000ec1dd00000,0x000000ec1de00000) (1024K)]
  0x00000262667d9050 JavaThread "Thread-17"                  daemon [_thread_in_native, id=20988, stack(0x000000ec1de00000,0x000000ec1df00000) (1024K)]
  0x00000262667d4820 JavaThread "Thread-18"                  daemon [_thread_in_native, id=22248, stack(0x000000ec1df00000,0x000000ec1e000000) (1024K)]
  0x00000262667d9d70 JavaThread "pool-2-thread-1"                   [_thread_blocked, id=21404, stack(0x000000ec1e100000,0x000000ec1e200000) (1024K)]
  0x00000262667d2de0 JavaThread "WorkspaceEventsHandler"            [_thread_blocked, id=19156, stack(0x000000ec1e500000,0x000000ec1e600000) (1024K)]
  0x00000262667da400 JavaThread "pool-1-thread-1"                   [_thread_in_Java, id=23960, stack(0x000000ec1e600000,0x000000ec1e700000) (1024K)]
  0x00000262685ea4c0 JavaThread "ForkJoinPool.commonPool-worker-1" daemon [_thread_blocked, id=8236, stack(0x000000ec1e700000,0x000000ec1e800000) (1024K)]
  0x00000262685e7d60 JavaThread "ForkJoinPool.commonPool-worker-2" daemon [_thread_blocked, id=13456, stack(0x000000ec1e800000,0x000000ec1e900000) (1024K)]
  0x00000262685e83f0 JavaThread "ForkJoinPool.commonPool-worker-3" daemon [_thread_blocked, id=21028, stack(0x000000ec1e900000,0x000000ec1ea00000) (1024K)]
  0x00000262685e9110 JavaThread "ForkJoinPool.commonPool-worker-4" daemon [_thread_blocked, id=18284, stack(0x000000ec1ea00000,0x000000ec1eb00000) (1024K)]
  0x00000262685e97a0 JavaThread "ForkJoinPool.commonPool-worker-5" daemon [_thread_blocked, id=19568, stack(0x000000ec1eb00000,0x000000ec1ec00000) (1024K)]
  0x00000262685e8a80 JavaThread "ForkJoinPool.commonPool-worker-6" daemon [_thread_blocked, id=23568, stack(0x000000ec1ec00000,0x000000ec1ed00000) (1024K)]
  0x00000262685e9e30 JavaThread "ForkJoinPool.commonPool-worker-7" daemon [_thread_blocked, id=13504, stack(0x000000ec1ed00000,0x000000ec1ee00000) (1024K)]
  0x00000262685e7040 JavaThread "ForkJoinPool.commonPool-worker-8" daemon [_thread_blocked, id=2136, stack(0x000000ec1ee00000,0x000000ec1ef00000) (1024K)]
  0x00000262685e76d0 JavaThread "ForkJoinPool.commonPool-worker-9" daemon [_thread_blocked, id=320, stack(0x000000ec1ef00000,0x000000ec1f000000) (1024K)]
  0x0000026265a7fbe0 JavaThread "ForkJoinPool.commonPool-worker-10" daemon [_thread_blocked, id=13388, stack(0x000000ec1f000000,0x000000ec1f100000) (1024K)]
  0x0000026265a7e1a0 JavaThread "ForkJoinPool.commonPool-worker-11" daemon [_thread_blocked, id=13340, stack(0x000000ec1f100000,0x000000ec1f200000) (1024K)]
  0x0000026265a80f90 JavaThread "ForkJoinPool.commonPool-worker-12" daemon [_thread_blocked, id=17284, stack(0x000000ec1f200000,0x000000ec1f300000) (1024K)]
  0x0000026265a7e830 JavaThread "ForkJoinPool.commonPool-worker-13" daemon [_thread_blocked, id=2448, stack(0x000000ec1f300000,0x000000ec1f400000) (1024K)]
  0x0000026265a7b3b0 JavaThread "ForkJoinPool.commonPool-worker-14" daemon [_thread_blocked, id=19680, stack(0x000000ec1f400000,0x000000ec1f500000) (1024K)]
  0x0000026265a7d480 JavaThread "ForkJoinPool.commonPool-worker-15" daemon [_thread_blocked, id=16060, stack(0x000000ec1f500000,0x000000ec1f600000) (1024K)]
  0x0000026269e11280 JavaThread "C1 CompilerThread3"         daemon [_thread_blocked, id=10872, stack(0x000000ec1c300000,0x000000ec1c400000) (1024K)]
  0x0000026266b837c0 JavaThread "C2 CompilerThread1"         daemon [_thread_in_native, id=8124, stack(0x000000ec1ad00000,0x000000ec1ae00000) (1024K)]
Total: 64

Other Threads:
  0x000002625c6b49b0 VMThread "VM Thread"                           [id=21568, stack(0x000000ec1a100000,0x000000ec1a200000) (1024K)]
  0x0000026245c8d920 WatcherThread "VM Periodic Task Thread"        [id=13880, stack(0x000000ec1a000000,0x000000ec1a100000) (1024K)]
  0x0000026245c3f210 WorkerThread "GC Thread#0"                     [id=17396, stack(0x000000ec19f00000,0x000000ec1a000000) (1024K)]
  0x000002625f5d95f0 WorkerThread "GC Thread#1"                     [id=11472, stack(0x000000ec1b000000,0x000000ec1b100000) (1024K)]
  0x000002625f6c2a60 WorkerThread "GC Thread#2"                     [id=18356, stack(0x000000ec1b100000,0x000000ec1b200000) (1024K)]
  0x000002626404e230 WorkerThread "GC Thread#3"                     [id=4404, stack(0x000000ec1b200000,0x000000ec1b300000) (1024K)]
  0x000002626404e5d0 WorkerThread "GC Thread#4"                     [id=13248, stack(0x000000ec1b300000,0x000000ec1b400000) (1024K)]
  0x000002625f95bc80 WorkerThread "GC Thread#5"                     [id=23772, stack(0x000000ec1b400000,0x000000ec1b500000) (1024K)]
  0x000002625f95c020 WorkerThread "GC Thread#6"                     [id=12216, stack(0x000000ec1b500000,0x000000ec1b600000) (1024K)]
  0x000002626408b490 WorkerThread "GC Thread#7"                     [id=3484, stack(0x000000ec1b800000,0x000000ec1b900000) (1024K)]
  0x00000262645901c0 WorkerThread "GC Thread#8"                     [id=14008, stack(0x000000ec1bc00000,0x000000ec1bd00000) (1024K)]
  0x000002626419c7c0 WorkerThread "GC Thread#9"                     [id=18516, stack(0x000000ec1bd00000,0x000000ec1be00000) (1024K)]
  0x000002626419ae60 WorkerThread "GC Thread#10"                    [id=21324, stack(0x000000ec1be00000,0x000000ec1bf00000) (1024K)]
  0x000002626419b5a0 WorkerThread "GC Thread#11"                    [id=17200, stack(0x000000ec1b600000,0x000000ec1b700000) (1024K)]
  0x000002626419b940 WorkerThread "GC Thread#12"                    [id=20816, stack(0x000000ec1c400000,0x000000ec1c500000) (1024K)]
Total: 15

Threads with active compile tasks:
C2 CompilerThread0  13818 9385       4       lombok.core.AST::buildWithField (21 bytes)
C2 CompilerThread1  13818 9386   !   4       lombok.core.AST::buildWithField0 (121 bytes)
Total: 2

VM state: not at safepoint (normal execution)

VM Mutex/Monitor currently owned by a thread: None

Heap address: 0x0000000080000000, size: 2048 MB, Compressed Oops mode: 32-bit

CDS archive(s) mapped at: [0x0000026200000000-0x0000026200ba0000-0x0000026200ba0000), size 12189696, SharedBaseAddress: 0x0000026200000000, ArchiveRelocationMode: 1.
Compressed class space mapped at: 0x0000026201000000-0x0000026241000000, reserved size: 1073741824
Narrow klass base: 0x0000026200000000, Narrow klass shift: 0, Narrow klass range: 0x100000000

GC Precious Log:
 CardTable entry size: 512
 CPUs: 16 total, 16 available
 Memory: 16085M
 Large Page Support: Disabled
 NUMA Support: Disabled
 Compressed Oops: Enabled (32-bit)
 Alignments: Space 512K, Generation 512K, Heap 2M
 Heap Min Capacity: 100M
 Heap Initial Capacity: 100M
 Heap Max Capacity: 2G
 Pre-touch: Disabled
 Parallel Workers: 13

Heap:
 PSYoungGen      total 10240K, used 2886K [0x00000000d5580000, 0x00000000d6080000, 0x0000000100000000)
  eden space 9216K, 24% used [0x00000000d5580000,0x00000000d57af218,0x00000000d5e80000)
  from space 1024K, 63% used [0x00000000d5e80000,0x00000000d5f22648,0x00000000d5f80000)
  to   space 1024K, 0% used [0x00000000d5f80000,0x00000000d5f80000,0x00000000d6080000)
 ParOldGen       total 68608K, used 63044K [0x0000000080000000, 0x0000000084300000, 0x00000000d5580000)
  object space 68608K, 91% used [0x0000000080000000,0x0000000083d912f8,0x0000000084300000)
 Metaspace       used 57799K, committed 59200K, reserved 1114112K
  class space    used 6128K, committed 6784K, reserved 1048576K

Card table byte_map: [0x0000026245600000,0x0000026245a10000] _byte_map_base: 0x0000026245200000

Marking Bits: (ParMarkBitMap*) 0x00007ffe8a08a340
 Begin Bits: [0x00000262580d0000, 0x000002625a0d0000)
 End Bits:   [0x000002625a0d0000, 0x000002625c0d0000)

Polling page: 0x00000262453f0000

Metaspace:

Usage:
  Non-class:     50.46 MB used.
      Class:      5.99 MB used.
       Both:     56.44 MB used.

Virtual space:
  Non-class space:       64.00 MB reserved,      51.19 MB ( 80%) committed,  1 nodes.
      Class space:        1.00 GB reserved,       6.62 MB ( <1%) committed,  1 nodes.
             Both:        1.06 GB reserved,      57.81 MB (  5%) committed. 

Chunk freelists:
   Non-Class:  12.38 MB
       Class:  9.36 MB
        Both:  21.73 MB

MaxMetaspaceSize: unlimited
CompressedClassSpaceSize: 1.00 GB
Initial GC threshold: 21.00 MB
Current GC threshold: 58.88 MB
CDS: on
 - commit_granule_bytes: 65536.
 - commit_granule_words: 8192.
 - virtual_space_node_default_size: 8388608.
 - enlarge_chunks_in_place: 1.
 - use_allocation_guard: 0.


Internal statistics:

num_allocs_failed_limit: 10.
num_arena_births: 1160.
num_arena_deaths: 14.
num_vsnodes_births: 2.
num_vsnodes_deaths: 0.
num_space_committed: 925.
num_space_uncommitted: 0.
num_chunks_returned_to_freelist: 24.
num_chunks_taken_from_freelist: 3874.
num_chunk_merges: 15.
num_chunk_splits: 2392.
num_chunks_enlarged: 1346.
num_inconsistent_stats: 0.

CodeHeap 'non-profiled nmethods': size=119168Kb used=6725Kb max_used=6725Kb free=112442Kb
 bounds [0x00000262509c0000, 0x0000026251060000, 0x0000026257e20000]
CodeHeap 'profiled nmethods': size=119104Kb used=22388Kb max_used=22388Kb free=96715Kb
 bounds [0x0000026248e20000, 0x000002624a400000, 0x0000026250270000]
CodeHeap 'non-nmethods': size=7488Kb used=3102Kb max_used=3210Kb free=4385Kb
 bounds [0x0000026250270000, 0x00000262505b0000, 0x00000262509c0000]
CodeCache: size=245760Kb, used=32215Kb, max_used=32323Kb, free=213542Kb
 total_blobs=10350, nmethods=9637, adapters=615, full_count=0
Compilation: enabled, stopped_count=0, restarted_count=0

Compilation events (20 events):
Event: 13.714 Thread 0x0000026269e11280 10299       2       java.util.Spliterators$IteratorSpliterator::forEachRemaining (58 bytes)
Event: 13.714 Thread 0x0000026269e11280 nmethod 10299 0x000002624a3ef390 code [0x000002624a3ef560, 0x000002624a3ef800]
Event: 13.719 Thread 0x000002625dd80e70 10301       2       java.text.MessageFormat::applyPattern (422 bytes)
Event: 13.720 Thread 0x0000026269e11280 10302       2       org.eclipse.jdt.internal.core.JarPackageFragmentRoot::getPackageFragment (10 bytes)
Event: 13.720 Thread 0x000002625dce2ee0 10303       2       org.eclipse.core.internal.dtree.DataTreeLookup::newLookup (12 bytes)
Event: 13.720 Thread 0x0000026269e11280 nmethod 10302 0x000002624a3ef910 code [0x000002624a3efac0, 0x000002624a3efc90]
Event: 13.720 Thread 0x000002625dce2ee0 nmethod 10303 0x000002624a3efd90 code [0x000002624a3eff20, 0x000002624a3f0098]
Event: 13.721 Thread 0x000002625dd80e70 nmethod 10301 0x000002624a3f0190 code [0x000002624a3f0460, 0x000002624a3f15f8]
Event: 13.730 Thread 0x000002625dd80e70 10304       1       java.text.FieldPosition::getFieldAttribute (5 bytes)
Event: 13.730 Thread 0x000002625dd80e70 nmethod 10304 0x0000026251051490 code [0x0000026251051620, 0x00000262510516e8]
Event: 13.781 Thread 0x000002625dce2ee0 10308       2       org.eclipse.core.runtime.Status::setSeverity (40 bytes)
Event: 13.781 Thread 0x000002625dd80e70 10309       2       org.eclipse.core.runtime.Status::setPlugin (26 bytes)
Event: 13.781 Thread 0x000002625dd7bc00 10310       2       org.eclipse.core.runtime.Status::setMessage (19 bytes)
Event: 13.781 Thread 0x000002625dd7bc00 nmethod 10310 0x000002624a3f2010 code [0x000002624a3f21c0, 0x000002624a3f2348]
Event: 13.781 Thread 0x000002625dce2ee0 nmethod 10308 0x000002624a3f2410 code [0x000002624a3f25c0, 0x000002624a3f27e0]
Event: 13.781 Thread 0x000002625dd80e70 nmethod 10309 0x000002624a3f2910 code [0x000002624a3f2ac0, 0x000002624a3f2cf0]
Event: 13.782 Thread 0x000002625dd80e70 10313       2       java.text.Format::<init> (5 bytes)
Event: 13.782 Thread 0x000002625dd80e70 nmethod 10313 0x000002624a3f2e90 code [0x000002624a3f3020, 0x000002624a3f3128]
Event: 13.795 Thread 0x000002625dd7bc00 10317       2       org.eclipse.core.runtime.Status::interpolateMessage (41 bytes)
Event: 13.795 Thread 0x000002625dd7bc00 nmethod 10317 0x000002624a3f3210 code [0x000002624a3f33e0, 0x000002624a3f35e8]

GC Heap History (20 events):
Event: 13.222 GC heap before
{Heap before GC invocations=63 (full 2):
 PSYoungGen      total 10240K, used 9735K [0x00000000d5580000, 0x00000000d6080000, 0x0000000100000000)
  eden space 9216K, 100% used [0x00000000d5580000,0x00000000d5e80000,0x00000000d5e80000)
  from space 1024K, 50% used [0x00000000d5f80000,0x00000000d6001f30,0x00000000d6080000)
  to   space 1024K, 0% used [0x00000000d5e80000,0x00000000d5e80000,0x00000000d5f80000)
 ParOldGen       total 68608K, used 60226K [0x0000000080000000, 0x0000000084300000, 0x00000000d5580000)
  object space 68608K, 87% used [0x0000000080000000,0x0000000083ad0aa8,0x0000000084300000)
 Metaspace       used 57284K, committed 58624K, reserved 1114112K
  class space    used 6094K, committed 6720K, reserved 1048576K
}
Event: 13.223 GC heap after
{Heap after GC invocations=63 (full 2):
 PSYoungGen      total 10240K, used 416K [0x00000000d5580000, 0x00000000d6000000, 0x0000000100000000)
  eden space 9216K, 0% used [0x00000000d5580000,0x00000000d5580000,0x00000000d5e80000)
  from space 1024K, 40% used [0x00000000d5e80000,0x00000000d5ee8000,0x00000000d5f80000)
  to   space 512K, 0% used [0x00000000d5f80000,0x00000000d5f80000,0x00000000d6000000)
 ParOldGen       total 68608K, used 60532K [0x0000000080000000, 0x0000000084300000, 0x00000000d5580000)
  object space 68608K, 88% used [0x0000000080000000,0x0000000083b1d2d8,0x0000000084300000)
 Metaspace       used 57284K, committed 58624K, reserved 1114112K
  class space    used 6094K, committed 6720K, reserved 1048576K
}
Event: 13.335 GC heap before
{Heap before GC invocations=64 (full 2):
 PSYoungGen      total 10240K, used 9632K [0x00000000d5580000, 0x00000000d6000000, 0x0000000100000000)
  eden space 9216K, 100% used [0x00000000d5580000,0x00000000d5e80000,0x00000000d5e80000)
  from space 1024K, 40% used [0x00000000d5e80000,0x00000000d5ee8000,0x00000000d5f80000)
  to   space 512K, 0% used [0x00000000d5f80000,0x00000000d5f80000,0x00000000d6000000)
 ParOldGen       total 68608K, used 60532K [0x0000000080000000, 0x0000000084300000, 0x00000000d5580000)
  object space 68608K, 88% used [0x0000000080000000,0x0000000083b1d2d8,0x0000000084300000)
 Metaspace       used 57332K, committed 58688K, reserved 1114112K
  class space    used 6101K, committed 6720K, reserved 1048576K
}
Event: 13.337 GC heap after
{Heap after GC invocations=64 (full 2):
 PSYoungGen      total 9728K, used 384K [0x00000000d5580000, 0x00000000d6000000, 0x0000000100000000)
  eden space 9216K, 0% used [0x00000000d5580000,0x00000000d5580000,0x00000000d5e80000)
  from space 512K, 75% used [0x00000000d5f80000,0x00000000d5fe0000,0x00000000d6000000)
  to   space 512K, 0% used [0x00000000d5f00000,0x00000000d5f00000,0x00000000d5f80000)
 ParOldGen       total 68608K, used 60764K [0x0000000080000000, 0x0000000084300000, 0x00000000d5580000)
  object space 68608K, 88% used [0x0000000080000000,0x0000000083b572e8,0x0000000084300000)
 Metaspace       used 57332K, committed 58688K, reserved 1114112K
  class space    used 6101K, committed 6720K, reserved 1048576K
}
Event: 13.457 GC heap before
{Heap before GC invocations=65 (full 2):
 PSYoungGen      total 9728K, used 9600K [0x00000000d5580000, 0x00000000d6000000, 0x0000000100000000)
  eden space 9216K, 100% used [0x00000000d5580000,0x00000000d5e80000,0x00000000d5e80000)
  from space 512K, 75% used [0x00000000d5f80000,0x00000000d5fe0000,0x00000000d6000000)
  to   space 512K, 0% used [0x00000000d5f00000,0x00000000d5f00000,0x00000000d5f80000)
 ParOldGen       total 68608K, used 60764K [0x0000000080000000, 0x0000000084300000, 0x00000000d5580000)
  object space 68608K, 88% used [0x0000000080000000,0x0000000083b572e8,0x0000000084300000)
 Metaspace       used 57386K, committed 58688K, reserved 1114112K
  class space    used 6102K, committed 6720K, reserved 1048576K
}
Event: 13.457 GC heap after
{Heap after GC invocations=65 (full 2):
 PSYoungGen      total 9728K, used 512K [0x00000000d5580000, 0x00000000d6080000, 0x0000000100000000)
  eden space 9216K, 0% used [0x00000000d5580000,0x00000000d5580000,0x00000000d5e80000)
  from space 512K, 100% used [0x00000000d5f00000,0x00000000d5f80000,0x00000000d5f80000)
  to   space 1024K, 0% used [0x00000000d5f80000,0x00000000d5f80000,0x00000000d6080000)
 ParOldGen       total 68608K, used 60908K [0x0000000080000000, 0x0000000084300000, 0x00000000d5580000)
  object space 68608K, 88% used [0x0000000080000000,0x0000000083b7b2e8,0x0000000084300000)
 Metaspace       used 57386K, committed 58688K, reserved 1114112K
  class space    used 6102K, committed 6720K, reserved 1048576K
}
Event: 13.497 GC heap before
{Heap before GC invocations=66 (full 2):
 PSYoungGen      total 9728K, used 9728K [0x00000000d5580000, 0x00000000d6080000, 0x0000000100000000)
  eden space 9216K, 100% used [0x00000000d5580000,0x00000000d5e80000,0x00000000d5e80000)
  from space 512K, 100% used [0x00000000d5f00000,0x00000000d5f80000,0x00000000d5f80000)
  to   space 1024K, 0% used [0x00000000d5f80000,0x00000000d5f80000,0x00000000d6080000)
 ParOldGen       total 68608K, used 60908K [0x0000000080000000, 0x0000000084300000, 0x00000000d5580000)
  object space 68608K, 88% used [0x0000000080000000,0x0000000083b7b2e8,0x0000000084300000)
 Metaspace       used 57427K, committed 58752K, reserved 1114112K
  class space    used 6102K, committed 6720K, reserved 1048576K
}
Event: 13.498 GC heap after
{Heap after GC invocations=66 (full 2):
 PSYoungGen      total 10240K, used 640K [0x00000000d5580000, 0x00000000d6080000, 0x0000000100000000)
  eden space 9216K, 0% used [0x00000000d5580000,0x00000000d5580000,0x00000000d5e80000)
  from space 1024K, 62% used [0x00000000d5f80000,0x00000000d6020000,0x00000000d6080000)
  to   space 1024K, 0% used [0x00000000d5e80000,0x00000000d5e80000,0x00000000d5f80000)
 ParOldGen       total 68608K, used 61076K [0x0000000080000000, 0x0000000084300000, 0x00000000d5580000)
  object space 68608K, 89% used [0x0000000080000000,0x0000000083ba5250,0x0000000084300000)
 Metaspace       used 57427K, committed 58752K, reserved 1114112K
  class space    used 6102K, committed 6720K, reserved 1048576K
}
Event: 13.644 GC heap before
{Heap before GC invocations=67 (full 2):
 PSYoungGen      total 10240K, used 9856K [0x00000000d5580000, 0x00000000d6080000, 0x0000000100000000)
  eden space 9216K, 100% used [0x00000000d5580000,0x00000000d5e80000,0x00000000d5e80000)
  from space 1024K, 62% used [0x00000000d5f80000,0x00000000d6020000,0x00000000d6080000)
  to   space 1024K, 0% used [0x00000000d5e80000,0x00000000d5e80000,0x00000000d5f80000)
 ParOldGen       total 68608K, used 61076K [0x0000000080000000, 0x0000000084300000, 0x00000000d5580000)
  object space 68608K, 89% used [0x0000000080000000,0x0000000083ba5250,0x0000000084300000)
 Metaspace       used 57636K, committed 58944K, reserved 1114112K
  class space    used 6115K, committed 6720K, reserved 1048576K
}
Event: 13.647 GC heap after
{Heap after GC invocations=67 (full 2):
 PSYoungGen      total 10240K, used 480K [0x00000000d5580000, 0x00000000d6080000, 0x0000000100000000)
  eden space 9216K, 0% used [0x00000000d5580000,0x00000000d5580000,0x00000000d5e80000)
  from space 1024K, 46% used [0x00000000d5e80000,0x00000000d5ef8000,0x00000000d5f80000)
  to   space 1024K, 0% used [0x00000000d5f80000,0x00000000d5f80000,0x00000000d6080000)
 ParOldGen       total 68608K, used 61180K [0x0000000080000000, 0x0000000084300000, 0x00000000d5580000)
  object space 68608K, 89% used [0x0000000080000000,0x0000000083bbf250,0x0000000084300000)
 Metaspace       used 57636K, committed 58944K, reserved 1114112K
  class space    used 6115K, committed 6720K, reserved 1048576K
}
Event: 13.690 GC heap before
{Heap before GC invocations=68 (full 2):
 PSYoungGen      total 10240K, used 9696K [0x00000000d5580000, 0x00000000d6080000, 0x0000000100000000)
  eden space 9216K, 100% used [0x00000000d5580000,0x00000000d5e80000,0x00000000d5e80000)
  from space 1024K, 46% used [0x00000000d5e80000,0x00000000d5ef8000,0x00000000d5f80000)
  to   space 1024K, 0% used [0x00000000d5f80000,0x00000000d5f80000,0x00000000d6080000)
 ParOldGen       total 68608K, used 61180K [0x0000000080000000, 0x0000000084300000, 0x00000000d5580000)
  object space 68608K, 89% used [0x0000000080000000,0x0000000083bbf250,0x0000000084300000)
 Metaspace       used 57692K, committed 59072K, reserved 1114112K
  class space    used 6122K, committed 6720K, reserved 1048576K
}
Event: 13.691 GC heap after
{Heap after GC invocations=68 (full 2):
 PSYoungGen      total 10240K, used 761K [0x00000000d5580000, 0x00000000d6080000, 0x0000000100000000)
  eden space 9216K, 0% used [0x00000000d5580000,0x00000000d5580000,0x00000000d5e80000)
  from space 1024K, 74% used [0x00000000d5f80000,0x00000000d603e710,0x00000000d6080000)
  to   space 1024K, 0% used [0x00000000d5e80000,0x00000000d5e80000,0x00000000d5f80000)
 ParOldGen       total 68608K, used 61475K [0x0000000080000000, 0x0000000084300000, 0x00000000d5580000)
  object space 68608K, 89% used [0x0000000080000000,0x0000000083c08db8,0x0000000084300000)
 Metaspace       used 57692K, committed 59072K, reserved 1114112K
  class space    used 6122K, committed 6720K, reserved 1048576K
}
Event: 13.721 GC heap before
{Heap before GC invocations=69 (full 2):
 PSYoungGen      total 10240K, used 9977K [0x00000000d5580000, 0x00000000d6080000, 0x0000000100000000)
  eden space 9216K, 100% used [0x00000000d5580000,0x00000000d5e80000,0x00000000d5e80000)
  from space 1024K, 74% used [0x00000000d5f80000,0x00000000d603e710,0x00000000d6080000)
  to   space 1024K, 0% used [0x00000000d5e80000,0x00000000d5e80000,0x00000000d5f80000)
 ParOldGen       total 68608K, used 61475K [0x0000000080000000, 0x0000000084300000, 0x00000000d5580000)
  object space 68608K, 89% used [0x0000000080000000,0x0000000083c08db8,0x0000000084300000)
 Metaspace       used 57722K, committed 59136K, reserved 1114112K
  class space    used 6125K, committed 6784K, reserved 1048576K
}
Event: 13.722 GC heap after
{Heap after GC invocations=69 (full 2):
 PSYoungGen      total 10240K, used 489K [0x00000000d5580000, 0x00000000d6080000, 0x0000000100000000)
  eden space 9216K, 0% used [0x00000000d5580000,0x00000000d5580000,0x00000000d5e80000)
  from space 1024K, 47% used [0x00000000d5e80000,0x00000000d5efa4d0,0x00000000d5f80000)
  to   space 1024K, 0% used [0x00000000d5f80000,0x00000000d5f80000,0x00000000d6080000)
 ParOldGen       total 68608K, used 61957K [0x0000000080000000, 0x0000000084300000, 0x00000000d5580000)
  object space 68608K, 90% used [0x0000000080000000,0x0000000083c81600,0x0000000084300000)
 Metaspace       used 57722K, committed 59136K, reserved 1114112K
  class space    used 6125K, committed 6784K, reserved 1048576K
}
Event: 13.755 GC heap before
{Heap before GC invocations=70 (full 2):
 PSYoungGen      total 10240K, used 9705K [0x00000000d5580000, 0x00000000d6080000, 0x0000000100000000)
  eden space 9216K, 100% used [0x00000000d5580000,0x00000000d5e80000,0x00000000d5e80000)
  from space 1024K, 47% used [0x00000000d5e80000,0x00000000d5efa4d0,0x00000000d5f80000)
  to   space 1024K, 0% used [0x00000000d5f80000,0x00000000d5f80000,0x00000000d6080000)
 ParOldGen       total 68608K, used 61957K [0x0000000080000000, 0x0000000084300000, 0x00000000d5580000)
  object space 68608K, 90% used [0x0000000080000000,0x0000000083c81600,0x0000000084300000)
 Metaspace       used 57778K, committed 59200K, reserved 1114112K
  class space    used 6128K, committed 6784K, reserved 1048576K
}
Event: 13.755 GC heap after
{Heap after GC invocations=70 (full 2):
 PSYoungGen      total 10240K, used 630K [0x00000000d5580000, 0x00000000d6080000, 0x0000000100000000)
  eden space 9216K, 0% used [0x00000000d5580000,0x00000000d5580000,0x00000000d5e80000)
  from space 1024K, 61% used [0x00000000d5f80000,0x00000000d601da18,0x00000000d6080000)
  to   space 1024K, 0% used [0x00000000d5e80000,0x00000000d5e80000,0x00000000d5f80000)
 ParOldGen       total 68608K, used 62132K [0x0000000080000000, 0x0000000084300000, 0x00000000d5580000)
  object space 68608K, 90% used [0x0000000080000000,0x0000000083cad3c8,0x0000000084300000)
 Metaspace       used 57778K, committed 59200K, reserved 1114112K
  class space    used 6128K, committed 6784K, reserved 1048576K
}
Event: 13.771 GC heap before
{Heap before GC invocations=71 (full 2):
 PSYoungGen      total 10240K, used 9846K [0x00000000d5580000, 0x00000000d6080000, 0x0000000100000000)
  eden space 9216K, 100% used [0x00000000d5580000,0x00000000d5e80000,0x00000000d5e80000)
  from space 1024K, 61% used [0x00000000d5f80000,0x00000000d601da18,0x00000000d6080000)
  to   space 1024K, 0% used [0x00000000d5e80000,0x00000000d5e80000,0x00000000d5f80000)
 ParOldGen       total 68608K, used 62132K [0x0000000080000000, 0x0000000084300000, 0x00000000d5580000)
  object space 68608K, 90% used [0x0000000080000000,0x0000000083cad3c8,0x0000000084300000)
 Metaspace       used 57780K, committed 59200K, reserved 1114112K
  class space    used 6128K, committed 6784K, reserved 1048576K
}
Event: 13.772 GC heap after
{Heap after GC invocations=71 (full 2):
 PSYoungGen      total 10240K, used 609K [0x00000000d5580000, 0x00000000d6080000, 0x0000000100000000)
  eden space 9216K, 0% used [0x00000000d5580000,0x00000000d5580000,0x00000000d5e80000)
  from space 1024K, 59% used [0x00000000d5e80000,0x00000000d5f186a0,0x00000000d5f80000)
  to   space 1024K, 0% used [0x00000000d5f80000,0x00000000d5f80000,0x00000000d6080000)
 ParOldGen       total 68608K, used 62498K [0x0000000080000000, 0x0000000084300000, 0x00000000d5580000)
  object space 68608K, 91% used [0x0000000080000000,0x0000000083d08848,0x0000000084300000)
 Metaspace       used 57780K, committed 59200K, reserved 1114112K
  class space    used 6128K, committed 6784K, reserved 1048576K
}
Event: 13.789 GC heap before
{Heap before GC invocations=72 (full 2):
 PSYoungGen      total 10240K, used 9825K [0x00000000d5580000, 0x00000000d6080000, 0x0000000100000000)
  eden space 9216K, 100% used [0x00000000d5580000,0x00000000d5e80000,0x00000000d5e80000)
  from space 1024K, 59% used [0x00000000d5e80000,0x00000000d5f186a0,0x00000000d5f80000)
  to   space 1024K, 0% used [0x00000000d5f80000,0x00000000d5f80000,0x00000000d6080000)
 ParOldGen       total 68608K, used 62498K [0x0000000080000000, 0x0000000084300000, 0x00000000d5580000)
  object space 68608K, 91% used [0x0000000080000000,0x0000000083d08848,0x0000000084300000)
 Metaspace       used 57781K, committed 59200K, reserved 1114112K
  class space    used 6128K, committed 6784K, reserved 1048576K
}
Event: 13.789 GC heap after
{Heap after GC invocations=72 (full 2):
 PSYoungGen      total 10240K, used 547K [0x00000000d5580000, 0x00000000d6080000, 0x0000000100000000)
  eden space 9216K, 0% used [0x00000000d5580000,0x00000000d5580000,0x00000000d5e80000)
  from space 1024K, 53% used [0x00000000d5f80000,0x00000000d6008df0,0x00000000d6080000)
  to   space 1024K, 0% used [0x00000000d5e80000,0x00000000d5e80000,0x00000000d5f80000)
 ParOldGen       total 68608K, used 62806K [0x0000000080000000, 0x0000000084300000, 0x00000000d5580000)
  object space 68608K, 91% used [0x0000000080000000,0x0000000083d558a0,0x0000000084300000)
 Metaspace       used 57781K, committed 59200K, reserved 1114112K
  class space    used 6128K, committed 6784K, reserved 1048576K
}

Dll operation events (10 events):
Event: 0.011 Loaded shared library c:\Users\OMAR INFO\.windsurf\extensions\redhat.java-1.45.0-win32-x64\jre\21.0.8-win32-x86_64\bin\java.dll
Event: 0.106 Loaded shared library c:\Users\OMAR INFO\.windsurf\extensions\redhat.java-1.45.0-win32-x64\jre\21.0.8-win32-x86_64\bin\zip.dll
Event: 0.131 Loaded shared library C:\Users\OMAR INFO\.windsurf\extensions\redhat.java-1.45.0-win32-x64\jre\21.0.8-win32-x86_64\bin\instrument.dll
Event: 0.136 Loaded shared library C:\Users\OMAR INFO\.windsurf\extensions\redhat.java-1.45.0-win32-x64\jre\21.0.8-win32-x86_64\bin\net.dll
Event: 0.138 Loaded shared library C:\Users\OMAR INFO\.windsurf\extensions\redhat.java-1.45.0-win32-x64\jre\21.0.8-win32-x86_64\bin\nio.dll
Event: 0.143 Loaded shared library C:\Users\OMAR INFO\.windsurf\extensions\redhat.java-1.45.0-win32-x64\jre\21.0.8-win32-x86_64\bin\zip.dll
Event: 0.161 Loaded shared library C:\Users\OMAR INFO\.windsurf\extensions\redhat.java-1.45.0-win32-x64\jre\21.0.8-win32-x86_64\bin\jimage.dll
Event: 0.265 Loaded shared library c:\Users\OMAR INFO\.windsurf\extensions\redhat.java-1.45.0-win32-x64\jre\21.0.8-win32-x86_64\bin\verify.dll
Event: 1.439 Loaded shared library C:\Users\OMAR INFO\AppData\Roaming\Windsurf\User\globalStorage\redhat.java\1.45.0\config_win\org.eclipse.equinox.launcher\org.eclipse.equinox.launcher.win32.win32.x86_64_1.2.1400.v20250801-0854\eclipse_11916.dll
Event: 3.035 Loaded shared library C:\Users\OMAR INFO\AppData\Local\Temp\jna--64980065\jna3157318941998691983.dll

Deoptimization events (20 events):
Event: 13.678 Thread 0x00000262667da400 Uncommon trap: trap_request=0xffffffbe fr.pc=0x0000026250e27e48 relative=0x00000000000023a8
Event: 13.678 Thread 0x00000262667da400 Uncommon trap: reason=profile_predicate action=maybe_recompile pc=0x0000026250e27e48 method=org.eclipse.jdt.internal.core.util.DeduplicationUtil.intern(Ljava/util/List;)Ljava/util/List; @ 127 c2
Event: 13.678 Thread 0x00000262667da400 DEOPT PACKING pc=0x0000026250e27e48 sp=0x000000ec1e6fdda0
Event: 13.678 Thread 0x00000262667da400 DEOPT UNPACKING pc=0x00000262502c6da2 sp=0x000000ec1e6fdd60 mode 2
Event: 13.684 Thread 0x00000262667da400 Uncommon trap: trap_request=0xffffff45 fr.pc=0x00000262510494a8 relative=0x0000000000001fe8
Event: 13.684 Thread 0x00000262667da400 Uncommon trap: reason=unstable_if action=reinterpret pc=0x00000262510494a8 method=org.eclipse.jdt.internal.compiler.parser.Scanner.internalScanIdentifierOrKeyword(II[C)Lorg/eclipse/jdt/internal/compiler/parser/TerminalToken; @ 2291 c2
Event: 13.684 Thread 0x00000262667da400 DEOPT PACKING pc=0x00000262510494a8 sp=0x000000ec1e6fda70
Event: 13.684 Thread 0x00000262667da400 DEOPT UNPACKING pc=0x00000262502c6da2 sp=0x000000ec1e6fda08 mode 2
Event: 13.729 Thread 0x00000262667da400 Uncommon trap: trap_request=0xffffff45 fr.pc=0x0000026250b77694 relative=0x0000000000000c34
Event: 13.729 Thread 0x00000262667da400 Uncommon trap: reason=unstable_if action=reinterpret pc=0x0000026250b77694 method=java.util.Arrays.mismatch([BII[BII)I @ 58 c2
Event: 13.729 Thread 0x00000262667da400 DEOPT PACKING pc=0x0000026250b77694 sp=0x000000ec1e6fde00
Event: 13.729 Thread 0x00000262667da400 DEOPT UNPACKING pc=0x00000262502c6da2 sp=0x000000ec1e6fdbf8 mode 2
Event: 13.741 Thread 0x00000262667da400 Uncommon trap: trap_request=0xffffff45 fr.pc=0x0000026250b75768 relative=0x0000000000000928
Event: 13.741 Thread 0x00000262667da400 Uncommon trap: reason=unstable_if action=reinterpret pc=0x0000026250b75768 method=java.util.Arrays.mismatch([BII[BII)I @ 58 c2
Event: 13.741 Thread 0x00000262667da400 DEOPT PACKING pc=0x0000026250b75768 sp=0x000000ec1e6fdd70
Event: 13.741 Thread 0x00000262667da400 DEOPT UNPACKING pc=0x00000262502c6da2 sp=0x000000ec1e6fdbf8 mode 2
Event: 13.779 Thread 0x00000262667da400 Uncommon trap: trap_request=0xfffffff4 fr.pc=0x000002625104c1c0 relative=0x0000000000000cc0
Event: 13.779 Thread 0x00000262667da400 Uncommon trap: reason=null_check action=make_not_entrant pc=0x000002625104c1c0 method=java.util.ArrayList$SubList.equals(Ljava/lang/Object;)Z @ 8 c2
Event: 13.779 Thread 0x00000262667da400 DEOPT PACKING pc=0x000002625104c1c0 sp=0x000000ec1e6fdc70
Event: 13.779 Thread 0x00000262667da400 DEOPT UNPACKING pc=0x00000262502c6da2 sp=0x000000ec1e6fdc38 mode 2

Classes loaded (20 events):
Event: 11.892 Loading class java/util/regex/Pattern$Caret
Event: 11.892 Loading class java/util/regex/Pattern$Caret done
Event: 11.980 Loading class java/util/stream/ReferencePipeline$4
Event: 11.980 Loading class java/util/stream/ReferencePipeline$4 done
Event: 11.980 Loading class java/util/stream/Nodes$IntFixedNodeBuilder
Event: 11.980 Loading class java/util/stream/Node$Builder$OfInt
Event: 11.980 Loading class java/util/stream/Node$Builder$OfInt done
Event: 11.980 Loading class java/util/stream/Nodes$IntArrayNode
Event: 11.980 Loading class java/util/stream/Nodes$IntArrayNode done
Event: 11.980 Loading class java/util/stream/Nodes$IntFixedNodeBuilder done
Event: 11.981 Loading class java/util/stream/ReferencePipeline$4$1
Event: 11.981 Loading class java/util/stream/ReferencePipeline$4$1 done
Event: 12.045 Loading class java/util/Hashtable$ValueCollection
Event: 12.045 Loading class java/util/Hashtable$ValueCollection done
Event: 12.126 Loading class java/nio/charset/CharacterCodingException
Event: 12.126 Loading class java/nio/charset/CharacterCodingException done
Event: 12.127 Loading class java/io/SequenceInputStream
Event: 12.127 Loading class java/io/SequenceInputStream done
Event: 12.178 Loading class java/util/WeakHashMap$KeyIterator
Event: 12.178 Loading class java/util/WeakHashMap$KeyIterator done

Classes unloaded (7 events):
Event: 3.730 Thread 0x000002625c6b49b0 Unloading class 0x00000262011aa800 'java/lang/invoke/LambdaForm$MH+0x00000262011aa800'
Event: 3.730 Thread 0x000002625c6b49b0 Unloading class 0x00000262011aa400 'java/lang/invoke/LambdaForm$MH+0x00000262011aa400'
Event: 3.730 Thread 0x000002625c6b49b0 Unloading class 0x00000262011aa000 'java/lang/invoke/LambdaForm$MH+0x00000262011aa000'
Event: 3.730 Thread 0x000002625c6b49b0 Unloading class 0x00000262011a9c00 'java/lang/invoke/LambdaForm$MH+0x00000262011a9c00'
Event: 3.730 Thread 0x000002625c6b49b0 Unloading class 0x00000262011a9800 'java/lang/invoke/LambdaForm$BMH+0x00000262011a9800'
Event: 3.730 Thread 0x000002625c6b49b0 Unloading class 0x00000262011a9400 'java/lang/invoke/LambdaForm$DMH+0x00000262011a9400'
Event: 3.730 Thread 0x000002625c6b49b0 Unloading class 0x00000262011a8000 'java/lang/invoke/LambdaForm$DMH+0x00000262011a8000'

Classes redefined (0 events):
No events

Internal exceptions (20 events):
Event: 10.226 Thread 0x0000026264760c70 Exception <a 'sun/nio/fs/WindowsException'{0x00000000d5630b10}> (0x00000000d5630b10) 
thrown [s\src\hotspot\share\prims\jni.cpp, line 520]
Event: 10.226 Thread 0x0000026264760c70 Exception <a 'sun/nio/fs/WindowsException'{0x00000000d5631278}> (0x00000000d5631278) 
thrown [s\src\hotspot\share\prims\jni.cpp, line 520]
Event: 10.226 Thread 0x0000026264760c70 Exception <a 'sun/nio/fs/WindowsException'{0x00000000d56319f0}> (0x00000000d56319f0) 
thrown [s\src\hotspot\share\prims\jni.cpp, line 520]
Event: 10.228 Thread 0x0000026264760c70 Exception <a 'sun/nio/fs/WindowsException'{0x00000000d5636c60}> (0x00000000d5636c60) 
thrown [s\src\hotspot\share\prims\jni.cpp, line 520]
Event: 10.228 Thread 0x0000026264760c70 Exception <a 'sun/nio/fs/WindowsException'{0x00000000d5637408}> (0x00000000d5637408) 
thrown [s\src\hotspot\share\prims\jni.cpp, line 520]
Event: 10.228 Thread 0x0000026264760c70 Exception <a 'sun/nio/fs/WindowsException'{0x00000000d5637bb8}> (0x00000000d5637bb8) 
thrown [s\src\hotspot\share\prims\jni.cpp, line 520]
Event: 10.228 Thread 0x0000026264760c70 Exception <a 'sun/nio/fs/WindowsException'{0x00000000d5638378}> (0x00000000d5638378) 
thrown [s\src\hotspot\share\prims\jni.cpp, line 520]
Event: 12.139 Thread 0x00000262667da400 Exception <a 'java/io/FileNotFoundException'{0x00000000d5d0eb48}> (0x00000000d5d0eb48) 
thrown [s\src\hotspot\share\prims\jni.cpp, line 520]
Event: 12.139 Thread 0x00000262667da400 Exception <a 'java/io/FileNotFoundException'{0x00000000d5d0ffa0}> (0x00000000d5d0ffa0) 
thrown [s\src\hotspot\share\prims\jni.cpp, line 520]
Event: 12.512 Thread 0x00000262667da400 Exception <a 'java/lang/NoSuchMethodError'{0x00000000d5ab85a0}: 'java.lang.Object java.lang.invoke.DirectMethodHandle$Holder.invokeStatic(java.lang.Object, java.lang.Object, int, int)'> (0x00000000d5ab85a0) 
thrown [s\src\hotspot\share\interpreter\linkResolver.cpp, line 773]
Event: 12.512 Thread 0x00000262667da400 Exception <a 'java/lang/NoSuchMethodError'{0x00000000d5abcbe8}: 'java.lang.Object java.lang.invoke.DirectMethodHandle$Holder.invokeSpecial(java.lang.Object, java.lang.Object, java.lang.Object, int, int)'> (0x00000000d5abcbe8) 
thrown [s\src\hotspot\share\interpreter\linkResolver.cpp, line 773]
Event: 13.562 Thread 0x00000262667da400 Exception <a 'sun/nio/fs/WindowsException'{0x00000000d59cff58}> (0x00000000d59cff58) 
thrown [s\src\hotspot\share\prims\jni.cpp, line 520]
Event: 13.562 Thread 0x00000262667da400 Exception <a 'sun/nio/fs/WindowsException'{0x00000000d59d05a8}> (0x00000000d59d05a8) 
thrown [s\src\hotspot\share\prims\jni.cpp, line 520]
Event: 13.562 Thread 0x00000262667da400 Exception <a 'sun/nio/fs/WindowsException'{0x00000000d59d37d0}> (0x00000000d59d37d0) 
thrown [s\src\hotspot\share\prims\jni.cpp, line 520]
Event: 13.562 Thread 0x00000262667da400 Exception <a 'sun/nio/fs/WindowsException'{0x00000000d59d3e20}> (0x00000000d59d3e20) 
thrown [s\src\hotspot\share\prims\jni.cpp, line 520]
Event: 13.563 Thread 0x00000262667da400 Exception <a 'sun/nio/fs/WindowsException'{0x00000000d59d4e48}> (0x00000000d59d4e48) 
thrown [s\src\hotspot\share\prims\jni.cpp, line 520]
Event: 13.563 Thread 0x00000262667da400 Exception <a 'sun/nio/fs/WindowsException'{0x00000000d59d5478}> (0x00000000d59d5478) 
thrown [s\src\hotspot\share\prims\jni.cpp, line 520]
Event: 13.563 Thread 0x00000262667da400 Exception <a 'sun/nio/fs/WindowsException'{0x00000000d59d6000}> (0x00000000d59d6000) 
thrown [s\src\hotspot\share\prims\jni.cpp, line 520]
Event: 13.563 Thread 0x00000262667da400 Exception <a 'sun/nio/fs/WindowsException'{0x00000000d59d6630}> (0x00000000d59d6630) 
thrown [s\src\hotspot\share\prims\jni.cpp, line 520]
Event: 13.779 Thread 0x00000262667da400 Implicit null exception at 0x000002625104b548 to 0x000002625104c1ac

ZGC Phase Switch (0 events):
No events

VM Operations (20 events):
Event: 13.222 Executing VM operation: ParallelGCFailedAllocation (Allocation Failure)
Event: 13.223 Executing VM operation: ParallelGCFailedAllocation (Allocation Failure) done
Event: 13.335 Executing VM operation: ParallelGCFailedAllocation (Allocation Failure)
Event: 13.337 Executing VM operation: ParallelGCFailedAllocation (Allocation Failure) done
Event: 13.457 Executing VM operation: ParallelGCFailedAllocation (Allocation Failure)
Event: 13.458 Executing VM operation: ParallelGCFailedAllocation (Allocation Failure) done
Event: 13.497 Executing VM operation: ParallelGCFailedAllocation (Allocation Failure)
Event: 13.498 Executing VM operation: ParallelGCFailedAllocation (Allocation Failure) done
Event: 13.644 Executing VM operation: ParallelGCFailedAllocation (Allocation Failure)
Event: 13.647 Executing VM operation: ParallelGCFailedAllocation (Allocation Failure) done
Event: 13.690 Executing VM operation: ParallelGCFailedAllocation (Allocation Failure)
Event: 13.691 Executing VM operation: ParallelGCFailedAllocation (Allocation Failure) done
Event: 13.721 Executing VM operation: ParallelGCFailedAllocation (Allocation Failure)
Event: 13.722 Executing VM operation: ParallelGCFailedAllocation (Allocation Failure) done
Event: 13.755 Executing VM operation: ParallelGCFailedAllocation (Allocation Failure)
Event: 13.755 Executing VM operation: ParallelGCFailedAllocation (Allocation Failure) done
Event: 13.771 Executing VM operation: ParallelGCFailedAllocation (Allocation Failure)
Event: 13.772 Executing VM operation: ParallelGCFailedAllocation (Allocation Failure) done
Event: 13.789 Executing VM operation: ParallelGCFailedAllocation (Allocation Failure)
Event: 13.789 Executing VM operation: ParallelGCFailedAllocation (Allocation Failure) done

Memory protections (0 events):
No events

Nmethod flushes (20 events):
Event: 5.255 Thread 0x000002625c6b49b0 flushing  nmethod 0x000002624949f210
Event: 5.255 Thread 0x000002625c6b49b0 flushing  nmethod 0x00000262494f4e10
Event: 5.255 Thread 0x000002625c6b49b0 flushing  nmethod 0x0000026249501f10
Event: 5.255 Thread 0x000002625c6b49b0 flushing  nmethod 0x000002624953cb10
Event: 5.255 Thread 0x000002625c6b49b0 flushing  nmethod 0x0000026249541d90
Event: 5.255 Thread 0x000002625c6b49b0 flushing  nmethod 0x0000026249571190
Event: 5.255 Thread 0x000002625c6b49b0 flushing  nmethod 0x0000026249571590
Event: 5.255 Thread 0x000002625c6b49b0 flushing  nmethod 0x0000026249571e90
Event: 5.255 Thread 0x000002625c6b49b0 flushing  nmethod 0x0000026249573090
Event: 5.255 Thread 0x000002625c6b49b0 flushing  nmethod 0x0000026249573c90
Event: 5.255 Thread 0x000002625c6b49b0 flushing  nmethod 0x0000026249575990
Event: 5.255 Thread 0x000002625c6b49b0 flushing  nmethod 0x0000026249575e90
Event: 5.255 Thread 0x000002625c6b49b0 flushing  nmethod 0x0000026249576790
Event: 5.255 Thread 0x000002625c6b49b0 flushing  nmethod 0x0000026249577b90
Event: 5.255 Thread 0x000002625c6b49b0 flushing  nmethod 0x0000026249579610
Event: 5.255 Thread 0x000002625c6b49b0 flushing  nmethod 0x000002624957b090
Event: 5.255 Thread 0x000002625c6b49b0 flushing  nmethod 0x00000262495e3a90
Event: 5.255 Thread 0x000002625c6b49b0 flushing  nmethod 0x00000262495e9890
Event: 5.255 Thread 0x000002625c6b49b0 flushing  nmethod 0x00000262496b9890
Event: 5.255 Thread 0x000002625c6b49b0 flushing  nmethod 0x00000262496b9d10

Events (20 events):
Event: 8.017 Thread 0x0000026268102260 Thread exited: 0x0000026268102260
Event: 8.017 Thread 0x000002626790e7b0 Thread exited: 0x000002626790e7b0
Event: 8.229 Thread 0x0000026264a84b00 Thread exited: 0x0000026264a84b00
Event: 8.274 Thread 0x00000262655f9120 Thread exited: 0x00000262655f9120
Event: 8.556 Thread 0x0000026264695130 Thread exited: 0x0000026264695130
Event: 8.808 Thread 0x000002625dce2ee0 Thread added: 0x000002626790e7b0
Event: 8.816 Thread 0x000002626790e7b0 Thread added: 0x000002626640ffa0
Event: 8.946 Thread 0x000002625dd7bc00 Thread added: 0x0000026268bfb9f0
Event: 8.946 Thread 0x000002625dd7bc00 Thread added: 0x0000026267f49ba0
Event: 8.960 Thread 0x0000026264937a50 Thread exited: 0x0000026264937a50
Event: 10.189 Thread 0x0000026268bfb9f0 Thread exited: 0x0000026268bfb9f0
Event: 10.189 Thread 0x0000026267f49ba0 Thread exited: 0x0000026267f49ba0
Event: 10.320 Thread 0x000002625dd7bc00 Thread added: 0x00000262685b06c0
Event: 10.337 Thread 0x000002625dce2ee0 Thread added: 0x0000026269e11280
Event: 10.796 Thread 0x00000262685b06c0 Thread exited: 0x00000262685b06c0
Event: 11.594 Thread 0x000002626640ffa0 Thread exited: 0x000002626640ffa0
Event: 11.747 Thread 0x000002626790e7b0 Thread exited: 0x000002626790e7b0
Event: 11.865 Thread 0x000002625c6cbaa0 Thread added: 0x000002626790e7b0
Event: 11.988 Thread 0x000002626790e7b0 Thread exited: 0x000002626790e7b0
Event: 12.015 Thread 0x000002625dd80e70 Thread added: 0x0000026266b837c0


Dynamic libraries:
0x00007ff6e3460000 - 0x00007ff6e346e000 	c:\Users\OMAR INFO\.windsurf\extensions\redhat.java-1.45.0-win32-x64\jre\21.0.8-win32-x86_64\bin\java.exe
0x00007ffeec490000 - 0x00007ffeec688000 	C:\Windows\SYSTEM32\ntdll.dll
0x00007ffeea8d0000 - 0x00007ffeea992000 	C:\Windows\System32\KERNEL32.DLL
0x00007ffee9da0000 - 0x00007ffeea096000 	C:\Windows\System32\KERNELBASE.dll
0x00007ffee9b30000 - 0x00007ffee9c30000 	C:\Windows\System32\ucrtbase.dll
0x00007ffeba580000 - 0x00007ffeba598000 	c:\Users\OMAR INFO\.windsurf\extensions\redhat.java-1.45.0-win32-x64\jre\21.0.8-win32-x86_64\bin\jli.dll
0x00007ffeeb4f0000 - 0x00007ffeeb68d000 	C:\Windows\System32\USER32.dll
0x00007ffee9cb0000 - 0x00007ffee9cd2000 	C:\Windows\System32\win32u.dll
0x00007ffeb56c0000 - 0x00007ffeb56de000 	c:\Users\OMAR INFO\.windsurf\extensions\redhat.java-1.45.0-win32-x64\jre\21.0.8-win32-x86_64\bin\VCRUNTIME140.dll
0x00007ffeec2f0000 - 0x00007ffeec31b000 	C:\Windows\System32\GDI32.dll
0x00007ffeea200000 - 0x00007ffeea319000 	C:\Windows\System32\gdi32full.dll
0x00007ffeea420000 - 0x00007ffeea4bd000 	C:\Windows\System32\msvcp_win.dll
0x00007ffed0400000 - 0x00007ffed069b000 	C:\Windows\WinSxS\amd64_microsoft.windows.common-controls_6595b64144ccf1df_6.0.19041.6280_none_60bc30a171f2f3f3\COMCTL32.dll
0x00007ffeeb250000 - 0x00007ffeeb2ee000 	C:\Windows\System32\msvcrt.dll
0x00007ffeec380000 - 0x00007ffeec3af000 	C:\Windows\System32\IMM32.DLL
0x00007ffee1f40000 - 0x00007ffee1f4c000 	c:\Users\OMAR INFO\.windsurf\extensions\redhat.java-1.45.0-win32-x64\jre\21.0.8-win32-x86_64\bin\vcruntime140_1.dll
0x00007ffea38c0000 - 0x00007ffea394d000 	c:\Users\OMAR INFO\.windsurf\extensions\redhat.java-1.45.0-win32-x64\jre\21.0.8-win32-x86_64\bin\msvcp140.dll
0x00007ffe893d0000 - 0x00007ffe8a167000 	c:\Users\OMAR INFO\.windsurf\extensions\redhat.java-1.45.0-win32-x64\jre\21.0.8-win32-x86_64\bin\server\jvm.dll
0x00007ffeea720000 - 0x00007ffeea7d1000 	C:\Windows\System32\ADVAPI32.dll
0x00007ffeec3b0000 - 0x00007ffeec44f000 	C:\Windows\System32\sechost.dll
0x00007ffeeb370000 - 0x00007ffeeb490000 	C:\Windows\System32\RPCRT4.dll
0x00007ffee9ce0000 - 0x00007ffee9d07000 	C:\Windows\System32\bcrypt.dll
0x00007ffeeb300000 - 0x00007ffeeb36b000 	C:\Windows\System32\WS2_32.dll
0x00007ffee94b0000 - 0x00007ffee94fb000 	C:\Windows\SYSTEM32\POWRPROF.dll
0x00007ffedd940000 - 0x00007ffedd967000 	C:\Windows\SYSTEM32\WINMM.dll
0x00007ffee33f0000 - 0x00007ffee33fa000 	C:\Windows\SYSTEM32\VERSION.dll
0x00007ffee9470000 - 0x00007ffee9482000 	C:\Windows\SYSTEM32\UMPDC.dll
0x00007ffee8360000 - 0x00007ffee8372000 	C:\Windows\SYSTEM32\kernel.appcore.dll
0x00007ffede8f0000 - 0x00007ffede8fa000 	c:\Users\OMAR INFO\.windsurf\extensions\redhat.java-1.45.0-win32-x64\jre\21.0.8-win32-x86_64\bin\jimage.dll
0x00007ffee7710000 - 0x00007ffee7911000 	C:\Windows\SYSTEM32\DBGHELP.DLL
0x00007ffecc7f0000 - 0x00007ffecc824000 	C:\Windows\SYSTEM32\dbgcore.DLL
0x00007ffee9d10000 - 0x00007ffee9d92000 	C:\Windows\System32\bcryptPrimitives.dll
0x00007ffede8b0000 - 0x00007ffede8bf000 	c:\Users\OMAR INFO\.windsurf\extensions\redhat.java-1.45.0-win32-x64\jre\21.0.8-win32-x86_64\bin\instrument.dll
0x00007ffeb5650000 - 0x00007ffeb566f000 	c:\Users\OMAR INFO\.windsurf\extensions\redhat.java-1.45.0-win32-x64\jre\21.0.8-win32-x86_64\bin\java.dll
0x00007ffeeb690000 - 0x00007ffeebe00000 	C:\Windows\System32\SHELL32.dll
0x00007ffee7b50000 - 0x00007ffee82f5000 	C:\Windows\SYSTEM32\windows.storage.dll
0x00007ffeebf90000 - 0x00007ffeec2e3000 	C:\Windows\System32\combase.dll
0x00007ffee9410000 - 0x00007ffee943b000 	C:\Windows\SYSTEM32\Wldp.dll
0x00007ffeea800000 - 0x00007ffeea8cd000 	C:\Windows\System32\OLEAUT32.dll
0x00007ffeeb1a0000 - 0x00007ffeeb24d000 	C:\Windows\System32\SHCORE.dll
0x00007ffeebe00000 - 0x00007ffeebe5b000 	C:\Windows\System32\shlwapi.dll
0x00007ffee9a60000 - 0x00007ffee9a84000 	C:\Windows\SYSTEM32\profapi.dll
0x00007ffede900000 - 0x00007ffede918000 	c:\Users\OMAR INFO\.windsurf\extensions\redhat.java-1.45.0-win32-x64\jre\21.0.8-win32-x86_64\bin\zip.dll
0x00007ffee5540000 - 0x00007ffee5550000 	C:\Users\OMAR INFO\.windsurf\extensions\redhat.java-1.45.0-win32-x64\jre\21.0.8-win32-x86_64\bin\net.dll
0x00007ffee20c0000 - 0x00007ffee21ca000 	C:\Windows\SYSTEM32\WINHTTP.dll
0x00007ffee91f0000 - 0x00007ffee925a000 	C:\Windows\system32\mswsock.dll
0x00007ffee54d0000 - 0x00007ffee54e6000 	C:\Users\OMAR INFO\.windsurf\extensions\redhat.java-1.45.0-win32-x64\jre\21.0.8-win32-x86_64\bin\nio.dll
0x00007ffee5530000 - 0x00007ffee5540000 	c:\Users\OMAR INFO\.windsurf\extensions\redhat.java-1.45.0-win32-x64\jre\21.0.8-win32-x86_64\bin\verify.dll
0x00007ffeafb30000 - 0x00007ffeafb74000 	C:\Users\OMAR INFO\AppData\Roaming\Windsurf\User\globalStorage\redhat.java\1.45.0\config_win\org.eclipse.equinox.launcher\org.eclipse.equinox.launcher.win32.win32.x86_64_1.2.1400.v20250801-0854\eclipse_11916.dll
0x00007ffeeaaa0000 - 0x00007ffeeabcb000 	C:\Windows\System32\ole32.dll
0x00007ffee9450000 - 0x00007ffee9468000 	C:\Windows\SYSTEM32\CRYPTSP.dll
0x00007ffee8ad0000 - 0x00007ffee8b08000 	C:\Windows\system32\rsaenh.dll
0x00007ffee99e0000 - 0x00007ffee9a0e000 	C:\Windows\SYSTEM32\USERENV.dll
0x00007ffee9380000 - 0x00007ffee938c000 	C:\Windows\SYSTEM32\CRYPTBASE.dll
0x00007ffee8ef0000 - 0x00007ffee8f2b000 	C:\Windows\SYSTEM32\IPHLPAPI.DLL
0x00007ffeea9a0000 - 0x00007ffeea9a8000 	C:\Windows\System32\NSI.dll
0x00007ffea30b0000 - 0x00007ffea30f9000 	C:\Users\OMAR INFO\AppData\Local\Temp\jna--64980065\jna3157318941998691983.dll
0x00007ffeebe60000 - 0x00007ffeebe68000 	C:\Windows\System32\PSAPI.DLL
0x00007ffee2d80000 - 0x00007ffee2d97000 	C:\Windows\SYSTEM32\dhcpcsvc6.DLL
0x00007ffee2d60000 - 0x00007ffee2d7d000 	C:\Windows\SYSTEM32\dhcpcsvc.DLL

JVMTI agents:
c:\Users\OMAR INFO\.windsurf\extensions\redhat.java-1.45.0-win32-x64\lombok\lombok-1.18.39-4050.jar path:c:\Users\OMAR INFO\.windsurf\extensions\redhat.java-1.45.0-win32-x64\jre\21.0.8-win32-x86_64\bin\instrument.dll, loaded, initialized, instrumentlib options:none

dbghelp: loaded successfully - version: 4.0.5 - missing functions: none
symbol engine: initialized successfully - sym options: 0x614 - pdb path: .;c:\Users\OMAR INFO\.windsurf\extensions\redhat.java-1.45.0-win32-x64\jre\21.0.8-win32-x86_64\bin;C:\Windows\SYSTEM32;C:\Windows\WinSxS\amd64_microsoft.windows.common-controls_6595b64144ccf1df_6.0.19041.6280_none_60bc30a171f2f3f3;c:\Users\OMAR INFO\.windsurf\extensions\redhat.java-1.45.0-win32-x64\jre\21.0.8-win32-x86_64\bin\server;C:\Users\OMAR INFO\AppData\Roaming\Windsurf\User\globalStorage\redhat.java\1.45.0\config_win\org.eclipse.equinox.launcher\org.eclipse.equinox.launcher.win32.win32.x86_64_1.2.1400.v20250801-0854;C:\Users\OMAR INFO\AppData\Local\Temp\jna--64980065

VM Arguments:
jvm_args: --add-modules=ALL-SYSTEM --add-opens=java.base/java.util=ALL-UNNAMED --add-opens=java.base/java.lang=ALL-UNNAMED --add-opens=java.base/sun.nio.fs=ALL-UNNAMED -Declipse.application=org.eclipse.jdt.ls.core.id1 -Dosgi.bundles.defaultStartLevel=4 -Declipse.product=org.eclipse.jdt.ls.core.product -Djava.import.generatesMetadataFilesAtProjectRoot=false -DDetectVMInstallationsJob.disabled=true -Dfile.encoding=utf8 -XX:+UseParallelGC -XX:GCTimeRatio=4 -XX:AdaptiveSizePolicyWeight=90 -Dsun.zip.disableMemoryMapping=true -Xmx2G -Xms100m -Xlog:disable -javaagent:c:\Users\OMAR INFO\.windsurf\extensions\redhat.java-1.45.0-win32-x64\lombok\lombok-1.18.39-4050.jar -XX:+HeapDumpOnOutOfMemoryError -XX:HeapDumpPath=c:\Users\OMAR INFO\AppData\Roaming\Windsurf\User\workspaceStorage\017271f0c0c7557d9833a01acf50ccd7\redhat.java -Daether.dependencyCollector.impl=bf 
java_command: c:\Users\OMAR INFO\.windsurf\extensions\redhat.java-1.45.0-win32-x64\server\plugins\org.eclipse.equinox.launcher_1.7.0.v20250519-0528.jar -configuration c:\Users\OMAR INFO\AppData\Roaming\Windsurf\User\globalStorage\redhat.java\1.45.0\config_win -data c:\Users\OMAR INFO\AppData\Roaming\Windsurf\User\workspaceStorage\017271f0c0c7557d9833a01acf50ccd7\redhat.java\jdt_ws --pipe=\\.\pipe\lsp-7781785cb4c26fdacead4b1439e43831-sock
java_class_path (initial): c:\Users\OMAR INFO\.windsurf\extensions\redhat.java-1.45.0-win32-x64\server\plugins\org.eclipse.equinox.launcher_1.7.0.v20250519-0528.jar
Launcher Type: SUN_STANDARD

[Global flags]
    uintx AdaptiveSizePolicyWeight                 = 90                                        {product} {command line}
     intx CICompilerCount                          = 12                                        {product} {ergonomic}
    uintx GCTimeRatio                              = 4                                         {product} {command line}
     bool HeapDumpOnOutOfMemoryError               = true                                   {manageable} {command line}
    ccstr HeapDumpPath                             = c:\Users\OMAR INFO\AppData\Roaming\Windsurf\User\workspaceStorage\017271f0c0c7557d9833a01acf50ccd7\redhat.java         {manageable} {command line}
   size_t InitialHeapSize                          = 104857600                                 {product} {command line}
   size_t MaxHeapSize                              = 2147483648                                {product} {command line}
   size_t MaxNewSize                               = 715653120                                 {product} {ergonomic}
   size_t MinHeapDeltaBytes                        = 524288                                    {product} {ergonomic}
   size_t MinHeapSize                              = 104857600                                 {product} {command line}
   size_t NewSize                                  = 34603008                                  {product} {ergonomic}
    uintx NonNMethodCodeHeapSize                   = 7602480                                {pd product} {ergonomic}
    uintx NonProfiledCodeHeapSize                  = 122027880                              {pd product} {ergonomic}
   size_t OldSize                                  = 70254592                                  {product} {ergonomic}
    uintx ProfiledCodeHeapSize                     = 122027880                              {pd product} {ergonomic}
    uintx ReservedCodeCacheSize                    = 251658240                              {pd product} {ergonomic}
     bool SegmentedCodeCache                       = true                                      {product} {ergonomic}
   size_t SoftMaxHeapSize                          = 2147483648                             {manageable} {ergonomic}
     bool UseCompressedOops                        = true                           {product lp64_product} {ergonomic}
     bool UseLargePagesIndividualAllocation        = false                                  {pd product} {ergonomic}
     bool UseParallelGC                            = true                                      {product} {command line}

Logging:
Log output configuration:
 #0: stdout all=off uptime,level,tags foldmultilines=false
 #1: stderr all=off uptime,level,tags foldmultilines=false

Environment Variables:
PATH=C:\oraclexe\app\oracle\product\10.2.0\server\bin;C:\ProgramData\Oracle\Java\javapath;C:\Program Files\Common Files\Oracle\Java\javapath;C:\Windows\system32;C:\Windows;C:\Windows\System32\Wbem;C:\Windows\System32\WindowsPowerShell\v1.0\;C:\Windows\System32\OpenSSH\;C:\Program Files\Microsoft SQL Server\150\Tools\Binn\;C:\Program Files\Microsoft SQL Server\Client SDK\ODBC\170\Tools\Binn\;C:\Program Files\dotnet\;C:\Program Files\NVIDIA Corporation\NVIDIA NvDLISR;C:\ProgramData\chocolatey\bin;C:\Program Files (x86)\Microsoft SQL Server\110\Tools\Binn\;C:\Program Files (x86)\Microsoft SQL Server\110\DTS\Binn\;C:\Program Files (x86)\Microsoft SQL Server\110\Tools\Binn\ManagementStudio\;C:\Program Files (x86)\Microsoft Visual Studio 10.0\Common7\IDE\PrivateAssemblies\;C:\Program Files (x86)\NVIDIA Corporation\PhysX\Common;C:\Program Files\nodejs\;C:\Program Files\Git LFS;C:\Program Files\Docker\Docker\resources\bin;C:\Program Files\Git\cmd;C:\Windows\system32\platform-tools;C:\Program Files\MongoDB\Server\8.0\bin;C:\Users\OMAR INFO\AppData\Local\Programs\Python\Python310;C:\Users\OMAR INFO\AppData\Local\Programs\Python\Python310\Scripts;F:\PuTTY\;C:\Users\OMAR INFO\AppData\Local\Programs\Python\Python310\Scripts\;C:\Users\OMAR INFO\AppData\Local\Programs\Python\Python310\;C:\Users\OMAR INFO\AppData\Local\Microsoft\WindowsApps;C:\Users\OMAR INFO\.dotnet\tools;C:\Program Files\JetBrains\IntelliJ IDEA 2023.2.1\bin;;C:\Users\OMAR INFO\AppData\Local\Programs\Microsoft VS Code\bin;C:\Users\OMAR INFO\AppData\Roaming\npm;C:\Users\OMAR INFO\AppData\Local\GitHubDesktop\bin;C:\xampp\php;C:\Users\OMAR INFO\composer;C:\Users\OMAR INFO\AppData\Roaming\Composer\vendor\bin;C:\Program Files (x86)\Microsoft SDKs\Windows\v10.0A\bin\NETFX 4.8 Tools;C:\Users\OMAR INFO\AppData\Local\Programs\Windsurf\bin;
USERNAME=OMAR INFO
OS=Windows_NT
PROCESSOR_IDENTIFIER=Intel64 Family 6 Model 141 Stepping 1, GenuineIntel
TMP=C:\Users\OMARIN~1\AppData\Local\Temp
TEMP=C:\Users\OMARIN~1\AppData\Local\Temp




Periodic native trim disabled

---------------  S Y S T E M  ---------------

OS:
 Windows 10 , 64 bit Build 19041 (10.0.19041.5915)
OS uptime: 7 days 0:36 hours
Hyper-V role detected

CPU: total 16 (initial active 16) (8 cores per cpu, 2 threads per core) family 6 model 141 stepping 1 microcode 0x26, cx8, cmov, fxsr, ht, mmx, 3dnowpref, sse, sse2, sse3, ssse3, sse4.1, sse4.2, popcnt, lzcnt, tsc, tscinvbit, avx, avx2, aes, erms, clmul, bmi1, bmi2, adx, avx512f, avx512dq, avx512cd, avx512bw, avx512vl, sha, fma, vzeroupper, avx512_vpopcntdq, avx512_vpclmulqdq, avx512_vaes, avx512_vnni, clflush, clflushopt, clwb, avx512_vbmi2, avx512_vbmi, hv, rdtscp, rdpid, fsrm, gfni, avx512_bitalg, f16c, cet_ibt, cet_ss, avx512_ifma
Processor Information for the first 16 processors :
  Max Mhz: 2304, Current Mhz: 2304, Mhz Limit: 2304

Memory: 4k page, system-wide physical 16085M (358M free)
TotalPageFile size 23385M (AvailPageFile size 5M)
current process WorkingSet (physical memory assigned to process): 304M, peak: 308M
current process commit charge ("private bytes"): 400M, peak: 423M

vm_info: OpenJDK 64-Bit Server VM (21.0.8+9-LTS) for windows-amd64 JRE (21.0.8+9-LTS), built on 2025-07-15T00:00:00Z by "admin" with MS VC++ 17.7 (VS2022)

END.
