#
# There is insufficient memory for the Java Runtime Environment to continue.
# Native memory allocation (malloc) failed to allocate 1434064 bytes. Error detail: Chunk::new
# Possible reasons:
#   The system is out of physical RAM or swap space
#   This process is running with CompressedOops enabled, and the Java Heap may be blocking the growth of the native heap
# Possible solutions:
#   Reduce memory load on the system
#   Increase physical memory or swap space
#   Check if swap backing store is full
#   Decrease Java heap size (-Xmx/-Xms)
#   Decrease number of Java threads
#   Decrease Java thread stack sizes (-Xss)
#   Set larger code cache with -XX:ReservedCodeCacheSize=
#   JVM is running with Unscaled Compressed Oops mode in which the Java heap is
#     placed in the first 4GB address space. The Java Heap base address is the
#     maximum limit for the native heap growth. Please use -XX:HeapBaseMinAddress
#     to set the Java Heap base and to place the Java Heap above 4GB virtual address.
# This output file may be truncated or incomplete.
#
#  Out of Memory Error (arena.cpp:168), pid=13640, tid=23528
#
# JRE version: OpenJDK Runtime Environment Temurin-21.0.8+9 (21.0.8+9) (build 21.0.8+9-LTS)
# Java VM: OpenJDK 64-Bit Server VM Temurin-21.0.8+9 (21.0.8+9-LTS, mixed mode, sharing, tiered, compressed oops, compressed class ptrs, parallel gc, windows-amd64)
# No core dump will be written. Minidumps are not enabled by default on client versions of Windows
#

---------------  S U M M A R Y ------------

Command Line: --add-modules=ALL-SYSTEM --add-opens=java.base/java.util=ALL-UNNAMED --add-opens=java.base/java.lang=ALL-UNNAMED --add-opens=java.base/sun.nio.fs=ALL-UNNAMED -Declipse.application=org.eclipse.jdt.ls.core.id1 -Dosgi.bundles.defaultStartLevel=4 -Declipse.product=org.eclipse.jdt.ls.core.product -Djava.import.generatesMetadataFilesAtProjectRoot=false -DDetectVMInstallationsJob.disabled=true -Dfile.encoding=utf8 -XX:+UseParallelGC -XX:GCTimeRatio=4 -XX:AdaptiveSizePolicyWeight=90 -Dsun.zip.disableMemoryMapping=true -Xmx2G -Xms100m -Xlog:disable -javaagent:c:\Users\OMAR INFO\.windsurf\extensions\redhat.java-1.45.0-win32-x64\lombok\lombok-1.18.39-4050.jar c:\Users\OMAR INFO\.windsurf\extensions\redhat.java-1.45.0-win32-x64\server\plugins\org.eclipse.equinox.launcher_1.7.0.v20250519-0528.jar -configuration c:\Users\OMAR INFO\AppData\Roaming\Windsurf\User\globalStorage\redhat.java\1.45.0\config_ss_win -data c:\Users\OMAR INFO\AppData\Roaming\Windsurf\User\workspaceStorage\017271f0c0c7557d9833a01acf50ccd7\redhat.java\ss_ws --pipe=\\.\pipe\lsp-d041de97c35fc13f781b92a79a1f37c2-sock

Host: 11th Gen Intel(R) Core(TM) i7-11800H @ 2.30GHz, 16 cores, 15G,  Windows 10 , 64 bit Build 19041 (10.0.19041.5915)
Time: Tue Sep 23 14:10:44 2025 Paris, Madrid elapsed time: 18.134279 seconds (0d 0h 0m 18s)

---------------  T H R E A D  ---------------

Current thread (0x000001dcde1fb0d0):  JavaThread "C2 CompilerThread0" daemon [_thread_in_native, id=23528, stack(0x000000c70ff00000,0x000000c710000000) (1024K)]


Current CompileTask:
C2:18134 7905   !   4       org.eclipse.jdt.internal.core.NameLookup::seekModule (267 bytes)

Stack: [0x000000c70ff00000,0x000000c710000000]
Native frames: (J=compiled Java code, j=interpreted, Vv=VM code, C=native code)
V  [jvm.dll+0x6d2449]
V  [jvm.dll+0x8ae341]
V  [jvm.dll+0x8b08be]
V  [jvm.dll+0x8b0fa3]
V  [jvm.dll+0x280c96]
V  [jvm.dll+0xc581d]
V  [jvm.dll+0xc5d53]
V  [jvm.dll+0x3b919c]
V  [jvm.dll+0x1e1213]
V  [jvm.dll+0x249022]
V  [jvm.dll+0x2484af]
V  [jvm.dll+0x1c89ee]
V  [jvm.dll+0x257d4d]
V  [jvm.dll+0x2562ea]
V  [jvm.dll+0x3f2d16]
V  [jvm.dll+0x857e6b]
V  [jvm.dll+0x6d0b0d]
C  [ucrtbase.dll+0x21bb2]
C  [KERNEL32.DLL+0x17374]
C  [ntdll.dll+0x4cc91]


---------------  P R O C E S S  ---------------

Threads class SMR info:
_java_thread_list=0x000001dce7ba6220, length=50, elements={
0x000001dc865f2200, 0x000001dcde1ed6c0, 0x000001dcde1f0370, 0x000001dcde1f50b0,
0x000001dcde1f7d00, 0x000001dcde1f8840, 0x000001dcde1fa2a0, 0x000001dcde1fb0d0,
0x000001dcdf6c2820, 0x000001dcdf7c76c0, 0x000001dcdf9607f0, 0x000001dce5928ec0,
0x000001dce59b4d10, 0x000001dce5561c30, 0x000001dce5554190, 0x000001dce5c2bb40,
0x000001dce5cb8650, 0x000001dce5d96920, 0x000001dce5e69310, 0x000001dce5e699a0,
0x000001dce5e6ad50, 0x000001dce5e6a030, 0x000001dce5e685f0, 0x000001dce5e6a6c0,
0x000001dce5e678d0, 0x000001dce5e68c80, 0x000001dce5e67f60, 0x000001dce6df06f0,
0x000001dce6df62d0, 0x000001dce6df3b70, 0x000001dce6df1aa0, 0x000001dce6df55b0,
0x000001dce6df4890, 0x000001dce6df2130, 0x000001dce6df4200, 0x000001dce6df27c0,
0x000001dce6df1410, 0x000001dce6df6960, 0x000001dce6def9d0, 0x000001dce6df2e50,
0x000001dce8558ab0, 0x000001dce8557d10, 0x000001dce8559180, 0x000001dce8557640,
0x000001dce6df5c40, 0x000001dce6df6ff0, 0x000001dce6df0d80, 0x000001dce6bf20b0,
0x000001dce6bf6250, 0x000001dce6bf68e0
}

Java Threads: ( => current thread )
  0x000001dc865f2200 JavaThread "main"                              [_thread_blocked, id=19992, stack(0x000000c70f500000,0x000000c70f600000) (1024K)]
  0x000001dcde1ed6c0 JavaThread "Reference Handler"          daemon [_thread_blocked, id=18652, stack(0x000000c70f900000,0x000000c70fa00000) (1024K)]
  0x000001dcde1f0370 JavaThread "Finalizer"                  daemon [_thread_blocked, id=13992, stack(0x000000c70fa00000,0x000000c70fb00000) (1024K)]
  0x000001dcde1f50b0 JavaThread "Signal Dispatcher"          daemon [_thread_blocked, id=12896, stack(0x000000c70fb00000,0x000000c70fc00000) (1024K)]
  0x000001dcde1f7d00 JavaThread "Attach Listener"            daemon [_thread_blocked, id=24012, stack(0x000000c70fc00000,0x000000c70fd00000) (1024K)]
  0x000001dcde1f8840 JavaThread "Service Thread"             daemon [_thread_blocked, id=22840, stack(0x000000c70fd00000,0x000000c70fe00000) (1024K)]
  0x000001dcde1fa2a0 JavaThread "Monitor Deflation Thread"   daemon [_thread_blocked, id=24396, stack(0x000000c70fe00000,0x000000c70ff00000) (1024K)]
=>0x000001dcde1fb0d0 JavaThread "C2 CompilerThread0"         daemon [_thread_in_native, id=23528, stack(0x000000c70ff00000,0x000000c710000000) (1024K)]
  0x000001dcdf6c2820 JavaThread "C1 CompilerThread0"         daemon [_thread_blocked, id=9460, stack(0x000000c710000000,0x000000c710100000) (1024K)]
  0x000001dcdf7c76c0 JavaThread "Common-Cleaner"             daemon [_thread_blocked, id=13580, stack(0x000000c710100000,0x000000c710200000) (1024K)]
  0x000001dcdf9607f0 JavaThread "Notification Thread"        daemon [_thread_blocked, id=16640, stack(0x000000c710600000,0x000000c710700000) (1024K)]
  0x000001dce5928ec0 JavaThread "Active Thread: Equinox Container: 8efa7384-d344-48ff-b87e-0291d4b20ec3"        [_thread_blocked, id=13464, stack(0x000000c710f00000,0x000000c711000000) (1024K)]
  0x000001dce59b4d10 JavaThread "Framework Event Dispatcher: Equinox Container: 8efa7384-d344-48ff-b87e-0291d4b20ec3" daemon [_thread_blocked, id=23632, stack(0x000000c711100000,0x000000c711200000) (1024K)]
  0x000001dce5561c30 JavaThread "Start Level: Equinox Container: 8efa7384-d344-48ff-b87e-0291d4b20ec3" daemon [_thread_blocked, id=22824, stack(0x000000c711200000,0x000000c711300000) (1024K)]
  0x000001dce5554190 JavaThread "SCR Component Actor"        daemon [_thread_blocked, id=24196, stack(0x000000c711300000,0x000000c711400000) (1024K)]
  0x000001dce5c2bb40 JavaThread "Worker-JM"                         [_thread_blocked, id=6308, stack(0x000000c710700000,0x000000c710800000) (1024K)]
  0x000001dce5cb8650 JavaThread "JNA Cleaner"                daemon [_thread_blocked, id=11552, stack(0x000000c711700000,0x000000c711800000) (1024K)]
  0x000001dce5d96920 JavaThread "Worker-0: Shutdown..."             [_thread_blocked, id=14900, stack(0x000000c711b00000,0x000000c711c00000) (1024K)]
  0x000001dce5e69310 JavaThread "Worker-1"                          [_thread_blocked, id=15244, stack(0x000000c711c00000,0x000000c711d00000) (1024K)]
  0x000001dce5e699a0 JavaThread "Thread-2"                   daemon [_thread_in_native, id=24140, stack(0x000000c711f00000,0x000000c712000000) (1024K)]
  0x000001dce5e6ad50 JavaThread "Thread-3"                   daemon [_thread_in_native, id=15212, stack(0x000000c712000000,0x000000c712100000) (1024K)]
  0x000001dce5e6a030 JavaThread "Thread-4"                   daemon [_thread_in_native, id=23196, stack(0x000000c712100000,0x000000c712200000) (1024K)]
  0x000001dce5e685f0 JavaThread "Thread-5"                   daemon [_thread_in_native, id=10596, stack(0x000000c712200000,0x000000c712300000) (1024K)]
  0x000001dce5e6a6c0 JavaThread "Thread-6"                   daemon [_thread_in_native, id=20112, stack(0x000000c712300000,0x000000c712400000) (1024K)]
  0x000001dce5e678d0 JavaThread "Thread-7"                   daemon [_thread_in_native, id=12684, stack(0x000000c712400000,0x000000c712500000) (1024K)]
  0x000001dce5e68c80 JavaThread "Thread-8"                   daemon [_thread_in_native, id=16544, stack(0x000000c712500000,0x000000c712600000) (1024K)]
  0x000001dce5e67f60 JavaThread "Thread-9"                   daemon [_thread_in_native, id=2364, stack(0x000000c712600000,0x000000c712700000) (1024K)]
  0x000001dce6df06f0 JavaThread "Thread-10"                  daemon [_thread_in_native, id=13804, stack(0x000000c712700000,0x000000c712800000) (1024K)]
  0x000001dce6df62d0 JavaThread "Thread-11"                  daemon [_thread_in_native, id=12252, stack(0x000000c712800000,0x000000c712900000) (1024K)]
  0x000001dce6df3b70 JavaThread "Thread-12"                  daemon [_thread_in_native, id=22296, stack(0x000000c712900000,0x000000c712a00000) (1024K)]
  0x000001dce6df1aa0 JavaThread "Thread-13"                  daemon [_thread_in_native, id=17116, stack(0x000000c712a00000,0x000000c712b00000) (1024K)]
  0x000001dce6df55b0 JavaThread "Thread-14"                  daemon [_thread_in_native, id=22780, stack(0x000000c712b00000,0x000000c712c00000) (1024K)]
  0x000001dce6df4890 JavaThread "Thread-15"                  daemon [_thread_in_native, id=20224, stack(0x000000c712c00000,0x000000c712d00000) (1024K)]
  0x000001dce6df2130 JavaThread "Thread-16"                  daemon [_thread_in_native, id=312, stack(0x000000c712d00000,0x000000c712e00000) (1024K)]
  0x000001dce6df4200 JavaThread "Thread-17"                  daemon [_thread_in_native, id=17176, stack(0x000000c712e00000,0x000000c712f00000) (1024K)]
  0x000001dce6df27c0 JavaThread "Thread-18"                  daemon [_thread_in_native, id=9340, stack(0x000000c712f00000,0x000000c713000000) (1024K)]
  0x000001dce6df1410 JavaThread "pool-2-thread-1"                   [_thread_blocked, id=18372, stack(0x000000c713000000,0x000000c713100000) (1024K)]
  0x000001dce6df6960 JavaThread "Worker-2: Publish Diagnostics"        [_thread_blocked, id=18708, stack(0x000000c713100000,0x000000c713200000) (1024K)]
  0x000001dce6def9d0 JavaThread "WorkspaceEventsHandler"            [_thread_blocked, id=24024, stack(0x000000c713200000,0x000000c713300000) (1024K)]
  0x000001dce6df2e50 JavaThread "pool-1-thread-1"                   [_thread_blocked, id=17440, stack(0x000000c713300000,0x000000c713400000) (1024K)]
  0x000001dce8558ab0 JavaThread "C2 CompilerThread1"         daemon [_thread_in_native, id=17352, stack(0x000000c710500000,0x000000c710600000) (1024K)]
  0x000001dce8557d10 JavaThread "C1 CompilerThread1"         daemon [_thread_blocked, id=1556, stack(0x000000c710200000,0x000000c710300000) (1024K)]
  0x000001dce8559180 JavaThread "C2 CompilerThread2"         daemon [_thread_in_native, id=20816, stack(0x000000c710300000,0x000000c710400000) (1024K)]
  0x000001dce8557640 JavaThread "C1 CompilerThread2"         daemon [_thread_blocked, id=19436, stack(0x000000c710e00000,0x000000c710f00000) (1024K)]
  0x000001dce6df5c40 JavaThread "ForkJoinPool.commonPool-worker-1" daemon [_thread_blocked, id=6712, stack(0x000000c711500000,0x000000c711600000) (1024K)]
  0x000001dce6df6ff0 JavaThread "Worker-3"                          [_thread_blocked, id=12396, stack(0x000000c711600000,0x000000c711700000) (1024K)]
  0x000001dce6df0d80 JavaThread "pool-3-thread-1"                   [_thread_blocked, id=23568, stack(0x000000c713400000,0x000000c713500000) (1024K)]
  0x000001dce6bf20b0 JavaThread "ForkJoinPool-3-worker-1"    daemon [_thread_blocked, id=20412, stack(0x000000c713500000,0x000000c713600000) (1024K)]
  0x000001dce6bf6250 JavaThread "ForkJoinPool-3-worker-2"    daemon [_thread_in_Java, id=15168, stack(0x000000c713600000,0x000000c713700000) (1024K)]
  0x000001dce6bf68e0 JavaThread "ForkJoinPool-3-worker-3"    daemon [_thread_blocked, id=15216, stack(0x000000c713700000,0x000000c713800000) (1024K)]
Total: 50

Other Threads:
  0x000001dcde1e47a0 VMThread "VM Thread"                           [id=4140, stack(0x000000c70f800000,0x000000c70f900000) (1024K)]
  0x000001dc8665c530 WatcherThread "VM Periodic Task Thread"        [id=23668, stack(0x000000c70f700000,0x000000c70f800000) (1024K)]
  0x000001dc8660f040 WorkerThread "GC Thread#0"                     [id=2964, stack(0x000000c70f600000,0x000000c70f700000) (1024K)]
  0x000001dce56d7730 WorkerThread "GC Thread#1"                     [id=23964, stack(0x000000c710800000,0x000000c710900000) (1024K)]
  0x000001dce56d7ad0 WorkerThread "GC Thread#2"                     [id=10588, stack(0x000000c710900000,0x000000c710a00000) (1024K)]
  0x000001dce524f9e0 WorkerThread "GC Thread#3"                     [id=24124, stack(0x000000c710a00000,0x000000c710b00000) (1024K)]
  0x000001dce524fd80 WorkerThread "GC Thread#4"                     [id=16488, stack(0x000000c710b00000,0x000000c710c00000) (1024K)]
  0x000001dce5250120 WorkerThread "GC Thread#5"                     [id=24152, stack(0x000000c710c00000,0x000000c710d00000) (1024K)]
  0x000001dce52504c0 WorkerThread "GC Thread#6"                     [id=14696, stack(0x000000c710d00000,0x000000c710e00000) (1024K)]
  0x000001dce59816f0 WorkerThread "GC Thread#7"                     [id=10072, stack(0x000000c711000000,0x000000c711100000) (1024K)]
  0x000001dce5a71750 WorkerThread "GC Thread#8"                     [id=1776, stack(0x000000c710400000,0x000000c710500000) (1024K)]
  0x000001dce5a725d0 WorkerThread "GC Thread#9"                     [id=5268, stack(0x000000c711400000,0x000000c711500000) (1024K)]
  0x000001dce5a71af0 WorkerThread "GC Thread#10"                    [id=23176, stack(0x000000c711800000,0x000000c711900000) (1024K)]
  0x000001dce5a71e90 WorkerThread "GC Thread#11"                    [id=2648, stack(0x000000c711900000,0x000000c711a00000) (1024K)]
  0x000001dce5a72230 WorkerThread "GC Thread#12"                    [id=9000, stack(0x000000c711a00000,0x000000c711b00000) (1024K)]
Total: 15

Threads with active compile tasks:
C2 CompilerThread0  18169 7905   !   4       org.eclipse.jdt.internal.core.NameLookup::seekModule (267 bytes)
C2 CompilerThread1  18169 7832 % !   4       org.eclipse.jdt.internal.compiler.classfmt.ClassFileReader::<init> @ 81 (1968 bytes)
C2 CompilerThread2  18169 8151  s    4       java.io.DataOutputStream::write (16 bytes)
Total: 3

VM state: not at safepoint (normal execution)

VM Mutex/Monitor currently owned by a thread: None

Heap address: 0x0000000080000000, size: 2048 MB, Compressed Oops mode: 32-bit

CDS archive(s) mapped at: [0x000001dc9d000000-0x000001dc9dba0000-0x000001dc9dba0000), size 12189696, SharedBaseAddress: 0x000001dc9d000000, ArchiveRelocationMode: 1.
Compressed class space mapped at: 0x000001dc9e000000-0x000001dcde000000, reserved size: 1073741824
Narrow klass base: 0x000001dc9d000000, Narrow klass shift: 0, Narrow klass range: 0x100000000

GC Precious Log:
 CardTable entry size: 512
 CPUs: 16 total, 16 available
 Memory: 16085M
 Large Page Support: Disabled
 NUMA Support: Disabled
 Compressed Oops: Enabled (32-bit)
 Alignments: Space 512K, Generation 512K, Heap 2M
 Heap Min Capacity: 100M
 Heap Initial Capacity: 100M
 Heap Max Capacity: 2G
 Pre-touch: Disabled
 Parallel Workers: 13

Heap:
 PSYoungGen      total 23552K, used 21209K [0x00000000d5580000, 0x00000000d6f80000, 0x0000000100000000)
  eden space 21504K, 90% used [0x00000000d5580000,0x00000000d6880000,0x00000000d6a80000)
  from space 2048K, 85% used [0x00000000d6a80000,0x00000000d6c36580,0x00000000d6c80000)
  to   space 2560K, 0% used [0x00000000d6d00000,0x00000000d6d00000,0x00000000d6f80000)
 ParOldGen       total 68608K, used 36845K [0x0000000080000000, 0x0000000084300000, 0x00000000d5580000)
  object space 68608K, 53% used [0x0000000080000000,0x00000000823fb4c8,0x0000000084300000)
 Metaspace       used 43390K, committed 44480K, reserved 1114112K
  class space    used 4238K, committed 4736K, reserved 1048576K

Card table byte_map: [0x000001dc85fc0000,0x000001dc863d0000] _byte_map_base: 0x000001dc85bc0000

Marking Bits: (ParMarkBitMap*) 0x00007ffe86fda340
 Begin Bits: [0x000001dc98aa0000, 0x000001dc9aaa0000)
 End Bits:   [0x000001dc9aaa0000, 0x000001dc9caa0000)

Polling page: 0x000001dc84460000

Metaspace:

Usage:
  Non-class:     38.23 MB used.
      Class:      4.14 MB used.
       Both:     42.37 MB used.

Virtual space:
  Non-class space:       64.00 MB reserved,      38.81 MB ( 61%) committed,  1 nodes.
      Class space:        1.00 GB reserved,       4.62 MB ( <1%) committed,  1 nodes.
             Both:        1.06 GB reserved,      43.44 MB (  4%) committed. 

Chunk freelists:
   Non-Class:  8.44 MB
       Class:  11.42 MB
        Both:  19.86 MB

MaxMetaspaceSize: unlimited
CompressedClassSpaceSize: 1.00 GB
Initial GC threshold: 21.00 MB
Current GC threshold: 58.38 MB
CDS: on
 - commit_granule_bytes: 65536.
 - commit_granule_words: 8192.
 - virtual_space_node_default_size: 8388608.
 - enlarge_chunks_in_place: 1.
 - use_allocation_guard: 0.


Internal statistics:

num_allocs_failed_limit: 6.
num_arena_births: 894.
num_arena_deaths: 14.
num_vsnodes_births: 2.
num_vsnodes_deaths: 0.
num_space_committed: 695.
num_space_uncommitted: 0.
num_chunks_returned_to_freelist: 20.
num_chunks_taken_from_freelist: 2750.
num_chunk_merges: 12.
num_chunk_splits: 1752.
num_chunks_enlarged: 1076.
num_inconsistent_stats: 0.

CodeHeap 'non-profiled nmethods': size=119168Kb used=6103Kb max_used=6103Kb free=113065Kb
 bounds [0x000001dc91390000, 0x000001dc91990000, 0x000001dc987f0000]
CodeHeap 'profiled nmethods': size=119104Kb used=18670Kb max_used=18670Kb free=100434Kb
 bounds [0x000001dc897f0000, 0x000001dc8aa30000, 0x000001dc90c40000]
CodeHeap 'non-nmethods': size=7488Kb used=2537Kb max_used=3085Kb free=4950Kb
 bounds [0x000001dc90c40000, 0x000001dc90f50000, 0x000001dc91390000]
CodeCache: size=245760Kb, used=27310Kb, max_used=27858Kb, free=218449Kb
 total_blobs=8445, nmethods=7738, adapters=610, full_count=0
Compilation: enabled, stopped_count=0, restarted_count=0

Compilation events (20 events):
Event: 18.115 Thread 0x000001dcdf6c2820 8139       3       org.eclipse.core.internal.resources.MarkerWriter::write (100 bytes)
Event: 18.115 Thread 0x000001dce8557640 nmethod 8137 0x000001dc8aa15810 code [0x000001dc8aa15a60, 0x000001dc8aa164c8]
Event: 18.115 Thread 0x000001dce8557640 8140       3       org.eclipse.core.internal.resources.MarkerInfo::getAttributes (35 bytes)
Event: 18.116 Thread 0x000001dce8557640 nmethod 8140 0x000001dc8aa16810 code [0x000001dc8aa16a00, 0x000001dc8aa16f58]
Event: 18.116 Thread 0x000001dce8557640 8141       3       org.eclipse.core.internal.resources.MarkerAttributeMap::isEmpty (10 bytes)
Event: 18.116 Thread 0x000001dce8557640 nmethod 8141 0x000001dc8aa17110 code [0x000001dc8aa172e0, 0x000001dc8aa17640]
Event: 18.118 Thread 0x000001dce8557640 8142       3       org.eclipse.core.internal.resources.MarkerAttributeMap::size (10 bytes)
Event: 18.119 Thread 0x000001dce8557640 nmethod 8142 0x000001dc8aa17790 code [0x000001dc8aa17960, 0x000001dc8aa17cc0]
Event: 18.120 Thread 0x000001dce8557640 8144       3       org.eclipse.core.internal.resources.MarkerAttributeMap::entrySet (10 bytes)
Event: 18.120 Thread 0x000001dce8557640 nmethod 8144 0x000001dc8aa17e10 code [0x000001dc8aa17fe0, 0x000001dc8aa18340]
Event: 18.120 Thread 0x000001dce8557640 8143       3       java.io.DataOutputStream::writeShort (28 bytes)
Event: 18.121 Thread 0x000001dce8557d10 nmethod 8136 0x000001dc8aa18490 code [0x000001dc8aa18980, 0x000001dc8aa1b5e0]
Event: 18.122 Thread 0x000001dcdf6c2820 nmethod 8139 0x000001dc8aa1c310 code [0x000001dc8aa1c720, 0x000001dc8aa1e4e8]
Event: 18.122 Thread 0x000001dce8557640 nmethod 8143 0x000001dc8aa1f090 code [0x000001dc8aa1f2c0, 0x000001dc8aa1fa30]
Event: 18.125 Thread 0x000001dcdf6c2820 8145       3       java.lang.invoke.MemberName::equals (69 bytes)
Event: 18.126 Thread 0x000001dcdf6c2820 nmethod 8145 0x000001dc8aa1fd90 code [0x000001dc8aa20020, 0x000001dc8aa20b28]
Event: 18.127 Thread 0x000001dce8557d10 8146       3       java.lang.invoke.MethodHandles::insertArguments (98 bytes)
Event: 18.127 Thread 0x000001dcdf6c2820 8147       3       java.lang.invoke.MethodHandles::insertArgumentsChecks (51 bytes)
Event: 18.128 Thread 0x000001dcdf6c2820 nmethod 8147 0x000001dc8aa20e10 code [0x000001dc8aa21000, 0x000001dc8aa214d8]
Event: 18.128 Thread 0x000001dce8557d10 nmethod 8146 0x000001dc8aa21710 code [0x000001dc8aa219a0, 0x000001dc8aa22488]

GC Heap History (20 events):
Event: 10.332 GC heap before
{Heap before GC invocations=20 (full 2):
 PSYoungGen      total 22528K, used 192K [0x00000000d5580000, 0x00000000d6d80000, 0x0000000100000000)
  eden space 22016K, 0% used [0x00000000d5580000,0x00000000d5580000,0x00000000d6b00000)
  from space 512K, 37% used [0x00000000d6d00000,0x00000000d6d30000,0x00000000d6d80000)
  to   space 1024K, 0% used [0x00000000d6b80000,0x00000000d6b80000,0x00000000d6c80000)
 ParOldGen       total 68608K, used 31328K [0x0000000080000000, 0x0000000084300000, 0x00000000d5580000)
  object space 68608K, 45% used [0x0000000080000000,0x0000000081e982b8,0x0000000084300000)
 Metaspace       used 34944K, committed 35840K, reserved 1114112K
  class space    used 3505K, committed 3904K, reserved 1048576K
}
Event: 10.393 GC heap after
{Heap after GC invocations=20 (full 2):
 PSYoungGen      total 22528K, used 0K [0x00000000d5580000, 0x00000000d6d80000, 0x0000000100000000)
  eden space 22016K, 0% used [0x00000000d5580000,0x00000000d5580000,0x00000000d6b00000)
  from space 512K, 0% used [0x00000000d6d00000,0x00000000d6d00000,0x00000000d6d80000)
  to   space 1024K, 0% used [0x00000000d6b80000,0x00000000d6b80000,0x00000000d6c80000)
 ParOldGen       total 68608K, used 30008K [0x0000000080000000, 0x0000000084300000, 0x00000000d5580000)
  object space 68608K, 43% used [0x0000000080000000,0x0000000081d4e2b8,0x0000000084300000)
 Metaspace       used 34944K, committed 35840K, reserved 1114112K
  class space    used 3505K, committed 3904K, reserved 1048576K
}
Event: 10.993 GC heap before
{Heap before GC invocations=21 (full 2):
 PSYoungGen      total 22528K, used 22016K [0x00000000d5580000, 0x00000000d6d80000, 0x0000000100000000)
  eden space 22016K, 100% used [0x00000000d5580000,0x00000000d6b00000,0x00000000d6b00000)
  from space 512K, 0% used [0x00000000d6d00000,0x00000000d6d00000,0x00000000d6d80000)
  to   space 1024K, 0% used [0x00000000d6b80000,0x00000000d6b80000,0x00000000d6c80000)
 ParOldGen       total 68608K, used 30008K [0x0000000080000000, 0x0000000084300000, 0x00000000d5580000)
  object space 68608K, 43% used [0x0000000080000000,0x0000000081d4e2b8,0x0000000084300000)
 Metaspace       used 36788K, committed 37696K, reserved 1114112K
  class space    used 3685K, committed 4096K, reserved 1048576K
}
Event: 10.995 GC heap after
{Heap after GC invocations=21 (full 2):
 PSYoungGen      total 23040K, used 576K [0x00000000d5580000, 0x00000000d6d80000, 0x0000000100000000)
  eden space 22016K, 0% used [0x00000000d5580000,0x00000000d5580000,0x00000000d6b00000)
  from space 1024K, 56% used [0x00000000d6b80000,0x00000000d6c10000,0x00000000d6c80000)
  to   space 1024K, 0% used [0x00000000d6c80000,0x00000000d6c80000,0x00000000d6d80000)
 ParOldGen       total 68608K, used 30016K [0x0000000080000000, 0x0000000084300000, 0x00000000d5580000)
  object space 68608K, 43% used [0x0000000080000000,0x0000000081d502b8,0x0000000084300000)
 Metaspace       used 36788K, committed 37696K, reserved 1114112K
  class space    used 3685K, committed 4096K, reserved 1048576K
}
Event: 12.082 GC heap before
{Heap before GC invocations=22 (full 2):
 PSYoungGen      total 23040K, used 22592K [0x00000000d5580000, 0x00000000d6d80000, 0x0000000100000000)
  eden space 22016K, 100% used [0x00000000d5580000,0x00000000d6b00000,0x00000000d6b00000)
  from space 1024K, 56% used [0x00000000d6b80000,0x00000000d6c10000,0x00000000d6c80000)
  to   space 1024K, 0% used [0x00000000d6c80000,0x00000000d6c80000,0x00000000d6d80000)
 ParOldGen       total 68608K, used 30016K [0x0000000080000000, 0x0000000084300000, 0x00000000d5580000)
  object space 68608K, 43% used [0x0000000080000000,0x0000000081d502b8,0x0000000084300000)
 Metaspace       used 38708K, committed 39680K, reserved 1114112K
  class space    used 3859K, committed 4288K, reserved 1048576K
}
Event: 12.083 GC heap after
{Heap after GC invocations=22 (full 2):
 PSYoungGen      total 23040K, used 932K [0x00000000d5580000, 0x00000000d6d80000, 0x0000000100000000)
  eden space 22016K, 0% used [0x00000000d5580000,0x00000000d5580000,0x00000000d6b00000)
  from space 1024K, 91% used [0x00000000d6c80000,0x00000000d6d69168,0x00000000d6d80000)
  to   space 1024K, 0% used [0x00000000d6b80000,0x00000000d6b80000,0x00000000d6c80000)
 ParOldGen       total 68608K, used 30320K [0x0000000080000000, 0x0000000084300000, 0x00000000d5580000)
  object space 68608K, 44% used [0x0000000080000000,0x0000000081d9c2b8,0x0000000084300000)
 Metaspace       used 38708K, committed 39680K, reserved 1114112K
  class space    used 3859K, committed 4288K, reserved 1048576K
}
Event: 12.793 GC heap before
{Heap before GC invocations=23 (full 2):
 PSYoungGen      total 23040K, used 22948K [0x00000000d5580000, 0x00000000d6d80000, 0x0000000100000000)
  eden space 22016K, 100% used [0x00000000d5580000,0x00000000d6b00000,0x00000000d6b00000)
  from space 1024K, 91% used [0x00000000d6c80000,0x00000000d6d69168,0x00000000d6d80000)
  to   space 1024K, 0% used [0x00000000d6b80000,0x00000000d6b80000,0x00000000d6c80000)
 ParOldGen       total 68608K, used 30320K [0x0000000080000000, 0x0000000084300000, 0x00000000d5580000)
  object space 68608K, 44% used [0x0000000080000000,0x0000000081d9c2b8,0x0000000084300000)
 Metaspace       used 39240K, committed 40192K, reserved 1114112K
  class space    used 3917K, committed 4352K, reserved 1048576K
}
Event: 12.795 GC heap after
{Heap after GC invocations=23 (full 2):
 PSYoungGen      total 23040K, used 704K [0x00000000d5580000, 0x00000000d6d00000, 0x0000000100000000)
  eden space 22016K, 0% used [0x00000000d5580000,0x00000000d5580000,0x00000000d6b00000)
  from space 1024K, 68% used [0x00000000d6b80000,0x00000000d6c30020,0x00000000d6c80000)
  to   space 512K, 0% used [0x00000000d6c80000,0x00000000d6c80000,0x00000000d6d00000)
 ParOldGen       total 68608K, used 30841K [0x0000000080000000, 0x0000000084300000, 0x00000000d5580000)
  object space 68608K, 44% used [0x0000000080000000,0x0000000081e1e4a0,0x0000000084300000)
 Metaspace       used 39240K, committed 40192K, reserved 1114112K
  class space    used 3917K, committed 4352K, reserved 1048576K
}
Event: 14.043 GC heap before
{Heap before GC invocations=24 (full 2):
 PSYoungGen      total 23040K, used 22720K [0x00000000d5580000, 0x00000000d6d00000, 0x0000000100000000)
  eden space 22016K, 100% used [0x00000000d5580000,0x00000000d6b00000,0x00000000d6b00000)
  from space 1024K, 68% used [0x00000000d6b80000,0x00000000d6c30020,0x00000000d6c80000)
  to   space 512K, 0% used [0x00000000d6c80000,0x00000000d6c80000,0x00000000d6d00000)
 ParOldGen       total 68608K, used 30841K [0x0000000080000000, 0x0000000084300000, 0x00000000d5580000)
  object space 68608K, 44% used [0x0000000080000000,0x0000000081e1e4a0,0x0000000084300000)
 Metaspace       used 39670K, committed 40640K, reserved 1114112K
  class space    used 3940K, committed 4416K, reserved 1048576K
}
Event: 14.044 GC heap after
{Heap after GC invocations=24 (full 2):
 PSYoungGen      total 22528K, used 511K [0x00000000d5580000, 0x00000000d6d00000, 0x0000000100000000)
  eden space 22016K, 0% used [0x00000000d5580000,0x00000000d5580000,0x00000000d6b00000)
  from space 512K, 99% used [0x00000000d6c80000,0x00000000d6cffc68,0x00000000d6d00000)
  to   space 1024K, 0% used [0x00000000d6b00000,0x00000000d6b00000,0x00000000d6c00000)
 ParOldGen       total 68608K, used 31154K [0x0000000080000000, 0x0000000084300000, 0x00000000d5580000)
  object space 68608K, 45% used [0x0000000080000000,0x0000000081e6c9e0,0x0000000084300000)
 Metaspace       used 39670K, committed 40640K, reserved 1114112K
  class space    used 3940K, committed 4416K, reserved 1048576K
}
Event: 14.369 GC heap before
{Heap before GC invocations=25 (full 2):
 PSYoungGen      total 22528K, used 22527K [0x00000000d5580000, 0x00000000d6d00000, 0x0000000100000000)
  eden space 22016K, 100% used [0x00000000d5580000,0x00000000d6b00000,0x00000000d6b00000)
  from space 512K, 99% used [0x00000000d6c80000,0x00000000d6cffc68,0x00000000d6d00000)
  to   space 1024K, 0% used [0x00000000d6b00000,0x00000000d6b00000,0x00000000d6c00000)
 ParOldGen       total 68608K, used 31154K [0x0000000080000000, 0x0000000084300000, 0x00000000d5580000)
  object space 68608K, 45% used [0x0000000080000000,0x0000000081e6c9e0,0x0000000084300000)
 Metaspace       used 39809K, committed 40832K, reserved 1114112K
  class space    used 3945K, committed 4416K, reserved 1048576K
}
Event: 14.371 GC heap after
{Heap after GC invocations=25 (full 2):
 PSYoungGen      total 23040K, used 640K [0x00000000d5580000, 0x00000000d6d00000, 0x0000000100000000)
  eden space 22016K, 0% used [0x00000000d5580000,0x00000000d5580000,0x00000000d6b00000)
  from space 1024K, 62% used [0x00000000d6b00000,0x00000000d6ba0000,0x00000000d6c00000)
  to   space 1024K, 0% used [0x00000000d6c00000,0x00000000d6c00000,0x00000000d6d00000)
 ParOldGen       total 68608K, used 31667K [0x0000000080000000, 0x0000000084300000, 0x00000000d5580000)
  object space 68608K, 46% used [0x0000000080000000,0x0000000081eece10,0x0000000084300000)
 Metaspace       used 39809K, committed 40832K, reserved 1114112K
  class space    used 3945K, committed 4416K, reserved 1048576K
}
Event: 16.379 GC heap before
{Heap before GC invocations=26 (full 2):
 PSYoungGen      total 23040K, used 22655K [0x00000000d5580000, 0x00000000d6d00000, 0x0000000100000000)
  eden space 22016K, 99% used [0x00000000d5580000,0x00000000d6affff0,0x00000000d6b00000)
  from space 1024K, 62% used [0x00000000d6b00000,0x00000000d6ba0000,0x00000000d6c00000)
  to   space 1024K, 0% used [0x00000000d6c00000,0x00000000d6c00000,0x00000000d6d00000)
 ParOldGen       total 68608K, used 31667K [0x0000000080000000, 0x0000000084300000, 0x00000000d5580000)
  object space 68608K, 46% used [0x0000000080000000,0x0000000081eece10,0x0000000084300000)
 Metaspace       used 41509K, committed 42496K, reserved 1114112K
  class space    used 4115K, committed 4544K, reserved 1048576K
}
Event: 16.381 GC heap after
{Heap after GC invocations=26 (full 2):
 PSYoungGen      total 22528K, used 996K [0x00000000d5580000, 0x00000000d6e00000, 0x0000000100000000)
  eden space 21504K, 0% used [0x00000000d5580000,0x00000000d5580000,0x00000000d6a80000)
  from space 1024K, 97% used [0x00000000d6c00000,0x00000000d6cf92c0,0x00000000d6d00000)
  to   space 1536K, 0% used [0x00000000d6a80000,0x00000000d6a80000,0x00000000d6c00000)
 ParOldGen       total 68608K, used 32025K [0x0000000080000000, 0x0000000084300000, 0x00000000d5580000)
  object space 68608K, 46% used [0x0000000080000000,0x0000000081f46400,0x0000000084300000)
 Metaspace       used 41509K, committed 42496K, reserved 1114112K
  class space    used 4115K, committed 4544K, reserved 1048576K
}
Event: 16.892 GC heap before
{Heap before GC invocations=27 (full 2):
 PSYoungGen      total 22528K, used 22500K [0x00000000d5580000, 0x00000000d6e00000, 0x0000000100000000)
  eden space 21504K, 100% used [0x00000000d5580000,0x00000000d6a80000,0x00000000d6a80000)
  from space 1024K, 97% used [0x00000000d6c00000,0x00000000d6cf92c0,0x00000000d6d00000)
  to   space 1536K, 0% used [0x00000000d6a80000,0x00000000d6a80000,0x00000000d6c00000)
 ParOldGen       total 68608K, used 32025K [0x0000000080000000, 0x0000000084300000, 0x00000000d5580000)
  object space 68608K, 46% used [0x0000000080000000,0x0000000081f46400,0x0000000084300000)
 Metaspace       used 42180K, committed 43200K, reserved 1114112K
  class space    used 4143K, committed 4608K, reserved 1048576K
}
Event: 16.896 GC heap after
{Heap after GC invocations=27 (full 2):
 PSYoungGen      total 23040K, used 1504K [0x00000000d5580000, 0x00000000d7080000, 0x0000000100000000)
  eden space 21504K, 0% used [0x00000000d5580000,0x00000000d5580000,0x00000000d6a80000)
  from space 1536K, 97% used [0x00000000d6a80000,0x00000000d6bf8020,0x00000000d6c00000)
  to   space 3072K, 0% used [0x00000000d6d80000,0x00000000d6d80000,0x00000000d7080000)
 ParOldGen       total 68608K, used 32953K [0x0000000080000000, 0x0000000084300000, 0x00000000d5580000)
  object space 68608K, 48% used [0x0000000080000000,0x000000008202e6a8,0x0000000084300000)
 Metaspace       used 42180K, committed 43200K, reserved 1114112K
  class space    used 4143K, committed 4608K, reserved 1048576K
}
Event: 17.374 GC heap before
{Heap before GC invocations=28 (full 2):
 PSYoungGen      total 23040K, used 23008K [0x00000000d5580000, 0x00000000d7080000, 0x0000000100000000)
  eden space 21504K, 100% used [0x00000000d5580000,0x00000000d6a80000,0x00000000d6a80000)
  from space 1536K, 97% used [0x00000000d6a80000,0x00000000d6bf8020,0x00000000d6c00000)
  to   space 3072K, 0% used [0x00000000d6d80000,0x00000000d6d80000,0x00000000d7080000)
 ParOldGen       total 68608K, used 32953K [0x0000000080000000, 0x0000000084300000, 0x00000000d5580000)
  object space 68608K, 48% used [0x0000000080000000,0x000000008202e6a8,0x0000000084300000)
 Metaspace       used 42553K, committed 43520K, reserved 1114112K
  class space    used 4175K, committed 4608K, reserved 1048576K
}
Event: 17.378 GC heap after
{Heap after GC invocations=28 (full 2):
 PSYoungGen      total 24576K, used 2675K [0x00000000d5580000, 0x00000000d7080000, 0x0000000100000000)
  eden space 21504K, 0% used [0x00000000d5580000,0x00000000d5580000,0x00000000d6a80000)
  from space 3072K, 87% used [0x00000000d6d80000,0x00000000d701ce10,0x00000000d7080000)
  to   space 3072K, 0% used [0x00000000d6a80000,0x00000000d6a80000,0x00000000d6d80000)
 ParOldGen       total 68608K, used 34355K [0x0000000080000000, 0x0000000084300000, 0x00000000d5580000)
  object space 68608K, 50% used [0x0000000080000000,0x000000008218cc20,0x0000000084300000)
 Metaspace       used 42553K, committed 43520K, reserved 1114112K
  class space    used 4175K, committed 4608K, reserved 1048576K
}
Event: 17.833 GC heap before
{Heap before GC invocations=29 (full 2):
 PSYoungGen      total 24576K, used 24179K [0x00000000d5580000, 0x00000000d7080000, 0x0000000100000000)
  eden space 21504K, 100% used [0x00000000d5580000,0x00000000d6a80000,0x00000000d6a80000)
  from space 3072K, 87% used [0x00000000d6d80000,0x00000000d701ce10,0x00000000d7080000)
  to   space 3072K, 0% used [0x00000000d6a80000,0x00000000d6a80000,0x00000000d6d80000)
 ParOldGen       total 68608K, used 34355K [0x0000000080000000, 0x0000000084300000, 0x00000000d5580000)
  object space 68608K, 50% used [0x0000000080000000,0x000000008218cc20,0x0000000084300000)
 Metaspace       used 42945K, committed 43968K, reserved 1114112K
  class space    used 4182K, committed 4608K, reserved 1048576K
}
Event: 17.836 GC heap after
{Heap after GC invocations=29 (full 2):
 PSYoungGen      total 23552K, used 1753K [0x00000000d5580000, 0x00000000d6f80000, 0x0000000100000000)
  eden space 21504K, 0% used [0x00000000d5580000,0x00000000d5580000,0x00000000d6a80000)
  from space 2048K, 85% used [0x00000000d6a80000,0x00000000d6c36580,0x00000000d6c80000)
  to   space 2560K, 0% used [0x00000000d6d00000,0x00000000d6d00000,0x00000000d6f80000)
 ParOldGen       total 68608K, used 36845K [0x0000000080000000, 0x0000000084300000, 0x00000000d5580000)
  object space 68608K, 53% used [0x0000000080000000,0x00000000823fb4c8,0x0000000084300000)
 Metaspace       used 42945K, committed 43968K, reserved 1114112K
  class space    used 4182K, committed 4608K, reserved 1048576K
}

Dll operation events (10 events):
Event: 0.041 Loaded shared library c:\Users\OMAR INFO\.windsurf\extensions\redhat.java-1.45.0-win32-x64\jre\21.0.8-win32-x86_64\bin\java.dll
Event: 0.166 Loaded shared library c:\Users\OMAR INFO\.windsurf\extensions\redhat.java-1.45.0-win32-x64\jre\21.0.8-win32-x86_64\bin\zip.dll
Event: 0.191 Loaded shared library C:\Users\OMAR INFO\.windsurf\extensions\redhat.java-1.45.0-win32-x64\jre\21.0.8-win32-x86_64\bin\instrument.dll
Event: 0.197 Loaded shared library C:\Users\OMAR INFO\.windsurf\extensions\redhat.java-1.45.0-win32-x64\jre\21.0.8-win32-x86_64\bin\net.dll
Event: 0.199 Loaded shared library C:\Users\OMAR INFO\.windsurf\extensions\redhat.java-1.45.0-win32-x64\jre\21.0.8-win32-x86_64\bin\nio.dll
Event: 0.201 Loaded shared library C:\Users\OMAR INFO\.windsurf\extensions\redhat.java-1.45.0-win32-x64\jre\21.0.8-win32-x86_64\bin\zip.dll
Event: 0.223 Loaded shared library C:\Users\OMAR INFO\.windsurf\extensions\redhat.java-1.45.0-win32-x64\jre\21.0.8-win32-x86_64\bin\jimage.dll
Event: 0.303 Loaded shared library c:\Users\OMAR INFO\.windsurf\extensions\redhat.java-1.45.0-win32-x64\jre\21.0.8-win32-x86_64\bin\verify.dll
Event: 1.710 Loaded shared library C:\Users\OMAR INFO\AppData\Roaming\Windsurf\User\globalStorage\redhat.java\1.45.0\config_ss_win\org.eclipse.equinox.launcher\org.eclipse.equinox.launcher.win32.win32.x86_64_1.2.1400.v20250801-0854\eclipse_11916.dll
Event: 2.717 Loaded shared library C:\Users\OMAR INFO\AppData\Local\Temp\jna--64980065\jna3521527012046449475.dll

Deoptimization events (20 events):
Event: 17.952 Thread 0x000001dce5d96920 Uncommon trap: trap_request=0xffffff45 fr.pc=0x000001dc91922ec8 relative=0x0000000000001b08
Event: 17.952 Thread 0x000001dce5d96920 Uncommon trap: reason=unstable_if action=reinterpret pc=0x000001dc91922ec8 method=org.eclipse.jdt.internal.core.JavaModelCache.getInfo(Lorg/eclipse/jdt/core/IJavaElement;)Lorg/eclipse/jdt/internal/compiler/env/IElementInfo; @ 6 c2
Event: 17.952 Thread 0x000001dce5d96920 DEOPT PACKING pc=0x000001dc91922ec8 sp=0x000000c711bfedb0
Event: 17.953 Thread 0x000001dce5d96920 DEOPT UNPACKING pc=0x000001dc90c96da2 sp=0x000000c711bfed88 mode 2
Event: 17.965 Thread 0x000001dce5d96920 Uncommon trap: trap_request=0xffffff45 fr.pc=0x000001dc91820a4c relative=0x00000000000010ec
Event: 17.965 Thread 0x000001dce5d96920 Uncommon trap: reason=unstable_if action=reinterpret pc=0x000001dc91820a4c method=org.eclipse.core.runtime.Path.toOSString()Ljava/lang/String; @ 66 c2
Event: 17.965 Thread 0x000001dce5d96920 DEOPT PACKING pc=0x000001dc91820a4c sp=0x000000c711bfef00
Event: 17.965 Thread 0x000001dce5d96920 DEOPT UNPACKING pc=0x000001dc90c96da2 sp=0x000000c711bfeec0 mode 2
Event: 18.046 Thread 0x000001dce5d96920 Uncommon trap: trap_request=0xffffffde fr.pc=0x000001dc91434334 relative=0x00000000000006f4
Event: 18.046 Thread 0x000001dce5d96920 Uncommon trap: reason=class_check action=maybe_recompile pc=0x000001dc91434334 method=java.util.HashMap.computeIfAbsent(Ljava/lang/Object;Ljava/util/function/Function;)Ljava/lang/Object; @ 188 c2
Event: 18.046 Thread 0x000001dce5d96920 DEOPT PACKING pc=0x000001dc91434334 sp=0x000000c711bff170
Event: 18.046 Thread 0x000001dce5d96920 DEOPT UNPACKING pc=0x000001dc90c96da2 sp=0x000000c711bff118 mode 2
Event: 18.046 Thread 0x000001dce5d96920 Uncommon trap: trap_request=0xffffffde fr.pc=0x000001dc91434334 relative=0x00000000000006f4
Event: 18.046 Thread 0x000001dce5d96920 Uncommon trap: reason=class_check action=maybe_recompile pc=0x000001dc91434334 method=java.util.HashMap.computeIfAbsent(Ljava/lang/Object;Ljava/util/function/Function;)Ljava/lang/Object; @ 188 c2
Event: 18.046 Thread 0x000001dce5d96920 DEOPT PACKING pc=0x000001dc91434334 sp=0x000000c711bff170
Event: 18.046 Thread 0x000001dce5d96920 DEOPT UNPACKING pc=0x000001dc90c96da2 sp=0x000000c711bff118 mode 2
Event: 18.083 Thread 0x000001dce5d96920 Uncommon trap: trap_request=0xffffff45 fr.pc=0x000001dc9152ebcc relative=0x00000000000001ac
Event: 18.083 Thread 0x000001dce5d96920 Uncommon trap: reason=unstable_if action=reinterpret pc=0x000001dc9152ebcc method=jdk.internal.org.objectweb.asm.Frame.push(I)V @ 26 c2
Event: 18.083 Thread 0x000001dce5d96920 DEOPT PACKING pc=0x000001dc9152ebcc sp=0x000000c711bfd810
Event: 18.083 Thread 0x000001dce5d96920 DEOPT UNPACKING pc=0x000001dc90c96da2 sp=0x000000c711bfd798 mode 2

Classes loaded (20 events):
Event: 18.114 Loading class java/util/logging/LogRecord done
Event: 18.123 Loading class java/util/logging/ConsoleHandler
Event: 18.123 Loading class java/util/logging/StreamHandler
Event: 18.124 Loading class java/util/logging/StreamHandler done
Event: 18.124 Loading class java/util/logging/ConsoleHandler done
Event: 18.124 Loading class java/util/logging/SimpleFormatter
Event: 18.124 Loading class java/util/logging/Formatter
Event: 18.124 Loading class java/util/logging/Formatter done
Event: 18.124 Loading class java/util/logging/SimpleFormatter done
Event: 18.125 Loading class jdk/internal/logger/SimpleConsoleLogger$Formatting
Event: 18.126 Loading class jdk/internal/logger/SimpleConsoleLogger$Formatting done
Event: 18.126 Loading class java/util/logging/ErrorManager
Event: 18.126 Loading class java/util/logging/ErrorManager done
Event: 18.129 Loading class java/util/logging/Handler$1
Event: 18.130 Loading class java/util/logging/Handler$1 done
Event: 18.130 Loading class java/util/logging/StreamHandler$1
Event: 18.131 Loading class java/util/logging/StreamHandler$1 done
Event: 18.131 Loading class java/util/logging/LogManager$CloseOnReset
Event: 18.132 Loading class java/util/logging/LogManager$CloseOnReset done
Event: 18.132 Loading class java/util/logging/LogRecord$CallerFinder

Classes unloaded (7 events):
Event: 3.480 Thread 0x000001dcde1e47a0 Unloading class 0x000001dc9e18d400 'java/lang/invoke/LambdaForm$MH+0x000001dc9e18d400'
Event: 3.480 Thread 0x000001dcde1e47a0 Unloading class 0x000001dc9e18d000 'java/lang/invoke/LambdaForm$MH+0x000001dc9e18d000'
Event: 3.480 Thread 0x000001dcde1e47a0 Unloading class 0x000001dc9e18cc00 'java/lang/invoke/LambdaForm$MH+0x000001dc9e18cc00'
Event: 3.480 Thread 0x000001dcde1e47a0 Unloading class 0x000001dc9e18c800 'java/lang/invoke/LambdaForm$MH+0x000001dc9e18c800'
Event: 3.480 Thread 0x000001dcde1e47a0 Unloading class 0x000001dc9e18c400 'java/lang/invoke/LambdaForm$BMH+0x000001dc9e18c400'
Event: 3.480 Thread 0x000001dcde1e47a0 Unloading class 0x000001dc9e18c000 'java/lang/invoke/LambdaForm$DMH+0x000001dc9e18c000'
Event: 3.480 Thread 0x000001dcde1e47a0 Unloading class 0x000001dc9e18ac00 'java/lang/invoke/LambdaForm$DMH+0x000001dc9e18ac00'

Classes redefined (0 events):
No events

Internal exceptions (20 events):
Event: 8.845 Thread 0x000001dce6df2e50 Exception <a 'java/lang/NoSuchMethodError'{0x00000000d5d362a0}: 'int java.lang.invoke.Invokers$Holder.linkToTargetMethod(java.lang.Object, java.lang.Object)'> (0x00000000d5d362a0) 
thrown [s\src\hotspot\share\interpreter\linkResolver.cpp, line 773]
Event: 12.228 Thread 0x000001dce6df2e50 Exception <a 'java/lang/NoSuchMethodError'{0x00000000d5a03388}: 'java.lang.Object java.lang.invoke.DirectMethodHandle$Holder.invokeStatic(java.lang.Object, java.lang.Object, int, int)'> (0x00000000d5a03388) 
thrown [s\src\hotspot\share\interpreter\linkResolver.cpp, line 773]
Event: 12.229 Thread 0x000001dce6df2e50 Exception <a 'java/lang/NoSuchMethodError'{0x00000000d5a07788}: 'java.lang.Object java.lang.invoke.DirectMethodHandle$Holder.invokeSpecial(java.lang.Object, java.lang.Object, java.lang.Object, int, int)'> (0x00000000d5a07788) 
thrown [s\src\hotspot\share\interpreter\linkResolver.cpp, line 773]
Event: 12.871 Thread 0x000001dce6df2e50 Implicit null exception at 0x000001dc91491123 to 0x000001dc914914bc
Event: 12.883 Thread 0x000001dce6df2e50 Implicit null exception at 0x000001dc91725ec7 to 0x000001dc91726588
Event: 14.837 Thread 0x000001dce5d96920 Exception <a 'java/lang/NoSuchMethodError'{0x00000000d5cf9d98}: 'java.lang.Object java.lang.invoke.DirectMethodHandle$Holder.invokeSpecial(java.lang.Object, java.lang.Object, int, long)'> (0x00000000d5cf9d98) 
thrown [s\src\hotspot\share\interpreter\linkResolver.cpp, line 773]
Event: 15.699 Thread 0x000001dce6df6960 Exception <a 'java/lang/NoSuchMethodError'{0x00000000d61be8f8}: 'int java.lang.invoke.DirectMethodHandle$Holder.invokeSpecialIFC(java.lang.Object, java.lang.Object, java.lang.Object)'> (0x00000000d61be8f8) 
thrown [s\src\hotspot\share\interpreter\linkResolver.cpp, line 773]
Event: 15.868 Thread 0x000001dce6df6960 Exception <a 'java/io/FileNotFoundException'{0x00000000d639ab58}> (0x00000000d639ab58) 
thrown [s\src\hotspot\share\prims\jni.cpp, line 520]
Event: 15.868 Thread 0x000001dce6df6960 Exception <a 'java/io/FileNotFoundException'{0x00000000d639c928}> (0x00000000d639c928) 
thrown [s\src\hotspot\share\prims\jni.cpp, line 520]
Event: 16.219 Thread 0x000001dce6df6960 Exception <a 'java/io/FileNotFoundException'{0x00000000d681f548}> (0x00000000d681f548) 
thrown [s\src\hotspot\share\prims\jni.cpp, line 520]
Event: 16.220 Thread 0x000001dce6df6960 Exception <a 'java/io/FileNotFoundException'{0x00000000d68207e0}> (0x00000000d68207e0) 
thrown [s\src\hotspot\share\prims\jni.cpp, line 520]
Event: 16.220 Thread 0x000001dce6df6960 Exception <a 'java/io/FileNotFoundException'{0x00000000d68220e0}> (0x00000000d68220e0) 
thrown [s\src\hotspot\share\prims\jni.cpp, line 520]
Event: 16.508 Thread 0x000001dce6df6960 Exception <a 'java/lang/NoSuchMethodError'{0x00000000d58312a0}: 'int java.lang.invoke.DirectMethodHandle$Holder.invokeSpecial(java.lang.Object, java.lang.Object, java.lang.Object, java.lang.Object)'> (0x00000000d58312a0) 
thrown [s\src\hotspot\share\interpreter\linkResolver.cpp, line 773]
Event: 16.901 Thread 0x000001dce6df6960 Implicit null exception at 0x000001dc9183164f to 0x000001dc91831820
Event: 17.200 Thread 0x000001dce6df6960 Exception <a 'java/lang/NoSuchMethodError'{0x00000000d62bcc10}: 'void java.lang.invoke.DirectMethodHandle$Holder.invokeVirtual(java.lang.Object, java.lang.Object, java.lang.Object, java.lang.Object, java.lang.Object)'> (0x00000000d62bcc10) 
thrown [s\src\hotspot\share\interpreter\linkResolver.cpp, line 773]
Event: 17.207 Thread 0x000001dce6df6960 Exception <a 'java/lang/NoSuchMethodError'{0x00000000d62d5480}: 'java.lang.Object java.lang.invoke.DirectMethodHandle$Holder.invokeStatic(java.lang.Object, java.lang.Object, int, java.lang.Object, java.lang.Object)'> (0x00000000d62d5480) 
thrown [s\src\hotspot\share\interpreter\linkResolver.cpp, line 773]
Event: 18.016 Thread 0x000001dce5d96920 Exception <a 'java/io/FileNotFoundException'{0x00000000d5f27980}> (0x00000000d5f27980) 
thrown [s\src\hotspot\share\prims\jni.cpp, line 520]
Event: 18.071 Thread 0x000001dce6df2e50 Exception <a 'java/lang/NoSuchMethodError'{0x00000000d58ac168}: 'void java.lang.invoke.DirectMethodHandle$Holder.invokeInterface(java.lang.Object, java.lang.Object)'> (0x00000000d58ac168) 
thrown [s\src\hotspot\share\interpreter\linkResolver.cpp, line 773]
Event: 18.084 Thread 0x000001dce5d96920 Exception <a 'java/lang/NoSuchMethodError'{0x00000000d6264950}: 'java.lang.Object java.lang.invoke.DirectMethodHandle$Holder.newInvokeSpecial(java.lang.Object, java.lang.Object, java.lang.Object, java.lang.Object, java.lang.Object, java.lang.Object, java.lang.Object, java.lang.Object, java.lang.Object, java.lang.Object)'> (0x00000000d6264950) 
thrown [s\src\hotspot\share\interpreter\linkResolver.cpp, line 773]
Event: 18.111 Thread 0x000001dce6df6960 Exception <a 'java/io/IOException'{0x00000000d62885f0}> (0x00000000d62885f0) 
thrown [s\src\hotspot\share\prims\jni.cpp, line 520]

ZGC Phase Switch (0 events):
No events

VM Operations (20 events):
Event: 16.379 Executing VM operation: ParallelGCFailedAllocation (Allocation Failure)
Event: 16.382 Executing VM operation: ParallelGCFailedAllocation (Allocation Failure) done
Event: 16.464 Executing VM operation: HandshakeAllThreads (Deoptimize)
Event: 16.465 Executing VM operation: HandshakeAllThreads (Deoptimize) done
Event: 16.496 Executing VM operation: HandshakeAllThreads (Deoptimize)
Event: 16.496 Executing VM operation: HandshakeAllThreads (Deoptimize) done
Event: 16.780 Executing VM operation: ICBufferFull
Event: 16.780 Executing VM operation: ICBufferFull done
Event: 16.891 Executing VM operation: ParallelGCFailedAllocation (Allocation Failure)
Event: 16.896 Executing VM operation: ParallelGCFailedAllocation (Allocation Failure) done
Event: 17.245 Executing VM operation: HandshakeAllThreads (Deoptimize)
Event: 17.246 Executing VM operation: HandshakeAllThreads (Deoptimize) done
Event: 17.374 Executing VM operation: ParallelGCFailedAllocation (Allocation Failure)
Event: 17.378 Executing VM operation: ParallelGCFailedAllocation (Allocation Failure) done
Event: 17.746 Executing VM operation: ICBufferFull
Event: 17.746 Executing VM operation: ICBufferFull done
Event: 17.832 Executing VM operation: ParallelGCFailedAllocation (Allocation Failure)
Event: 17.836 Executing VM operation: ParallelGCFailedAllocation (Allocation Failure) done
Event: 18.036 Executing VM operation: HandshakeAllThreads (Deoptimize)
Event: 18.036 Executing VM operation: HandshakeAllThreads (Deoptimize) done

Memory protections (0 events):
No events

Nmethod flushes (20 events):
Event: 10.362 Thread 0x000001dcde1e47a0 flushing  nmethod 0x000001dc89c7c810
Event: 10.362 Thread 0x000001dcde1e47a0 flushing  nmethod 0x000001dc89cac010
Event: 10.362 Thread 0x000001dcde1e47a0 flushing  nmethod 0x000001dc89cad310
Event: 10.362 Thread 0x000001dcde1e47a0 flushing  nmethod 0x000001dc89cb1610
Event: 10.362 Thread 0x000001dcde1e47a0 flushing  nmethod 0x000001dc89cc5610
Event: 10.362 Thread 0x000001dcde1e47a0 flushing  nmethod 0x000001dc89cc6910
Event: 10.362 Thread 0x000001dcde1e47a0 flushing  nmethod 0x000001dc89cd2b10
Event: 10.362 Thread 0x000001dcde1e47a0 flushing  nmethod 0x000001dc89cd3190
Event: 10.362 Thread 0x000001dcde1e47a0 flushing  nmethod 0x000001dc89cd4590
Event: 10.362 Thread 0x000001dcde1e47a0 flushing  nmethod 0x000001dc89cd6490
Event: 10.362 Thread 0x000001dcde1e47a0 flushing  nmethod 0x000001dc89ce0c90
Event: 10.362 Thread 0x000001dcde1e47a0 flushing  nmethod 0x000001dc89ce4f10
Event: 10.362 Thread 0x000001dcde1e47a0 flushing  nmethod 0x000001dc89cfda90
Event: 10.362 Thread 0x000001dcde1e47a0 flushing  nmethod 0x000001dc89d0fa10
Event: 10.362 Thread 0x000001dcde1e47a0 flushing  nmethod 0x000001dc89d13490
Event: 10.362 Thread 0x000001dcde1e47a0 flushing  nmethod 0x000001dc89d15990
Event: 10.362 Thread 0x000001dcde1e47a0 flushing  nmethod 0x000001dc89d89690
Event: 10.362 Thread 0x000001dcde1e47a0 flushing  nmethod 0x000001dc89d9a290
Event: 10.362 Thread 0x000001dcde1e47a0 flushing  nmethod 0x000001dc89d9fc10
Event: 10.362 Thread 0x000001dcde1e47a0 flushing osr nmethod 0x000001dc89dcc610

Events (20 events):
Event: 13.537 Thread 0x000001dce8559180 Thread exited: 0x000001dce8559180
Event: 13.596 Thread 0x000001dce8557640 Thread exited: 0x000001dce8557640
Event: 13.712 Thread 0x000001dce855a5f0 Thread exited: 0x000001dce855a5f0
Event: 15.455 Thread 0x000001dcdf7cc020 Thread exited: 0x000001dcdf7cc020
Event: 15.455 Thread 0x000001dcdf7cb980 Thread exited: 0x000001dcdf7cb980
Event: 15.455 Thread 0x000001dce8559f20 Thread exited: 0x000001dce8559f20
Event: 15.493 Thread 0x000001dcdf6c2820 Thread added: 0x000001dce8557d10
Event: 16.857 Thread 0x000001dcdf6c2820 Thread added: 0x000001dce8559180
Event: 17.785 Thread 0x000001dcdf6c2820 Thread added: 0x000001dce8557640
Event: 17.916 Thread 0x000001dce6df2e50 Thread added: 0x000001dce6df5c40
Event: 17.964 Thread 0x000001dce5e69310 Thread added: 0x000001dce6df6ff0
Event: 17.969 Thread 0x000001dce5d96920 Thread added: 0x000001dce6df0d80
Event: 17.987 Thread 0x000001dce6df0d80 Thread added: 0x000001dcf1589a30
Event: 17.988 Thread 0x000001dce6df0d80 Thread added: 0x000001dcf158a0c0
Event: 17.989 Thread 0x000001dcf158a0c0 Thread exited: 0x000001dcf158a0c0
Event: 17.989 Thread 0x000001dce6df0d80 Thread exited: 0x000001dce6df0d80
Event: 17.990 Thread 0x000001dcf1589a30 Thread exited: 0x000001dcf1589a30
Event: 18.075 Thread 0x000001dce6df2e50 Thread added: 0x000001dce6df0d80
Event: 18.092 Thread 0x000001dce5d96920 Thread added: 0x000001dce6bf20b0
Event: 18.102 Thread 0x000001dce6bf20b0 Thread added: 0x000001dce6bf6250


Dynamic libraries:
0x00007ff6e3460000 - 0x00007ff6e346e000 	c:\Users\OMAR INFO\.windsurf\extensions\redhat.java-1.45.0-win32-x64\jre\21.0.8-win32-x86_64\bin\java.exe
0x00007ffeec490000 - 0x00007ffeec688000 	C:\Windows\SYSTEM32\ntdll.dll
0x00007ffeea8d0000 - 0x00007ffeea992000 	C:\Windows\System32\KERNEL32.DLL
0x00007ffee9da0000 - 0x00007ffeea096000 	C:\Windows\System32\KERNELBASE.dll
0x00007ffee9b30000 - 0x00007ffee9c30000 	C:\Windows\System32\ucrtbase.dll
0x00007ffe9fef0000 - 0x00007ffe9ff08000 	c:\Users\OMAR INFO\.windsurf\extensions\redhat.java-1.45.0-win32-x64\jre\21.0.8-win32-x86_64\bin\jli.dll
0x00007ffeeb4f0000 - 0x00007ffeeb68d000 	C:\Windows\System32\USER32.dll
0x00007ffe9fde0000 - 0x00007ffe9fdfe000 	c:\Users\OMAR INFO\.windsurf\extensions\redhat.java-1.45.0-win32-x64\jre\21.0.8-win32-x86_64\bin\VCRUNTIME140.dll
0x00007ffee9cb0000 - 0x00007ffee9cd2000 	C:\Windows\System32\win32u.dll
0x00007ffeec2f0000 - 0x00007ffeec31b000 	C:\Windows\System32\GDI32.dll
0x00007ffed0400000 - 0x00007ffed069b000 	C:\Windows\WinSxS\amd64_microsoft.windows.common-controls_6595b64144ccf1df_6.0.19041.6280_none_60bc30a171f2f3f3\COMCTL32.dll
0x00007ffeea200000 - 0x00007ffeea319000 	C:\Windows\System32\gdi32full.dll
0x00007ffeea420000 - 0x00007ffeea4bd000 	C:\Windows\System32\msvcp_win.dll
0x00007ffeeb250000 - 0x00007ffeeb2ee000 	C:\Windows\System32\msvcrt.dll
0x00007ffeec380000 - 0x00007ffeec3af000 	C:\Windows\System32\IMM32.DLL
0x00007ffeb5610000 - 0x00007ffeb561c000 	c:\Users\OMAR INFO\.windsurf\extensions\redhat.java-1.45.0-win32-x64\jre\21.0.8-win32-x86_64\bin\vcruntime140_1.dll
0x00007ffe912b0000 - 0x00007ffe9133d000 	c:\Users\OMAR INFO\.windsurf\extensions\redhat.java-1.45.0-win32-x64\jre\21.0.8-win32-x86_64\bin\msvcp140.dll
0x00007ffe86320000 - 0x00007ffe870b7000 	c:\Users\OMAR INFO\.windsurf\extensions\redhat.java-1.45.0-win32-x64\jre\21.0.8-win32-x86_64\bin\server\jvm.dll
0x00007ffeea720000 - 0x00007ffeea7d1000 	C:\Windows\System32\ADVAPI32.dll
0x00007ffeec3b0000 - 0x00007ffeec44f000 	C:\Windows\System32\sechost.dll
0x00007ffeeb370000 - 0x00007ffeeb490000 	C:\Windows\System32\RPCRT4.dll
0x00007ffee9ce0000 - 0x00007ffee9d07000 	C:\Windows\System32\bcrypt.dll
0x00007ffeeb300000 - 0x00007ffeeb36b000 	C:\Windows\System32\WS2_32.dll
0x00007ffee94b0000 - 0x00007ffee94fb000 	C:\Windows\SYSTEM32\POWRPROF.dll
0x00007ffedd940000 - 0x00007ffedd967000 	C:\Windows\SYSTEM32\WINMM.dll
0x00007ffee33f0000 - 0x00007ffee33fa000 	C:\Windows\SYSTEM32\VERSION.dll
0x00007ffee9470000 - 0x00007ffee9482000 	C:\Windows\SYSTEM32\UMPDC.dll
0x00007ffee8360000 - 0x00007ffee8372000 	C:\Windows\SYSTEM32\kernel.appcore.dll
0x00007ffeb3330000 - 0x00007ffeb333a000 	c:\Users\OMAR INFO\.windsurf\extensions\redhat.java-1.45.0-win32-x64\jre\21.0.8-win32-x86_64\bin\jimage.dll
0x00007ffee7710000 - 0x00007ffee7911000 	C:\Windows\SYSTEM32\DBGHELP.DLL
0x00007ffecc7f0000 - 0x00007ffecc824000 	C:\Windows\SYSTEM32\dbgcore.DLL
0x00007ffee9d10000 - 0x00007ffee9d92000 	C:\Windows\System32\bcryptPrimitives.dll
0x00007ffeaea30000 - 0x00007ffeaea3f000 	c:\Users\OMAR INFO\.windsurf\extensions\redhat.java-1.45.0-win32-x64\jre\21.0.8-win32-x86_64\bin\instrument.dll
0x00007ffe9d350000 - 0x00007ffe9d36f000 	c:\Users\OMAR INFO\.windsurf\extensions\redhat.java-1.45.0-win32-x64\jre\21.0.8-win32-x86_64\bin\java.dll
0x00007ffeeb690000 - 0x00007ffeebe00000 	C:\Windows\System32\SHELL32.dll
0x00007ffee7b50000 - 0x00007ffee82f5000 	C:\Windows\SYSTEM32\windows.storage.dll
0x00007ffeebf90000 - 0x00007ffeec2e3000 	C:\Windows\System32\combase.dll
0x00007ffee9410000 - 0x00007ffee943b000 	C:\Windows\SYSTEM32\Wldp.dll
0x00007ffeea800000 - 0x00007ffeea8cd000 	C:\Windows\System32\OLEAUT32.dll
0x00007ffeeb1a0000 - 0x00007ffeeb24d000 	C:\Windows\System32\SHCORE.dll
0x00007ffeebe00000 - 0x00007ffeebe5b000 	C:\Windows\System32\shlwapi.dll
0x00007ffee9a60000 - 0x00007ffee9a84000 	C:\Windows\SYSTEM32\profapi.dll
0x00007ffe9d2d0000 - 0x00007ffe9d2e8000 	c:\Users\OMAR INFO\.windsurf\extensions\redhat.java-1.45.0-win32-x64\jre\21.0.8-win32-x86_64\bin\zip.dll
0x00007ffea4250000 - 0x00007ffea4260000 	C:\Users\OMAR INFO\.windsurf\extensions\redhat.java-1.45.0-win32-x64\jre\21.0.8-win32-x86_64\bin\net.dll
0x00007ffee20c0000 - 0x00007ffee21ca000 	C:\Windows\SYSTEM32\WINHTTP.dll
0x00007ffee91f0000 - 0x00007ffee925a000 	C:\Windows\system32\mswsock.dll
0x00007ffe9cc90000 - 0x00007ffe9cca6000 	C:\Users\OMAR INFO\.windsurf\extensions\redhat.java-1.45.0-win32-x64\jre\21.0.8-win32-x86_64\bin\nio.dll
0x00007ffea2950000 - 0x00007ffea2960000 	c:\Users\OMAR INFO\.windsurf\extensions\redhat.java-1.45.0-win32-x64\jre\21.0.8-win32-x86_64\bin\verify.dll
0x00007ffe9f9f0000 - 0x00007ffe9fa34000 	C:\Users\OMAR INFO\AppData\Roaming\Windsurf\User\globalStorage\redhat.java\1.45.0\config_ss_win\org.eclipse.equinox.launcher\org.eclipse.equinox.launcher.win32.win32.x86_64_1.2.1400.v20250801-0854\eclipse_11916.dll
0x00007ffeeaaa0000 - 0x00007ffeeabcb000 	C:\Windows\System32\ole32.dll
0x00007ffee9450000 - 0x00007ffee9468000 	C:\Windows\SYSTEM32\CRYPTSP.dll
0x00007ffee8ad0000 - 0x00007ffee8b08000 	C:\Windows\system32\rsaenh.dll
0x00007ffee99e0000 - 0x00007ffee9a0e000 	C:\Windows\SYSTEM32\USERENV.dll
0x00007ffee9380000 - 0x00007ffee938c000 	C:\Windows\SYSTEM32\CRYPTBASE.dll
0x00007ffee8ef0000 - 0x00007ffee8f2b000 	C:\Windows\SYSTEM32\IPHLPAPI.DLL
0x00007ffeea9a0000 - 0x00007ffeea9a8000 	C:\Windows\System32\NSI.dll
0x00007ffe9f9a0000 - 0x00007ffe9f9e9000 	C:\Users\OMAR INFO\AppData\Local\Temp\jna--64980065\jna3521527012046449475.dll
0x00007ffeebe60000 - 0x00007ffeebe68000 	C:\Windows\System32\PSAPI.DLL
0x00007ffee2d80000 - 0x00007ffee2d97000 	C:\Windows\SYSTEM32\dhcpcsvc6.DLL
0x00007ffee2d60000 - 0x00007ffee2d7d000 	C:\Windows\SYSTEM32\dhcpcsvc.DLL
0x00007ffee8d80000 - 0x00007ffee8db3000 	C:\Windows\SYSTEM32\ntmarta.dll

JVMTI agents:
c:\Users\OMAR INFO\.windsurf\extensions\redhat.java-1.45.0-win32-x64\lombok\lombok-1.18.39-4050.jar path:c:\Users\OMAR INFO\.windsurf\extensions\redhat.java-1.45.0-win32-x64\jre\21.0.8-win32-x86_64\bin\instrument.dll, loaded, initialized, instrumentlib options:none

dbghelp: loaded successfully - version: 4.0.5 - missing functions: none
symbol engine: initialized successfully - sym options: 0x614 - pdb path: .;c:\Users\OMAR INFO\.windsurf\extensions\redhat.java-1.45.0-win32-x64\jre\21.0.8-win32-x86_64\bin;C:\Windows\SYSTEM32;C:\Windows\WinSxS\amd64_microsoft.windows.common-controls_6595b64144ccf1df_6.0.19041.6280_none_60bc30a171f2f3f3;c:\Users\OMAR INFO\.windsurf\extensions\redhat.java-1.45.0-win32-x64\jre\21.0.8-win32-x86_64\bin\server;C:\Users\OMAR INFO\AppData\Roaming\Windsurf\User\globalStorage\redhat.java\1.45.0\config_ss_win\org.eclipse.equinox.launcher\org.eclipse.equinox.launcher.win32.win32.x86_64_1.2.1400.v20250801-0854;C:\Users\OMAR INFO\AppData\Local\Temp\jna--64980065

VM Arguments:
jvm_args: --add-modules=ALL-SYSTEM --add-opens=java.base/java.util=ALL-UNNAMED --add-opens=java.base/java.lang=ALL-UNNAMED --add-opens=java.base/sun.nio.fs=ALL-UNNAMED -Declipse.application=org.eclipse.jdt.ls.core.id1 -Dosgi.bundles.defaultStartLevel=4 -Declipse.product=org.eclipse.jdt.ls.core.product -Djava.import.generatesMetadataFilesAtProjectRoot=false -DDetectVMInstallationsJob.disabled=true -Dfile.encoding=utf8 -XX:+UseParallelGC -XX:GCTimeRatio=4 -XX:AdaptiveSizePolicyWeight=90 -Dsun.zip.disableMemoryMapping=true -Xmx2G -Xms100m -Xlog:disable -javaagent:c:\Users\OMAR INFO\.windsurf\extensions\redhat.java-1.45.0-win32-x64\lombok\lombok-1.18.39-4050.jar 
java_command: c:\Users\OMAR INFO\.windsurf\extensions\redhat.java-1.45.0-win32-x64\server\plugins\org.eclipse.equinox.launcher_1.7.0.v20250519-0528.jar -configuration c:\Users\OMAR INFO\AppData\Roaming\Windsurf\User\globalStorage\redhat.java\1.45.0\config_ss_win -data c:\Users\OMAR INFO\AppData\Roaming\Windsurf\User\workspaceStorage\017271f0c0c7557d9833a01acf50ccd7\redhat.java\ss_ws --pipe=\\.\pipe\lsp-d041de97c35fc13f781b92a79a1f37c2-sock
java_class_path (initial): c:\Users\OMAR INFO\.windsurf\extensions\redhat.java-1.45.0-win32-x64\server\plugins\org.eclipse.equinox.launcher_1.7.0.v20250519-0528.jar
Launcher Type: SUN_STANDARD

[Global flags]
    uintx AdaptiveSizePolicyWeight                 = 90                                        {product} {command line}
     intx CICompilerCount                          = 12                                        {product} {ergonomic}
    uintx GCTimeRatio                              = 4                                         {product} {command line}
   size_t InitialHeapSize                          = 104857600                                 {product} {command line}
   size_t MaxHeapSize                              = 2147483648                                {product} {command line}
   size_t MaxNewSize                               = 715653120                                 {product} {ergonomic}
   size_t MinHeapDeltaBytes                        = 524288                                    {product} {ergonomic}
   size_t MinHeapSize                              = 104857600                                 {product} {command line}
   size_t NewSize                                  = 34603008                                  {product} {ergonomic}
    uintx NonNMethodCodeHeapSize                   = 7602480                                {pd product} {ergonomic}
    uintx NonProfiledCodeHeapSize                  = 122027880                              {pd product} {ergonomic}
   size_t OldSize                                  = 70254592                                  {product} {ergonomic}
    uintx ProfiledCodeHeapSize                     = 122027880                              {pd product} {ergonomic}
    uintx ReservedCodeCacheSize                    = 251658240                              {pd product} {ergonomic}
     bool SegmentedCodeCache                       = true                                      {product} {ergonomic}
   size_t SoftMaxHeapSize                          = 2147483648                             {manageable} {ergonomic}
     bool UseCompressedOops                        = true                           {product lp64_product} {ergonomic}
     bool UseLargePagesIndividualAllocation        = false                                  {pd product} {ergonomic}
     bool UseParallelGC                            = true                                      {product} {command line}

Logging:
Log output configuration:
 #0: stdout all=off uptime,level,tags foldmultilines=false
 #1: stderr all=off uptime,level,tags foldmultilines=false

Environment Variables:
PATH=C:\oraclexe\app\oracle\product\10.2.0\server\bin;C:\ProgramData\Oracle\Java\javapath;C:\Program Files\Common Files\Oracle\Java\javapath;C:\Windows\system32;C:\Windows;C:\Windows\System32\Wbem;C:\Windows\System32\WindowsPowerShell\v1.0\;C:\Windows\System32\OpenSSH\;C:\Program Files\Microsoft SQL Server\150\Tools\Binn\;C:\Program Files\Microsoft SQL Server\Client SDK\ODBC\170\Tools\Binn\;C:\Program Files\dotnet\;C:\Program Files\NVIDIA Corporation\NVIDIA NvDLISR;C:\ProgramData\chocolatey\bin;C:\Program Files (x86)\Microsoft SQL Server\110\Tools\Binn\;C:\Program Files (x86)\Microsoft SQL Server\110\DTS\Binn\;C:\Program Files (x86)\Microsoft SQL Server\110\Tools\Binn\ManagementStudio\;C:\Program Files (x86)\Microsoft Visual Studio 10.0\Common7\IDE\PrivateAssemblies\;C:\Program Files (x86)\NVIDIA Corporation\PhysX\Common;C:\Program Files\nodejs\;C:\Program Files\Git LFS;C:\Program Files\Docker\Docker\resources\bin;C:\Program Files\Git\cmd;C:\Windows\system32\platform-tools;C:\Program Files\MongoDB\Server\8.0\bin;C:\Users\OMAR INFO\AppData\Local\Programs\Python\Python310;C:\Users\OMAR INFO\AppData\Local\Programs\Python\Python310\Scripts;F:\PuTTY\;C:\Users\OMAR INFO\AppData\Local\Programs\Python\Python310\Scripts\;C:\Users\OMAR INFO\AppData\Local\Programs\Python\Python310\;C:\Users\OMAR INFO\AppData\Local\Microsoft\WindowsApps;C:\Users\OMAR INFO\.dotnet\tools;C:\Program Files\JetBrains\IntelliJ IDEA 2023.2.1\bin;;C:\Users\OMAR INFO\AppData\Local\Programs\Microsoft VS Code\bin;C:\Users\OMAR INFO\AppData\Roaming\npm;C:\Users\OMAR INFO\AppData\Local\GitHubDesktop\bin;C:\xampp\php;C:\Users\OMAR INFO\composer;C:\Users\OMAR INFO\AppData\Roaming\Composer\vendor\bin;C:\Program Files (x86)\Microsoft SDKs\Windows\v10.0A\bin\NETFX 4.8 Tools;C:\Users\OMAR INFO\AppData\Local\Programs\Windsurf\bin;
USERNAME=OMAR INFO
OS=Windows_NT
PROCESSOR_IDENTIFIER=Intel64 Family 6 Model 141 Stepping 1, GenuineIntel
TMP=C:\Users\OMARIN~1\AppData\Local\Temp
TEMP=C:\Users\OMARIN~1\AppData\Local\Temp




Periodic native trim disabled

---------------  S Y S T E M  ---------------

OS:
 Windows 10 , 64 bit Build 19041 (10.0.19041.5915)
OS uptime: 4 days 22:46 hours
Hyper-V role detected

CPU: total 16 (initial active 16) (8 cores per cpu, 2 threads per core) family 6 model 141 stepping 1 microcode 0x26, cx8, cmov, fxsr, ht, mmx, 3dnowpref, sse, sse2, sse3, ssse3, sse4.1, sse4.2, popcnt, lzcnt, tsc, tscinvbit, avx, avx2, aes, erms, clmul, bmi1, bmi2, adx, avx512f, avx512dq, avx512cd, avx512bw, avx512vl, sha, fma, vzeroupper, avx512_vpopcntdq, avx512_vpclmulqdq, avx512_vaes, avx512_vnni, clflush, clflushopt, clwb, avx512_vbmi2, avx512_vbmi, hv, rdtscp, rdpid, fsrm, gfni, avx512_bitalg, f16c, cet_ibt, cet_ss, avx512_ifma
Processor Information for the first 16 processors :
  Max Mhz: 2304, Current Mhz: 2304, Mhz Limit: 2304

Memory: 4k page, system-wide physical 16085M (459M free)
TotalPageFile size 23385M (AvailPageFile size 4M)
current process WorkingSet (physical memory assigned to process): 265M, peak: 309M
current process commit charge ("private bytes"): 388M, peak: 437M

vm_info: OpenJDK 64-Bit Server VM (21.0.8+9-LTS) for windows-amd64 JRE (21.0.8+9-LTS), built on 2025-07-15T00:00:00Z by "admin" with MS VC++ 17.7 (VS2022)

END.
