#
# There is insufficient memory for the Java Runtime Environment to continue.
# Native memory allocation (mmap) failed to map 65536 bytes. Error detail: Failed to commit metaspace.
# Possible reasons:
#   The system is out of physical RAM or swap space
#   This process is running with CompressedOops enabled, and the Java Heap may be blocking the growth of the native heap
# Possible solutions:
#   Reduce memory load on the system
#   Increase physical memory or swap space
#   Check if swap backing store is full
#   Decrease Java heap size (-Xmx/-Xms)
#   Decrease number of Java threads
#   Decrease Java thread stack sizes (-Xss)
#   Set larger code cache with -XX:ReservedCodeCacheSize=
#   JVM is running with Unscaled Compressed Oops mode in which the Java heap is
#     placed in the first 4GB address space. The Java Heap base address is the
#     maximum limit for the native heap growth. Please use -XX:HeapBaseMinAddress
#     to set the Java Heap base and to place the Java Heap above 4GB virtual address.
# This output file may be truncated or incomplete.
#
#  Out of Memory Error (virtualSpaceNode.cpp:113), pid=22996, tid=2000
#
# JRE version: OpenJDK Runtime Environment Temurin-21.0.8+9 (21.0.8+9) (build 21.0.8+9-LTS)
# Java VM: OpenJDK 64-Bit Server VM Temurin-21.0.8+9 (21.0.8+9-LTS, mixed mode, sharing, tiered, compressed oops, compressed class ptrs, parallel gc, windows-amd64)
# No core dump will be written. Minidumps are not enabled by default on client versions of Windows
#

---------------  S U M M A R Y ------------

Command Line: --add-modules=ALL-SYSTEM --add-opens=java.base/java.util=ALL-UNNAMED --add-opens=java.base/java.lang=ALL-UNNAMED --add-opens=java.base/sun.nio.fs=ALL-UNNAMED -Declipse.application=org.eclipse.jdt.ls.core.id1 -Dosgi.bundles.defaultStartLevel=4 -Declipse.product=org.eclipse.jdt.ls.core.product -Djava.import.generatesMetadataFilesAtProjectRoot=false -DDetectVMInstallationsJob.disabled=true -Dfile.encoding=utf8 -XX:+UseParallelGC -XX:GCTimeRatio=4 -XX:AdaptiveSizePolicyWeight=90 -Dsun.zip.disableMemoryMapping=true -Xmx2G -Xms100m -Xlog:disable -javaagent:c:\Users\OMAR INFO\.windsurf\extensions\redhat.java-1.45.0-win32-x64\lombok\lombok-1.18.39-4050.jar -XX:+HeapDumpOnOutOfMemoryError -XX:HeapDumpPath=c:\Users\OMAR INFO\AppData\Roaming\Windsurf\User\workspaceStorage\017271f0c0c7557d9833a01acf50ccd7\redhat.java -Daether.dependencyCollector.impl=bf c:\Users\OMAR INFO\.windsurf\extensions\redhat.java-1.45.0-win32-x64\server\plugins\org.eclipse.equinox.launcher_1.7.0.v20250519-0528.jar -configuration c:\Users\OMAR INFO\AppData\Roaming\Windsurf\User\globalStorage\redhat.java\1.45.0\config_win -data c:\Users\OMAR INFO\AppData\Roaming\Windsurf\User\workspaceStorage\017271f0c0c7557d9833a01acf50ccd7\redhat.java\jdt_ws --pipe=\\.\pipe\lsp-b8d05c6cb415a33b5e3c95697e6e46f8-sock

Host: 11th Gen Intel(R) Core(TM) i7-11800H @ 2.30GHz, 16 cores, 15G,  Windows 10 , 64 bit Build 19041 (10.0.19041.5915)
Time: Thu Sep 25 16:30:04 2025 Paris, Madrid elapsed time: 3.301613 seconds (0d 0h 0m 3s)

---------------  T H R E A D  ---------------

Current thread (0x0000018ae4a28ee0):  JavaThread "C1 CompilerThread0" daemon [_thread_in_vm, id=2000, stack(0x000000263d000000,0x000000263d100000) (1024K)]


Current CompileTask:
C1:3301 6367       3       com.google.inject.internal.Annotations::getKey (39 bytes)

Stack: [0x000000263d000000,0x000000263d100000]
Native frames: (J=compiled Java code, j=interpreted, Vv=VM code, C=native code)
V  [jvm.dll+0x6d2449]
V  [jvm.dll+0x8ae341]
V  [jvm.dll+0x8b08be]
V  [jvm.dll+0x8b0fa3]
V  [jvm.dll+0x280c96]
V  [jvm.dll+0x8aa07e]
V  [jvm.dll+0x6745b5]
V  [jvm.dll+0x1e5b2c]
V  [jvm.dll+0x1e58fe]
V  [jvm.dll+0x676eb2]
V  [jvm.dll+0x676cd2]
V  [jvm.dll+0x674f8e]
V  [jvm.dll+0x68643a]
V  [jvm.dll+0x67f512]
V  [jvm.dll+0x1f3990]
V  [jvm.dll+0x1f3b78]
V  [jvm.dll+0x15433e]
V  [jvm.dll+0x154684]
V  [jvm.dll+0x153ab6]
V  [jvm.dll+0x15588d]
V  [jvm.dll+0x257d4d]
V  [jvm.dll+0x2562ea]
V  [jvm.dll+0x3f2d16]
V  [jvm.dll+0x857e6b]
V  [jvm.dll+0x6d0b0d]
C  [ucrtbase.dll+0x21bb2]
C  [KERNEL32.DLL+0x17374]
C  [ntdll.dll+0x4cc91]


---------------  P R O C E S S  ---------------

Threads class SMR info:
_java_thread_list=0x0000018aeb495080, length=66, elements={
0x0000018a8b9e1050, 0x0000018a8b990430, 0x0000018a8b991e20, 0x0000018a8b9940a0,
0x0000018a8b9950a0, 0x0000018a8b99bae0, 0x0000018a8b99e2f0, 0x0000018ae4a01800,
0x0000018ae4a28ee0, 0x0000018ae4aebdf0, 0x0000018ae4b229e0, 0x0000018ae4b25090,
0x0000018ae4bc2420, 0x0000018ae60b0080, 0x0000018ae610d570, 0x0000018ae6303240,
0x0000018aeb1071c0, 0x0000018aeb13fc60, 0x0000018aeb189dc0, 0x0000018aeb170fe0,
0x0000018aeb171640, 0x0000018aeba04280, 0x0000018aebbc7f10, 0x0000018ae6469230,
0x0000018aeb95d520, 0x0000018aeb95ce90, 0x0000018aeb95c800, 0x0000018aeb95f5f0,
0x0000018aeb95dbb0, 0x0000018aeb95e240, 0x0000018aeb95ef60, 0x0000018aeb95e8d0,
0x0000018aeb95fc80, 0x0000018aeef76680, 0x0000018aeef73200, 0x0000018aeef76d10,
0x0000018aeef724e0, 0x0000018aeef72b70, 0x0000018aeef73890, 0x0000018aeef752d0,
0x0000018aeef75960, 0x0000018aeef73f20, 0x0000018aeef773a0, 0x0000018aeef745b0,
0x0000018aeef75ff0, 0x0000018aeef70410, 0x0000018aeef70aa0, 0x0000018aeef74c40,
0x0000018aeef71130, 0x0000018aeef77a30, 0x0000018aeef717c0, 0x0000018aeef71e50,
0x0000018aecfd2f00, 0x0000018aecfd0e30, 0x0000018aecfd2870, 0x0000018aecfd3590,
0x0000018aecfd14c0, 0x0000018aecfd1b50, 0x0000018aecfd0110, 0x0000018aecfd07a0,
0x0000018aecfd21e0, 0x0000018aed825740, 0x0000018aed821c30, 0x0000018aed825dd0,
0x0000018aed826460, 0x0000018aed829250
}

Java Threads: ( => current thread )
  0x0000018a8b9e1050 JavaThread "main"                              [_thread_blocked, id=9692, stack(0x000000263c500000,0x000000263c600000) (1024K)]
  0x0000018a8b990430 JavaThread "Reference Handler"          daemon [_thread_blocked, id=21188, stack(0x000000263c900000,0x000000263ca00000) (1024K)]
  0x0000018a8b991e20 JavaThread "Finalizer"                  daemon [_thread_blocked, id=15100, stack(0x000000263ca00000,0x000000263cb00000) (1024K)]
  0x0000018a8b9940a0 JavaThread "Signal Dispatcher"          daemon [_thread_blocked, id=19664, stack(0x000000263cb00000,0x000000263cc00000) (1024K)]
  0x0000018a8b9950a0 JavaThread "Attach Listener"            daemon [_thread_blocked, id=24096, stack(0x000000263cc00000,0x000000263cd00000) (1024K)]
  0x0000018a8b99bae0 JavaThread "Service Thread"             daemon [_thread_blocked, id=13836, stack(0x000000263cd00000,0x000000263ce00000) (1024K)]
  0x0000018a8b99e2f0 JavaThread "Monitor Deflation Thread"   daemon [_thread_blocked, id=13316, stack(0x000000263ce00000,0x000000263cf00000) (1024K)]
  0x0000018ae4a01800 JavaThread "C2 CompilerThread0"         daemon [_thread_blocked, id=12668, stack(0x000000263cf00000,0x000000263d000000) (1024K)]
=>0x0000018ae4a28ee0 JavaThread "C1 CompilerThread0"         daemon [_thread_in_vm, id=2000, stack(0x000000263d000000,0x000000263d100000) (1024K)]
  0x0000018ae4aebdf0 JavaThread "Common-Cleaner"             daemon [_thread_blocked, id=13364, stack(0x000000263d100000,0x000000263d200000) (1024K)]
  0x0000018ae4b229e0 JavaThread "C1 CompilerThread1"         daemon [_thread_in_vm, id=14600, stack(0x000000263d200000,0x000000263d300000) (1024K)]
  0x0000018ae4b25090 JavaThread "C1 CompilerThread2"         daemon [_thread_in_vm, id=20884, stack(0x000000263d300000,0x000000263d400000) (1024K)]
  0x0000018ae4bc2420 JavaThread "C2 CompilerThread1"         daemon [_thread_in_native, id=22868, stack(0x000000263d400000,0x000000263d500000) (1024K)]
  0x0000018ae60b0080 JavaThread "C1 CompilerThread3"         daemon [_thread_in_vm, id=2280, stack(0x000000263d500000,0x000000263d600000) (1024K)]
  0x0000018ae610d570 JavaThread "Notification Thread"        daemon [_thread_blocked, id=10460, stack(0x000000263d600000,0x000000263d700000) (1024K)]
  0x0000018ae6303240 JavaThread "C2 CompilerThread2"         daemon [_thread_in_native, id=18548, stack(0x000000263d700000,0x000000263d800000) (1024K)]
  0x0000018aeb1071c0 JavaThread "C2 CompilerThread3"         daemon [_thread_blocked, id=14980, stack(0x000000263de00000,0x000000263df00000) (1024K)]
  0x0000018aeb13fc60 JavaThread "Active Thread: Equinox Container: 8f512de2-5d14-44fe-901c-9a804b903d19"        [_thread_blocked, id=16204, stack(0x000000263df00000,0x000000263e000000) (1024K)]
  0x0000018aeb189dc0 JavaThread "Refresh Thread: Equinox Container: 8f512de2-5d14-44fe-901c-9a804b903d19" daemon [_thread_blocked, id=19592, stack(0x000000263e100000,0x000000263e200000) (1024K)]
  0x0000018aeb170fe0 JavaThread "Framework Event Dispatcher: Equinox Container: 8f512de2-5d14-44fe-901c-9a804b903d19" daemon [_thread_blocked, id=16972, stack(0x000000263e200000,0x000000263e300000) (1024K)]
  0x0000018aeb171640 JavaThread "Start Level: Equinox Container: 8f512de2-5d14-44fe-901c-9a804b903d19" daemon [_thread_blocked, id=20912, stack(0x000000263e300000,0x000000263e400000) (1024K)]
  0x0000018aeba04280 JavaThread "Bundle File Closer"         daemon [_thread_blocked, id=2588, stack(0x000000263e700000,0x000000263e800000) (1024K)]
  0x0000018aebbc7f10 JavaThread "SCR Component Actor"        daemon [_thread_blocked, id=6360, stack(0x000000263e800000,0x000000263e900000) (1024K)]
  0x0000018ae6469230 JavaThread "SCR Component Registry"     daemon [_thread_blocked, id=12692, stack(0x000000263e900000,0x000000263ea00000) (1024K)]
  0x0000018aeb95d520 JavaThread "Worker-JM"                         [_thread_blocked, id=19532, stack(0x000000263eb00000,0x000000263ec00000) (1024K)]
  0x0000018aeb95ce90 JavaThread "JNA Cleaner"                daemon [_thread_blocked, id=8880, stack(0x000000263ed00000,0x000000263ee00000) (1024K)]
  0x0000018aeb95c800 JavaThread "Worker-0"                          [_thread_blocked, id=20220, stack(0x000000263ee00000,0x000000263ef00000) (1024K)]
  0x0000018aeb95f5f0 JavaThread "Worker-1"                          [_thread_blocked, id=18036, stack(0x000000263ef00000,0x000000263f000000) (1024K)]
  0x0000018aeb95dbb0 JavaThread "Java indexing"              daemon [_thread_blocked, id=3228, stack(0x000000263f000000,0x000000263f100000) (1024K)]
  0x0000018aeb95e240 JavaThread "Worker-2: Repository registry initialization"        [_thread_blocked, id=20552, stack(0x000000263f300000,0x000000263f400000) (1024K)]
  0x0000018aeb95ef60 JavaThread "Worker-3"                          [_thread_blocked, id=12636, stack(0x000000263f400000,0x000000263f500000) (1024K)]
  0x0000018aeb95e8d0 JavaThread "Thread-2"                   daemon [_thread_in_native, id=21824, stack(0x000000263f500000,0x000000263f600000) (1024K)]
  0x0000018aeb95fc80 JavaThread "Thread-3"                   daemon [_thread_in_native, id=19504, stack(0x000000263f600000,0x000000263f700000) (1024K)]
  0x0000018aeef76680 JavaThread "Thread-4"                   daemon [_thread_in_native, id=23804, stack(0x000000263f700000,0x000000263f800000) (1024K)]
  0x0000018aeef73200 JavaThread "Thread-5"                   daemon [_thread_in_native, id=1908, stack(0x000000263f800000,0x000000263f900000) (1024K)]
  0x0000018aeef76d10 JavaThread "Thread-6"                   daemon [_thread_in_native, id=8528, stack(0x000000263f900000,0x000000263fa00000) (1024K)]
  0x0000018aeef724e0 JavaThread "Thread-7"                   daemon [_thread_in_native, id=14536, stack(0x000000263fa00000,0x000000263fb00000) (1024K)]
  0x0000018aeef72b70 JavaThread "Thread-8"                   daemon [_thread_in_native, id=3888, stack(0x000000263fb00000,0x000000263fc00000) (1024K)]
  0x0000018aeef73890 JavaThread "Thread-9"                   daemon [_thread_in_native, id=13308, stack(0x000000263fc00000,0x000000263fd00000) (1024K)]
  0x0000018aeef752d0 JavaThread "Thread-10"                  daemon [_thread_in_native, id=14544, stack(0x000000263fd00000,0x000000263fe00000) (1024K)]
  0x0000018aeef75960 JavaThread "Thread-11"                  daemon [_thread_in_native, id=7308, stack(0x000000263fe00000,0x000000263ff00000) (1024K)]
  0x0000018aeef73f20 JavaThread "Thread-12"                  daemon [_thread_in_native, id=3168, stack(0x000000263ff00000,0x0000002640000000) (1024K)]
  0x0000018aeef773a0 JavaThread "Thread-13"                  daemon [_thread_in_native, id=21540, stack(0x0000002640000000,0x0000002640100000) (1024K)]
  0x0000018aeef745b0 JavaThread "Thread-14"                  daemon [_thread_in_native, id=5068, stack(0x0000002640100000,0x0000002640200000) (1024K)]
  0x0000018aeef75ff0 JavaThread "Thread-15"                  daemon [_thread_in_native, id=2452, stack(0x0000002640200000,0x0000002640300000) (1024K)]
  0x0000018aeef70410 JavaThread "Thread-16"                  daemon [_thread_in_native, id=1812, stack(0x0000002640300000,0x0000002640400000) (1024K)]
  0x0000018aeef70aa0 JavaThread "Thread-17"                  daemon [_thread_in_native, id=18700, stack(0x0000002640400000,0x0000002640500000) (1024K)]
  0x0000018aeef74c40 JavaThread "Thread-18"                  daemon [_thread_in_native, id=12728, stack(0x0000002640500000,0x0000002640600000) (1024K)]
  0x0000018aeef71130 JavaThread "pool-2-thread-1"                   [_thread_blocked, id=21312, stack(0x0000002640600000,0x0000002640700000) (1024K)]
  0x0000018aeef77a30 JavaThread "WorkspaceEventsHandler"            [_thread_blocked, id=23360, stack(0x0000002640700000,0x0000002640800000) (1024K)]
  0x0000018aeef717c0 JavaThread "pool-1-thread-1"                   [_thread_in_vm, id=21776, stack(0x0000002640800000,0x0000002640900000) (1024K)]
  0x0000018aeef71e50 JavaThread "ForkJoinPool.commonPool-worker-1" daemon [_thread_blocked, id=17528, stack(0x0000002640900000,0x0000002640a00000) (1024K)]
  0x0000018aecfd2f00 JavaThread "ForkJoinPool.commonPool-worker-2" daemon [_thread_blocked, id=20672, stack(0x0000002640a00000,0x0000002640b00000) (1024K)]
  0x0000018aecfd0e30 JavaThread "ForkJoinPool.commonPool-worker-3" daemon [_thread_blocked, id=9720, stack(0x0000002640b00000,0x0000002640c00000) (1024K)]
  0x0000018aecfd2870 JavaThread "ForkJoinPool.commonPool-worker-4" daemon [_thread_blocked, id=10696, stack(0x0000002640c00000,0x0000002640d00000) (1024K)]
  0x0000018aecfd3590 JavaThread "ForkJoinPool.commonPool-worker-5" daemon [_thread_blocked, id=16920, stack(0x0000002640d00000,0x0000002640e00000) (1024K)]
  0x0000018aecfd14c0 JavaThread "ForkJoinPool.commonPool-worker-6" daemon [_thread_blocked, id=10604, stack(0x0000002640e00000,0x0000002640f00000) (1024K)]
  0x0000018aecfd1b50 JavaThread "ForkJoinPool.commonPool-worker-7" daemon [_thread_blocked, id=20412, stack(0x0000002640f00000,0x0000002641000000) (1024K)]
  0x0000018aecfd0110 JavaThread "ForkJoinPool.commonPool-worker-8" daemon [_thread_blocked, id=23996, stack(0x0000002641000000,0x0000002641100000) (1024K)]
  0x0000018aecfd07a0 JavaThread "ForkJoinPool.commonPool-worker-9" daemon [_thread_blocked, id=18092, stack(0x0000002641100000,0x0000002641200000) (1024K)]
  0x0000018aecfd21e0 JavaThread "ForkJoinPool.commonPool-worker-10" daemon [_thread_blocked, id=21528, stack(0x0000002641200000,0x0000002641300000) (1024K)]
  0x0000018aed825740 JavaThread "ForkJoinPool.commonPool-worker-11" daemon [_thread_blocked, id=24256, stack(0x0000002641300000,0x0000002641400000) (1024K)]
  0x0000018aed821c30 JavaThread "ForkJoinPool.commonPool-worker-12" daemon [_thread_blocked, id=14456, stack(0x0000002641400000,0x0000002641500000) (1024K)]
  0x0000018aed825dd0 JavaThread "ForkJoinPool.commonPool-worker-13" daemon [_thread_blocked, id=16956, stack(0x0000002641500000,0x0000002641600000) (1024K)]
  0x0000018aed826460 JavaThread "ForkJoinPool.commonPool-worker-14" daemon [_thread_blocked, id=3012, stack(0x0000002641600000,0x0000002641700000) (1024K)]
  0x0000018aed829250 JavaThread "ForkJoinPool.commonPool-worker-15" daemon [_thread_blocked, id=1788, stack(0x0000002641700000,0x0000002641800000) (1024K)]
Total: 66

Other Threads:
  0x0000018a8baa1bd0 VMThread "VM Thread"                           [id=13560, stack(0x000000263c800000,0x000000263c900000) (1024K)]
  0x0000018a8ba4df20 WatcherThread "VM Periodic Task Thread"        [id=6464, stack(0x000000263c700000,0x000000263c800000) (1024K)]
  0x0000018a8b9fe930 WorkerThread "GC Thread#0"                     [id=11084, stack(0x000000263c600000,0x000000263c700000) (1024K)]
  0x0000018ae62e26f0 WorkerThread "GC Thread#1"                     [id=22616, stack(0x000000263d800000,0x000000263d900000) (1024K)]
  0x0000018ae66edf90 WorkerThread "GC Thread#2"                     [id=11680, stack(0x000000263d900000,0x000000263da00000) (1024K)]
  0x0000018ae66ee330 WorkerThread "GC Thread#3"                     [id=10048, stack(0x000000263da00000,0x000000263db00000) (1024K)]
  0x0000018aeb0f2fb0 WorkerThread "GC Thread#4"                     [id=10552, stack(0x000000263db00000,0x000000263dc00000) (1024K)]
  0x0000018aeb0f3350 WorkerThread "GC Thread#5"                     [id=16488, stack(0x000000263dc00000,0x000000263dd00000) (1024K)]
  0x0000018aeb0f36f0 WorkerThread "GC Thread#6"                     [id=17480, stack(0x000000263dd00000,0x000000263de00000) (1024K)]
  0x0000018aeb250d30 WorkerThread "GC Thread#7"                     [id=7376, stack(0x000000263e000000,0x000000263e100000) (1024K)]
  0x0000018aeb193a10 WorkerThread "GC Thread#8"                     [id=14608, stack(0x000000263e400000,0x000000263e500000) (1024K)]
  0x0000018aeb1944f0 WorkerThread "GC Thread#9"                     [id=18140, stack(0x000000263e500000,0x000000263e600000) (1024K)]
  0x0000018aeb194c30 WorkerThread "GC Thread#10"                    [id=18196, stack(0x000000263e600000,0x000000263e700000) (1024K)]
  0x0000018aeb194fd0 WorkerThread "GC Thread#11"                    [id=16548, stack(0x000000263ea00000,0x000000263eb00000) (1024K)]
  0x0000018aeb194890 WorkerThread "GC Thread#12"                    [id=4924, stack(0x000000263ec00000,0x000000263ed00000) (1024K)]
Total: 15

Threads with active compile tasks:
C1 CompilerThread0  3328 6367       3       com.google.inject.internal.Annotations::getKey (39 bytes)
C1 CompilerThread1  3328 6369       3       com.google.inject.spi.InjectionPoint::newDependency (12 bytes)
C1 CompilerThread2  3328 6368       3       com.google.inject.internal.Errors::throwIfNewErrors (14 bytes)
C2 CompilerThread1  3328 5870   !   4       org.eclipse.osgi.internal.loader.BundleLoader::findClass0 (491 bytes)
C1 CompilerThread3  3328 6370       3       com.google.inject.spi.Dependency::<init> (34 bytes)
Total: 5

VM state: not at safepoint (normal execution)

VM Mutex/Monitor currently owned by a thread:  ([mutex/lock_event])
[0x00007ffe8a573458] Metaspace_lock - owner thread: 0x0000018ae4a28ee0

Heap address: 0x0000000080000000, size: 2048 MB, Compressed Oops mode: 32-bit

CDS archive(s) mapped at: [0x0000018aa3000000-0x0000018aa3ba0000-0x0000018aa3ba0000), size 12189696, SharedBaseAddress: 0x0000018aa3000000, ArchiveRelocationMode: 1.
Compressed class space mapped at: 0x0000018aa4000000-0x0000018ae4000000, reserved size: 1073741824
Narrow klass base: 0x0000018aa3000000, Narrow klass shift: 0, Narrow klass range: 0x100000000

GC Precious Log:
 CardTable entry size: 512
 CPUs: 16 total, 16 available
 Memory: 16085M
 Large Page Support: Disabled
 NUMA Support: Disabled
 Compressed Oops: Enabled (32-bit)
 Alignments: Space 512K, Generation 512K, Heap 2M
 Heap Min Capacity: 100M
 Heap Initial Capacity: 100M
 Heap Max Capacity: 2G
 Pre-touch: Disabled
 Parallel Workers: 13

Heap:
 PSYoungGen      total 26112K, used 13414K [0x00000000d5580000, 0x00000000d7580000, 0x0000000100000000)
  eden space 22016K, 57% used [0x00000000d5580000,0x00000000d61d1b70,0x00000000d6b00000)
  from space 4096K, 19% used [0x00000000d6e00000,0x00000000d6ec8000,0x00000000d7200000)
  to   space 1536K, 0% used [0x00000000d7400000,0x00000000d7400000,0x00000000d7580000)
 ParOldGen       total 68608K, used 29739K [0x0000000080000000, 0x0000000084300000, 0x00000000d5580000)
  object space 68608K, 43% used [0x0000000080000000,0x0000000081d0ac28,0x0000000084300000)
 Metaspace       used 42617K, committed 43712K, reserved 1114112K
  class space    used 4538K, committed 4992K, reserved 1048576K

Card table byte_map: [0x0000018a8b390000,0x0000018a8b7a0000] _byte_map_base: 0x0000018a8af90000

Marking Bits: (ParMarkBitMap*) 0x00007ffe8a57a340
 Begin Bits: [0x0000018a9de90000, 0x0000018a9fe90000)
 End Bits:   [0x0000018a9fe90000, 0x0000018aa1e90000)

Polling page: 0x0000018a89820000

Metaspace:

Usage:
  Non-class:     37.19 MB used.
      Class:      4.43 MB used.
       Both:     41.62 MB used.

Virtual space:
  Non-class space:       64.00 MB reserved,      37.81 MB ( 59%) committed,  1 nodes.
      Class space:        1.00 GB reserved,       4.88 MB ( <1%) committed,  1 nodes.
             Both:        1.06 GB reserved,      42.69 MB (  4%) committed. 

Chunk freelists:
   Non-Class:  9.55 MB
       Class:  11.06 MB
        Both:  20.61 MB

MaxMetaspaceSize: unlimited
CompressedClassSpaceSize: 1.00 GB
Initial GC threshold: 21.00 MB
Current GC threshold: 58.38 MB
CDS: on
 - commit_granule_bytes: 65536.
 - commit_granule_words: 8192.
 - virtual_space_node_default_size: 8388608.
 - enlarge_chunks_in_place: 1.
 - use_allocation_guard: 0.


Internal statistics:

num_allocs_failed_limit: 8.
num_arena_births: 938.
num_arena_deaths: 14.
num_vsnodes_births: 2.
num_vsnodes_deaths: 0.
num_space_committed: 683.
num_space_uncommitted: 0.
num_chunks_returned_to_freelist: 22.
num_chunks_taken_from_freelist: 2832.
num_chunk_merges: 12.
num_chunk_splits: 1786.
num_chunks_enlarged: 1020.
num_inconsistent_stats: 0.

CodeHeap 'non-profiled nmethods': size=119168Kb used=2983Kb max_used=2983Kb free=116184Kb
 bounds [0x0000018a96780000, 0x0000018a96a70000, 0x0000018a9dbe0000]
CodeHeap 'profiled nmethods': size=119104Kb used=12353Kb max_used=12353Kb free=106751Kb
 bounds [0x0000018a8ebe0000, 0x0000018a8f800000, 0x0000018a96030000]
CodeHeap 'non-nmethods': size=7488Kb used=3120Kb max_used=3143Kb free=4367Kb
 bounds [0x0000018a96030000, 0x0000018a96350000, 0x0000018a96780000]
CodeCache: size=245760Kb, used=18456Kb, max_used=18479Kb, free=227302Kb
 total_blobs=6403, nmethods=5736, adapters=568, full_count=0
Compilation: enabled, stopped_count=0, restarted_count=0

Compilation events (20 events):
Event: 3.294 Thread 0x0000018ae4b25090 nmethod 6355 0x0000018a8f7eeb10 code [0x0000018a8f7eed00, 0x0000018a8f7ef190]
Event: 3.294 Thread 0x0000018ae4b25090 6358       3       com.google.common.collect.ImmutableSet$RegularSetBuilderImpl::add (68 bytes)
Event: 3.294 Thread 0x0000018ae60b0080 6359       3       com.google.common.collect.ImmutableSet$SetBuilderImpl::addDedupedElement (28 bytes)
Event: 3.294 Thread 0x0000018ae4b229e0 6360       3       com.google.common.collect.ImmutableSet$SetBuilderImpl::ensureCapacity (32 bytes)
Event: 3.294 Thread 0x0000018ae4b229e0 nmethod 6360 0x0000018a8f7ef390 code [0x0000018a8f7ef560, 0x0000018a8f7ef7d8]
Event: 3.294 Thread 0x0000018ae60b0080 nmethod 6359 0x0000018a8f7ef910 code [0x0000018a8f7efb00, 0x0000018a8f7eff60]
Event: 3.294 Thread 0x0000018ae4b25090 nmethod 6358 0x0000018a8f7f0190 code [0x0000018a8f7f03c0, 0x0000018a8f7f08e0]
Event: 3.295 Thread 0x0000018ae4b25090 6361       3       java.lang.Class::isEnum (27 bytes)
Event: 3.295 Thread 0x0000018ae4b25090 nmethod 6361 0x0000018a8f7f0b10 code [0x0000018a8f7f0cc0, 0x0000018a8f7f0eb8]
Event: 3.296 Thread 0x0000018ae4b229e0 6362       3       com.google.inject.spi.InjectionPoint$InjectableMember::<init> (50 bytes)
Event: 3.296 Thread 0x0000018ae60b0080 6363       3       com.google.inject.spi.InjectionPoint$InjectableMembers::add (42 bytes)
Event: 3.296 Thread 0x0000018ae60b0080 nmethod 6363 0x0000018a8f7f0f90 code [0x0000018a8f7f1140, 0x0000018a8f7f1338]
Event: 3.296 Thread 0x0000018ae4b229e0 nmethod 6362 0x0000018a8f7f1410 code [0x0000018a8f7f1600, 0x0000018a8f7f1a68]
Event: 3.299 Thread 0x0000018aeb1071c0 6364       4       java.util.AbstractCollection::isEmpty (13 bytes)
Event: 3.299 Thread 0x0000018aeb1071c0 nmethod 6364 0x0000018a96a50e10 code [0x0000018a96a50fa0, 0x0000018a96a51058]
Event: 3.299 Thread 0x0000018aeb1071c0 6365   !   4       java.util.zip.Inflater::inflate (456 bytes)
Event: 3.300 Thread 0x0000018ae4a28ee0 6367       3       com.google.inject.internal.Annotations::getKey (39 bytes)
Event: 3.300 Thread 0x0000018ae4b25090 6368       3       com.google.inject.internal.Errors::throwIfNewErrors (14 bytes)
Event: 3.300 Thread 0x0000018ae4b229e0 6369       3       com.google.inject.spi.InjectionPoint::newDependency (12 bytes)
Event: 3.300 Thread 0x0000018ae60b0080 6370       3       com.google.inject.spi.Dependency::<init> (34 bytes)

GC Heap History (20 events):
Event: 2.153 GC heap before
{Heap before GC invocations=10 (full 1):
 PSYoungGen      total 26624K, used 26568K [0x00000000d5580000, 0x00000000d7580000, 0x0000000100000000)
  eden space 24064K, 100% used [0x00000000d5580000,0x00000000d6d00000,0x00000000d6d00000)
  from space 2560K, 97% used [0x00000000d7300000,0x00000000d7572180,0x00000000d7580000)
  to   space 3584K, 0% used [0x00000000d6e80000,0x00000000d6e80000,0x00000000d7200000)
 ParOldGen       total 68608K, used 12647K [0x0000000080000000, 0x0000000084300000, 0x00000000d5580000)
  object space 68608K, 18% used [0x0000000080000000,0x0000000080c59e00,0x0000000084300000)
 Metaspace       used 26374K, committed 27328K, reserved 1114112K
  class space    used 2616K, committed 3008K, reserved 1048576K
}
Event: 2.155 GC heap after
{Heap after GC invocations=10 (full 1):
 PSYoungGen      total 25600K, used 1622K [0x00000000d5580000, 0x00000000d7380000, 0x0000000100000000)
  eden space 23552K, 0% used [0x00000000d5580000,0x00000000d5580000,0x00000000d6c80000)
  from space 2048K, 79% used [0x00000000d6e80000,0x00000000d7015b60,0x00000000d7080000)
  to   space 2560K, 0% used [0x00000000d7100000,0x00000000d7100000,0x00000000d7380000)
 ParOldGen       total 68608K, used 12655K [0x0000000080000000, 0x0000000084300000, 0x00000000d5580000)
  object space 68608K, 18% used [0x0000000080000000,0x0000000080c5be00,0x0000000084300000)
 Metaspace       used 26374K, committed 27328K, reserved 1114112K
  class space    used 2616K, committed 3008K, reserved 1048576K
}
Event: 2.264 GC heap before
{Heap before GC invocations=11 (full 1):
 PSYoungGen      total 25600K, used 25174K [0x00000000d5580000, 0x00000000d7380000, 0x0000000100000000)
  eden space 23552K, 100% used [0x00000000d5580000,0x00000000d6c80000,0x00000000d6c80000)
  from space 2048K, 79% used [0x00000000d6e80000,0x00000000d7015b60,0x00000000d7080000)
  to   space 2560K, 0% used [0x00000000d7100000,0x00000000d7100000,0x00000000d7380000)
 ParOldGen       total 68608K, used 12655K [0x0000000080000000, 0x0000000084300000, 0x00000000d5580000)
  object space 68608K, 18% used [0x0000000080000000,0x0000000080c5be00,0x0000000084300000)
 Metaspace       used 28047K, committed 28992K, reserved 1114112K
  class space    used 2733K, committed 3072K, reserved 1048576K
}
Event: 2.266 GC heap after
{Heap after GC invocations=11 (full 1):
 PSYoungGen      total 25088K, used 2011K [0x00000000d5580000, 0x00000000d7300000, 0x0000000100000000)
  eden space 23040K, 0% used [0x00000000d5580000,0x00000000d5580000,0x00000000d6c00000)
  from space 2048K, 98% used [0x00000000d7100000,0x00000000d72f6da0,0x00000000d7300000)
  to   space 2560K, 0% used [0x00000000d6e00000,0x00000000d6e00000,0x00000000d7080000)
 ParOldGen       total 68608K, used 14488K [0x0000000080000000, 0x0000000084300000, 0x00000000d5580000)
  object space 68608K, 21% used [0x0000000080000000,0x0000000080e260c8,0x0000000084300000)
 Metaspace       used 28047K, committed 28992K, reserved 1114112K
  class space    used 2733K, committed 3072K, reserved 1048576K
}
Event: 2.452 GC heap before
{Heap before GC invocations=12 (full 1):
 PSYoungGen      total 25088K, used 25051K [0x00000000d5580000, 0x00000000d7300000, 0x0000000100000000)
  eden space 23040K, 100% used [0x00000000d5580000,0x00000000d6c00000,0x00000000d6c00000)
  from space 2048K, 98% used [0x00000000d7100000,0x00000000d72f6da0,0x00000000d7300000)
  to   space 2560K, 0% used [0x00000000d6e00000,0x00000000d6e00000,0x00000000d7080000)
 ParOldGen       total 68608K, used 14488K [0x0000000080000000, 0x0000000084300000, 0x00000000d5580000)
  object space 68608K, 21% used [0x0000000080000000,0x0000000080e260c8,0x0000000084300000)
 Metaspace       used 31191K, committed 32256K, reserved 1114112K
  class space    used 3085K, committed 3520K, reserved 1048576K
}
Event: 2.454 GC heap after
{Heap after GC invocations=12 (full 1):
 PSYoungGen      total 25088K, used 2252K [0x00000000d5580000, 0x00000000d7180000, 0x0000000100000000)
  eden space 22528K, 0% used [0x00000000d5580000,0x00000000d5580000,0x00000000d6b80000)
  from space 2560K, 87% used [0x00000000d6e00000,0x00000000d7033170,0x00000000d7080000)
  to   space 1024K, 0% used [0x00000000d7080000,0x00000000d7080000,0x00000000d7180000)
 ParOldGen       total 68608K, used 16345K [0x0000000080000000, 0x0000000084300000, 0x00000000d5580000)
  object space 68608K, 23% used [0x0000000080000000,0x0000000080ff66b0,0x0000000084300000)
 Metaspace       used 31191K, committed 32256K, reserved 1114112K
  class space    used 3085K, committed 3520K, reserved 1048576K
}
Event: 2.554 GC heap before
{Heap before GC invocations=13 (full 1):
 PSYoungGen      total 25088K, used 24780K [0x00000000d5580000, 0x00000000d7180000, 0x0000000100000000)
  eden space 22528K, 100% used [0x00000000d5580000,0x00000000d6b80000,0x00000000d6b80000)
  from space 2560K, 87% used [0x00000000d6e00000,0x00000000d7033170,0x00000000d7080000)
  to   space 1024K, 0% used [0x00000000d7080000,0x00000000d7080000,0x00000000d7180000)
 ParOldGen       total 68608K, used 16345K [0x0000000080000000, 0x0000000084300000, 0x00000000d5580000)
  object space 68608K, 23% used [0x0000000080000000,0x0000000080ff66b0,0x0000000084300000)
 Metaspace       used 33886K, committed 35072K, reserved 1114112K
  class space    used 3423K, committed 3904K, reserved 1048576K
}
Event: 2.556 GC heap after
{Heap after GC invocations=13 (full 1):
 PSYoungGen      total 23040K, used 1024K [0x00000000d5580000, 0x00000000d7400000, 0x0000000100000000)
  eden space 22016K, 0% used [0x00000000d5580000,0x00000000d5580000,0x00000000d6b00000)
  from space 1024K, 100% used [0x00000000d7080000,0x00000000d7180000,0x00000000d7180000)
  to   space 4608K, 0% used [0x00000000d6b00000,0x00000000d6b00000,0x00000000d6f80000)
 ParOldGen       total 68608K, used 19266K [0x0000000080000000, 0x0000000084300000, 0x00000000d5580000)
  object space 68608K, 28% used [0x0000000080000000,0x00000000812d0968,0x0000000084300000)
 Metaspace       used 33886K, committed 35072K, reserved 1114112K
  class space    used 3423K, committed 3904K, reserved 1048576K
}
Event: 2.607 GC heap before
{Heap before GC invocations=14 (full 1):
 PSYoungGen      total 23040K, used 9899K [0x00000000d5580000, 0x00000000d7400000, 0x0000000100000000)
  eden space 22016K, 40% used [0x00000000d5580000,0x00000000d5e2acd0,0x00000000d6b00000)
  from space 1024K, 100% used [0x00000000d7080000,0x00000000d7180000,0x00000000d7180000)
  to   space 4608K, 0% used [0x00000000d6b00000,0x00000000d6b00000,0x00000000d6f80000)
 ParOldGen       total 68608K, used 19266K [0x0000000080000000, 0x0000000084300000, 0x00000000d5580000)
  object space 68608K, 28% used [0x0000000080000000,0x00000000812d0968,0x0000000084300000)
 Metaspace       used 34711K, committed 35840K, reserved 1114112K
  class space    used 3527K, committed 4032K, reserved 1048576K
}
Event: 2.608 GC heap after
{Heap after GC invocations=14 (full 1):
 PSYoungGen      total 23040K, used 992K [0x00000000d5580000, 0x00000000d7100000, 0x0000000100000000)
  eden space 22016K, 0% used [0x00000000d5580000,0x00000000d5580000,0x00000000d6b00000)
  from space 1024K, 96% used [0x00000000d6b00000,0x00000000d6bf8000,0x00000000d6c00000)
  to   space 2560K, 0% used [0x00000000d6e80000,0x00000000d6e80000,0x00000000d7100000)
 ParOldGen       total 68608K, used 20254K [0x0000000080000000, 0x0000000084300000, 0x00000000d5580000)
  object space 68608K, 29% used [0x0000000080000000,0x00000000813c7a98,0x0000000084300000)
 Metaspace       used 34711K, committed 35840K, reserved 1114112K
  class space    used 3527K, committed 4032K, reserved 1048576K
}
Event: 2.608 GC heap before
{Heap before GC invocations=15 (full 2):
 PSYoungGen      total 23040K, used 992K [0x00000000d5580000, 0x00000000d7100000, 0x0000000100000000)
  eden space 22016K, 0% used [0x00000000d5580000,0x00000000d5580000,0x00000000d6b00000)
  from space 1024K, 96% used [0x00000000d6b00000,0x00000000d6bf8000,0x00000000d6c00000)
  to   space 2560K, 0% used [0x00000000d6e80000,0x00000000d6e80000,0x00000000d7100000)
 ParOldGen       total 68608K, used 20254K [0x0000000080000000, 0x0000000084300000, 0x00000000d5580000)
  object space 68608K, 29% used [0x0000000080000000,0x00000000813c7a98,0x0000000084300000)
 Metaspace       used 34711K, committed 35840K, reserved 1114112K
  class space    used 3527K, committed 4032K, reserved 1048576K
}
Event: 2.631 GC heap after
{Heap after GC invocations=15 (full 2):
 PSYoungGen      total 23040K, used 0K [0x00000000d5580000, 0x00000000d7100000, 0x0000000100000000)
  eden space 22016K, 0% used [0x00000000d5580000,0x00000000d5580000,0x00000000d6b00000)
  from space 1024K, 0% used [0x00000000d6b00000,0x00000000d6b00000,0x00000000d6c00000)
  to   space 2560K, 0% used [0x00000000d6e80000,0x00000000d6e80000,0x00000000d7100000)
 ParOldGen       total 68608K, used 20170K [0x0000000080000000, 0x0000000084300000, 0x00000000d5580000)
  object space 68608K, 29% used [0x0000000080000000,0x00000000813b2848,0x0000000084300000)
 Metaspace       used 34711K, committed 35840K, reserved 1114112K
  class space    used 3527K, committed 4032K, reserved 1048576K
}
Event: 2.728 GC heap before
{Heap before GC invocations=16 (full 2):
 PSYoungGen      total 23040K, used 22016K [0x00000000d5580000, 0x00000000d7100000, 0x0000000100000000)
  eden space 22016K, 100% used [0x00000000d5580000,0x00000000d6b00000,0x00000000d6b00000)
  from space 1024K, 0% used [0x00000000d6b00000,0x00000000d6b00000,0x00000000d6c00000)
  to   space 2560K, 0% used [0x00000000d6e80000,0x00000000d6e80000,0x00000000d7100000)
 ParOldGen       total 68608K, used 20170K [0x0000000080000000, 0x0000000084300000, 0x00000000d5580000)
  object space 68608K, 29% used [0x0000000080000000,0x00000000813b2848,0x0000000084300000)
 Metaspace       used 36126K, committed 37248K, reserved 1114112K
  class space    used 3664K, committed 4160K, reserved 1048576K
}
Event: 2.730 GC heap after
{Heap after GC invocations=16 (full 2):
 PSYoungGen      total 24576K, used 2536K [0x00000000d5580000, 0x00000000d7100000, 0x0000000100000000)
  eden space 22016K, 0% used [0x00000000d5580000,0x00000000d5580000,0x00000000d6b00000)
  from space 2560K, 99% used [0x00000000d6e80000,0x00000000d70fa1b8,0x00000000d7100000)
  to   space 3072K, 0% used [0x00000000d6b00000,0x00000000d6b00000,0x00000000d6e00000)
 ParOldGen       total 68608K, used 20210K [0x0000000080000000, 0x0000000084300000, 0x00000000d5580000)
  object space 68608K, 29% used [0x0000000080000000,0x00000000813bc848,0x0000000084300000)
 Metaspace       used 36126K, committed 37248K, reserved 1114112K
  class space    used 3664K, committed 4160K, reserved 1048576K
}
Event: 2.869 GC heap before
{Heap before GC invocations=17 (full 2):
 PSYoungGen      total 24576K, used 24549K [0x00000000d5580000, 0x00000000d7100000, 0x0000000100000000)
  eden space 22016K, 99% used [0x00000000d5580000,0x00000000d6aff3a8,0x00000000d6b00000)
  from space 2560K, 99% used [0x00000000d6e80000,0x00000000d70fa1b8,0x00000000d7100000)
  to   space 3072K, 0% used [0x00000000d6b00000,0x00000000d6b00000,0x00000000d6e00000)
 ParOldGen       total 68608K, used 20210K [0x0000000080000000, 0x0000000084300000, 0x00000000d5580000)
  object space 68608K, 29% used [0x0000000080000000,0x00000000813bc848,0x0000000084300000)
 Metaspace       used 37339K, committed 38464K, reserved 1114112K
  class space    used 3823K, committed 4288K, reserved 1048576K
}
Event: 2.871 GC heap after
{Heap after GC invocations=17 (full 2):
 PSYoungGen      total 25088K, used 3057K [0x00000000d5580000, 0x00000000d7f00000, 0x0000000100000000)
  eden space 22016K, 0% used [0x00000000d5580000,0x00000000d5580000,0x00000000d6b00000)
  from space 3072K, 99% used [0x00000000d6b00000,0x00000000d6dfc710,0x00000000d6e00000)
  to   space 10240K, 0% used [0x00000000d7500000,0x00000000d7500000,0x00000000d7f00000)
 ParOldGen       total 68608K, used 26205K [0x0000000080000000, 0x0000000084300000, 0x00000000d5580000)
  object space 68608K, 38% used [0x0000000080000000,0x0000000081997750,0x0000000084300000)
 Metaspace       used 37339K, committed 38464K, reserved 1114112K
  class space    used 3823K, committed 4288K, reserved 1048576K
}
Event: 3.049 GC heap before
{Heap before GC invocations=18 (full 2):
 PSYoungGen      total 25088K, used 25073K [0x00000000d5580000, 0x00000000d7f00000, 0x0000000100000000)
  eden space 22016K, 100% used [0x00000000d5580000,0x00000000d6b00000,0x00000000d6b00000)
  from space 3072K, 99% used [0x00000000d6b00000,0x00000000d6dfc710,0x00000000d6e00000)
  to   space 10240K, 0% used [0x00000000d7500000,0x00000000d7500000,0x00000000d7f00000)
 ParOldGen       total 68608K, used 26205K [0x0000000080000000, 0x0000000084300000, 0x00000000d5580000)
  object space 68608K, 38% used [0x0000000080000000,0x0000000081997750,0x0000000084300000)
 Metaspace       used 39224K, committed 40448K, reserved 1114112K
  class space    used 4099K, committed 4608K, reserved 1048576K
}
Event: 3.051 GC heap after
{Heap after GC invocations=18 (full 2):
 PSYoungGen      total 23040K, used 800K [0x00000000d5580000, 0x00000000d7600000, 0x0000000100000000)
  eden space 22016K, 0% used [0x00000000d5580000,0x00000000d5580000,0x00000000d6b00000)
  from space 1024K, 78% used [0x00000000d7500000,0x00000000d75c8000,0x00000000d7600000)
  to   space 4096K, 0% used [0x00000000d6e00000,0x00000000d6e00000,0x00000000d7200000)
 ParOldGen       total 68608K, used 29251K [0x0000000080000000, 0x0000000084300000, 0x00000000d5580000)
  object space 68608K, 42% used [0x0000000080000000,0x0000000081c90c28,0x0000000084300000)
 Metaspace       used 39224K, committed 40448K, reserved 1114112K
  class space    used 4099K, committed 4608K, reserved 1048576K
}
Event: 3.206 GC heap before
{Heap before GC invocations=19 (full 2):
 PSYoungGen      total 23040K, used 22816K [0x00000000d5580000, 0x00000000d7600000, 0x0000000100000000)
  eden space 22016K, 100% used [0x00000000d5580000,0x00000000d6b00000,0x00000000d6b00000)
  from space 1024K, 78% used [0x00000000d7500000,0x00000000d75c8000,0x00000000d7600000)
  to   space 4096K, 0% used [0x00000000d6e00000,0x00000000d6e00000,0x00000000d7200000)
 ParOldGen       total 68608K, used 29251K [0x0000000080000000, 0x0000000084300000, 0x00000000d5580000)
  object space 68608K, 42% used [0x0000000080000000,0x0000000081c90c28,0x0000000084300000)
 Metaspace       used 41242K, committed 42432K, reserved 1114112K
  class space    used 4364K, committed 4864K, reserved 1048576K
}
Event: 3.207 GC heap after
{Heap after GC invocations=19 (full 2):
 PSYoungGen      total 26112K, used 800K [0x00000000d5580000, 0x00000000d7580000, 0x0000000100000000)
  eden space 22016K, 0% used [0x00000000d5580000,0x00000000d5580000,0x00000000d6b00000)
  from space 4096K, 19% used [0x00000000d6e00000,0x00000000d6ec8000,0x00000000d7200000)
  to   space 1536K, 0% used [0x00000000d7400000,0x00000000d7400000,0x00000000d7580000)
 ParOldGen       total 68608K, used 29739K [0x0000000080000000, 0x0000000084300000, 0x00000000d5580000)
  object space 68608K, 43% used [0x0000000080000000,0x0000000081d0ac28,0x0000000084300000)
 Metaspace       used 41242K, committed 42432K, reserved 1114112K
  class space    used 4364K, committed 4864K, reserved 1048576K
}

Dll operation events (10 events):
Event: 0.005 Loaded shared library c:\Users\OMAR INFO\.windsurf\extensions\redhat.java-1.45.0-win32-x64\jre\21.0.8-win32-x86_64\bin\java.dll
Event: 0.043 Loaded shared library c:\Users\OMAR INFO\.windsurf\extensions\redhat.java-1.45.0-win32-x64\jre\21.0.8-win32-x86_64\bin\zip.dll
Event: 0.055 Loaded shared library C:\Users\OMAR INFO\.windsurf\extensions\redhat.java-1.45.0-win32-x64\jre\21.0.8-win32-x86_64\bin\instrument.dll
Event: 0.057 Loaded shared library C:\Users\OMAR INFO\.windsurf\extensions\redhat.java-1.45.0-win32-x64\jre\21.0.8-win32-x86_64\bin\net.dll
Event: 0.059 Loaded shared library C:\Users\OMAR INFO\.windsurf\extensions\redhat.java-1.45.0-win32-x64\jre\21.0.8-win32-x86_64\bin\nio.dll
Event: 0.061 Loaded shared library C:\Users\OMAR INFO\.windsurf\extensions\redhat.java-1.45.0-win32-x64\jre\21.0.8-win32-x86_64\bin\zip.dll
Event: 0.072 Loaded shared library C:\Users\OMAR INFO\.windsurf\extensions\redhat.java-1.45.0-win32-x64\jre\21.0.8-win32-x86_64\bin\jimage.dll
Event: 0.114 Loaded shared library c:\Users\OMAR INFO\.windsurf\extensions\redhat.java-1.45.0-win32-x64\jre\21.0.8-win32-x86_64\bin\verify.dll
Event: 0.819 Loaded shared library C:\Users\OMAR INFO\AppData\Roaming\Windsurf\User\globalStorage\redhat.java\1.45.0\config_win\org.eclipse.equinox.launcher\org.eclipse.equinox.launcher.win32.win32.x86_64_1.2.1400.v20250801-0854\eclipse_11916.dll
Event: 1.534 Loaded shared library C:\Users\OMAR INFO\AppData\Local\Temp\jna--64980065\jna12119622538958924124.dll

Deoptimization events (20 events):
Event: 2.970 Thread 0x0000018aeef717c0 Uncommon trap: trap_request=0xffffffde fr.pc=0x0000018a96824358 relative=0x0000000000000258
Event: 2.970 Thread 0x0000018aeef717c0 Uncommon trap: reason=class_check action=maybe_recompile pc=0x0000018a96824358 method=java.io.BufferedReader.readLine(Z[Z)Ljava/lang/String; @ 6 c2
Event: 2.970 Thread 0x0000018aeef717c0 DEOPT PACKING pc=0x0000018a96824358 sp=0x00000026408fd7d0
Event: 2.970 Thread 0x0000018aeef717c0 DEOPT UNPACKING pc=0x0000018a96086da2 sp=0x00000026408fd768 mode 2
Event: 3.265 Thread 0x0000018aeef717c0 Uncommon trap: trap_request=0xffffffd6 fr.pc=0x0000018a96a4e7e8 relative=0x00000000000000c8
Event: 3.265 Thread 0x0000018aeef717c0 Uncommon trap: reason=array_check action=maybe_recompile pc=0x0000018a96a4e7e8 method=java.util.stream.Nodes$FixedNodeBuilder.accept(Ljava/lang/Object;)V @ 28 c2
Event: 3.265 Thread 0x0000018aeef717c0 DEOPT PACKING pc=0x0000018a96a4e7e8 sp=0x00000026408fd7a0
Event: 3.265 Thread 0x0000018aeef717c0 DEOPT UNPACKING pc=0x0000018a96086da2 sp=0x00000026408fd720 mode 2
Event: 3.265 Thread 0x0000018aeef717c0 Uncommon trap: trap_request=0xffffffd6 fr.pc=0x0000018a96a4e7e8 relative=0x00000000000000c8
Event: 3.265 Thread 0x0000018aeef717c0 Uncommon trap: reason=array_check action=maybe_recompile pc=0x0000018a96a4e7e8 method=java.util.stream.Nodes$FixedNodeBuilder.accept(Ljava/lang/Object;)V @ 28 c2
Event: 3.265 Thread 0x0000018aeef717c0 DEOPT PACKING pc=0x0000018a96a4e7e8 sp=0x00000026408fd7a0
Event: 3.265 Thread 0x0000018aeef717c0 DEOPT UNPACKING pc=0x0000018a96086da2 sp=0x00000026408fd720 mode 2
Event: 3.265 Thread 0x0000018aeef717c0 Uncommon trap: trap_request=0xffffffd6 fr.pc=0x0000018a96a4e7e8 relative=0x00000000000000c8
Event: 3.265 Thread 0x0000018aeef717c0 Uncommon trap: reason=array_check action=maybe_recompile pc=0x0000018a96a4e7e8 method=java.util.stream.Nodes$FixedNodeBuilder.accept(Ljava/lang/Object;)V @ 28 c2
Event: 3.265 Thread 0x0000018aeef717c0 DEOPT PACKING pc=0x0000018a96a4e7e8 sp=0x00000026408fd7a0
Event: 3.265 Thread 0x0000018aeef717c0 DEOPT UNPACKING pc=0x0000018a96086da2 sp=0x00000026408fd720 mode 2
Event: 3.265 Thread 0x0000018aeef717c0 Uncommon trap: trap_request=0xffffffd6 fr.pc=0x0000018a96a4e7e8 relative=0x00000000000000c8
Event: 3.265 Thread 0x0000018aeef717c0 Uncommon trap: reason=array_check action=maybe_recompile pc=0x0000018a96a4e7e8 method=java.util.stream.Nodes$FixedNodeBuilder.accept(Ljava/lang/Object;)V @ 28 c2
Event: 3.265 Thread 0x0000018aeef717c0 DEOPT PACKING pc=0x0000018a96a4e7e8 sp=0x00000026408fd7a0
Event: 3.265 Thread 0x0000018aeef717c0 DEOPT UNPACKING pc=0x0000018a96086da2 sp=0x00000026408fd720 mode 2

Classes loaded (20 events):
Event: 3.145 Loading class java/lang/reflect/AnnotatedParameterizedType done
Event: 3.145 Loading class sun/reflect/annotation/AnnotatedTypeFactory$AnnotatedParameterizedTypeImpl done
Event: 3.150 Loading class java/util/concurrent/CompletableFuture$AltResult
Event: 3.150 Loading class java/util/concurrent/CompletableFuture$AltResult done
Event: 3.150 Loading class java/util/concurrent/CompletableFuture$Completion
Event: 3.150 Loading class java/util/concurrent/CompletableFuture$AsynchronousCompletionTask
Event: 3.150 Loading class java/util/concurrent/CompletableFuture$AsynchronousCompletionTask done
Event: 3.150 Loading class java/util/concurrent/CompletableFuture$Completion done
Event: 3.153 Loading class sun/nio/ch/WindowsAsynchronousFileChannelImpl$WriteTask
Event: 3.153 Loading class sun/nio/ch/WindowsAsynchronousFileChannelImpl$WriteTask done
Event: 3.158 Loading class jdk/internal/math/FormattedFPDecimal
Event: 3.158 Loading class jdk/internal/math/FormattedFPDecimal done
Event: 3.192 Loading class sun/reflect/generics/scope/ConstructorScope
Event: 3.192 Loading class sun/reflect/generics/scope/ConstructorScope done
Event: 3.192 Loading class sun/reflect/generics/tree/VoidDescriptor
Event: 3.192 Loading class sun/reflect/generics/tree/VoidDescriptor done
Event: 3.267 Loading class java/util/concurrent/CompletionService
Event: 3.267 Loading class java/util/concurrent/CompletionService done
Event: 3.280 Loading class java/nio/channels/ServerSocketChannel
Event: 3.280 Loading class java/nio/channels/ServerSocketChannel done

Classes unloaded (7 events):
Event: 1.849 Thread 0x0000018a8baa1bd0 Unloading class 0x0000018aa41a8800 'java/lang/invoke/LambdaForm$MH+0x0000018aa41a8800'
Event: 1.849 Thread 0x0000018a8baa1bd0 Unloading class 0x0000018aa41a8400 'java/lang/invoke/LambdaForm$MH+0x0000018aa41a8400'
Event: 1.849 Thread 0x0000018a8baa1bd0 Unloading class 0x0000018aa41a8000 'java/lang/invoke/LambdaForm$MH+0x0000018aa41a8000'
Event: 1.849 Thread 0x0000018a8baa1bd0 Unloading class 0x0000018aa41a7c00 'java/lang/invoke/LambdaForm$MH+0x0000018aa41a7c00'
Event: 1.849 Thread 0x0000018a8baa1bd0 Unloading class 0x0000018aa41a7800 'java/lang/invoke/LambdaForm$BMH+0x0000018aa41a7800'
Event: 1.849 Thread 0x0000018a8baa1bd0 Unloading class 0x0000018aa41a7400 'java/lang/invoke/LambdaForm$DMH+0x0000018aa41a7400'
Event: 1.849 Thread 0x0000018a8baa1bd0 Unloading class 0x0000018aa41a6000 'java/lang/invoke/LambdaForm$DMH+0x0000018aa41a6000'

Classes redefined (0 events):
No events

Internal exceptions (20 events):
Event: 2.596 Thread 0x0000018a8b9e1050 Exception <a 'java/lang/NoSuchMethodError'{0x00000000d5c65228}: 'void java.lang.invoke.DirectMethodHandle$Holder.invokeSpecial(java.lang.Object, java.lang.Object, java.lang.Object, java.lang.Object, java.lang.Object, java.lang.Object)'> (0x00000000d5c65228) 
thrown [s\src\hotspot\share\interpreter\linkResolver.cpp, line 773]
Event: 2.596 Thread 0x0000018a8b9e1050 Exception <a 'java/lang/IncompatibleClassChangeError'{0x00000000d5c8bdb0}: Found class java.lang.Object, but interface was expected> (0x00000000d5c8bdb0) 
thrown [s\src\hotspot\share\interpreter\linkResolver.cpp, line 840]
Event: 2.597 Thread 0x0000018a8b9e1050 Exception <a 'java/lang/IncompatibleClassChangeError'{0x00000000d5c8db48}: Found class java.lang.Object, but interface was expected> (0x00000000d5c8db48) 
thrown [s\src\hotspot\share\interpreter\linkResolver.cpp, line 840]
Event: 2.660 Thread 0x0000018aeb95f5f0 Exception <a 'sun/nio/fs/WindowsException'{0x00000000d59ec030}> (0x00000000d59ec030) 
thrown [s\src\hotspot\share\prims\jni.cpp, line 520]
Event: 2.679 Thread 0x0000018aeb95f5f0 Exception <a 'java/io/FileNotFoundException'{0x00000000d5d18998}> (0x00000000d5d18998) 
thrown [s\src\hotspot\share\prims\jni.cpp, line 520]
Event: 2.680 Thread 0x0000018aeb95f5f0 Exception <a 'java/io/FileNotFoundException'{0x00000000d5d19c20}> (0x00000000d5d19c20) 
thrown [s\src\hotspot\share\prims\jni.cpp, line 520]
Event: 2.681 Thread 0x0000018aeb95f5f0 Exception <a 'java/lang/NoSuchMethodError'{0x00000000d5d74fe0}: 'java.lang.Object java.lang.invoke.DirectMethodHandle$Holder.newInvokeSpecial(java.lang.Object, java.lang.Object, java.lang.Object, int)'> (0x00000000d5d74fe0) 
thrown [s\src\hotspot\share\interpreter\linkResolver.cpp, line 773]
Event: 2.682 Thread 0x0000018aeb95f5f0 Exception <a 'java/lang/NoSuchMethodError'{0x00000000d5da0e20}: 'java.lang.Object java.lang.invoke.DirectMethodHandle$Holder.invokeSpecial(java.lang.Object, java.lang.Object, java.lang.Object, java.lang.Object, int)'> (0x00000000d5da0e20) 
thrown [s\src\hotspot\share\interpreter\linkResolver.cpp, line 773]
Event: 2.682 Thread 0x0000018aeb95f5f0 Exception <a 'java/lang/NoSuchMethodError'{0x00000000d5da42c8}: 'java.lang.Object java.lang.invoke.Invokers$Holder.linkToTargetMethod(java.lang.Object, java.lang.Object, int, java.lang.Object)'> (0x00000000d5da42c8) 
thrown [s\src\hotspot\share\interpreter\linkResolver.cpp, line 773]
Event: 2.684 Thread 0x0000018aeb95f5f0 Exception <a 'java/lang/NoSuchMethodError'{0x00000000d5de53f0}: 'void java.lang.invoke.DirectMethodHandle$Holder.invokeStaticInit(java.lang.Object, java.lang.Object, java.lang.Object)'> (0x00000000d5de53f0) 
thrown [s\src\hotspot\share\interpreter\linkResolver.cpp, line 773]
Event: 2.760 Thread 0x0000018aeb95f5f0 Exception <a 'java/io/FileNotFoundException'{0x00000000d57306d0}> (0x00000000d57306d0) 
thrown [s\src\hotspot\share\prims\jni.cpp, line 520]
Event: 2.760 Thread 0x0000018aeb95f5f0 Exception <a 'java/io/FileNotFoundException'{0x00000000d5731840}> (0x00000000d5731840) 
thrown [s\src\hotspot\share\prims\jni.cpp, line 520]
Event: 2.802 Thread 0x0000018aeef717c0 Exception <a 'java/io/FileNotFoundException'{0x00000000d6338318}> (0x00000000d6338318) 
thrown [s\src\hotspot\share\prims\jni.cpp, line 520]
Event: 2.836 Thread 0x0000018aeef717c0 Exception <a 'java/lang/NoSuchMethodError'{0x00000000d65c07e0}: 'java.lang.Object java.lang.invoke.DirectMethodHandle$Holder.invokeSpecialIFC(java.lang.Object, java.lang.Object, java.lang.Object, java.lang.Object)'> (0x00000000d65c07e0) 
thrown [s\src\hotspot\share\interpreter\linkResolver.cpp, line 773]
Event: 2.939 Thread 0x0000018aeb95e240 Exception <a 'java/lang/NoSuchMethodError'{0x00000000d5e1d7d8}: 'java.lang.Object java.lang.invoke.DirectMethodHandle$Holder.invokeStatic(java.lang.Object, int, java.lang.Object, java.lang.Object)'> (0x00000000d5e1d7d8) 
thrown [s\src\hotspot\share\interpreter\linkResolver.cpp, line 773]
Event: 2.939 Thread 0x0000018aeb95e240 Exception <a 'java/lang/NoSuchMethodError'{0x00000000d5e21228}: 'java.lang.Object java.lang.invoke.DelegatingMethodHandle$Holder.delegate(java.lang.Object, int, java.lang.Object, java.lang.Object)'> (0x00000000d5e21228) 
thrown [s\src\hotspot\share\interpreter\linkResolver.cpp, line 773]
Event: 2.940 Thread 0x0000018aeb95e240 Implicit null exception at 0x0000018a96952176 to 0x0000018a96952498
Event: 2.941 Thread 0x0000018aeb95e240 Exception <a 'java/lang/NoSuchMethodError'{0x00000000d5e7e6b0}: 'int java.lang.invoke.Invokers$Holder.linkToTargetMethod(java.lang.Object, java.lang.Object, java.lang.Object)'> (0x00000000d5e7e6b0) 
thrown [s\src\hotspot\share\interpreter\linkResolver.cpp, line 773]
Event: 2.949 Thread 0x0000018aeef717c0 Exception <a 'java/lang/NoClassDefFoundError'{0x00000000d5f772e0}: javax/enterprise/inject/Typed> (0x00000000d5f772e0) 
thrown [s\src\hotspot\share\classfile\systemDictionary.cpp, line 301]
Event: 3.156 Thread 0x0000018aeb95f5f0 Exception <a 'java/lang/NoSuchMethodError'{0x00000000d64f6970}: 'int java.lang.invoke.DirectMethodHandle$Holder.invokeSpecialIFC(java.lang.Object, java.lang.Object, java.lang.Object, java.lang.Object)'> (0x00000000d64f6970) 
thrown [s\src\hotspot\share\interpreter\linkResolver.cpp, line 773]

ZGC Phase Switch (0 events):
No events

VM Operations (20 events):
Event: 2.631 Executing VM operation: CollectForMetadataAllocation (Metadata GC Threshold)
Event: 2.631 Executing VM operation: CollectForMetadataAllocation (Metadata GC Threshold) done
Event: 2.728 Executing VM operation: ParallelGCFailedAllocation (Allocation Failure)
Event: 2.730 Executing VM operation: ParallelGCFailedAllocation (Allocation Failure) done
Event: 2.797 Executing VM operation: HandshakeAllThreads (Deoptimize)
Event: 2.797 Executing VM operation: HandshakeAllThreads (Deoptimize) done
Event: 2.821 Executing VM operation: HandshakeAllThreads (Deoptimize)
Event: 2.821 Executing VM operation: HandshakeAllThreads (Deoptimize) done
Event: 2.868 Executing VM operation: ParallelGCFailedAllocation (Allocation Failure)
Event: 2.871 Executing VM operation: ParallelGCFailedAllocation (Allocation Failure) done
Event: 2.945 Executing VM operation: HandshakeAllThreads (Deoptimize)
Event: 2.945 Executing VM operation: HandshakeAllThreads (Deoptimize) done
Event: 3.049 Executing VM operation: ParallelGCFailedAllocation (Allocation Failure)
Event: 3.051 Executing VM operation: ParallelGCFailedAllocation (Allocation Failure) done
Event: 3.169 Executing VM operation: HandshakeAllThreads (Deoptimize)
Event: 3.169 Executing VM operation: HandshakeAllThreads (Deoptimize) done
Event: 3.204 Executing VM operation: HandshakeAllThreads (Deoptimize)
Event: 3.204 Executing VM operation: HandshakeAllThreads (Deoptimize) done
Event: 3.206 Executing VM operation: ParallelGCFailedAllocation (Allocation Failure)
Event: 3.207 Executing VM operation: ParallelGCFailedAllocation (Allocation Failure) done

Memory protections (0 events):
No events

Nmethod flushes (20 events):
Event: 2.620 Thread 0x0000018a8baa1bd0 flushing  nmethod 0x0000018a8f2fb590
Event: 2.620 Thread 0x0000018a8baa1bd0 flushing  nmethod 0x0000018a8f300290
Event: 2.620 Thread 0x0000018a8baa1bd0 flushing  nmethod 0x0000018a8f32bb90
Event: 2.620 Thread 0x0000018a8baa1bd0 flushing  nmethod 0x0000018a8f32d690
Event: 2.620 Thread 0x0000018a8baa1bd0 flushing  nmethod 0x0000018a8f32df90
Event: 2.620 Thread 0x0000018a8baa1bd0 flushing  nmethod 0x0000018a8f32f190
Event: 2.620 Thread 0x0000018a8baa1bd0 flushing  nmethod 0x0000018a8f32fd90
Event: 2.620 Thread 0x0000018a8baa1bd0 flushing  nmethod 0x0000018a8f330510
Event: 2.620 Thread 0x0000018a8baa1bd0 flushing  nmethod 0x0000018a8f331a90
Event: 2.620 Thread 0x0000018a8baa1bd0 flushing  nmethod 0x0000018a8f331f90
Event: 2.620 Thread 0x0000018a8baa1bd0 flushing  nmethod 0x0000018a8f332890
Event: 2.620 Thread 0x0000018a8baa1bd0 flushing  nmethod 0x0000018a8f333c90
Event: 2.620 Thread 0x0000018a8baa1bd0 flushing  nmethod 0x0000018a8f335710
Event: 2.620 Thread 0x0000018a8baa1bd0 flushing  nmethod 0x0000018a8f337190
Event: 2.620 Thread 0x0000018a8baa1bd0 flushing  nmethod 0x0000018a8f37e610
Event: 2.620 Thread 0x0000018a8baa1bd0 flushing  nmethod 0x0000018a8f383890
Event: 2.620 Thread 0x0000018a8baa1bd0 flushing  nmethod 0x0000018a8f3a5210
Event: 2.620 Thread 0x0000018a8baa1bd0 flushing  nmethod 0x0000018a8f43d610
Event: 2.620 Thread 0x0000018a8baa1bd0 flushing  nmethod 0x0000018a8f478390
Event: 2.620 Thread 0x0000018a8baa1bd0 flushing  nmethod 0x0000018a8f478810

Events (20 events):
Event: 2.484 Thread 0x0000018a8b9e1050 Thread added: 0x0000018aeef70aa0
Event: 2.484 Thread 0x0000018a8b9e1050 Thread added: 0x0000018aeef74c40
Event: 2.503 Thread 0x0000018a8b9e1050 Thread added: 0x0000018aeef71130
Event: 2.641 Thread 0x0000018a8b9e1050 Thread added: 0x0000018aeef77a30
Event: 2.642 Thread 0x0000018a8b9e1050 Thread added: 0x0000018aeef717c0
Event: 2.762 Thread 0x0000018aeb95f5f0 Thread added: 0x0000018aeef71e50
Event: 2.762 Thread 0x0000018aeb95f5f0 Thread added: 0x0000018aecfd2f00
Event: 2.762 Thread 0x0000018aeef71e50 Thread added: 0x0000018aecfd0e30
Event: 2.763 Thread 0x0000018aecfd2f00 Thread added: 0x0000018aecfd2870
Event: 2.763 Thread 0x0000018aecfd0e30 Thread added: 0x0000018aecfd3590
Event: 2.763 Thread 0x0000018aecfd2870 Thread added: 0x0000018aecfd14c0
Event: 2.763 Thread 0x0000018aecfd3590 Thread added: 0x0000018aecfd1b50
Event: 2.763 Thread 0x0000018aecfd3590 Thread added: 0x0000018aecfd0110
Event: 2.763 Thread 0x0000018aecfd14c0 Thread added: 0x0000018aecfd07a0
Event: 2.763 Thread 0x0000018aecfd1b50 Thread added: 0x0000018aecfd21e0
Event: 2.764 Thread 0x0000018aecfd2f00 Thread added: 0x0000018aed825740
Event: 2.764 Thread 0x0000018aecfd07a0 Thread added: 0x0000018aed821c30
Event: 2.764 Thread 0x0000018aecfd21e0 Thread added: 0x0000018aed825dd0
Event: 2.764 Thread 0x0000018aecfd0110 Thread added: 0x0000018aed826460
Event: 2.766 Thread 0x0000018aed825740 Thread added: 0x0000018aed829250


Dynamic libraries:
0x00007ff6e3460000 - 0x00007ff6e346e000 	c:\Users\OMAR INFO\.windsurf\extensions\redhat.java-1.45.0-win32-x64\jre\21.0.8-win32-x86_64\bin\java.exe
0x00007ffeec490000 - 0x00007ffeec688000 	C:\Windows\SYSTEM32\ntdll.dll
0x00007ffeea8d0000 - 0x00007ffeea992000 	C:\Windows\System32\KERNEL32.DLL
0x00007ffee9da0000 - 0x00007ffeea096000 	C:\Windows\System32\KERNELBASE.dll
0x00007ffee9b30000 - 0x00007ffee9c30000 	C:\Windows\System32\ucrtbase.dll
0x00007ffee0770000 - 0x00007ffee0788000 	c:\Users\OMAR INFO\.windsurf\extensions\redhat.java-1.45.0-win32-x64\jre\21.0.8-win32-x86_64\bin\jli.dll
0x00007ffede840000 - 0x00007ffede85e000 	c:\Users\OMAR INFO\.windsurf\extensions\redhat.java-1.45.0-win32-x64\jre\21.0.8-win32-x86_64\bin\VCRUNTIME140.dll
0x00007ffeeb4f0000 - 0x00007ffeeb68d000 	C:\Windows\System32\USER32.dll
0x00007ffee9cb0000 - 0x00007ffee9cd2000 	C:\Windows\System32\win32u.dll
0x00007ffed0400000 - 0x00007ffed069b000 	C:\Windows\WinSxS\amd64_microsoft.windows.common-controls_6595b64144ccf1df_6.0.19041.6280_none_60bc30a171f2f3f3\COMCTL32.dll
0x00007ffeec2f0000 - 0x00007ffeec31b000 	C:\Windows\System32\GDI32.dll
0x00007ffeeb250000 - 0x00007ffeeb2ee000 	C:\Windows\System32\msvcrt.dll
0x00007ffeea200000 - 0x00007ffeea319000 	C:\Windows\System32\gdi32full.dll
0x00007ffeea420000 - 0x00007ffeea4bd000 	C:\Windows\System32\msvcp_win.dll
0x00007ffeec380000 - 0x00007ffeec3af000 	C:\Windows\System32\IMM32.DLL
0x00007ffeddc10000 - 0x00007ffeddc1c000 	c:\Users\OMAR INFO\.windsurf\extensions\redhat.java-1.45.0-win32-x64\jre\21.0.8-win32-x86_64\bin\vcruntime140_1.dll
0x00007ffea3a80000 - 0x00007ffea3b0d000 	c:\Users\OMAR INFO\.windsurf\extensions\redhat.java-1.45.0-win32-x64\jre\21.0.8-win32-x86_64\bin\msvcp140.dll
0x00007ffe898c0000 - 0x00007ffe8a657000 	c:\Users\OMAR INFO\.windsurf\extensions\redhat.java-1.45.0-win32-x64\jre\21.0.8-win32-x86_64\bin\server\jvm.dll
0x00007ffeea720000 - 0x00007ffeea7d1000 	C:\Windows\System32\ADVAPI32.dll
0x00007ffeec3b0000 - 0x00007ffeec44f000 	C:\Windows\System32\sechost.dll
0x00007ffeeb370000 - 0x00007ffeeb490000 	C:\Windows\System32\RPCRT4.dll
0x00007ffee9ce0000 - 0x00007ffee9d07000 	C:\Windows\System32\bcrypt.dll
0x00007ffeeb300000 - 0x00007ffeeb36b000 	C:\Windows\System32\WS2_32.dll
0x00007ffee94b0000 - 0x00007ffee94fb000 	C:\Windows\SYSTEM32\POWRPROF.dll
0x00007ffedd940000 - 0x00007ffedd967000 	C:\Windows\SYSTEM32\WINMM.dll
0x00007ffee33f0000 - 0x00007ffee33fa000 	C:\Windows\SYSTEM32\VERSION.dll
0x00007ffee9470000 - 0x00007ffee9482000 	C:\Windows\SYSTEM32\UMPDC.dll
0x00007ffee8360000 - 0x00007ffee8372000 	C:\Windows\SYSTEM32\kernel.appcore.dll
0x00007ffeddc00000 - 0x00007ffeddc0a000 	c:\Users\OMAR INFO\.windsurf\extensions\redhat.java-1.45.0-win32-x64\jre\21.0.8-win32-x86_64\bin\jimage.dll
0x00007ffee7710000 - 0x00007ffee7911000 	C:\Windows\SYSTEM32\DBGHELP.DLL
0x00007ffecc7f0000 - 0x00007ffecc824000 	C:\Windows\SYSTEM32\dbgcore.DLL
0x00007ffee9d10000 - 0x00007ffee9d92000 	C:\Windows\System32\bcryptPrimitives.dll
0x00007ffeba590000 - 0x00007ffeba59f000 	c:\Users\OMAR INFO\.windsurf\extensions\redhat.java-1.45.0-win32-x64\jre\21.0.8-win32-x86_64\bin\instrument.dll
0x00007ffeba520000 - 0x00007ffeba53f000 	c:\Users\OMAR INFO\.windsurf\extensions\redhat.java-1.45.0-win32-x64\jre\21.0.8-win32-x86_64\bin\java.dll
0x00007ffeeb690000 - 0x00007ffeebe00000 	C:\Windows\System32\SHELL32.dll
0x00007ffee7b50000 - 0x00007ffee82f5000 	C:\Windows\SYSTEM32\windows.storage.dll
0x00007ffeebf90000 - 0x00007ffeec2e3000 	C:\Windows\System32\combase.dll
0x00007ffee9410000 - 0x00007ffee943b000 	C:\Windows\SYSTEM32\Wldp.dll
0x00007ffeea800000 - 0x00007ffeea8cd000 	C:\Windows\System32\OLEAUT32.dll
0x00007ffeeb1a0000 - 0x00007ffeeb24d000 	C:\Windows\System32\SHCORE.dll
0x00007ffeebe00000 - 0x00007ffeebe5b000 	C:\Windows\System32\shlwapi.dll
0x00007ffee9a60000 - 0x00007ffee9a84000 	C:\Windows\SYSTEM32\profapi.dll
0x00007ffeb59a0000 - 0x00007ffeb59b8000 	c:\Users\OMAR INFO\.windsurf\extensions\redhat.java-1.45.0-win32-x64\jre\21.0.8-win32-x86_64\bin\zip.dll
0x00007ffeba580000 - 0x00007ffeba590000 	C:\Users\OMAR INFO\.windsurf\extensions\redhat.java-1.45.0-win32-x64\jre\21.0.8-win32-x86_64\bin\net.dll
0x00007ffee20c0000 - 0x00007ffee21ca000 	C:\Windows\SYSTEM32\WINHTTP.dll
0x00007ffee91f0000 - 0x00007ffee925a000 	C:\Windows\system32\mswsock.dll
0x00007ffeb5650000 - 0x00007ffeb5666000 	C:\Users\OMAR INFO\.windsurf\extensions\redhat.java-1.45.0-win32-x64\jre\21.0.8-win32-x86_64\bin\nio.dll
0x00007ffee0800000 - 0x00007ffee0810000 	c:\Users\OMAR INFO\.windsurf\extensions\redhat.java-1.45.0-win32-x64\jre\21.0.8-win32-x86_64\bin\verify.dll
0x00007ffeafb30000 - 0x00007ffeafb74000 	C:\Users\OMAR INFO\AppData\Roaming\Windsurf\User\globalStorage\redhat.java\1.45.0\config_win\org.eclipse.equinox.launcher\org.eclipse.equinox.launcher.win32.win32.x86_64_1.2.1400.v20250801-0854\eclipse_11916.dll
0x00007ffeeaaa0000 - 0x00007ffeeabcb000 	C:\Windows\System32\ole32.dll
0x00007ffee9450000 - 0x00007ffee9468000 	C:\Windows\SYSTEM32\CRYPTSP.dll
0x00007ffee8ad0000 - 0x00007ffee8b08000 	C:\Windows\system32\rsaenh.dll
0x00007ffee99e0000 - 0x00007ffee9a0e000 	C:\Windows\SYSTEM32\USERENV.dll
0x00007ffee9380000 - 0x00007ffee938c000 	C:\Windows\SYSTEM32\CRYPTBASE.dll
0x00007ffee8ef0000 - 0x00007ffee8f2b000 	C:\Windows\SYSTEM32\IPHLPAPI.DLL
0x00007ffeea9a0000 - 0x00007ffeea9a8000 	C:\Windows\System32\NSI.dll
0x00007ffeb5470000 - 0x00007ffeb54b9000 	C:\Users\OMAR INFO\AppData\Local\Temp\jna--64980065\jna12119622538958924124.dll
0x00007ffeebe60000 - 0x00007ffeebe68000 	C:\Windows\System32\PSAPI.DLL
0x00007ffee2d80000 - 0x00007ffee2d97000 	C:\Windows\SYSTEM32\dhcpcsvc6.DLL
0x00007ffee2d60000 - 0x00007ffee2d7d000 	C:\Windows\SYSTEM32\dhcpcsvc.DLL

JVMTI agents:
c:\Users\OMAR INFO\.windsurf\extensions\redhat.java-1.45.0-win32-x64\lombok\lombok-1.18.39-4050.jar path:c:\Users\OMAR INFO\.windsurf\extensions\redhat.java-1.45.0-win32-x64\jre\21.0.8-win32-x86_64\bin\instrument.dll, loaded, initialized, instrumentlib options:none

dbghelp: loaded successfully - version: 4.0.5 - missing functions: none
symbol engine: initialized successfully - sym options: 0x614 - pdb path: .;c:\Users\OMAR INFO\.windsurf\extensions\redhat.java-1.45.0-win32-x64\jre\21.0.8-win32-x86_64\bin;C:\Windows\SYSTEM32;C:\Windows\WinSxS\amd64_microsoft.windows.common-controls_6595b64144ccf1df_6.0.19041.6280_none_60bc30a171f2f3f3;c:\Users\OMAR INFO\.windsurf\extensions\redhat.java-1.45.0-win32-x64\jre\21.0.8-win32-x86_64\bin\server;C:\Users\OMAR INFO\AppData\Roaming\Windsurf\User\globalStorage\redhat.java\1.45.0\config_win\org.eclipse.equinox.launcher\org.eclipse.equinox.launcher.win32.win32.x86_64_1.2.1400.v20250801-0854;C:\Users\OMAR INFO\AppData\Local\Temp\jna--64980065

VM Arguments:
jvm_args: --add-modules=ALL-SYSTEM --add-opens=java.base/java.util=ALL-UNNAMED --add-opens=java.base/java.lang=ALL-UNNAMED --add-opens=java.base/sun.nio.fs=ALL-UNNAMED -Declipse.application=org.eclipse.jdt.ls.core.id1 -Dosgi.bundles.defaultStartLevel=4 -Declipse.product=org.eclipse.jdt.ls.core.product -Djava.import.generatesMetadataFilesAtProjectRoot=false -DDetectVMInstallationsJob.disabled=true -Dfile.encoding=utf8 -XX:+UseParallelGC -XX:GCTimeRatio=4 -XX:AdaptiveSizePolicyWeight=90 -Dsun.zip.disableMemoryMapping=true -Xmx2G -Xms100m -Xlog:disable -javaagent:c:\Users\OMAR INFO\.windsurf\extensions\redhat.java-1.45.0-win32-x64\lombok\lombok-1.18.39-4050.jar -XX:+HeapDumpOnOutOfMemoryError -XX:HeapDumpPath=c:\Users\OMAR INFO\AppData\Roaming\Windsurf\User\workspaceStorage\017271f0c0c7557d9833a01acf50ccd7\redhat.java -Daether.dependencyCollector.impl=bf 
java_command: c:\Users\OMAR INFO\.windsurf\extensions\redhat.java-1.45.0-win32-x64\server\plugins\org.eclipse.equinox.launcher_1.7.0.v20250519-0528.jar -configuration c:\Users\OMAR INFO\AppData\Roaming\Windsurf\User\globalStorage\redhat.java\1.45.0\config_win -data c:\Users\OMAR INFO\AppData\Roaming\Windsurf\User\workspaceStorage\017271f0c0c7557d9833a01acf50ccd7\redhat.java\jdt_ws --pipe=\\.\pipe\lsp-b8d05c6cb415a33b5e3c95697e6e46f8-sock
java_class_path (initial): c:\Users\OMAR INFO\.windsurf\extensions\redhat.java-1.45.0-win32-x64\server\plugins\org.eclipse.equinox.launcher_1.7.0.v20250519-0528.jar
Launcher Type: SUN_STANDARD

[Global flags]
    uintx AdaptiveSizePolicyWeight                 = 90                                        {product} {command line}
     intx CICompilerCount                          = 12                                        {product} {ergonomic}
    uintx GCTimeRatio                              = 4                                         {product} {command line}
     bool HeapDumpOnOutOfMemoryError               = true                                   {manageable} {command line}
    ccstr HeapDumpPath                             = c:\Users\OMAR INFO\AppData\Roaming\Windsurf\User\workspaceStorage\017271f0c0c7557d9833a01acf50ccd7\redhat.java         {manageable} {command line}
   size_t InitialHeapSize                          = 104857600                                 {product} {command line}
   size_t MaxHeapSize                              = 2147483648                                {product} {command line}
   size_t MaxNewSize                               = 715653120                                 {product} {ergonomic}
   size_t MinHeapDeltaBytes                        = 524288                                    {product} {ergonomic}
   size_t MinHeapSize                              = 104857600                                 {product} {command line}
   size_t NewSize                                  = 34603008                                  {product} {ergonomic}
    uintx NonNMethodCodeHeapSize                   = 7602480                                {pd product} {ergonomic}
    uintx NonProfiledCodeHeapSize                  = 122027880                              {pd product} {ergonomic}
   size_t OldSize                                  = 70254592                                  {product} {ergonomic}
    uintx ProfiledCodeHeapSize                     = 122027880                              {pd product} {ergonomic}
    uintx ReservedCodeCacheSize                    = 251658240                              {pd product} {ergonomic}
     bool SegmentedCodeCache                       = true                                      {product} {ergonomic}
   size_t SoftMaxHeapSize                          = 2147483648                             {manageable} {ergonomic}
     bool UseCompressedOops                        = true                           {product lp64_product} {ergonomic}
     bool UseLargePagesIndividualAllocation        = false                                  {pd product} {ergonomic}
     bool UseParallelGC                            = true                                      {product} {command line}

Logging:
Log output configuration:
 #0: stdout all=off uptime,level,tags foldmultilines=false
 #1: stderr all=off uptime,level,tags foldmultilines=false

Environment Variables:
PATH=C:\oraclexe\app\oracle\product\10.2.0\server\bin;C:\ProgramData\Oracle\Java\javapath;C:\Program Files\Common Files\Oracle\Java\javapath;C:\Windows\system32;C:\Windows;C:\Windows\System32\Wbem;C:\Windows\System32\WindowsPowerShell\v1.0\;C:\Windows\System32\OpenSSH\;C:\Program Files\Microsoft SQL Server\150\Tools\Binn\;C:\Program Files\Microsoft SQL Server\Client SDK\ODBC\170\Tools\Binn\;C:\Program Files\dotnet\;C:\Program Files\NVIDIA Corporation\NVIDIA NvDLISR;C:\ProgramData\chocolatey\bin;C:\Program Files (x86)\Microsoft SQL Server\110\Tools\Binn\;C:\Program Files (x86)\Microsoft SQL Server\110\DTS\Binn\;C:\Program Files (x86)\Microsoft SQL Server\110\Tools\Binn\ManagementStudio\;C:\Program Files (x86)\Microsoft Visual Studio 10.0\Common7\IDE\PrivateAssemblies\;C:\Program Files (x86)\NVIDIA Corporation\PhysX\Common;C:\Program Files\nodejs\;C:\Program Files\Git LFS;C:\Program Files\Docker\Docker\resources\bin;C:\Program Files\Git\cmd;C:\Windows\system32\platform-tools;C:\Program Files\MongoDB\Server\8.0\bin;C:\Users\OMAR INFO\AppData\Local\Programs\Python\Python310;C:\Users\OMAR INFO\AppData\Local\Programs\Python\Python310\Scripts;F:\PuTTY\;C:\Users\OMAR INFO\AppData\Local\Programs\Python\Python310\Scripts\;C:\Users\OMAR INFO\AppData\Local\Programs\Python\Python310\;C:\Users\OMAR INFO\AppData\Local\Microsoft\WindowsApps;C:\Users\OMAR INFO\.dotnet\tools;C:\Program Files\JetBrains\IntelliJ IDEA 2023.2.1\bin;;C:\Users\OMAR INFO\AppData\Local\Programs\Microsoft VS Code\bin;C:\Users\OMAR INFO\AppData\Roaming\npm;C:\Users\OMAR INFO\AppData\Local\GitHubDesktop\bin;C:\xampp\php;C:\Users\OMAR INFO\composer;C:\Users\OMAR INFO\AppData\Roaming\Composer\vendor\bin;C:\Program Files (x86)\Microsoft SDKs\Windows\v10.0A\bin\NETFX 4.8 Tools;C:\Users\OMAR INFO\AppData\Local\Programs\Windsurf\bin;
USERNAME=OMAR INFO
OS=Windows_NT
PROCESSOR_IDENTIFIER=Intel64 Family 6 Model 141 Stepping 1, GenuineIntel
TMP=C:\Users\OMARIN~1\AppData\Local\Temp
TEMP=C:\Users\OMARIN~1\AppData\Local\Temp




Periodic native trim disabled

---------------  S Y S T E M  ---------------

OS:
 Windows 10 , 64 bit Build 19041 (10.0.19041.5915)
OS uptime: 7 days 1:05 hours
Hyper-V role detected

CPU: total 16 (initial active 16) (8 cores per cpu, 2 threads per core) family 6 model 141 stepping 1 microcode 0x26, cx8, cmov, fxsr, ht, mmx, 3dnowpref, sse, sse2, sse3, ssse3, sse4.1, sse4.2, popcnt, lzcnt, tsc, tscinvbit, avx, avx2, aes, erms, clmul, bmi1, bmi2, adx, avx512f, avx512dq, avx512cd, avx512bw, avx512vl, sha, fma, vzeroupper, avx512_vpopcntdq, avx512_vpclmulqdq, avx512_vaes, avx512_vnni, clflush, clflushopt, clwb, avx512_vbmi2, avx512_vbmi, hv, rdtscp, rdpid, fsrm, gfni, avx512_bitalg, f16c, cet_ibt, cet_ss, avx512_ifma
Processor Information for the first 16 processors :
  Max Mhz: 2304, Current Mhz: 2304, Mhz Limit: 2304

Memory: 4k page, system-wide physical 16085M (699M free)
TotalPageFile size 23385M (AvailPageFile size 37M)
current process WorkingSet (physical memory assigned to process): 242M, peak: 264M
current process commit charge ("private bytes"): 378M, peak: 399M

vm_info: OpenJDK 64-Bit Server VM (21.0.8+9-LTS) for windows-amd64 JRE (21.0.8+9-LTS), built on 2025-07-15T00:00:00Z by "admin" with MS VC++ 17.7 (VS2022)

END.
