#
# There is insufficient memory for the Java Runtime Environment to continue.
# Native memory allocation (malloc) failed to allocate 1048576 bytes. Error detail: AllocateHeap
# Possible reasons:
#   The system is out of physical RAM or swap space
#   This process is running with CompressedOops enabled, and the Java Heap may be blocking the growth of the native heap
# Possible solutions:
#   Reduce memory load on the system
#   Increase physical memory or swap space
#   Check if swap backing store is full
#   Decrease Java heap size (-Xmx/-Xms)
#   Decrease number of Java threads
#   Decrease Java thread stack sizes (-Xss)
#   Set larger code cache with -XX:ReservedCodeCacheSize=
#   JVM is running with Unscaled Compressed Oops mode in which the Java heap is
#     placed in the first 4GB address space. The Java Heap base address is the
#     maximum limit for the native heap growth. Please use -XX:HeapBaseMinAddress
#     to set the Java Heap base and to place the Java Heap above 4GB virtual address.
# This output file may be truncated or incomplete.
#
#  Out of Memory Error (allocation.cpp:44), pid=15860, tid=21816
#
# JRE version: OpenJDK Runtime Environment Temurin-21.0.8+9 (21.0.8+9) (build 21.0.8+9-LTS)
# Java VM: OpenJDK 64-Bit Server VM Temurin-21.0.8+9 (21.0.8+9-LTS, mixed mode, sharing, tiered, compressed oops, compressed class ptrs, parallel gc, windows-amd64)
# No core dump will be written. Minidumps are not enabled by default on client versions of Windows
#

---------------  S U M M A R Y ------------

Command Line: --add-modules=ALL-SYSTEM --add-opens=java.base/java.util=ALL-UNNAMED --add-opens=java.base/java.lang=ALL-UNNAMED --add-opens=java.base/sun.nio.fs=ALL-UNNAMED -Declipse.application=org.eclipse.jdt.ls.core.id1 -Dosgi.bundles.defaultStartLevel=4 -Declipse.product=org.eclipse.jdt.ls.core.product -Djava.import.generatesMetadataFilesAtProjectRoot=false -DDetectVMInstallationsJob.disabled=true -Dfile.encoding=utf8 -XX:+UseParallelGC -XX:GCTimeRatio=4 -XX:AdaptiveSizePolicyWeight=90 -Dsun.zip.disableMemoryMapping=true -Xmx2G -Xms100m -Xlog:disable -javaagent:c:\Users\OMAR INFO\.windsurf\extensions\redhat.java-1.45.0-win32-x64\lombok\lombok-1.18.39-4050.jar -XX:+HeapDumpOnOutOfMemoryError -XX:HeapDumpPath=c:\Users\OMAR INFO\AppData\Roaming\Windsurf\User\workspaceStorage\017271f0c0c7557d9833a01acf50ccd7\redhat.java -Daether.dependencyCollector.impl=bf c:\Users\OMAR INFO\.windsurf\extensions\redhat.java-1.45.0-win32-x64\server\plugins\org.eclipse.equinox.launcher_1.7.0.v20250519-0528.jar -configuration c:\Users\OMAR INFO\AppData\Roaming\Windsurf\User\globalStorage\redhat.java\1.45.0\config_win -data c:\Users\OMAR INFO\AppData\Roaming\Windsurf\User\workspaceStorage\017271f0c0c7557d9833a01acf50ccd7\redhat.java\jdt_ws --pipe=\\.\pipe\lsp-eb19c727dbd898f202647782a278a0c0-sock

Host: 11th Gen Intel(R) Core(TM) i7-11800H @ 2.30GHz, 16 cores, 15G,  Windows 10 , 64 bit Build 19041 (10.0.19041.5915)
Time: Wed Sep 10 13:51:03 2025 Paris, Madrid elapsed time: 2593.670679 seconds (0d 0h 43m 13s)

---------------  T H R E A D  ---------------

Current thread (0x00000249ae4276b0):  JavaThread "Attach Listener" daemon [_thread_in_vm, id=21816, stack(0x000000d257400000,0x000000d257500000) (1024K)]

Stack: [0x000000d257400000,0x000000d257500000]
Native frames: (J=compiled Java code, j=interpreted, Vv=VM code, C=native code)
V  [jvm.dll+0x6d2449]
V  [jvm.dll+0x8ae341]
V  [jvm.dll+0x8b08be]
V  [jvm.dll+0x8b0fa3]
V  [jvm.dll+0x280c96]
V  [jvm.dll+0xc0347]
V  [jvm.dll+0x6d2cf9]
V  [jvm.dll+0x131116]
V  [jvm.dll+0x3f2d16]
V  [jvm.dll+0x857e6b]
V  [jvm.dll+0x6d0b0d]
C  [ucrtbase.dll+0x21bb2]
C  [KERNEL32.DLL+0x17374]
C  [ntdll.dll+0x4cc91]


---------------  P R O C E S S  ---------------

Threads class SMR info:
_java_thread_list=0x0000024a129aa720, length=43, elements={
0x00000249ae4718d0, 0x00000249ae421310, 0x00000249ae424c20, 0x00000249ae4267a0,
0x00000249ae4276b0, 0x00000249ae429470, 0x0000024a074b7f90, 0x00000249ae42bed0,
0x0000024a074d2be0, 0x0000024a07591c10, 0x0000024a0d055700, 0x0000024a0dc460c0,
0x0000024a0dac9910, 0x0000024a0d96aa50, 0x0000024a0daf5180, 0x0000024a0e1256e0,
0x0000024a0dfba030, 0x0000024a0df85f40, 0x0000024a0df83e70, 0x0000024a0df865d0,
0x0000024a0df84500, 0x0000024a0df86c60, 0x0000024a0df872f0, 0x0000024a10208660,
0x0000024a102016d0, 0x0000024a10203110, 0x0000024a102044c0, 0x0000024a10207fd0,
0x0000024a10201d60, 0x0000024a102051e0, 0x0000024a10204b50, 0x0000024a10208cf0,
0x0000024a10205f00, 0x0000024a10205870, 0x0000024a10203e30, 0x0000024a10202a80,
0x0000024a10206590, 0x0000024a10206c20, 0x0000024a102023f0, 0x0000024a102037a0,
0x0000024a10207940, 0x0000024a0fbaf5c0, 0x0000024a108cf110
}

Java Threads: ( => current thread )
  0x00000249ae4718d0 JavaThread "main"                              [_thread_blocked, id=21540, stack(0x000000d256d00000,0x000000d256e00000) (1024K)]
  0x00000249ae421310 JavaThread "Reference Handler"          daemon [_thread_blocked, id=12052, stack(0x000000d257100000,0x000000d257200000) (1024K)]
  0x00000249ae424c20 JavaThread "Finalizer"                  daemon [_thread_blocked, id=19760, stack(0x000000d257200000,0x000000d257300000) (1024K)]
  0x00000249ae4267a0 JavaThread "Signal Dispatcher"          daemon [_thread_blocked, id=20764, stack(0x000000d257300000,0x000000d257400000) (1024K)]
=>0x00000249ae4276b0 JavaThread "Attach Listener"            daemon [_thread_in_vm, id=21816, stack(0x000000d257400000,0x000000d257500000) (1024K)]
  0x00000249ae429470 JavaThread "Service Thread"             daemon [_thread_blocked, id=23132, stack(0x000000d257500000,0x000000d257600000) (1024K)]
  0x0000024a074b7f90 JavaThread "Monitor Deflation Thread"   daemon [_thread_blocked, id=6880, stack(0x000000d257600000,0x000000d257700000) (1024K)]
  0x00000249ae42bed0 JavaThread "C2 CompilerThread0"         daemon [_thread_blocked, id=19728, stack(0x000000d257700000,0x000000d257800000) (1024K)]
  0x0000024a074d2be0 JavaThread "C1 CompilerThread0"         daemon [_thread_blocked, id=20524, stack(0x000000d257800000,0x000000d257900000) (1024K)]
  0x0000024a07591c10 JavaThread "Common-Cleaner"             daemon [_thread_blocked, id=13528, stack(0x000000d257900000,0x000000d257a00000) (1024K)]
  0x0000024a0d055700 JavaThread "Notification Thread"        daemon [_thread_blocked, id=17140, stack(0x000000d257e00000,0x000000d257f00000) (1024K)]
  0x0000024a0dc460c0 JavaThread "Active Thread: Equinox Container: 6e39a33d-82d9-4b9f-8d2e-69c7b8ad96f7"        [_thread_blocked, id=23444, stack(0x000000d258700000,0x000000d258800000) (1024K)]
  0x0000024a0dac9910 JavaThread "Refresh Thread: Equinox Container: 6e39a33d-82d9-4b9f-8d2e-69c7b8ad96f7" daemon [_thread_blocked, id=12936, stack(0x000000d258900000,0x000000d258a00000) (1024K)]
  0x0000024a0d96aa50 JavaThread "Framework Event Dispatcher: Equinox Container: 6e39a33d-82d9-4b9f-8d2e-69c7b8ad96f7" daemon [_thread_blocked, id=6844, stack(0x000000d258a00000,0x000000d258b00000) (1024K)]
  0x0000024a0daf5180 JavaThread "Start Level: Equinox Container: 6e39a33d-82d9-4b9f-8d2e-69c7b8ad96f7" daemon [_thread_blocked, id=2876, stack(0x000000d258b00000,0x000000d258c00000) (1024K)]
  0x0000024a0e1256e0 JavaThread "Bundle File Closer"         daemon [_thread_blocked, id=15796, stack(0x000000d258f00000,0x000000d259000000) (1024K)]
  0x0000024a0dfba030 JavaThread "SCR Component Actor"        daemon [_thread_blocked, id=19452, stack(0x000000d259000000,0x000000d259100000) (1024K)]
  0x0000024a0df85f40 JavaThread "Worker-JM"                         [_thread_blocked, id=22632, stack(0x000000d259100000,0x000000d259200000) (1024K)]
  0x0000024a0df83e70 JavaThread "JNA Cleaner"                daemon [_thread_blocked, id=21656, stack(0x000000d259300000,0x000000d259400000) (1024K)]
  0x0000024a0df865d0 JavaThread "Worker-1"                          [_thread_blocked, id=7632, stack(0x000000d259500000,0x000000d259600000) (1024K)]
  0x0000024a0df84500 JavaThread "Java indexing"              daemon [_thread_blocked, id=12796, stack(0x000000d259700000,0x000000d259800000) (1024K)]
  0x0000024a0df86c60 JavaThread "Worker-2"                          [_thread_blocked, id=11016, stack(0x000000d259a00000,0x000000d259b00000) (1024K)]
  0x0000024a0df872f0 JavaThread "Thread-2"                   daemon [_thread_in_native, id=1460, stack(0x000000d259e00000,0x000000d259f00000) (1024K)]
  0x0000024a10208660 JavaThread "Thread-3"                   daemon [_thread_in_native, id=10944, stack(0x000000d259f00000,0x000000d25a000000) (1024K)]
  0x0000024a102016d0 JavaThread "Thread-4"                   daemon [_thread_in_native, id=20104, stack(0x000000d25a000000,0x000000d25a100000) (1024K)]
  0x0000024a10203110 JavaThread "Thread-5"                   daemon [_thread_in_native, id=12028, stack(0x000000d25a100000,0x000000d25a200000) (1024K)]
  0x0000024a102044c0 JavaThread "Thread-6"                   daemon [_thread_in_native, id=2420, stack(0x000000d25a200000,0x000000d25a300000) (1024K)]
  0x0000024a10207fd0 JavaThread "Thread-7"                   daemon [_thread_in_native, id=21148, stack(0x000000d25a300000,0x000000d25a400000) (1024K)]
  0x0000024a10201d60 JavaThread "Thread-8"                   daemon [_thread_in_native, id=2928, stack(0x000000d25a400000,0x000000d25a500000) (1024K)]
  0x0000024a102051e0 JavaThread "Thread-9"                   daemon [_thread_in_native, id=23408, stack(0x000000d25a500000,0x000000d25a600000) (1024K)]
  0x0000024a10204b50 JavaThread "Thread-10"                  daemon [_thread_in_native, id=23488, stack(0x000000d25a600000,0x000000d25a700000) (1024K)]
  0x0000024a10208cf0 JavaThread "Thread-11"                  daemon [_thread_in_native, id=19228, stack(0x000000d25a700000,0x000000d25a800000) (1024K)]
  0x0000024a10205f00 JavaThread "Thread-12"                  daemon [_thread_in_native, id=7236, stack(0x000000d25a800000,0x000000d25a900000) (1024K)]
  0x0000024a10205870 JavaThread "Thread-13"                  daemon [_thread_in_native, id=10232, stack(0x000000d25a900000,0x000000d25aa00000) (1024K)]
  0x0000024a10203e30 JavaThread "Thread-14"                  daemon [_thread_in_native, id=5592, stack(0x000000d25aa00000,0x000000d25ab00000) (1024K)]
  0x0000024a10202a80 JavaThread "Thread-15"                  daemon [_thread_in_native, id=21492, stack(0x000000d25ab00000,0x000000d25ac00000) (1024K)]
  0x0000024a10206590 JavaThread "Thread-16"                  daemon [_thread_in_native, id=20068, stack(0x000000d25ac00000,0x000000d25ad00000) (1024K)]
  0x0000024a10206c20 JavaThread "Thread-17"                  daemon [_thread_in_native, id=22644, stack(0x000000d25ad00000,0x000000d25ae00000) (1024K)]
  0x0000024a102023f0 JavaThread "Thread-18"                  daemon [_thread_in_native, id=19612, stack(0x000000d25ae00000,0x000000d25af00000) (1024K)]
  0x0000024a102037a0 JavaThread "pool-2-thread-1"                   [_thread_blocked, id=8000, stack(0x000000d25af00000,0x000000d25b000000) (1024K)]
  0x0000024a10207940 JavaThread "WorkspaceEventsHandler"            [_thread_blocked, id=9736, stack(0x000000d25b400000,0x000000d25b500000) (1024K)]
  0x0000024a0fbaf5c0 JavaThread "pool-1-thread-1"                   [_thread_blocked, id=22700, stack(0x000000d25b500000,0x000000d25b600000) (1024K)]
  0x0000024a108cf110 JavaThread "Cleaner-0"                  daemon [_thread_blocked, id=14616, stack(0x000000d25c200000,0x000000d25c300000) (1024K)]
Total: 43

Other Threads:
  0x00000249ae414b80 VMThread "VM Thread"                           [id=10600, stack(0x000000d257000000,0x000000d257100000) (1024K)]
  0x00000249ae30c950 WatcherThread "VM Periodic Task Thread"        [id=6740, stack(0x000000d256f00000,0x000000d257000000) (1024K)]
  0x00000249ae48ebd0 WorkerThread "GC Thread#0"                     [id=22000, stack(0x000000d256e00000,0x000000d256f00000) (1024K)]
  0x0000024a0d08cf50 WorkerThread "GC Thread#1"                     [id=21696, stack(0x000000d258000000,0x000000d258100000) (1024K)]
  0x0000024a0d6af220 WorkerThread "GC Thread#2"                     [id=12204, stack(0x000000d258100000,0x000000d258200000) (1024K)]
  0x0000024a0d6af5c0 WorkerThread "GC Thread#3"                     [id=12048, stack(0x000000d258200000,0x000000d258300000) (1024K)]
  0x0000024a0d6d1d40 WorkerThread "GC Thread#4"                     [id=21612, stack(0x000000d258300000,0x000000d258400000) (1024K)]
  0x0000024a0d6d20e0 WorkerThread "GC Thread#5"                     [id=7752, stack(0x000000d258400000,0x000000d258500000) (1024K)]
  0x0000024a0d6d2480 WorkerThread "GC Thread#6"                     [id=1972, stack(0x000000d258500000,0x000000d258600000) (1024K)]
  0x0000024a0da9ee10 WorkerThread "GC Thread#7"                     [id=23288, stack(0x000000d258800000,0x000000d258900000) (1024K)]
  0x0000024a0df77240 WorkerThread "GC Thread#8"                     [id=18148, stack(0x000000d258c00000,0x000000d258d00000) (1024K)]
  0x0000024a0dd5b5f0 WorkerThread "GC Thread#9"                     [id=9668, stack(0x000000d258d00000,0x000000d258e00000) (1024K)]
  0x0000024a0dd5b250 WorkerThread "GC Thread#10"                    [id=8348, stack(0x000000d258e00000,0x000000d258f00000) (1024K)]
  0x0000024a0dd5a030 WorkerThread "GC Thread#11"                    [id=23188, stack(0x000000d257f00000,0x000000d258000000) (1024K)]
  0x0000024a0dd5a770 WorkerThread "GC Thread#12"                    [id=11792, stack(0x000000d259200000,0x000000d259300000) (1024K)]
Total: 15

Threads with active compile tasks:
Total: 0

VM state: not at safepoint (normal execution)

VM Mutex/Monitor currently owned by a thread: None

Heap address: 0x0000000080000000, size: 2048 MB, Compressed Oops mode: 32-bit

CDS archive(s) mapped at: [0x00000249c5000000-0x00000249c5ba0000-0x00000249c5ba0000), size 12189696, SharedBaseAddress: 0x00000249c5000000, ArchiveRelocationMode: 1.
Compressed class space mapped at: 0x00000249c6000000-0x0000024a06000000, reserved size: 1073741824
Narrow klass base: 0x00000249c5000000, Narrow klass shift: 0, Narrow klass range: 0x100000000

GC Precious Log:
 CardTable entry size: 512
 CPUs: 16 total, 16 available
 Memory: 16085M
 Large Page Support: Disabled
 NUMA Support: Disabled
 Compressed Oops: Enabled (32-bit)
 Alignments: Space 512K, Generation 512K, Heap 2M
 Heap Min Capacity: 100M
 Heap Initial Capacity: 100M
 Heap Max Capacity: 2G
 Pre-touch: Disabled
 Parallel Workers: 13

Heap:
 PSYoungGen      total 17408K, used 13813K [0x00000000d5580000, 0x00000000d7280000, 0x0000000100000000)
  eden space 14336K, 77% used [0x00000000d5580000,0x00000000d605b220,0x00000000d6380000)
  from space 3072K, 87% used [0x00000000d6f80000,0x00000000d7222338,0x00000000d7280000)
  to   space 5632K, 0% used [0x00000000d6780000,0x00000000d6780000,0x00000000d6d00000)
 ParOldGen       total 174592K, used 174360K [0x0000000080000000, 0x000000008aa80000, 0x00000000d5580000)
  object space 174592K, 99% used [0x0000000080000000,0x000000008aa46040,0x000000008aa80000)
 Metaspace       used 71377K, committed 72896K, reserved 1114112K
  class space    used 7254K, committed 7936K, reserved 1048576K

Card table byte_map: [0x00000249ade20000,0x00000249ae230000] _byte_map_base: 0x00000249ada20000

Marking Bits: (ParMarkBitMap*) 0x00007ffcc5dfa340
 Begin Bits: [0x00000249c0920000, 0x00000249c2920000)
 End Bits:   [0x00000249c2920000, 0x00000249c4920000)

Polling page: 0x00000249ac2e0000

Metaspace:

Usage:
  Non-class:     62.62 MB used.
      Class:      7.08 MB used.
       Both:     69.70 MB used.

Virtual space:
  Non-class space:       64.00 MB reserved,      63.44 MB (>99%) committed,  1 nodes.
      Class space:        1.00 GB reserved,       7.75 MB ( <1%) committed,  1 nodes.
             Both:        1.06 GB reserved,      71.19 MB (  7%) committed. 

Chunk freelists:
   Non-Class:  336.00 KB
       Class:  8.06 MB
        Both:  8.39 MB

MaxMetaspaceSize: unlimited
CompressedClassSpaceSize: 1.00 GB
Initial GC threshold: 21.00 MB
Current GC threshold: 97.31 MB
CDS: on
 - commit_granule_bytes: 65536.
 - commit_granule_words: 8192.
 - virtual_space_node_default_size: 8388608.
 - enlarge_chunks_in_place: 1.
 - use_allocation_guard: 0.


Internal statistics:

num_allocs_failed_limit: 9.
num_arena_births: 1310.
num_arena_deaths: 14.
num_vsnodes_births: 2.
num_vsnodes_deaths: 0.
num_space_committed: 1139.
num_space_uncommitted: 0.
num_chunks_returned_to_freelist: 23.
num_chunks_taken_from_freelist: 4760.
num_chunk_merges: 10.
num_chunk_splits: 2895.
num_chunks_enlarged: 1614.
num_inconsistent_stats: 0.

CodeHeap 'non-profiled nmethods': size=119168Kb used=14555Kb max_used=14555Kb free=104613Kb
 bounds [0x00000249b9210000, 0x00000249ba050000, 0x00000249c0670000]
CodeHeap 'profiled nmethods': size=119104Kb used=36599Kb max_used=36599Kb free=82504Kb
 bounds [0x00000249b1670000, 0x00000249b3a30000, 0x00000249b8ac0000]
CodeHeap 'non-nmethods': size=7488Kb used=1469Kb max_used=3357Kb free=6018Kb
 bounds [0x00000249b8ac0000, 0x00000249b8e20000, 0x00000249b9210000]
CodeCache: size=245760Kb, used=52623Kb, max_used=54511Kb, free=193135Kb
 total_blobs=15473, nmethods=14698, adapters=680, full_count=0
Compilation: enabled, stopped_count=0, restarted_count=0

Compilation events (20 events):
Event: 1885.747 Thread 0x0000024a074d2be0 15524   !   3       java.util.concurrent.ScheduledThreadPoolExecutor$DelayedWorkQueue::take (203 bytes)
Event: 1885.748 Thread 0x0000024a074d2be0 nmethod 15524 0x00000249b3a20c90 code [0x00000249b3a21060, 0x00000249b3a22900]
Event: 1885.748 Thread 0x0000024a074d2be0 15519       3       java.util.concurrent.ScheduledThreadPoolExecutor$DelayedWorkQueue::add (9 bytes)
Event: 1885.748 Thread 0x0000024a074d2be0 nmethod 15519 0x00000249b3a23410 code [0x00000249b3a235e0, 0x00000249b3a238b8]
Event: 1885.748 Thread 0x0000024a074d2be0 15520       3       java.util.concurrent.ScheduledThreadPoolExecutor$DelayedWorkQueue::add (6 bytes)
Event: 1885.748 Thread 0x0000024a074d2be0 nmethod 15520 0x00000249b3a23990 code [0x00000249b3a23b40, 0x00000249b3a23c98]
Event: 1885.748 Thread 0x0000024a074d2be0 15521   !   3       java.util.concurrent.ScheduledThreadPoolExecutor$DelayedWorkQueue::offer (123 bytes)
Event: 1885.748 Thread 0x0000024a074d2be0 nmethod 15521 0x00000249b3a23d90 code [0x00000249b3a240a0, 0x00000249b3a25440]
Event: 1885.748 Thread 0x0000024a074d2be0 15522       3       java.util.concurrent.ThreadPoolExecutor::ensurePrestart (41 bytes)
Event: 1885.748 Thread 0x0000024a074d2be0 nmethod 15522 0x00000249b3a25c90 code [0x00000249b3a25e60, 0x00000249b3a26110]
Event: 1885.748 Thread 0x0000024a074d2be0 15523       3       java.util.concurrent.ScheduledThreadPoolExecutor$DelayedWorkQueue::take (5 bytes)
Event: 1885.748 Thread 0x0000024a074d2be0 nmethod 15523 0x00000249b3a26210 code [0x00000249b3a263c0, 0x00000249b3a26518]
Event: 1895.751 Thread 0x0000024a074d2be0 15525       3       java.util.concurrent.ScheduledThreadPoolExecutor$ScheduledFutureTask::run (57 bytes)
Event: 1895.751 Thread 0x0000024a074d2be0 nmethod 15525 0x00000249b3a26610 code [0x00000249b3a26840, 0x00000249b3a26cd0]
Event: 2071.792 Thread 0x0000024a074d2be0 15526       1       org.eclipse.osgi.internal.framework.EquinoxContainer::getStorage (5 bytes)
Event: 2071.792 Thread 0x0000024a074d2be0 nmethod 15526 0x00000249ba046910 code [0x00000249ba046aa0, 0x00000249ba046b68]
Event: 2566.269 Thread 0x0000024a074d2be0 15527       3       org.eclipse.jdt.ls.core.internal.ParentProcessWatcher::run (83 bytes)
Event: 2566.269 Thread 0x0000024a074d2be0 nmethod 15527 0x00000249b3a26e90 code [0x00000249b3a27120, 0x00000249b3a27b08]
Event: 2566.269 Thread 0x0000024a074d2be0 15528   !   3       org.eclipse.jdt.ls.core.internal.ParentProcessWatcher::parentProcessStillRunning (492 bytes)
Event: 2566.271 Thread 0x0000024a074d2be0 nmethod 15528 0x00000249b3a27e90 code [0x00000249b3a287a0, 0x00000249b3a2c520]

GC Heap History (20 events):
Event: 110.608 GC heap before
{Heap before GC invocations=168 (full 3):
 PSYoungGen      total 15360K, used 15234K [0x00000000d5580000, 0x00000000d6580000, 0x0000000100000000)
  eden space 14336K, 100% used [0x00000000d5580000,0x00000000d6380000,0x00000000d6380000)
  from space 1024K, 87% used [0x00000000d6480000,0x00000000d6560908,0x00000000d6580000)
  to   space 1024K, 0% used [0x00000000d6380000,0x00000000d6380000,0x00000000d6480000)
 ParOldGen       total 118272K, used 117785K [0x0000000080000000, 0x0000000087380000, 0x00000000d5580000)
  object space 118272K, 99% used [0x0000000080000000,0x0000000087306458,0x0000000087380000)
 Metaspace       used 70448K, committed 72064K, reserved 1114112K
  class space    used 7155K, committed 7872K, reserved 1048576K
}
Event: 110.610 GC heap after
{Heap after GC invocations=168 (full 3):
 PSYoungGen      total 15360K, used 1018K [0x00000000d5580000, 0x00000000d7080000, 0x0000000100000000)
  eden space 14336K, 0% used [0x00000000d5580000,0x00000000d5580000,0x00000000d6380000)
  from space 1024K, 99% used [0x00000000d6380000,0x00000000d647ebc8,0x00000000d6480000)
  to   space 6656K, 0% used [0x00000000d6a00000,0x00000000d6a00000,0x00000000d7080000)
 ParOldGen       total 122368K, used 122283K [0x0000000080000000, 0x0000000087780000, 0x00000000d5580000)
  object space 122368K, 99% used [0x0000000080000000,0x000000008776af80,0x0000000087780000)
 Metaspace       used 70448K, committed 72064K, reserved 1114112K
  class space    used 7155K, committed 7872K, reserved 1048576K
}
Event: 110.680 GC heap before
{Heap before GC invocations=169 (full 3):
 PSYoungGen      total 15360K, used 15354K [0x00000000d5580000, 0x00000000d7080000, 0x0000000100000000)
  eden space 14336K, 100% used [0x00000000d5580000,0x00000000d6380000,0x00000000d6380000)
  from space 1024K, 99% used [0x00000000d6380000,0x00000000d647ebc8,0x00000000d6480000)
  to   space 6656K, 0% used [0x00000000d6a00000,0x00000000d6a00000,0x00000000d7080000)
 ParOldGen       total 122368K, used 122283K [0x0000000080000000, 0x0000000087780000, 0x00000000d5580000)
  object space 122368K, 99% used [0x0000000080000000,0x000000008776af80,0x0000000087780000)
 Metaspace       used 70573K, committed 72128K, reserved 1114112K
  class space    used 7183K, committed 7872K, reserved 1048576K
}
Event: 110.683 GC heap after
{Heap after GC invocations=169 (full 3):
 PSYoungGen      total 20992K, used 5952K [0x00000000d5580000, 0x00000000d7080000, 0x0000000100000000)
  eden space 14336K, 0% used [0x00000000d5580000,0x00000000d5580000,0x00000000d6380000)
  from space 6656K, 89% used [0x00000000d6a00000,0x00000000d6fd0000,0x00000000d7080000)
  to   space 6656K, 0% used [0x00000000d6380000,0x00000000d6380000,0x00000000d6a00000)
 ParOldGen       total 122880K, used 122403K [0x0000000080000000, 0x0000000087800000, 0x00000000d5580000)
  object space 122880K, 99% used [0x0000000080000000,0x0000000087788f80,0x0000000087800000)
 Metaspace       used 70573K, committed 72128K, reserved 1114112K
  class space    used 7183K, committed 7872K, reserved 1048576K
}
Event: 110.717 GC heap before
{Heap before GC invocations=170 (full 3):
 PSYoungGen      total 20992K, used 20288K [0x00000000d5580000, 0x00000000d7080000, 0x0000000100000000)
  eden space 14336K, 100% used [0x00000000d5580000,0x00000000d6380000,0x00000000d6380000)
  from space 6656K, 89% used [0x00000000d6a00000,0x00000000d6fd0000,0x00000000d7080000)
  to   space 6656K, 0% used [0x00000000d6380000,0x00000000d6380000,0x00000000d6a00000)
 ParOldGen       total 122880K, used 122403K [0x0000000080000000, 0x0000000087800000, 0x00000000d5580000)
  object space 122880K, 99% used [0x0000000080000000,0x0000000087788f80,0x0000000087800000)
 Metaspace       used 70598K, committed 72192K, reserved 1114112K
  class space    used 7183K, committed 7872K, reserved 1048576K
}
Event: 110.723 GC heap after
{Heap after GC invocations=170 (full 3):
 PSYoungGen      total 20992K, used 6641K [0x00000000d5580000, 0x00000000d8880000, 0x0000000100000000)
  eden space 14336K, 0% used [0x00000000d5580000,0x00000000d5580000,0x00000000d6380000)
  from space 6656K, 99% used [0x00000000d6380000,0x00000000d69fc458,0x00000000d6a00000)
  to   space 18944K, 0% used [0x00000000d7600000,0x00000000d7600000,0x00000000d8880000)
 ParOldGen       total 133120K, used 132736K [0x0000000080000000, 0x0000000088200000, 0x00000000d5580000)
  object space 133120K, 99% used [0x0000000080000000,0x00000000881a0260,0x0000000088200000)
 Metaspace       used 70598K, committed 72192K, reserved 1114112K
  class space    used 7183K, committed 7872K, reserved 1048576K
}
Event: 114.220 GC heap before
{Heap before GC invocations=171 (full 3):
 PSYoungGen      total 20992K, used 20972K [0x00000000d5580000, 0x00000000d8880000, 0x0000000100000000)
  eden space 14336K, 99% used [0x00000000d5580000,0x00000000d637ee28,0x00000000d6380000)
  from space 6656K, 99% used [0x00000000d6380000,0x00000000d69fc458,0x00000000d6a00000)
  to   space 18944K, 0% used [0x00000000d7600000,0x00000000d7600000,0x00000000d8880000)
 ParOldGen       total 133120K, used 132736K [0x0000000080000000, 0x0000000088200000, 0x00000000d5580000)
  object space 133120K, 99% used [0x0000000080000000,0x00000000881a0260,0x0000000088200000)
 Metaspace       used 70701K, committed 72320K, reserved 1114112K
  class space    used 7192K, committed 7936K, reserved 1048576K
}
Event: 114.222 GC heap after
{Heap after GC invocations=171 (full 3):
 PSYoungGen      total 17920K, used 3165K [0x00000000d5580000, 0x00000000d7980000, 0x0000000100000000)
  eden space 14336K, 0% used [0x00000000d5580000,0x00000000d5580000,0x00000000d6380000)
  from space 3584K, 88% used [0x00000000d7600000,0x00000000d7917730,0x00000000d7980000)
  to   space 8192K, 0% used [0x00000000d6980000,0x00000000d6980000,0x00000000d7180000)
 ParOldGen       total 137728K, used 137589K [0x0000000080000000, 0x0000000088680000, 0x00000000d5580000)
  object space 137728K, 99% used [0x0000000080000000,0x000000008865d618,0x0000000088680000)
 Metaspace       used 70701K, committed 72320K, reserved 1114112K
  class space    used 7192K, committed 7936K, reserved 1048576K
}
Event: 114.254 GC heap before
{Heap before GC invocations=172 (full 3):
 PSYoungGen      total 17920K, used 17501K [0x00000000d5580000, 0x00000000d7980000, 0x0000000100000000)
  eden space 14336K, 100% used [0x00000000d5580000,0x00000000d6380000,0x00000000d6380000)
  from space 3584K, 88% used [0x00000000d7600000,0x00000000d7917730,0x00000000d7980000)
  to   space 8192K, 0% used [0x00000000d6980000,0x00000000d6980000,0x00000000d7180000)
 ParOldGen       total 137728K, used 137589K [0x0000000080000000, 0x0000000088680000, 0x00000000d5580000)
  object space 137728K, 99% used [0x0000000080000000,0x000000008865d618,0x0000000088680000)
 Metaspace       used 70715K, committed 72320K, reserved 1114112K
  class space    used 7193K, committed 7936K, reserved 1048576K
}
Event: 114.258 GC heap after
{Heap after GC invocations=172 (full 3):
 PSYoungGen      total 22528K, used 8182K [0x00000000d5580000, 0x00000000d8780000, 0x0000000100000000)
  eden space 14336K, 0% used [0x00000000d5580000,0x00000000d5580000,0x00000000d6380000)
  from space 8192K, 99% used [0x00000000d6980000,0x00000000d717d828,0x00000000d7180000)
  to   space 18432K, 0% used [0x00000000d7580000,0x00000000d7580000,0x00000000d8780000)
 ParOldGen       total 145408K, used 145164K [0x0000000080000000, 0x0000000088e00000, 0x00000000d5580000)
  object space 145408K, 99% used [0x0000000080000000,0x0000000088dc3150,0x0000000088e00000)
 Metaspace       used 70715K, committed 72320K, reserved 1114112K
  class space    used 7193K, committed 7936K, reserved 1048576K
}
Event: 114.294 GC heap before
{Heap before GC invocations=173 (full 3):
 PSYoungGen      total 22528K, used 22518K [0x00000000d5580000, 0x00000000d8780000, 0x0000000100000000)
  eden space 14336K, 100% used [0x00000000d5580000,0x00000000d6380000,0x00000000d6380000)
  from space 8192K, 99% used [0x00000000d6980000,0x00000000d717d828,0x00000000d7180000)
  to   space 18432K, 0% used [0x00000000d7580000,0x00000000d7580000,0x00000000d8780000)
 ParOldGen       total 145408K, used 145164K [0x0000000080000000, 0x0000000088e00000, 0x00000000d5580000)
  object space 145408K, 99% used [0x0000000080000000,0x0000000088dc3150,0x0000000088e00000)
 Metaspace       used 70998K, committed 72576K, reserved 1114112K
  class space    used 7222K, committed 7936K, reserved 1048576K
}
Event: 114.300 GC heap after
{Heap after GC invocations=173 (full 3):
 PSYoungGen      total 24064K, used 9306K [0x00000000d5580000, 0x00000000d7f00000, 0x0000000100000000)
  eden space 14336K, 0% used [0x00000000d5580000,0x00000000d5580000,0x00000000d6380000)
  from space 9728K, 95% used [0x00000000d7580000,0x00000000d7e96ac8,0x00000000d7f00000)
  to   space 11776K, 0% used [0x00000000d6800000,0x00000000d6800000,0x00000000d7380000)
 ParOldGen       total 153600K, used 153264K [0x0000000080000000, 0x0000000089600000, 0x00000000d5580000)
  object space 153600K, 99% used [0x0000000080000000,0x00000000895ac088,0x0000000089600000)
 Metaspace       used 70998K, committed 72576K, reserved 1114112K
  class space    used 7222K, committed 7936K, reserved 1048576K
}
Event: 114.380 GC heap before
{Heap before GC invocations=174 (full 3):
 PSYoungGen      total 24064K, used 23642K [0x00000000d5580000, 0x00000000d7f00000, 0x0000000100000000)
  eden space 14336K, 100% used [0x00000000d5580000,0x00000000d6380000,0x00000000d6380000)
  from space 9728K, 95% used [0x00000000d7580000,0x00000000d7e96ac8,0x00000000d7f00000)
  to   space 11776K, 0% used [0x00000000d6800000,0x00000000d6800000,0x00000000d7380000)
 ParOldGen       total 153600K, used 153264K [0x0000000080000000, 0x0000000089600000, 0x00000000d5580000)
  object space 153600K, 99% used [0x0000000080000000,0x00000000895ac088,0x0000000089600000)
 Metaspace       used 71183K, committed 72768K, reserved 1114112K
  class space    used 7239K, committed 7936K, reserved 1048576K
}
Event: 114.385 GC heap after
{Heap after GC invocations=174 (full 3):
 PSYoungGen      total 22528K, used 8148K [0x00000000d5580000, 0x00000000d7600000, 0x0000000100000000)
  eden space 14336K, 0% used [0x00000000d5580000,0x00000000d5580000,0x00000000d6380000)
  from space 8192K, 99% used [0x00000000d6800000,0x00000000d6ff5138,0x00000000d7000000)
  to   space 6144K, 0% used [0x00000000d7000000,0x00000000d7000000,0x00000000d7600000)
 ParOldGen       total 156160K, used 155946K [0x0000000080000000, 0x0000000089880000, 0x00000000d5580000)
  object space 156160K, 99% used [0x0000000080000000,0x000000008984aba8,0x0000000089880000)
 Metaspace       used 71183K, committed 72768K, reserved 1114112K
  class space    used 7239K, committed 7936K, reserved 1048576K
}
Event: 114.435 GC heap before
{Heap before GC invocations=175 (full 3):
 PSYoungGen      total 22528K, used 22484K [0x00000000d5580000, 0x00000000d7600000, 0x0000000100000000)
  eden space 14336K, 100% used [0x00000000d5580000,0x00000000d6380000,0x00000000d6380000)
  from space 8192K, 99% used [0x00000000d6800000,0x00000000d6ff5138,0x00000000d7000000)
  to   space 6144K, 0% used [0x00000000d7000000,0x00000000d7000000,0x00000000d7600000)
 ParOldGen       total 156160K, used 155946K [0x0000000080000000, 0x0000000089880000, 0x00000000d5580000)
  object space 156160K, 99% used [0x0000000080000000,0x000000008984aba8,0x0000000089880000)
 Metaspace       used 71221K, committed 72832K, reserved 1114112K
  class space    used 7246K, committed 7936K, reserved 1048576K
}
Event: 114.439 GC heap after
{Heap after GC invocations=175 (full 3):
 PSYoungGen      total 18432K, used 3710K [0x00000000d5580000, 0x00000000d7400000, 0x0000000100000000)
  eden space 14336K, 0% used [0x00000000d5580000,0x00000000d5580000,0x00000000d6380000)
  from space 4096K, 90% used [0x00000000d7000000,0x00000000d739fa70,0x00000000d7400000)
  to   space 5632K, 0% used [0x00000000d6900000,0x00000000d6900000,0x00000000d6e80000)
 ParOldGen       total 163840K, used 163785K [0x0000000080000000, 0x000000008a000000, 0x00000000d5580000)
  object space 163840K, 99% used [0x0000000080000000,0x0000000089ff2560,0x000000008a000000)
 Metaspace       used 71221K, committed 72832K, reserved 1114112K
  class space    used 7246K, committed 7936K, reserved 1048576K
}
Event: 114.484 GC heap before
{Heap before GC invocations=176 (full 3):
 PSYoungGen      total 18432K, used 18046K [0x00000000d5580000, 0x00000000d7400000, 0x0000000100000000)
  eden space 14336K, 100% used [0x00000000d5580000,0x00000000d6380000,0x00000000d6380000)
  from space 4096K, 90% used [0x00000000d7000000,0x00000000d739fa70,0x00000000d7400000)
  to   space 5632K, 0% used [0x00000000d6900000,0x00000000d6900000,0x00000000d6e80000)
 ParOldGen       total 163840K, used 163785K [0x0000000080000000, 0x000000008a000000, 0x00000000d5580000)
  object space 163840K, 99% used [0x0000000080000000,0x0000000089ff2560,0x000000008a000000)
 Metaspace       used 71240K, committed 72832K, reserved 1114112K
  class space    used 7246K, committed 7936K, reserved 1048576K
}
Event: 114.487 GC heap after
{Heap after GC invocations=176 (full 3):
 PSYoungGen      total 19968K, used 5623K [0x00000000d5580000, 0x00000000d7b80000, 0x0000000100000000)
  eden space 14336K, 0% used [0x00000000d5580000,0x00000000d5580000,0x00000000d6380000)
  from space 5632K, 99% used [0x00000000d6900000,0x00000000d6e7dd20,0x00000000d6e80000)
  to   space 12288K, 0% used [0x00000000d6f80000,0x00000000d6f80000,0x00000000d7b80000)
 ParOldGen       total 168960K, used 168849K [0x0000000080000000, 0x000000008a500000, 0x00000000d5580000)
  object space 168960K, 99% used [0x0000000080000000,0x000000008a4e44b0,0x000000008a500000)
 Metaspace       used 71240K, committed 72832K, reserved 1114112K
  class space    used 7246K, committed 7936K, reserved 1048576K
}
Event: 114.520 GC heap before
{Heap before GC invocations=177 (full 3):
 PSYoungGen      total 19968K, used 19959K [0x00000000d5580000, 0x00000000d7b80000, 0x0000000100000000)
  eden space 14336K, 100% used [0x00000000d5580000,0x00000000d6380000,0x00000000d6380000)
  from space 5632K, 99% used [0x00000000d6900000,0x00000000d6e7dd20,0x00000000d6e80000)
  to   space 12288K, 0% used [0x00000000d6f80000,0x00000000d6f80000,0x00000000d7b80000)
 ParOldGen       total 168960K, used 168849K [0x0000000080000000, 0x000000008a500000, 0x00000000d5580000)
  object space 168960K, 99% used [0x0000000080000000,0x000000008a4e44b0,0x000000008a500000)
 Metaspace       used 71276K, committed 72896K, reserved 1114112K
  class space    used 7246K, committed 7936K, reserved 1048576K
}
Event: 114.523 GC heap after
{Heap after GC invocations=177 (full 3):
 PSYoungGen      total 17408K, used 2696K [0x00000000d5580000, 0x00000000d7280000, 0x0000000100000000)
  eden space 14336K, 0% used [0x00000000d5580000,0x00000000d5580000,0x00000000d6380000)
  from space 3072K, 87% used [0x00000000d6f80000,0x00000000d7222338,0x00000000d7280000)
  to   space 5632K, 0% used [0x00000000d6780000,0x00000000d6780000,0x00000000d6d00000)
 ParOldGen       total 174592K, used 174360K [0x0000000080000000, 0x000000008aa80000, 0x00000000d5580000)
  object space 174592K, 99% used [0x0000000080000000,0x000000008aa46040,0x000000008aa80000)
 Metaspace       used 71276K, committed 72896K, reserved 1114112K
  class space    used 7246K, committed 7936K, reserved 1048576K
}

Dll operation events (10 events):
Event: 0.008 Loaded shared library c:\Users\OMAR INFO\.windsurf\extensions\redhat.java-1.45.0-win32-x64\jre\21.0.8-win32-x86_64\bin\java.dll
Event: 0.092 Loaded shared library c:\Users\OMAR INFO\.windsurf\extensions\redhat.java-1.45.0-win32-x64\jre\21.0.8-win32-x86_64\bin\zip.dll
Event: 0.110 Loaded shared library C:\Users\OMAR INFO\.windsurf\extensions\redhat.java-1.45.0-win32-x64\jre\21.0.8-win32-x86_64\bin\instrument.dll
Event: 0.114 Loaded shared library C:\Users\OMAR INFO\.windsurf\extensions\redhat.java-1.45.0-win32-x64\jre\21.0.8-win32-x86_64\bin\net.dll
Event: 0.116 Loaded shared library C:\Users\OMAR INFO\.windsurf\extensions\redhat.java-1.45.0-win32-x64\jre\21.0.8-win32-x86_64\bin\nio.dll
Event: 0.119 Loaded shared library C:\Users\OMAR INFO\.windsurf\extensions\redhat.java-1.45.0-win32-x64\jre\21.0.8-win32-x86_64\bin\zip.dll
Event: 0.136 Loaded shared library C:\Users\OMAR INFO\.windsurf\extensions\redhat.java-1.45.0-win32-x64\jre\21.0.8-win32-x86_64\bin\jimage.dll
Event: 0.209 Loaded shared library c:\Users\OMAR INFO\.windsurf\extensions\redhat.java-1.45.0-win32-x64\jre\21.0.8-win32-x86_64\bin\verify.dll
Event: 1.315 Loaded shared library C:\Users\OMAR INFO\AppData\Roaming\Windsurf\User\globalStorage\redhat.java\1.45.0\config_win\org.eclipse.equinox.launcher\org.eclipse.equinox.launcher.win32.win32.x86_64_1.2.1400.v20250801-0854\eclipse_11916.dll
Event: 2.598 Loaded shared library C:\Users\OMAR INFO\AppData\Local\Temp\jna--64980065\jna10341675919543936544.dll

Deoptimization events (20 events):
Event: 114.532 Thread 0x0000024a108d0b50 DEOPT PACKING pc=0x00000249b2f9a42e sp=0x000000d25bffdd10
Event: 114.532 Thread 0x0000024a108d0b50 DEOPT UNPACKING pc=0x00000249b8b178e2 sp=0x000000d25bffd1b0 mode 0
Event: 184.043 Thread 0x0000024a0fbaf5c0 Uncommon trap: trap_request=0xffffff45 fr.pc=0x00000249b9fe9b0c relative=0x000000000000050c
Event: 184.043 Thread 0x0000024a0fbaf5c0 Uncommon trap: reason=unstable_if action=reinterpret pc=0x00000249b9fe9b0c method=java.util.HashMap.removeNode(ILjava/lang/Object;Ljava/lang/Object;ZZ)Ljava/util/HashMap$Node; @ 146 c2
Event: 184.043 Thread 0x0000024a0fbaf5c0 DEOPT PACKING pc=0x00000249b9fe9b0c sp=0x000000d25b5fe3a0
Event: 184.043 Thread 0x0000024a0fbaf5c0 DEOPT UNPACKING pc=0x00000249b8b16da2 sp=0x000000d25b5fe310 mode 2
Event: 184.081 Thread 0x0000024a0fbaf5c0 DEOPT PACKING pc=0x00000249b29fef41 sp=0x000000d25b5fe5e0
Event: 184.081 Thread 0x0000024a0fbaf5c0 DEOPT UNPACKING pc=0x00000249b8b178e2 sp=0x000000d25b5fdac0 mode 0
Event: 1820.456 Thread 0x0000024a10207940 Uncommon trap: trap_request=0xffffff45 fr.pc=0x00000249b9ce4d54 relative=0x0000000000001d54
Event: 1820.456 Thread 0x0000024a10207940 Uncommon trap: reason=unstable_if action=reinterpret pc=0x00000249b9ce4d54 method=java.net.URI.percentNormalizedComparison(Ljava/lang/String;Ljava/lang/String;Z)I @ 109 c2
Event: 1820.456 Thread 0x0000024a10207940 DEOPT PACKING pc=0x00000249b9ce4d54 sp=0x000000d25b4fede0
Event: 1820.456 Thread 0x0000024a10207940 DEOPT UNPACKING pc=0x00000249b8b16da2 sp=0x000000d25b4fec98 mode 2
Event: 1820.459 Thread 0x0000024a10207940 Uncommon trap: trap_request=0xffffff45 fr.pc=0x00000249b9805cac relative=0x000000000000064c
Event: 1820.459 Thread 0x0000024a10207940 Uncommon trap: reason=unstable_if action=reinterpret pc=0x00000249b9805cac method=java.net.URI.percentNormalizedComparison(Ljava/lang/String;Ljava/lang/String;Z)I @ 109 c2
Event: 1820.459 Thread 0x0000024a10207940 DEOPT PACKING pc=0x00000249b9805cac sp=0x000000d25b4fec90
Event: 1820.459 Thread 0x0000024a10207940 DEOPT UNPACKING pc=0x00000249b8b16da2 sp=0x000000d25b4feba8 mode 2
Event: 1853.213 Thread 0x0000024a10207940 Uncommon trap: trap_request=0xffffff45 fr.pc=0x00000249b97d3140 relative=0x0000000000000660
Event: 1853.213 Thread 0x0000024a10207940 Uncommon trap: reason=unstable_if action=reinterpret pc=0x00000249b97d3140 method=java.net.URI.percentNormalizedComparison(Ljava/lang/String;Ljava/lang/String;Z)I @ 109 c2
Event: 1853.213 Thread 0x0000024a10207940 DEOPT PACKING pc=0x00000249b97d3140 sp=0x000000d25b4fed00
Event: 1853.213 Thread 0x0000024a10207940 DEOPT UNPACKING pc=0x00000249b8b16da2 sp=0x000000d25b4fec98 mode 2

Classes loaded (20 events):
Event: 31.196 Loading class sun/util/resources/cldr/TimeZoneNames_en
Event: 31.197 Loading class sun/util/resources/cldr/TimeZoneNames_en done
Event: 31.197 Loading class sun/util/resources/cldr/TimeZoneNames_en_US
Event: 31.197 Loading class sun/util/resources/cldr/TimeZoneNames_en_US done
Event: 31.198 Loading class sun/util/cldr/CLDRBaseLocaleDataMetaInfo$TZCanonicalIDMapHolder
Event: 31.199 Loading class sun/util/cldr/CLDRBaseLocaleDataMetaInfo$TZCanonicalIDMapHolder done
Event: 31.200 Loading class sun/util/cldr/CLDRTimeZoneNameProviderImpl$AVAILABLE_IDS
Event: 31.200 Loading class sun/util/cldr/CLDRTimeZoneNameProviderImpl$AVAILABLE_IDS done
Event: 31.201 Loading class sun/util/resources/TimeZoneNames
Event: 31.202 Loading class sun/util/resources/TimeZoneNames done
Event: 31.202 Loading class sun/util/resources/TimeZoneNames_en
Event: 31.202 Loading class sun/util/resources/TimeZoneNames_en done
Event: 110.629 Loading class java/nio/file/Files$2
Event: 110.629 Loading class java/nio/file/Files$2 done
Event: 1820.442 Loading class java/util/stream/DistinctOps
Event: 1820.443 Loading class java/util/stream/DistinctOps done
Event: 1820.443 Loading class java/util/stream/DistinctOps$1
Event: 1820.443 Loading class java/util/stream/DistinctOps$1 done
Event: 1820.453 Loading class java/util/stream/DistinctOps$1$2
Event: 1820.453 Loading class java/util/stream/DistinctOps$1$2 done

Classes unloaded (7 events):
Event: 3.041 Thread 0x00000249ae414b80 Unloading class 0x00000249c61a5000 'java/lang/invoke/LambdaForm$MH+0x00000249c61a5000'
Event: 3.041 Thread 0x00000249ae414b80 Unloading class 0x00000249c61a4c00 'java/lang/invoke/LambdaForm$MH+0x00000249c61a4c00'
Event: 3.041 Thread 0x00000249ae414b80 Unloading class 0x00000249c61a4800 'java/lang/invoke/LambdaForm$MH+0x00000249c61a4800'
Event: 3.041 Thread 0x00000249ae414b80 Unloading class 0x00000249c61a4400 'java/lang/invoke/LambdaForm$MH+0x00000249c61a4400'
Event: 3.041 Thread 0x00000249ae414b80 Unloading class 0x00000249c61a4000 'java/lang/invoke/LambdaForm$BMH+0x00000249c61a4000'
Event: 3.041 Thread 0x00000249ae414b80 Unloading class 0x00000249c61a3c00 'java/lang/invoke/LambdaForm$DMH+0x00000249c61a3c00'
Event: 3.041 Thread 0x00000249ae414b80 Unloading class 0x00000249c61a2800 'java/lang/invoke/LambdaForm$DMH+0x00000249c61a2800'

Classes redefined (0 events):
No events

Internal exceptions (20 events):
Event: 17.024 Thread 0x0000024a0df865d0 Exception <a 'sun/nio/fs/WindowsException'{0x00000000d5818d40}> (0x00000000d5818d40) 
thrown [s\src\hotspot\share\prims\jni.cpp, line 520]
Event: 17.167 Thread 0x0000024a0df84b90 Implicit null exception at 0x00000249b9d2b244 to 0x00000249b9d2b2a0
Event: 17.230 Thread 0x0000024a0df865d0 Exception <a 'sun/nio/fs/WindowsException'{0x00000000d61f1e68}> (0x00000000d61f1e68) 
thrown [s\src\hotspot\share\prims\jni.cpp, line 520]
Event: 17.231 Thread 0x0000024a0df865d0 Exception <a 'sun/nio/fs/WindowsException'{0x00000000d61f2498}> (0x00000000d61f2498) 
thrown [s\src\hotspot\share\prims\jni.cpp, line 520]
Event: 17.231 Thread 0x0000024a0df865d0 Exception <a 'sun/nio/fs/WindowsException'{0x00000000d61f2f30}> (0x00000000d61f2f30) 
thrown [s\src\hotspot\share\prims\jni.cpp, line 520]
Event: 17.231 Thread 0x0000024a0df865d0 Exception <a 'sun/nio/fs/WindowsException'{0x00000000d61f3560}> (0x00000000d61f3560) 
thrown [s\src\hotspot\share\prims\jni.cpp, line 520]
Event: 17.231 Thread 0x0000024a0df865d0 Exception <a 'sun/nio/fs/WindowsException'{0x00000000d61f4a28}> (0x00000000d61f4a28) 
thrown [s\src\hotspot\share\prims\jni.cpp, line 520]
Event: 17.231 Thread 0x0000024a0df865d0 Exception <a 'sun/nio/fs/WindowsException'{0x00000000d61f5058}> (0x00000000d61f5058) 
thrown [s\src\hotspot\share\prims\jni.cpp, line 520]
Event: 17.235 Thread 0x0000024a0df865d0 Exception <a 'sun/nio/fs/WindowsException'{0x00000000d62cf838}> (0x00000000d62cf838) 
thrown [s\src\hotspot\share\prims\jni.cpp, line 520]
Event: 17.235 Thread 0x0000024a0df865d0 Exception <a 'sun/nio/fs/WindowsException'{0x00000000d62d0118}> (0x00000000d62d0118) 
thrown [s\src\hotspot\share\prims\jni.cpp, line 520]
Event: 17.512 Thread 0x0000024a0df865d0 Exception <a 'java/lang/NoSuchMethodError'{0x00000000d59a07e8}: 'java.lang.Object java.lang.invoke.DirectMethodHandle$Holder.invokeStatic(java.lang.Object, java.lang.Object, int, java.lang.Object)'> (0x00000000d59a07e8) 
thrown [s\src\hotspot\share\interpreter\linkResolver.cpp, line 773]
Event: 17.513 Thread 0x0000024a0df865d0 Exception <a 'java/lang/NoSuchMethodError'{0x00000000d5a6cbe0}: 'java.lang.Object java.lang.invoke.DirectMethodHandle$Holder.newInvokeSpecial(java.lang.Object, java.lang.Object, int)'> (0x00000000d5a6cbe0) 
thrown [s\src\hotspot\share\interpreter\linkResolver.cpp, line 773]
Event: 17.529 Thread 0x0000024a0df865d0 Implicit null exception at 0x00000249b9a3f7da to 0x00000249b9a3f833
Event: 110.289 Thread 0x0000024a0fbaf5c0 Exception <a 'java/lang/IncompatibleClassChangeError'{0x00000000d57e3be8}: Found class java.lang.Object, but interface was expected> (0x00000000d57e3be8) 
thrown [s\src\hotspot\share\interpreter\linkResolver.cpp, line 840]
Event: 110.290 Thread 0x0000024a0fbaf5c0 Exception <a 'java/lang/IncompatibleClassChangeError'{0x00000000d57ee300}: Found class java.lang.Object, but interface was expected> (0x00000000d57ee300) 
thrown [s\src\hotspot\share\interpreter\linkResolver.cpp, line 840]
Event: 110.519 Thread 0x0000024a0fbaf5c0 Exception <a 'java/lang/IncompatibleClassChangeError'{0x00000000d59e1770}: Found class java.lang.Object, but interface was expected> (0x00000000d59e1770) 
thrown [s\src\hotspot\share\interpreter\linkResolver.cpp, line 840]
Event: 110.556 Thread 0x0000024a0fbb1000 Implicit null exception at 0x00000249b9f04ea3 to 0x00000249b9f05390
Event: 114.349 Thread 0x0000024a108d0b50 Implicit null exception at 0x00000249b9d78868 to 0x00000249b9d78ff4
Event: 114.349 Thread 0x0000024a108d0b50 Implicit null exception at 0x00000249b9d2d7a0 to 0x00000249b9d2d9d4
Event: 114.349 Thread 0x0000024a108d0b50 Implicit null exception at 0x00000249b9e35276 to 0x00000249b9e3529a

ZGC Phase Switch (0 events):
No events

VM Operations (20 events):
Event: 1804.195 Executing VM operation: HandshakeAllThreads (HandshakeForDeflation)
Event: 1804.195 Executing VM operation: HandshakeAllThreads (HandshakeForDeflation) done
Event: 1804.195 Executing VM operation: RendezvousGCThreads
Event: 1804.195 Executing VM operation: RendezvousGCThreads done
Event: 1820.449 Executing VM operation: HandshakeAllThreads (Deoptimize)
Event: 1820.449 Executing VM operation: HandshakeAllThreads (Deoptimize) done
Event: 1820.452 Executing VM operation: HandshakeAllThreads (Deoptimize)
Event: 1820.452 Executing VM operation: HandshakeAllThreads (Deoptimize) done
Event: 1864.276 Executing VM operation: HandshakeAllThreads (HandshakeForDeflation)
Event: 1864.276 Executing VM operation: HandshakeAllThreads (HandshakeForDeflation) done
Event: 1864.276 Executing VM operation: RendezvousGCThreads
Event: 1864.276 Executing VM operation: RendezvousGCThreads done
Event: 1892.467 Executing VM operation: Cleanup
Event: 1892.467 Executing VM operation: Cleanup done
Event: 2103.562 Executing VM operation: Cleanup
Event: 2103.562 Executing VM operation: Cleanup done
Event: 2164.584 Executing VM operation: HandshakeAllThreads (HandshakeForDeflation)
Event: 2164.584 Executing VM operation: HandshakeAllThreads (HandshakeForDeflation) done
Event: 2164.584 Executing VM operation: RendezvousGCThreads
Event: 2164.585 Executing VM operation: RendezvousGCThreads done

Memory protections (0 events):
No events

Nmethod flushes (20 events):
Event: 13.989 Thread 0x00000249ae414b80 flushing  nmethod 0x00000249b20a8510
Event: 13.989 Thread 0x00000249ae414b80 flushing  nmethod 0x00000249b20ab910
Event: 13.989 Thread 0x00000249ae414b80 flushing  nmethod 0x00000249b20ac010
Event: 13.989 Thread 0x00000249ae414b80 flushing  nmethod 0x00000249b20ac610
Event: 13.989 Thread 0x00000249ae414b80 flushing  nmethod 0x00000249b20ace90
Event: 13.989 Thread 0x00000249ae414b80 flushing  nmethod 0x00000249b20afa90
Event: 13.989 Thread 0x00000249ae414b80 flushing  nmethod 0x00000249b20b9a90
Event: 13.989 Thread 0x00000249ae414b80 flushing  nmethod 0x00000249b20c1f90
Event: 13.989 Thread 0x00000249ae414b80 flushing osr nmethod 0x00000249b20e4910
Event: 13.989 Thread 0x00000249ae414b80 flushing  nmethod 0x00000249b20eb310
Event: 13.989 Thread 0x00000249ae414b80 flushing  nmethod 0x00000249b2139990
Event: 13.989 Thread 0x00000249ae414b80 flushing  nmethod 0x00000249b2158490
Event: 13.989 Thread 0x00000249ae414b80 flushing  nmethod 0x00000249b2159f90
Event: 13.989 Thread 0x00000249ae414b80 flushing  nmethod 0x00000249b215b890
Event: 13.989 Thread 0x00000249ae414b80 flushing  nmethod 0x00000249b2160990
Event: 13.989 Thread 0x00000249ae414b80 flushing  nmethod 0x00000249b2161390
Event: 13.989 Thread 0x00000249ae414b80 flushing  nmethod 0x00000249b2166510
Event: 13.989 Thread 0x00000249ae414b80 flushing  nmethod 0x00000249b2166890
Event: 13.989 Thread 0x00000249ae414b80 flushing  nmethod 0x00000249b2166c10
Event: 13.989 Thread 0x00000249ae414b80 flushing  nmethod 0x00000249b2168810

Events (20 events):
Event: 137.483 Thread 0x0000024a0df85220 Thread exited: 0x0000024a0df85220
Event: 174.550 Thread 0x0000024a108d0b50 Thread exited: 0x0000024a108d0b50
Event: 184.069 Thread 0x0000024a074d2be0 Thread added: 0x0000024a106c5a80
Event: 184.069 Thread 0x0000024a074d2be0 Thread added: 0x0000024a106cac40
Event: 189.209 Thread 0x0000024a106cac40 Thread exited: 0x0000024a106cac40
Event: 194.123 Thread 0x0000024a106c5a80 Thread exited: 0x0000024a106c5a80
Event: 234.564 Thread 0x0000024a0fbb02e0 Thread exited: 0x0000024a0fbb02e0
Event: 294.569 Thread 0x0000024a1184fce0 Thread exited: 0x0000024a1184fce0
Event: 354.570 Thread 0x0000024a0fbafc50 Thread exited: 0x0000024a0fbafc50
Event: 414.571 Thread 0x0000024a11855230 Thread exited: 0x0000024a11855230
Event: 474.575 Thread 0x0000024a0fbaef30 Thread exited: 0x0000024a0fbaef30
Event: 534.577 Thread 0x0000024a0fbb0970 Thread exited: 0x0000024a0fbb0970
Event: 594.590 Thread 0x0000024a0fbac140 Thread exited: 0x0000024a0fbac140
Event: 654.604 Thread 0x0000024a0fbac7d0 Thread exited: 0x0000024a0fbac7d0
Event: 714.608 Thread 0x0000024a0fbae210 Thread exited: 0x0000024a0fbae210
Event: 774.618 Thread 0x0000024a11850370 Thread exited: 0x0000024a11850370
Event: 834.630 Thread 0x0000024a0fbadb80 Thread exited: 0x0000024a0fbadb80
Event: 894.631 Thread 0x0000024a108ce3f0 Thread exited: 0x0000024a108ce3f0
Event: 954.643 Thread 0x0000024a0fbb1d20 Thread exited: 0x0000024a0fbb1d20
Event: 1014.648 Thread 0x0000024a0fbb1000 Thread exited: 0x0000024a0fbb1000


Dynamic libraries:
0x00007ff64be10000 - 0x00007ff64be1e000 	c:\Users\OMAR INFO\.windsurf\extensions\redhat.java-1.45.0-win32-x64\jre\21.0.8-win32-x86_64\bin\java.exe
0x00007ffd49890000 - 0x00007ffd49a88000 	C:\Windows\SYSTEM32\ntdll.dll
0x00007ffd496e0000 - 0x00007ffd497a2000 	C:\Windows\System32\KERNEL32.DLL
0x00007ffd47500000 - 0x00007ffd477f7000 	C:\Windows\System32\KERNELBASE.dll
0x00007ffd47190000 - 0x00007ffd47290000 	C:\Windows\System32\ucrtbase.dll
0x00007ffd170c0000 - 0x00007ffd170d8000 	c:\Users\OMAR INFO\.windsurf\extensions\redhat.java-1.45.0-win32-x64\jre\21.0.8-win32-x86_64\bin\jli.dll
0x00007ffd48820000 - 0x00007ffd489bd000 	C:\Windows\System32\USER32.dll
0x00007ffd47880000 - 0x00007ffd478a2000 	C:\Windows\System32\win32u.dll
0x00007ffd497b0000 - 0x00007ffd497db000 	C:\Windows\System32\GDI32.dll
0x00007ffd47070000 - 0x00007ffd47189000 	C:\Windows\System32\gdi32full.dll
0x00007ffd46f20000 - 0x00007ffd46fbd000 	C:\Windows\System32\msvcp_win.dll
0x00007ffd162b0000 - 0x00007ffd162ce000 	c:\Users\OMAR INFO\.windsurf\extensions\redhat.java-1.45.0-win32-x64\jre\21.0.8-win32-x86_64\bin\VCRUNTIME140.dll
0x00007ffd2db60000 - 0x00007ffd2ddfa000 	C:\Windows\WinSxS\amd64_microsoft.windows.common-controls_6595b64144ccf1df_6.0.19041.5915_none_60b4b9d171f9c7c7\COMCTL32.dll
0x00007ffd47e80000 - 0x00007ffd47f1e000 	C:\Windows\System32\msvcrt.dll
0x00007ffd484a0000 - 0x00007ffd484cf000 	C:\Windows\System32\IMM32.DLL
0x00007ffd19320000 - 0x00007ffd1932c000 	c:\Users\OMAR INFO\.windsurf\extensions\redhat.java-1.45.0-win32-x64\jre\21.0.8-win32-x86_64\bin\vcruntime140_1.dll
0x00007ffcde850000 - 0x00007ffcde8dd000 	c:\Users\OMAR INFO\.windsurf\extensions\redhat.java-1.45.0-win32-x64\jre\21.0.8-win32-x86_64\bin\msvcp140.dll
0x00007ffcc5140000 - 0x00007ffcc5ed7000 	c:\Users\OMAR INFO\.windsurf\extensions\redhat.java-1.45.0-win32-x64\jre\21.0.8-win32-x86_64\bin\server\jvm.dll
0x00007ffd48680000 - 0x00007ffd48731000 	C:\Windows\System32\ADVAPI32.dll
0x00007ffd48280000 - 0x00007ffd4831f000 	C:\Windows\System32\sechost.dll
0x00007ffd49330000 - 0x00007ffd49456000 	C:\Windows\System32\RPCRT4.dll
0x00007ffd47480000 - 0x00007ffd474a7000 	C:\Windows\System32\bcrypt.dll
0x00007ffd497e0000 - 0x00007ffd4984b000 	C:\Windows\System32\WS2_32.dll
0x00007ffd468a0000 - 0x00007ffd468eb000 	C:\Windows\SYSTEM32\POWRPROF.dll
0x00007ffd387d0000 - 0x00007ffd387f7000 	C:\Windows\SYSTEM32\WINMM.dll
0x00007ffd40580000 - 0x00007ffd4058a000 	C:\Windows\SYSTEM32\VERSION.dll
0x00007ffd46880000 - 0x00007ffd46892000 	C:\Windows\SYSTEM32\UMPDC.dll
0x00007ffd45730000 - 0x00007ffd45742000 	C:\Windows\SYSTEM32\kernel.appcore.dll
0x00007ffd19280000 - 0x00007ffd1928a000 	c:\Users\OMAR INFO\.windsurf\extensions\redhat.java-1.45.0-win32-x64\jre\21.0.8-win32-x86_64\bin\jimage.dll
0x00007ffd44c50000 - 0x00007ffd44e51000 	C:\Windows\SYSTEM32\DBGHELP.DLL
0x00007ffd2ad10000 - 0x00007ffd2ad44000 	C:\Windows\SYSTEM32\dbgcore.DLL
0x00007ffd47290000 - 0x00007ffd47312000 	C:\Windows\System32\bcryptPrimitives.dll
0x00007ffd17280000 - 0x00007ffd1728f000 	c:\Users\OMAR INFO\.windsurf\extensions\redhat.java-1.45.0-win32-x64\jre\21.0.8-win32-x86_64\bin\instrument.dll
0x00007ffd14c60000 - 0x00007ffd14c7f000 	c:\Users\OMAR INFO\.windsurf\extensions\redhat.java-1.45.0-win32-x64\jre\21.0.8-win32-x86_64\bin\java.dll
0x00007ffd48aa0000 - 0x00007ffd4920e000 	C:\Windows\System32\SHELL32.dll
0x00007ffd44f40000 - 0x00007ffd456e4000 	C:\Windows\SYSTEM32\windows.storage.dll
0x00007ffd47f20000 - 0x00007ffd48273000 	C:\Windows\System32\combase.dll
0x00007ffd46800000 - 0x00007ffd4682b000 	C:\Windows\SYSTEM32\Wldp.dll
0x00007ffd49460000 - 0x00007ffd4952d000 	C:\Windows\System32\OLEAUT32.dll
0x00007ffd47dd0000 - 0x00007ffd47e7d000 	C:\Windows\System32\SHCORE.dll
0x00007ffd48320000 - 0x00007ffd4837b000 	C:\Windows\System32\shlwapi.dll
0x00007ffd46e50000 - 0x00007ffd46e74000 	C:\Windows\SYSTEM32\profapi.dll
0x00007ffd13ca0000 - 0x00007ffd13cb8000 	c:\Users\OMAR INFO\.windsurf\extensions\redhat.java-1.45.0-win32-x64\jre\21.0.8-win32-x86_64\bin\zip.dll
0x00007ffd17180000 - 0x00007ffd17190000 	C:\Users\OMAR INFO\.windsurf\extensions\redhat.java-1.45.0-win32-x64\jre\21.0.8-win32-x86_64\bin\net.dll
0x00007ffd3f500000 - 0x00007ffd3f60a000 	C:\Windows\SYSTEM32\WINHTTP.dll
0x00007ffd465e0000 - 0x00007ffd4664a000 	C:\Windows\system32\mswsock.dll
0x00007ffd13880000 - 0x00007ffd13896000 	C:\Users\OMAR INFO\.windsurf\extensions\redhat.java-1.45.0-win32-x64\jre\21.0.8-win32-x86_64\bin\nio.dll
0x00007ffd16e80000 - 0x00007ffd16e90000 	c:\Users\OMAR INFO\.windsurf\extensions\redhat.java-1.45.0-win32-x64\jre\21.0.8-win32-x86_64\bin\verify.dll
0x00007ffcdda80000 - 0x00007ffcddac4000 	C:\Users\OMAR INFO\AppData\Roaming\Windsurf\User\globalStorage\redhat.java\1.45.0\config_win\org.eclipse.equinox.launcher\org.eclipse.equinox.launcher.win32.win32.x86_64_1.2.1400.v20250801-0854\eclipse_11916.dll
0x00007ffd49530000 - 0x00007ffd4965b000 	C:\Windows\System32\ole32.dll
0x00007ffd46840000 - 0x00007ffd46858000 	C:\Windows\SYSTEM32\CRYPTSP.dll
0x00007ffd45ec0000 - 0x00007ffd45ef8000 	C:\Windows\system32\rsaenh.dll
0x00007ffd46dd0000 - 0x00007ffd46dfe000 	C:\Windows\SYSTEM32\USERENV.dll
0x00007ffd46770000 - 0x00007ffd4677c000 	C:\Windows\SYSTEM32\CRYPTBASE.dll
0x00007ffd462e0000 - 0x00007ffd4631b000 	C:\Windows\SYSTEM32\IPHLPAPI.DLL
0x00007ffd47940000 - 0x00007ffd47948000 	C:\Windows\System32\NSI.dll
0x00007ffcde800000 - 0x00007ffcde849000 	C:\Users\OMAR INFO\AppData\Local\Temp\jna--64980065\jna10341675919543936544.dll
0x00007ffd47950000 - 0x00007ffd47958000 	C:\Windows\System32\PSAPI.DLL
0x00007ffd3ff00000 - 0x00007ffd3ff17000 	C:\Windows\SYSTEM32\dhcpcsvc6.DLL
0x00007ffd3fee0000 - 0x00007ffd3fefd000 	C:\Windows\SYSTEM32\dhcpcsvc.DLL

JVMTI agents:
c:\Users\OMAR INFO\.windsurf\extensions\redhat.java-1.45.0-win32-x64\lombok\lombok-1.18.39-4050.jar path:c:\Users\OMAR INFO\.windsurf\extensions\redhat.java-1.45.0-win32-x64\jre\21.0.8-win32-x86_64\bin\instrument.dll, loaded, initialized, instrumentlib options:none

dbghelp: loaded successfully - version: 4.0.5 - missing functions: none
symbol engine: initialized successfully - sym options: 0x614 - pdb path: .;c:\Users\OMAR INFO\.windsurf\extensions\redhat.java-1.45.0-win32-x64\jre\21.0.8-win32-x86_64\bin;C:\Windows\SYSTEM32;C:\Windows\WinSxS\amd64_microsoft.windows.common-controls_6595b64144ccf1df_6.0.19041.5915_none_60b4b9d171f9c7c7;c:\Users\OMAR INFO\.windsurf\extensions\redhat.java-1.45.0-win32-x64\jre\21.0.8-win32-x86_64\bin\server;C:\Users\OMAR INFO\AppData\Roaming\Windsurf\User\globalStorage\redhat.java\1.45.0\config_win\org.eclipse.equinox.launcher\org.eclipse.equinox.launcher.win32.win32.x86_64_1.2.1400.v20250801-0854;C:\Users\OMAR INFO\AppData\Local\Temp\jna--64980065

VM Arguments:
jvm_args: --add-modules=ALL-SYSTEM --add-opens=java.base/java.util=ALL-UNNAMED --add-opens=java.base/java.lang=ALL-UNNAMED --add-opens=java.base/sun.nio.fs=ALL-UNNAMED -Declipse.application=org.eclipse.jdt.ls.core.id1 -Dosgi.bundles.defaultStartLevel=4 -Declipse.product=org.eclipse.jdt.ls.core.product -Djava.import.generatesMetadataFilesAtProjectRoot=false -DDetectVMInstallationsJob.disabled=true -Dfile.encoding=utf8 -XX:+UseParallelGC -XX:GCTimeRatio=4 -XX:AdaptiveSizePolicyWeight=90 -Dsun.zip.disableMemoryMapping=true -Xmx2G -Xms100m -Xlog:disable -javaagent:c:\Users\OMAR INFO\.windsurf\extensions\redhat.java-1.45.0-win32-x64\lombok\lombok-1.18.39-4050.jar -XX:+HeapDumpOnOutOfMemoryError -XX:HeapDumpPath=c:\Users\OMAR INFO\AppData\Roaming\Windsurf\User\workspaceStorage\017271f0c0c7557d9833a01acf50ccd7\redhat.java -Daether.dependencyCollector.impl=bf 
java_command: c:\Users\OMAR INFO\.windsurf\extensions\redhat.java-1.45.0-win32-x64\server\plugins\org.eclipse.equinox.launcher_1.7.0.v20250519-0528.jar -configuration c:\Users\OMAR INFO\AppData\Roaming\Windsurf\User\globalStorage\redhat.java\1.45.0\config_win -data c:\Users\OMAR INFO\AppData\Roaming\Windsurf\User\workspaceStorage\017271f0c0c7557d9833a01acf50ccd7\redhat.java\jdt_ws --pipe=\\.\pipe\lsp-eb19c727dbd898f202647782a278a0c0-sock
java_class_path (initial): c:\Users\OMAR INFO\.windsurf\extensions\redhat.java-1.45.0-win32-x64\server\plugins\org.eclipse.equinox.launcher_1.7.0.v20250519-0528.jar
Launcher Type: SUN_STANDARD

[Global flags]
    uintx AdaptiveSizePolicyWeight                 = 90                                        {product} {command line}
     intx CICompilerCount                          = 12                                        {product} {ergonomic}
    uintx GCTimeRatio                              = 4                                         {product} {command line}
     bool HeapDumpOnOutOfMemoryError               = true                                   {manageable} {command line}
    ccstr HeapDumpPath                             = c:\Users\OMAR INFO\AppData\Roaming\Windsurf\User\workspaceStorage\017271f0c0c7557d9833a01acf50ccd7\redhat.java         {manageable} {command line}
   size_t InitialHeapSize                          = 104857600                                 {product} {command line}
   size_t MaxHeapSize                              = 2147483648                                {product} {command line}
   size_t MaxNewSize                               = 715653120                                 {product} {ergonomic}
   size_t MinHeapDeltaBytes                        = 524288                                    {product} {ergonomic}
   size_t MinHeapSize                              = 104857600                                 {product} {command line}
   size_t NewSize                                  = 34603008                                  {product} {ergonomic}
    uintx NonNMethodCodeHeapSize                   = 7602480                                {pd product} {ergonomic}
    uintx NonProfiledCodeHeapSize                  = 122027880                              {pd product} {ergonomic}
   size_t OldSize                                  = 70254592                                  {product} {ergonomic}
    uintx ProfiledCodeHeapSize                     = 122027880                              {pd product} {ergonomic}
    uintx ReservedCodeCacheSize                    = 251658240                              {pd product} {ergonomic}
     bool SegmentedCodeCache                       = true                                      {product} {ergonomic}
   size_t SoftMaxHeapSize                          = 2147483648                             {manageable} {ergonomic}
     bool UseCompressedOops                        = true                           {product lp64_product} {ergonomic}
     bool UseLargePagesIndividualAllocation        = false                                  {pd product} {ergonomic}
     bool UseParallelGC                            = true                                      {product} {command line}

Logging:
Log output configuration:
 #0: stdout all=off uptime,level,tags foldmultilines=false
 #1: stderr all=off uptime,level,tags foldmultilines=false

Environment Variables:
PATH=C:\oraclexe\app\oracle\product\10.2.0\server\bin;C:\ProgramData\Oracle\Java\javapath;C:\Program Files\Common Files\Oracle\Java\javapath;C:\Windows\system32;C:\Windows;C:\Windows\System32\Wbem;C:\Windows\System32\WindowsPowerShell\v1.0\;C:\Windows\System32\OpenSSH\;C:\Program Files\Microsoft SQL Server\150\Tools\Binn\;C:\Program Files\Microsoft SQL Server\Client SDK\ODBC\170\Tools\Binn\;C:\Program Files\dotnet\;C:\Program Files\NVIDIA Corporation\NVIDIA NvDLISR;C:\ProgramData\chocolatey\bin;C:\Program Files (x86)\Microsoft SQL Server\110\Tools\Binn\;C:\Program Files (x86)\Microsoft SQL Server\110\DTS\Binn\;C:\Program Files (x86)\Microsoft SQL Server\110\Tools\Binn\ManagementStudio\;C:\Program Files (x86)\Microsoft Visual Studio 10.0\Common7\IDE\PrivateAssemblies\;C:\Program Files (x86)\NVIDIA Corporation\PhysX\Common;C:\Program Files\nodejs\;C:\Program Files\Git LFS;C:\Program Files\Docker\Docker\resources\bin;C:\Program Files\Git\cmd;C:\Windows\system32\platform-tools;C:\Program Files\MongoDB\Server\8.0\bin;C:\Users\OMAR INFO\AppData\Local\Programs\Python\Python310;C:\Users\OMAR INFO\AppData\Local\Programs\Python\Python310\Scripts;F:\PuTTY\;C:\Users\OMAR INFO\AppData\Local\Programs\Python\Python310\Scripts\;C:\Users\OMAR INFO\AppData\Local\Programs\Python\Python310\;C:\Users\OMAR INFO\AppData\Local\Microsoft\WindowsApps;C:\Users\OMAR INFO\.dotnet\tools;C:\Program Files\JetBrains\IntelliJ IDEA 2023.2.1\bin;;C:\Users\OMAR INFO\AppData\Local\Programs\Microsoft VS Code\bin;C:\Users\OMAR INFO\AppData\Roaming\npm;C:\Users\OMAR INFO\AppData\Local\GitHubDesktop\bin;C:\xampp\php;C:\Users\OMAR INFO\composer;C:\Users\OMAR INFO\AppData\Roaming\Composer\vendor\bin;C:\Program Files (x86)\Microsoft SDKs\Windows\v10.0A\bin\NETFX 4.8 Tools;C:\Users\OMAR INFO\AppData\Local\Programs\Windsurf\bin;
USERNAME=OMAR INFO
OS=Windows_NT
PROCESSOR_IDENTIFIER=Intel64 Family 6 Model 141 Stepping 1, GenuineIntel
TMP=C:\Users\OMARIN~1\AppData\Local\Temp
TEMP=C:\Users\OMARIN~1\AppData\Local\Temp




Periodic native trim disabled

---------------  S Y S T E M  ---------------

OS:
 Windows 10 , 64 bit Build 19041 (10.0.19041.5915)
OS uptime: 3 days 14:16 hours
Hyper-V role detected

CPU: total 16 (initial active 16) (8 cores per cpu, 2 threads per core) family 6 model 141 stepping 1 microcode 0x26, cx8, cmov, fxsr, ht, mmx, 3dnowpref, sse, sse2, sse3, ssse3, sse4.1, sse4.2, popcnt, lzcnt, tsc, tscinvbit, avx, avx2, aes, erms, clmul, bmi1, bmi2, adx, avx512f, avx512dq, avx512cd, avx512bw, avx512vl, sha, fma, vzeroupper, avx512_vpopcntdq, avx512_vpclmulqdq, avx512_vaes, avx512_vnni, clflush, clflushopt, clwb, avx512_vbmi2, avx512_vbmi, hv, rdtscp, rdpid, fsrm, gfni, avx512_bitalg, f16c, cet_ibt, cet_ss, avx512_ifma
Processor Information for the first 16 processors :
  Max Mhz: 2304, Current Mhz: 2304, Mhz Limit: 2304

Memory: 4k page, system-wide physical 16085M (189M free)
TotalPageFile size 23385M (AvailPageFile size 83M)
current process WorkingSet (physical memory assigned to process): 472M, peak: 552M
current process commit charge ("private bytes"): 567M, peak: 647M

vm_info: OpenJDK 64-Bit Server VM (21.0.8+9-LTS) for windows-amd64 JRE (21.0.8+9-LTS), built on 2025-07-15T00:00:00Z by "admin" with MS VC++ 17.7 (VS2022)

END.
