#
# There is insufficient memory for the Java Runtime Environment to continue.
# Native memory allocation (malloc) failed to allocate 585856 bytes. Error detail: Chunk::new
# Possible reasons:
#   The system is out of physical RAM or swap space
#   This process is running with CompressedOops enabled, and the Java Heap may be blocking the growth of the native heap
# Possible solutions:
#   Reduce memory load on the system
#   Increase physical memory or swap space
#   Check if swap backing store is full
#   Decrease Java heap size (-Xmx/-Xms)
#   Decrease number of Java threads
#   Decrease Java thread stack sizes (-Xss)
#   Set larger code cache with -XX:ReservedCodeCacheSize=
#   JVM is running with Unscaled Compressed Oops mode in which the Java heap is
#     placed in the first 4GB address space. The Java Heap base address is the
#     maximum limit for the native heap growth. Please use -XX:HeapBaseMinAddress
#     to set the Java Heap base and to place the Java Heap above 4GB virtual address.
# This output file may be truncated or incomplete.
#
#  Out of Memory Error (arena.cpp:168), pid=21584, tid=836
#
# JRE version: OpenJDK Runtime Environment Temurin-21.0.8+9 (21.0.8+9) (build 21.0.8+9-LTS)
# Java VM: OpenJDK 64-Bit Server VM Temurin-21.0.8+9 (21.0.8+9-LTS, mixed mode, sharing, tiered, compressed oops, compressed class ptrs, parallel gc, windows-amd64)
# No core dump will be written. Minidumps are not enabled by default on client versions of Windows
#

---------------  S U M M A R Y ------------

Command Line: --add-modules=ALL-SYSTEM --add-opens=java.base/java.util=ALL-UNNAMED --add-opens=java.base/java.lang=ALL-UNNAMED --add-opens=java.base/sun.nio.fs=ALL-UNNAMED -Declipse.application=org.eclipse.jdt.ls.core.id1 -Dosgi.bundles.defaultStartLevel=4 -Declipse.product=org.eclipse.jdt.ls.core.product -Djava.import.generatesMetadataFilesAtProjectRoot=false -DDetectVMInstallationsJob.disabled=true -Dfile.encoding=utf8 -XX:+UseParallelGC -XX:GCTimeRatio=4 -XX:AdaptiveSizePolicyWeight=90 -Dsun.zip.disableMemoryMapping=true -Xmx2G -Xms100m -Xlog:disable -javaagent:c:\Users\OMAR INFO\.windsurf\extensions\redhat.java-1.45.0-win32-x64\lombok\lombok-1.18.39-4050.jar -XX:+HeapDumpOnOutOfMemoryError -XX:HeapDumpPath=c:\Users\OMAR INFO\AppData\Roaming\Windsurf\User\workspaceStorage\017271f0c0c7557d9833a01acf50ccd7\redhat.java -Daether.dependencyCollector.impl=bf c:\Users\OMAR INFO\.windsurf\extensions\redhat.java-1.45.0-win32-x64\server\plugins\org.eclipse.equinox.launcher_1.7.0.v20250519-0528.jar -configuration c:\Users\OMAR INFO\AppData\Roaming\Windsurf\User\globalStorage\redhat.java\1.45.0\config_win -data c:\Users\OMAR INFO\AppData\Roaming\Windsurf\User\workspaceStorage\017271f0c0c7557d9833a01acf50ccd7\redhat.java\jdt_ws --pipe=\\.\pipe\lsp-c03662dcfddeed14c64339bdfb8a26fc-sock

Host: 11th Gen Intel(R) Core(TM) i7-11800H @ 2.30GHz, 16 cores, 15G,  Windows 10 , 64 bit Build 19041 (10.0.19041.5915)
Time: Thu Sep 25 16:01:36 2025 Paris, Madrid elapsed time: 4.371303 seconds (0d 0h 0m 4s)

---------------  T H R E A D  ---------------

Current thread (0x0000015b744fa6b0):  JavaThread "C2 CompilerThread0" daemon [_thread_in_native, id=836, stack(0x00000034c3600000,0x00000034c3700000) (1024K)]


Current CompileTask:
C2:4371 6402   !   4       org.eclipse.osgi.internal.loader.BundleLoader::findClass0 (491 bytes)

Stack: [0x00000034c3600000,0x00000034c3700000]
Native frames: (J=compiled Java code, j=interpreted, Vv=VM code, C=native code)
V  [jvm.dll+0x6d2449]
V  [jvm.dll+0x8ae341]
V  [jvm.dll+0x8b08be]
V  [jvm.dll+0x8b0fa3]
V  [jvm.dll+0x280c96]
V  [jvm.dll+0xc581d]
V  [jvm.dll+0xc5d53]
V  [jvm.dll+0x2f539d]
V  [jvm.dll+0x5fa00a]
V  [jvm.dll+0x252092]
V  [jvm.dll+0x24a56e]
V  [jvm.dll+0x2483a4]
V  [jvm.dll+0x1c89ee]
V  [jvm.dll+0x257d4d]
V  [jvm.dll+0x2562ea]
V  [jvm.dll+0x3f2d16]
V  [jvm.dll+0x857e6b]
V  [jvm.dll+0x6d0b0d]
C  [ucrtbase.dll+0x21bb2]
C  [KERNEL32.DLL+0x17374]
C  [ntdll.dll+0x4cc91]


---------------  P R O C E S S  ---------------

Threads class SMR info:
_java_thread_list=0x0000015b7a99cd20, length=65, elements={
0x0000015b5a095910, 0x0000015b72f3eba0, 0x0000015b72f41ab0, 0x0000015b72f44c80,
0x0000015b72f458d0, 0x0000015b744f6950, 0x0000015b72f4e850, 0x0000015b744fa6b0,
0x0000015b744fb5a0, 0x0000015b5c50ebd0, 0x0000015b745ffae0, 0x0000015b74600180,
0x0000015b7468b720, 0x0000015b747ac240, 0x0000015b7a058e70, 0x0000015b7a0bbc20,
0x0000015b7aa087e0, 0x0000015b7aae3910, 0x0000015b7aa36fc0, 0x0000015b7ab53330,
0x0000015b7ac9e2e0, 0x0000015b7b222f90, 0x0000015b7a31a330, 0x0000015b7b29f250,
0x0000015b7b29f8e0, 0x0000015b7b2a2040, 0x0000015b7b2a0c90, 0x0000015b7b2a1320,
0x0000015b7b2a19b0, 0x0000015b7b29ff70, 0x0000015b7b2a26d0, 0x0000015b7b2a0600,
0x0000015b7d8f9290, 0x0000015b7d8f5e10, 0x0000015b7d8f3020, 0x0000015b7d8f64a0,
0x0000015b7d8f6b30, 0x0000015b7d8f4a60, 0x0000015b7d8f50f0, 0x0000015b7d8f5780,
0x0000015b7d8f71c0, 0x0000015b7d8f7850, 0x0000015b7d8fa640, 0x0000015b7d8f7ee0,
0x0000015b7d8f9fb0, 0x0000015b7d8f8570, 0x0000015b7d8f36b0, 0x0000015b7d8f8c00,
0x0000015b7d8f9920, 0x0000015b7d8f43d0, 0x0000015b7d8f3d40, 0x0000015b7c5e9600,
0x0000015b7c5e8f70, 0x0000015b7c5ea320, 0x0000015b7c5ea9b0, 0x0000015b7c5e8250,
0x0000015b7c5e88e0, 0x0000015b7c5e9c90, 0x0000015b7c5eb040, 0x0000015b7c5e7bc0,
0x0000015b7d14c890, 0x0000015b7d14cf20, 0x0000015b7d14f680, 0x0000015b7d14c200,
0x0000015b7d14e960
}

Java Threads: ( => current thread )
  0x0000015b5a095910 JavaThread "main"                              [_thread_blocked, id=10204, stack(0x00000034c2c00000,0x00000034c2d00000) (1024K)]
  0x0000015b72f3eba0 JavaThread "Reference Handler"          daemon [_thread_blocked, id=24132, stack(0x00000034c3000000,0x00000034c3100000) (1024K)]
  0x0000015b72f41ab0 JavaThread "Finalizer"                  daemon [_thread_blocked, id=16524, stack(0x00000034c3100000,0x00000034c3200000) (1024K)]
  0x0000015b72f44c80 JavaThread "Signal Dispatcher"          daemon [_thread_blocked, id=14772, stack(0x00000034c3200000,0x00000034c3300000) (1024K)]
  0x0000015b72f458d0 JavaThread "Attach Listener"            daemon [_thread_blocked, id=17984, stack(0x00000034c3300000,0x00000034c3400000) (1024K)]
  0x0000015b744f6950 JavaThread "Service Thread"             daemon [_thread_blocked, id=21876, stack(0x00000034c3400000,0x00000034c3500000) (1024K)]
  0x0000015b72f4e850 JavaThread "Monitor Deflation Thread"   daemon [_thread_blocked, id=21792, stack(0x00000034c3500000,0x00000034c3600000) (1024K)]
=>0x0000015b744fa6b0 JavaThread "C2 CompilerThread0"         daemon [_thread_in_native, id=836, stack(0x00000034c3600000,0x00000034c3700000) (1024K)]
  0x0000015b744fb5a0 JavaThread "C1 CompilerThread0"         daemon [_thread_blocked, id=15100, stack(0x00000034c3700000,0x00000034c3800000) (1024K)]
  0x0000015b5c50ebd0 JavaThread "Common-Cleaner"             daemon [_thread_blocked, id=24136, stack(0x00000034c3800000,0x00000034c3900000) (1024K)]
  0x0000015b745ffae0 JavaThread "C1 CompilerThread1"         daemon [_thread_blocked, id=10360, stack(0x00000034c3900000,0x00000034c3a00000) (1024K)]
  0x0000015b74600180 JavaThread "C1 CompilerThread2"         daemon [_thread_blocked, id=2716, stack(0x00000034c3a00000,0x00000034c3b00000) (1024K)]
  0x0000015b7468b720 JavaThread "C2 CompilerThread1"         daemon [_thread_blocked, id=5180, stack(0x00000034c3b00000,0x00000034c3c00000) (1024K)]
  0x0000015b747ac240 JavaThread "C1 CompilerThread3"         daemon [_thread_blocked, id=12012, stack(0x00000034c3c00000,0x00000034c3d00000) (1024K)]
  0x0000015b7a058e70 JavaThread "Notification Thread"        daemon [_thread_blocked, id=21080, stack(0x00000034c3d00000,0x00000034c3e00000) (1024K)]
  0x0000015b7a0bbc20 JavaThread "C2 CompilerThread2"         daemon [_thread_blocked, id=23436, stack(0x00000034c3e00000,0x00000034c3f00000) (1024K)]
  0x0000015b7aa087e0 JavaThread "Active Thread: Equinox Container: a420cef4-c476-45a7-9ebf-40dedf7a88dc"        [_thread_blocked, id=1456, stack(0x00000034c4600000,0x00000034c4700000) (1024K)]
  0x0000015b7aae3910 JavaThread "Refresh Thread: Equinox Container: a420cef4-c476-45a7-9ebf-40dedf7a88dc" daemon [_thread_blocked, id=17276, stack(0x00000034c4800000,0x00000034c4900000) (1024K)]
  0x0000015b7aa36fc0 JavaThread "Framework Event Dispatcher: Equinox Container: a420cef4-c476-45a7-9ebf-40dedf7a88dc" daemon [_thread_blocked, id=2844, stack(0x00000034c4900000,0x00000034c4a00000) (1024K)]
  0x0000015b7ab53330 JavaThread "Start Level: Equinox Container: a420cef4-c476-45a7-9ebf-40dedf7a88dc" daemon [_thread_blocked, id=16424, stack(0x00000034c4a00000,0x00000034c4b00000) (1024K)]
  0x0000015b7ac9e2e0 JavaThread "Bundle File Closer"         daemon [_thread_blocked, id=23744, stack(0x00000034c4e00000,0x00000034c4f00000) (1024K)]
  0x0000015b7b222f90 JavaThread "SCR Component Actor"        daemon [_thread_blocked, id=17124, stack(0x00000034c4f00000,0x00000034c5000000) (1024K)]
  0x0000015b7a31a330 JavaThread "SCR Component Registry"     daemon [_thread_blocked, id=11336, stack(0x00000034c3f00000,0x00000034c4000000) (1024K)]
  0x0000015b7b29f250 JavaThread "Worker-JM"                         [_thread_blocked, id=19480, stack(0x00000034c5100000,0x00000034c5200000) (1024K)]
  0x0000015b7b29f8e0 JavaThread "JNA Cleaner"                daemon [_thread_blocked, id=21728, stack(0x00000034c5300000,0x00000034c5400000) (1024K)]
  0x0000015b7b2a2040 JavaThread "Worker-0"                          [_thread_blocked, id=20964, stack(0x00000034c5400000,0x00000034c5500000) (1024K)]
  0x0000015b7b2a0c90 JavaThread "Worker-1: Repository registry initialization"        [_thread_in_Java, id=20628, stack(0x00000034c5500000,0x00000034c5600000) (1024K)]
  0x0000015b7b2a1320 JavaThread "Java indexing"              daemon [_thread_blocked, id=16376, stack(0x00000034c5600000,0x00000034c5700000) (1024K)]
  0x0000015b7b2a19b0 JavaThread "Worker-2"                          [_thread_blocked, id=18764, stack(0x00000034c5900000,0x00000034c5a00000) (1024K)]
  0x0000015b7b29ff70 JavaThread "Worker-3"                          [_thread_blocked, id=20056, stack(0x00000034c5a00000,0x00000034c5b00000) (1024K)]
  0x0000015b7b2a26d0 JavaThread "Thread-2"                   daemon [_thread_in_native, id=6560, stack(0x00000034c5b00000,0x00000034c5c00000) (1024K)]
  0x0000015b7b2a0600 JavaThread "Thread-3"                   daemon [_thread_in_native, id=11832, stack(0x00000034c5c00000,0x00000034c5d00000) (1024K)]
  0x0000015b7d8f9290 JavaThread "Thread-4"                   daemon [_thread_in_native, id=23136, stack(0x00000034c5d00000,0x00000034c5e00000) (1024K)]
  0x0000015b7d8f5e10 JavaThread "Thread-5"                   daemon [_thread_in_native, id=23108, stack(0x00000034c5e00000,0x00000034c5f00000) (1024K)]
  0x0000015b7d8f3020 JavaThread "Thread-6"                   daemon [_thread_in_native, id=20164, stack(0x00000034c5f00000,0x00000034c6000000) (1024K)]
  0x0000015b7d8f64a0 JavaThread "Thread-7"                   daemon [_thread_in_native, id=12636, stack(0x00000034c6000000,0x00000034c6100000) (1024K)]
  0x0000015b7d8f6b30 JavaThread "Thread-8"                   daemon [_thread_in_native, id=19612, stack(0x00000034c6100000,0x00000034c6200000) (1024K)]
  0x0000015b7d8f4a60 JavaThread "Thread-9"                   daemon [_thread_in_native, id=21808, stack(0x00000034c6200000,0x00000034c6300000) (1024K)]
  0x0000015b7d8f50f0 JavaThread "Thread-10"                  daemon [_thread_in_native, id=18708, stack(0x00000034c6300000,0x00000034c6400000) (1024K)]
  0x0000015b7d8f5780 JavaThread "Thread-11"                  daemon [_thread_in_native, id=18248, stack(0x00000034c6400000,0x00000034c6500000) (1024K)]
  0x0000015b7d8f71c0 JavaThread "Thread-12"                  daemon [_thread_in_native, id=20956, stack(0x00000034c6500000,0x00000034c6600000) (1024K)]
  0x0000015b7d8f7850 JavaThread "Thread-13"                  daemon [_thread_in_native, id=22168, stack(0x00000034c6600000,0x00000034c6700000) (1024K)]
  0x0000015b7d8fa640 JavaThread "Thread-14"                  daemon [_thread_in_native, id=24148, stack(0x00000034c6700000,0x00000034c6800000) (1024K)]
  0x0000015b7d8f7ee0 JavaThread "Thread-15"                  daemon [_thread_in_native, id=1040, stack(0x00000034c6800000,0x00000034c6900000) (1024K)]
  0x0000015b7d8f9fb0 JavaThread "Thread-16"                  daemon [_thread_in_native, id=10244, stack(0x00000034c6900000,0x00000034c6a00000) (1024K)]
  0x0000015b7d8f8570 JavaThread "Thread-17"                  daemon [_thread_in_native, id=4976, stack(0x00000034c6a00000,0x00000034c6b00000) (1024K)]
  0x0000015b7d8f36b0 JavaThread "Thread-18"                  daemon [_thread_in_native, id=10672, stack(0x00000034c6b00000,0x00000034c6c00000) (1024K)]
  0x0000015b7d8f8c00 JavaThread "pool-2-thread-1"                   [_thread_blocked, id=13132, stack(0x00000034c6c00000,0x00000034c6d00000) (1024K)]
  0x0000015b7d8f9920 JavaThread "WorkspaceEventsHandler"            [_thread_blocked, id=18468, stack(0x00000034c6d00000,0x00000034c6e00000) (1024K)]
  0x0000015b7d8f43d0 JavaThread "pool-1-thread-1"                   [_thread_blocked, id=20668, stack(0x00000034c6e00000,0x00000034c6f00000) (1024K)]
  0x0000015b7d8f3d40 JavaThread "ForkJoinPool.commonPool-worker-1" daemon [_thread_blocked, id=18116, stack(0x00000034c6f00000,0x00000034c7000000) (1024K)]
  0x0000015b7c5e9600 JavaThread "ForkJoinPool.commonPool-worker-2" daemon [_thread_blocked, id=9592, stack(0x00000034c7000000,0x00000034c7100000) (1024K)]
  0x0000015b7c5e8f70 JavaThread "ForkJoinPool.commonPool-worker-3" daemon [_thread_blocked, id=12264, stack(0x00000034c7100000,0x00000034c7200000) (1024K)]
  0x0000015b7c5ea320 JavaThread "ForkJoinPool.commonPool-worker-4" daemon [_thread_blocked, id=18768, stack(0x00000034c7200000,0x00000034c7300000) (1024K)]
  0x0000015b7c5ea9b0 JavaThread "ForkJoinPool.commonPool-worker-5" daemon [_thread_blocked, id=23336, stack(0x00000034c7300000,0x00000034c7400000) (1024K)]
  0x0000015b7c5e8250 JavaThread "ForkJoinPool.commonPool-worker-6" daemon [_thread_blocked, id=5824, stack(0x00000034c7400000,0x00000034c7500000) (1024K)]
  0x0000015b7c5e88e0 JavaThread "ForkJoinPool.commonPool-worker-8" daemon [_thread_blocked, id=19592, stack(0x00000034c7500000,0x00000034c7600000) (1024K)]
  0x0000015b7c5e9c90 JavaThread "ForkJoinPool.commonPool-worker-7" daemon [_thread_blocked, id=8812, stack(0x00000034c7600000,0x00000034c7700000) (1024K)]
  0x0000015b7c5eb040 JavaThread "ForkJoinPool.commonPool-worker-9" daemon [_thread_blocked, id=14060, stack(0x00000034c7700000,0x00000034c7800000) (1024K)]
  0x0000015b7c5e7bc0 JavaThread "ForkJoinPool.commonPool-worker-10" daemon [_thread_blocked, id=13436, stack(0x00000034c7800000,0x00000034c7900000) (1024K)]
  0x0000015b7d14c890 JavaThread "ForkJoinPool.commonPool-worker-11" daemon [_thread_blocked, id=6384, stack(0x00000034c7900000,0x00000034c7a00000) (1024K)]
  0x0000015b7d14cf20 JavaThread "ForkJoinPool.commonPool-worker-12" daemon [_thread_blocked, id=20176, stack(0x00000034c7a00000,0x00000034c7b00000) (1024K)]
  0x0000015b7d14f680 JavaThread "ForkJoinPool.commonPool-worker-13" daemon [_thread_blocked, id=1204, stack(0x00000034c7b00000,0x00000034c7c00000) (1024K)]
  0x0000015b7d14c200 JavaThread "ForkJoinPool.commonPool-worker-14" daemon [_thread_blocked, id=20636, stack(0x00000034c7c00000,0x00000034c7d00000) (1024K)]
  0x0000015b7d14e960 JavaThread "ForkJoinPool.commonPool-worker-15" daemon [_thread_blocked, id=20604, stack(0x00000034c7d00000,0x00000034c7e00000) (1024K)]
Total: 65

Other Threads:
  0x0000015b72f349b0 VMThread "VM Thread"                           [id=11124, stack(0x00000034c2f00000,0x00000034c3000000) (1024K)]
  0x0000015b5c50d8c0 WatcherThread "VM Periodic Task Thread"        [id=22320, stack(0x00000034c2e00000,0x00000034c2f00000) (1024K)]
  0x0000015b5c4be350 WorkerThread "GC Thread#0"                     [id=10824, stack(0x00000034c2d00000,0x00000034c2e00000) (1024K)]
  0x0000015b7aa93fd0 WorkerThread "GC Thread#1"                     [id=12944, stack(0x00000034c4000000,0x00000034c4100000) (1024K)]
  0x0000015b7a2a3450 WorkerThread "GC Thread#2"                     [id=5652, stack(0x00000034c4100000,0x00000034c4200000) (1024K)]
  0x0000015b7a2a37f0 WorkerThread "GC Thread#3"                     [id=16808, stack(0x00000034c4200000,0x00000034c4300000) (1024K)]
  0x0000015b7a2a3b90 WorkerThread "GC Thread#4"                     [id=18804, stack(0x00000034c4300000,0x00000034c4400000) (1024K)]
  0x0000015b7a2a3f30 WorkerThread "GC Thread#5"                     [id=22772, stack(0x00000034c4400000,0x00000034c4500000) (1024K)]
  0x0000015b7a1ac0d0 WorkerThread "GC Thread#6"                     [id=10080, stack(0x00000034c4500000,0x00000034c4600000) (1024K)]
  0x0000015b7a776410 WorkerThread "GC Thread#7"                     [id=9712, stack(0x00000034c4700000,0x00000034c4800000) (1024K)]
  0x0000015b7ade30d0 WorkerThread "GC Thread#8"                     [id=6252, stack(0x00000034c4b00000,0x00000034c4c00000) (1024K)]
  0x0000015b7ae0f3f0 WorkerThread "GC Thread#9"                     [id=24308, stack(0x00000034c4c00000,0x00000034c4d00000) (1024K)]
  0x0000015b7ae10270 WorkerThread "GC Thread#10"                    [id=10236, stack(0x00000034c4d00000,0x00000034c4e00000) (1024K)]
  0x0000015b7ae10610 WorkerThread "GC Thread#11"                    [id=4384, stack(0x00000034c5000000,0x00000034c5100000) (1024K)]
  0x0000015b7ae10d50 WorkerThread "GC Thread#12"                    [id=23940, stack(0x00000034c5200000,0x00000034c5300000) (1024K)]
Total: 15

Threads with active compile tasks:
C2 CompilerThread0  4393 6402   !   4       org.eclipse.osgi.internal.loader.BundleLoader::findClass0 (491 bytes)
Total: 1

VM state: not at safepoint (normal execution)

VM Mutex/Monitor currently owned by a thread: None

Heap address: 0x0000000080000000, size: 2048 MB, Compressed Oops mode: 32-bit

CDS archive(s) mapped at: [0x0000015b00000000-0x0000015b00ba0000-0x0000015b00ba0000), size 12189696, SharedBaseAddress: 0x0000015b00000000, ArchiveRelocationMode: 1.
Compressed class space mapped at: 0x0000015b01000000-0x0000015b41000000, reserved size: 1073741824
Narrow klass base: 0x0000015b00000000, Narrow klass shift: 0, Narrow klass range: 0x100000000

GC Precious Log:
 CardTable entry size: 512
 CPUs: 16 total, 16 available
 Memory: 16085M
 Large Page Support: Disabled
 NUMA Support: Disabled
 Compressed Oops: Enabled (32-bit)
 Alignments: Space 512K, Generation 512K, Heap 2M
 Heap Min Capacity: 100M
 Heap Initial Capacity: 100M
 Heap Max Capacity: 2G
 Pre-touch: Disabled
 Parallel Workers: 13

Heap:
 PSYoungGen      total 23040K, used 21259K [0x00000000d5580000, 0x00000000d7600000, 0x0000000100000000)
  eden space 22016K, 92% used [0x00000000d5580000,0x00000000d6972c90,0x00000000d6b00000)
  from space 1024K, 81% used [0x00000000d6e00000,0x00000000d6ed0000,0x00000000d6f00000)
  to   space 2560K, 0% used [0x00000000d7380000,0x00000000d7380000,0x00000000d7600000)
 ParOldGen       total 68608K, used 33153K [0x0000000080000000, 0x0000000084300000, 0x00000000d5580000)
  object space 68608K, 48% used [0x0000000080000000,0x00000000820604e8,0x0000000084300000)
 Metaspace       used 43819K, committed 45056K, reserved 1114112K
  class space    used 4679K, committed 5248K, reserved 1048576K

Card table byte_map: [0x0000015b5be50000,0x0000015b5c260000] _byte_map_base: 0x0000015b5ba50000

Marking Bits: (ParMarkBitMap*) 0x00007ffe8a08a340
 Begin Bits: [0x0000015b6e950000, 0x0000015b70950000)
 End Bits:   [0x0000015b70950000, 0x0000015b72950000)

Polling page: 0x0000015b5a2f0000

Metaspace:

Usage:
  Non-class:     38.22 MB used.
      Class:      4.57 MB used.
       Both:     42.79 MB used.

Virtual space:
  Non-class space:       64.00 MB reserved,      38.88 MB ( 61%) committed,  1 nodes.
      Class space:        1.00 GB reserved,       5.12 MB ( <1%) committed,  1 nodes.
             Both:        1.06 GB reserved,      44.00 MB (  4%) committed. 

Chunk freelists:
   Non-Class:  8.53 MB
       Class:  10.89 MB
        Both:  19.42 MB

MaxMetaspaceSize: unlimited
CompressedClassSpaceSize: 1.00 GB
Initial GC threshold: 21.00 MB
Current GC threshold: 58.38 MB
CDS: on
 - commit_granule_bytes: 65536.
 - commit_granule_words: 8192.
 - virtual_space_node_default_size: 8388608.
 - enlarge_chunks_in_place: 1.
 - use_allocation_guard: 0.


Internal statistics:

num_allocs_failed_limit: 6.
num_arena_births: 960.
num_arena_deaths: 14.
num_vsnodes_births: 2.
num_vsnodes_deaths: 0.
num_space_committed: 704.
num_space_uncommitted: 0.
num_chunks_returned_to_freelist: 20.
num_chunks_taken_from_freelist: 2880.
num_chunk_merges: 8.
num_chunk_splits: 1817.
num_chunks_enlarged: 1084.
num_inconsistent_stats: 0.

CodeHeap 'non-profiled nmethods': size=119168Kb used=2790Kb max_used=2790Kb free=116377Kb
 bounds [0x0000015b67240000, 0x0000015b67500000, 0x0000015b6e6a0000]
CodeHeap 'profiled nmethods': size=119104Kb used=12574Kb max_used=12574Kb free=106529Kb
 bounds [0x0000015b5f6a0000, 0x0000015b602f0000, 0x0000015b66af0000]
CodeHeap 'non-nmethods': size=7488Kb used=3063Kb max_used=3140Kb free=4424Kb
 bounds [0x0000015b66af0000, 0x0000015b66e10000, 0x0000015b67240000]
CodeCache: size=245760Kb, used=18427Kb, max_used=18504Kb, free=227330Kb
 total_blobs=6514, nmethods=5851, adapters=566, full_count=0
Compilation: enabled, stopped_count=0, restarted_count=0

Compilation events (20 events):
Event: 4.342 Thread 0x0000015b744fb5a0 nmethod 6406 0x0000015b602c2710 code [0x0000015b602c28c0, 0x0000015b602c2a48]
Event: 4.342 Thread 0x0000015b744fb5a0 6410       3       com.google.inject.spi.InjectionPoint::<init> (67 bytes)
Event: 4.342 Thread 0x0000015b745ffae0 nmethod 6408 0x0000015b602c2b10 code [0x0000015b602c2ce0, 0x0000015b602c2f50]
Event: 4.342 Thread 0x0000015b74600180 nmethod 6407 0x0000015b602c3090 code [0x0000015b602c3280, 0x0000015b602c3608]
Event: 4.342 Thread 0x0000015b747ac240 nmethod 6409 0x0000015b602c3790 code [0x0000015b602c3980, 0x0000015b602c3e28]
Event: 4.342 Thread 0x0000015b74600180 6411       3       com.google.inject.internal.KotlinSupport$KotlinUnsupported::checkConstructorParameterAnnotations (1 bytes)
Event: 4.342 Thread 0x0000015b745ffae0 6412       3       java.lang.reflect.Constructor::getParameterAnnotations (13 bytes)
Event: 4.342 Thread 0x0000015b747ac240 6413       3       com.google.inject.internal.KotlinSupport$KotlinUnsupported::getIsParameterKotlinNullablePredicate (4 bytes)
Event: 4.342 Thread 0x0000015b74600180 nmethod 6411 0x0000015b5fc53390 code [0x0000015b5fc53520, 0x0000015b5fc53628]
Event: 4.342 Thread 0x0000015b747ac240 nmethod 6413 0x0000015b602c3f90 code [0x0000015b602c4120, 0x0000015b602c4238]
Event: 4.342 Thread 0x0000015b745ffae0 nmethod 6412 0x0000015b602c4310 code [0x0000015b602c44c0, 0x0000015b602c4690]
Event: 4.342 Thread 0x0000015b744fb5a0 nmethod 6410 0x0000015b602c4710 code [0x0000015b602c4920, 0x0000015b602c5070]
Event: 4.343 Thread 0x0000015b7468b720 6415   !   4       sun.instrument.TransformerManager::transform (100 bytes)
Event: 4.343 Thread 0x0000015b7a0bbc20 6414       4       sun.instrument.InstrumentationImpl::transform (73 bytes)
Event: 4.347 Thread 0x0000015b7468b720 nmethod 6415 0x0000015b674f4210 code [0x0000015b674f43c0, 0x0000015b674f45d0]
Event: 4.347 Thread 0x0000015b7468b720 6416       4       java.lang.instrument.ClassFileTransformer::transform (15 bytes)
Event: 4.347 Thread 0x0000015b7468b720 nmethod 6416 0x0000015b674f4890 code [0x0000015b674f4a20, 0x0000015b674f4b20]
Event: 4.348 Thread 0x0000015b7a0bbc20 nmethod 6414 0x0000015b674f4c10 code [0x0000015b674f4dc0, 0x0000015b674f5108]
Event: 4.356 Thread 0x0000015b744fb5a0 6417       3       java.lang.invoke.LambdaForm$Name::<init> (99 bytes)
Event: 4.357 Thread 0x0000015b744fb5a0 nmethod 6417 0x0000015b602c5390 code [0x0000015b602c5540, 0x0000015b602c5738]

GC Heap History (20 events):
Event: 2.784 GC heap before
{Heap before GC invocations=10 (full 1):
 PSYoungGen      total 27136K, used 26808K [0x00000000d5580000, 0x00000000d7600000, 0x0000000100000000)
  eden space 24064K, 100% used [0x00000000d5580000,0x00000000d6d00000,0x00000000d6d00000)
  from space 3072K, 89% used [0x00000000d7300000,0x00000000d75ae098,0x00000000d7600000)
  to   space 3584K, 0% used [0x00000000d6f00000,0x00000000d6f00000,0x00000000d7280000)
 ParOldGen       total 68608K, used 12624K [0x0000000080000000, 0x0000000084300000, 0x00000000d5580000)
  object space 68608K, 18% used [0x0000000080000000,0x0000000080c54238,0x0000000084300000)
 Metaspace       used 26350K, committed 27264K, reserved 1114112K
  class space    used 2615K, committed 3008K, reserved 1048576K
}
Event: 2.786 GC heap after
{Heap after GC invocations=10 (full 1):
 PSYoungGen      total 25600K, used 1654K [0x00000000d5580000, 0x00000000d7380000, 0x0000000100000000)
  eden space 23552K, 0% used [0x00000000d5580000,0x00000000d5580000,0x00000000d6c80000)
  from space 2048K, 80% used [0x00000000d6f00000,0x00000000d709db60,0x00000000d7100000)
  to   space 2560K, 0% used [0x00000000d7100000,0x00000000d7100000,0x00000000d7380000)
 ParOldGen       total 68608K, used 12632K [0x0000000080000000, 0x0000000084300000, 0x00000000d5580000)
  object space 68608K, 18% used [0x0000000080000000,0x0000000080c56238,0x0000000084300000)
 Metaspace       used 26350K, committed 27264K, reserved 1114112K
  class space    used 2615K, committed 3008K, reserved 1048576K
}
Event: 2.989 GC heap before
{Heap before GC invocations=11 (full 1):
 PSYoungGen      total 25600K, used 25206K [0x00000000d5580000, 0x00000000d7380000, 0x0000000100000000)
  eden space 23552K, 100% used [0x00000000d5580000,0x00000000d6c80000,0x00000000d6c80000)
  from space 2048K, 80% used [0x00000000d6f00000,0x00000000d709db60,0x00000000d7100000)
  to   space 2560K, 0% used [0x00000000d7100000,0x00000000d7100000,0x00000000d7380000)
 ParOldGen       total 68608K, used 12632K [0x0000000080000000, 0x0000000084300000, 0x00000000d5580000)
  object space 68608K, 18% used [0x0000000080000000,0x0000000080c56238,0x0000000084300000)
 Metaspace       used 28000K, committed 28992K, reserved 1114112K
  class space    used 2728K, committed 3200K, reserved 1048576K
}
Event: 2.992 GC heap after
{Heap after GC invocations=11 (full 1):
 PSYoungGen      total 25088K, used 2011K [0x00000000d5580000, 0x00000000d7300000, 0x0000000100000000)
  eden space 23040K, 0% used [0x00000000d5580000,0x00000000d5580000,0x00000000d6c00000)
  from space 2048K, 98% used [0x00000000d7100000,0x00000000d72f6da0,0x00000000d7300000)
  to   space 2560K, 0% used [0x00000000d6e00000,0x00000000d6e00000,0x00000000d7080000)
 ParOldGen       total 68608K, used 14481K [0x0000000080000000, 0x0000000084300000, 0x00000000d5580000)
  object space 68608K, 21% used [0x0000000080000000,0x0000000080e24500,0x0000000084300000)
 Metaspace       used 28000K, committed 28992K, reserved 1114112K
  class space    used 2728K, committed 3200K, reserved 1048576K
}
Event: 3.251 GC heap before
{Heap before GC invocations=12 (full 1):
 PSYoungGen      total 25088K, used 25032K [0x00000000d5580000, 0x00000000d7300000, 0x0000000100000000)
  eden space 23040K, 99% used [0x00000000d5580000,0x00000000d6bfb528,0x00000000d6c00000)
  from space 2048K, 98% used [0x00000000d7100000,0x00000000d72f6da0,0x00000000d7300000)
  to   space 2560K, 0% used [0x00000000d6e00000,0x00000000d6e00000,0x00000000d7080000)
 ParOldGen       total 68608K, used 14481K [0x0000000080000000, 0x0000000084300000, 0x00000000d5580000)
  object space 68608K, 21% used [0x0000000080000000,0x0000000080e24500,0x0000000084300000)
 Metaspace       used 31147K, committed 32192K, reserved 1114112K
  class space    used 3084K, committed 3520K, reserved 1048576K
}
Event: 3.253 GC heap after
{Heap after GC invocations=12 (full 1):
 PSYoungGen      total 25088K, used 2267K [0x00000000d5580000, 0x00000000d7180000, 0x0000000100000000)
  eden space 22528K, 0% used [0x00000000d5580000,0x00000000d5580000,0x00000000d6b80000)
  from space 2560K, 88% used [0x00000000d6e00000,0x00000000d7036f08,0x00000000d7080000)
  to   space 1024K, 0% used [0x00000000d7080000,0x00000000d7080000,0x00000000d7180000)
 ParOldGen       total 68608K, used 16330K [0x0000000080000000, 0x0000000084300000, 0x00000000d5580000)
  object space 68608K, 23% used [0x0000000080000000,0x0000000080ff2ae8,0x0000000084300000)
 Metaspace       used 31147K, committed 32192K, reserved 1114112K
  class space    used 3084K, committed 3520K, reserved 1048576K
}
Event: 3.367 GC heap before
{Heap before GC invocations=13 (full 1):
 PSYoungGen      total 25088K, used 24795K [0x00000000d5580000, 0x00000000d7180000, 0x0000000100000000)
  eden space 22528K, 100% used [0x00000000d5580000,0x00000000d6b80000,0x00000000d6b80000)
  from space 2560K, 88% used [0x00000000d6e00000,0x00000000d7036f08,0x00000000d7080000)
  to   space 1024K, 0% used [0x00000000d7080000,0x00000000d7080000,0x00000000d7180000)
 ParOldGen       total 68608K, used 16330K [0x0000000080000000, 0x0000000084300000, 0x00000000d5580000)
  object space 68608K, 23% used [0x0000000080000000,0x0000000080ff2ae8,0x0000000084300000)
 Metaspace       used 33875K, committed 35008K, reserved 1114112K
  class space    used 3420K, committed 3904K, reserved 1048576K
}
Event: 3.370 GC heap after
{Heap after GC invocations=13 (full 1):
 PSYoungGen      total 23040K, used 1024K [0x00000000d5580000, 0x00000000d7400000, 0x0000000100000000)
  eden space 22016K, 0% used [0x00000000d5580000,0x00000000d5580000,0x00000000d6b00000)
  from space 1024K, 100% used [0x00000000d7080000,0x00000000d7180000,0x00000000d7180000)
  to   space 4608K, 0% used [0x00000000d6b00000,0x00000000d6b00000,0x00000000d6f80000)
 ParOldGen       total 68608K, used 19386K [0x0000000080000000, 0x0000000084300000, 0x00000000d5580000)
  object space 68608K, 28% used [0x0000000080000000,0x00000000812eeb80,0x0000000084300000)
 Metaspace       used 33875K, committed 35008K, reserved 1114112K
  class space    used 3420K, committed 3904K, reserved 1048576K
}
Event: 3.449 GC heap before
{Heap before GC invocations=14 (full 1):
 PSYoungGen      total 23040K, used 10124K [0x00000000d5580000, 0x00000000d7400000, 0x0000000100000000)
  eden space 22016K, 41% used [0x00000000d5580000,0x00000000d5e63090,0x00000000d6b00000)
  from space 1024K, 100% used [0x00000000d7080000,0x00000000d7180000,0x00000000d7180000)
  to   space 4608K, 0% used [0x00000000d6b00000,0x00000000d6b00000,0x00000000d6f80000)
 ParOldGen       total 68608K, used 19386K [0x0000000080000000, 0x0000000084300000, 0x00000000d5580000)
  object space 68608K, 28% used [0x0000000080000000,0x00000000812eeb80,0x0000000084300000)
 Metaspace       used 34696K, committed 35840K, reserved 1114112K
  class space    used 3527K, committed 4032K, reserved 1048576K
}
Event: 3.450 GC heap after
{Heap after GC invocations=14 (full 1):
 PSYoungGen      total 23552K, used 1056K [0x00000000d5580000, 0x00000000d7100000, 0x0000000100000000)
  eden space 22016K, 0% used [0x00000000d5580000,0x00000000d5580000,0x00000000d6b00000)
  from space 1536K, 68% used [0x00000000d6b00000,0x00000000d6c08000,0x00000000d6c80000)
  to   space 2560K, 0% used [0x00000000d6e80000,0x00000000d6e80000,0x00000000d7100000)
 ParOldGen       total 68608K, used 20231K [0x0000000080000000, 0x0000000084300000, 0x00000000d5580000)
  object space 68608K, 29% used [0x0000000080000000,0x00000000813c1cb0,0x0000000084300000)
 Metaspace       used 34696K, committed 35840K, reserved 1114112K
  class space    used 3527K, committed 4032K, reserved 1048576K
}
Event: 3.450 GC heap before
{Heap before GC invocations=15 (full 2):
 PSYoungGen      total 23552K, used 1056K [0x00000000d5580000, 0x00000000d7100000, 0x0000000100000000)
  eden space 22016K, 0% used [0x00000000d5580000,0x00000000d5580000,0x00000000d6b00000)
  from space 1536K, 68% used [0x00000000d6b00000,0x00000000d6c08000,0x00000000d6c80000)
  to   space 2560K, 0% used [0x00000000d6e80000,0x00000000d6e80000,0x00000000d7100000)
 ParOldGen       total 68608K, used 20231K [0x0000000080000000, 0x0000000084300000, 0x00000000d5580000)
  object space 68608K, 29% used [0x0000000080000000,0x00000000813c1cb0,0x0000000084300000)
 Metaspace       used 34696K, committed 35840K, reserved 1114112K
  class space    used 3527K, committed 4032K, reserved 1048576K
}
Event: 3.479 GC heap after
{Heap after GC invocations=15 (full 2):
 PSYoungGen      total 23552K, used 0K [0x00000000d5580000, 0x00000000d7100000, 0x0000000100000000)
  eden space 22016K, 0% used [0x00000000d5580000,0x00000000d5580000,0x00000000d6b00000)
  from space 1536K, 0% used [0x00000000d6b00000,0x00000000d6b00000,0x00000000d6c80000)
  to   space 2560K, 0% used [0x00000000d6e80000,0x00000000d6e80000,0x00000000d7100000)
 ParOldGen       total 68608K, used 20190K [0x0000000080000000, 0x0000000084300000, 0x00000000d5580000)
  object space 68608K, 29% used [0x0000000080000000,0x00000000813b7898,0x0000000084300000)
 Metaspace       used 34696K, committed 35840K, reserved 1114112K
  class space    used 3527K, committed 4032K, reserved 1048576K
}
Event: 3.586 GC heap before
{Heap before GC invocations=16 (full 2):
 PSYoungGen      total 23552K, used 22016K [0x00000000d5580000, 0x00000000d7100000, 0x0000000100000000)
  eden space 22016K, 100% used [0x00000000d5580000,0x00000000d6b00000,0x00000000d6b00000)
  from space 1536K, 0% used [0x00000000d6b00000,0x00000000d6b00000,0x00000000d6c80000)
  to   space 2560K, 0% used [0x00000000d6e80000,0x00000000d6e80000,0x00000000d7100000)
 ParOldGen       total 68608K, used 20190K [0x0000000080000000, 0x0000000084300000, 0x00000000d5580000)
  object space 68608K, 29% used [0x0000000080000000,0x00000000813b7898,0x0000000084300000)
 Metaspace       used 36337K, committed 37568K, reserved 1114112K
  class space    used 3681K, committed 4224K, reserved 1048576K
}
Event: 3.588 GC heap after
{Heap after GC invocations=16 (full 2):
 PSYoungGen      total 23040K, used 960K [0x00000000d5580000, 0x00000000d6f80000, 0x0000000100000000)
  eden space 22016K, 0% used [0x00000000d5580000,0x00000000d5580000,0x00000000d6b00000)
  from space 1024K, 93% used [0x00000000d6e80000,0x00000000d6f70000,0x00000000d6f80000)
  to   space 1536K, 0% used [0x00000000d6c80000,0x00000000d6c80000,0x00000000d6e00000)
 ParOldGen       total 68608K, used 20198K [0x0000000080000000, 0x0000000084300000, 0x00000000d5580000)
  object space 68608K, 29% used [0x0000000080000000,0x00000000813b9898,0x0000000084300000)
 Metaspace       used 36337K, committed 37568K, reserved 1114112K
  class space    used 3681K, committed 4224K, reserved 1048576K
}
Event: 3.721 GC heap before
{Heap before GC invocations=17 (full 2):
 PSYoungGen      total 23040K, used 22976K [0x00000000d5580000, 0x00000000d6f80000, 0x0000000100000000)
  eden space 22016K, 100% used [0x00000000d5580000,0x00000000d6b00000,0x00000000d6b00000)
  from space 1024K, 93% used [0x00000000d6e80000,0x00000000d6f70000,0x00000000d6f80000)
  to   space 1536K, 0% used [0x00000000d6c80000,0x00000000d6c80000,0x00000000d6e00000)
 ParOldGen       total 68608K, used 20198K [0x0000000080000000, 0x0000000084300000, 0x00000000d5580000)
  object space 68608K, 29% used [0x0000000080000000,0x00000000813b9898,0x0000000084300000)
 Metaspace       used 37999K, committed 39232K, reserved 1114112K
  class space    used 3925K, committed 4480K, reserved 1048576K
}
Event: 3.724 GC heap after
{Heap after GC invocations=17 (full 2):
 PSYoungGen      total 23552K, used 1521K [0x00000000d5580000, 0x00000000d8000000, 0x0000000100000000)
  eden space 22016K, 0% used [0x00000000d5580000,0x00000000d5580000,0x00000000d6b00000)
  from space 1536K, 99% used [0x00000000d6c80000,0x00000000d6dfc7c0,0x00000000d6e00000)
  to   space 10752K, 0% used [0x00000000d7580000,0x00000000d7580000,0x00000000d8000000)
 ParOldGen       total 68608K, used 27585K [0x0000000080000000, 0x0000000084300000, 0x00000000d5580000)
  object space 68608K, 40% used [0x0000000080000000,0x0000000081af04b8,0x0000000084300000)
 Metaspace       used 37999K, committed 39232K, reserved 1114112K
  class space    used 3925K, committed 4480K, reserved 1048576K
}
Event: 3.858 GC heap before
{Heap before GC invocations=18 (full 2):
 PSYoungGen      total 23552K, used 23537K [0x00000000d5580000, 0x00000000d8000000, 0x0000000100000000)
  eden space 22016K, 100% used [0x00000000d5580000,0x00000000d6b00000,0x00000000d6b00000)
  from space 1536K, 99% used [0x00000000d6c80000,0x00000000d6dfc7c0,0x00000000d6e00000)
  to   space 10752K, 0% used [0x00000000d7580000,0x00000000d7580000,0x00000000d8000000)
 ParOldGen       total 68608K, used 27585K [0x0000000080000000, 0x0000000084300000, 0x00000000d5580000)
  object space 68608K, 40% used [0x0000000080000000,0x0000000081af04b8,0x0000000084300000)
 Metaspace       used 39300K, committed 40576K, reserved 1114112K
  class space    used 4108K, committed 4672K, reserved 1048576K
}
Event: 3.862 GC heap after
{Heap after GC invocations=18 (full 2):
 PSYoungGen      total 26624K, used 4352K [0x00000000d5580000, 0x00000000d7a00000, 0x0000000100000000)
  eden space 22016K, 0% used [0x00000000d5580000,0x00000000d5580000,0x00000000d6b00000)
  from space 4608K, 94% used [0x00000000d7580000,0x00000000d79c0000,0x00000000d7a00000)
  to   space 6144K, 0% used [0x00000000d6e00000,0x00000000d6e00000,0x00000000d7400000)
 ParOldGen       total 68608K, used 28995K [0x0000000080000000, 0x0000000084300000, 0x00000000d5580000)
  object space 68608K, 42% used [0x0000000080000000,0x0000000081c50d58,0x0000000084300000)
 Metaspace       used 39300K, committed 40576K, reserved 1114112K
  class space    used 4108K, committed 4672K, reserved 1048576K
}
Event: 4.134 GC heap before
{Heap before GC invocations=19 (full 2):
 PSYoungGen      total 26624K, used 26368K [0x00000000d5580000, 0x00000000d7a00000, 0x0000000100000000)
  eden space 22016K, 100% used [0x00000000d5580000,0x00000000d6b00000,0x00000000d6b00000)
  from space 4608K, 94% used [0x00000000d7580000,0x00000000d79c0000,0x00000000d7a00000)
  to   space 6144K, 0% used [0x00000000d6e00000,0x00000000d6e00000,0x00000000d7400000)
 ParOldGen       total 68608K, used 28995K [0x0000000080000000, 0x0000000084300000, 0x00000000d5580000)
  object space 68608K, 42% used [0x0000000080000000,0x0000000081c50d58,0x0000000084300000)
 Metaspace       used 41305K, committed 42496K, reserved 1114112K
  class space    used 4379K, committed 4928K, reserved 1048576K
}
Event: 4.137 GC heap after
{Heap after GC invocations=19 (full 2):
 PSYoungGen      total 23040K, used 832K [0x00000000d5580000, 0x00000000d7600000, 0x0000000100000000)
  eden space 22016K, 0% used [0x00000000d5580000,0x00000000d5580000,0x00000000d6b00000)
  from space 1024K, 81% used [0x00000000d6e00000,0x00000000d6ed0000,0x00000000d6f00000)
  to   space 2560K, 0% used [0x00000000d7380000,0x00000000d7380000,0x00000000d7600000)
 ParOldGen       total 68608K, used 33153K [0x0000000080000000, 0x0000000084300000, 0x00000000d5580000)
  object space 68608K, 48% used [0x0000000080000000,0x00000000820604e8,0x0000000084300000)
 Metaspace       used 41305K, committed 42496K, reserved 1114112K
  class space    used 4379K, committed 4928K, reserved 1048576K
}

Dll operation events (10 events):
Event: 0.008 Loaded shared library c:\Users\OMAR INFO\.windsurf\extensions\redhat.java-1.45.0-win32-x64\jre\21.0.8-win32-x86_64\bin\java.dll
Event: 0.077 Loaded shared library c:\Users\OMAR INFO\.windsurf\extensions\redhat.java-1.45.0-win32-x64\jre\21.0.8-win32-x86_64\bin\zip.dll
Event: 0.092 Loaded shared library C:\Users\OMAR INFO\.windsurf\extensions\redhat.java-1.45.0-win32-x64\jre\21.0.8-win32-x86_64\bin\instrument.dll
Event: 0.095 Loaded shared library C:\Users\OMAR INFO\.windsurf\extensions\redhat.java-1.45.0-win32-x64\jre\21.0.8-win32-x86_64\bin\net.dll
Event: 0.097 Loaded shared library C:\Users\OMAR INFO\.windsurf\extensions\redhat.java-1.45.0-win32-x64\jre\21.0.8-win32-x86_64\bin\nio.dll
Event: 0.099 Loaded shared library C:\Users\OMAR INFO\.windsurf\extensions\redhat.java-1.45.0-win32-x64\jre\21.0.8-win32-x86_64\bin\zip.dll
Event: 0.112 Loaded shared library C:\Users\OMAR INFO\.windsurf\extensions\redhat.java-1.45.0-win32-x64\jre\21.0.8-win32-x86_64\bin\jimage.dll
Event: 0.168 Loaded shared library c:\Users\OMAR INFO\.windsurf\extensions\redhat.java-1.45.0-win32-x64\jre\21.0.8-win32-x86_64\bin\verify.dll
Event: 1.041 Loaded shared library C:\Users\OMAR INFO\AppData\Roaming\Windsurf\User\globalStorage\redhat.java\1.45.0\config_win\org.eclipse.equinox.launcher\org.eclipse.equinox.launcher.win32.win32.x86_64_1.2.1400.v20250801-0854\eclipse_11916.dll
Event: 2.018 Loaded shared library C:\Users\OMAR INFO\AppData\Local\Temp\jna--64980065\jna16600895306541463896.dll

Deoptimization events (20 events):
Event: 4.263 Thread 0x0000015b7b2a0c90 Uncommon trap: trap_request=0xffffffd6 fr.pc=0x0000015b674d6ae8 relative=0x00000000000000c8
Event: 4.263 Thread 0x0000015b7b2a0c90 Uncommon trap: reason=array_check action=maybe_recompile pc=0x0000015b674d6ae8 method=java.util.stream.Nodes$FixedNodeBuilder.accept(Ljava/lang/Object;)V @ 28 c2
Event: 4.263 Thread 0x0000015b7b2a0c90 DEOPT PACKING pc=0x0000015b674d6ae8 sp=0x00000034c55fdeb0
Event: 4.263 Thread 0x0000015b7b2a0c90 DEOPT UNPACKING pc=0x0000015b66b46da2 sp=0x00000034c55fde30 mode 2
Event: 4.359 Thread 0x0000015b7b2a0c90 Uncommon trap: trap_request=0xffffffde fr.pc=0x0000015b67468144 relative=0x0000000000000624
Event: 4.359 Thread 0x0000015b7b2a0c90 Uncommon trap: reason=class_check action=maybe_recompile pc=0x0000015b67468144 method=java.util.TreeMap.put(Ljava/lang/Object;Ljava/lang/Object;Z)Ljava/lang/Object; @ 118 c2
Event: 4.359 Thread 0x0000015b7b2a0c90 DEOPT PACKING pc=0x0000015b67468144 sp=0x00000034c55fdcc0
Event: 4.359 Thread 0x0000015b7b2a0c90 DEOPT UNPACKING pc=0x0000015b66b46da2 sp=0x00000034c55fdc50 mode 2
Event: 4.359 Thread 0x0000015b7b2a0c90 Uncommon trap: trap_request=0xffffffde fr.pc=0x0000015b67468144 relative=0x0000000000000624
Event: 4.359 Thread 0x0000015b7b2a0c90 Uncommon trap: reason=class_check action=maybe_recompile pc=0x0000015b67468144 method=java.util.TreeMap.put(Ljava/lang/Object;Ljava/lang/Object;Z)Ljava/lang/Object; @ 118 c2
Event: 4.359 Thread 0x0000015b7b2a0c90 DEOPT PACKING pc=0x0000015b67468144 sp=0x00000034c55fdcc0
Event: 4.359 Thread 0x0000015b7b2a0c90 DEOPT UNPACKING pc=0x0000015b66b46da2 sp=0x00000034c55fdc50 mode 2
Event: 4.359 Thread 0x0000015b7b2a0c90 Uncommon trap: trap_request=0xffffffde fr.pc=0x0000015b67468144 relative=0x0000000000000624
Event: 4.359 Thread 0x0000015b7b2a0c90 Uncommon trap: reason=class_check action=maybe_recompile pc=0x0000015b67468144 method=java.util.TreeMap.put(Ljava/lang/Object;Ljava/lang/Object;Z)Ljava/lang/Object; @ 118 c2
Event: 4.359 Thread 0x0000015b7b2a0c90 DEOPT PACKING pc=0x0000015b67468144 sp=0x00000034c55fdcc0
Event: 4.359 Thread 0x0000015b7b2a0c90 DEOPT UNPACKING pc=0x0000015b66b46da2 sp=0x00000034c55fdc50 mode 2
Event: 4.359 Thread 0x0000015b7b2a0c90 Uncommon trap: trap_request=0xffffffde fr.pc=0x0000015b67468144 relative=0x0000000000000624
Event: 4.359 Thread 0x0000015b7b2a0c90 Uncommon trap: reason=class_check action=maybe_recompile pc=0x0000015b67468144 method=java.util.TreeMap.put(Ljava/lang/Object;Ljava/lang/Object;Z)Ljava/lang/Object; @ 118 c2
Event: 4.359 Thread 0x0000015b7b2a0c90 DEOPT PACKING pc=0x0000015b67468144 sp=0x00000034c55fdcc0
Event: 4.359 Thread 0x0000015b7b2a0c90 DEOPT UNPACKING pc=0x0000015b66b46da2 sp=0x00000034c55fdc50 mode 2

Classes loaded (20 events):
Event: 3.769 Loading class java/lang/annotation/IncompleteAnnotationException
Event: 3.769 Loading class java/lang/annotation/IncompleteAnnotationException done
Event: 3.786 Loading class java/lang/foreign/MemorySegment
Event: 3.787 Loading class java/lang/foreign/MemorySegment done
Event: 4.034 Loading class sun/reflect/annotation/AnnotatedTypeFactory$AnnotatedParameterizedTypeImpl
Event: 4.034 Loading class java/lang/reflect/AnnotatedParameterizedType
Event: 4.034 Loading class java/lang/reflect/AnnotatedParameterizedType done
Event: 4.034 Loading class sun/reflect/annotation/AnnotatedTypeFactory$AnnotatedParameterizedTypeImpl done
Event: 4.096 Loading class java/util/concurrent/CompletionService
Event: 4.096 Loading class java/util/concurrent/CompletionService done
Event: 4.211 Loading class sun/reflect/generics/scope/ConstructorScope
Event: 4.211 Loading class sun/reflect/generics/scope/ConstructorScope done
Event: 4.211 Loading class sun/reflect/generics/tree/VoidDescriptor
Event: 4.211 Loading class sun/reflect/generics/tree/VoidDescriptor done
Event: 4.234 Loading class java/nio/channels/ServerSocketChannel
Event: 4.234 Loading class java/nio/channels/ServerSocketChannel done
Event: 4.354 Loading class java/lang/ExceptionInInitializerError
Event: 4.354 Loading class java/lang/ExceptionInInitializerError done
Event: 4.354 Loading class sun/misc/Unsafe
Event: 4.354 Loading class sun/misc/Unsafe done

Classes unloaded (7 events):
Event: 2.416 Thread 0x0000015b72f349b0 Unloading class 0x0000015b011ac800 'java/lang/invoke/LambdaForm$MH+0x0000015b011ac800'
Event: 2.416 Thread 0x0000015b72f349b0 Unloading class 0x0000015b011ac400 'java/lang/invoke/LambdaForm$MH+0x0000015b011ac400'
Event: 2.416 Thread 0x0000015b72f349b0 Unloading class 0x0000015b011ac000 'java/lang/invoke/LambdaForm$MH+0x0000015b011ac000'
Event: 2.416 Thread 0x0000015b72f349b0 Unloading class 0x0000015b011abc00 'java/lang/invoke/LambdaForm$MH+0x0000015b011abc00'
Event: 2.416 Thread 0x0000015b72f349b0 Unloading class 0x0000015b011ab800 'java/lang/invoke/LambdaForm$BMH+0x0000015b011ab800'
Event: 2.416 Thread 0x0000015b72f349b0 Unloading class 0x0000015b011ab400 'java/lang/invoke/LambdaForm$DMH+0x0000015b011ab400'
Event: 2.416 Thread 0x0000015b72f349b0 Unloading class 0x0000015b011aa000 'java/lang/invoke/LambdaForm$DMH+0x0000015b011aa000'

Classes redefined (0 events):
No events

Internal exceptions (20 events):
Event: 3.428 Thread 0x0000015b5a095910 Exception <a 'java/lang/NoSuchMethodError'{0x00000000d5c18918}: 'void java.lang.invoke.DirectMethodHandle$Holder.invokeSpecial(java.lang.Object, java.lang.Object, java.lang.Object, java.lang.Object, java.lang.Object, java.lang.Object)'> (0x00000000d5c18918) 
thrown [s\src\hotspot\share\interpreter\linkResolver.cpp, line 773]
Event: 3.429 Thread 0x0000015b5a095910 Exception <a 'java/lang/IncompatibleClassChangeError'{0x00000000d5c2fbe8}: Found class java.lang.Object, but interface was expected> (0x00000000d5c2fbe8) 
thrown [s\src\hotspot\share\interpreter\linkResolver.cpp, line 840]
Event: 3.429 Thread 0x0000015b5a095910 Exception <a 'java/lang/IncompatibleClassChangeError'{0x00000000d5c31980}: Found class java.lang.Object, but interface was expected> (0x00000000d5c31980) 
thrown [s\src\hotspot\share\interpreter\linkResolver.cpp, line 840]
Event: 3.524 Thread 0x0000015b7b2a2040 Exception <a 'sun/nio/fs/WindowsException'{0x00000000d5be1500}> (0x00000000d5be1500) 
thrown [s\src\hotspot\share\prims\jni.cpp, line 520]
Event: 3.560 Thread 0x0000015b7b2a2040 Exception <a 'java/io/FileNotFoundException'{0x00000000d62ac250}> (0x00000000d62ac250) 
thrown [s\src\hotspot\share\prims\jni.cpp, line 520]
Event: 3.560 Thread 0x0000015b7b2a2040 Exception <a 'java/io/FileNotFoundException'{0x00000000d62ad4d8}> (0x00000000d62ad4d8) 
thrown [s\src\hotspot\share\prims\jni.cpp, line 520]
Event: 3.561 Thread 0x0000015b7b2a2040 Exception <a 'java/lang/NoSuchMethodError'{0x00000000d63d4490}: 'java.lang.Object java.lang.invoke.DirectMethodHandle$Holder.newInvokeSpecial(java.lang.Object, java.lang.Object, java.lang.Object, int)'> (0x00000000d63d4490) 
thrown [s\src\hotspot\share\interpreter\linkResolver.cpp, line 773]
Event: 3.562 Thread 0x0000015b7b2a2040 Exception <a 'java/lang/NoSuchMethodError'{0x00000000d6438240}: 'java.lang.Object java.lang.invoke.DirectMethodHandle$Holder.invokeSpecial(java.lang.Object, java.lang.Object, java.lang.Object, java.lang.Object, int)'> (0x00000000d6438240) 
thrown [s\src\hotspot\share\interpreter\linkResolver.cpp, line 773]
Event: 3.562 Thread 0x0000015b7b2a2040 Exception <a 'java/lang/NoSuchMethodError'{0x00000000d643b6e8}: 'java.lang.Object java.lang.invoke.Invokers$Holder.linkToTargetMethod(java.lang.Object, java.lang.Object, int, java.lang.Object)'> (0x00000000d643b6e8) 
thrown [s\src\hotspot\share\interpreter\linkResolver.cpp, line 773]
Event: 3.564 Thread 0x0000015b7b2a2040 Exception <a 'java/lang/NoSuchMethodError'{0x00000000d64c6b68}: 'void java.lang.invoke.DirectMethodHandle$Holder.invokeStaticInit(java.lang.Object, java.lang.Object, java.lang.Object)'> (0x00000000d64c6b68) 
thrown [s\src\hotspot\share\interpreter\linkResolver.cpp, line 773]
Event: 3.580 Thread 0x0000015b7b2a0c90 Exception <a 'java/lang/NoSuchMethodError'{0x00000000d6993ca0}: 'java.lang.Object java.lang.invoke.DirectMethodHandle$Holder.invokeSpecialIFC(java.lang.Object, java.lang.Object, java.lang.Object, java.lang.Object)'> (0x00000000d6993ca0) 
thrown [s\src\hotspot\share\interpreter\linkResolver.cpp, line 773]
Event: 3.657 Thread 0x0000015b7b2a2040 Exception <a 'java/io/FileNotFoundException'{0x00000000d5f282f8}> (0x00000000d5f282f8) 
thrown [s\src\hotspot\share\prims\jni.cpp, line 520]
Event: 3.658 Thread 0x0000015b7b2a2040 Exception <a 'java/io/FileNotFoundException'{0x00000000d5f29468}> (0x00000000d5f29468) 
thrown [s\src\hotspot\share\prims\jni.cpp, line 520]
Event: 3.745 Thread 0x0000015b7d8f43d0 Exception <a 'java/io/FileNotFoundException'{0x00000000d5b53e48}> (0x00000000d5b53e48) 
thrown [s\src\hotspot\share\prims\jni.cpp, line 520]
Event: 3.765 Thread 0x0000015b7d8f43d0 Exception <a 'java/lang/NoSuchMethodError'{0x00000000d5e3da70}: 'java.lang.Object java.lang.invoke.DirectMethodHandle$Holder.invokeStatic(java.lang.Object, int, java.lang.Object, java.lang.Object)'> (0x00000000d5e3da70) 
thrown [s\src\hotspot\share\interpreter\linkResolver.cpp, line 773]
Event: 3.765 Thread 0x0000015b7d8f43d0 Exception <a 'java/lang/NoSuchMethodError'{0x00000000d5e41270}: 'java.lang.Object java.lang.invoke.DelegatingMethodHandle$Holder.delegate(java.lang.Object, int, java.lang.Object, java.lang.Object)'> (0x00000000d5e41270) 
thrown [s\src\hotspot\share\interpreter\linkResolver.cpp, line 773]
Event: 3.766 Thread 0x0000015b7d8f43d0 Implicit null exception at 0x0000015b6740c9f6 to 0x0000015b6740cd18
Event: 3.767 Thread 0x0000015b7d8f43d0 Exception <a 'java/lang/NoSuchMethodError'{0x00000000d5e54ef0}: 'int java.lang.invoke.Invokers$Holder.linkToTargetMethod(java.lang.Object, java.lang.Object, java.lang.Object)'> (0x00000000d5e54ef0) 
thrown [s\src\hotspot\share\interpreter\linkResolver.cpp, line 773]
Event: 3.769 Thread 0x0000015b7b2a0c90 Exception <a 'java/lang/NoClassDefFoundError'{0x00000000d5e7a908}: javax/enterprise/inject/Typed> (0x00000000d5e7a908) 
thrown [s\src\hotspot\share\classfile\systemDictionary.cpp, line 301]
Event: 4.355 Thread 0x0000015b7b2a0c90 Exception <a 'java/lang/ExceptionInInitializerError'{0x00000000d66205e8}> (0x00000000d66205e8) 
thrown [s\src\hotspot\share\oops\instanceKlass.cpp, line 1220]

ZGC Phase Switch (0 events):
No events

VM Operations (20 events):
Event: 3.449 Executing VM operation: CollectForMetadataAllocation (Metadata GC Threshold)
Event: 3.479 Executing VM operation: CollectForMetadataAllocation (Metadata GC Threshold) done
Event: 3.550 Executing VM operation: HandshakeAllThreads (Deoptimize)
Event: 3.551 Executing VM operation: HandshakeAllThreads (Deoptimize) done
Event: 3.586 Executing VM operation: ParallelGCFailedAllocation (Allocation Failure)
Event: 3.588 Executing VM operation: ParallelGCFailedAllocation (Allocation Failure) done
Event: 3.720 Executing VM operation: ParallelGCFailedAllocation (Allocation Failure)
Event: 3.724 Executing VM operation: ParallelGCFailedAllocation (Allocation Failure) done
Event: 3.738 Executing VM operation: HandshakeAllThreads (Deoptimize)
Event: 3.738 Executing VM operation: HandshakeAllThreads (Deoptimize) done
Event: 3.759 Executing VM operation: HandshakeAllThreads (Deoptimize)
Event: 3.759 Executing VM operation: HandshakeAllThreads (Deoptimize) done
Event: 3.858 Executing VM operation: ParallelGCFailedAllocation (Allocation Failure)
Event: 3.862 Executing VM operation: ParallelGCFailedAllocation (Allocation Failure) done
Event: 4.078 Executing VM operation: HandshakeAllThreads (Deoptimize)
Event: 4.078 Executing VM operation: HandshakeAllThreads (Deoptimize) done
Event: 4.134 Executing VM operation: ParallelGCFailedAllocation (Allocation Failure)
Event: 4.137 Executing VM operation: ParallelGCFailedAllocation (Allocation Failure) done
Event: 4.183 Executing VM operation: HandshakeAllThreads (Deoptimize)
Event: 4.183 Executing VM operation: HandshakeAllThreads (Deoptimize) done

Memory protections (0 events):
No events

Nmethod flushes (20 events):
Event: 3.465 Thread 0x0000015b72f349b0 flushing  nmethod 0x0000015b5fd84010
Event: 3.465 Thread 0x0000015b72f349b0 flushing  nmethod 0x0000015b5fdbbf90
Event: 3.465 Thread 0x0000015b72f349b0 flushing  nmethod 0x0000015b5fdc2410
Event: 3.465 Thread 0x0000015b72f349b0 flushing  nmethod 0x0000015b5fded390
Event: 3.465 Thread 0x0000015b72f349b0 flushing  nmethod 0x0000015b5fdeff10
Event: 3.465 Thread 0x0000015b72f349b0 flushing  nmethod 0x0000015b5fdf0810
Event: 3.465 Thread 0x0000015b72f349b0 flushing  nmethod 0x0000015b5fdf1a10
Event: 3.465 Thread 0x0000015b72f349b0 flushing  nmethod 0x0000015b5fdf2610
Event: 3.465 Thread 0x0000015b72f349b0 flushing  nmethod 0x0000015b5fdf2d90
Event: 3.465 Thread 0x0000015b72f349b0 flushing  nmethod 0x0000015b5fdf4310
Event: 3.465 Thread 0x0000015b72f349b0 flushing  nmethod 0x0000015b5fdf4810
Event: 3.465 Thread 0x0000015b72f349b0 flushing  nmethod 0x0000015b5fdf5110
Event: 3.465 Thread 0x0000015b72f349b0 flushing  nmethod 0x0000015b5fdf6510
Event: 3.465 Thread 0x0000015b72f349b0 flushing  nmethod 0x0000015b5fdf7f90
Event: 3.465 Thread 0x0000015b72f349b0 flushing  nmethod 0x0000015b5fdf9a10
Event: 3.465 Thread 0x0000015b72f349b0 flushing  nmethod 0x0000015b5fe3fa90
Event: 3.465 Thread 0x0000015b72f349b0 flushing  nmethod 0x0000015b5fe46910
Event: 3.465 Thread 0x0000015b72f349b0 flushing  nmethod 0x0000015b5fe66d10
Event: 3.465 Thread 0x0000015b72f349b0 flushing  nmethod 0x0000015b5ff3a990
Event: 3.465 Thread 0x0000015b72f349b0 flushing  nmethod 0x0000015b5ff3ae10

Events (20 events):
Event: 3.291 Thread 0x0000015b5a095910 Thread added: 0x0000015b7d8f8570
Event: 3.291 Thread 0x0000015b5a095910 Thread added: 0x0000015b7d8f36b0
Event: 3.317 Thread 0x0000015b5a095910 Thread added: 0x0000015b7d8f8c00
Event: 3.484 Thread 0x0000015b5a095910 Thread added: 0x0000015b7d8f9920
Event: 3.484 Thread 0x0000015b5a095910 Thread added: 0x0000015b7d8f43d0
Event: 3.659 Thread 0x0000015b7b2a2040 Thread added: 0x0000015b7d8f3d40
Event: 3.659 Thread 0x0000015b7b2a2040 Thread added: 0x0000015b7c5e9600
Event: 3.659 Thread 0x0000015b7d8f3d40 Thread added: 0x0000015b7c5e8f70
Event: 3.659 Thread 0x0000015b7c5e9600 Thread added: 0x0000015b7c5ea320
Event: 3.660 Thread 0x0000015b7c5e8f70 Thread added: 0x0000015b7c5ea9b0
Event: 3.660 Thread 0x0000015b7c5ea320 Thread added: 0x0000015b7c5e8250
Event: 3.660 Thread 0x0000015b7c5e8250 Thread added: 0x0000015b7c5e88e0
Event: 3.660 Thread 0x0000015b7c5ea9b0 Thread added: 0x0000015b7c5e9c90
Event: 3.660 Thread 0x0000015b7c5e88e0 Thread added: 0x0000015b7c5eb040
Event: 3.661 Thread 0x0000015b7c5e9c90 Thread added: 0x0000015b7c5e7bc0
Event: 3.661 Thread 0x0000015b7c5eb040 Thread added: 0x0000015b7d14c890
Event: 3.661 Thread 0x0000015b7c5e7bc0 Thread added: 0x0000015b7d14cf20
Event: 3.663 Thread 0x0000015b7d14c890 Thread added: 0x0000015b7d14f680
Event: 3.665 Thread 0x0000015b7d14cf20 Thread added: 0x0000015b7d14c200
Event: 3.678 Thread 0x0000015b7d14f680 Thread added: 0x0000015b7d14e960


Dynamic libraries:
0x00007ff6e3460000 - 0x00007ff6e346e000 	c:\Users\OMAR INFO\.windsurf\extensions\redhat.java-1.45.0-win32-x64\jre\21.0.8-win32-x86_64\bin\java.exe
0x00007ffeec490000 - 0x00007ffeec688000 	C:\Windows\SYSTEM32\ntdll.dll
0x00007ffeea8d0000 - 0x00007ffeea992000 	C:\Windows\System32\KERNEL32.DLL
0x00007ffee9da0000 - 0x00007ffeea096000 	C:\Windows\System32\KERNELBASE.dll
0x00007ffee9b30000 - 0x00007ffee9c30000 	C:\Windows\System32\ucrtbase.dll
0x00007ffeb56c0000 - 0x00007ffeb56de000 	c:\Users\OMAR INFO\.windsurf\extensions\redhat.java-1.45.0-win32-x64\jre\21.0.8-win32-x86_64\bin\VCRUNTIME140.dll
0x00007ffeba580000 - 0x00007ffeba598000 	c:\Users\OMAR INFO\.windsurf\extensions\redhat.java-1.45.0-win32-x64\jre\21.0.8-win32-x86_64\bin\jli.dll
0x00007ffeeb4f0000 - 0x00007ffeeb68d000 	C:\Windows\System32\USER32.dll
0x00007ffee9cb0000 - 0x00007ffee9cd2000 	C:\Windows\System32\win32u.dll
0x00007ffeec2f0000 - 0x00007ffeec31b000 	C:\Windows\System32\GDI32.dll
0x00007ffeea200000 - 0x00007ffeea319000 	C:\Windows\System32\gdi32full.dll
0x00007ffeea420000 - 0x00007ffeea4bd000 	C:\Windows\System32\msvcp_win.dll
0x00007ffed0400000 - 0x00007ffed069b000 	C:\Windows\WinSxS\amd64_microsoft.windows.common-controls_6595b64144ccf1df_6.0.19041.6280_none_60bc30a171f2f3f3\COMCTL32.dll
0x00007ffeeb250000 - 0x00007ffeeb2ee000 	C:\Windows\System32\msvcrt.dll
0x00007ffeec380000 - 0x00007ffeec3af000 	C:\Windows\System32\IMM32.DLL
0x00007ffee1f40000 - 0x00007ffee1f4c000 	c:\Users\OMAR INFO\.windsurf\extensions\redhat.java-1.45.0-win32-x64\jre\21.0.8-win32-x86_64\bin\vcruntime140_1.dll
0x00007ffea38c0000 - 0x00007ffea394d000 	c:\Users\OMAR INFO\.windsurf\extensions\redhat.java-1.45.0-win32-x64\jre\21.0.8-win32-x86_64\bin\msvcp140.dll
0x00007ffe893d0000 - 0x00007ffe8a167000 	c:\Users\OMAR INFO\.windsurf\extensions\redhat.java-1.45.0-win32-x64\jre\21.0.8-win32-x86_64\bin\server\jvm.dll
0x00007ffeea720000 - 0x00007ffeea7d1000 	C:\Windows\System32\ADVAPI32.dll
0x00007ffeec3b0000 - 0x00007ffeec44f000 	C:\Windows\System32\sechost.dll
0x00007ffeeb370000 - 0x00007ffeeb490000 	C:\Windows\System32\RPCRT4.dll
0x00007ffee9ce0000 - 0x00007ffee9d07000 	C:\Windows\System32\bcrypt.dll
0x00007ffeeb300000 - 0x00007ffeeb36b000 	C:\Windows\System32\WS2_32.dll
0x00007ffee94b0000 - 0x00007ffee94fb000 	C:\Windows\SYSTEM32\POWRPROF.dll
0x00007ffedd940000 - 0x00007ffedd967000 	C:\Windows\SYSTEM32\WINMM.dll
0x00007ffee33f0000 - 0x00007ffee33fa000 	C:\Windows\SYSTEM32\VERSION.dll
0x00007ffee9470000 - 0x00007ffee9482000 	C:\Windows\SYSTEM32\UMPDC.dll
0x00007ffee8360000 - 0x00007ffee8372000 	C:\Windows\SYSTEM32\kernel.appcore.dll
0x00007ffede8f0000 - 0x00007ffede8fa000 	c:\Users\OMAR INFO\.windsurf\extensions\redhat.java-1.45.0-win32-x64\jre\21.0.8-win32-x86_64\bin\jimage.dll
0x00007ffee7710000 - 0x00007ffee7911000 	C:\Windows\SYSTEM32\DBGHELP.DLL
0x00007ffecc7f0000 - 0x00007ffecc824000 	C:\Windows\SYSTEM32\dbgcore.DLL
0x00007ffee9d10000 - 0x00007ffee9d92000 	C:\Windows\System32\bcryptPrimitives.dll
0x00007ffede8b0000 - 0x00007ffede8bf000 	c:\Users\OMAR INFO\.windsurf\extensions\redhat.java-1.45.0-win32-x64\jre\21.0.8-win32-x86_64\bin\instrument.dll
0x00007ffeb5650000 - 0x00007ffeb566f000 	c:\Users\OMAR INFO\.windsurf\extensions\redhat.java-1.45.0-win32-x64\jre\21.0.8-win32-x86_64\bin\java.dll
0x00007ffeeb690000 - 0x00007ffeebe00000 	C:\Windows\System32\SHELL32.dll
0x00007ffee7b50000 - 0x00007ffee82f5000 	C:\Windows\SYSTEM32\windows.storage.dll
0x00007ffeebf90000 - 0x00007ffeec2e3000 	C:\Windows\System32\combase.dll
0x00007ffee9410000 - 0x00007ffee943b000 	C:\Windows\SYSTEM32\Wldp.dll
0x00007ffeea800000 - 0x00007ffeea8cd000 	C:\Windows\System32\OLEAUT32.dll
0x00007ffeeb1a0000 - 0x00007ffeeb24d000 	C:\Windows\System32\SHCORE.dll
0x00007ffeebe00000 - 0x00007ffeebe5b000 	C:\Windows\System32\shlwapi.dll
0x00007ffee9a60000 - 0x00007ffee9a84000 	C:\Windows\SYSTEM32\profapi.dll
0x00007ffede900000 - 0x00007ffede918000 	c:\Users\OMAR INFO\.windsurf\extensions\redhat.java-1.45.0-win32-x64\jre\21.0.8-win32-x86_64\bin\zip.dll
0x00007ffee5540000 - 0x00007ffee5550000 	C:\Users\OMAR INFO\.windsurf\extensions\redhat.java-1.45.0-win32-x64\jre\21.0.8-win32-x86_64\bin\net.dll
0x00007ffee20c0000 - 0x00007ffee21ca000 	C:\Windows\SYSTEM32\WINHTTP.dll
0x00007ffee91f0000 - 0x00007ffee925a000 	C:\Windows\system32\mswsock.dll
0x00007ffee54d0000 - 0x00007ffee54e6000 	C:\Users\OMAR INFO\.windsurf\extensions\redhat.java-1.45.0-win32-x64\jre\21.0.8-win32-x86_64\bin\nio.dll
0x00007ffee5530000 - 0x00007ffee5540000 	c:\Users\OMAR INFO\.windsurf\extensions\redhat.java-1.45.0-win32-x64\jre\21.0.8-win32-x86_64\bin\verify.dll
0x00007ffeafb30000 - 0x00007ffeafb74000 	C:\Users\OMAR INFO\AppData\Roaming\Windsurf\User\globalStorage\redhat.java\1.45.0\config_win\org.eclipse.equinox.launcher\org.eclipse.equinox.launcher.win32.win32.x86_64_1.2.1400.v20250801-0854\eclipse_11916.dll
0x00007ffeeaaa0000 - 0x00007ffeeabcb000 	C:\Windows\System32\ole32.dll
0x00007ffee9450000 - 0x00007ffee9468000 	C:\Windows\SYSTEM32\CRYPTSP.dll
0x00007ffee8ad0000 - 0x00007ffee8b08000 	C:\Windows\system32\rsaenh.dll
0x00007ffee99e0000 - 0x00007ffee9a0e000 	C:\Windows\SYSTEM32\USERENV.dll
0x00007ffee9380000 - 0x00007ffee938c000 	C:\Windows\SYSTEM32\CRYPTBASE.dll
0x00007ffee8ef0000 - 0x00007ffee8f2b000 	C:\Windows\SYSTEM32\IPHLPAPI.DLL
0x00007ffeea9a0000 - 0x00007ffeea9a8000 	C:\Windows\System32\NSI.dll
0x00007ffea30b0000 - 0x00007ffea30f9000 	C:\Users\OMAR INFO\AppData\Local\Temp\jna--64980065\jna16600895306541463896.dll
0x00007ffeebe60000 - 0x00007ffeebe68000 	C:\Windows\System32\PSAPI.DLL
0x00007ffee2d80000 - 0x00007ffee2d97000 	C:\Windows\SYSTEM32\dhcpcsvc6.DLL
0x00007ffee2d60000 - 0x00007ffee2d7d000 	C:\Windows\SYSTEM32\dhcpcsvc.DLL

JVMTI agents:
c:\Users\OMAR INFO\.windsurf\extensions\redhat.java-1.45.0-win32-x64\lombok\lombok-1.18.39-4050.jar path:c:\Users\OMAR INFO\.windsurf\extensions\redhat.java-1.45.0-win32-x64\jre\21.0.8-win32-x86_64\bin\instrument.dll, loaded, initialized, instrumentlib options:none

dbghelp: loaded successfully - version: 4.0.5 - missing functions: none
symbol engine: initialized successfully - sym options: 0x614 - pdb path: .;c:\Users\OMAR INFO\.windsurf\extensions\redhat.java-1.45.0-win32-x64\jre\21.0.8-win32-x86_64\bin;C:\Windows\SYSTEM32;C:\Windows\WinSxS\amd64_microsoft.windows.common-controls_6595b64144ccf1df_6.0.19041.6280_none_60bc30a171f2f3f3;c:\Users\OMAR INFO\.windsurf\extensions\redhat.java-1.45.0-win32-x64\jre\21.0.8-win32-x86_64\bin\server;C:\Users\OMAR INFO\AppData\Roaming\Windsurf\User\globalStorage\redhat.java\1.45.0\config_win\org.eclipse.equinox.launcher\org.eclipse.equinox.launcher.win32.win32.x86_64_1.2.1400.v20250801-0854;C:\Users\OMAR INFO\AppData\Local\Temp\jna--64980065

VM Arguments:
jvm_args: --add-modules=ALL-SYSTEM --add-opens=java.base/java.util=ALL-UNNAMED --add-opens=java.base/java.lang=ALL-UNNAMED --add-opens=java.base/sun.nio.fs=ALL-UNNAMED -Declipse.application=org.eclipse.jdt.ls.core.id1 -Dosgi.bundles.defaultStartLevel=4 -Declipse.product=org.eclipse.jdt.ls.core.product -Djava.import.generatesMetadataFilesAtProjectRoot=false -DDetectVMInstallationsJob.disabled=true -Dfile.encoding=utf8 -XX:+UseParallelGC -XX:GCTimeRatio=4 -XX:AdaptiveSizePolicyWeight=90 -Dsun.zip.disableMemoryMapping=true -Xmx2G -Xms100m -Xlog:disable -javaagent:c:\Users\OMAR INFO\.windsurf\extensions\redhat.java-1.45.0-win32-x64\lombok\lombok-1.18.39-4050.jar -XX:+HeapDumpOnOutOfMemoryError -XX:HeapDumpPath=c:\Users\OMAR INFO\AppData\Roaming\Windsurf\User\workspaceStorage\017271f0c0c7557d9833a01acf50ccd7\redhat.java -Daether.dependencyCollector.impl=bf 
java_command: c:\Users\OMAR INFO\.windsurf\extensions\redhat.java-1.45.0-win32-x64\server\plugins\org.eclipse.equinox.launcher_1.7.0.v20250519-0528.jar -configuration c:\Users\OMAR INFO\AppData\Roaming\Windsurf\User\globalStorage\redhat.java\1.45.0\config_win -data c:\Users\OMAR INFO\AppData\Roaming\Windsurf\User\workspaceStorage\017271f0c0c7557d9833a01acf50ccd7\redhat.java\jdt_ws --pipe=\\.\pipe\lsp-c03662dcfddeed14c64339bdfb8a26fc-sock
java_class_path (initial): c:\Users\OMAR INFO\.windsurf\extensions\redhat.java-1.45.0-win32-x64\server\plugins\org.eclipse.equinox.launcher_1.7.0.v20250519-0528.jar
Launcher Type: SUN_STANDARD

[Global flags]
    uintx AdaptiveSizePolicyWeight                 = 90                                        {product} {command line}
     intx CICompilerCount                          = 12                                        {product} {ergonomic}
    uintx GCTimeRatio                              = 4                                         {product} {command line}
     bool HeapDumpOnOutOfMemoryError               = true                                   {manageable} {command line}
    ccstr HeapDumpPath                             = c:\Users\OMAR INFO\AppData\Roaming\Windsurf\User\workspaceStorage\017271f0c0c7557d9833a01acf50ccd7\redhat.java         {manageable} {command line}
   size_t InitialHeapSize                          = 104857600                                 {product} {command line}
   size_t MaxHeapSize                              = 2147483648                                {product} {command line}
   size_t MaxNewSize                               = 715653120                                 {product} {ergonomic}
   size_t MinHeapDeltaBytes                        = 524288                                    {product} {ergonomic}
   size_t MinHeapSize                              = 104857600                                 {product} {command line}
   size_t NewSize                                  = 34603008                                  {product} {ergonomic}
    uintx NonNMethodCodeHeapSize                   = 7602480                                {pd product} {ergonomic}
    uintx NonProfiledCodeHeapSize                  = 122027880                              {pd product} {ergonomic}
   size_t OldSize                                  = 70254592                                  {product} {ergonomic}
    uintx ProfiledCodeHeapSize                     = 122027880                              {pd product} {ergonomic}
    uintx ReservedCodeCacheSize                    = 251658240                              {pd product} {ergonomic}
     bool SegmentedCodeCache                       = true                                      {product} {ergonomic}
   size_t SoftMaxHeapSize                          = 2147483648                             {manageable} {ergonomic}
     bool UseCompressedOops                        = true                           {product lp64_product} {ergonomic}
     bool UseLargePagesIndividualAllocation        = false                                  {pd product} {ergonomic}
     bool UseParallelGC                            = true                                      {product} {command line}

Logging:
Log output configuration:
 #0: stdout all=off uptime,level,tags foldmultilines=false
 #1: stderr all=off uptime,level,tags foldmultilines=false

Environment Variables:
PATH=C:\oraclexe\app\oracle\product\10.2.0\server\bin;C:\ProgramData\Oracle\Java\javapath;C:\Program Files\Common Files\Oracle\Java\javapath;C:\Windows\system32;C:\Windows;C:\Windows\System32\Wbem;C:\Windows\System32\WindowsPowerShell\v1.0\;C:\Windows\System32\OpenSSH\;C:\Program Files\Microsoft SQL Server\150\Tools\Binn\;C:\Program Files\Microsoft SQL Server\Client SDK\ODBC\170\Tools\Binn\;C:\Program Files\dotnet\;C:\Program Files\NVIDIA Corporation\NVIDIA NvDLISR;C:\ProgramData\chocolatey\bin;C:\Program Files (x86)\Microsoft SQL Server\110\Tools\Binn\;C:\Program Files (x86)\Microsoft SQL Server\110\DTS\Binn\;C:\Program Files (x86)\Microsoft SQL Server\110\Tools\Binn\ManagementStudio\;C:\Program Files (x86)\Microsoft Visual Studio 10.0\Common7\IDE\PrivateAssemblies\;C:\Program Files (x86)\NVIDIA Corporation\PhysX\Common;C:\Program Files\nodejs\;C:\Program Files\Git LFS;C:\Program Files\Docker\Docker\resources\bin;C:\Program Files\Git\cmd;C:\Windows\system32\platform-tools;C:\Program Files\MongoDB\Server\8.0\bin;C:\Users\OMAR INFO\AppData\Local\Programs\Python\Python310;C:\Users\OMAR INFO\AppData\Local\Programs\Python\Python310\Scripts;F:\PuTTY\;C:\Users\OMAR INFO\AppData\Local\Programs\Python\Python310\Scripts\;C:\Users\OMAR INFO\AppData\Local\Programs\Python\Python310\;C:\Users\OMAR INFO\AppData\Local\Microsoft\WindowsApps;C:\Users\OMAR INFO\.dotnet\tools;C:\Program Files\JetBrains\IntelliJ IDEA 2023.2.1\bin;;C:\Users\OMAR INFO\AppData\Local\Programs\Microsoft VS Code\bin;C:\Users\OMAR INFO\AppData\Roaming\npm;C:\Users\OMAR INFO\AppData\Local\GitHubDesktop\bin;C:\xampp\php;C:\Users\OMAR INFO\composer;C:\Users\OMAR INFO\AppData\Roaming\Composer\vendor\bin;C:\Program Files (x86)\Microsoft SDKs\Windows\v10.0A\bin\NETFX 4.8 Tools;C:\Users\OMAR INFO\AppData\Local\Programs\Windsurf\bin;
USERNAME=OMAR INFO
OS=Windows_NT
PROCESSOR_IDENTIFIER=Intel64 Family 6 Model 141 Stepping 1, GenuineIntel
TMP=C:\Users\OMARIN~1\AppData\Local\Temp
TEMP=C:\Users\OMARIN~1\AppData\Local\Temp




Periodic native trim disabled

---------------  S Y S T E M  ---------------

OS:
 Windows 10 , 64 bit Build 19041 (10.0.19041.5915)
OS uptime: 7 days 0:36 hours
Hyper-V role detected

CPU: total 16 (initial active 16) (8 cores per cpu, 2 threads per core) family 6 model 141 stepping 1 microcode 0x26, cx8, cmov, fxsr, ht, mmx, 3dnowpref, sse, sse2, sse3, ssse3, sse4.1, sse4.2, popcnt, lzcnt, tsc, tscinvbit, avx, avx2, aes, erms, clmul, bmi1, bmi2, adx, avx512f, avx512dq, avx512cd, avx512bw, avx512vl, sha, fma, vzeroupper, avx512_vpopcntdq, avx512_vpclmulqdq, avx512_vaes, avx512_vnni, clflush, clflushopt, clwb, avx512_vbmi2, avx512_vbmi, hv, rdtscp, rdpid, fsrm, gfni, avx512_bitalg, f16c, cet_ibt, cet_ss, avx512_ifma
Processor Information for the first 16 processors :
  Max Mhz: 2304, Current Mhz: 2304, Mhz Limit: 2304

Memory: 4k page, system-wide physical 16085M (404M free)
TotalPageFile size 23385M (AvailPageFile size 5M)
current process WorkingSet (physical memory assigned to process): 235M, peak: 247M
current process commit charge ("private bytes"): 368M, peak: 380M

vm_info: OpenJDK 64-Bit Server VM (21.0.8+9-LTS) for windows-amd64 JRE (21.0.8+9-LTS), built on 2025-07-15T00:00:00Z by "admin" with MS VC++ 17.7 (VS2022)

END.
