#
# There is insufficient memory for the Java Runtime Environment to continue.
# Native memory allocation (malloc) failed to allocate 1048576 bytes. Error detail: AllocateHeap
# Possible reasons:
#   The system is out of physical RAM or swap space
#   This process is running with CompressedOops enabled, and the Java Heap may be blocking the growth of the native heap
# Possible solutions:
#   Reduce memory load on the system
#   Increase physical memory or swap space
#   Check if swap backing store is full
#   Decrease Java heap size (-Xmx/-Xms)
#   Decrease number of Java threads
#   Decrease Java thread stack sizes (-Xss)
#   Set larger code cache with -XX:ReservedCodeCacheSize=
#   JVM is running with Unscaled Compressed Oops mode in which the Java heap is
#     placed in the first 4GB address space. The Java Heap base address is the
#     maximum limit for the native heap growth. Please use -XX:HeapBaseMinAddress
#     to set the Java Heap base and to place the Java Heap above 4GB virtual address.
# This output file may be truncated or incomplete.
#
#  Out of Memory Error (allocation.cpp:44), pid=5336, tid=12280
#
# JRE version: OpenJDK Runtime Environment Temurin-21.0.8+9 (21.0.8+9) (build 21.0.8+9-LTS)
# Java VM: OpenJDK 64-Bit Server VM Temurin-21.0.8+9 (21.0.8+9-LTS, mixed mode, sharing, tiered, compressed oops, compressed class ptrs, parallel gc, windows-amd64)
# No core dump will be written. Minidumps are not enabled by default on client versions of Windows
#

---------------  S U M M A R Y ------------

Command Line: --add-modules=ALL-SYSTEM --add-opens=java.base/java.util=ALL-UNNAMED --add-opens=java.base/java.lang=ALL-UNNAMED --add-opens=java.base/sun.nio.fs=ALL-UNNAMED -Declipse.application=org.eclipse.jdt.ls.core.id1 -Dosgi.bundles.defaultStartLevel=4 -Declipse.product=org.eclipse.jdt.ls.core.product -Djava.import.generatesMetadataFilesAtProjectRoot=false -DDetectVMInstallationsJob.disabled=true -Dfile.encoding=utf8 -XX:+UseParallelGC -XX:GCTimeRatio=4 -XX:AdaptiveSizePolicyWeight=90 -Dsun.zip.disableMemoryMapping=true -Xmx2G -Xms100m -Xlog:disable -javaagent:c:\Users\OMAR INFO\.windsurf\extensions\redhat.java-1.45.0-win32-x64\lombok\lombok-1.18.39-4050.jar -XX:+HeapDumpOnOutOfMemoryError -XX:HeapDumpPath=c:\Users\OMAR INFO\AppData\Roaming\Windsurf\User\workspaceStorage\017271f0c0c7557d9833a01acf50ccd7\redhat.java -Daether.dependencyCollector.impl=bf c:\Users\OMAR INFO\.windsurf\extensions\redhat.java-1.45.0-win32-x64\server\plugins\org.eclipse.equinox.launcher_1.7.0.v20250519-0528.jar -configuration c:\Users\OMAR INFO\AppData\Roaming\Windsurf\User\globalStorage\redhat.java\1.45.0\config_win -data c:\Users\OMAR INFO\AppData\Roaming\Windsurf\User\workspaceStorage\017271f0c0c7557d9833a01acf50ccd7\redhat.java\jdt_ws --pipe=\\.\pipe\lsp-d93973bdb21485b1f70ee8aa0d9b18bd-sock

Host: 11th Gen Intel(R) Core(TM) i7-11800H @ 2.30GHz, 16 cores, 15G,  Windows 10 , 64 bit Build 19041 (10.0.19041.5915)
Time: Thu Sep 25 15:26:50 2025 Paris, Madrid elapsed time: 646.249579 seconds (0d 0h 10m 46s)

---------------  T H R E A D  ---------------

Current thread (0x000001dce5104bf0):  JavaThread "Attach Listener" daemon [_thread_in_vm, id=12280, stack(0x000000a7d2300000,0x000000a7d2400000) (1024K)]

Stack: [0x000000a7d2300000,0x000000a7d2400000]
Native frames: (J=compiled Java code, j=interpreted, Vv=VM code, C=native code)
V  [jvm.dll+0x6d2449]
V  [jvm.dll+0x8ae341]
V  [jvm.dll+0x8b08be]
V  [jvm.dll+0x8b0fa3]
V  [jvm.dll+0x280c96]
V  [jvm.dll+0xc0347]
V  [jvm.dll+0x6d2cf9]
V  [jvm.dll+0x131116]
V  [jvm.dll+0x3f2d16]
V  [jvm.dll+0x857e6b]
V  [jvm.dll+0x6d0b0d]
C  [ucrtbase.dll+0x21bb2]
C  [KERNEL32.DLL+0x17374]
C  [ntdll.dll+0x4cc91]


---------------  P R O C E S S  ---------------

Threads class SMR info:
_java_thread_list=0x000001dcffe4f300, length=47, elements={
0x000001dce5150c60, 0x000001dce5101c70, 0x000001dce5102dd0, 0x000001dce5103ce0,
0x000001dce5104bf0, 0x000001dce51088c0, 0x000001dce5109310, 0x000001dce510a140,
0x000001dcfd0ceb90, 0x000001dcfd1c1190, 0x000001dcfd403240, 0x000001dcff0a43e0,
0x000001dcfeeb56b0, 0x000001dcff219a90, 0x000001dcff21fde0, 0x000001dcffb13ee0,
0x000001dcff08e880, 0x000001dcff6e2a60, 0x000001dcff6e0990, 0x000001dcff6e1020,
0x000001dcff6e16b0, 0x000001dcff6e23d0, 0x000001dcff6e1d40, 0x000001dcc74c3d80,
0x000001dcc74c0900, 0x000001dcc74bd480, 0x000001dcc74c36f0, 0x000001dcc74c4aa0,
0x000001dcc74bf550, 0x000001dcc74c4410, 0x000001dcc74c0270, 0x000001dcc74beec0,
0x000001dcc74be830, 0x000001dcc74c0f90, 0x000001dcc74c3060, 0x000001dcc74bdb10,
0x000001dcc74be1a0, 0x000001dcc74bfbe0, 0x000001dcc74c1620, 0x000001dcc74c1cb0,
0x000001dcc74c29d0, 0x000001dcc9601bd0, 0x000001dcc9602f80, 0x000001dcc9602260,
0x000001dcc96028f0, 0x000001dcc9604330, 0x000001dcc9605050
}

Java Threads: ( => current thread )
  0x000001dce5150c60 JavaThread "main"                              [_thread_blocked, id=15600, stack(0x000000a7d1b00000,0x000000a7d1c00000) (1024K)]
  0x000001dce5101c70 JavaThread "Reference Handler"          daemon [_thread_blocked, id=21284, stack(0x000000a7d2000000,0x000000a7d2100000) (1024K)]
  0x000001dce5102dd0 JavaThread "Finalizer"                  daemon [_thread_blocked, id=23572, stack(0x000000a7d2100000,0x000000a7d2200000) (1024K)]
  0x000001dce5103ce0 JavaThread "Signal Dispatcher"          daemon [_thread_blocked, id=23032, stack(0x000000a7d2200000,0x000000a7d2300000) (1024K)]
=>0x000001dce5104bf0 JavaThread "Attach Listener"            daemon [_thread_in_vm, id=12280, stack(0x000000a7d2300000,0x000000a7d2400000) (1024K)]
  0x000001dce51088c0 JavaThread "Service Thread"             daemon [_thread_blocked, id=17956, stack(0x000000a7d2400000,0x000000a7d2500000) (1024K)]
  0x000001dce5109310 JavaThread "Monitor Deflation Thread"   daemon [_thread_blocked, id=19152, stack(0x000000a7d2500000,0x000000a7d2600000) (1024K)]
  0x000001dce510a140 JavaThread "C2 CompilerThread0"         daemon [_thread_blocked, id=16788, stack(0x000000a7d2600000,0x000000a7d2700000) (1024K)]
  0x000001dcfd0ceb90 JavaThread "C1 CompilerThread0"         daemon [_thread_blocked, id=21196, stack(0x000000a7d2700000,0x000000a7d2800000) (1024K)]
  0x000001dcfd1c1190 JavaThread "Common-Cleaner"             daemon [_thread_blocked, id=16692, stack(0x000000a7d2800000,0x000000a7d2900000) (1024K)]
  0x000001dcfd403240 JavaThread "Notification Thread"        daemon [_thread_blocked, id=21912, stack(0x000000a7d2d00000,0x000000a7d2e00000) (1024K)]
  0x000001dcff0a43e0 JavaThread "Active Thread: Equinox Container: c6b0fdf1-0249-4427-a5dd-63e173b51d15"        [_thread_blocked, id=17720, stack(0x000000a7d3600000,0x000000a7d3700000) (1024K)]
  0x000001dcfeeb56b0 JavaThread "Refresh Thread: Equinox Container: c6b0fdf1-0249-4427-a5dd-63e173b51d15" daemon [_thread_blocked, id=20492, stack(0x000000a7d3800000,0x000000a7d3900000) (1024K)]
  0x000001dcff219a90 JavaThread "Framework Event Dispatcher: Equinox Container: c6b0fdf1-0249-4427-a5dd-63e173b51d15" daemon [_thread_blocked, id=19576, stack(0x000000a7d3900000,0x000000a7d3a00000) (1024K)]
  0x000001dcff21fde0 JavaThread "Start Level: Equinox Container: c6b0fdf1-0249-4427-a5dd-63e173b51d15" daemon [_thread_blocked, id=12168, stack(0x000000a7d3a00000,0x000000a7d3b00000) (1024K)]
  0x000001dcffb13ee0 JavaThread "Bundle File Closer"         daemon [_thread_blocked, id=13412, stack(0x000000a7d3e00000,0x000000a7d3f00000) (1024K)]
  0x000001dcff08e880 JavaThread "SCR Component Actor"        daemon [_thread_blocked, id=8316, stack(0x000000a7d3500000,0x000000a7d3600000) (1024K)]
  0x000001dcff6e2a60 JavaThread "Worker-JM"                         [_thread_blocked, id=15592, stack(0x000000a7d4100000,0x000000a7d4200000) (1024K)]
  0x000001dcff6e0990 JavaThread "JNA Cleaner"                daemon [_thread_blocked, id=7508, stack(0x000000a7d4200000,0x000000a7d4300000) (1024K)]
  0x000001dcff6e1020 JavaThread "Worker-0"                          [_thread_blocked, id=14648, stack(0x000000a7d4300000,0x000000a7d4400000) (1024K)]
  0x000001dcff6e16b0 JavaThread "Worker-1"                          [_thread_blocked, id=6388, stack(0x000000a7d4400000,0x000000a7d4500000) (1024K)]
  0x000001dcff6e23d0 JavaThread "Java indexing"              daemon [_thread_blocked, id=21984, stack(0x000000a7d4600000,0x000000a7d4700000) (1024K)]
  0x000001dcff6e1d40 JavaThread "Thread-2"                   daemon [_thread_in_native, id=17948, stack(0x000000a7d5100000,0x000000a7d5200000) (1024K)]
  0x000001dcc74c3d80 JavaThread "Thread-3"                   daemon [_thread_in_native, id=10928, stack(0x000000a7d5200000,0x000000a7d5300000) (1024K)]
  0x000001dcc74c0900 JavaThread "Thread-4"                   daemon [_thread_in_native, id=2772, stack(0x000000a7d5300000,0x000000a7d5400000) (1024K)]
  0x000001dcc74bd480 JavaThread "Thread-5"                   daemon [_thread_in_native, id=22080, stack(0x000000a7d5400000,0x000000a7d5500000) (1024K)]
  0x000001dcc74c36f0 JavaThread "Thread-6"                   daemon [_thread_in_native, id=5132, stack(0x000000a7d5500000,0x000000a7d5600000) (1024K)]
  0x000001dcc74c4aa0 JavaThread "Thread-7"                   daemon [_thread_in_native, id=5600, stack(0x000000a7d5600000,0x000000a7d5700000) (1024K)]
  0x000001dcc74bf550 JavaThread "Thread-8"                   daemon [_thread_in_native, id=12748, stack(0x000000a7d5700000,0x000000a7d5800000) (1024K)]
  0x000001dcc74c4410 JavaThread "Thread-9"                   daemon [_thread_in_native, id=24248, stack(0x000000a7d5800000,0x000000a7d5900000) (1024K)]
  0x000001dcc74c0270 JavaThread "Thread-10"                  daemon [_thread_in_native, id=16000, stack(0x000000a7d5900000,0x000000a7d5a00000) (1024K)]
  0x000001dcc74beec0 JavaThread "Thread-11"                  daemon [_thread_in_native, id=3220, stack(0x000000a7d5a00000,0x000000a7d5b00000) (1024K)]
  0x000001dcc74be830 JavaThread "Thread-12"                  daemon [_thread_in_native, id=15176, stack(0x000000a7d5b00000,0x000000a7d5c00000) (1024K)]
  0x000001dcc74c0f90 JavaThread "Thread-13"                  daemon [_thread_in_native, id=8188, stack(0x000000a7d5c00000,0x000000a7d5d00000) (1024K)]
  0x000001dcc74c3060 JavaThread "Thread-14"                  daemon [_thread_in_native, id=5036, stack(0x000000a7d5d00000,0x000000a7d5e00000) (1024K)]
  0x000001dcc74bdb10 JavaThread "Thread-15"                  daemon [_thread_in_native, id=13096, stack(0x000000a7d5e00000,0x000000a7d5f00000) (1024K)]
  0x000001dcc74be1a0 JavaThread "Thread-16"                  daemon [_thread_in_native, id=5652, stack(0x000000a7d5f00000,0x000000a7d6000000) (1024K)]
  0x000001dcc74bfbe0 JavaThread "Thread-17"                  daemon [_thread_in_native, id=1280, stack(0x000000a7d6000000,0x000000a7d6100000) (1024K)]
  0x000001dcc74c1620 JavaThread "Thread-18"                  daemon [_thread_in_native, id=22112, stack(0x000000a7d6100000,0x000000a7d6200000) (1024K)]
  0x000001dcc74c1cb0 JavaThread "pool-2-thread-1"                   [_thread_blocked, id=6800, stack(0x000000a7d6200000,0x000000a7d6300000) (1024K)]
  0x000001dcc74c29d0 JavaThread "WorkspaceEventsHandler"            [_thread_blocked, id=21480, stack(0x000000a7d6300000,0x000000a7d6400000) (1024K)]
  0x000001dcc9601bd0 JavaThread "pool-1-thread-1"                   [_thread_blocked, id=6416, stack(0x000000a7d6400000,0x000000a7d6500000) (1024K)]
  0x000001dcc9602f80 JavaThread "ForkJoinPool.commonPool-worker-2" daemon [_thread_blocked, id=6540, stack(0x000000a7d6600000,0x000000a7d6700000) (1024K)]
  0x000001dcc9602260 JavaThread "ForkJoinPool.commonPool-worker-10" daemon [_thread_blocked, id=17256, stack(0x000000a7d6d00000,0x000000a7d6e00000) (1024K)]
  0x000001dcc96028f0 JavaThread "ForkJoinPool.commonPool-worker-7" daemon [_thread_blocked, id=13628, stack(0x000000a7d6e00000,0x000000a7d6f00000) (1024K)]
  0x000001dcc9604330 JavaThread "ForkJoinPool.commonPool-worker-12" daemon [_thread_blocked, id=6808, stack(0x000000a7d7000000,0x000000a7d7100000) (1024K)]
  0x000001dcc9605050 JavaThread "ForkJoinPool.commonPool-worker-14" daemon [_thread_blocked, id=3888, stack(0x000000a7d7200000,0x000000a7d7300000) (1024K)]
Total: 47

Other Threads:
  0x000001dce50f4ac0 VMThread "VM Thread"                           [id=16748, stack(0x000000a7d1f00000,0x000000a7d2000000) (1024K)]
  0x000001dce51bcd90 WatcherThread "VM Periodic Task Thread"        [id=19244, stack(0x000000a7d1e00000,0x000000a7d1f00000) (1024K)]
  0x000001dce516e630 WorkerThread "GC Thread#0"                     [id=23580, stack(0x000000a7d1d00000,0x000000a7d1e00000) (1024K)]
  0x000001dcfe83fa70 WorkerThread "GC Thread#1"                     [id=6060, stack(0x000000a7d2f00000,0x000000a7d3000000) (1024K)]
  0x000001dcfe83e830 WorkerThread "GC Thread#2"                     [id=9596, stack(0x000000a7d3000000,0x000000a7d3100000) (1024K)]
  0x000001dcfe83ebd0 WorkerThread "GC Thread#3"                     [id=16100, stack(0x000000a7d3100000,0x000000a7d3200000) (1024K)]
  0x000001dcfe83ef70 WorkerThread "GC Thread#4"                     [id=10292, stack(0x000000a7d3200000,0x000000a7d3300000) (1024K)]
  0x000001dcfe9b5db0 WorkerThread "GC Thread#5"                     [id=2112, stack(0x000000a7d3300000,0x000000a7d3400000) (1024K)]
  0x000001dcfe9b6960 WorkerThread "GC Thread#6"                     [id=16896, stack(0x000000a7d3400000,0x000000a7d3500000) (1024K)]
  0x000001dcfee312d0 WorkerThread "GC Thread#7"                     [id=6644, stack(0x000000a7d3700000,0x000000a7d3800000) (1024K)]
  0x000001dcff616220 WorkerThread "GC Thread#8"                     [id=17496, stack(0x000000a7d3b00000,0x000000a7d3c00000) (1024K)]
  0x000001dcff571f30 WorkerThread "GC Thread#9"                     [id=15932, stack(0x000000a7d3c00000,0x000000a7d3d00000) (1024K)]
  0x000001dcff573150 WorkerThread "GC Thread#10"                    [id=24124, stack(0x000000a7d3d00000,0x000000a7d3e00000) (1024K)]
  0x000001dcff5717f0 WorkerThread "GC Thread#11"                    [id=15804, stack(0x000000a7d4000000,0x000000a7d4100000) (1024K)]
  0x000001dcff572670 WorkerThread "GC Thread#12"                    [id=19536, stack(0x000000a7d2e00000,0x000000a7d2f00000) (1024K)]
Total: 15

Threads with active compile tasks:
Total: 0

VM state: not at safepoint (normal execution)

VM Mutex/Monitor currently owned by a thread: None

Heap address: 0x0000000080000000, size: 2048 MB, Compressed Oops mode: 32-bit

CDS archive(s) mapped at: [0x000001dc80000000-0x000001dc80ba0000-0x000001dc80ba0000), size 12189696, SharedBaseAddress: 0x000001dc80000000, ArchiveRelocationMode: 1.
Compressed class space mapped at: 0x000001dc81000000-0x000001dcc1000000, reserved size: 1073741824
Narrow klass base: 0x000001dc80000000, Narrow klass shift: 0, Narrow klass range: 0x100000000

GC Precious Log:
 CardTable entry size: 512
 CPUs: 16 total, 16 available
 Memory: 16085M
 Large Page Support: Disabled
 NUMA Support: Disabled
 Compressed Oops: Enabled (32-bit)
 Alignments: Space 512K, Generation 512K, Heap 2M
 Heap Min Capacity: 100M
 Heap Initial Capacity: 100M
 Heap Max Capacity: 2G
 Pre-touch: Disabled
 Parallel Workers: 13

Heap:
 PSYoungGen      total 9216K, used 5901K [0x00000000d5580000, 0x00000000d6000000, 0x0000000100000000)
  eden space 7680K, 63% used [0x00000000d5580000,0x00000000d5a3b758,0x00000000d5d00000)
  from space 1536K, 68% used [0x00000000d5d80000,0x00000000d5e88000,0x00000000d5f00000)
  to   space 1024K, 0% used [0x00000000d5f00000,0x00000000d5f00000,0x00000000d6000000)
 ParOldGen       total 134656K, used 134585K [0x0000000080000000, 0x0000000088380000, 0x00000000d5580000)
  object space 134656K, 99% used [0x0000000080000000,0x000000008836e4b8,0x0000000088380000)
 Metaspace       used 67259K, committed 68800K, reserved 1114112K
  class space    used 6723K, committed 7424K, reserved 1048576K

Card table byte_map: [0x000001dce4b00000,0x000001dce4f10000] _byte_map_base: 0x000001dce4700000

Marking Bits: (ParMarkBitMap*) 0x00007ffe826ea340
 Begin Bits: [0x000001dcf7600000, 0x000001dcf9600000)
 End Bits:   [0x000001dcf9600000, 0x000001dcfb600000)

Polling page: 0x000001dce2df0000

Metaspace:

Usage:
  Non-class:     59.12 MB used.
      Class:      6.57 MB used.
       Both:     65.68 MB used.

Virtual space:
  Non-class space:       64.00 MB reserved,      59.94 MB ( 94%) committed,  1 nodes.
      Class space:        1.00 GB reserved,       7.25 MB ( <1%) committed,  1 nodes.
             Both:        1.06 GB reserved,      67.19 MB (  6%) committed. 

Chunk freelists:
   Non-Class:  3.80 MB
       Class:  8.70 MB
        Both:  12.50 MB

MaxMetaspaceSize: unlimited
CompressedClassSpaceSize: 1.00 GB
Initial GC threshold: 21.00 MB
Current GC threshold: 97.31 MB
CDS: on
 - commit_granule_bytes: 65536.
 - commit_granule_words: 8192.
 - virtual_space_node_default_size: 8388608.
 - enlarge_chunks_in_place: 1.
 - use_allocation_guard: 0.


Internal statistics:

num_allocs_failed_limit: 13.
num_arena_births: 1314.
num_arena_deaths: 14.
num_vsnodes_births: 2.
num_vsnodes_deaths: 0.
num_space_committed: 1075.
num_space_uncommitted: 0.
num_chunks_returned_to_freelist: 27.
num_chunks_taken_from_freelist: 4552.
num_chunk_merges: 8.
num_chunk_splits: 2788.
num_chunks_enlarged: 1570.
num_inconsistent_stats: 0.

CodeHeap 'non-profiled nmethods': size=119168Kb used=14107Kb max_used=14107Kb free=105060Kb
 bounds [0x000001dcefef0000, 0x000001dcf0cc0000, 0x000001dcf7350000]
CodeHeap 'profiled nmethods': size=119104Kb used=39602Kb max_used=39602Kb free=79502Kb
 bounds [0x000001dce8350000, 0x000001dceaa00000, 0x000001dcef7a0000]
CodeHeap 'non-nmethods': size=7488Kb used=1437Kb max_used=3244Kb free=6051Kb
 bounds [0x000001dcef7a0000, 0x000001dcefad0000, 0x000001dcefef0000]
CodeCache: size=245760Kb, used=55146Kb, max_used=56953Kb, free=190613Kb
 total_blobs=16164, nmethods=15430, adapters=637, full_count=0
Compilation: enabled, stopped_count=0, restarted_count=0

Compilation events (20 events):
Event: 541.709 Thread 0x000001dcfd0ceb90 16276       3       java.util.concurrent.ThreadPoolExecutor$Worker::unlock (7 bytes)
Event: 541.709 Thread 0x000001dcfd0ceb90 nmethod 16276 0x000001dcea9f8b90 code [0x000001dcea9f8d60, 0x000001dcea9f8fb8]
Event: 586.110 Thread 0x000001dcfd0ceb90 16277       3       java.util.concurrent.ThreadPoolExecutor$Worker::tryAcquire (20 bytes)
Event: 586.110 Thread 0x000001dce510a140 16278       4       java.lang.Thread::interrupted (7 bytes)
Event: 586.110 Thread 0x000001dcfd0ceb90 nmethod 16277 0x000001dcea9f9110 code [0x000001dcea9f92c0, 0x000001dcea9f94c8]
Event: 586.110 Thread 0x000001dce510a140 nmethod 16278 0x000001dcf0cb6890 code [0x000001dcf0cb6a20, 0x000001dcf0cb6ad8]
Event: 596.123 Thread 0x000001dcfd0ceb90 16279       3       java.util.concurrent.Executors$RunnableAdapter::call (14 bytes)
Event: 596.123 Thread 0x000001dcfd0ceb90 nmethod 16279 0x000001dcea9f9590 code [0x000001dcea9f9740, 0x000001dcea9f9928]
Event: 606.138 Thread 0x000001dcfd0ceb90 16280       3       java.util.concurrent.ThreadPoolExecutor::isShutdown (12 bytes)
Event: 606.139 Thread 0x000001dcfd0ceb90 nmethod 16280 0x000001dcea9f9a10 code [0x000001dcea9f9bc0, 0x000001dcea9f9da0]
Event: 626.143 Thread 0x000001dcfd0ceb90 16281       3       java.util.concurrent.ScheduledThreadPoolExecutor::canRunInCurrentRunState (61 bytes)
Event: 626.143 Thread 0x000001dcfd0ceb90 nmethod 16281 0x000001dcea9f9e90 code [0x000001dcea9fa0a0, 0x000001dcea9fa850]
Event: 644.401 Thread 0x000001dcfd0ceb90 16282   !   3       com.google.gson.internal.bind.ReflectiveTypeAdapterFactory$Adapter::read (115 bytes)
Event: 644.402 Thread 0x000001dcfd0ceb90 nmethod 16282 0x000001dcea9faa90 code [0x000001dcea9fad60, 0x000001dcea9fbbc8]
Event: 644.402 Thread 0x000001dcfd0ceb90 16283       3       com.google.gson.internal.bind.ReflectiveTypeAdapterFactory$FieldReflectionAdapter::createAccumulator (10 bytes)
Event: 644.402 Thread 0x000001dcfd0ceb90 nmethod 16283 0x000001dcea9fc010 code [0x000001dcea9fc1c0, 0x000001dcea9fc398]
Event: 644.402 Thread 0x000001dcfd0ceb90 16284       3       com.google.gson.internal.bind.ReflectiveTypeAdapterFactory$FieldReflectionAdapter::finalize (2 bytes)
Event: 644.403 Thread 0x000001dcfd0ceb90 nmethod 16284 0x000001dcea9fc490 code [0x000001dcea9fc620, 0x000001dcea9fc730]
Event: 644.412 Thread 0x000001dcfd0ceb90 16285       1       org.eclipse.core.internal.resources.WorkspaceRoot::getProject (2 bytes)
Event: 644.412 Thread 0x000001dcfd0ceb90 nmethod 16285 0x000001dcf0cb6b90 code [0x000001dcf0cb6d20, 0x000001dcf0cb6df0]

GC Heap History (20 events):
Event: 18.754 GC heap before
{Heap before GC invocations=147 (full 3):
 PSYoungGen      total 9216K, used 8896K [0x00000000d5580000, 0x00000000d6000000, 0x0000000100000000)
  eden space 7680K, 100% used [0x00000000d5580000,0x00000000d5d00000,0x00000000d5d00000)
  from space 1536K, 79% used [0x00000000d5d00000,0x00000000d5e301a8,0x00000000d5e80000)
  to   space 1536K, 0% used [0x00000000d5e80000,0x00000000d5e80000,0x00000000d6000000)
 ParOldGen       total 126464K, used 126149K [0x0000000080000000, 0x0000000087b80000, 0x00000000d5580000)
  object space 126464K, 99% used [0x0000000080000000,0x0000000087b31668,0x0000000087b80000)
 Metaspace       used 66860K, committed 68352K, reserved 1114112K
  class space    used 6703K, committed 7424K, reserved 1048576K
}
Event: 18.756 GC heap after
{Heap after GC invocations=147 (full 3):
 PSYoungGen      total 9216K, used 1309K [0x00000000d5580000, 0x00000000d6000000, 0x0000000100000000)
  eden space 7680K, 0% used [0x00000000d5580000,0x00000000d5580000,0x00000000d5d00000)
  from space 1536K, 85% used [0x00000000d5e80000,0x00000000d5fc7728,0x00000000d6000000)
  to   space 1536K, 0% used [0x00000000d5d00000,0x00000000d5d00000,0x00000000d5e80000)
 ParOldGen       total 127488K, used 127211K [0x0000000080000000, 0x0000000087c80000, 0x00000000d5580000)
  object space 127488K, 99% used [0x0000000080000000,0x0000000087c3ad68,0x0000000087c80000)
 Metaspace       used 66860K, committed 68352K, reserved 1114112K
  class space    used 6703K, committed 7424K, reserved 1048576K
}
Event: 18.771 GC heap before
{Heap before GC invocations=148 (full 3):
 PSYoungGen      total 9216K, used 8989K [0x00000000d5580000, 0x00000000d6000000, 0x0000000100000000)
  eden space 7680K, 100% used [0x00000000d5580000,0x00000000d5d00000,0x00000000d5d00000)
  from space 1536K, 85% used [0x00000000d5e80000,0x00000000d5fc7728,0x00000000d6000000)
  to   space 1536K, 0% used [0x00000000d5d00000,0x00000000d5d00000,0x00000000d5e80000)
 ParOldGen       total 127488K, used 127211K [0x0000000080000000, 0x0000000087c80000, 0x00000000d5580000)
  object space 127488K, 99% used [0x0000000080000000,0x0000000087c3ad68,0x0000000087c80000)
 Metaspace       used 66863K, committed 68416K, reserved 1114112K
  class space    used 6703K, committed 7424K, reserved 1048576K
}
Event: 18.772 GC heap after
{Heap after GC invocations=148 (full 3):
 PSYoungGen      total 9216K, used 1386K [0x00000000d5580000, 0x00000000d6000000, 0x0000000100000000)
  eden space 7680K, 0% used [0x00000000d5580000,0x00000000d5580000,0x00000000d5d00000)
  from space 1536K, 90% used [0x00000000d5d00000,0x00000000d5e5a910,0x00000000d5e80000)
  to   space 1536K, 0% used [0x00000000d5e80000,0x00000000d5e80000,0x00000000d6000000)
 ParOldGen       total 128512K, used 128378K [0x0000000080000000, 0x0000000087d80000, 0x00000000d5580000)
  object space 128512K, 99% used [0x0000000080000000,0x0000000087d5eb60,0x0000000087d80000)
 Metaspace       used 66863K, committed 68416K, reserved 1114112K
  class space    used 6703K, committed 7424K, reserved 1048576K
}
Event: 18.797 GC heap before
{Heap before GC invocations=149 (full 3):
 PSYoungGen      total 9216K, used 9066K [0x00000000d5580000, 0x00000000d6000000, 0x0000000100000000)
  eden space 7680K, 100% used [0x00000000d5580000,0x00000000d5d00000,0x00000000d5d00000)
  from space 1536K, 90% used [0x00000000d5d00000,0x00000000d5e5a910,0x00000000d5e80000)
  to   space 1536K, 0% used [0x00000000d5e80000,0x00000000d5e80000,0x00000000d6000000)
 ParOldGen       total 128512K, used 128378K [0x0000000080000000, 0x0000000087d80000, 0x00000000d5580000)
  object space 128512K, 99% used [0x0000000080000000,0x0000000087d5eb60,0x0000000087d80000)
 Metaspace       used 66874K, committed 68416K, reserved 1114112K
  class space    used 6703K, committed 7424K, reserved 1048576K
}
Event: 18.798 GC heap after
{Heap after GC invocations=149 (full 3):
 PSYoungGen      total 9216K, used 852K [0x00000000d5580000, 0x00000000d6000000, 0x0000000100000000)
  eden space 7680K, 0% used [0x00000000d5580000,0x00000000d5580000,0x00000000d5d00000)
  from space 1536K, 55% used [0x00000000d5e80000,0x00000000d5f55200,0x00000000d6000000)
  to   space 1536K, 0% used [0x00000000d5d00000,0x00000000d5d00000,0x00000000d5e80000)
 ParOldGen       total 129536K, used 129474K [0x0000000080000000, 0x0000000087e80000, 0x00000000d5580000)
  object space 129536K, 99% used [0x0000000080000000,0x0000000087e70a40,0x0000000087e80000)
 Metaspace       used 66874K, committed 68416K, reserved 1114112K
  class space    used 6703K, committed 7424K, reserved 1048576K
}
Event: 18.821 GC heap before
{Heap before GC invocations=150 (full 3):
 PSYoungGen      total 9216K, used 8532K [0x00000000d5580000, 0x00000000d6000000, 0x0000000100000000)
  eden space 7680K, 100% used [0x00000000d5580000,0x00000000d5d00000,0x00000000d5d00000)
  from space 1536K, 55% used [0x00000000d5e80000,0x00000000d5f55200,0x00000000d6000000)
  to   space 1536K, 0% used [0x00000000d5d00000,0x00000000d5d00000,0x00000000d5e80000)
 ParOldGen       total 129536K, used 129474K [0x0000000080000000, 0x0000000087e80000, 0x00000000d5580000)
  object space 129536K, 99% used [0x0000000080000000,0x0000000087e70a40,0x0000000087e80000)
 Metaspace       used 66874K, committed 68416K, reserved 1114112K
  class space    used 6703K, committed 7424K, reserved 1048576K
}
Event: 18.822 GC heap after
{Heap after GC invocations=150 (full 3):
 PSYoungGen      total 8704K, used 846K [0x00000000d5580000, 0x00000000d5f00000, 0x0000000100000000)
  eden space 7680K, 0% used [0x00000000d5580000,0x00000000d5580000,0x00000000d5d00000)
  from space 1024K, 82% used [0x00000000d5d00000,0x00000000d5dd3918,0x00000000d5e00000)
  to   space 1024K, 0% used [0x00000000d5e00000,0x00000000d5e00000,0x00000000d5f00000)
 ParOldGen       total 130048K, used 130016K [0x0000000080000000, 0x0000000087f00000, 0x00000000d5580000)
  object space 130048K, 99% used [0x0000000080000000,0x0000000087ef81d0,0x0000000087f00000)
 Metaspace       used 66874K, committed 68416K, reserved 1114112K
  class space    used 6703K, committed 7424K, reserved 1048576K
}
Event: 22.944 GC heap before
{Heap before GC invocations=151 (full 3):
 PSYoungGen      total 8704K, used 8526K [0x00000000d5580000, 0x00000000d5f00000, 0x0000000100000000)
  eden space 7680K, 100% used [0x00000000d5580000,0x00000000d5d00000,0x00000000d5d00000)
  from space 1024K, 82% used [0x00000000d5d00000,0x00000000d5dd3918,0x00000000d5e00000)
  to   space 1024K, 0% used [0x00000000d5e00000,0x00000000d5e00000,0x00000000d5f00000)
 ParOldGen       total 130048K, used 130016K [0x0000000080000000, 0x0000000087f00000, 0x00000000d5580000)
  object space 130048K, 99% used [0x0000000080000000,0x0000000087ef81d0,0x0000000087f00000)
 Metaspace       used 66898K, committed 68416K, reserved 1114112K
  class space    used 6705K, committed 7424K, reserved 1048576K
}
Event: 22.945 GC heap after
{Heap after GC invocations=151 (full 3):
 PSYoungGen      total 8704K, used 548K [0x00000000d5580000, 0x00000000d5f00000, 0x0000000100000000)
  eden space 7680K, 0% used [0x00000000d5580000,0x00000000d5580000,0x00000000d5d00000)
  from space 1024K, 53% used [0x00000000d5e00000,0x00000000d5e89198,0x00000000d5f00000)
  to   space 1024K, 0% used [0x00000000d5d00000,0x00000000d5d00000,0x00000000d5e00000)
 ParOldGen       total 131072K, used 130724K [0x0000000080000000, 0x0000000088000000, 0x00000000d5580000)
  object space 131072K, 99% used [0x0000000080000000,0x0000000087fa90d8,0x0000000088000000)
 Metaspace       used 66898K, committed 68416K, reserved 1114112K
  class space    used 6705K, committed 7424K, reserved 1048576K
}
Event: 22.968 GC heap before
{Heap before GC invocations=152 (full 3):
 PSYoungGen      total 8704K, used 8228K [0x00000000d5580000, 0x00000000d5f00000, 0x0000000100000000)
  eden space 7680K, 100% used [0x00000000d5580000,0x00000000d5d00000,0x00000000d5d00000)
  from space 1024K, 53% used [0x00000000d5e00000,0x00000000d5e89198,0x00000000d5f00000)
  to   space 1024K, 0% used [0x00000000d5d00000,0x00000000d5d00000,0x00000000d5e00000)
 ParOldGen       total 131072K, used 130724K [0x0000000080000000, 0x0000000088000000, 0x00000000d5580000)
  object space 131072K, 99% used [0x0000000080000000,0x0000000087fa90d8,0x0000000088000000)
 Metaspace       used 66898K, committed 68416K, reserved 1114112K
  class space    used 6705K, committed 7424K, reserved 1048576K
}
Event: 22.969 GC heap after
{Heap after GC invocations=152 (full 3):
 PSYoungGen      total 8704K, used 1016K [0x00000000d5580000, 0x00000000d6100000, 0x0000000100000000)
  eden space 7680K, 0% used [0x00000000d5580000,0x00000000d5580000,0x00000000d5d00000)
  from space 1024K, 99% used [0x00000000d5d00000,0x00000000d5dfe398,0x00000000d5e00000)
  to   space 2048K, 0% used [0x00000000d5f00000,0x00000000d5f00000,0x00000000d6100000)
 ParOldGen       total 131584K, used 131415K [0x0000000080000000, 0x0000000088080000, 0x00000000d5580000)
  object space 131584K, 99% used [0x0000000080000000,0x0000000088055f60,0x0000000088080000)
 Metaspace       used 66898K, committed 68416K, reserved 1114112K
  class space    used 6705K, committed 7424K, reserved 1048576K
}
Event: 22.988 GC heap before
{Heap before GC invocations=153 (full 3):
 PSYoungGen      total 8704K, used 8696K [0x00000000d5580000, 0x00000000d6100000, 0x0000000100000000)
  eden space 7680K, 100% used [0x00000000d5580000,0x00000000d5d00000,0x00000000d5d00000)
  from space 1024K, 99% used [0x00000000d5d00000,0x00000000d5dfe398,0x00000000d5e00000)
  to   space 2048K, 0% used [0x00000000d5f00000,0x00000000d5f00000,0x00000000d6100000)
 ParOldGen       total 131584K, used 131415K [0x0000000080000000, 0x0000000088080000, 0x00000000d5580000)
  object space 131584K, 99% used [0x0000000080000000,0x0000000088055f60,0x0000000088080000)
 Metaspace       used 66931K, committed 68480K, reserved 1114112K
  class space    used 6705K, committed 7424K, reserved 1048576K
}
Event: 22.989 GC heap after
{Heap after GC invocations=153 (full 3):
 PSYoungGen      total 9216K, used 1120K [0x00000000d5580000, 0x00000000d6080000, 0x0000000100000000)
  eden space 7680K, 0% used [0x00000000d5580000,0x00000000d5580000,0x00000000d5d00000)
  from space 1536K, 72% used [0x00000000d5f00000,0x00000000d6018000,0x00000000d6080000)
  to   space 1536K, 0% used [0x00000000d5d80000,0x00000000d5d80000,0x00000000d5f00000)
 ParOldGen       total 132608K, used 132461K [0x0000000080000000, 0x0000000088180000, 0x00000000d5580000)
  object space 132608K, 99% used [0x0000000080000000,0x000000008815b770,0x0000000088180000)
 Metaspace       used 66931K, committed 68480K, reserved 1114112K
  class space    used 6705K, committed 7424K, reserved 1048576K
}
Event: 23.017 GC heap before
{Heap before GC invocations=154 (full 3):
 PSYoungGen      total 9216K, used 8800K [0x00000000d5580000, 0x00000000d6080000, 0x0000000100000000)
  eden space 7680K, 100% used [0x00000000d5580000,0x00000000d5d00000,0x00000000d5d00000)
  from space 1536K, 72% used [0x00000000d5f00000,0x00000000d6018000,0x00000000d6080000)
  to   space 1536K, 0% used [0x00000000d5d80000,0x00000000d5d80000,0x00000000d5f00000)
 ParOldGen       total 132608K, used 132461K [0x0000000080000000, 0x0000000088180000, 0x00000000d5580000)
  object space 132608K, 99% used [0x0000000080000000,0x000000008815b770,0x0000000088180000)
 Metaspace       used 66946K, committed 68480K, reserved 1114112K
  class space    used 6705K, committed 7424K, reserved 1048576K
}
Event: 23.019 GC heap after
{Heap after GC invocations=154 (full 3):
 PSYoungGen      total 9216K, used 1528K [0x00000000d5580000, 0x00000000d6100000, 0x0000000100000000)
  eden space 7680K, 0% used [0x00000000d5580000,0x00000000d5580000,0x00000000d5d00000)
  from space 1536K, 99% used [0x00000000d5d80000,0x00000000d5efe398,0x00000000d5f00000)
  to   space 2048K, 0% used [0x00000000d5f00000,0x00000000d5f00000,0x00000000d6100000)
 ParOldGen       total 133120K, used 132805K [0x0000000080000000, 0x0000000088200000, 0x00000000d5580000)
  object space 133120K, 99% used [0x0000000080000000,0x00000000881b1790,0x0000000088200000)
 Metaspace       used 66946K, committed 68480K, reserved 1114112K
  class space    used 6705K, committed 7424K, reserved 1048576K
}
Event: 23.040 GC heap before
{Heap before GC invocations=155 (full 3):
 PSYoungGen      total 9216K, used 9208K [0x00000000d5580000, 0x00000000d6100000, 0x0000000100000000)
  eden space 7680K, 100% used [0x00000000d5580000,0x00000000d5d00000,0x00000000d5d00000)
  from space 1536K, 99% used [0x00000000d5d80000,0x00000000d5efe398,0x00000000d5f00000)
  to   space 2048K, 0% used [0x00000000d5f00000,0x00000000d5f00000,0x00000000d6100000)
 ParOldGen       total 133120K, used 132805K [0x0000000080000000, 0x0000000088200000, 0x00000000d5580000)
  object space 133120K, 99% used [0x0000000080000000,0x00000000881b1790,0x0000000088200000)
 Metaspace       used 66947K, committed 68480K, reserved 1114112K
  class space    used 6705K, committed 7424K, reserved 1048576K
}
Event: 23.042 GC heap after
{Heap after GC invocations=155 (full 3):
 PSYoungGen      total 9216K, used 1088K [0x00000000d5580000, 0x00000000d6080000, 0x0000000100000000)
  eden space 7680K, 0% used [0x00000000d5580000,0x00000000d5580000,0x00000000d5d00000)
  from space 1536K, 70% used [0x00000000d5f00000,0x00000000d6010000,0x00000000d6080000)
  to   space 1536K, 0% used [0x00000000d5d80000,0x00000000d5d80000,0x00000000d5f00000)
 ParOldGen       total 134656K, used 134385K [0x0000000080000000, 0x0000000088380000, 0x00000000d5580000)
  object space 134656K, 99% used [0x0000000080000000,0x000000008833c4b8,0x0000000088380000)
 Metaspace       used 66947K, committed 68480K, reserved 1114112K
  class space    used 6705K, committed 7424K, reserved 1048576K
}
Event: 184.361 GC heap before
{Heap before GC invocations=156 (full 3):
 PSYoungGen      total 9216K, used 8768K [0x00000000d5580000, 0x00000000d6080000, 0x0000000100000000)
  eden space 7680K, 100% used [0x00000000d5580000,0x00000000d5d00000,0x00000000d5d00000)
  from space 1536K, 70% used [0x00000000d5f00000,0x00000000d6010000,0x00000000d6080000)
  to   space 1536K, 0% used [0x00000000d5d80000,0x00000000d5d80000,0x00000000d5f00000)
 ParOldGen       total 134656K, used 134385K [0x0000000080000000, 0x0000000088380000, 0x00000000d5580000)
  object space 134656K, 99% used [0x0000000080000000,0x000000008833c4b8,0x0000000088380000)
 Metaspace       used 67194K, committed 68736K, reserved 1114112K
  class space    used 6716K, committed 7424K, reserved 1048576K
}
Event: 184.363 GC heap after
{Heap after GC invocations=156 (full 3):
 PSYoungGen      total 9216K, used 1056K [0x00000000d5580000, 0x00000000d6000000, 0x0000000100000000)
  eden space 7680K, 0% used [0x00000000d5580000,0x00000000d5580000,0x00000000d5d00000)
  from space 1536K, 68% used [0x00000000d5d80000,0x00000000d5e88000,0x00000000d5f00000)
  to   space 1024K, 0% used [0x00000000d5f00000,0x00000000d5f00000,0x00000000d6000000)
 ParOldGen       total 134656K, used 134585K [0x0000000080000000, 0x0000000088380000, 0x00000000d5580000)
  object space 134656K, 99% used [0x0000000080000000,0x000000008836e4b8,0x0000000088380000)
 Metaspace       used 67194K, committed 68736K, reserved 1114112K
  class space    used 6716K, committed 7424K, reserved 1048576K
}

Dll operation events (10 events):
Event: 0.008 Loaded shared library c:\Users\OMAR INFO\.windsurf\extensions\redhat.java-1.45.0-win32-x64\jre\21.0.8-win32-x86_64\bin\java.dll
Event: 0.122 Loaded shared library c:\Users\OMAR INFO\.windsurf\extensions\redhat.java-1.45.0-win32-x64\jre\21.0.8-win32-x86_64\bin\zip.dll
Event: 0.143 Loaded shared library C:\Users\OMAR INFO\.windsurf\extensions\redhat.java-1.45.0-win32-x64\jre\21.0.8-win32-x86_64\bin\instrument.dll
Event: 0.150 Loaded shared library C:\Users\OMAR INFO\.windsurf\extensions\redhat.java-1.45.0-win32-x64\jre\21.0.8-win32-x86_64\bin\net.dll
Event: 0.154 Loaded shared library C:\Users\OMAR INFO\.windsurf\extensions\redhat.java-1.45.0-win32-x64\jre\21.0.8-win32-x86_64\bin\nio.dll
Event: 0.161 Loaded shared library C:\Users\OMAR INFO\.windsurf\extensions\redhat.java-1.45.0-win32-x64\jre\21.0.8-win32-x86_64\bin\zip.dll
Event: 0.186 Loaded shared library C:\Users\OMAR INFO\.windsurf\extensions\redhat.java-1.45.0-win32-x64\jre\21.0.8-win32-x86_64\bin\jimage.dll
Event: 0.301 Loaded shared library c:\Users\OMAR INFO\.windsurf\extensions\redhat.java-1.45.0-win32-x64\jre\21.0.8-win32-x86_64\bin\verify.dll
Event: 1.710 Loaded shared library C:\Users\OMAR INFO\AppData\Roaming\Windsurf\User\globalStorage\redhat.java\1.45.0\config_win\org.eclipse.equinox.launcher\org.eclipse.equinox.launcher.win32.win32.x86_64_1.2.1400.v20250801-0854\eclipse_11916.dll
Event: 3.317 Loaded shared library C:\Users\OMAR INFO\AppData\Local\Temp\jna--64980065\jna14585544378161222910.dll

Deoptimization events (20 events):
Event: 31.548 Thread 0x000001dcff0a43e0 Uncommon trap: trap_request=0xffffff45 fr.pc=0x000001dcf0a74e10 relative=0x0000000000000570
Event: 31.548 Thread 0x000001dcff0a43e0 Uncommon trap: reason=unstable_if action=reinterpret pc=0x000001dcf0a74e10 method=java.util.HashMap.removeNode(ILjava/lang/Object;Ljava/lang/Object;ZZ)Ljava/util/HashMap$Node; @ 62 c2
Event: 31.548 Thread 0x000001dcff0a43e0 DEOPT PACKING pc=0x000001dcf0a74e10 sp=0x000000a7d36feee0
Event: 31.548 Thread 0x000001dcff0a43e0 DEOPT UNPACKING pc=0x000001dcef7f6da2 sp=0x000000a7d36fedd0 mode 2
Event: 31.553 Thread 0x000001dcff0a43e0 DEOPT PACKING pc=0x000001dce8c90fae sp=0x000000a7d36fecf0
Event: 31.553 Thread 0x000001dcff0a43e0 DEOPT UNPACKING pc=0x000001dcef7f78e2 sp=0x000000a7d36fe248 mode 0
Event: 31.553 Thread 0x000001dcff0a43e0 DEOPT PACKING pc=0x000001dce8c90fae sp=0x000000a7d36fecf0
Event: 31.553 Thread 0x000001dcff0a43e0 DEOPT UNPACKING pc=0x000001dcef7f78e2 sp=0x000000a7d36fe248 mode 0
Event: 31.585 Thread 0x000001dcff0a43e0 Uncommon trap: trap_request=0xffffff45 fr.pc=0x000001dcf0840250 relative=0x0000000000000610
Event: 31.585 Thread 0x000001dcff0a43e0 Uncommon trap: reason=unstable_if action=reinterpret pc=0x000001dcf0840250 method=java.util.ImmutableCollections$AbstractImmutableList.equals(Ljava/lang/Object;)Z @ 2 c2
Event: 31.585 Thread 0x000001dcff0a43e0 DEOPT PACKING pc=0x000001dcf0840250 sp=0x000000a7d36fe6b0
Event: 31.585 Thread 0x000001dcff0a43e0 DEOPT UNPACKING pc=0x000001dcef7f6da2 sp=0x000000a7d36fe650 mode 2
Event: 644.413 Thread 0x000001dcc74c29d0 Uncommon trap: trap_request=0xffffff45 fr.pc=0x000001dcf0966144 relative=0x0000000000001de4
Event: 644.413 Thread 0x000001dcc74c29d0 Uncommon trap: reason=unstable_if action=reinterpret pc=0x000001dcf0966144 method=java.net.URI.percentNormalizedComparison(Ljava/lang/String;Ljava/lang/String;Z)I @ 109 c2
Event: 644.413 Thread 0x000001dcc74c29d0 DEOPT PACKING pc=0x000001dcf0966144 sp=0x000000a7d63fefd0
Event: 644.413 Thread 0x000001dcc74c29d0 DEOPT UNPACKING pc=0x000001dcef7f6da2 sp=0x000000a7d63fee88 mode 2
Event: 644.415 Thread 0x000001dcc74c29d0 Uncommon trap: trap_request=0xffffff45 fr.pc=0x000001dcf05949d8 relative=0x0000000000000678
Event: 644.415 Thread 0x000001dcc74c29d0 Uncommon trap: reason=unstable_if action=reinterpret pc=0x000001dcf05949d8 method=java.net.URI.percentNormalizedComparison(Ljava/lang/String;Ljava/lang/String;Z)I @ 109 c2
Event: 644.415 Thread 0x000001dcc74c29d0 DEOPT PACKING pc=0x000001dcf05949d8 sp=0x000000a7d63fee80
Event: 644.415 Thread 0x000001dcc74c29d0 DEOPT UNPACKING pc=0x000001dcef7f6da2 sp=0x000000a7d63fed98 mode 2

Classes loaded (20 events):
Event: 31.588 Loading class sun/util/resources/TimeZoneNamesBundle done
Event: 31.588 Loading class sun/util/resources/cldr/TimeZoneNames done
Event: 31.588 Loading class sun/util/resources/cldr/TimeZoneNames_en
Event: 31.590 Loading class sun/util/resources/cldr/TimeZoneNames_en done
Event: 31.590 Loading class sun/util/resources/cldr/TimeZoneNames_en_US
Event: 31.590 Loading class sun/util/resources/cldr/TimeZoneNames_en_US done
Event: 31.591 Loading class sun/util/cldr/CLDRBaseLocaleDataMetaInfo$TZCanonicalIDMapHolder
Event: 31.592 Loading class sun/util/cldr/CLDRBaseLocaleDataMetaInfo$TZCanonicalIDMapHolder done
Event: 31.594 Loading class sun/util/cldr/CLDRTimeZoneNameProviderImpl$AVAILABLE_IDS
Event: 31.594 Loading class sun/util/cldr/CLDRTimeZoneNameProviderImpl$AVAILABLE_IDS done
Event: 31.595 Loading class sun/util/resources/TimeZoneNames
Event: 31.596 Loading class sun/util/resources/TimeZoneNames done
Event: 31.596 Loading class sun/util/resources/TimeZoneNames_en
Event: 31.596 Loading class sun/util/resources/TimeZoneNames_en done
Event: 644.402 Loading class java/util/stream/DistinctOps
Event: 644.403 Loading class java/util/stream/DistinctOps done
Event: 644.403 Loading class java/util/stream/DistinctOps$1
Event: 644.403 Loading class java/util/stream/DistinctOps$1 done
Event: 644.410 Loading class java/util/stream/DistinctOps$1$2
Event: 644.410 Loading class java/util/stream/DistinctOps$1$2 done

Classes unloaded (7 events):
Event: 3.929 Thread 0x000001dce50f4ac0 Unloading class 0x000001dc811a5000 'java/lang/invoke/LambdaForm$MH+0x000001dc811a5000'
Event: 3.929 Thread 0x000001dce50f4ac0 Unloading class 0x000001dc811a4c00 'java/lang/invoke/LambdaForm$MH+0x000001dc811a4c00'
Event: 3.929 Thread 0x000001dce50f4ac0 Unloading class 0x000001dc811a4800 'java/lang/invoke/LambdaForm$MH+0x000001dc811a4800'
Event: 3.929 Thread 0x000001dce50f4ac0 Unloading class 0x000001dc811a4400 'java/lang/invoke/LambdaForm$MH+0x000001dc811a4400'
Event: 3.929 Thread 0x000001dce50f4ac0 Unloading class 0x000001dc811a4000 'java/lang/invoke/LambdaForm$BMH+0x000001dc811a4000'
Event: 3.929 Thread 0x000001dce50f4ac0 Unloading class 0x000001dc811a3c00 'java/lang/invoke/LambdaForm$DMH+0x000001dc811a3c00'
Event: 3.929 Thread 0x000001dce50f4ac0 Unloading class 0x000001dc811a2800 'java/lang/invoke/LambdaForm$DMH+0x000001dc811a2800'

Classes redefined (0 events):
No events

Internal exceptions (20 events):
Event: 16.544 Thread 0x000001dcff6e16b0 Exception <a 'java/io/FileNotFoundException'{0x00000000d5ec2a10}> (0x00000000d5ec2a10) 
thrown [s\src\hotspot\share\prims\jni.cpp, line 520]
Event: 16.544 Thread 0x000001dcff6e16b0 Exception <a 'java/io/FileNotFoundException'{0x00000000d5ec3b40}> (0x00000000d5ec3b40) 
thrown [s\src\hotspot\share\prims\jni.cpp, line 520]
Event: 16.544 Thread 0x000001dcff6e16b0 Exception <a 'java/io/FileNotFoundException'{0x00000000d5ec4ce8}> (0x00000000d5ec4ce8) 
thrown [s\src\hotspot\share\prims\jni.cpp, line 520]
Event: 16.552 Thread 0x000001dcff6e1020 Exception <a 'sun/nio/fs/WindowsException'{0x00000000d60fe6e0}> (0x00000000d60fe6e0) 
thrown [s\src\hotspot\share\prims\jni.cpp, line 520]
Event: 16.552 Thread 0x000001dcff6e1020 Exception <a 'sun/nio/fs/WindowsException'{0x00000000d60fed10}> (0x00000000d60fed10) 
thrown [s\src\hotspot\share\prims\jni.cpp, line 520]
Event: 16.552 Thread 0x000001dcff6e1020 Exception <a 'sun/nio/fs/WindowsException'{0x00000000d60ff7a8}> (0x00000000d60ff7a8) 
thrown [s\src\hotspot\share\prims\jni.cpp, line 520]
Event: 16.552 Thread 0x000001dcff6e1020 Exception <a 'sun/nio/fs/WindowsException'{0x00000000d60ffdd8}> (0x00000000d60ffdd8) 
thrown [s\src\hotspot\share\prims\jni.cpp, line 520]
Event: 16.552 Thread 0x000001dcff6e1020 Exception <a 'sun/nio/fs/WindowsException'{0x00000000d61012a0}> (0x00000000d61012a0) 
thrown [s\src\hotspot\share\prims\jni.cpp, line 520]
Event: 16.552 Thread 0x000001dcff6e1020 Exception <a 'sun/nio/fs/WindowsException'{0x00000000d61018d0}> (0x00000000d61018d0) 
thrown [s\src\hotspot\share\prims\jni.cpp, line 520]
Event: 16.555 Thread 0x000001dcff6e1020 Exception <a 'sun/nio/fs/WindowsException'{0x00000000d6152c30}> (0x00000000d6152c30) 
thrown [s\src\hotspot\share\prims\jni.cpp, line 520]
Event: 16.555 Thread 0x000001dcff6e1020 Exception <a 'sun/nio/fs/WindowsException'{0x00000000d6153510}> (0x00000000d6153510) 
thrown [s\src\hotspot\share\prims\jni.cpp, line 520]
Event: 16.693 Thread 0x000001dcff6e16b0 Implicit null exception at 0x000001dcf0671f4f to 0x000001dcf0672128
Event: 16.810 Thread 0x000001dcff6e1020 Exception <a 'java/lang/NoSuchMethodError'{0x00000000d5f22d20}: 'java.lang.Object java.lang.invoke.DirectMethodHandle$Holder.invokeStatic(java.lang.Object, java.lang.Object, int, java.lang.Object)'> (0x00000000d5f22d20) 
thrown [s\src\hotspot\share\interpreter\linkResolver.cpp, line 773]
Event: 16.811 Thread 0x000001dcff6e1020 Exception <a 'java/lang/NoSuchMethodError'{0x00000000d5f29430}: 'java.lang.Object java.lang.invoke.DirectMethodHandle$Holder.newInvokeSpecial(java.lang.Object, java.lang.Object, int)'> (0x00000000d5f29430) 
thrown [s\src\hotspot\share\interpreter\linkResolver.cpp, line 773]
Event: 16.912 Thread 0x000001dcff6e16b0 Exception <a 'java/lang/NoSuchMethodError'{0x00000000d634e240}: 'java.lang.Object java.lang.invoke.DirectMethodHandle$Holder.invokeStatic(java.lang.Object, java.lang.Object, int, java.lang.Object, java.lang.Object)'> (0x00000000d634e240) 
thrown [s\src\hotspot\share\interpreter\linkResolver.cpp, line 773]
Event: 16.923 Thread 0x000001dcff6e16b0 Implicit null exception at 0x000001dcf092d21e to 0x000001dcf092d4a8
Event: 17.421 Thread 0x000001dcff6e16b0 Implicit null exception at 0x000001dcf09b57c4 to 0x000001dcf09b5820
Event: 17.422 Thread 0x000001dcff6e16b0 Exception <a 'java/lang/NoSuchMethodError'{0x00000000d55babc0}: 'java.lang.Object java.lang.invoke.DirectMethodHandle$Holder.newInvokeSpecial(java.lang.Object, java.lang.Object, java.lang.Object, java.lang.Object, int)'> (0x00000000d55babc0) 
thrown [s\src\hotspot\share\interpreter\linkResolver.cpp, line 773]
Event: 17.422 Thread 0x000001dcff6e16b0 Exception <a 'java/lang/NoSuchMethodError'{0x00000000d55bfd80}: 'java.lang.Object java.lang.invoke.DirectMethodHandle$Holder.invokeSpecial(java.lang.Object, java.lang.Object, java.lang.Object, java.lang.Object, java.lang.Object, int)'> (0x00000000d55bfd80) 
thrown [s\src\hotspot\share\interpreter\linkResolver.cpp, line 773]
Event: 17.423 Thread 0x000001dcff6e16b0 Exception <a 'java/lang/NoSuchMethodError'{0x00000000d55c3ac0}: 'java.lang.Object java.lang.invoke.Invokers$Holder.linkToTargetMethod(java.lang.Object, java.lang.Object, java.lang.Object, int, java.lang.Object)'> (0x00000000d55c3ac0) 
thrown [s\src\hotspot\share\interpreter\linkResolver.cpp, line 773]

ZGC Phase Switch (0 events):
No events

VM Operations (20 events):
Event: 481.009 Executing VM operation: HandshakeAllThreads (HandshakeForDeflation)
Event: 481.009 Executing VM operation: HandshakeAllThreads (HandshakeForDeflation) done
Event: 481.009 Executing VM operation: RendezvousGCThreads
Event: 481.009 Executing VM operation: RendezvousGCThreads done
Event: 541.199 Executing VM operation: HandshakeAllThreads (HandshakeForDeflation)
Event: 541.199 Executing VM operation: HandshakeAllThreads (HandshakeForDeflation) done
Event: 541.199 Executing VM operation: RendezvousGCThreads
Event: 541.199 Executing VM operation: RendezvousGCThreads done
Event: 601.224 Executing VM operation: HandshakeAllThreads (HandshakeForDeflation)
Event: 601.224 Executing VM operation: HandshakeAllThreads (HandshakeForDeflation) done
Event: 601.224 Executing VM operation: RendezvousGCThreads
Event: 601.224 Executing VM operation: RendezvousGCThreads done
Event: 602.229 Executing VM operation: Cleanup
Event: 602.229 Executing VM operation: Cleanup done
Event: 606.263 Executing VM operation: Cleanup
Event: 606.263 Executing VM operation: Cleanup done
Event: 644.406 Executing VM operation: HandshakeAllThreads (Deoptimize)
Event: 644.406 Executing VM operation: HandshakeAllThreads (Deoptimize) done
Event: 644.409 Executing VM operation: HandshakeAllThreads (Deoptimize)
Event: 644.409 Executing VM operation: HandshakeAllThreads (Deoptimize) done

Memory protections (0 events):
No events

Nmethod flushes (20 events):
Event: 14.349 Thread 0x000001dce50f4ac0 flushing  nmethod 0x000001dce8d76610
Event: 14.349 Thread 0x000001dce50f4ac0 flushing  nmethod 0x000001dce8d7b690
Event: 14.349 Thread 0x000001dce50f4ac0 flushing  nmethod 0x000001dce8d91590
Event: 14.349 Thread 0x000001dce50f4ac0 flushing  nmethod 0x000001dce8d92390
Event: 14.349 Thread 0x000001dce50f4ac0 flushing  nmethod 0x000001dce8dc2d10
Event: 14.349 Thread 0x000001dce50f4ac0 flushing  nmethod 0x000001dce8dc3a10
Event: 14.349 Thread 0x000001dce50f4ac0 flushing  nmethod 0x000001dce8dc4290
Event: 14.349 Thread 0x000001dce50f4ac0 flushing  nmethod 0x000001dce8dc7d10
Event: 14.349 Thread 0x000001dce50f4ac0 flushing  nmethod 0x000001dce8dcfc10
Event: 14.349 Thread 0x000001dce50f4ac0 flushing  nmethod 0x000001dce8dd8910
Event: 14.349 Thread 0x000001dce50f4ac0 flushing  nmethod 0x000001dce8e11010
Event: 14.349 Thread 0x000001dce50f4ac0 flushing  nmethod 0x000001dce8e11490
Event: 14.349 Thread 0x000001dce50f4ac0 flushing  nmethod 0x000001dce8e12a90
Event: 14.349 Thread 0x000001dce50f4ac0 flushing  nmethod 0x000001dce8e13a90
Event: 14.349 Thread 0x000001dce50f4ac0 flushing  nmethod 0x000001dce8e14f10
Event: 14.349 Thread 0x000001dce50f4ac0 flushing  nmethod 0x000001dce8e15490
Event: 14.349 Thread 0x000001dce50f4ac0 flushing  nmethod 0x000001dce8e15a90
Event: 14.349 Thread 0x000001dce50f4ac0 flushing  nmethod 0x000001dce8e17010
Event: 14.349 Thread 0x000001dce50f4ac0 flushing  nmethod 0x000001dce8e6e310
Event: 14.349 Thread 0x000001dce50f4ac0 flushing osr nmethod 0x000001dce8e7b010

Events (20 events):
Event: 31.542 Thread 0x000001dcfd0ceb90 Thread added: 0x000001dcff896510
Event: 31.553 Thread 0x000001dce510a140 Thread added: 0x000001dcff893c30
Event: 31.556 Thread 0x000001dcff896510 Thread added: 0x000001dcff892e90
Event: 36.606 Thread 0x000001dcff892e90 Thread exited: 0x000001dcff892e90
Event: 36.606 Thread 0x000001dcff893c30 Thread exited: 0x000001dcff893c30
Event: 36.606 Thread 0x000001dcff896510 Thread exited: 0x000001dcff896510
Event: 41.606 Thread 0x000001dcff890c80 Thread exited: 0x000001dcff890c80
Event: 76.791 Thread 0x000001dcff6e0300 Thread exited: 0x000001dcff6e0300
Event: 76.809 Thread 0x000001dcc9600190 Thread exited: 0x000001dcc9600190
Event: 136.780 Thread 0x000001dcff6e30f0 Thread exited: 0x000001dcff6e30f0
Event: 136.811 Thread 0x000001dcc95fe0c0 Thread exited: 0x000001dcc95fe0c0
Event: 136.811 Thread 0x000001dcff6dfc70 Thread exited: 0x000001dcff6dfc70
Event: 196.825 Thread 0x000001dcc96049c0 Thread exited: 0x000001dcc96049c0
Event: 256.832 Thread 0x000001dcc95fda30 Thread exited: 0x000001dcc95fda30
Event: 316.838 Thread 0x000001dcc9603ca0 Thread exited: 0x000001dcc9603ca0
Event: 376.846 Thread 0x000001dcc9600eb0 Thread exited: 0x000001dcc9600eb0
Event: 436.849 Thread 0x000001dcc9603610 Thread exited: 0x000001dcc9603610
Event: 496.850 Thread 0x000001dcc9600820 Thread exited: 0x000001dcc9600820
Event: 556.859 Thread 0x000001dcc9601540 Thread exited: 0x000001dcc9601540
Event: 616.870 Thread 0x000001dcc95ff470 Thread exited: 0x000001dcc95ff470


Dynamic libraries:
0x00007ff6e3460000 - 0x00007ff6e346e000 	c:\Users\OMAR INFO\.windsurf\extensions\redhat.java-1.45.0-win32-x64\jre\21.0.8-win32-x86_64\bin\java.exe
0x00007ffeec490000 - 0x00007ffeec688000 	C:\Windows\SYSTEM32\ntdll.dll
0x00007ffeea8d0000 - 0x00007ffeea992000 	C:\Windows\System32\KERNEL32.DLL
0x00007ffee9da0000 - 0x00007ffeea096000 	C:\Windows\System32\KERNELBASE.dll
0x00007ffee9b30000 - 0x00007ffee9c30000 	C:\Windows\System32\ucrtbase.dll
0x00007ffea38d0000 - 0x00007ffea38e8000 	c:\Users\OMAR INFO\.windsurf\extensions\redhat.java-1.45.0-win32-x64\jre\21.0.8-win32-x86_64\bin\jli.dll
0x00007ffeeb4f0000 - 0x00007ffeeb68d000 	C:\Windows\System32\USER32.dll
0x00007ffee9cb0000 - 0x00007ffee9cd2000 	C:\Windows\System32\win32u.dll
0x00007ffeec2f0000 - 0x00007ffeec31b000 	C:\Windows\System32\GDI32.dll
0x00007ffeea200000 - 0x00007ffeea319000 	C:\Windows\System32\gdi32full.dll
0x00007ffeea420000 - 0x00007ffeea4bd000 	C:\Windows\System32\msvcp_win.dll
0x00007ffea3780000 - 0x00007ffea379e000 	c:\Users\OMAR INFO\.windsurf\extensions\redhat.java-1.45.0-win32-x64\jre\21.0.8-win32-x86_64\bin\VCRUNTIME140.dll
0x00007ffed0400000 - 0x00007ffed069b000 	C:\Windows\WinSxS\amd64_microsoft.windows.common-controls_6595b64144ccf1df_6.0.19041.6280_none_60bc30a171f2f3f3\COMCTL32.dll
0x00007ffeeb250000 - 0x00007ffeeb2ee000 	C:\Windows\System32\msvcrt.dll
0x00007ffeec380000 - 0x00007ffeec3af000 	C:\Windows\System32\IMM32.DLL
0x00007ffede8f0000 - 0x00007ffede8fc000 	c:\Users\OMAR INFO\.windsurf\extensions\redhat.java-1.45.0-win32-x64\jre\21.0.8-win32-x86_64\bin\vcruntime140_1.dll
0x00007ffe9f9a0000 - 0x00007ffe9fa2d000 	c:\Users\OMAR INFO\.windsurf\extensions\redhat.java-1.45.0-win32-x64\jre\21.0.8-win32-x86_64\bin\msvcp140.dll
0x00007ffe81a30000 - 0x00007ffe827c7000 	c:\Users\OMAR INFO\.windsurf\extensions\redhat.java-1.45.0-win32-x64\jre\21.0.8-win32-x86_64\bin\server\jvm.dll
0x00007ffeea720000 - 0x00007ffeea7d1000 	C:\Windows\System32\ADVAPI32.dll
0x00007ffeec3b0000 - 0x00007ffeec44f000 	C:\Windows\System32\sechost.dll
0x00007ffeeb370000 - 0x00007ffeeb490000 	C:\Windows\System32\RPCRT4.dll
0x00007ffee9ce0000 - 0x00007ffee9d07000 	C:\Windows\System32\bcrypt.dll
0x00007ffeeb300000 - 0x00007ffeeb36b000 	C:\Windows\System32\WS2_32.dll
0x00007ffee94b0000 - 0x00007ffee94fb000 	C:\Windows\SYSTEM32\POWRPROF.dll
0x00007ffedd940000 - 0x00007ffedd967000 	C:\Windows\SYSTEM32\WINMM.dll
0x00007ffee33f0000 - 0x00007ffee33fa000 	C:\Windows\SYSTEM32\VERSION.dll
0x00007ffee9470000 - 0x00007ffee9482000 	C:\Windows\SYSTEM32\UMPDC.dll
0x00007ffee8360000 - 0x00007ffee8372000 	C:\Windows\SYSTEM32\kernel.appcore.dll
0x00007ffede8b0000 - 0x00007ffede8ba000 	c:\Users\OMAR INFO\.windsurf\extensions\redhat.java-1.45.0-win32-x64\jre\21.0.8-win32-x86_64\bin\jimage.dll
0x00007ffee7710000 - 0x00007ffee7911000 	C:\Windows\SYSTEM32\DBGHELP.DLL
0x00007ffecc7f0000 - 0x00007ffecc824000 	C:\Windows\SYSTEM32\dbgcore.DLL
0x00007ffee9d10000 - 0x00007ffee9d92000 	C:\Windows\System32\bcryptPrimitives.dll
0x00007ffeb96e0000 - 0x00007ffeb96ef000 	c:\Users\OMAR INFO\.windsurf\extensions\redhat.java-1.45.0-win32-x64\jre\21.0.8-win32-x86_64\bin\instrument.dll
0x00007ffea3730000 - 0x00007ffea374f000 	c:\Users\OMAR INFO\.windsurf\extensions\redhat.java-1.45.0-win32-x64\jre\21.0.8-win32-x86_64\bin\java.dll
0x00007ffeeb690000 - 0x00007ffeebe00000 	C:\Windows\System32\SHELL32.dll
0x00007ffee7b50000 - 0x00007ffee82f5000 	C:\Windows\SYSTEM32\windows.storage.dll
0x00007ffeebf90000 - 0x00007ffeec2e3000 	C:\Windows\System32\combase.dll
0x00007ffee9410000 - 0x00007ffee943b000 	C:\Windows\SYSTEM32\Wldp.dll
0x00007ffeea800000 - 0x00007ffeea8cd000 	C:\Windows\System32\OLEAUT32.dll
0x00007ffeeb1a0000 - 0x00007ffeeb24d000 	C:\Windows\System32\SHCORE.dll
0x00007ffeebe00000 - 0x00007ffeebe5b000 	C:\Windows\System32\shlwapi.dll
0x00007ffee9a60000 - 0x00007ffee9a84000 	C:\Windows\SYSTEM32\profapi.dll
0x00007ffea3200000 - 0x00007ffea3218000 	c:\Users\OMAR INFO\.windsurf\extensions\redhat.java-1.45.0-win32-x64\jre\21.0.8-win32-x86_64\bin\zip.dll
0x00007ffeb7c80000 - 0x00007ffeb7c90000 	C:\Users\OMAR INFO\.windsurf\extensions\redhat.java-1.45.0-win32-x64\jre\21.0.8-win32-x86_64\bin\net.dll
0x00007ffee20c0000 - 0x00007ffee21ca000 	C:\Windows\SYSTEM32\WINHTTP.dll
0x00007ffee91f0000 - 0x00007ffee925a000 	C:\Windows\system32\mswsock.dll
0x00007ffea31e0000 - 0x00007ffea31f6000 	C:\Users\OMAR INFO\.windsurf\extensions\redhat.java-1.45.0-win32-x64\jre\21.0.8-win32-x86_64\bin\nio.dll
0x00007ffeb7790000 - 0x00007ffeb77a0000 	c:\Users\OMAR INFO\.windsurf\extensions\redhat.java-1.45.0-win32-x64\jre\21.0.8-win32-x86_64\bin\verify.dll
0x00007ffea2e10000 - 0x00007ffea2e54000 	C:\Users\OMAR INFO\AppData\Roaming\Windsurf\User\globalStorage\redhat.java\1.45.0\config_win\org.eclipse.equinox.launcher\org.eclipse.equinox.launcher.win32.win32.x86_64_1.2.1400.v20250801-0854\eclipse_11916.dll
0x00007ffeeaaa0000 - 0x00007ffeeabcb000 	C:\Windows\System32\ole32.dll
0x00007ffee9450000 - 0x00007ffee9468000 	C:\Windows\SYSTEM32\CRYPTSP.dll
0x00007ffee8ad0000 - 0x00007ffee8b08000 	C:\Windows\system32\rsaenh.dll
0x00007ffee99e0000 - 0x00007ffee9a0e000 	C:\Windows\SYSTEM32\USERENV.dll
0x00007ffee9380000 - 0x00007ffee938c000 	C:\Windows\SYSTEM32\CRYPTBASE.dll
0x00007ffee8ef0000 - 0x00007ffee8f2b000 	C:\Windows\SYSTEM32\IPHLPAPI.DLL
0x00007ffeea9a0000 - 0x00007ffeea9a8000 	C:\Windows\System32\NSI.dll
0x00007ffea2cd0000 - 0x00007ffea2d19000 	C:\Users\OMAR INFO\AppData\Local\Temp\jna--64980065\jna14585544378161222910.dll
0x00007ffeebe60000 - 0x00007ffeebe68000 	C:\Windows\System32\PSAPI.DLL
0x00007ffee2d80000 - 0x00007ffee2d97000 	C:\Windows\SYSTEM32\dhcpcsvc6.DLL
0x00007ffee2d60000 - 0x00007ffee2d7d000 	C:\Windows\SYSTEM32\dhcpcsvc.DLL

JVMTI agents:
c:\Users\OMAR INFO\.windsurf\extensions\redhat.java-1.45.0-win32-x64\lombok\lombok-1.18.39-4050.jar path:c:\Users\OMAR INFO\.windsurf\extensions\redhat.java-1.45.0-win32-x64\jre\21.0.8-win32-x86_64\bin\instrument.dll, loaded, initialized, instrumentlib options:none

dbghelp: loaded successfully - version: 4.0.5 - missing functions: none
symbol engine: initialized successfully - sym options: 0x614 - pdb path: .;c:\Users\OMAR INFO\.windsurf\extensions\redhat.java-1.45.0-win32-x64\jre\21.0.8-win32-x86_64\bin;C:\Windows\SYSTEM32;C:\Windows\WinSxS\amd64_microsoft.windows.common-controls_6595b64144ccf1df_6.0.19041.6280_none_60bc30a171f2f3f3;c:\Users\OMAR INFO\.windsurf\extensions\redhat.java-1.45.0-win32-x64\jre\21.0.8-win32-x86_64\bin\server;C:\Users\OMAR INFO\AppData\Roaming\Windsurf\User\globalStorage\redhat.java\1.45.0\config_win\org.eclipse.equinox.launcher\org.eclipse.equinox.launcher.win32.win32.x86_64_1.2.1400.v20250801-0854;C:\Users\OMAR INFO\AppData\Local\Temp\jna--64980065

VM Arguments:
jvm_args: --add-modules=ALL-SYSTEM --add-opens=java.base/java.util=ALL-UNNAMED --add-opens=java.base/java.lang=ALL-UNNAMED --add-opens=java.base/sun.nio.fs=ALL-UNNAMED -Declipse.application=org.eclipse.jdt.ls.core.id1 -Dosgi.bundles.defaultStartLevel=4 -Declipse.product=org.eclipse.jdt.ls.core.product -Djava.import.generatesMetadataFilesAtProjectRoot=false -DDetectVMInstallationsJob.disabled=true -Dfile.encoding=utf8 -XX:+UseParallelGC -XX:GCTimeRatio=4 -XX:AdaptiveSizePolicyWeight=90 -Dsun.zip.disableMemoryMapping=true -Xmx2G -Xms100m -Xlog:disable -javaagent:c:\Users\OMAR INFO\.windsurf\extensions\redhat.java-1.45.0-win32-x64\lombok\lombok-1.18.39-4050.jar -XX:+HeapDumpOnOutOfMemoryError -XX:HeapDumpPath=c:\Users\OMAR INFO\AppData\Roaming\Windsurf\User\workspaceStorage\017271f0c0c7557d9833a01acf50ccd7\redhat.java -Daether.dependencyCollector.impl=bf 
java_command: c:\Users\OMAR INFO\.windsurf\extensions\redhat.java-1.45.0-win32-x64\server\plugins\org.eclipse.equinox.launcher_1.7.0.v20250519-0528.jar -configuration c:\Users\OMAR INFO\AppData\Roaming\Windsurf\User\globalStorage\redhat.java\1.45.0\config_win -data c:\Users\OMAR INFO\AppData\Roaming\Windsurf\User\workspaceStorage\017271f0c0c7557d9833a01acf50ccd7\redhat.java\jdt_ws --pipe=\\.\pipe\lsp-d93973bdb21485b1f70ee8aa0d9b18bd-sock
java_class_path (initial): c:\Users\OMAR INFO\.windsurf\extensions\redhat.java-1.45.0-win32-x64\server\plugins\org.eclipse.equinox.launcher_1.7.0.v20250519-0528.jar
Launcher Type: SUN_STANDARD

[Global flags]
    uintx AdaptiveSizePolicyWeight                 = 90                                        {product} {command line}
     intx CICompilerCount                          = 12                                        {product} {ergonomic}
    uintx GCTimeRatio                              = 4                                         {product} {command line}
     bool HeapDumpOnOutOfMemoryError               = true                                   {manageable} {command line}
    ccstr HeapDumpPath                             = c:\Users\OMAR INFO\AppData\Roaming\Windsurf\User\workspaceStorage\017271f0c0c7557d9833a01acf50ccd7\redhat.java         {manageable} {command line}
   size_t InitialHeapSize                          = 104857600                                 {product} {command line}
   size_t MaxHeapSize                              = 2147483648                                {product} {command line}
   size_t MaxNewSize                               = 715653120                                 {product} {ergonomic}
   size_t MinHeapDeltaBytes                        = 524288                                    {product} {ergonomic}
   size_t MinHeapSize                              = 104857600                                 {product} {command line}
   size_t NewSize                                  = 34603008                                  {product} {ergonomic}
    uintx NonNMethodCodeHeapSize                   = 7602480                                {pd product} {ergonomic}
    uintx NonProfiledCodeHeapSize                  = 122027880                              {pd product} {ergonomic}
   size_t OldSize                                  = 70254592                                  {product} {ergonomic}
    uintx ProfiledCodeHeapSize                     = 122027880                              {pd product} {ergonomic}
    uintx ReservedCodeCacheSize                    = 251658240                              {pd product} {ergonomic}
     bool SegmentedCodeCache                       = true                                      {product} {ergonomic}
   size_t SoftMaxHeapSize                          = 2147483648                             {manageable} {ergonomic}
     bool UseCompressedOops                        = true                           {product lp64_product} {ergonomic}
     bool UseLargePagesIndividualAllocation        = false                                  {pd product} {ergonomic}
     bool UseParallelGC                            = true                                      {product} {command line}

Logging:
Log output configuration:
 #0: stdout all=off uptime,level,tags foldmultilines=false
 #1: stderr all=off uptime,level,tags foldmultilines=false

Environment Variables:
PATH=C:\oraclexe\app\oracle\product\10.2.0\server\bin;C:\ProgramData\Oracle\Java\javapath;C:\Program Files\Common Files\Oracle\Java\javapath;C:\Windows\system32;C:\Windows;C:\Windows\System32\Wbem;C:\Windows\System32\WindowsPowerShell\v1.0\;C:\Windows\System32\OpenSSH\;C:\Program Files\Microsoft SQL Server\150\Tools\Binn\;C:\Program Files\Microsoft SQL Server\Client SDK\ODBC\170\Tools\Binn\;C:\Program Files\dotnet\;C:\Program Files\NVIDIA Corporation\NVIDIA NvDLISR;C:\ProgramData\chocolatey\bin;C:\Program Files (x86)\Microsoft SQL Server\110\Tools\Binn\;C:\Program Files (x86)\Microsoft SQL Server\110\DTS\Binn\;C:\Program Files (x86)\Microsoft SQL Server\110\Tools\Binn\ManagementStudio\;C:\Program Files (x86)\Microsoft Visual Studio 10.0\Common7\IDE\PrivateAssemblies\;C:\Program Files (x86)\NVIDIA Corporation\PhysX\Common;C:\Program Files\nodejs\;C:\Program Files\Git LFS;C:\Program Files\Docker\Docker\resources\bin;C:\Program Files\Git\cmd;C:\Windows\system32\platform-tools;C:\Program Files\MongoDB\Server\8.0\bin;C:\Users\OMAR INFO\AppData\Local\Programs\Python\Python310;C:\Users\OMAR INFO\AppData\Local\Programs\Python\Python310\Scripts;F:\PuTTY\;C:\Users\OMAR INFO\AppData\Local\Programs\Python\Python310\Scripts\;C:\Users\OMAR INFO\AppData\Local\Programs\Python\Python310\;C:\Users\OMAR INFO\AppData\Local\Microsoft\WindowsApps;C:\Users\OMAR INFO\.dotnet\tools;C:\Program Files\JetBrains\IntelliJ IDEA 2023.2.1\bin;;C:\Users\OMAR INFO\AppData\Local\Programs\Microsoft VS Code\bin;C:\Users\OMAR INFO\AppData\Roaming\npm;C:\Users\OMAR INFO\AppData\Local\GitHubDesktop\bin;C:\xampp\php;C:\Users\OMAR INFO\composer;C:\Users\OMAR INFO\AppData\Roaming\Composer\vendor\bin;C:\Program Files (x86)\Microsoft SDKs\Windows\v10.0A\bin\NETFX 4.8 Tools;C:\Users\OMAR INFO\AppData\Local\Programs\Windsurf\bin;
USERNAME=OMAR INFO
OS=Windows_NT
PROCESSOR_IDENTIFIER=Intel64 Family 6 Model 141 Stepping 1, GenuineIntel
TMP=C:\Users\OMARIN~1\AppData\Local\Temp
TEMP=C:\Users\OMARIN~1\AppData\Local\Temp




Periodic native trim disabled

---------------  S Y S T E M  ---------------

OS:
 Windows 10 , 64 bit Build 19041 (10.0.19041.5915)
OS uptime: 7 days 0:02 hours
Hyper-V role detected

CPU: total 16 (initial active 16) (8 cores per cpu, 2 threads per core) family 6 model 141 stepping 1 microcode 0x26, cx8, cmov, fxsr, ht, mmx, 3dnowpref, sse, sse2, sse3, ssse3, sse4.1, sse4.2, popcnt, lzcnt, tsc, tscinvbit, avx, avx2, aes, erms, clmul, bmi1, bmi2, adx, avx512f, avx512dq, avx512cd, avx512bw, avx512vl, sha, fma, vzeroupper, avx512_vpopcntdq, avx512_vpclmulqdq, avx512_vaes, avx512_vnni, clflush, clflushopt, clwb, avx512_vbmi2, avx512_vbmi, hv, rdtscp, rdpid, fsrm, gfni, avx512_bitalg, f16c, cet_ibt, cet_ss, avx512_ifma
Processor Information for the first 16 processors :
  Max Mhz: 2304, Current Mhz: 2304, Mhz Limit: 2304

Memory: 4k page, system-wide physical 16085M (1184M free)
TotalPageFile size 23385M (AvailPageFile size 548M)
current process WorkingSet (physical memory assigned to process): 404M, peak: 466M
current process commit charge ("private bytes"): 492M, peak: 558M

vm_info: OpenJDK 64-Bit Server VM (21.0.8+9-LTS) for windows-amd64 JRE (21.0.8+9-LTS), built on 2025-07-15T00:00:00Z by "admin" with MS VC++ 17.7 (VS2022)

END.
