#
# There is insufficient memory for the Java Runtime Environment to continue.
# Native memory allocation (malloc) failed to allocate 2085440 bytes. Error detail: Chunk::new
# Possible reasons:
#   The system is out of physical RAM or swap space
#   This process is running with CompressedOops enabled, and the Java Heap may be blocking the growth of the native heap
# Possible solutions:
#   Reduce memory load on the system
#   Increase physical memory or swap space
#   Check if swap backing store is full
#   Decrease Java heap size (-Xmx/-Xms)
#   Decrease number of Java threads
#   Decrease Java thread stack sizes (-Xss)
#   Set larger code cache with -XX:ReservedCodeCacheSize=
#   JVM is running with Unscaled Compressed Oops mode in which the Java heap is
#     placed in the first 4GB address space. The Java Heap base address is the
#     maximum limit for the native heap growth. Please use -XX:HeapBaseMinAddress
#     to set the Java Heap base and to place the Java Heap above 4GB virtual address.
# This output file may be truncated or incomplete.
#
#  Out of Memory Error (arena.cpp:168), pid=14732, tid=13968
#
# JRE version: OpenJDK Runtime Environment Temurin-21.0.8+9 (21.0.8+9) (build 21.0.8+9-LTS)
# Java VM: OpenJDK 64-Bit Server VM Temurin-21.0.8+9 (21.0.8+9-LTS, mixed mode, sharing, tiered, compressed oops, compressed class ptrs, parallel gc, windows-amd64)
# No core dump will be written. Minidumps are not enabled by default on client versions of Windows
#

---------------  S U M M A R Y ------------

Command Line: --add-modules=ALL-SYSTEM --add-opens=java.base/java.util=ALL-UNNAMED --add-opens=java.base/java.lang=ALL-UNNAMED --add-opens=java.base/sun.nio.fs=ALL-UNNAMED -Declipse.application=org.eclipse.jdt.ls.core.id1 -Dosgi.bundles.defaultStartLevel=4 -Declipse.product=org.eclipse.jdt.ls.core.product -Djava.import.generatesMetadataFilesAtProjectRoot=false -DDetectVMInstallationsJob.disabled=true -Dfile.encoding=utf8 -XX:+UseParallelGC -XX:GCTimeRatio=4 -XX:AdaptiveSizePolicyWeight=90 -Dsun.zip.disableMemoryMapping=true -Xmx2G -Xms100m -Xlog:disable -javaagent:c:\Users\OMAR INFO\.windsurf\extensions\redhat.java-1.45.0-win32-x64\lombok\lombok-1.18.39-4050.jar c:\Users\OMAR INFO\.windsurf\extensions\redhat.java-1.45.0-win32-x64\server\plugins\org.eclipse.equinox.launcher_1.7.0.v20250519-0528.jar -configuration c:\Users\OMAR INFO\AppData\Roaming\Windsurf\User\globalStorage\redhat.java\1.45.0\config_ss_win -data c:\Users\OMAR INFO\AppData\Roaming\Windsurf\User\workspaceStorage\017271f0c0c7557d9833a01acf50ccd7\redhat.java\ss_ws --pipe=\\.\pipe\lsp-89413488e9d116b48d064763e8b77589-sock

Host: 11th Gen Intel(R) Core(TM) i7-11800H @ 2.30GHz, 16 cores, 15G,  Windows 10 , 64 bit Build 19041 (10.0.19041.5915)
Time: Thu Sep 25 16:01:36 2025 Paris, Madrid elapsed time: 4.448901 seconds (0d 0h 0m 4s)

---------------  T H R E A D  ---------------

Current thread (0x0000023cf2906d30):  JavaThread "C2 CompilerThread1" daemon [_thread_in_native, id=13968, stack(0x0000003d72900000,0x0000003d72a00000) (1024K)]


Current CompileTask:
C2:4449 5558 %     4       org.lombokweb.asm.ClassReader::readCode @ 2037 (5117 bytes)

Stack: [0x0000003d72900000,0x0000003d72a00000]
Native frames: (J=compiled Java code, j=interpreted, Vv=VM code, C=native code)
V  [jvm.dll+0x6d2449]
V  [jvm.dll+0x8ae341]
V  [jvm.dll+0x8b08be]
V  [jvm.dll+0x8b0fa3]
V  [jvm.dll+0x280c96]
V  [jvm.dll+0xc581d]
V  [jvm.dll+0xc5d53]
V  [jvm.dll+0x3b919c]
V  [jvm.dll+0x1e1213]
V  [jvm.dll+0x249022]
V  [jvm.dll+0x2484af]
V  [jvm.dll+0x1c89ee]
V  [jvm.dll+0x257d4d]
V  [jvm.dll+0x2562ea]
V  [jvm.dll+0x3f2d16]
V  [jvm.dll+0x857e6b]
V  [jvm.dll+0x6d0b0d]
C  [ucrtbase.dll+0x21bb2]
C  [KERNEL32.DLL+0x17374]
C  [ntdll.dll+0x4cc91]


---------------  P R O C E S S  ---------------

Threads class SMR info:
_java_thread_list=0x0000023cf9624370, length=46, elements={
0x0000023cd84e0cf0, 0x0000023cf0e9f380, 0x0000023cf0ea1bf0, 0x0000023cf0ea3450,
0x0000023cf0ea64f0, 0x0000023cf0ead360, 0x0000023cf0eaddb0, 0x0000023cf257dc60,
0x0000023cf2581100, 0x0000023cf269d000, 0x0000023cf26a0840, 0x0000023cf26a3e00,
0x0000023cf2906d30, 0x0000023cf28a1ca0, 0x0000023cf801ab90, 0x0000023cf85fdea0,
0x0000023cf89c2490, 0x0000023cf8a3c010, 0x0000023cf8a0bc10, 0x0000023cf89f02f0,
0x0000023cf86e7560, 0x0000023cf8bbabb0, 0x0000023cf8b61d20, 0x0000023cf8cdc020,
0x0000023cf8d9c3d0, 0x0000023cf8d9a300, 0x0000023cf8d9b020, 0x0000023cf8d9a990,
0x0000023cf8d9b6b0, 0x0000023cf8d99c70, 0x0000023cf8d9bd40, 0x0000023cf8d9ca60,
0x0000023cf8d995e0, 0x0000023cfa7e5a50, 0x0000023cfa7e25d0, 0x0000023cfa7e3980,
0x0000023cfa7e18b0, 0x0000023cfa7e7490, 0x0000023cfa7e60e0, 0x0000023cfa7e6770,
0x0000023cfa7e6e00, 0x0000023cfa7e0500, 0x0000023cfa7e4010, 0x0000023cfa7e7b20,
0x0000023cfa7e1f40, 0x0000023cfa7e0b90
}

Java Threads: ( => current thread )
  0x0000023cd84e0cf0 JavaThread "main"                              [_thread_blocked, id=5748, stack(0x0000003d71a00000,0x0000003d71b00000) (1024K)]
  0x0000023cf0e9f380 JavaThread "Reference Handler"          daemon [_thread_blocked, id=7376, stack(0x0000003d71e00000,0x0000003d71f00000) (1024K)]
  0x0000023cf0ea1bf0 JavaThread "Finalizer"                  daemon [_thread_blocked, id=10128, stack(0x0000003d71f00000,0x0000003d72000000) (1024K)]
  0x0000023cf0ea3450 JavaThread "Signal Dispatcher"          daemon [_thread_blocked, id=21308, stack(0x0000003d72000000,0x0000003d72100000) (1024K)]
  0x0000023cf0ea64f0 JavaThread "Attach Listener"            daemon [_thread_blocked, id=23644, stack(0x0000003d72100000,0x0000003d72200000) (1024K)]
  0x0000023cf0ead360 JavaThread "Service Thread"             daemon [_thread_blocked, id=16948, stack(0x0000003d72200000,0x0000003d72300000) (1024K)]
  0x0000023cf0eaddb0 JavaThread "Monitor Deflation Thread"   daemon [_thread_blocked, id=12864, stack(0x0000003d72300000,0x0000003d72400000) (1024K)]
  0x0000023cf257dc60 JavaThread "C2 CompilerThread0"         daemon [_thread_in_native, id=19068, stack(0x0000003d72400000,0x0000003d72500000) (1024K)]
  0x0000023cf2581100 JavaThread "C1 CompilerThread0"         daemon [_thread_blocked, id=3756, stack(0x0000003d72500000,0x0000003d72600000) (1024K)]
  0x0000023cf269d000 JavaThread "Common-Cleaner"             daemon [_thread_blocked, id=14064, stack(0x0000003d72600000,0x0000003d72700000) (1024K)]
  0x0000023cf26a0840 JavaThread "C1 CompilerThread1"         daemon [_thread_blocked, id=16712, stack(0x0000003d72700000,0x0000003d72800000) (1024K)]
  0x0000023cf26a3e00 JavaThread "C1 CompilerThread2"         daemon [_thread_blocked, id=22684, stack(0x0000003d72800000,0x0000003d72900000) (1024K)]
=>0x0000023cf2906d30 JavaThread "C2 CompilerThread1"         daemon [_thread_in_native, id=13968, stack(0x0000003d72900000,0x0000003d72a00000) (1024K)]
  0x0000023cf28a1ca0 JavaThread "C2 CompilerThread2"         daemon [_thread_in_native, id=17348, stack(0x0000003d72a00000,0x0000003d72b00000) (1024K)]
  0x0000023cf801ab90 JavaThread "Notification Thread"        daemon [_thread_blocked, id=15044, stack(0x0000003d72b00000,0x0000003d72c00000) (1024K)]
  0x0000023cf85fdea0 JavaThread "C1 CompilerThread3"         daemon [_thread_blocked, id=22120, stack(0x0000003d72c00000,0x0000003d72d00000) (1024K)]
  0x0000023cf89c2490 JavaThread "Active Thread: Equinox Container: ec41a06a-57b1-4317-8558-a7f0735bbefa"        [_thread_blocked, id=8220, stack(0x0000003d73300000,0x0000003d73400000) (1024K)]
  0x0000023cf8a3c010 JavaThread "Framework Event Dispatcher: Equinox Container: ec41a06a-57b1-4317-8558-a7f0735bbefa" daemon [_thread_blocked, id=14512, stack(0x0000003d73500000,0x0000003d73600000) (1024K)]
  0x0000023cf8a0bc10 JavaThread "Start Level: Equinox Container: ec41a06a-57b1-4317-8558-a7f0735bbefa" daemon [_thread_blocked, id=14696, stack(0x0000003d73600000,0x0000003d73700000) (1024K)]
  0x0000023cf89f02f0 JavaThread "SCR Component Actor"        daemon [_thread_blocked, id=22836, stack(0x0000003d73700000,0x0000003d73800000) (1024K)]
  0x0000023cf86e7560 JavaThread "SCR Component Registry"     daemon [_thread_blocked, id=24332, stack(0x0000003d73800000,0x0000003d73900000) (1024K)]
  0x0000023cf8bbabb0 JavaThread "Worker-JM"                         [_thread_blocked, id=5632, stack(0x0000003d73900000,0x0000003d73a00000) (1024K)]
  0x0000023cf8b61d20 JavaThread "JNA Cleaner"                daemon [_thread_blocked, id=3740, stack(0x0000003d73c00000,0x0000003d73d00000) (1024K)]
  0x0000023cf8cdc020 JavaThread "Worker-0"                          [_thread_blocked, id=10680, stack(0x0000003d74000000,0x0000003d74100000) (1024K)]
  0x0000023cf8d9c3d0 JavaThread "Worker-1"                          [_thread_blocked, id=22568, stack(0x0000003d74100000,0x0000003d74200000) (1024K)]
  0x0000023cf8d9a300 JavaThread "Thread-2"                   daemon [_thread_in_native, id=15804, stack(0x0000003d74400000,0x0000003d74500000) (1024K)]
  0x0000023cf8d9b020 JavaThread "Thread-3"                   daemon [_thread_in_native, id=23132, stack(0x0000003d74500000,0x0000003d74600000) (1024K)]
  0x0000023cf8d9a990 JavaThread "Thread-4"                   daemon [_thread_in_native, id=9644, stack(0x0000003d74600000,0x0000003d74700000) (1024K)]
  0x0000023cf8d9b6b0 JavaThread "Thread-5"                   daemon [_thread_in_native, id=21864, stack(0x0000003d74700000,0x0000003d74800000) (1024K)]
  0x0000023cf8d99c70 JavaThread "Thread-6"                   daemon [_thread_in_native, id=4012, stack(0x0000003d74800000,0x0000003d74900000) (1024K)]
  0x0000023cf8d9bd40 JavaThread "Thread-7"                   daemon [_thread_in_native, id=14464, stack(0x0000003d74900000,0x0000003d74a00000) (1024K)]
  0x0000023cf8d9ca60 JavaThread "Thread-8"                   daemon [_thread_in_native, id=22252, stack(0x0000003d74a00000,0x0000003d74b00000) (1024K)]
  0x0000023cf8d995e0 JavaThread "Thread-9"                   daemon [_thread_in_native, id=14432, stack(0x0000003d74b00000,0x0000003d74c00000) (1024K)]
  0x0000023cfa7e5a50 JavaThread "Thread-10"                  daemon [_thread_in_native, id=13128, stack(0x0000003d74c00000,0x0000003d74d00000) (1024K)]
  0x0000023cfa7e25d0 JavaThread "Thread-11"                  daemon [_thread_in_native, id=12168, stack(0x0000003d74d00000,0x0000003d74e00000) (1024K)]
  0x0000023cfa7e3980 JavaThread "Thread-12"                  daemon [_thread_in_native, id=4452, stack(0x0000003d74e00000,0x0000003d74f00000) (1024K)]
  0x0000023cfa7e18b0 JavaThread "Thread-13"                  daemon [_thread_in_native, id=16232, stack(0x0000003d74f00000,0x0000003d75000000) (1024K)]
  0x0000023cfa7e7490 JavaThread "Thread-14"                  daemon [_thread_in_native, id=10520, stack(0x0000003d75000000,0x0000003d75100000) (1024K)]
  0x0000023cfa7e60e0 JavaThread "Thread-15"                  daemon [_thread_in_native, id=20356, stack(0x0000003d75100000,0x0000003d75200000) (1024K)]
  0x0000023cfa7e6770 JavaThread "Thread-16"                  daemon [_thread_in_native, id=11556, stack(0x0000003d75200000,0x0000003d75300000) (1024K)]
  0x0000023cfa7e6e00 JavaThread "Thread-17"                  daemon [_thread_in_native, id=17568, stack(0x0000003d75300000,0x0000003d75400000) (1024K)]
  0x0000023cfa7e0500 JavaThread "Thread-18"                  daemon [_thread_in_native, id=20372, stack(0x0000003d75400000,0x0000003d75500000) (1024K)]
  0x0000023cfa7e4010 JavaThread "pool-2-thread-1"                   [_thread_blocked, id=8528, stack(0x0000003d75500000,0x0000003d75600000) (1024K)]
  0x0000023cfa7e7b20 JavaThread "Worker-2"                          [_thread_blocked, id=18184, stack(0x0000003d75600000,0x0000003d75700000) (1024K)]
  0x0000023cfa7e1f40 JavaThread "WorkspaceEventsHandler"            [_thread_blocked, id=10000, stack(0x0000003d75700000,0x0000003d75800000) (1024K)]
  0x0000023cfa7e0b90 JavaThread "pool-1-thread-1"                   [_thread_in_Java, id=23092, stack(0x0000003d75800000,0x0000003d75900000) (1024K)]
Total: 46

Other Threads:
  0x0000023cf0e94b60 VMThread "VM Thread"                           [id=7504, stack(0x0000003d71d00000,0x0000003d71e00000) (1024K)]
  0x0000023cf0d8c950 WatcherThread "VM Periodic Task Thread"        [id=12380, stack(0x0000003d71c00000,0x0000003d71d00000) (1024K)]
  0x0000023cd84fe0e0 WorkerThread "GC Thread#0"                     [id=21156, stack(0x0000003d71b00000,0x0000003d71c00000) (1024K)]
  0x0000023cf85d1bb0 WorkerThread "GC Thread#1"                     [id=22896, stack(0x0000003d72d00000,0x0000003d72e00000) (1024K)]
  0x0000023cf85d2350 WorkerThread "GC Thread#2"                     [id=14860, stack(0x0000003d72e00000,0x0000003d72f00000) (1024K)]
  0x0000023cf85d26f0 WorkerThread "GC Thread#3"                     [id=5020, stack(0x0000003d72f00000,0x0000003d73000000) (1024K)]
  0x0000023cf848aac0 WorkerThread "GC Thread#4"                     [id=1908, stack(0x0000003d73000000,0x0000003d73100000) (1024K)]
  0x0000023cf848ae60 WorkerThread "GC Thread#5"                     [id=13628, stack(0x0000003d73100000,0x0000003d73200000) (1024K)]
  0x0000023cf81072b0 WorkerThread "GC Thread#6"                     [id=20440, stack(0x0000003d73200000,0x0000003d73300000) (1024K)]
  0x0000023cf8106b70 WorkerThread "GC Thread#7"                     [id=8144, stack(0x0000003d73400000,0x0000003d73500000) (1024K)]
  0x0000023cf8106430 WorkerThread "GC Thread#8"                     [id=23452, stack(0x0000003d73a00000,0x0000003d73b00000) (1024K)]
  0x0000023cf8107650 WorkerThread "GC Thread#9"                     [id=24220, stack(0x0000003d73b00000,0x0000003d73c00000) (1024K)]
  0x0000023cf8107d90 WorkerThread "GC Thread#10"                    [id=15500, stack(0x0000003d73d00000,0x0000003d73e00000) (1024K)]
  0x0000023cf81067d0 WorkerThread "GC Thread#11"                    [id=7876, stack(0x0000003d73e00000,0x0000003d73f00000) (1024K)]
  0x0000023cf89f52f0 WorkerThread "GC Thread#12"                    [id=5352, stack(0x0000003d73f00000,0x0000003d74000000) (1024K)]
Total: 15

Threads with active compile tasks:
C2 CompilerThread0  4471 5427       4       lombok.eclipse.EclipseAST::buildStatement (57 bytes)
C2 CompilerThread1  4471 5558 %     4       org.lombokweb.asm.ClassReader::readCode @ 2037 (5117 bytes)
C2 CompilerThread2  4471 5571       4       org.lombokweb.asm.ClassReader::readMethod (1070 bytes)
Total: 3

VM state: not at safepoint (normal execution)

VM Mutex/Monitor currently owned by a thread: None

Heap address: 0x0000000080000000, size: 2048 MB, Compressed Oops mode: 32-bit

CDS archive(s) mapped at: [0x0000023c80000000-0x0000023c80ba0000-0x0000023c80ba0000), size 12189696, SharedBaseAddress: 0x0000023c80000000, ArchiveRelocationMode: 1.
Compressed class space mapped at: 0x0000023c81000000-0x0000023cc1000000, reserved size: 1073741824
Narrow klass base: 0x0000023c80000000, Narrow klass shift: 0, Narrow klass range: 0x100000000

GC Precious Log:
 CardTable entry size: 512
 CPUs: 16 total, 16 available
 Memory: 16085M
 Large Page Support: Disabled
 NUMA Support: Disabled
 Compressed Oops: Enabled (32-bit)
 Alignments: Space 512K, Generation 512K, Heap 2M
 Heap Min Capacity: 100M
 Heap Initial Capacity: 100M
 Heap Max Capacity: 2G
 Pre-touch: Disabled
 Parallel Workers: 13

Heap:
 PSYoungGen      total 22528K, used 20655K [0x00000000d5580000, 0x00000000d6d80000, 0x0000000100000000)
  eden space 21504K, 92% used [0x00000000d5580000,0x00000000d68f1760,0x00000000d6a80000)
  from space 1024K, 72% used [0x00000000d6c80000,0x00000000d6d3a540,0x00000000d6d80000)
  to   space 1024K, 0% used [0x00000000d6b80000,0x00000000d6b80000,0x00000000d6c80000)
 ParOldGen       total 68608K, used 31374K [0x0000000080000000, 0x0000000084300000, 0x00000000d5580000)
  object space 68608K, 45% used [0x0000000080000000,0x0000000081ea3888,0x0000000084300000)
 Metaspace       used 39103K, committed 40064K, reserved 1114112K
  class space    used 3917K, committed 4352K, reserved 1048576K

Card table byte_map: [0x0000023cec1c0000,0x0000023cec5d0000] _byte_map_base: 0x0000023cebdc0000

Marking Bits: (ParMarkBitMap*) 0x00007ffe8a08a340
 Begin Bits: [0x0000023cec880000, 0x0000023cee880000)
 End Bits:   [0x0000023cee880000, 0x0000023cf0880000)

Polling page: 0x0000023cd82a0000

Metaspace:

Usage:
  Non-class:     34.36 MB used.
      Class:      3.83 MB used.
       Both:     38.19 MB used.

Virtual space:
  Non-class space:       64.00 MB reserved,      34.88 MB ( 54%) committed,  1 nodes.
      Class space:        1.00 GB reserved,       4.25 MB ( <1%) committed,  1 nodes.
             Both:        1.06 GB reserved,      39.12 MB (  4%) committed. 

Chunk freelists:
   Non-Class:  12.85 MB
       Class:  11.72 MB
        Both:  24.55 MB

MaxMetaspaceSize: unlimited
CompressedClassSpaceSize: 1.00 GB
Initial GC threshold: 21.00 MB
Current GC threshold: 58.38 MB
CDS: on
 - commit_granule_bytes: 65536.
 - commit_granule_words: 8192.
 - virtual_space_node_default_size: 8388608.
 - enlarge_chunks_in_place: 1.
 - use_allocation_guard: 0.


Internal statistics:

num_allocs_failed_limit: 6.
num_arena_births: 752.
num_arena_deaths: 14.
num_vsnodes_births: 2.
num_vsnodes_deaths: 0.
num_space_committed: 626.
num_space_uncommitted: 0.
num_chunks_returned_to_freelist: 20.
num_chunks_taken_from_freelist: 2376.
num_chunk_merges: 12.
num_chunk_splits: 1530.
num_chunks_enlarged: 970.
num_inconsistent_stats: 0.

CodeHeap 'non-profiled nmethods': size=119168Kb used=2906Kb max_used=2906Kb free=116261Kb
 bounds [0x0000023ce4b80000, 0x0000023ce4e60000, 0x0000023cebfe0000]
CodeHeap 'profiled nmethods': size=119104Kb used=11682Kb max_used=11682Kb free=107421Kb
 bounds [0x0000023cdcfe0000, 0x0000023cddb50000, 0x0000023ce4430000]
CodeHeap 'non-nmethods': size=7488Kb used=3080Kb max_used=3130Kb free=4407Kb
 bounds [0x0000023ce4430000, 0x0000023ce4740000, 0x0000023ce4b80000]
CodeCache: size=245760Kb, used=17668Kb, max_used=17718Kb, free=228089Kb
 total_blobs=5955, nmethods=5270, adapters=588, full_count=0
Compilation: enabled, stopped_count=0, restarted_count=0

Compilation events (20 events):
Event: 4.437 Thread 0x0000023cf26a0840 5690       3       lombok.eclipse.handlers.EclipseHandlerUtil::typeMatches (124 bytes)
Event: 4.438 Thread 0x0000023cf85fdea0 5691       1       java.lang.invoke.MethodHandleImpl$AsVarargsCollector::getTarget (5 bytes)
Event: 4.438 Thread 0x0000023cf85fdea0 nmethod 5691 0x0000023ce4e55310 code [0x0000023ce4e554a0, 0x0000023ce4e55568]
Event: 4.438 Thread 0x0000023cf85fdea0 5692       1       org.eclipse.jdt.internal.compiler.ASTVisitor::visit (2 bytes)
Event: 4.438 Thread 0x0000023cf85fdea0 nmethod 5692 0x0000023ce4e55610 code [0x0000023ce4e557a0, 0x0000023ce4e55868]
Event: 4.439 Thread 0x0000023cf26a0840 nmethod 5690 0x0000023cddb2a610 code [0x0000023cddb2a9a0, 0x0000023cddb2bfe0]
Event: 4.441 Thread 0x0000023cf26a0840 5693       3       org.eclipse.jdt.internal.compiler.SourceElementParser::constructTypeReference (765 bytes)
Event: 4.441 Thread 0x0000023cf2581100 5694       3       org.eclipse.jdt.internal.compiler.parser.Parser::pushOnGenericsLengthStack (53 bytes)
Event: 4.442 Thread 0x0000023cf2581100 nmethod 5694 0x0000023cddb2c990 code [0x0000023cddb2cb40, 0x0000023cddb2ce20]
Event: 4.442 Thread 0x0000023cf2581100 5695       3       org.eclipse.jdt.internal.compiler.parser.Parser::getTypeReference (70 bytes)
Event: 4.442 Thread 0x0000023cf2581100 nmethod 5695 0x0000023cddb2cf90 code [0x0000023cddb2d1e0, 0x0000023cddb2dc00]
Event: 4.443 Thread 0x0000023cf26a0840 nmethod 5693 0x0000023cddb2de90 code [0x0000023cddb2e280, 0x0000023cddb30320]
Event: 4.444 Thread 0x0000023cf26a0840 5696       3       lombok.eclipse.TransformEclipseAST$AnnotationVisitor::visitAnnotationOnField (41 bytes)
Event: 4.444 Thread 0x0000023cf26a0840 nmethod 5696 0x0000023cddb30f10 code [0x0000023cddb31100, 0x0000023cddb31810]
Event: 4.445 Thread 0x0000023cf2581100 5697   !   3       org.eclipse.jdt.internal.compiler.parser.Scanner::getNextChar (169 bytes)
Event: 4.445 Thread 0x0000023cf85fdea0 5698       3       org.eclipse.jdt.internal.compiler.parser.Parser::pushOnGenericsIdentifiersLengthStack (53 bytes)
Event: 4.445 Thread 0x0000023cf26a0840 5699       3       org.eclipse.jdt.internal.core.util.CommentRecorderParser::pushOnCommentsStack (230 bytes)
Event: 4.445 Thread 0x0000023cf85fdea0 nmethod 5698 0x0000023cddb31a90 code [0x0000023cddb31c40, 0x0000023cddb31f20]
Event: 4.445 Thread 0x0000023cf2581100 nmethod 5697 0x0000023cddb32090 code [0x0000023cddb322a0, 0x0000023cddb328f8]
Event: 4.446 Thread 0x0000023cf26a0840 nmethod 5699 0x0000023cddb32b10 code [0x0000023cddb32d20, 0x0000023cddb334b0]

GC Heap History (20 events):
Event: 3.021 GC heap before
{Heap before GC invocations=13 (full 1):
 PSYoungGen      total 25088K, used 24593K [0x00000000d5580000, 0x00000000d7200000, 0x0000000100000000)
  eden space 22016K, 100% used [0x00000000d5580000,0x00000000d6b00000,0x00000000d6b00000)
  from space 3072K, 83% used [0x00000000d6d00000,0x00000000d6f84420,0x00000000d7000000)
  to   space 2048K, 0% used [0x00000000d7000000,0x00000000d7000000,0x00000000d7200000)
 ParOldGen       total 68608K, used 19052K [0x0000000080000000, 0x0000000084300000, 0x00000000d5580000)
  object space 68608K, 27% used [0x0000000080000000,0x000000008129b260,0x0000000084300000)
 Metaspace       used 32260K, committed 33152K, reserved 1114112K
  class space    used 3233K, committed 3648K, reserved 1048576K
}
Event: 3.024 GC heap after
{Heap after GC invocations=13 (full 1):
 PSYoungGen      total 23552K, used 2018K [0x00000000d5580000, 0x00000000d7600000, 0x0000000100000000)
  eden space 21504K, 0% used [0x00000000d5580000,0x00000000d5580000,0x00000000d6a80000)
  from space 2048K, 98% used [0x00000000d7000000,0x00000000d71f8810,0x00000000d7200000)
  to   space 5632K, 0% used [0x00000000d6a80000,0x00000000d6a80000,0x00000000d7000000)
 ParOldGen       total 68608K, used 22015K [0x0000000080000000, 0x0000000084300000, 0x00000000d5580000)
  object space 68608K, 32% used [0x0000000080000000,0x000000008157ff58,0x0000000084300000)
 Metaspace       used 32260K, committed 33152K, reserved 1114112K
  class space    used 3233K, committed 3648K, reserved 1048576K
}
Event: 3.069 GC heap before
{Heap before GC invocations=14 (full 1):
 PSYoungGen      total 23552K, used 23522K [0x00000000d5580000, 0x00000000d7600000, 0x0000000100000000)
  eden space 21504K, 100% used [0x00000000d5580000,0x00000000d6a80000,0x00000000d6a80000)
  from space 2048K, 98% used [0x00000000d7000000,0x00000000d71f8810,0x00000000d7200000)
  to   space 5632K, 0% used [0x00000000d6a80000,0x00000000d6a80000,0x00000000d7000000)
 ParOldGen       total 68608K, used 22015K [0x0000000080000000, 0x0000000084300000, 0x00000000d5580000)
  object space 68608K, 32% used [0x0000000080000000,0x000000008157ff58,0x0000000084300000)
 Metaspace       used 32264K, committed 33152K, reserved 1114112K
  class space    used 3233K, committed 3648K, reserved 1048576K
}
Event: 3.072 GC heap after
{Heap after GC invocations=14 (full 1):
 PSYoungGen      total 24064K, used 2372K [0x00000000d5580000, 0x00000000d7180000, 0x0000000100000000)
  eden space 21504K, 0% used [0x00000000d5580000,0x00000000d5580000,0x00000000d6a80000)
  from space 2560K, 92% used [0x00000000d6a80000,0x00000000d6cd1000,0x00000000d6d00000)
  to   space 3584K, 0% used [0x00000000d6e00000,0x00000000d6e00000,0x00000000d7180000)
 ParOldGen       total 68608K, used 23966K [0x0000000080000000, 0x0000000084300000, 0x00000000d5580000)
  object space 68608K, 34% used [0x0000000080000000,0x0000000081767918,0x0000000084300000)
 Metaspace       used 32264K, committed 33152K, reserved 1114112K
  class space    used 3233K, committed 3648K, reserved 1048576K
}
Event: 3.131 GC heap before
{Heap before GC invocations=15 (full 1):
 PSYoungGen      total 24064K, used 23876K [0x00000000d5580000, 0x00000000d7180000, 0x0000000100000000)
  eden space 21504K, 100% used [0x00000000d5580000,0x00000000d6a80000,0x00000000d6a80000)
  from space 2560K, 92% used [0x00000000d6a80000,0x00000000d6cd1000,0x00000000d6d00000)
  to   space 3584K, 0% used [0x00000000d6e00000,0x00000000d6e00000,0x00000000d7180000)
 ParOldGen       total 68608K, used 23966K [0x0000000080000000, 0x0000000084300000, 0x00000000d5580000)
  object space 68608K, 34% used [0x0000000080000000,0x0000000081767918,0x0000000084300000)
 Metaspace       used 32301K, committed 33280K, reserved 1114112K
  class space    used 3233K, committed 3648K, reserved 1048576K
}
Event: 3.134 GC heap after
{Heap after GC invocations=15 (full 1):
 PSYoungGen      total 24064K, used 2464K [0x00000000d5580000, 0x00000000d7080000, 0x0000000100000000)
  eden space 21504K, 0% used [0x00000000d5580000,0x00000000d5580000,0x00000000d6a80000)
  from space 2560K, 96% used [0x00000000d6e00000,0x00000000d7068010,0x00000000d7080000)
  to   space 3072K, 0% used [0x00000000d6a80000,0x00000000d6a80000,0x00000000d6d80000)
 ParOldGen       total 68608K, used 26179K [0x0000000080000000, 0x0000000084300000, 0x00000000d5580000)
  object space 68608K, 38% used [0x0000000080000000,0x0000000081990f40,0x0000000084300000)
 Metaspace       used 32301K, committed 33280K, reserved 1114112K
  class space    used 3233K, committed 3648K, reserved 1048576K
}
Event: 3.202 GC heap before
{Heap before GC invocations=16 (full 1):
 PSYoungGen      total 24064K, used 23968K [0x00000000d5580000, 0x00000000d7080000, 0x0000000100000000)
  eden space 21504K, 100% used [0x00000000d5580000,0x00000000d6a80000,0x00000000d6a80000)
  from space 2560K, 96% used [0x00000000d6e00000,0x00000000d7068010,0x00000000d7080000)
  to   space 3072K, 0% used [0x00000000d6a80000,0x00000000d6a80000,0x00000000d6d80000)
 ParOldGen       total 68608K, used 26179K [0x0000000080000000, 0x0000000084300000, 0x00000000d5580000)
  object space 68608K, 38% used [0x0000000080000000,0x0000000081990f40,0x0000000084300000)
 Metaspace       used 32406K, committed 33344K, reserved 1114112K
  class space    used 3244K, committed 3648K, reserved 1048576K
}
Event: 3.205 GC heap after
{Heap after GC invocations=16 (full 1):
 PSYoungGen      total 24064K, used 2225K [0x00000000d5580000, 0x00000000d6f80000, 0x0000000100000000)
  eden space 21504K, 0% used [0x00000000d5580000,0x00000000d5580000,0x00000000d6a80000)
  from space 2560K, 86% used [0x00000000d6a80000,0x00000000d6cac788,0x00000000d6d00000)
  to   space 2560K, 0% used [0x00000000d6d00000,0x00000000d6d00000,0x00000000d6f80000)
 ParOldGen       total 68608K, used 28515K [0x0000000080000000, 0x0000000084300000, 0x00000000d5580000)
  object space 68608K, 41% used [0x0000000080000000,0x0000000081bd8f50,0x0000000084300000)
 Metaspace       used 32406K, committed 33344K, reserved 1114112K
  class space    used 3244K, committed 3648K, reserved 1048576K
}
Event: 3.473 GC heap before
{Heap before GC invocations=17 (full 1):
 PSYoungGen      total 24064K, used 23729K [0x00000000d5580000, 0x00000000d6f80000, 0x0000000100000000)
  eden space 21504K, 100% used [0x00000000d5580000,0x00000000d6a80000,0x00000000d6a80000)
  from space 2560K, 86% used [0x00000000d6a80000,0x00000000d6cac788,0x00000000d6d00000)
  to   space 2560K, 0% used [0x00000000d6d00000,0x00000000d6d00000,0x00000000d6f80000)
 ParOldGen       total 68608K, used 28515K [0x0000000080000000, 0x0000000084300000, 0x00000000d5580000)
  object space 68608K, 41% used [0x0000000080000000,0x0000000081bd8f50,0x0000000084300000)
 Metaspace       used 34325K, committed 35264K, reserved 1114112K
  class space    used 3512K, committed 3904K, reserved 1048576K
}
Event: 3.475 GC heap after
{Heap after GC invocations=17 (full 1):
 PSYoungGen      total 22528K, used 965K [0x00000000d5580000, 0x00000000d6e00000, 0x0000000100000000)
  eden space 21504K, 0% used [0x00000000d5580000,0x00000000d5580000,0x00000000d6a80000)
  from space 1024K, 94% used [0x00000000d6d00000,0x00000000d6df1568,0x00000000d6e00000)
  to   space 1536K, 0% used [0x00000000d6b00000,0x00000000d6b00000,0x00000000d6c80000)
 ParOldGen       total 68608K, used 30464K [0x0000000080000000, 0x0000000084300000, 0x00000000d5580000)
  object space 68608K, 44% used [0x0000000080000000,0x0000000081dc03d0,0x0000000084300000)
 Metaspace       used 34325K, committed 35264K, reserved 1114112K
  class space    used 3512K, committed 3904K, reserved 1048576K
}
Event: 3.656 GC heap before
{Heap before GC invocations=18 (full 1):
 PSYoungGen      total 22528K, used 12996K [0x00000000d5580000, 0x00000000d6e00000, 0x0000000100000000)
  eden space 21504K, 55% used [0x00000000d5580000,0x00000000d613fe38,0x00000000d6a80000)
  from space 1024K, 94% used [0x00000000d6d00000,0x00000000d6df1568,0x00000000d6e00000)
  to   space 1536K, 0% used [0x00000000d6b00000,0x00000000d6b00000,0x00000000d6c80000)
 ParOldGen       total 68608K, used 30464K [0x0000000080000000, 0x0000000084300000, 0x00000000d5580000)
  object space 68608K, 44% used [0x0000000080000000,0x0000000081dc03d0,0x0000000084300000)
 Metaspace       used 34984K, committed 35840K, reserved 1114112K
  class space    used 3574K, committed 3968K, reserved 1048576K
}
Event: 3.656 GC heap after
{Heap after GC invocations=18 (full 1):
 PSYoungGen      total 23040K, used 416K [0x00000000d5580000, 0x00000000d6d80000, 0x0000000100000000)
  eden space 21504K, 0% used [0x00000000d5580000,0x00000000d5580000,0x00000000d6a80000)
  from space 1536K, 27% used [0x00000000d6b00000,0x00000000d6b68000,0x00000000d6c80000)
  to   space 1024K, 0% used [0x00000000d6c80000,0x00000000d6c80000,0x00000000d6d80000)
 ParOldGen       total 68608K, used 31147K [0x0000000080000000, 0x0000000084300000, 0x00000000d5580000)
  object space 68608K, 45% used [0x0000000080000000,0x0000000081e6afd8,0x0000000084300000)
 Metaspace       used 34984K, committed 35840K, reserved 1114112K
  class space    used 3574K, committed 3968K, reserved 1048576K
}
Event: 3.656 GC heap before
{Heap before GC invocations=19 (full 2):
 PSYoungGen      total 23040K, used 416K [0x00000000d5580000, 0x00000000d6d80000, 0x0000000100000000)
  eden space 21504K, 0% used [0x00000000d5580000,0x00000000d5580000,0x00000000d6a80000)
  from space 1536K, 27% used [0x00000000d6b00000,0x00000000d6b68000,0x00000000d6c80000)
  to   space 1024K, 0% used [0x00000000d6c80000,0x00000000d6c80000,0x00000000d6d80000)
 ParOldGen       total 68608K, used 31147K [0x0000000080000000, 0x0000000084300000, 0x00000000d5580000)
  object space 68608K, 45% used [0x0000000080000000,0x0000000081e6afd8,0x0000000084300000)
 Metaspace       used 34984K, committed 35840K, reserved 1114112K
  class space    used 3574K, committed 3968K, reserved 1048576K
}
Event: 3.699 GC heap after
{Heap after GC invocations=19 (full 2):
 PSYoungGen      total 23040K, used 0K [0x00000000d5580000, 0x00000000d6d80000, 0x0000000100000000)
  eden space 21504K, 0% used [0x00000000d5580000,0x00000000d5580000,0x00000000d6a80000)
  from space 1536K, 0% used [0x00000000d6b00000,0x00000000d6b00000,0x00000000d6c80000)
  to   space 1024K, 0% used [0x00000000d6c80000,0x00000000d6c80000,0x00000000d6d80000)
 ParOldGen       total 68608K, used 30124K [0x0000000080000000, 0x0000000084300000, 0x00000000d5580000)
  object space 68608K, 43% used [0x0000000080000000,0x0000000081d6b270,0x0000000084300000)
 Metaspace       used 34984K, committed 35840K, reserved 1114112K
  class space    used 3574K, committed 3968K, reserved 1048576K
}
Event: 4.001 GC heap before
{Heap before GC invocations=20 (full 2):
 PSYoungGen      total 23040K, used 21504K [0x00000000d5580000, 0x00000000d6d80000, 0x0000000100000000)
  eden space 21504K, 100% used [0x00000000d5580000,0x00000000d6a80000,0x00000000d6a80000)
  from space 1536K, 0% used [0x00000000d6b00000,0x00000000d6b00000,0x00000000d6c80000)
  to   space 1024K, 0% used [0x00000000d6c80000,0x00000000d6c80000,0x00000000d6d80000)
 ParOldGen       total 68608K, used 30124K [0x0000000080000000, 0x0000000084300000, 0x00000000d5580000)
  object space 68608K, 43% used [0x0000000080000000,0x0000000081d6b270,0x0000000084300000)
 Metaspace       used 36960K, committed 37888K, reserved 1114112K
  class space    used 3766K, committed 4160K, reserved 1048576K
}
Event: 4.001 GC heap after
{Heap after GC invocations=20 (full 2):
 PSYoungGen      total 22528K, used 832K [0x00000000d5580000, 0x00000000d6d80000, 0x0000000100000000)
  eden space 21504K, 0% used [0x00000000d5580000,0x00000000d5580000,0x00000000d6a80000)
  from space 1024K, 81% used [0x00000000d6c80000,0x00000000d6d50000,0x00000000d6d80000)
  to   space 1024K, 0% used [0x00000000d6b80000,0x00000000d6b80000,0x00000000d6c80000)
 ParOldGen       total 68608K, used 30132K [0x0000000080000000, 0x0000000084300000, 0x00000000d5580000)
  object space 68608K, 43% used [0x0000000080000000,0x0000000081d6d270,0x0000000084300000)
 Metaspace       used 36960K, committed 37888K, reserved 1114112K
  class space    used 3766K, committed 4160K, reserved 1048576K
}
Event: 4.224 GC heap before
{Heap before GC invocations=21 (full 2):
 PSYoungGen      total 22528K, used 22333K [0x00000000d5580000, 0x00000000d6d80000, 0x0000000100000000)
  eden space 21504K, 99% used [0x00000000d5580000,0x00000000d6a7f650,0x00000000d6a80000)
  from space 1024K, 81% used [0x00000000d6c80000,0x00000000d6d50000,0x00000000d6d80000)
  to   space 1024K, 0% used [0x00000000d6b80000,0x00000000d6b80000,0x00000000d6c80000)
 ParOldGen       total 68608K, used 30132K [0x0000000080000000, 0x0000000084300000, 0x00000000d5580000)
  object space 68608K, 43% used [0x0000000080000000,0x0000000081d6d270,0x0000000084300000)
 Metaspace       used 37798K, committed 38784K, reserved 1114112K
  class space    used 3802K, committed 4224K, reserved 1048576K
}
Event: 4.225 GC heap after
{Heap after GC invocations=21 (full 2):
 PSYoungGen      total 22528K, used 1014K [0x00000000d5580000, 0x00000000d6d80000, 0x0000000100000000)
  eden space 21504K, 0% used [0x00000000d5580000,0x00000000d5580000,0x00000000d6a80000)
  from space 1024K, 99% used [0x00000000d6b80000,0x00000000d6c7db90,0x00000000d6c80000)
  to   space 1024K, 0% used [0x00000000d6c80000,0x00000000d6c80000,0x00000000d6d80000)
 ParOldGen       total 68608K, used 30708K [0x0000000080000000, 0x0000000084300000, 0x00000000d5580000)
  object space 68608K, 44% used [0x0000000080000000,0x0000000081dfd290,0x0000000084300000)
 Metaspace       used 37798K, committed 38784K, reserved 1114112K
  class space    used 3802K, committed 4224K, reserved 1048576K
}
Event: 4.283 GC heap before
{Heap before GC invocations=22 (full 2):
 PSYoungGen      total 22528K, used 22518K [0x00000000d5580000, 0x00000000d6d80000, 0x0000000100000000)
  eden space 21504K, 100% used [0x00000000d5580000,0x00000000d6a80000,0x00000000d6a80000)
  from space 1024K, 99% used [0x00000000d6b80000,0x00000000d6c7db90,0x00000000d6c80000)
  to   space 1024K, 0% used [0x00000000d6c80000,0x00000000d6c80000,0x00000000d6d80000)
 ParOldGen       total 68608K, used 30708K [0x0000000080000000, 0x0000000084300000, 0x00000000d5580000)
  object space 68608K, 44% used [0x0000000080000000,0x0000000081dfd290,0x0000000084300000)
 Metaspace       used 37826K, committed 38784K, reserved 1114112K
  class space    used 3802K, committed 4224K, reserved 1048576K
}
Event: 4.284 GC heap after
{Heap after GC invocations=22 (full 2):
 PSYoungGen      total 22528K, used 745K [0x00000000d5580000, 0x00000000d6d80000, 0x0000000100000000)
  eden space 21504K, 0% used [0x00000000d5580000,0x00000000d5580000,0x00000000d6a80000)
  from space 1024K, 72% used [0x00000000d6c80000,0x00000000d6d3a540,0x00000000d6d80000)
  to   space 1024K, 0% used [0x00000000d6b80000,0x00000000d6b80000,0x00000000d6c80000)
 ParOldGen       total 68608K, used 31374K [0x0000000080000000, 0x0000000084300000, 0x00000000d5580000)
  object space 68608K, 45% used [0x0000000080000000,0x0000000081ea3888,0x0000000084300000)
 Metaspace       used 37826K, committed 38784K, reserved 1114112K
  class space    used 3802K, committed 4224K, reserved 1048576K
}

Dll operation events (10 events):
Event: 0.007 Loaded shared library c:\Users\OMAR INFO\.windsurf\extensions\redhat.java-1.45.0-win32-x64\jre\21.0.8-win32-x86_64\bin\java.dll
Event: 0.071 Loaded shared library c:\Users\OMAR INFO\.windsurf\extensions\redhat.java-1.45.0-win32-x64\jre\21.0.8-win32-x86_64\bin\zip.dll
Event: 0.087 Loaded shared library C:\Users\OMAR INFO\.windsurf\extensions\redhat.java-1.45.0-win32-x64\jre\21.0.8-win32-x86_64\bin\instrument.dll
Event: 0.092 Loaded shared library C:\Users\OMAR INFO\.windsurf\extensions\redhat.java-1.45.0-win32-x64\jre\21.0.8-win32-x86_64\bin\net.dll
Event: 0.094 Loaded shared library C:\Users\OMAR INFO\.windsurf\extensions\redhat.java-1.45.0-win32-x64\jre\21.0.8-win32-x86_64\bin\nio.dll
Event: 0.098 Loaded shared library C:\Users\OMAR INFO\.windsurf\extensions\redhat.java-1.45.0-win32-x64\jre\21.0.8-win32-x86_64\bin\zip.dll
Event: 0.112 Loaded shared library C:\Users\OMAR INFO\.windsurf\extensions\redhat.java-1.45.0-win32-x64\jre\21.0.8-win32-x86_64\bin\jimage.dll
Event: 0.192 Loaded shared library c:\Users\OMAR INFO\.windsurf\extensions\redhat.java-1.45.0-win32-x64\jre\21.0.8-win32-x86_64\bin\verify.dll
Event: 1.049 Loaded shared library C:\Users\OMAR INFO\AppData\Roaming\Windsurf\User\globalStorage\redhat.java\1.45.0\config_ss_win\org.eclipse.equinox.launcher\org.eclipse.equinox.launcher.win32.win32.x86_64_1.2.1400.v20250801-0854\eclipse_11916.dll
Event: 1.600 Loaded shared library C:\Users\OMAR INFO\AppData\Local\Temp\jna--64980065\jna5746043750218528993.dll

Deoptimization events (20 events):
Event: 4.391 Thread 0x0000023cfa7e0b90 Uncommon trap: trap_request=0xffffff45 fr.pc=0x0000023ce4bdefcc relative=0x00000000000003ec
Event: 4.391 Thread 0x0000023cfa7e0b90 Uncommon trap: reason=unstable_if action=reinterpret pc=0x0000023ce4bdefcc method=java.util.IdentityHashMap.maskNull(Ljava/lang/Object;)Ljava/lang/Object; @ 1 c2
Event: 4.391 Thread 0x0000023cfa7e0b90 DEOPT PACKING pc=0x0000023ce4bdefcc sp=0x0000003d758fc300
Event: 4.391 Thread 0x0000023cfa7e0b90 DEOPT UNPACKING pc=0x0000023ce4486da2 sp=0x0000003d758fc238 mode 2
Event: 4.392 Thread 0x0000023cfa7e0b90 Uncommon trap: trap_request=0xffffff45 fr.pc=0x0000023ce4c00564 relative=0x0000000000000044
Event: 4.392 Thread 0x0000023cfa7e0b90 Uncommon trap: reason=unstable_if action=reinterpret pc=0x0000023ce4c00564 method=java.util.IdentityHashMap.maskNull(Ljava/lang/Object;)Ljava/lang/Object; @ 1 c2
Event: 4.392 Thread 0x0000023cfa7e0b90 DEOPT PACKING pc=0x0000023ce4c00564 sp=0x0000003d758fc5f0
Event: 4.392 Thread 0x0000023cfa7e0b90 DEOPT UNPACKING pc=0x0000023ce4486da2 sp=0x0000003d758fc590 mode 2
Event: 4.392 Thread 0x0000023cfa7e0b90 Uncommon trap: trap_request=0xffffffc6 fr.pc=0x0000023ce4c6ff5c relative=0x000000000000063c
Event: 4.392 Thread 0x0000023cfa7e0b90 Uncommon trap: reason=bimorphic_or_optimized_type_check action=maybe_recompile pc=0x0000023ce4c6ff5c method=lombok.eclipse.handlers.EclipseHandlerUtil.typeMatches(Ljava/lang/String;Llombok/eclipse/EclipseNode;Lorg/eclipse/jdt/internal/compiler/ast/TypeRef
Event: 4.392 Thread 0x0000023cfa7e0b90 DEOPT PACKING pc=0x0000023ce4c6ff5c sp=0x0000003d758fd570
Event: 4.392 Thread 0x0000023cfa7e0b90 DEOPT UNPACKING pc=0x0000023ce4486da2 sp=0x0000003d758fd510 mode 2
Event: 4.392 Thread 0x0000023cfa7e0b90 Uncommon trap: trap_request=0xffffffc6 fr.pc=0x0000023ce4c6ff5c relative=0x000000000000063c
Event: 4.392 Thread 0x0000023cfa7e0b90 Uncommon trap: reason=bimorphic_or_optimized_type_check action=maybe_recompile pc=0x0000023ce4c6ff5c method=lombok.eclipse.handlers.EclipseHandlerUtil.typeMatches(Ljava/lang/String;Llombok/eclipse/EclipseNode;Lorg/eclipse/jdt/internal/compiler/ast/TypeRef
Event: 4.392 Thread 0x0000023cfa7e0b90 DEOPT PACKING pc=0x0000023ce4c6ff5c sp=0x0000003d758fd570
Event: 4.392 Thread 0x0000023cfa7e0b90 DEOPT UNPACKING pc=0x0000023ce4486da2 sp=0x0000003d758fd510 mode 2
Event: 4.392 Thread 0x0000023cfa7e0b90 Uncommon trap: trap_request=0xffffff45 fr.pc=0x0000023ce4c70024 relative=0x0000000000000704
Event: 4.392 Thread 0x0000023cfa7e0b90 Uncommon trap: reason=unstable_if action=reinterpret pc=0x0000023ce4c70024 method=lombok.eclipse.handlers.EclipseHandlerUtil.typeMatches(Ljava/lang/String;Llombok/eclipse/EclipseNode;Lorg/eclipse/jdt/internal/compiler/ast/TypeReference;)Z @ 1 c2
Event: 4.392 Thread 0x0000023cfa7e0b90 DEOPT PACKING pc=0x0000023ce4c70024 sp=0x0000003d758fd130
Event: 4.392 Thread 0x0000023cfa7e0b90 DEOPT UNPACKING pc=0x0000023ce4486da2 sp=0x0000003d758fd0d0 mode 2

Classes loaded (20 events):
Event: 2.934 Loading class java/util/AbstractList$ListItr
Event: 2.934 Loading class java/util/AbstractList$ListItr done
Event: 2.941 Loading class java/nio/channels/Channels$ReadableByteChannelImpl
Event: 2.941 Loading class java/nio/channels/Channels$ReadableByteChannelImpl done
Event: 2.941 Loading class java/nio/channels/NonWritableChannelException
Event: 2.941 Loading class java/nio/channels/NonWritableChannelException done
Event: 3.224 Loading class java/lang/ExceptionInInitializerError
Event: 3.225 Loading class java/lang/ExceptionInInitializerError done
Event: 3.303 Loading class sun/misc/Unsafe
Event: 3.304 Loading class sun/misc/Unsafe done
Event: 3.492 Loading class java/util/Vector$1
Event: 3.493 Loading class java/util/Vector$1 done
Event: 3.765 Loading class java/util/regex/Pattern$Caret
Event: 3.765 Loading class java/util/regex/Pattern$Caret done
Event: 3.867 Loading class java/util/regex/Pattern$Pos
Event: 3.867 Loading class java/util/regex/Pattern$Pos done
Event: 3.947 Loading class java/util/Hashtable$ValueCollection
Event: 3.947 Loading class java/util/Hashtable$ValueCollection done
Event: 4.017 Loading class java/util/WeakHashMap$KeyIterator
Event: 4.017 Loading class java/util/WeakHashMap$KeyIterator done

Classes unloaded (7 events):
Event: 1.993 Thread 0x0000023cf0e94b60 Unloading class 0x0000023c81185400 'java/lang/invoke/LambdaForm$MH+0x0000023c81185400'
Event: 1.993 Thread 0x0000023cf0e94b60 Unloading class 0x0000023c81185000 'java/lang/invoke/LambdaForm$MH+0x0000023c81185000'
Event: 1.993 Thread 0x0000023cf0e94b60 Unloading class 0x0000023c81184c00 'java/lang/invoke/LambdaForm$MH+0x0000023c81184c00'
Event: 1.993 Thread 0x0000023cf0e94b60 Unloading class 0x0000023c81184800 'java/lang/invoke/LambdaForm$MH+0x0000023c81184800'
Event: 1.993 Thread 0x0000023cf0e94b60 Unloading class 0x0000023c81184400 'java/lang/invoke/LambdaForm$BMH+0x0000023c81184400'
Event: 1.993 Thread 0x0000023cf0e94b60 Unloading class 0x0000023c81184000 'java/lang/invoke/LambdaForm$DMH+0x0000023c81184000'
Event: 1.993 Thread 0x0000023cf0e94b60 Unloading class 0x0000023c81182c00 'java/lang/invoke/LambdaForm$DMH+0x0000023c81182c00'

Classes redefined (0 events):
No events

Internal exceptions (20 events):
Event: 2.679 Thread 0x0000023cfa7e0b90 Exception <a 'java/io/FileNotFoundException'{0x00000000d692f0c8}> (0x00000000d692f0c8) 
thrown [s\src\hotspot\share\prims\jni.cpp, line 520]
Event: 2.703 Thread 0x0000023cfa7e0b90 Exception <a 'sun/nio/fs/WindowsException'{0x00000000d580a448}> (0x00000000d580a448) 
thrown [s\src\hotspot\share\prims\jni.cpp, line 520]
Event: 2.751 Thread 0x0000023cfa7e0b90 Exception <a 'java/lang/IncompatibleClassChangeError'{0x00000000d5bcbfd8}: Found class java.lang.Object, but interface was expected> (0x00000000d5bcbfd8) 
thrown [s\src\hotspot\share\interpreter\linkResolver.cpp, line 840]
Event: 2.815 Thread 0x0000023cfa7e0b90 Implicit null exception at 0x0000023ce4d0aaf7 to 0x0000023ce4d0ad68
Event: 2.815 Thread 0x0000023cfa7e0b90 Exception <a 'java/lang/NoSuchMethodError'{0x00000000d600c278}: 'long java.lang.invoke.DirectMethodHandle$Holder.invokeStatic(java.lang.Object, java.lang.Object, int)'> (0x00000000d600c278) 
thrown [s\src\hotspot\share\interpreter\linkResolver.cpp, line 773]
Event: 2.816 Thread 0x0000023cfa7e0b90 Exception <a 'java/lang/NoSuchMethodError'{0x00000000d6016ad8}: 'java.lang.Object java.lang.invoke.DelegatingMethodHandle$Holder.reinvoke_L(java.lang.Object, int, long, java.lang.Object, java.lang.Object, int, java.lang.Object)'> (0x00000000d6016ad8) 
thrown [s\src\hotspot\share\interpreter\linkResolver.cpp, line 773]
Event: 2.862 Thread 0x0000023cfa7e0b90 Exception <a 'java/lang/NoSuchMethodError'{0x00000000d65a4d60}: 'java.lang.Object java.lang.invoke.DirectMethodHandle$Holder.invokeStaticInit(java.lang.Object, java.lang.Object, java.lang.Object, java.lang.Object, java.lang.Object, java.lang.Object, java.lang.Object)'> (0x00000000d65a4d60) 
thrown [s\src\hotspot\share\interpreter\linkResolver.cpp, line 773]
Event: 2.862 Thread 0x0000023cfa7e0b90 Exception <a 'java/lang/NoSuchMethodError'{0x00000000d65a9f78}: 'java.lang.Object java.lang.invoke.Invokers$Holder.invoke_MT(java.lang.Object, java.lang.Object, java.lang.Object, java.lang.Object, java.lang.Object, java.lang.Object, java.lang.Object, java.lang.Object, java.lang.Object, java.lang.Object)'> (0x00000000d65a9f78) 
thrown [s\src\hotspot\share\interpreter\linkResolver.cpp, line 773]
Event: 2.865 Thread 0x0000023cfa7e0b90 Exception <a 'java/lang/NoSuchMethodError'{0x00000000d65e9e58}: 'int java.lang.invoke.DirectMethodHandle$Holder.invokeVirtual(java.lang.Object, java.lang.Object, java.lang.Object)'> (0x00000000d65e9e58) 
thrown [s\src\hotspot\share\interpreter\linkResolver.cpp, line 773]
Event: 2.865 Thread 0x0000023cfa7e0b90 Exception <a 'java/lang/NoSuchMethodError'{0x00000000d65ee200}: 'int java.lang.invoke.DirectMethodHandle$Holder.invokeStaticInit(java.lang.Object, int, int)'> (0x00000000d65ee200) 
thrown [s\src\hotspot\share\interpreter\linkResolver.cpp, line 773]
Event: 2.865 Thread 0x0000023cfa7e0b90 Exception <a 'java/lang/NoSuchMethodError'{0x00000000d65f5be8}: 'int java.lang.invoke.DirectMethodHandle$Holder.invokeStaticInit(java.lang.Object, long, long)'> (0x00000000d65f5be8) 
thrown [s\src\hotspot\share\interpreter\linkResolver.cpp, line 773]
Event: 2.865 Thread 0x0000023cfa7e0b90 Exception <a 'java/lang/NoSuchMethodError'{0x00000000d65fc930}: 'int java.lang.invoke.DirectMethodHandle$Holder.invokeStaticInit(java.lang.Object, float, float)'> (0x00000000d65fc930) 
thrown [s\src\hotspot\share\interpreter\linkResolver.cpp, line 773]
Event: 2.865 Thread 0x0000023cfa7e0b90 Exception <a 'java/lang/NoSuchMethodError'{0x00000000d6603670}: 'int java.lang.invoke.DirectMethodHandle$Holder.invokeStaticInit(java.lang.Object, double, double)'> (0x00000000d6603670) 
thrown [s\src\hotspot\share\interpreter\linkResolver.cpp, line 773]
Event: 2.866 Thread 0x0000023cfa7e0b90 Exception <a 'java/lang/NoSuchMethodError'{0x00000000d6608110}: 'int java.lang.invoke.DirectMethodHandle$Holder.invokeStatic(java.lang.Object, long)'> (0x00000000d6608110) 
thrown [s\src\hotspot\share\interpreter\linkResolver.cpp, line 773]
Event: 2.868 Thread 0x0000023cfa7e0b90 Exception <a 'java/lang/NoSuchMethodError'{0x00000000d6627058}: 'int java.lang.invoke.Invokers$Holder.linkToTargetMethod(java.lang.Object, java.lang.Object)'> (0x00000000d6627058) 
thrown [s\src\hotspot\share\interpreter\linkResolver.cpp, line 773]
Event: 3.907 Thread 0x0000023cfa7e0b90 Exception <a 'java/lang/NoSuchMethodError'{0x00000000d646a2a0}: 'java.lang.Object java.lang.invoke.DirectMethodHandle$Holder.invokeStatic(java.lang.Object, java.lang.Object, int, int)'> (0x00000000d646a2a0) 
thrown [s\src\hotspot\share\interpreter\linkResolver.cpp, line 773]
Event: 3.908 Thread 0x0000023cfa7e0b90 Exception <a 'java/lang/NoSuchMethodError'{0x00000000d646e6a0}: 'java.lang.Object java.lang.invoke.DirectMethodHandle$Holder.invokeSpecial(java.lang.Object, java.lang.Object, java.lang.Object, int, int)'> (0x00000000d646e6a0) 
thrown [s\src\hotspot\share\interpreter\linkResolver.cpp, line 773]
Event: 4.184 Thread 0x0000023cfa7e0b90 Implicit null exception at 0x0000023ce4c1db31 to 0x0000023ce4c1e13e
Event: 4.391 Thread 0x0000023cfa7e0b90 Implicit null exception at 0x0000023ce4bdec23 to 0x0000023ce4bdefb8
Event: 4.392 Thread 0x0000023cfa7e0b90 Implicit null exception at 0x0000023ce4c6f947 to 0x0000023ce4c70010

ZGC Phase Switch (0 events):
No events

VM Operations (20 events):
Event: 3.202 Executing VM operation: ParallelGCFailedAllocation (Allocation Failure)
Event: 3.205 Executing VM operation: ParallelGCFailedAllocation (Allocation Failure) done
Event: 3.320 Executing VM operation: HandshakeAllThreads (Deoptimize)
Event: 3.320 Executing VM operation: HandshakeAllThreads (Deoptimize) done
Event: 3.473 Executing VM operation: ParallelGCFailedAllocation (Allocation Failure)
Event: 3.475 Executing VM operation: ParallelGCFailedAllocation (Allocation Failure) done
Event: 3.655 Executing VM operation: CollectForMetadataAllocation (Metadata GC Threshold)
Event: 3.699 Executing VM operation: CollectForMetadataAllocation (Metadata GC Threshold) done
Event: 4.001 Executing VM operation: ParallelGCFailedAllocation (Allocation Failure)
Event: 4.001 Executing VM operation: ParallelGCFailedAllocation (Allocation Failure) done
Event: 4.171 Executing VM operation: ICBufferFull
Event: 4.171 Executing VM operation: ICBufferFull done
Event: 4.182 Executing VM operation: HandshakeAllThreads (Deoptimize)
Event: 4.182 Executing VM operation: HandshakeAllThreads (Deoptimize) done
Event: 4.224 Executing VM operation: ParallelGCFailedAllocation (Allocation Failure)
Event: 4.225 Executing VM operation: ParallelGCFailedAllocation (Allocation Failure) done
Event: 4.283 Executing VM operation: ParallelGCFailedAllocation (Allocation Failure)
Event: 4.284 Executing VM operation: ParallelGCFailedAllocation (Allocation Failure) done
Event: 4.357 Executing VM operation: HandshakeAllThreads (Deoptimize)
Event: 4.357 Executing VM operation: HandshakeAllThreads (Deoptimize) done

Memory protections (0 events):
No events

Nmethod flushes (20 events):
Event: 3.676 Thread 0x0000023cf0e94b60 flushing  nmethod 0x0000023cdd49a010
Event: 3.676 Thread 0x0000023cf0e94b60 flushing  nmethod 0x0000023cdd49e310
Event: 3.676 Thread 0x0000023cf0e94b60 flushing  nmethod 0x0000023cdd4b2b10
Event: 3.676 Thread 0x0000023cf0e94b60 flushing  nmethod 0x0000023cdd4b2f90
Event: 3.676 Thread 0x0000023cf0e94b60 flushing  nmethod 0x0000023cdd4c1610
Event: 3.676 Thread 0x0000023cf0e94b60 flushing  nmethod 0x0000023cdd4c1c90
Event: 3.676 Thread 0x0000023cf0e94b60 flushing  nmethod 0x0000023cdd4c2290
Event: 3.676 Thread 0x0000023cf0e94b60 flushing  nmethod 0x0000023cdd4c6e10
Event: 3.676 Thread 0x0000023cf0e94b60 flushing  nmethod 0x0000023cdd4cf790
Event: 3.676 Thread 0x0000023cf0e94b60 flushing  nmethod 0x0000023cdd4d6310
Event: 3.676 Thread 0x0000023cf0e94b60 flushing  nmethod 0x0000023cdd4d6c90
Event: 3.676 Thread 0x0000023cf0e94b60 flushing  nmethod 0x0000023cdd4ecd10
Event: 3.676 Thread 0x0000023cf0e94b60 flushing  nmethod 0x0000023cdd4fd610
Event: 3.676 Thread 0x0000023cf0e94b60 flushing  nmethod 0x0000023cdd503590
Event: 3.676 Thread 0x0000023cf0e94b60 flushing  nmethod 0x0000023cdd57e610
Event: 3.676 Thread 0x0000023cf0e94b60 flushing  nmethod 0x0000023cdd57f090
Event: 3.676 Thread 0x0000023cf0e94b60 flushing  nmethod 0x0000023cdd57f610
Event: 3.676 Thread 0x0000023cf0e94b60 flushing  nmethod 0x0000023cdd580790
Event: 3.676 Thread 0x0000023cf0e94b60 flushing  nmethod 0x0000023cdd591a90
Event: 3.676 Thread 0x0000023cf0e94b60 flushing  nmethod 0x0000023cdd597410

Events (20 events):
Event: 2.444 Thread 0x0000023cd84e0cf0 Thread added: 0x0000023cf8d9b020
Event: 2.444 Thread 0x0000023cd84e0cf0 Thread added: 0x0000023cf8d9a990
Event: 2.444 Thread 0x0000023cd84e0cf0 Thread added: 0x0000023cf8d9b6b0
Event: 2.444 Thread 0x0000023cd84e0cf0 Thread added: 0x0000023cf8d99c70
Event: 2.444 Thread 0x0000023cd84e0cf0 Thread added: 0x0000023cf8d9bd40
Event: 2.444 Thread 0x0000023cd84e0cf0 Thread added: 0x0000023cf8d9ca60
Event: 2.444 Thread 0x0000023cd84e0cf0 Thread added: 0x0000023cf8d995e0
Event: 2.444 Thread 0x0000023cd84e0cf0 Thread added: 0x0000023cfa7e5a50
Event: 2.444 Thread 0x0000023cd84e0cf0 Thread added: 0x0000023cfa7e25d0
Event: 2.444 Thread 0x0000023cd84e0cf0 Thread added: 0x0000023cfa7e3980
Event: 2.444 Thread 0x0000023cd84e0cf0 Thread added: 0x0000023cfa7e18b0
Event: 2.444 Thread 0x0000023cd84e0cf0 Thread added: 0x0000023cfa7e7490
Event: 2.444 Thread 0x0000023cd84e0cf0 Thread added: 0x0000023cfa7e60e0
Event: 2.444 Thread 0x0000023cd84e0cf0 Thread added: 0x0000023cfa7e6770
Event: 2.444 Thread 0x0000023cd84e0cf0 Thread added: 0x0000023cfa7e6e00
Event: 2.445 Thread 0x0000023cd84e0cf0 Thread added: 0x0000023cfa7e0500
Event: 2.470 Thread 0x0000023cd84e0cf0 Thread added: 0x0000023cfa7e4010
Event: 2.545 Thread 0x0000023cf8d9c3d0 Thread added: 0x0000023cfa7e7b20
Event: 2.596 Thread 0x0000023cd84e0cf0 Thread added: 0x0000023cfa7e1f40
Event: 2.596 Thread 0x0000023cd84e0cf0 Thread added: 0x0000023cfa7e0b90


Dynamic libraries:
0x00007ff6e3460000 - 0x00007ff6e346e000 	c:\Users\OMAR INFO\.windsurf\extensions\redhat.java-1.45.0-win32-x64\jre\21.0.8-win32-x86_64\bin\java.exe
0x00007ffeec490000 - 0x00007ffeec688000 	C:\Windows\SYSTEM32\ntdll.dll
0x00007ffeea8d0000 - 0x00007ffeea992000 	C:\Windows\System32\KERNEL32.DLL
0x00007ffee9da0000 - 0x00007ffeea096000 	C:\Windows\System32\KERNELBASE.dll
0x00007ffee9b30000 - 0x00007ffee9c30000 	C:\Windows\System32\ucrtbase.dll
0x00007ffeb56c0000 - 0x00007ffeb56de000 	c:\Users\OMAR INFO\.windsurf\extensions\redhat.java-1.45.0-win32-x64\jre\21.0.8-win32-x86_64\bin\VCRUNTIME140.dll
0x00007ffeba580000 - 0x00007ffeba598000 	c:\Users\OMAR INFO\.windsurf\extensions\redhat.java-1.45.0-win32-x64\jre\21.0.8-win32-x86_64\bin\jli.dll
0x00007ffeeb4f0000 - 0x00007ffeeb68d000 	C:\Windows\System32\USER32.dll
0x00007ffee9cb0000 - 0x00007ffee9cd2000 	C:\Windows\System32\win32u.dll
0x00007ffeec2f0000 - 0x00007ffeec31b000 	C:\Windows\System32\GDI32.dll
0x00007ffed0400000 - 0x00007ffed069b000 	C:\Windows\WinSxS\amd64_microsoft.windows.common-controls_6595b64144ccf1df_6.0.19041.6280_none_60bc30a171f2f3f3\COMCTL32.dll
0x00007ffeea200000 - 0x00007ffeea319000 	C:\Windows\System32\gdi32full.dll
0x00007ffeeb250000 - 0x00007ffeeb2ee000 	C:\Windows\System32\msvcrt.dll
0x00007ffeea420000 - 0x00007ffeea4bd000 	C:\Windows\System32\msvcp_win.dll
0x00007ffeec380000 - 0x00007ffeec3af000 	C:\Windows\System32\IMM32.DLL
0x00007ffee1f40000 - 0x00007ffee1f4c000 	c:\Users\OMAR INFO\.windsurf\extensions\redhat.java-1.45.0-win32-x64\jre\21.0.8-win32-x86_64\bin\vcruntime140_1.dll
0x00007ffea38c0000 - 0x00007ffea394d000 	c:\Users\OMAR INFO\.windsurf\extensions\redhat.java-1.45.0-win32-x64\jre\21.0.8-win32-x86_64\bin\msvcp140.dll
0x00007ffe893d0000 - 0x00007ffe8a167000 	c:\Users\OMAR INFO\.windsurf\extensions\redhat.java-1.45.0-win32-x64\jre\21.0.8-win32-x86_64\bin\server\jvm.dll
0x00007ffeea720000 - 0x00007ffeea7d1000 	C:\Windows\System32\ADVAPI32.dll
0x00007ffeec3b0000 - 0x00007ffeec44f000 	C:\Windows\System32\sechost.dll
0x00007ffeeb370000 - 0x00007ffeeb490000 	C:\Windows\System32\RPCRT4.dll
0x00007ffee9ce0000 - 0x00007ffee9d07000 	C:\Windows\System32\bcrypt.dll
0x00007ffeeb300000 - 0x00007ffeeb36b000 	C:\Windows\System32\WS2_32.dll
0x00007ffee94b0000 - 0x00007ffee94fb000 	C:\Windows\SYSTEM32\POWRPROF.dll
0x00007ffedd940000 - 0x00007ffedd967000 	C:\Windows\SYSTEM32\WINMM.dll
0x00007ffee33f0000 - 0x00007ffee33fa000 	C:\Windows\SYSTEM32\VERSION.dll
0x00007ffee9470000 - 0x00007ffee9482000 	C:\Windows\SYSTEM32\UMPDC.dll
0x00007ffee8360000 - 0x00007ffee8372000 	C:\Windows\SYSTEM32\kernel.appcore.dll
0x00007ffede8f0000 - 0x00007ffede8fa000 	c:\Users\OMAR INFO\.windsurf\extensions\redhat.java-1.45.0-win32-x64\jre\21.0.8-win32-x86_64\bin\jimage.dll
0x00007ffee7710000 - 0x00007ffee7911000 	C:\Windows\SYSTEM32\DBGHELP.DLL
0x00007ffecc7f0000 - 0x00007ffecc824000 	C:\Windows\SYSTEM32\dbgcore.DLL
0x00007ffee9d10000 - 0x00007ffee9d92000 	C:\Windows\System32\bcryptPrimitives.dll
0x00007ffede8b0000 - 0x00007ffede8bf000 	c:\Users\OMAR INFO\.windsurf\extensions\redhat.java-1.45.0-win32-x64\jre\21.0.8-win32-x86_64\bin\instrument.dll
0x00007ffeb5650000 - 0x00007ffeb566f000 	c:\Users\OMAR INFO\.windsurf\extensions\redhat.java-1.45.0-win32-x64\jre\21.0.8-win32-x86_64\bin\java.dll
0x00007ffeeb690000 - 0x00007ffeebe00000 	C:\Windows\System32\SHELL32.dll
0x00007ffee7b50000 - 0x00007ffee82f5000 	C:\Windows\SYSTEM32\windows.storage.dll
0x00007ffeebf90000 - 0x00007ffeec2e3000 	C:\Windows\System32\combase.dll
0x00007ffee9410000 - 0x00007ffee943b000 	C:\Windows\SYSTEM32\Wldp.dll
0x00007ffeea800000 - 0x00007ffeea8cd000 	C:\Windows\System32\OLEAUT32.dll
0x00007ffeeb1a0000 - 0x00007ffeeb24d000 	C:\Windows\System32\SHCORE.dll
0x00007ffeebe00000 - 0x00007ffeebe5b000 	C:\Windows\System32\shlwapi.dll
0x00007ffee9a60000 - 0x00007ffee9a84000 	C:\Windows\SYSTEM32\profapi.dll
0x00007ffede900000 - 0x00007ffede918000 	c:\Users\OMAR INFO\.windsurf\extensions\redhat.java-1.45.0-win32-x64\jre\21.0.8-win32-x86_64\bin\zip.dll
0x00007ffee5540000 - 0x00007ffee5550000 	C:\Users\OMAR INFO\.windsurf\extensions\redhat.java-1.45.0-win32-x64\jre\21.0.8-win32-x86_64\bin\net.dll
0x00007ffee20c0000 - 0x00007ffee21ca000 	C:\Windows\SYSTEM32\WINHTTP.dll
0x00007ffee91f0000 - 0x00007ffee925a000 	C:\Windows\system32\mswsock.dll
0x00007ffee54d0000 - 0x00007ffee54e6000 	C:\Users\OMAR INFO\.windsurf\extensions\redhat.java-1.45.0-win32-x64\jre\21.0.8-win32-x86_64\bin\nio.dll
0x00007ffee5530000 - 0x00007ffee5540000 	c:\Users\OMAR INFO\.windsurf\extensions\redhat.java-1.45.0-win32-x64\jre\21.0.8-win32-x86_64\bin\verify.dll
0x00007ffeb5420000 - 0x00007ffeb5464000 	C:\Users\OMAR INFO\AppData\Roaming\Windsurf\User\globalStorage\redhat.java\1.45.0\config_ss_win\org.eclipse.equinox.launcher\org.eclipse.equinox.launcher.win32.win32.x86_64_1.2.1400.v20250801-0854\eclipse_11916.dll
0x00007ffeeaaa0000 - 0x00007ffeeabcb000 	C:\Windows\System32\ole32.dll
0x00007ffee9450000 - 0x00007ffee9468000 	C:\Windows\SYSTEM32\CRYPTSP.dll
0x00007ffee8ad0000 - 0x00007ffee8b08000 	C:\Windows\system32\rsaenh.dll
0x00007ffee99e0000 - 0x00007ffee9a0e000 	C:\Windows\SYSTEM32\USERENV.dll
0x00007ffee9380000 - 0x00007ffee938c000 	C:\Windows\SYSTEM32\CRYPTBASE.dll
0x00007ffee8ef0000 - 0x00007ffee8f2b000 	C:\Windows\SYSTEM32\IPHLPAPI.DLL
0x00007ffeea9a0000 - 0x00007ffeea9a8000 	C:\Windows\System32\NSI.dll
0x00007ffea31d0000 - 0x00007ffea3219000 	C:\Users\OMAR INFO\AppData\Local\Temp\jna--64980065\jna5746043750218528993.dll
0x00007ffeebe60000 - 0x00007ffeebe68000 	C:\Windows\System32\PSAPI.DLL
0x00007ffee2d80000 - 0x00007ffee2d97000 	C:\Windows\SYSTEM32\dhcpcsvc6.DLL
0x00007ffee2d60000 - 0x00007ffee2d7d000 	C:\Windows\SYSTEM32\dhcpcsvc.DLL

JVMTI agents:
c:\Users\OMAR INFO\.windsurf\extensions\redhat.java-1.45.0-win32-x64\lombok\lombok-1.18.39-4050.jar path:c:\Users\OMAR INFO\.windsurf\extensions\redhat.java-1.45.0-win32-x64\jre\21.0.8-win32-x86_64\bin\instrument.dll, loaded, initialized, instrumentlib options:none

dbghelp: loaded successfully - version: 4.0.5 - missing functions: none
symbol engine: initialized successfully - sym options: 0x614 - pdb path: .;c:\Users\OMAR INFO\.windsurf\extensions\redhat.java-1.45.0-win32-x64\jre\21.0.8-win32-x86_64\bin;C:\Windows\SYSTEM32;C:\Windows\WinSxS\amd64_microsoft.windows.common-controls_6595b64144ccf1df_6.0.19041.6280_none_60bc30a171f2f3f3;c:\Users\OMAR INFO\.windsurf\extensions\redhat.java-1.45.0-win32-x64\jre\21.0.8-win32-x86_64\bin\server;C:\Users\OMAR INFO\AppData\Roaming\Windsurf\User\globalStorage\redhat.java\1.45.0\config_ss_win\org.eclipse.equinox.launcher\org.eclipse.equinox.launcher.win32.win32.x86_64_1.2.1400.v20250801-0854;C:\Users\OMAR INFO\AppData\Local\Temp\jna--64980065

VM Arguments:
jvm_args: --add-modules=ALL-SYSTEM --add-opens=java.base/java.util=ALL-UNNAMED --add-opens=java.base/java.lang=ALL-UNNAMED --add-opens=java.base/sun.nio.fs=ALL-UNNAMED -Declipse.application=org.eclipse.jdt.ls.core.id1 -Dosgi.bundles.defaultStartLevel=4 -Declipse.product=org.eclipse.jdt.ls.core.product -Djava.import.generatesMetadataFilesAtProjectRoot=false -DDetectVMInstallationsJob.disabled=true -Dfile.encoding=utf8 -XX:+UseParallelGC -XX:GCTimeRatio=4 -XX:AdaptiveSizePolicyWeight=90 -Dsun.zip.disableMemoryMapping=true -Xmx2G -Xms100m -Xlog:disable -javaagent:c:\Users\OMAR INFO\.windsurf\extensions\redhat.java-1.45.0-win32-x64\lombok\lombok-1.18.39-4050.jar 
java_command: c:\Users\OMAR INFO\.windsurf\extensions\redhat.java-1.45.0-win32-x64\server\plugins\org.eclipse.equinox.launcher_1.7.0.v20250519-0528.jar -configuration c:\Users\OMAR INFO\AppData\Roaming\Windsurf\User\globalStorage\redhat.java\1.45.0\config_ss_win -data c:\Users\OMAR INFO\AppData\Roaming\Windsurf\User\workspaceStorage\017271f0c0c7557d9833a01acf50ccd7\redhat.java\ss_ws --pipe=\\.\pipe\lsp-89413488e9d116b48d064763e8b77589-sock
java_class_path (initial): c:\Users\OMAR INFO\.windsurf\extensions\redhat.java-1.45.0-win32-x64\server\plugins\org.eclipse.equinox.launcher_1.7.0.v20250519-0528.jar
Launcher Type: SUN_STANDARD

[Global flags]
    uintx AdaptiveSizePolicyWeight                 = 90                                        {product} {command line}
     intx CICompilerCount                          = 12                                        {product} {ergonomic}
    uintx GCTimeRatio                              = 4                                         {product} {command line}
   size_t InitialHeapSize                          = 104857600                                 {product} {command line}
   size_t MaxHeapSize                              = 2147483648                                {product} {command line}
   size_t MaxNewSize                               = 715653120                                 {product} {ergonomic}
   size_t MinHeapDeltaBytes                        = 524288                                    {product} {ergonomic}
   size_t MinHeapSize                              = 104857600                                 {product} {command line}
   size_t NewSize                                  = 34603008                                  {product} {ergonomic}
    uintx NonNMethodCodeHeapSize                   = 7602480                                {pd product} {ergonomic}
    uintx NonProfiledCodeHeapSize                  = 122027880                              {pd product} {ergonomic}
   size_t OldSize                                  = 70254592                                  {product} {ergonomic}
    uintx ProfiledCodeHeapSize                     = 122027880                              {pd product} {ergonomic}
    uintx ReservedCodeCacheSize                    = 251658240                              {pd product} {ergonomic}
     bool SegmentedCodeCache                       = true                                      {product} {ergonomic}
   size_t SoftMaxHeapSize                          = 2147483648                             {manageable} {ergonomic}
     bool UseCompressedOops                        = true                           {product lp64_product} {ergonomic}
     bool UseLargePagesIndividualAllocation        = false                                  {pd product} {ergonomic}
     bool UseParallelGC                            = true                                      {product} {command line}

Logging:
Log output configuration:
 #0: stdout all=off uptime,level,tags foldmultilines=false
 #1: stderr all=off uptime,level,tags foldmultilines=false

Environment Variables:
PATH=C:\oraclexe\app\oracle\product\10.2.0\server\bin;C:\ProgramData\Oracle\Java\javapath;C:\Program Files\Common Files\Oracle\Java\javapath;C:\Windows\system32;C:\Windows;C:\Windows\System32\Wbem;C:\Windows\System32\WindowsPowerShell\v1.0\;C:\Windows\System32\OpenSSH\;C:\Program Files\Microsoft SQL Server\150\Tools\Binn\;C:\Program Files\Microsoft SQL Server\Client SDK\ODBC\170\Tools\Binn\;C:\Program Files\dotnet\;C:\Program Files\NVIDIA Corporation\NVIDIA NvDLISR;C:\ProgramData\chocolatey\bin;C:\Program Files (x86)\Microsoft SQL Server\110\Tools\Binn\;C:\Program Files (x86)\Microsoft SQL Server\110\DTS\Binn\;C:\Program Files (x86)\Microsoft SQL Server\110\Tools\Binn\ManagementStudio\;C:\Program Files (x86)\Microsoft Visual Studio 10.0\Common7\IDE\PrivateAssemblies\;C:\Program Files (x86)\NVIDIA Corporation\PhysX\Common;C:\Program Files\nodejs\;C:\Program Files\Git LFS;C:\Program Files\Docker\Docker\resources\bin;C:\Program Files\Git\cmd;C:\Windows\system32\platform-tools;C:\Program Files\MongoDB\Server\8.0\bin;C:\Users\OMAR INFO\AppData\Local\Programs\Python\Python310;C:\Users\OMAR INFO\AppData\Local\Programs\Python\Python310\Scripts;F:\PuTTY\;C:\Users\OMAR INFO\AppData\Local\Programs\Python\Python310\Scripts\;C:\Users\OMAR INFO\AppData\Local\Programs\Python\Python310\;C:\Users\OMAR INFO\AppData\Local\Microsoft\WindowsApps;C:\Users\OMAR INFO\.dotnet\tools;C:\Program Files\JetBrains\IntelliJ IDEA 2023.2.1\bin;;C:\Users\OMAR INFO\AppData\Local\Programs\Microsoft VS Code\bin;C:\Users\OMAR INFO\AppData\Roaming\npm;C:\Users\OMAR INFO\AppData\Local\GitHubDesktop\bin;C:\xampp\php;C:\Users\OMAR INFO\composer;C:\Users\OMAR INFO\AppData\Roaming\Composer\vendor\bin;C:\Program Files (x86)\Microsoft SDKs\Windows\v10.0A\bin\NETFX 4.8 Tools;C:\Users\OMAR INFO\AppData\Local\Programs\Windsurf\bin;
USERNAME=OMAR INFO
OS=Windows_NT
PROCESSOR_IDENTIFIER=Intel64 Family 6 Model 141 Stepping 1, GenuineIntel
TMP=C:\Users\OMARIN~1\AppData\Local\Temp
TEMP=C:\Users\OMARIN~1\AppData\Local\Temp




Periodic native trim disabled

---------------  S Y S T E M  ---------------

OS:
 Windows 10 , 64 bit Build 19041 (10.0.19041.5915)
OS uptime: 7 days 0:36 hours
Hyper-V role detected

CPU: total 16 (initial active 16) (8 cores per cpu, 2 threads per core) family 6 model 141 stepping 1 microcode 0x26, cx8, cmov, fxsr, ht, mmx, 3dnowpref, sse, sse2, sse3, ssse3, sse4.1, sse4.2, popcnt, lzcnt, tsc, tscinvbit, avx, avx2, aes, erms, clmul, bmi1, bmi2, adx, avx512f, avx512dq, avx512cd, avx512bw, avx512vl, sha, fma, vzeroupper, avx512_vpopcntdq, avx512_vpclmulqdq, avx512_vaes, avx512_vnni, clflush, clflushopt, clwb, avx512_vbmi2, avx512_vbmi, hv, rdtscp, rdpid, fsrm, gfni, avx512_bitalg, f16c, cet_ibt, cet_ss, avx512_ifma
Processor Information for the first 16 processors :
  Max Mhz: 2304, Current Mhz: 2304, Mhz Limit: 2304

Memory: 4k page, system-wide physical 16085M (407M free)
TotalPageFile size 23385M (AvailPageFile size 5M)
current process WorkingSet (physical memory assigned to process): 224M, peak: 228M
current process commit charge ("private bytes"): 353M, peak: 357M

vm_info: OpenJDK 64-Bit Server VM (21.0.8+9-LTS) for windows-amd64 JRE (21.0.8+9-LTS), built on 2025-07-15T00:00:00Z by "admin" with MS VC++ 17.7 (VS2022)

END.
