#
# There is insufficient memory for the Java Runtime Environment to continue.
# Native memory allocation (malloc) failed to allocate 65552 bytes. Error detail: Chunk::new
# Possible reasons:
#   The system is out of physical RAM or swap space
#   This process is running with CompressedOops enabled, and the Java Heap may be blocking the growth of the native heap
# Possible solutions:
#   Reduce memory load on the system
#   Increase physical memory or swap space
#   Check if swap backing store is full
#   Decrease Java heap size (-Xmx/-Xms)
#   Decrease number of Java threads
#   Decrease Java thread stack sizes (-Xss)
#   Set larger code cache with -XX:ReservedCodeCacheSize=
#   JVM is running with Unscaled Compressed Oops mode in which the Java heap is
#     placed in the first 4GB address space. The Java Heap base address is the
#     maximum limit for the native heap growth. Please use -XX:HeapBaseMinAddress
#     to set the Java Heap base and to place the Java Heap above 4GB virtual address.
# This output file may be truncated or incomplete.
#
#  Out of Memory Error (arena.cpp:168), pid=15548, tid=11336
#
# JRE version: OpenJDK Runtime Environment Temurin-21.0.8+9 (21.0.8+9) (build 21.0.8+9-LTS)
# Java VM: OpenJDK 64-Bit Server VM Temurin-21.0.8+9 (21.0.8+9-LTS, mixed mode, sharing, tiered, compressed oops, compressed class ptrs, parallel gc, windows-amd64)
# No core dump will be written. Minidumps are not enabled by default on client versions of Windows
#

---------------  S U M M A R Y ------------

Command Line: --add-modules=ALL-SYSTEM --add-opens=java.base/java.util=ALL-UNNAMED --add-opens=java.base/java.lang=ALL-UNNAMED --add-opens=java.base/sun.nio.fs=ALL-UNNAMED -Declipse.application=org.eclipse.jdt.ls.core.id1 -Dosgi.bundles.defaultStartLevel=4 -Declipse.product=org.eclipse.jdt.ls.core.product -Djava.import.generatesMetadataFilesAtProjectRoot=false -DDetectVMInstallationsJob.disabled=true -Dfile.encoding=utf8 -XX:+UseParallelGC -XX:GCTimeRatio=4 -XX:AdaptiveSizePolicyWeight=90 -Dsun.zip.disableMemoryMapping=true -Xmx2G -Xms100m -Xlog:disable -javaagent:c:\Users\OMAR INFO\.windsurf\extensions\redhat.java-1.45.0-win32-x64\lombok\lombok-1.18.39-4050.jar -XX:+HeapDumpOnOutOfMemoryError -XX:HeapDumpPath=c:\Users\OMAR INFO\AppData\Roaming\Windsurf\User\workspaceStorage\017271f0c0c7557d9833a01acf50ccd7\redhat.java -Daether.dependencyCollector.impl=bf c:\Users\OMAR INFO\.windsurf\extensions\redhat.java-1.45.0-win32-x64\server\plugins\org.eclipse.equinox.launcher_1.7.0.v20250519-0528.jar -configuration c:\Users\OMAR INFO\AppData\Roaming\Windsurf\User\globalStorage\redhat.java\1.45.0\config_win -data c:\Users\OMAR INFO\AppData\Roaming\Windsurf\User\workspaceStorage\017271f0c0c7557d9833a01acf50ccd7\redhat.java\jdt_ws --pipe=\\.\pipe\lsp-ac52e5102fb3f9f9f619a5880c67f320-sock

Host: 11th Gen Intel(R) Core(TM) i7-11800H @ 2.30GHz, 16 cores, 15G,  Windows 10 , 64 bit Build 19041 (10.0.19041.5915)
Time: Thu Sep 25 16:30:10 2025 Paris, Madrid elapsed time: 5.631499 seconds (0d 0h 0m 5s)

---------------  T H R E A D  ---------------

Current thread (0x000001c7fff52e10):  JavaThread "C2 CompilerThread2" daemon [_thread_in_native, id=11336, stack(0x000000186d200000,0x000000186d300000) (1024K)]


Current CompileTask:
C2:5631 9112       4       lombok.eclipse.handlers.EclipseHandlerUtil::setGeneratedBy (10 bytes)

Stack: [0x000000186d200000,0x000000186d300000]
Native frames: (J=compiled Java code, j=interpreted, Vv=VM code, C=native code)
V  [jvm.dll+0x6d2449]
V  [jvm.dll+0x8ae341]
V  [jvm.dll+0x8b08be]
V  [jvm.dll+0x8b0fa3]
V  [jvm.dll+0x280c96]
V  [jvm.dll+0xc581d]
V  [jvm.dll+0xc5d53]
V  [jvm.dll+0xd310d]
V  [jvm.dll+0x5ea16f]
V  [jvm.dll+0x5e8c5d]
V  [jvm.dll+0x5e836e]
V  [jvm.dll+0x5e8335]
V  [jvm.dll+0x5e8381]
V  [jvm.dll+0x5e8381]
V  [jvm.dll+0x5e8381]
V  [jvm.dll+0x5e8381]
V  [jvm.dll+0x5e8381]
V  [jvm.dll+0x5e8381]
V  [jvm.dll+0x5e8381]
V  [jvm.dll+0x5e8381]
V  [jvm.dll+0x5e8381]
V  [jvm.dll+0x5e8381]
V  [jvm.dll+0x5e8381]
V  [jvm.dll+0x5e8381]
V  [jvm.dll+0x5fa775]
V  [jvm.dll+0x252092]
V  [jvm.dll+0x25244f]
V  [jvm.dll+0x24ad14]
V  [jvm.dll+0x2483a4]
V  [jvm.dll+0x1c89ee]
V  [jvm.dll+0x257d4d]
V  [jvm.dll+0x2562ea]
V  [jvm.dll+0x3f2d16]
V  [jvm.dll+0x857e6b]
V  [jvm.dll+0x6d0b0d]
C  [ucrtbase.dll+0x21bb2]
C  [KERNEL32.DLL+0x17374]
C  [ntdll.dll+0x4cc91]


---------------  P R O C E S S  ---------------

Threads class SMR info:
_java_thread_list=0x000001c7dcdd25c0, length=66, elements={
0x000001c7fab66a10, 0x000001c7fe602640, 0x000001c7fe603f40, 0x000001c7fe605ac0,
0x000001c7fe6069d0, 0x000001c7ffbc8930, 0x000001c7fe60d430, 0x000001c7ffbd2430,
0x000001c7ffbd4520, 0x000001c7fabd5400, 0x000001c7ffcd4780, 0x000001c7ffcd6e30,
0x000001c7fff52770, 0x000001c7fff52e10, 0x000001c7d538cfd0, 0x000001c7d55c7940,
0x000001c7da0eb590, 0x000001c7da096bd0, 0x000001c7da2ca200, 0x000001c7da2cac30,
0x000001c7da776fc0, 0x000001c7daa697e0, 0x000001c7da6a23c0, 0x000001c7da0650d0,
0x000001c7da530e40, 0x000001c7da063d20, 0x000001c7da065760, 0x000001c7da0643b0,
0x000001c7da065df0, 0x000001c7da066b10, 0x000001c7da066480, 0x000001c7ddd8d2d0,
0x000001c7ddd8ab70, 0x000001c7ddd8e680, 0x000001c7ddd8b200, 0x000001c7ddd900c0,
0x000001c7ddd8fa30, 0x000001c7ddd8ed10, 0x000001c7ddd8d960, 0x000001c7ddd8bf20,
0x000001c7ddd8b890, 0x000001c7ddd8c5b0, 0x000001c7ddd90750, 0x000001c7ddd8f3a0,
0x000001c7ddd897c0, 0x000001c7ddd8cc40, 0x000001c7ddd90de0, 0x000001c7ddd8dff0,
0x000001c7ddd89e50, 0x000001c7da064a40, 0x000001c7df21dfb0, 0x000001c7df222150,
0x000001c7df21cc00, 0x000001c7df221430, 0x000001c7df21ecd0, 0x000001c7df21d920,
0x000001c7df220710, 0x000001c7df21f9f0, 0x000001c7df220da0, 0x000001c7df221ac0,
0x000001c7df21c570, 0x000001c7df21e640, 0x000001c7df21f360, 0x000001c7df220080,
0x000001c7df21b1c0, 0x000001c7df2227e0
}

Java Threads: ( => current thread )
  0x000001c7fab66a10 JavaThread "main"                              [_thread_blocked, id=4312, stack(0x000000186c200000,0x000000186c300000) (1024K)]
  0x000001c7fe602640 JavaThread "Reference Handler"          daemon [_thread_blocked, id=23160, stack(0x000000186c600000,0x000000186c700000) (1024K)]
  0x000001c7fe603f40 JavaThread "Finalizer"                  daemon [_thread_blocked, id=22264, stack(0x000000186c700000,0x000000186c800000) (1024K)]
  0x000001c7fe605ac0 JavaThread "Signal Dispatcher"          daemon [_thread_blocked, id=9908, stack(0x000000186c800000,0x000000186c900000) (1024K)]
  0x000001c7fe6069d0 JavaThread "Attach Listener"            daemon [_thread_blocked, id=15000, stack(0x000000186c900000,0x000000186ca00000) (1024K)]
  0x000001c7ffbc8930 JavaThread "Service Thread"             daemon [_thread_blocked, id=16660, stack(0x000000186ca00000,0x000000186cb00000) (1024K)]
  0x000001c7fe60d430 JavaThread "Monitor Deflation Thread"   daemon [_thread_blocked, id=9596, stack(0x000000186cb00000,0x000000186cc00000) (1024K)]
  0x000001c7ffbd2430 JavaThread "C2 CompilerThread0"         daemon [_thread_in_native, id=21116, stack(0x000000186cc00000,0x000000186cd00000) (1024K)]
  0x000001c7ffbd4520 JavaThread "C1 CompilerThread0"         daemon [_thread_in_native, id=20476, stack(0x000000186cd00000,0x000000186ce00000) (1024K)]
  0x000001c7fabd5400 JavaThread "Common-Cleaner"             daemon [_thread_blocked, id=19348, stack(0x000000186ce00000,0x000000186cf00000) (1024K)]
  0x000001c7ffcd4780 JavaThread "C1 CompilerThread1"         daemon [_thread_blocked, id=14956, stack(0x000000186cf00000,0x000000186d000000) (1024K)]
  0x000001c7ffcd6e30 JavaThread "C1 CompilerThread2"         daemon [_thread_blocked, id=24528, stack(0x000000186d000000,0x000000186d100000) (1024K)]
  0x000001c7fff52770 JavaThread "C2 CompilerThread1"         daemon [_thread_in_native, id=14108, stack(0x000000186d100000,0x000000186d200000) (1024K)]
=>0x000001c7fff52e10 JavaThread "C2 CompilerThread2"         daemon [_thread_in_native, id=11336, stack(0x000000186d200000,0x000000186d300000) (1024K)]
  0x000001c7d538cfd0 JavaThread "Notification Thread"        daemon [_thread_blocked, id=21708, stack(0x000000186d300000,0x000000186d400000) (1024K)]
  0x000001c7d55c7940 JavaThread "C2 CompilerThread3"         daemon [_thread_in_native, id=23496, stack(0x000000186da00000,0x000000186db00000) (1024K)]
  0x000001c7da0eb590 JavaThread "Active Thread: Equinox Container: b7b0fbd5-69fd-463f-806a-e2b6b042ba78"        [_thread_blocked, id=13696, stack(0x000000186db00000,0x000000186dc00000) (1024K)]
  0x000001c7da096bd0 JavaThread "Refresh Thread: Equinox Container: b7b0fbd5-69fd-463f-806a-e2b6b042ba78" daemon [_thread_blocked, id=14624, stack(0x000000186dd00000,0x000000186de00000) (1024K)]
  0x000001c7da2ca200 JavaThread "Framework Event Dispatcher: Equinox Container: b7b0fbd5-69fd-463f-806a-e2b6b042ba78" daemon [_thread_blocked, id=13724, stack(0x000000186de00000,0x000000186df00000) (1024K)]
  0x000001c7da2cac30 JavaThread "Start Level: Equinox Container: b7b0fbd5-69fd-463f-806a-e2b6b042ba78" daemon [_thread_blocked, id=19436, stack(0x000000186df00000,0x000000186e000000) (1024K)]
  0x000001c7da776fc0 JavaThread "Bundle File Closer"         daemon [_thread_blocked, id=17948, stack(0x000000186e300000,0x000000186e400000) (1024K)]
  0x000001c7daa697e0 JavaThread "SCR Component Actor"        daemon [_thread_blocked, id=16852, stack(0x000000186e400000,0x000000186e500000) (1024K)]
  0x000001c7da6a23c0 JavaThread "SCR Component Registry"     daemon [_thread_blocked, id=21840, stack(0x000000186e500000,0x000000186e600000) (1024K)]
  0x000001c7da0650d0 JavaThread "Worker-JM"                         [_thread_blocked, id=13788, stack(0x000000186e700000,0x000000186e800000) (1024K)]
  0x000001c7da530e40 JavaThread "C1 CompilerThread3"         daemon [_thread_blocked, id=16140, stack(0x000000186e800000,0x000000186e900000) (1024K)]
  0x000001c7da063d20 JavaThread "JNA Cleaner"                daemon [_thread_blocked, id=23420, stack(0x000000186ea00000,0x000000186eb00000) (1024K)]
  0x000001c7da065760 JavaThread "Worker-0"                          [_thread_blocked, id=7236, stack(0x000000186eb00000,0x000000186ec00000) (1024K)]
  0x000001c7da0643b0 JavaThread "Worker-1: Initialize workspace"        [_thread_blocked, id=2952, stack(0x000000186ec00000,0x000000186ed00000) (1024K)]
  0x000001c7da065df0 JavaThread "Java indexing"              daemon [_thread_blocked, id=19576, stack(0x000000186ed00000,0x000000186ee00000) (1024K)]
  0x000001c7da066b10 JavaThread "Worker-2"                          [_thread_blocked, id=9852, stack(0x000000186f000000,0x000000186f100000) (1024K)]
  0x000001c7da066480 JavaThread "Worker-3"                          [_thread_blocked, id=21636, stack(0x000000186f100000,0x000000186f200000) (1024K)]
  0x000001c7ddd8d2d0 JavaThread "Thread-2"                   daemon [_thread_in_native, id=24112, stack(0x000000186f200000,0x000000186f300000) (1024K)]
  0x000001c7ddd8ab70 JavaThread "Thread-3"                   daemon [_thread_in_native, id=8852, stack(0x000000186f300000,0x000000186f400000) (1024K)]
  0x000001c7ddd8e680 JavaThread "Thread-4"                   daemon [_thread_in_native, id=21228, stack(0x000000186f400000,0x000000186f500000) (1024K)]
  0x000001c7ddd8b200 JavaThread "Thread-5"                   daemon [_thread_in_native, id=14112, stack(0x000000186f500000,0x000000186f600000) (1024K)]
  0x000001c7ddd900c0 JavaThread "Thread-6"                   daemon [_thread_in_native, id=15500, stack(0x000000186f600000,0x000000186f700000) (1024K)]
  0x000001c7ddd8fa30 JavaThread "Thread-7"                   daemon [_thread_in_native, id=12788, stack(0x000000186f700000,0x000000186f800000) (1024K)]
  0x000001c7ddd8ed10 JavaThread "Thread-8"                   daemon [_thread_in_native, id=19248, stack(0x000000186f800000,0x000000186f900000) (1024K)]
  0x000001c7ddd8d960 JavaThread "Thread-9"                   daemon [_thread_in_native, id=18040, stack(0x000000186f900000,0x000000186fa00000) (1024K)]
  0x000001c7ddd8bf20 JavaThread "Thread-10"                  daemon [_thread_in_native, id=2828, stack(0x000000186fa00000,0x000000186fb00000) (1024K)]
  0x000001c7ddd8b890 JavaThread "Thread-11"                  daemon [_thread_in_native, id=23752, stack(0x000000186fb00000,0x000000186fc00000) (1024K)]
  0x000001c7ddd8c5b0 JavaThread "Thread-12"                  daemon [_thread_in_native, id=21452, stack(0x000000186fc00000,0x000000186fd00000) (1024K)]
  0x000001c7ddd90750 JavaThread "Thread-13"                  daemon [_thread_in_native, id=2384, stack(0x000000186fd00000,0x000000186fe00000) (1024K)]
  0x000001c7ddd8f3a0 JavaThread "Thread-14"                  daemon [_thread_in_native, id=14628, stack(0x000000186fe00000,0x000000186ff00000) (1024K)]
  0x000001c7ddd897c0 JavaThread "Thread-15"                  daemon [_thread_in_native, id=6304, stack(0x000000186ff00000,0x0000001870000000) (1024K)]
  0x000001c7ddd8cc40 JavaThread "Thread-16"                  daemon [_thread_in_native, id=18876, stack(0x0000001870000000,0x0000001870100000) (1024K)]
  0x000001c7ddd90de0 JavaThread "Thread-17"                  daemon [_thread_in_native, id=20604, stack(0x0000001870100000,0x0000001870200000) (1024K)]
  0x000001c7ddd8dff0 JavaThread "Thread-18"                  daemon [_thread_in_native, id=12100, stack(0x0000001870200000,0x0000001870300000) (1024K)]
  0x000001c7ddd89e50 JavaThread "pool-2-thread-1"                   [_thread_blocked, id=2616, stack(0x0000001870300000,0x0000001870400000) (1024K)]
  0x000001c7da064a40 JavaThread "WorkspaceEventsHandler"            [_thread_blocked, id=14840, stack(0x0000001870400000,0x0000001870500000) (1024K)]
  0x000001c7df21dfb0 JavaThread "pool-1-thread-1"                   [_thread_in_Java, id=21072, stack(0x0000001870500000,0x0000001870600000) (1024K)]
  0x000001c7df222150 JavaThread "ForkJoinPool.commonPool-worker-1" daemon [_thread_blocked, id=20208, stack(0x0000001870600000,0x0000001870700000) (1024K)]
  0x000001c7df21cc00 JavaThread "ForkJoinPool.commonPool-worker-2" daemon [_thread_blocked, id=13544, stack(0x0000001870700000,0x0000001870800000) (1024K)]
  0x000001c7df221430 JavaThread "ForkJoinPool.commonPool-worker-3" daemon [_thread_blocked, id=3740, stack(0x0000001870800000,0x0000001870900000) (1024K)]
  0x000001c7df21ecd0 JavaThread "ForkJoinPool.commonPool-worker-4" daemon [_thread_blocked, id=13784, stack(0x0000001870900000,0x0000001870a00000) (1024K)]
  0x000001c7df21d920 JavaThread "ForkJoinPool.commonPool-worker-5" daemon [_thread_blocked, id=17456, stack(0x0000001870a00000,0x0000001870b00000) (1024K)]
  0x000001c7df220710 JavaThread "ForkJoinPool.commonPool-worker-6" daemon [_thread_blocked, id=18564, stack(0x0000001870b00000,0x0000001870c00000) (1024K)]
  0x000001c7df21f9f0 JavaThread "ForkJoinPool.commonPool-worker-7" daemon [_thread_blocked, id=19440, stack(0x0000001870c00000,0x0000001870d00000) (1024K)]
  0x000001c7df220da0 JavaThread "ForkJoinPool.commonPool-worker-8" daemon [_thread_blocked, id=15276, stack(0x0000001870d00000,0x0000001870e00000) (1024K)]
  0x000001c7df221ac0 JavaThread "ForkJoinPool.commonPool-worker-9" daemon [_thread_blocked, id=18764, stack(0x0000001870e00000,0x0000001870f00000) (1024K)]
  0x000001c7df21c570 JavaThread "ForkJoinPool.commonPool-worker-10" daemon [_thread_blocked, id=12600, stack(0x0000001870f00000,0x0000001871000000) (1024K)]
  0x000001c7df21e640 JavaThread "ForkJoinPool.commonPool-worker-11" daemon [_thread_blocked, id=3248, stack(0x0000001871000000,0x0000001871100000) (1024K)]
  0x000001c7df21f360 JavaThread "ForkJoinPool.commonPool-worker-12" daemon [_thread_blocked, id=22932, stack(0x0000001871100000,0x0000001871200000) (1024K)]
  0x000001c7df220080 JavaThread "ForkJoinPool.commonPool-worker-13" daemon [_thread_blocked, id=7352, stack(0x0000001871200000,0x0000001871300000) (1024K)]
  0x000001c7df21b1c0 JavaThread "ForkJoinPool.commonPool-worker-14" daemon [_thread_blocked, id=19152, stack(0x0000001871300000,0x0000001871400000) (1024K)]
  0x000001c7df2227e0 JavaThread "ForkJoinPool.commonPool-worker-15" daemon [_thread_blocked, id=23088, stack(0x0000001871400000,0x0000001871500000) (1024K)]
Total: 66

Other Threads:
  0x000001c7fe5f2bf0 VMThread "VM Thread"                           [id=6904, stack(0x000000186c500000,0x000000186c600000) (1024K)]
  0x000001c7fe4ec950 WatcherThread "VM Periodic Task Thread"        [id=24428, stack(0x000000186c400000,0x000000186c500000) (1024K)]
  0x000001c7fab85080 WorkerThread "GC Thread#0"                     [id=21652, stack(0x000000186c300000,0x000000186c400000) (1024K)]
  0x000001c7d595b130 WorkerThread "GC Thread#1"                     [id=17380, stack(0x000000186d400000,0x000000186d500000) (1024K)]
  0x000001c7d56f8760 WorkerThread "GC Thread#2"                     [id=5628, stack(0x000000186d500000,0x000000186d600000) (1024K)]
  0x000001c7d56f8b00 WorkerThread "GC Thread#3"                     [id=10648, stack(0x000000186d600000,0x000000186d700000) (1024K)]
  0x000001c7d56f8ea0 WorkerThread "GC Thread#4"                     [id=5908, stack(0x000000186d700000,0x000000186d800000) (1024K)]
  0x000001c7d5a1a8f0 WorkerThread "GC Thread#5"                     [id=11872, stack(0x000000186d800000,0x000000186d900000) (1024K)]
  0x000001c7d5a1ac90 WorkerThread "GC Thread#6"                     [id=11928, stack(0x000000186d900000,0x000000186da00000) (1024K)]
  0x000001c7d5a7de10 WorkerThread "GC Thread#7"                     [id=4388, stack(0x000000186dc00000,0x000000186dd00000) (1024K)]
  0x000001c7da6cc750 WorkerThread "GC Thread#8"                     [id=7440, stack(0x000000186e000000,0x000000186e100000) (1024K)]
  0x000001c7da207180 WorkerThread "GC Thread#9"                     [id=10512, stack(0x000000186e100000,0x000000186e200000) (1024K)]
  0x000001c7da206300 WorkerThread "GC Thread#10"                    [id=19800, stack(0x000000186e200000,0x000000186e300000) (1024K)]
  0x000001c7da206de0 WorkerThread "GC Thread#11"                    [id=14072, stack(0x000000186e600000,0x000000186e700000) (1024K)]
  0x000001c7da2066a0 WorkerThread "GC Thread#12"                    [id=22844, stack(0x000000186e900000,0x000000186ea00000) (1024K)]
Total: 15

Threads with active compile tasks:
C2 CompilerThread0  5653 9110   !   4       lombok.core.FieldAugment$ReflectionFieldAugment::getAndSet (80 bytes)
C1 CompilerThread0  5653 9325       3       org.eclipse.core.internal.preferences.EclipsePreferences::nodeExists (128 bytes)
C2 CompilerThread1  5654 8860 %     4       java.util.Properties::load0 @ 29 (249 bytes)
C2 CompilerThread2  5654 9112       4       lombok.eclipse.handlers.EclipseHandlerUtil::setGeneratedBy (10 bytes)
C2 CompilerThread3  5654 9142       4       lombok.core.AST::buildWithField (21 bytes)
Total: 5

VM state: not at safepoint (normal execution)

VM Mutex/Monitor currently owned by a thread: None

Heap address: 0x0000000080000000, size: 2048 MB, Compressed Oops mode: 32-bit

CDS archive(s) mapped at: [0x000001c793000000-0x000001c793ba0000-0x000001c793ba0000), size 12189696, SharedBaseAddress: 0x000001c793000000, ArchiveRelocationMode: 1.
Compressed class space mapped at: 0x000001c794000000-0x000001c7d4000000, reserved size: 1073741824
Narrow klass base: 0x000001c793000000, Narrow klass shift: 0, Narrow klass range: 0x100000000

GC Precious Log:
 CardTable entry size: 512
 CPUs: 16 total, 16 available
 Memory: 16085M
 Large Page Support: Disabled
 NUMA Support: Disabled
 Compressed Oops: Enabled (32-bit)
 Alignments: Space 512K, Generation 512K, Heap 2M
 Heap Min Capacity: 100M
 Heap Initial Capacity: 100M
 Heap Max Capacity: 2G
 Pre-touch: Disabled
 Parallel Workers: 13

Heap:
 PSYoungGen      total 20992K, used 8661K [0x00000000d5580000, 0x00000000d6c80000, 0x0000000100000000)
  eden space 20480K, 41% used [0x00000000d5580000,0x00000000d5db5570,0x00000000d6980000)
  from space 512K, 50% used [0x00000000d6980000,0x00000000d69c0000,0x00000000d6a00000)
  to   space 1024K, 0% used [0x00000000d6b80000,0x00000000d6b80000,0x00000000d6c80000)
 ParOldGen       total 68608K, used 54016K [0x0000000080000000, 0x0000000084300000, 0x00000000d5580000)
  object space 68608K, 78% used [0x0000000080000000,0x00000000834c0398,0x0000000084300000)
 Metaspace       used 56734K, committed 58112K, reserved 1114112K
  class space    used 6074K, committed 6656K, reserved 1048576K

Card table byte_map: [0x000001c7fa510000,0x000001c7fa920000] _byte_map_base: 0x000001c7fa110000

Marking Bits: (ParMarkBitMap*) 0x00007ffe8a57a340
 Begin Bits: [0x000001c78f000000, 0x000001c791000000)
 End Bits:   [0x000001c791000000, 0x000001c793000000)

Polling page: 0x000001c7f8a20000

Metaspace:

Usage:
  Non-class:     49.49 MB used.
      Class:      5.93 MB used.
       Both:     55.42 MB used.

Virtual space:
  Non-class space:       64.00 MB reserved,      50.31 MB ( 79%) committed,  1 nodes.
      Class space:        1.00 GB reserved,       6.50 MB ( <1%) committed,  1 nodes.
             Both:        1.06 GB reserved,      56.81 MB (  5%) committed. 

Chunk freelists:
   Non-Class:  12.93 MB
       Class:  9.50 MB
        Both:  22.43 MB

MaxMetaspaceSize: unlimited
CompressedClassSpaceSize: 1.00 GB
Initial GC threshold: 21.00 MB
Current GC threshold: 58.38 MB
CDS: on
 - commit_granule_bytes: 65536.
 - commit_granule_words: 8192.
 - virtual_space_node_default_size: 8388608.
 - enlarge_chunks_in_place: 1.
 - use_allocation_guard: 0.


Internal statistics:

num_allocs_failed_limit: 6.
num_arena_births: 1116.
num_arena_deaths: 14.
num_vsnodes_births: 2.
num_vsnodes_deaths: 0.
num_space_committed: 909.
num_space_uncommitted: 0.
num_chunks_returned_to_freelist: 20.
num_chunks_taken_from_freelist: 3657.
num_chunk_merges: 7.
num_chunk_splits: 2343.
num_chunks_enlarged: 1416.
num_inconsistent_stats: 0.

CodeHeap 'non-profiled nmethods': size=119168Kb used=5448Kb max_used=5448Kb free=113719Kb
 bounds [0x000001c787ba0000, 0x000001c788100000, 0x000001c78f000000]
CodeHeap 'profiled nmethods': size=119104Kb used=19775Kb max_used=19775Kb free=99328Kb
 bounds [0x000001c780000000, 0x000001c781350000, 0x000001c787450000]
CodeHeap 'non-nmethods': size=7488Kb used=3100Kb max_used=3162Kb free=4387Kb
 bounds [0x000001c787450000, 0x000001c787770000, 0x000001c787ba0000]
CodeCache: size=245760Kb, used=28323Kb, max_used=28385Kb, free=217434Kb
 total_blobs=9402, nmethods=8691, adapters=614, full_count=0
Compilation: enabled, stopped_count=0, restarted_count=0

Compilation events (20 events):
Event: 5.621 Thread 0x000001c7ffcd6e30 9297       3       java.util.regex.Pattern$BranchConn::study (5 bytes)
Event: 5.622 Thread 0x000001c7ffcd6e30 nmethod 9297 0x000001c781322a10 code [0x000001c781322ba0, 0x000001c781322cb8]
Event: 5.622 Thread 0x000001c7ffcd6e30 9298       1       org.eclipse.core.internal.resources.Workspace::getAliasManager (5 bytes)
Event: 5.622 Thread 0x000001c7ffcd6e30 nmethod 9298 0x000001c7880f0e10 code [0x000001c7880f0fa0, 0x000001c7880f1068]
Event: 5.623 Thread 0x000001c7ffcd4780 9300  s    3       sun.nio.ch.ChannelInputStream::read (77 bytes)
Event: 5.624 Thread 0x000001c7ffcd6e30 9301   !   3       org.eclipse.jdt.internal.compiler.parser.Scanner::getNextCharAsDigit (129 bytes)
Event: 5.624 Thread 0x000001c7da530e40 9302       3       org.eclipse.jdt.internal.compiler.parser.ScannerHelper::isDigit (26 bytes)
Event: 5.624 Thread 0x000001c7ffcd4780 nmethod 9300 0x000001c781322d90 code [0x000001c781322fc0, 0x000001c7813237a0]
Event: 5.624 Thread 0x000001c7ffcd4780 9303       3       org.eclipse.jdt.internal.compiler.parser.Parser::consumeZeroTypeAnnotations (87 bytes)
Event: 5.624 Thread 0x000001c7da530e40 nmethod 9302 0x000001c781323a90 code [0x000001c781323c60, 0x000001c781323e60]
Event: 5.624 Thread 0x000001c7ffcd4780 nmethod 9303 0x000001c781323f90 code [0x000001c781324180, 0x000001c7813249a0]
Event: 5.624 Thread 0x000001c7ffcd6e30 nmethod 9301 0x000001c781324c10 code [0x000001c781324e40, 0x000001c7813255e0]
Event: 5.624 Thread 0x000001c7ffcd6e30 9304       1       org.eclipse.jdt.internal.compiler.ast.TypeReference::getAnnotatableLevels (2 bytes)
Event: 5.624 Thread 0x000001c7ffcd6e30 nmethod 9304 0x000001c7880f1110 code [0x000001c7880f12a0, 0x000001c7880f1368]
Event: 5.624 Thread 0x000001c7ffcd6e30 9305       3       org.eclipse.jdt.internal.compiler.parser.Scanner::resetTo (122 bytes)
Event: 5.625 Thread 0x000001c7ffcd6e30 nmethod 9305 0x000001c781325910 code [0x000001c781325ae0, 0x000001c781325e10]
Event: 5.628 Thread 0x000001c7ffcd4780 9306       3       org.eclipse.jdt.internal.compiler.parser.Scanner::getVanguardParser (97 bytes)
Event: 5.629 Thread 0x000001c7ffcd4780 nmethod 9306 0x000001c781325f10 code [0x000001c781326160, 0x000001c781326bb0]
Event: 5.629 Thread 0x000001c7ffcd4780 9307       3       org.eclipse.jdt.internal.compiler.parser.Scanner::disambiguatedToken (219 bytes)
Event: 5.630 Thread 0x000001c7ffbd4520 9308       3       java.util.IdentityHashMap::put (137 bytes)

GC Heap History (20 events):
Event: 4.348 GC heap before
{Heap before GC invocations=28 (full 2):
 PSYoungGen      total 24576K, used 24452K [0x00000000d5580000, 0x00000000d7300000, 0x0000000100000000)
  eden space 22016K, 100% used [0x00000000d5580000,0x00000000d6b00000,0x00000000d6b00000)
  from space 2560K, 95% used [0x00000000d6b00000,0x00000000d6d61000,0x00000000d6d80000)
  to   space 3584K, 0% used [0x00000000d6f80000,0x00000000d6f80000,0x00000000d7300000)
 ParOldGen       total 68608K, used 40326K [0x0000000080000000, 0x0000000084300000, 0x00000000d5580000)
  object space 68608K, 58% used [0x0000000080000000,0x00000000827619e8,0x0000000084300000)
 Metaspace       used 48485K, committed 49792K, reserved 1114112K
  class space    used 5223K, committed 5824K, reserved 1048576K
}
Event: 4.350 GC heap after
{Heap after GC invocations=28 (full 2):
 PSYoungGen      total 24576K, used 2528K [0x00000000d5580000, 0x00000000d7200000, 0x0000000100000000)
  eden space 22016K, 0% used [0x00000000d5580000,0x00000000d5580000,0x00000000d6b00000)
  from space 2560K, 98% used [0x00000000d6f80000,0x00000000d71f8010,0x00000000d7200000)
  to   space 3072K, 0% used [0x00000000d6c00000,0x00000000d6c00000,0x00000000d6f00000)
 ParOldGen       total 68608K, used 42580K [0x0000000080000000, 0x0000000084300000, 0x00000000d5580000)
  object space 68608K, 62% used [0x0000000080000000,0x0000000082995010,0x0000000084300000)
 Metaspace       used 48485K, committed 49792K, reserved 1114112K
  class space    used 5223K, committed 5824K, reserved 1048576K
}
Event: 4.411 GC heap before
{Heap before GC invocations=29 (full 2):
 PSYoungGen      total 24576K, used 24544K [0x00000000d5580000, 0x00000000d7200000, 0x0000000100000000)
  eden space 22016K, 100% used [0x00000000d5580000,0x00000000d6b00000,0x00000000d6b00000)
  from space 2560K, 98% used [0x00000000d6f80000,0x00000000d71f8010,0x00000000d7200000)
  to   space 3072K, 0% used [0x00000000d6c00000,0x00000000d6c00000,0x00000000d6f00000)
 ParOldGen       total 68608K, used 42580K [0x0000000080000000, 0x0000000084300000, 0x00000000d5580000)
  object space 68608K, 62% used [0x0000000080000000,0x0000000082995010,0x0000000084300000)
 Metaspace       used 48691K, committed 50048K, reserved 1114112K
  class space    used 5241K, committed 5824K, reserved 1048576K
}
Event: 4.415 GC heap after
{Heap after GC invocations=29 (full 2):
 PSYoungGen      total 25088K, used 2776K [0x00000000d5580000, 0x00000000d7100000, 0x0000000100000000)
  eden space 22016K, 0% used [0x00000000d5580000,0x00000000d5580000,0x00000000d6b00000)
  from space 3072K, 90% used [0x00000000d6c00000,0x00000000d6eb6200,0x00000000d6f00000)
  to   space 2048K, 0% used [0x00000000d6f00000,0x00000000d6f00000,0x00000000d7100000)
 ParOldGen       total 68608K, used 44940K [0x0000000080000000, 0x0000000084300000, 0x00000000d5580000)
  object space 68608K, 65% used [0x0000000080000000,0x0000000082be3020,0x0000000084300000)
 Metaspace       used 48691K, committed 50048K, reserved 1114112K
  class space    used 5241K, committed 5824K, reserved 1048576K
}
Event: 4.547 GC heap before
{Heap before GC invocations=30 (full 2):
 PSYoungGen      total 25088K, used 24792K [0x00000000d5580000, 0x00000000d7100000, 0x0000000100000000)
  eden space 22016K, 100% used [0x00000000d5580000,0x00000000d6b00000,0x00000000d6b00000)
  from space 3072K, 90% used [0x00000000d6c00000,0x00000000d6eb6200,0x00000000d6f00000)
  to   space 2048K, 0% used [0x00000000d6f00000,0x00000000d6f00000,0x00000000d7100000)
 ParOldGen       total 68608K, used 44940K [0x0000000080000000, 0x0000000084300000, 0x00000000d5580000)
  object space 68608K, 65% used [0x0000000080000000,0x0000000082be3020,0x0000000084300000)
 Metaspace       used 49054K, committed 50304K, reserved 1114112K
  class space    used 5277K, committed 5824K, reserved 1048576K
}
Event: 4.550 GC heap after
{Heap after GC invocations=30 (full 2):
 PSYoungGen      total 23040K, used 2024K [0x00000000d5580000, 0x00000000d7500000, 0x0000000100000000)
  eden space 20992K, 0% used [0x00000000d5580000,0x00000000d5580000,0x00000000d6a00000)
  from space 2048K, 98% used [0x00000000d6f00000,0x00000000d70fa000,0x00000000d7100000)
  to   space 5120K, 0% used [0x00000000d6a00000,0x00000000d6a00000,0x00000000d6f00000)
 ParOldGen       total 68608K, used 47537K [0x0000000080000000, 0x0000000084300000, 0x00000000d5580000)
  object space 68608K, 69% used [0x0000000080000000,0x0000000082e6c578,0x0000000084300000)
 Metaspace       used 49054K, committed 50304K, reserved 1114112K
  class space    used 5277K, committed 5824K, reserved 1048576K
}
Event: 4.746 GC heap before
{Heap before GC invocations=31 (full 2):
 PSYoungGen      total 23040K, used 23016K [0x00000000d5580000, 0x00000000d7500000, 0x0000000100000000)
  eden space 20992K, 100% used [0x00000000d5580000,0x00000000d6a00000,0x00000000d6a00000)
  from space 2048K, 98% used [0x00000000d6f00000,0x00000000d70fa000,0x00000000d7100000)
  to   space 5120K, 0% used [0x00000000d6a00000,0x00000000d6a00000,0x00000000d6f00000)
 ParOldGen       total 68608K, used 47537K [0x0000000080000000, 0x0000000084300000, 0x00000000d5580000)
  object space 68608K, 69% used [0x0000000080000000,0x0000000082e6c578,0x0000000084300000)
 Metaspace       used 49149K, committed 50432K, reserved 1114112K
  class space    used 5291K, committed 5824K, reserved 1048576K
}
Event: 4.749 GC heap after
{Heap after GC invocations=31 (full 2):
 PSYoungGen      total 22016K, used 640K [0x00000000d5580000, 0x00000000d6f80000, 0x0000000100000000)
  eden space 20992K, 0% used [0x00000000d5580000,0x00000000d5580000,0x00000000d6a00000)
  from space 1024K, 62% used [0x00000000d6a00000,0x00000000d6aa0000,0x00000000d6b00000)
  to   space 2560K, 0% used [0x00000000d6d00000,0x00000000d6d00000,0x00000000d6f80000)
 ParOldGen       total 68608K, used 49589K [0x0000000080000000, 0x0000000084300000, 0x00000000d5580000)
  object space 68608K, 72% used [0x0000000080000000,0x000000008306d588,0x0000000084300000)
 Metaspace       used 49149K, committed 50432K, reserved 1114112K
  class space    used 5291K, committed 5824K, reserved 1048576K
}
Event: 4.956 GC heap before
{Heap before GC invocations=32 (full 2):
 PSYoungGen      total 22016K, used 21605K [0x00000000d5580000, 0x00000000d6f80000, 0x0000000100000000)
  eden space 20992K, 99% used [0x00000000d5580000,0x00000000d69f9610,0x00000000d6a00000)
  from space 1024K, 62% used [0x00000000d6a00000,0x00000000d6aa0000,0x00000000d6b00000)
  to   space 2560K, 0% used [0x00000000d6d00000,0x00000000d6d00000,0x00000000d6f80000)
 ParOldGen       total 68608K, used 49589K [0x0000000080000000, 0x0000000084300000, 0x00000000d5580000)
  object space 68608K, 72% used [0x0000000080000000,0x000000008306d588,0x0000000084300000)
 Metaspace       used 51069K, committed 52480K, reserved 1114112K
  class space    used 5529K, committed 6144K, reserved 1048576K
}
Event: 4.958 GC heap after
{Heap after GC invocations=32 (full 2):
 PSYoungGen      total 23040K, used 1900K [0x00000000d5580000, 0x00000000d6f00000, 0x0000000100000000)
  eden space 20992K, 0% used [0x00000000d5580000,0x00000000d5580000,0x00000000d6a00000)
  from space 2048K, 92% used [0x00000000d6d00000,0x00000000d6edb008,0x00000000d6f00000)
  to   space 2560K, 0% used [0x00000000d6a00000,0x00000000d6a00000,0x00000000d6c80000)
 ParOldGen       total 68608K, used 50005K [0x0000000080000000, 0x0000000084300000, 0x00000000d5580000)
  object space 68608K, 72% used [0x0000000080000000,0x00000000830d5588,0x0000000084300000)
 Metaspace       used 51069K, committed 52480K, reserved 1114112K
  class space    used 5529K, committed 6144K, reserved 1048576K
}
Event: 5.149 GC heap before
{Heap before GC invocations=33 (full 2):
 PSYoungGen      total 23040K, used 22892K [0x00000000d5580000, 0x00000000d6f00000, 0x0000000100000000)
  eden space 20992K, 100% used [0x00000000d5580000,0x00000000d6a00000,0x00000000d6a00000)
  from space 2048K, 92% used [0x00000000d6d00000,0x00000000d6edb008,0x00000000d6f00000)
  to   space 2560K, 0% used [0x00000000d6a00000,0x00000000d6a00000,0x00000000d6c80000)
 ParOldGen       total 68608K, used 50005K [0x0000000080000000, 0x0000000084300000, 0x00000000d5580000)
  object space 68608K, 72% used [0x0000000080000000,0x00000000830d5588,0x0000000084300000)
 Metaspace       used 52241K, committed 53568K, reserved 1114112K
  class space    used 5676K, committed 6272K, reserved 1048576K
}
Event: 5.150 GC heap after
{Heap after GC invocations=33 (full 2):
 PSYoungGen      total 21504K, used 512K [0x00000000d5580000, 0x00000000d6d80000, 0x0000000100000000)
  eden space 20992K, 0% used [0x00000000d5580000,0x00000000d5580000,0x00000000d6a00000)
  from space 512K, 100% used [0x00000000d6a00000,0x00000000d6a80000,0x00000000d6a80000)
  to   space 1536K, 0% used [0x00000000d6c00000,0x00000000d6c00000,0x00000000d6d80000)
 ParOldGen       total 68608K, used 51456K [0x0000000080000000, 0x0000000084300000, 0x00000000d5580000)
  object space 68608K, 75% used [0x0000000080000000,0x0000000083240048,0x0000000084300000)
 Metaspace       used 52241K, committed 53568K, reserved 1114112K
  class space    used 5676K, committed 6272K, reserved 1048576K
}
Event: 5.312 GC heap before
{Heap before GC invocations=34 (full 2):
 PSYoungGen      total 21504K, used 21504K [0x00000000d5580000, 0x00000000d6d80000, 0x0000000100000000)
  eden space 20992K, 100% used [0x00000000d5580000,0x00000000d6a00000,0x00000000d6a00000)
  from space 512K, 100% used [0x00000000d6a00000,0x00000000d6a80000,0x00000000d6a80000)
  to   space 1536K, 0% used [0x00000000d6c00000,0x00000000d6c00000,0x00000000d6d80000)
 ParOldGen       total 68608K, used 51456K [0x0000000080000000, 0x0000000084300000, 0x00000000d5580000)
  object space 68608K, 75% used [0x0000000080000000,0x0000000083240048,0x0000000084300000)
 Metaspace       used 53729K, committed 55104K, reserved 1114112K
  class space    used 5824K, committed 6400K, reserved 1048576K
}
Event: 5.313 GC heap after
{Heap after GC invocations=34 (full 2):
 PSYoungGen      total 22016K, used 736K [0x00000000d5580000, 0x00000000d6d00000, 0x0000000100000000)
  eden space 20992K, 0% used [0x00000000d5580000,0x00000000d5580000,0x00000000d6a00000)
  from space 1024K, 71% used [0x00000000d6c00000,0x00000000d6cb8010,0x00000000d6d00000)
  to   space 1024K, 0% used [0x00000000d6b00000,0x00000000d6b00000,0x00000000d6c00000)
 ParOldGen       total 68608K, used 51752K [0x0000000080000000, 0x0000000084300000, 0x00000000d5580000)
  object space 68608K, 75% used [0x0000000080000000,0x000000008328a048,0x0000000084300000)
 Metaspace       used 53729K, committed 55104K, reserved 1114112K
  class space    used 5824K, committed 6400K, reserved 1048576K
}
Event: 5.465 GC heap before
{Heap before GC invocations=35 (full 2):
 PSYoungGen      total 22016K, used 21728K [0x00000000d5580000, 0x00000000d6d00000, 0x0000000100000000)
  eden space 20992K, 100% used [0x00000000d5580000,0x00000000d6a00000,0x00000000d6a00000)
  from space 1024K, 71% used [0x00000000d6c00000,0x00000000d6cb8010,0x00000000d6d00000)
  to   space 1024K, 0% used [0x00000000d6b00000,0x00000000d6b00000,0x00000000d6c00000)
 ParOldGen       total 68608K, used 51752K [0x0000000080000000, 0x0000000084300000, 0x00000000d5580000)
  object space 68608K, 75% used [0x0000000080000000,0x000000008328a048,0x0000000084300000)
 Metaspace       used 55168K, committed 56576K, reserved 1114112K
  class space    used 5939K, committed 6528K, reserved 1048576K
}
Event: 5.466 GC heap after
{Heap after GC invocations=35 (full 2):
 PSYoungGen      total 22016K, used 640K [0x00000000d5580000, 0x00000000d6c80000, 0x0000000100000000)
  eden space 20992K, 0% used [0x00000000d5580000,0x00000000d5580000,0x00000000d6a00000)
  from space 1024K, 62% used [0x00000000d6b00000,0x00000000d6ba0000,0x00000000d6c00000)
  to   space 512K, 0% used [0x00000000d6c00000,0x00000000d6c00000,0x00000000d6c80000)
 ParOldGen       total 68608K, used 52320K [0x0000000080000000, 0x0000000084300000, 0x00000000d5580000)
  object space 68608K, 76% used [0x0000000080000000,0x0000000083318078,0x0000000084300000)
 Metaspace       used 55168K, committed 56576K, reserved 1114112K
  class space    used 5939K, committed 6528K, reserved 1048576K
}
Event: 5.543 GC heap before
{Heap before GC invocations=36 (full 2):
 PSYoungGen      total 22016K, used 21632K [0x00000000d5580000, 0x00000000d6c80000, 0x0000000100000000)
  eden space 20992K, 100% used [0x00000000d5580000,0x00000000d6a00000,0x00000000d6a00000)
  from space 1024K, 62% used [0x00000000d6b00000,0x00000000d6ba0000,0x00000000d6c00000)
  to   space 512K, 0% used [0x00000000d6c00000,0x00000000d6c00000,0x00000000d6c80000)
 ParOldGen       total 68608K, used 52320K [0x0000000080000000, 0x0000000084300000, 0x00000000d5580000)
  object space 68608K, 76% used [0x0000000080000000,0x0000000083318078,0x0000000084300000)
 Metaspace       used 55520K, committed 57024K, reserved 1114112K
  class space    used 5963K, committed 6592K, reserved 1048576K
}
Event: 5.544 GC heap after
{Heap after GC invocations=36 (full 2):
 PSYoungGen      total 20992K, used 511K [0x00000000d5580000, 0x00000000d6f00000, 0x0000000100000000)
  eden space 20480K, 0% used [0x00000000d5580000,0x00000000d5580000,0x00000000d6980000)
  from space 512K, 99% used [0x00000000d6c00000,0x00000000d6c7ff60,0x00000000d6c80000)
  to   space 2560K, 0% used [0x00000000d6980000,0x00000000d6980000,0x00000000d6c00000)
 ParOldGen       total 68608K, used 53792K [0x0000000080000000, 0x0000000084300000, 0x00000000d5580000)
  object space 68608K, 78% used [0x0000000080000000,0x0000000083488388,0x0000000084300000)
 Metaspace       used 55520K, committed 57024K, reserved 1114112K
  class space    used 5963K, committed 6592K, reserved 1048576K
}
Event: 5.576 GC heap before
{Heap before GC invocations=37 (full 2):
 PSYoungGen      total 20992K, used 20991K [0x00000000d5580000, 0x00000000d6f00000, 0x0000000100000000)
  eden space 20480K, 100% used [0x00000000d5580000,0x00000000d6980000,0x00000000d6980000)
  from space 512K, 99% used [0x00000000d6c00000,0x00000000d6c7ff60,0x00000000d6c80000)
  to   space 2560K, 0% used [0x00000000d6980000,0x00000000d6980000,0x00000000d6c00000)
 ParOldGen       total 68608K, used 53792K [0x0000000080000000, 0x0000000084300000, 0x00000000d5580000)
  object space 68608K, 78% used [0x0000000080000000,0x0000000083488388,0x0000000084300000)
 Metaspace       used 55718K, committed 57216K, reserved 1114112K
  class space    used 5968K, committed 6592K, reserved 1048576K
}
Event: 5.577 GC heap after
{Heap after GC invocations=37 (full 2):
 PSYoungGen      total 20992K, used 256K [0x00000000d5580000, 0x00000000d6c80000, 0x0000000100000000)
  eden space 20480K, 0% used [0x00000000d5580000,0x00000000d5580000,0x00000000d6980000)
  from space 512K, 50% used [0x00000000d6980000,0x00000000d69c0000,0x00000000d6a00000)
  to   space 1024K, 0% used [0x00000000d6b80000,0x00000000d6b80000,0x00000000d6c80000)
 ParOldGen       total 68608K, used 54016K [0x0000000080000000, 0x0000000084300000, 0x00000000d5580000)
  object space 68608K, 78% used [0x0000000080000000,0x00000000834c0398,0x0000000084300000)
 Metaspace       used 55718K, committed 57216K, reserved 1114112K
  class space    used 5968K, committed 6592K, reserved 1048576K
}

Dll operation events (10 events):
Event: 0.004 Loaded shared library c:\Users\OMAR INFO\.windsurf\extensions\redhat.java-1.45.0-win32-x64\jre\21.0.8-win32-x86_64\bin\java.dll
Event: 0.048 Loaded shared library c:\Users\OMAR INFO\.windsurf\extensions\redhat.java-1.45.0-win32-x64\jre\21.0.8-win32-x86_64\bin\zip.dll
Event: 0.062 Loaded shared library C:\Users\OMAR INFO\.windsurf\extensions\redhat.java-1.45.0-win32-x64\jre\21.0.8-win32-x86_64\bin\instrument.dll
Event: 0.065 Loaded shared library C:\Users\OMAR INFO\.windsurf\extensions\redhat.java-1.45.0-win32-x64\jre\21.0.8-win32-x86_64\bin\net.dll
Event: 0.066 Loaded shared library C:\Users\OMAR INFO\.windsurf\extensions\redhat.java-1.45.0-win32-x64\jre\21.0.8-win32-x86_64\bin\nio.dll
Event: 0.067 Loaded shared library C:\Users\OMAR INFO\.windsurf\extensions\redhat.java-1.45.0-win32-x64\jre\21.0.8-win32-x86_64\bin\zip.dll
Event: 0.077 Loaded shared library C:\Users\OMAR INFO\.windsurf\extensions\redhat.java-1.45.0-win32-x64\jre\21.0.8-win32-x86_64\bin\jimage.dll
Event: 0.115 Loaded shared library c:\Users\OMAR INFO\.windsurf\extensions\redhat.java-1.45.0-win32-x64\jre\21.0.8-win32-x86_64\bin\verify.dll
Event: 0.764 Loaded shared library C:\Users\OMAR INFO\AppData\Roaming\Windsurf\User\globalStorage\redhat.java\1.45.0\config_win\org.eclipse.equinox.launcher\org.eclipse.equinox.launcher.win32.win32.x86_64_1.2.1400.v20250801-0854\eclipse_11916.dll
Event: 1.555 Loaded shared library C:\Users\OMAR INFO\AppData\Local\Temp\jna--64980065\jna11486289156949732014.dll

Deoptimization events (20 events):
Event: 5.569 Thread 0x000001c7df21dfb0 DEOPT PACKING pc=0x000001c78043efd9 sp=0x00000018705f9f40
Event: 5.569 Thread 0x000001c7df21dfb0 DEOPT UNPACKING pc=0x000001c7874a78e2 sp=0x00000018705f93c8 mode 0
Event: 5.569 Thread 0x000001c7df21dfb0 DEOPT PACKING pc=0x000001c78043efd9 sp=0x00000018705f9f40
Event: 5.569 Thread 0x000001c7df21dfb0 DEOPT UNPACKING pc=0x000001c7874a78e2 sp=0x00000018705f93c8 mode 0
Event: 5.612 Thread 0x000001c7df21dfb0 Uncommon trap: trap_request=0xffffffde fr.pc=0x000001c7880deb50 relative=0x0000000000000b10
Event: 5.612 Thread 0x000001c7df21dfb0 Uncommon trap: reason=class_check action=maybe_recompile pc=0x000001c7880deb50 method=lombok.eclipse.EclipseNode.traverse(Llombok/eclipse/EclipseASTVisitor;)V @ 357 c2
Event: 5.612 Thread 0x000001c7df21dfb0 DEOPT PACKING pc=0x000001c7880deb50 sp=0x00000018705fdc80
Event: 5.612 Thread 0x000001c7df21dfb0 DEOPT UNPACKING pc=0x000001c7874a6da2 sp=0x00000018705fdc18 mode 2
Event: 5.612 Thread 0x000001c7df21dfb0 Uncommon trap: trap_request=0xffffffde fr.pc=0x000001c7880deb50 relative=0x0000000000000b10
Event: 5.612 Thread 0x000001c7df21dfb0 Uncommon trap: reason=class_check action=maybe_recompile pc=0x000001c7880deb50 method=lombok.eclipse.EclipseNode.traverse(Llombok/eclipse/EclipseASTVisitor;)V @ 357 c2
Event: 5.612 Thread 0x000001c7df21dfb0 DEOPT PACKING pc=0x000001c7880deb50 sp=0x00000018705fdc80
Event: 5.612 Thread 0x000001c7df21dfb0 DEOPT UNPACKING pc=0x000001c7874a6da2 sp=0x00000018705fdc18 mode 2
Event: 5.625 Thread 0x000001c7df21dfb0 Uncommon trap: trap_request=0xfffffff4 fr.pc=0x000001c7880b69f0 relative=0x00000000000001f0
Event: 5.625 Thread 0x000001c7df21dfb0 Uncommon trap: reason=null_check action=make_not_entrant pc=0x000001c7880b69f0 method=lombok.core.configuration.FileSystemSourceCache.ensureContent(Llombok/core/configuration/ConfigurationFile;)Llombok/core/configuration/FileSystemSourceCache$Content; @ 1
Event: 5.625 Thread 0x000001c7df21dfb0 DEOPT PACKING pc=0x000001c7880b69f0 sp=0x00000018705fdac0
Event: 5.625 Thread 0x000001c7df21dfb0 DEOPT UNPACKING pc=0x000001c7874a6da2 sp=0x00000018705fd9f8 mode 2
Event: 5.629 Thread 0x000001c7df21dfb0 Uncommon trap: trap_request=0xffffff45 fr.pc=0x000001c7880c0850 relative=0x00000000000003f0
Event: 5.629 Thread 0x000001c7df21dfb0 Uncommon trap: reason=unstable_if action=reinterpret pc=0x000001c7880c0850 method=java.util.IdentityHashMap.maskNull(Ljava/lang/Object;)Ljava/lang/Object; @ 1 c2
Event: 5.629 Thread 0x000001c7df21dfb0 DEOPT PACKING pc=0x000001c7880c0850 sp=0x00000018705fc610
Event: 5.629 Thread 0x000001c7df21dfb0 DEOPT UNPACKING pc=0x000001c7874a6da2 sp=0x00000018705fc548 mode 2

Classes loaded (20 events):
Event: 4.820 Loading class java/util/Collections$SynchronizedRandomAccessList
Event: 4.821 Loading class java/util/Collections$SynchronizedList
Event: 4.821 Loading class java/util/Collections$SynchronizedList done
Event: 4.821 Loading class java/util/Collections$SynchronizedRandomAccessList done
Event: 4.823 Loading class java/lang/invoke/MethodHandleImpl$CountingWrapper$1
Event: 4.823 Loading class java/lang/invoke/MethodHandleImpl$CountingWrapper$1 done
Event: 4.830 Loading class java/util/concurrent/CompletableFuture$Signaller
Event: 4.830 Loading class java/util/concurrent/CompletableFuture$Signaller done
Event: 5.077 Loading class java/util/Vector$1
Event: 5.077 Loading class java/util/Vector$1 done
Event: 5.206 Loading class java/util/regex/Pattern$Caret
Event: 5.206 Loading class java/util/regex/Pattern$Caret done
Event: 5.328 Loading class java/util/Hashtable$ValueCollection
Event: 5.328 Loading class java/util/Hashtable$ValueCollection done
Event: 5.365 Loading class java/nio/charset/CharacterCodingException
Event: 5.365 Loading class java/nio/charset/CharacterCodingException done
Event: 5.365 Loading class java/io/SequenceInputStream
Event: 5.365 Loading class java/io/SequenceInputStream done
Event: 5.391 Loading class java/util/WeakHashMap$KeyIterator
Event: 5.391 Loading class java/util/WeakHashMap$KeyIterator done

Classes unloaded (7 events):
Event: 1.858 Thread 0x000001c7fe5f2bf0 Unloading class 0x000001c7941ab000 'java/lang/invoke/LambdaForm$MH+0x000001c7941ab000'
Event: 1.858 Thread 0x000001c7fe5f2bf0 Unloading class 0x000001c7941aac00 'java/lang/invoke/LambdaForm$MH+0x000001c7941aac00'
Event: 1.858 Thread 0x000001c7fe5f2bf0 Unloading class 0x000001c7941aa800 'java/lang/invoke/LambdaForm$MH+0x000001c7941aa800'
Event: 1.858 Thread 0x000001c7fe5f2bf0 Unloading class 0x000001c7941aa400 'java/lang/invoke/LambdaForm$MH+0x000001c7941aa400'
Event: 1.858 Thread 0x000001c7fe5f2bf0 Unloading class 0x000001c7941aa000 'java/lang/invoke/LambdaForm$BMH+0x000001c7941aa000'
Event: 1.858 Thread 0x000001c7fe5f2bf0 Unloading class 0x000001c7941a9c00 'java/lang/invoke/LambdaForm$DMH+0x000001c7941a9c00'
Event: 1.858 Thread 0x000001c7fe5f2bf0 Unloading class 0x000001c7941a8800 'java/lang/invoke/LambdaForm$DMH+0x000001c7941a8800'

Classes redefined (0 events):
No events

Internal exceptions (20 events):
Event: 4.654 Thread 0x000001c7da066b10 Exception <a 'sun/nio/fs/WindowsException'{0x00000000d5c157c8}> (0x00000000d5c157c8) 
thrown [s\src\hotspot\share\prims\jni.cpp, line 520]
Event: 4.655 Thread 0x000001c7da066b10 Exception <a 'sun/nio/fs/WindowsException'{0x00000000d5c1abd0}> (0x00000000d5c1abd0) 
thrown [s\src\hotspot\share\prims\jni.cpp, line 520]
Event: 4.655 Thread 0x000001c7da066b10 Exception <a 'sun/nio/fs/WindowsException'{0x00000000d5c1b340}> (0x00000000d5c1b340) 
thrown [s\src\hotspot\share\prims\jni.cpp, line 520]
Event: 4.655 Thread 0x000001c7da066b10 Exception <a 'sun/nio/fs/WindowsException'{0x00000000d5c1bab0}> (0x00000000d5c1bab0) 
thrown [s\src\hotspot\share\prims\jni.cpp, line 520]
Event: 4.655 Thread 0x000001c7da066b10 Exception <a 'sun/nio/fs/WindowsException'{0x00000000d5c1c238}> (0x00000000d5c1c238) 
thrown [s\src\hotspot\share\prims\jni.cpp, line 520]
Event: 4.655 Thread 0x000001c7da066b10 Exception <a 'sun/nio/fs/WindowsException'{0x00000000d5c21388}> (0x00000000d5c21388) 
thrown [s\src\hotspot\share\prims\jni.cpp, line 520]
Event: 4.655 Thread 0x000001c7da066b10 Exception <a 'sun/nio/fs/WindowsException'{0x00000000d5c21ae0}> (0x00000000d5c21ae0) 
thrown [s\src\hotspot\share\prims\jni.cpp, line 520]
Event: 4.655 Thread 0x000001c7da066b10 Exception <a 'sun/nio/fs/WindowsException'{0x00000000d5c22248}> (0x00000000d5c22248) 
thrown [s\src\hotspot\share\prims\jni.cpp, line 520]
Event: 4.655 Thread 0x000001c7da066b10 Exception <a 'sun/nio/fs/WindowsException'{0x00000000d5c229c0}> (0x00000000d5c229c0) 
thrown [s\src\hotspot\share\prims\jni.cpp, line 520]
Event: 4.655 Thread 0x000001c7da066b10 Exception <a 'sun/nio/fs/WindowsException'{0x00000000d5c27c50}> (0x00000000d5c27c50) 
thrown [s\src\hotspot\share\prims\jni.cpp, line 520]
Event: 4.655 Thread 0x000001c7da066b10 Exception <a 'sun/nio/fs/WindowsException'{0x00000000d5c283f8}> (0x00000000d5c283f8) 
thrown [s\src\hotspot\share\prims\jni.cpp, line 520]
Event: 4.655 Thread 0x000001c7da066b10 Exception <a 'sun/nio/fs/WindowsException'{0x00000000d5c28ba8}> (0x00000000d5c28ba8) 
thrown [s\src\hotspot\share\prims\jni.cpp, line 520]
Event: 4.655 Thread 0x000001c7da066b10 Exception <a 'sun/nio/fs/WindowsException'{0x00000000d5c29368}> (0x00000000d5c29368) 
thrown [s\src\hotspot\share\prims\jni.cpp, line 520]
Event: 4.811 Thread 0x000001c7df21dfb0 Implicit null exception at 0x000001c787f41e8f to 0x000001c787f42cd2
Event: 5.301 Thread 0x000001c7df21dfb0 Exception <a 'java/lang/NoSuchMethodError'{0x00000000d6854f00}: 'java.lang.Object java.lang.invoke.DirectMethodHandle$Holder.invokeStatic(java.lang.Object, java.lang.Object, int, int)'> (0x00000000d6854f00) 
thrown [s\src\hotspot\share\interpreter\linkResolver.cpp, line 773]
Event: 5.301 Thread 0x000001c7df21dfb0 Exception <a 'java/lang/NoSuchMethodError'{0x00000000d6859490}: 'java.lang.Object java.lang.invoke.DirectMethodHandle$Holder.invokeSpecial(java.lang.Object, java.lang.Object, java.lang.Object, int, int)'> (0x00000000d6859490) 
thrown [s\src\hotspot\share\interpreter\linkResolver.cpp, line 773]
Event: 5.373 Thread 0x000001c7df21dfb0 Exception <a 'java/io/FileNotFoundException'{0x00000000d5c52e00}> (0x00000000d5c52e00) 
thrown [s\src\hotspot\share\prims\jni.cpp, line 520]
Event: 5.373 Thread 0x000001c7df21dfb0 Exception <a 'java/io/FileNotFoundException'{0x00000000d5c54258}> (0x00000000d5c54258) 
thrown [s\src\hotspot\share\prims\jni.cpp, line 520]
Event: 5.489 Thread 0x000001c7df21dfb0 Implicit null exception at 0x000001c7880d4cb7 to 0x000001c7880d4ec9
Event: 5.629 Thread 0x000001c7df21dfb0 Implicit null exception at 0x000001c7880c04a3 to 0x000001c7880c083c

ZGC Phase Switch (0 events):
No events

VM Operations (20 events):
Event: 4.956 Executing VM operation: ParallelGCFailedAllocation (Allocation Failure)
Event: 4.958 Executing VM operation: ParallelGCFailedAllocation (Allocation Failure) done
Event: 5.149 Executing VM operation: ParallelGCFailedAllocation (Allocation Failure)
Event: 5.150 Executing VM operation: ParallelGCFailedAllocation (Allocation Failure) done
Event: 5.312 Executing VM operation: ParallelGCFailedAllocation (Allocation Failure)
Event: 5.313 Executing VM operation: ParallelGCFailedAllocation (Allocation Failure) done
Event: 5.317 Executing VM operation: HandshakeAllThreads (Deoptimize)
Event: 5.317 Executing VM operation: HandshakeAllThreads (Deoptimize) done
Event: 5.427 Executing VM operation: ICBufferFull
Event: 5.427 Executing VM operation: ICBufferFull done
Event: 5.465 Executing VM operation: ParallelGCFailedAllocation (Allocation Failure)
Event: 5.466 Executing VM operation: ParallelGCFailedAllocation (Allocation Failure) done
Event: 5.488 Executing VM operation: HandshakeAllThreads (Deoptimize)
Event: 5.488 Executing VM operation: HandshakeAllThreads (Deoptimize) done
Event: 5.543 Executing VM operation: ParallelGCFailedAllocation (Allocation Failure)
Event: 5.544 Executing VM operation: ParallelGCFailedAllocation (Allocation Failure) done
Event: 5.576 Executing VM operation: ParallelGCFailedAllocation (Allocation Failure)
Event: 5.577 Executing VM operation: ParallelGCFailedAllocation (Allocation Failure) done
Event: 5.606 Executing VM operation: HandshakeAllThreads (Deoptimize)
Event: 5.606 Executing VM operation: HandshakeAllThreads (Deoptimize) done

Memory protections (0 events):
No events

Nmethod flushes (20 events):
Event: 2.600 Thread 0x000001c7fe5f2bf0 flushing  nmethod 0x000001c7806e0110
Event: 2.600 Thread 0x000001c7fe5f2bf0 flushing  nmethod 0x000001c78070c610
Event: 2.600 Thread 0x000001c7fe5f2bf0 flushing  nmethod 0x000001c78071cb10
Event: 2.600 Thread 0x000001c7fe5f2bf0 flushing  nmethod 0x000001c780723690
Event: 2.600 Thread 0x000001c7fe5f2bf0 flushing  nmethod 0x000001c780755290
Event: 2.600 Thread 0x000001c7fe5f2bf0 flushing  nmethod 0x000001c780755690
Event: 2.600 Thread 0x000001c7fe5f2bf0 flushing  nmethod 0x000001c780755f90
Event: 2.600 Thread 0x000001c7fe5f2bf0 flushing  nmethod 0x000001c780757190
Event: 2.600 Thread 0x000001c7fe5f2bf0 flushing  nmethod 0x000001c780757d90
Event: 2.600 Thread 0x000001c7fe5f2bf0 flushing  nmethod 0x000001c780759a90
Event: 2.600 Thread 0x000001c7fe5f2bf0 flushing  nmethod 0x000001c780759f90
Event: 2.600 Thread 0x000001c7fe5f2bf0 flushing  nmethod 0x000001c78075a890
Event: 2.600 Thread 0x000001c7fe5f2bf0 flushing  nmethod 0x000001c78075bc90
Event: 2.600 Thread 0x000001c7fe5f2bf0 flushing  nmethod 0x000001c78075d710
Event: 2.600 Thread 0x000001c7fe5f2bf0 flushing  nmethod 0x000001c78075f190
Event: 2.600 Thread 0x000001c7fe5f2bf0 flushing  nmethod 0x000001c7807a6a90
Event: 2.600 Thread 0x000001c7fe5f2bf0 flushing  nmethod 0x000001c7807abd10
Event: 2.600 Thread 0x000001c7fe5f2bf0 flushing  nmethod 0x000001c7807cd690
Event: 2.600 Thread 0x000001c7fe5f2bf0 flushing  nmethod 0x000001c78089f890
Event: 2.600 Thread 0x000001c7fe5f2bf0 flushing  nmethod 0x000001c78089fd10

Events (20 events):
Event: 2.472 Thread 0x000001c7fab66a10 Thread added: 0x000001c7ddd90de0
Event: 2.472 Thread 0x000001c7fab66a10 Thread added: 0x000001c7ddd8dff0
Event: 2.491 Thread 0x000001c7fab66a10 Thread added: 0x000001c7ddd89e50
Event: 2.622 Thread 0x000001c7fab66a10 Thread added: 0x000001c7da064a40
Event: 2.622 Thread 0x000001c7fab66a10 Thread added: 0x000001c7df21dfb0
Event: 2.728 Thread 0x000001c7da065760 Thread added: 0x000001c7df222150
Event: 2.728 Thread 0x000001c7da065760 Thread added: 0x000001c7df21cc00
Event: 2.728 Thread 0x000001c7df222150 Thread added: 0x000001c7df221430
Event: 2.729 Thread 0x000001c7df21cc00 Thread added: 0x000001c7df21ecd0
Event: 2.729 Thread 0x000001c7df221430 Thread added: 0x000001c7df21d920
Event: 2.729 Thread 0x000001c7df21ecd0 Thread added: 0x000001c7df220710
Event: 2.729 Thread 0x000001c7df21d920 Thread added: 0x000001c7df21f9f0
Event: 2.729 Thread 0x000001c7df220710 Thread added: 0x000001c7df220da0
Event: 2.729 Thread 0x000001c7df21f9f0 Thread added: 0x000001c7df221ac0
Event: 2.729 Thread 0x000001c7df220da0 Thread added: 0x000001c7df21c570
Event: 2.730 Thread 0x000001c7df221ac0 Thread added: 0x000001c7df21e640
Event: 2.730 Thread 0x000001c7df21c570 Thread added: 0x000001c7df21f360
Event: 2.730 Thread 0x000001c7df21e640 Thread added: 0x000001c7df220080
Event: 2.731 Thread 0x000001c7df21f360 Thread added: 0x000001c7df21b1c0
Event: 2.731 Thread 0x000001c7df220080 Thread added: 0x000001c7df2227e0


Dynamic libraries:
0x00007ff6e3460000 - 0x00007ff6e346e000 	c:\Users\OMAR INFO\.windsurf\extensions\redhat.java-1.45.0-win32-x64\jre\21.0.8-win32-x86_64\bin\java.exe
0x00007ffeec490000 - 0x00007ffeec688000 	C:\Windows\SYSTEM32\ntdll.dll
0x00007ffeea8d0000 - 0x00007ffeea992000 	C:\Windows\System32\KERNEL32.DLL
0x00007ffee9da0000 - 0x00007ffeea096000 	C:\Windows\System32\KERNELBASE.dll
0x00007ffee9b30000 - 0x00007ffee9c30000 	C:\Windows\System32\ucrtbase.dll
0x00007ffee0770000 - 0x00007ffee0788000 	c:\Users\OMAR INFO\.windsurf\extensions\redhat.java-1.45.0-win32-x64\jre\21.0.8-win32-x86_64\bin\jli.dll
0x00007ffede840000 - 0x00007ffede85e000 	c:\Users\OMAR INFO\.windsurf\extensions\redhat.java-1.45.0-win32-x64\jre\21.0.8-win32-x86_64\bin\VCRUNTIME140.dll
0x00007ffeeb4f0000 - 0x00007ffeeb68d000 	C:\Windows\System32\USER32.dll
0x00007ffee9cb0000 - 0x00007ffee9cd2000 	C:\Windows\System32\win32u.dll
0x00007ffeec2f0000 - 0x00007ffeec31b000 	C:\Windows\System32\GDI32.dll
0x00007ffed0400000 - 0x00007ffed069b000 	C:\Windows\WinSxS\amd64_microsoft.windows.common-controls_6595b64144ccf1df_6.0.19041.6280_none_60bc30a171f2f3f3\COMCTL32.dll
0x00007ffeea200000 - 0x00007ffeea319000 	C:\Windows\System32\gdi32full.dll
0x00007ffeeb250000 - 0x00007ffeeb2ee000 	C:\Windows\System32\msvcrt.dll
0x00007ffeea420000 - 0x00007ffeea4bd000 	C:\Windows\System32\msvcp_win.dll
0x00007ffeec380000 - 0x00007ffeec3af000 	C:\Windows\System32\IMM32.DLL
0x00007ffeddc10000 - 0x00007ffeddc1c000 	c:\Users\OMAR INFO\.windsurf\extensions\redhat.java-1.45.0-win32-x64\jre\21.0.8-win32-x86_64\bin\vcruntime140_1.dll
0x00007ffea3a80000 - 0x00007ffea3b0d000 	c:\Users\OMAR INFO\.windsurf\extensions\redhat.java-1.45.0-win32-x64\jre\21.0.8-win32-x86_64\bin\msvcp140.dll
0x00007ffe898c0000 - 0x00007ffe8a657000 	c:\Users\OMAR INFO\.windsurf\extensions\redhat.java-1.45.0-win32-x64\jre\21.0.8-win32-x86_64\bin\server\jvm.dll
0x00007ffeea720000 - 0x00007ffeea7d1000 	C:\Windows\System32\ADVAPI32.dll
0x00007ffeec3b0000 - 0x00007ffeec44f000 	C:\Windows\System32\sechost.dll
0x00007ffeeb370000 - 0x00007ffeeb490000 	C:\Windows\System32\RPCRT4.dll
0x00007ffee9ce0000 - 0x00007ffee9d07000 	C:\Windows\System32\bcrypt.dll
0x00007ffeeb300000 - 0x00007ffeeb36b000 	C:\Windows\System32\WS2_32.dll
0x00007ffee94b0000 - 0x00007ffee94fb000 	C:\Windows\SYSTEM32\POWRPROF.dll
0x00007ffedd940000 - 0x00007ffedd967000 	C:\Windows\SYSTEM32\WINMM.dll
0x00007ffee33f0000 - 0x00007ffee33fa000 	C:\Windows\SYSTEM32\VERSION.dll
0x00007ffee9470000 - 0x00007ffee9482000 	C:\Windows\SYSTEM32\UMPDC.dll
0x00007ffee8360000 - 0x00007ffee8372000 	C:\Windows\SYSTEM32\kernel.appcore.dll
0x00007ffeddc00000 - 0x00007ffeddc0a000 	c:\Users\OMAR INFO\.windsurf\extensions\redhat.java-1.45.0-win32-x64\jre\21.0.8-win32-x86_64\bin\jimage.dll
0x00007ffee7710000 - 0x00007ffee7911000 	C:\Windows\SYSTEM32\DBGHELP.DLL
0x00007ffecc7f0000 - 0x00007ffecc824000 	C:\Windows\SYSTEM32\dbgcore.DLL
0x00007ffee9d10000 - 0x00007ffee9d92000 	C:\Windows\System32\bcryptPrimitives.dll
0x00007ffeba590000 - 0x00007ffeba59f000 	c:\Users\OMAR INFO\.windsurf\extensions\redhat.java-1.45.0-win32-x64\jre\21.0.8-win32-x86_64\bin\instrument.dll
0x00007ffeba520000 - 0x00007ffeba53f000 	c:\Users\OMAR INFO\.windsurf\extensions\redhat.java-1.45.0-win32-x64\jre\21.0.8-win32-x86_64\bin\java.dll
0x00007ffeeb690000 - 0x00007ffeebe00000 	C:\Windows\System32\SHELL32.dll
0x00007ffee7b50000 - 0x00007ffee82f5000 	C:\Windows\SYSTEM32\windows.storage.dll
0x00007ffeebf90000 - 0x00007ffeec2e3000 	C:\Windows\System32\combase.dll
0x00007ffee9410000 - 0x00007ffee943b000 	C:\Windows\SYSTEM32\Wldp.dll
0x00007ffeea800000 - 0x00007ffeea8cd000 	C:\Windows\System32\OLEAUT32.dll
0x00007ffeeb1a0000 - 0x00007ffeeb24d000 	C:\Windows\System32\SHCORE.dll
0x00007ffeebe00000 - 0x00007ffeebe5b000 	C:\Windows\System32\shlwapi.dll
0x00007ffee9a60000 - 0x00007ffee9a84000 	C:\Windows\SYSTEM32\profapi.dll
0x00007ffeb59a0000 - 0x00007ffeb59b8000 	c:\Users\OMAR INFO\.windsurf\extensions\redhat.java-1.45.0-win32-x64\jre\21.0.8-win32-x86_64\bin\zip.dll
0x00007ffeba580000 - 0x00007ffeba590000 	C:\Users\OMAR INFO\.windsurf\extensions\redhat.java-1.45.0-win32-x64\jre\21.0.8-win32-x86_64\bin\net.dll
0x00007ffee20c0000 - 0x00007ffee21ca000 	C:\Windows\SYSTEM32\WINHTTP.dll
0x00007ffee91f0000 - 0x00007ffee925a000 	C:\Windows\system32\mswsock.dll
0x00007ffeb5650000 - 0x00007ffeb5666000 	C:\Users\OMAR INFO\.windsurf\extensions\redhat.java-1.45.0-win32-x64\jre\21.0.8-win32-x86_64\bin\nio.dll
0x00007ffee0800000 - 0x00007ffee0810000 	c:\Users\OMAR INFO\.windsurf\extensions\redhat.java-1.45.0-win32-x64\jre\21.0.8-win32-x86_64\bin\verify.dll
0x00007ffeafb30000 - 0x00007ffeafb74000 	C:\Users\OMAR INFO\AppData\Roaming\Windsurf\User\globalStorage\redhat.java\1.45.0\config_win\org.eclipse.equinox.launcher\org.eclipse.equinox.launcher.win32.win32.x86_64_1.2.1400.v20250801-0854\eclipse_11916.dll
0x00007ffeeaaa0000 - 0x00007ffeeabcb000 	C:\Windows\System32\ole32.dll
0x00007ffee9450000 - 0x00007ffee9468000 	C:\Windows\SYSTEM32\CRYPTSP.dll
0x00007ffee8ad0000 - 0x00007ffee8b08000 	C:\Windows\system32\rsaenh.dll
0x00007ffee99e0000 - 0x00007ffee9a0e000 	C:\Windows\SYSTEM32\USERENV.dll
0x00007ffee9380000 - 0x00007ffee938c000 	C:\Windows\SYSTEM32\CRYPTBASE.dll
0x00007ffee8ef0000 - 0x00007ffee8f2b000 	C:\Windows\SYSTEM32\IPHLPAPI.DLL
0x00007ffeea9a0000 - 0x00007ffeea9a8000 	C:\Windows\System32\NSI.dll
0x00007ffeb5420000 - 0x00007ffeb5469000 	C:\Users\OMAR INFO\AppData\Local\Temp\jna--64980065\jna11486289156949732014.dll
0x00007ffeebe60000 - 0x00007ffeebe68000 	C:\Windows\System32\PSAPI.DLL
0x00007ffee2d80000 - 0x00007ffee2d97000 	C:\Windows\SYSTEM32\dhcpcsvc6.DLL
0x00007ffee2d60000 - 0x00007ffee2d7d000 	C:\Windows\SYSTEM32\dhcpcsvc.DLL

JVMTI agents:
c:\Users\OMAR INFO\.windsurf\extensions\redhat.java-1.45.0-win32-x64\lombok\lombok-1.18.39-4050.jar path:c:\Users\OMAR INFO\.windsurf\extensions\redhat.java-1.45.0-win32-x64\jre\21.0.8-win32-x86_64\bin\instrument.dll, loaded, initialized, instrumentlib options:none

dbghelp: loaded successfully - version: 4.0.5 - missing functions: none
symbol engine: initialized successfully - sym options: 0x614 - pdb path: .;c:\Users\OMAR INFO\.windsurf\extensions\redhat.java-1.45.0-win32-x64\jre\21.0.8-win32-x86_64\bin;C:\Windows\SYSTEM32;C:\Windows\WinSxS\amd64_microsoft.windows.common-controls_6595b64144ccf1df_6.0.19041.6280_none_60bc30a171f2f3f3;c:\Users\OMAR INFO\.windsurf\extensions\redhat.java-1.45.0-win32-x64\jre\21.0.8-win32-x86_64\bin\server;C:\Users\OMAR INFO\AppData\Roaming\Windsurf\User\globalStorage\redhat.java\1.45.0\config_win\org.eclipse.equinox.launcher\org.eclipse.equinox.launcher.win32.win32.x86_64_1.2.1400.v20250801-0854;C:\Users\OMAR INFO\AppData\Local\Temp\jna--64980065

VM Arguments:
jvm_args: --add-modules=ALL-SYSTEM --add-opens=java.base/java.util=ALL-UNNAMED --add-opens=java.base/java.lang=ALL-UNNAMED --add-opens=java.base/sun.nio.fs=ALL-UNNAMED -Declipse.application=org.eclipse.jdt.ls.core.id1 -Dosgi.bundles.defaultStartLevel=4 -Declipse.product=org.eclipse.jdt.ls.core.product -Djava.import.generatesMetadataFilesAtProjectRoot=false -DDetectVMInstallationsJob.disabled=true -Dfile.encoding=utf8 -XX:+UseParallelGC -XX:GCTimeRatio=4 -XX:AdaptiveSizePolicyWeight=90 -Dsun.zip.disableMemoryMapping=true -Xmx2G -Xms100m -Xlog:disable -javaagent:c:\Users\OMAR INFO\.windsurf\extensions\redhat.java-1.45.0-win32-x64\lombok\lombok-1.18.39-4050.jar -XX:+HeapDumpOnOutOfMemoryError -XX:HeapDumpPath=c:\Users\OMAR INFO\AppData\Roaming\Windsurf\User\workspaceStorage\017271f0c0c7557d9833a01acf50ccd7\redhat.java -Daether.dependencyCollector.impl=bf 
java_command: c:\Users\OMAR INFO\.windsurf\extensions\redhat.java-1.45.0-win32-x64\server\plugins\org.eclipse.equinox.launcher_1.7.0.v20250519-0528.jar -configuration c:\Users\OMAR INFO\AppData\Roaming\Windsurf\User\globalStorage\redhat.java\1.45.0\config_win -data c:\Users\OMAR INFO\AppData\Roaming\Windsurf\User\workspaceStorage\017271f0c0c7557d9833a01acf50ccd7\redhat.java\jdt_ws --pipe=\\.\pipe\lsp-ac52e5102fb3f9f9f619a5880c67f320-sock
java_class_path (initial): c:\Users\OMAR INFO\.windsurf\extensions\redhat.java-1.45.0-win32-x64\server\plugins\org.eclipse.equinox.launcher_1.7.0.v20250519-0528.jar
Launcher Type: SUN_STANDARD

[Global flags]
    uintx AdaptiveSizePolicyWeight                 = 90                                        {product} {command line}
     intx CICompilerCount                          = 12                                        {product} {ergonomic}
    uintx GCTimeRatio                              = 4                                         {product} {command line}
     bool HeapDumpOnOutOfMemoryError               = true                                   {manageable} {command line}
    ccstr HeapDumpPath                             = c:\Users\OMAR INFO\AppData\Roaming\Windsurf\User\workspaceStorage\017271f0c0c7557d9833a01acf50ccd7\redhat.java         {manageable} {command line}
   size_t InitialHeapSize                          = 104857600                                 {product} {command line}
   size_t MaxHeapSize                              = 2147483648                                {product} {command line}
   size_t MaxNewSize                               = 715653120                                 {product} {ergonomic}
   size_t MinHeapDeltaBytes                        = 524288                                    {product} {ergonomic}
   size_t MinHeapSize                              = 104857600                                 {product} {command line}
   size_t NewSize                                  = 34603008                                  {product} {ergonomic}
    uintx NonNMethodCodeHeapSize                   = 7602480                                {pd product} {ergonomic}
    uintx NonProfiledCodeHeapSize                  = 122027880                              {pd product} {ergonomic}
   size_t OldSize                                  = 70254592                                  {product} {ergonomic}
    uintx ProfiledCodeHeapSize                     = 122027880                              {pd product} {ergonomic}
    uintx ReservedCodeCacheSize                    = 251658240                              {pd product} {ergonomic}
     bool SegmentedCodeCache                       = true                                      {product} {ergonomic}
   size_t SoftMaxHeapSize                          = 2147483648                             {manageable} {ergonomic}
     bool UseCompressedOops                        = true                           {product lp64_product} {ergonomic}
     bool UseLargePagesIndividualAllocation        = false                                  {pd product} {ergonomic}
     bool UseParallelGC                            = true                                      {product} {command line}

Logging:
Log output configuration:
 #0: stdout all=off uptime,level,tags foldmultilines=false
 #1: stderr all=off uptime,level,tags foldmultilines=false

Environment Variables:
PATH=C:\oraclexe\app\oracle\product\10.2.0\server\bin;C:\ProgramData\Oracle\Java\javapath;C:\Program Files\Common Files\Oracle\Java\javapath;C:\Windows\system32;C:\Windows;C:\Windows\System32\Wbem;C:\Windows\System32\WindowsPowerShell\v1.0\;C:\Windows\System32\OpenSSH\;C:\Program Files\Microsoft SQL Server\150\Tools\Binn\;C:\Program Files\Microsoft SQL Server\Client SDK\ODBC\170\Tools\Binn\;C:\Program Files\dotnet\;C:\Program Files\NVIDIA Corporation\NVIDIA NvDLISR;C:\ProgramData\chocolatey\bin;C:\Program Files (x86)\Microsoft SQL Server\110\Tools\Binn\;C:\Program Files (x86)\Microsoft SQL Server\110\DTS\Binn\;C:\Program Files (x86)\Microsoft SQL Server\110\Tools\Binn\ManagementStudio\;C:\Program Files (x86)\Microsoft Visual Studio 10.0\Common7\IDE\PrivateAssemblies\;C:\Program Files (x86)\NVIDIA Corporation\PhysX\Common;C:\Program Files\nodejs\;C:\Program Files\Git LFS;C:\Program Files\Docker\Docker\resources\bin;C:\Program Files\Git\cmd;C:\Windows\system32\platform-tools;C:\Program Files\MongoDB\Server\8.0\bin;C:\Users\OMAR INFO\AppData\Local\Programs\Python\Python310;C:\Users\OMAR INFO\AppData\Local\Programs\Python\Python310\Scripts;F:\PuTTY\;C:\Users\OMAR INFO\AppData\Local\Programs\Python\Python310\Scripts\;C:\Users\OMAR INFO\AppData\Local\Programs\Python\Python310\;C:\Users\OMAR INFO\AppData\Local\Microsoft\WindowsApps;C:\Users\OMAR INFO\.dotnet\tools;C:\Program Files\JetBrains\IntelliJ IDEA 2023.2.1\bin;;C:\Users\OMAR INFO\AppData\Local\Programs\Microsoft VS Code\bin;C:\Users\OMAR INFO\AppData\Roaming\npm;C:\Users\OMAR INFO\AppData\Local\GitHubDesktop\bin;C:\xampp\php;C:\Users\OMAR INFO\composer;C:\Users\OMAR INFO\AppData\Roaming\Composer\vendor\bin;C:\Program Files (x86)\Microsoft SDKs\Windows\v10.0A\bin\NETFX 4.8 Tools;C:\Users\OMAR INFO\AppData\Local\Programs\Windsurf\bin;
USERNAME=OMAR INFO
OS=Windows_NT
PROCESSOR_IDENTIFIER=Intel64 Family 6 Model 141 Stepping 1, GenuineIntel
TMP=C:\Users\OMARIN~1\AppData\Local\Temp
TEMP=C:\Users\OMARIN~1\AppData\Local\Temp




Periodic native trim disabled

---------------  S Y S T E M  ---------------

OS:
 Windows 10 , 64 bit Build 19041 (10.0.19041.5915)
OS uptime: 7 days 1:05 hours
Hyper-V role detected

CPU: total 16 (initial active 16) (8 cores per cpu, 2 threads per core) family 6 model 141 stepping 1 microcode 0x26, cx8, cmov, fxsr, ht, mmx, 3dnowpref, sse, sse2, sse3, ssse3, sse4.1, sse4.2, popcnt, lzcnt, tsc, tscinvbit, avx, avx2, aes, erms, clmul, bmi1, bmi2, adx, avx512f, avx512dq, avx512cd, avx512bw, avx512vl, sha, fma, vzeroupper, avx512_vpopcntdq, avx512_vpclmulqdq, avx512_vaes, avx512_vnni, clflush, clflushopt, clwb, avx512_vbmi2, avx512_vbmi, hv, rdtscp, rdpid, fsrm, gfni, avx512_bitalg, f16c, cet_ibt, cet_ss, avx512_ifma
Processor Information for the first 16 processors :
  Max Mhz: 2304, Current Mhz: 2304, Mhz Limit: 2304

Memory: 4k page, system-wide physical 16085M (657M free)
TotalPageFile size 23385M (AvailPageFile size 6M)
current process WorkingSet (physical memory assigned to process): 346M, peak: 349M
current process commit charge ("private bytes"): 456M, peak: 458M

vm_info: OpenJDK 64-Bit Server VM (21.0.8+9-LTS) for windows-amd64 JRE (21.0.8+9-LTS), built on 2025-07-15T00:00:00Z by "admin" with MS VC++ 17.7 (VS2022)

END.
