#
# There is insufficient memory for the Java Runtime Environment to continue.
# Native memory allocation (malloc) failed to allocate 1016336 bytes. Error detail: Chunk::new
# Possible reasons:
#   The system is out of physical RAM or swap space
#   This process is running with CompressedOops enabled, and the Java Heap may be blocking the growth of the native heap
# Possible solutions:
#   Reduce memory load on the system
#   Increase physical memory or swap space
#   Check if swap backing store is full
#   Decrease Java heap size (-Xmx/-Xms)
#   Decrease number of Java threads
#   Decrease Java thread stack sizes (-Xss)
#   Set larger code cache with -XX:ReservedCodeCacheSize=
#   JVM is running with Unscaled Compressed Oops mode in which the Java heap is
#     placed in the first 4GB address space. The Java Heap base address is the
#     maximum limit for the native heap growth. Please use -XX:HeapBaseMinAddress
#     to set the Java Heap base and to place the Java Heap above 4GB virtual address.
# This output file may be truncated or incomplete.
#
#  Out of Memory Error (arena.cpp:168), pid=22656, tid=9600
#
# JRE version: OpenJDK Runtime Environment Temurin-21.0.8+9 (21.0.8+9) (build 21.0.8+9-LTS)
# Java VM: OpenJDK 64-Bit Server VM Temurin-21.0.8+9 (21.0.8+9-LTS, mixed mode, sharing, tiered, compressed oops, compressed class ptrs, parallel gc, windows-amd64)
# No core dump will be written. Minidumps are not enabled by default on client versions of Windows
#

---------------  S U M M A R Y ------------

Command Line: --add-modules=ALL-SYSTEM --add-opens=java.base/java.util=ALL-UNNAMED --add-opens=java.base/java.lang=ALL-UNNAMED --add-opens=java.base/sun.nio.fs=ALL-UNNAMED -Declipse.application=org.eclipse.jdt.ls.core.id1 -Dosgi.bundles.defaultStartLevel=4 -Declipse.product=org.eclipse.jdt.ls.core.product -Djava.import.generatesMetadataFilesAtProjectRoot=false -DDetectVMInstallationsJob.disabled=true -Dfile.encoding=utf8 -XX:+UseParallelGC -XX:GCTimeRatio=4 -XX:AdaptiveSizePolicyWeight=90 -Dsun.zip.disableMemoryMapping=true -Xmx2G -Xms100m -Xlog:disable -javaagent:c:\Users\OMAR INFO\.windsurf\extensions\redhat.java-1.45.0-win32-x64\lombok\lombok-1.18.39-4050.jar -XX:+HeapDumpOnOutOfMemoryError -XX:HeapDumpPath=c:\Users\OMAR INFO\AppData\Roaming\Windsurf\User\workspaceStorage\017271f0c0c7557d9833a01acf50ccd7\redhat.java -Daether.dependencyCollector.impl=bf c:\Users\OMAR INFO\.windsurf\extensions\redhat.java-1.45.0-win32-x64\server\plugins\org.eclipse.equinox.launcher_1.7.0.v20250519-0528.jar -configuration c:\Users\OMAR INFO\AppData\Roaming\Windsurf\User\globalStorage\redhat.java\1.45.0\config_win -data c:\Users\OMAR INFO\AppData\Roaming\Windsurf\User\workspaceStorage\017271f0c0c7557d9833a01acf50ccd7\redhat.java\jdt_ws --pipe=\\.\pipe\lsp-25ce0d9bd701a4f5a495f8df8d44479f-sock

Host: 11th Gen Intel(R) Core(TM) i7-11800H @ 2.30GHz, 16 cores, 15G,  Windows 10 , 64 bit Build 19041 (10.0.19041.5915)
Time: Wed Sep 10 13:51:26 2025 Paris, Madrid elapsed time: 11.848288 seconds (0d 0h 0m 11s)

---------------  T H R E A D  ---------------

Current thread (0x000001f234f4ae70):  JavaThread "C2 CompilerThread0" daemon [_thread_in_native, id=9600, stack(0x000000e596c00000,0x000000e596d00000) (1024K)]


Current CompileTask:
C2:11848 8696 %     4       java.util.Properties::load0 @ 29 (249 bytes)

Stack: [0x000000e596c00000,0x000000e596d00000]
Native frames: (J=compiled Java code, j=interpreted, Vv=VM code, C=native code)
V  [jvm.dll+0x6d2449]
V  [jvm.dll+0x8ae341]
V  [jvm.dll+0x8b08be]
V  [jvm.dll+0x8b0fa3]
V  [jvm.dll+0x280c96]
V  [jvm.dll+0xc581d]
V  [jvm.dll+0xc5d53]
V  [jvm.dll+0x2f539d]
V  [jvm.dll+0x5fa00a]
V  [jvm.dll+0x252092]
V  [jvm.dll+0x25244f]
V  [jvm.dll+0x24ad14]
V  [jvm.dll+0x2483a4]
V  [jvm.dll+0x1c89ee]
V  [jvm.dll+0x257d4d]
V  [jvm.dll+0x2562ea]
V  [jvm.dll+0x3f2d16]
V  [jvm.dll+0x857e6b]
V  [jvm.dll+0x6d0b0d]
C  [ucrtbase.dll+0x21bb2]
C  [KERNEL32.DLL+0x17374]
C  [ntdll.dll+0x4cc91]


---------------  P R O C E S S  ---------------

Threads class SMR info:
_java_thread_list=0x000001f2032678f0, length=62, elements={
0x000001f21e4a7810, 0x000001f234f3e470, 0x000001f234f42390, 0x000001f234f44af0,
0x000001f234f47b90, 0x000001f234f495f0, 0x000001f234f4a040, 0x000001f234f4ae70,
0x000001f2776366a0, 0x000001f21e514140, 0x000001f2776d2620, 0x000001f277867a50,
0x000001f2778765f0, 0x000001f27794ea60, 0x000001f27d4f37d0, 0x000001f27d9c8e90,
0x000001f27d91eb80, 0x000001f27d91f5f0, 0x000001f27de6b1d0, 0x000001f27e113850,
0x000001f27e017d50, 0x000001f27e0148d0, 0x000001f27e017030, 0x000001f27e0169a0,
0x000001f27e014f60, 0x000001f27e0155f0, 0x000001f27e015c80, 0x000001f27e016310,
0x000001f27e0176c0, 0x000001f200cfb8a0, 0x000001f200cf4fa0, 0x000001f200cf9e60,
0x000001f200cf7070, 0x000001f200cf69e0, 0x000001f200cf5630, 0x000001f200cf5cc0,
0x000001f200cf97d0, 0x000001f200cfb210, 0x000001f200cf6350, 0x000001f200cfa4f0,
0x000001f200cf9140, 0x000001f200cfab80, 0x000001f200cf4910, 0x000001f200cf7700,
0x000001f200cf7d90, 0x000001f200cf8420, 0x000001f200cf8ab0, 0x000001f202056250,
0x000001f202053460, 0x000001f202053af0, 0x000001f20204ffe0, 0x000001f202054180,
0x000001f202050d00, 0x000001f202052740, 0x000001f202051390, 0x000001f202054ea0,
0x000001f202056f70, 0x000001f202055530, 0x000001f202054810, 0x000001f202051a20,
0x000001f202055bc0, 0x000001f2020568e0
}

Java Threads: ( => current thread )
  0x000001f21e4a7810 JavaThread "main"                              [_thread_blocked, id=16240, stack(0x000000e596200000,0x000000e596300000) (1024K)]
  0x000001f234f3e470 JavaThread "Reference Handler"          daemon [_thread_blocked, id=17516, stack(0x000000e596600000,0x000000e596700000) (1024K)]
  0x000001f234f42390 JavaThread "Finalizer"                  daemon [_thread_blocked, id=2892, stack(0x000000e596700000,0x000000e596800000) (1024K)]
  0x000001f234f44af0 JavaThread "Signal Dispatcher"          daemon [_thread_blocked, id=21760, stack(0x000000e596800000,0x000000e596900000) (1024K)]
  0x000001f234f47b90 JavaThread "Attach Listener"            daemon [_thread_blocked, id=17752, stack(0x000000e596900000,0x000000e596a00000) (1024K)]
  0x000001f234f495f0 JavaThread "Service Thread"             daemon [_thread_blocked, id=5848, stack(0x000000e596a00000,0x000000e596b00000) (1024K)]
  0x000001f234f4a040 JavaThread "Monitor Deflation Thread"   daemon [_thread_blocked, id=19448, stack(0x000000e596b00000,0x000000e596c00000) (1024K)]
=>0x000001f234f4ae70 JavaThread "C2 CompilerThread0"         daemon [_thread_in_native, id=9600, stack(0x000000e596c00000,0x000000e596d00000) (1024K)]
  0x000001f2776366a0 JavaThread "C1 CompilerThread0"         daemon [_thread_blocked, id=23280, stack(0x000000e596d00000,0x000000e596e00000) (1024K)]
  0x000001f21e514140 JavaThread "Common-Cleaner"             daemon [_thread_blocked, id=22400, stack(0x000000e596e00000,0x000000e596f00000) (1024K)]
  0x000001f2776d2620 JavaThread "C1 CompilerThread1"         daemon [_thread_blocked, id=22904, stack(0x000000e596f00000,0x000000e597000000) (1024K)]
  0x000001f277867a50 JavaThread "C1 CompilerThread2"         daemon [_thread_blocked, id=17660, stack(0x000000e597000000,0x000000e597100000) (1024K)]
  0x000001f2778765f0 JavaThread "C1 CompilerThread3"         daemon [_thread_blocked, id=6844, stack(0x000000e597100000,0x000000e597200000) (1024K)]
  0x000001f27794ea60 JavaThread "Notification Thread"        daemon [_thread_blocked, id=22368, stack(0x000000e597400000,0x000000e597500000) (1024K)]
  0x000001f27d4f37d0 JavaThread "Active Thread: Equinox Container: 2fa3f9a1-4cbb-4b9d-a14f-200d5242ee33"        [_thread_blocked, id=19496, stack(0x000000e597c00000,0x000000e597d00000) (1024K)]
  0x000001f27d9c8e90 JavaThread "Refresh Thread: Equinox Container: 2fa3f9a1-4cbb-4b9d-a14f-200d5242ee33" daemon [_thread_blocked, id=16584, stack(0x000000e597e00000,0x000000e597f00000) (1024K)]
  0x000001f27d91eb80 JavaThread "Framework Event Dispatcher: Equinox Container: 2fa3f9a1-4cbb-4b9d-a14f-200d5242ee33" daemon [_thread_blocked, id=18580, stack(0x000000e597f00000,0x000000e598000000) (1024K)]
  0x000001f27d91f5f0 JavaThread "Start Level: Equinox Container: 2fa3f9a1-4cbb-4b9d-a14f-200d5242ee33" daemon [_thread_blocked, id=11992, stack(0x000000e598000000,0x000000e598100000) (1024K)]
  0x000001f27de6b1d0 JavaThread "Bundle File Closer"         daemon [_thread_blocked, id=22788, stack(0x000000e598400000,0x000000e598500000) (1024K)]
  0x000001f27e113850 JavaThread "SCR Component Actor"        daemon [_thread_blocked, id=23160, stack(0x000000e598500000,0x000000e598600000) (1024K)]
  0x000001f27e017d50 JavaThread "Worker-JM"                         [_thread_blocked, id=11972, stack(0x000000e597b00000,0x000000e597c00000) (1024K)]
  0x000001f27e0148d0 JavaThread "JNA Cleaner"                daemon [_thread_blocked, id=7720, stack(0x000000e598900000,0x000000e598a00000) (1024K)]
  0x000001f27e017030 JavaThread "Worker-0"                          [_thread_blocked, id=20080, stack(0x000000e598a00000,0x000000e598b00000) (1024K)]
  0x000001f27e0169a0 JavaThread "Worker-1"                          [_thread_blocked, id=14164, stack(0x000000e598b00000,0x000000e598c00000) (1024K)]
  0x000001f27e014f60 JavaThread "Java indexing"              daemon [_thread_blocked, id=16624, stack(0x000000e598c00000,0x000000e598d00000) (1024K)]
  0x000001f27e0155f0 JavaThread "Worker-2"                          [_thread_blocked, id=19516, stack(0x000000e598f00000,0x000000e599000000) (1024K)]
  0x000001f27e015c80 JavaThread "Worker-3: Initialize workspace"        [_thread_blocked, id=6132, stack(0x000000e599000000,0x000000e599100000) (1024K)]
  0x000001f27e016310 JavaThread "Thread-2"                   daemon [_thread_in_native, id=20132, stack(0x000000e599100000,0x000000e599200000) (1024K)]
  0x000001f27e0176c0 JavaThread "Thread-3"                   daemon [_thread_in_native, id=14540, stack(0x000000e599200000,0x000000e599300000) (1024K)]
  0x000001f200cfb8a0 JavaThread "Thread-4"                   daemon [_thread_in_native, id=16228, stack(0x000000e599300000,0x000000e599400000) (1024K)]
  0x000001f200cf4fa0 JavaThread "Thread-5"                   daemon [_thread_in_native, id=11528, stack(0x000000e599400000,0x000000e599500000) (1024K)]
  0x000001f200cf9e60 JavaThread "Thread-6"                   daemon [_thread_in_native, id=22856, stack(0x000000e599500000,0x000000e599600000) (1024K)]
  0x000001f200cf7070 JavaThread "Thread-7"                   daemon [_thread_in_native, id=2928, stack(0x000000e599600000,0x000000e599700000) (1024K)]
  0x000001f200cf69e0 JavaThread "Thread-8"                   daemon [_thread_in_native, id=7752, stack(0x000000e599700000,0x000000e599800000) (1024K)]
  0x000001f200cf5630 JavaThread "Thread-9"                   daemon [_thread_in_native, id=16196, stack(0x000000e599800000,0x000000e599900000) (1024K)]
  0x000001f200cf5cc0 JavaThread "Thread-10"                  daemon [_thread_in_native, id=15156, stack(0x000000e599900000,0x000000e599a00000) (1024K)]
  0x000001f200cf97d0 JavaThread "Thread-11"                  daemon [_thread_in_native, id=22804, stack(0x000000e599a00000,0x000000e599b00000) (1024K)]
  0x000001f200cfb210 JavaThread "Thread-12"                  daemon [_thread_in_native, id=17220, stack(0x000000e599b00000,0x000000e599c00000) (1024K)]
  0x000001f200cf6350 JavaThread "Thread-13"                  daemon [_thread_in_native, id=15800, stack(0x000000e599c00000,0x000000e599d00000) (1024K)]
  0x000001f200cfa4f0 JavaThread "Thread-14"                  daemon [_thread_in_native, id=17488, stack(0x000000e599d00000,0x000000e599e00000) (1024K)]
  0x000001f200cf9140 JavaThread "Thread-15"                  daemon [_thread_in_native, id=7304, stack(0x000000e599e00000,0x000000e599f00000) (1024K)]
  0x000001f200cfab80 JavaThread "Thread-16"                  daemon [_thread_in_native, id=17784, stack(0x000000e599f00000,0x000000e59a000000) (1024K)]
  0x000001f200cf4910 JavaThread "Thread-17"                  daemon [_thread_in_native, id=13128, stack(0x000000e59a000000,0x000000e59a100000) (1024K)]
  0x000001f200cf7700 JavaThread "Thread-18"                  daemon [_thread_in_native, id=12200, stack(0x000000e59a100000,0x000000e59a200000) (1024K)]
  0x000001f200cf7d90 JavaThread "pool-2-thread-1"                   [_thread_blocked, id=12728, stack(0x000000e59a200000,0x000000e59a300000) (1024K)]
  0x000001f200cf8420 JavaThread "WorkspaceEventsHandler"            [_thread_blocked, id=17560, stack(0x000000e59a600000,0x000000e59a700000) (1024K)]
  0x000001f200cf8ab0 JavaThread "pool-1-thread-1"                   [_thread_in_vm, id=8696, stack(0x000000e59a700000,0x000000e59a800000) (1024K)]
  0x000001f202056250 JavaThread "ForkJoinPool.commonPool-worker-1" daemon [_thread_blocked, id=19612, stack(0x000000e59a900000,0x000000e59aa00000) (1024K)]
  0x000001f202053460 JavaThread "ForkJoinPool.commonPool-worker-2" daemon [_thread_blocked, id=14612, stack(0x000000e59aa00000,0x000000e59ab00000) (1024K)]
  0x000001f202053af0 JavaThread "ForkJoinPool.commonPool-worker-3" daemon [_thread_blocked, id=21584, stack(0x000000e59ab00000,0x000000e59ac00000) (1024K)]
  0x000001f20204ffe0 JavaThread "ForkJoinPool.commonPool-worker-4" daemon [_thread_blocked, id=1460, stack(0x000000e59ac00000,0x000000e59ad00000) (1024K)]
  0x000001f202054180 JavaThread "ForkJoinPool.commonPool-worker-5" daemon [_thread_blocked, id=23408, stack(0x000000e59ad00000,0x000000e59ae00000) (1024K)]
  0x000001f202050d00 JavaThread "ForkJoinPool.commonPool-worker-6" daemon [_thread_blocked, id=11792, stack(0x000000e59ae00000,0x000000e59af00000) (1024K)]
  0x000001f202052740 JavaThread "ForkJoinPool.commonPool-worker-7" daemon [_thread_blocked, id=14352, stack(0x000000e59af00000,0x000000e59b000000) (1024K)]
  0x000001f202051390 JavaThread "ForkJoinPool.commonPool-worker-8" daemon [_thread_blocked, id=18072, stack(0x000000e59b000000,0x000000e59b100000) (1024K)]
  0x000001f202054ea0 JavaThread "ForkJoinPool.commonPool-worker-9" daemon [_thread_blocked, id=4948, stack(0x000000e59b100000,0x000000e59b200000) (1024K)]
  0x000001f202056f70 JavaThread "ForkJoinPool.commonPool-worker-11" daemon [_thread_blocked, id=21032, stack(0x000000e59b200000,0x000000e59b300000) (1024K)]
  0x000001f202055530 JavaThread "ForkJoinPool.commonPool-worker-10" daemon [_thread_blocked, id=17344, stack(0x000000e59b300000,0x000000e59b400000) (1024K)]
  0x000001f202054810 JavaThread "ForkJoinPool.commonPool-worker-12" daemon [_thread_blocked, id=22772, stack(0x000000e59b400000,0x000000e59b500000) (1024K)]
  0x000001f202051a20 JavaThread "ForkJoinPool.commonPool-worker-13" daemon [_thread_blocked, id=18716, stack(0x000000e59b500000,0x000000e59b600000) (1024K)]
  0x000001f202055bc0 JavaThread "ForkJoinPool.commonPool-worker-14" daemon [_thread_blocked, id=544, stack(0x000000e59b600000,0x000000e59b700000) (1024K)]
  0x000001f2020568e0 JavaThread "ForkJoinPool.commonPool-worker-15" daemon [_thread_blocked, id=20372, stack(0x000000e59b700000,0x000000e59b800000) (1024K)]
Total: 62

Other Threads:
  0x000001f21e560750 VMThread "VM Thread"                           [id=23468, stack(0x000000e596500000,0x000000e596600000) (1024K)]
  0x000001f234e2cbe0 WatcherThread "VM Periodic Task Thread"        [id=21292, stack(0x000000e596400000,0x000000e596500000) (1024K)]
  0x000001f21e4c5000 WorkerThread "GC Thread#0"                     [id=20564, stack(0x000000e596300000,0x000000e596400000) (1024K)]
  0x000001f27d65c330 WorkerThread "GC Thread#1"                     [id=12048, stack(0x000000e597500000,0x000000e597600000) (1024K)]
  0x000001f27d65c6d0 WorkerThread "GC Thread#2"                     [id=15612, stack(0x000000e597600000,0x000000e597700000) (1024K)]
  0x000001f27d742330 WorkerThread "GC Thread#3"                     [id=21420, stack(0x000000e597700000,0x000000e597800000) (1024K)]
  0x000001f27d7426d0 WorkerThread "GC Thread#4"                     [id=8000, stack(0x000000e597800000,0x000000e597900000) (1024K)]
  0x000001f27d742a70 WorkerThread "GC Thread#5"                     [id=18940, stack(0x000000e597900000,0x000000e597a00000) (1024K)]
  0x000001f27d372750 WorkerThread "GC Thread#6"                     [id=23360, stack(0x000000e597a00000,0x000000e597b00000) (1024K)]
  0x000001f27d607360 WorkerThread "GC Thread#7"                     [id=22640, stack(0x000000e597d00000,0x000000e597e00000) (1024K)]
  0x000001f27dc76630 WorkerThread "GC Thread#8"                     [id=22116, stack(0x000000e598100000,0x000000e598200000) (1024K)]
  0x000001f27dc75b50 WorkerThread "GC Thread#9"                     [id=7080, stack(0x000000e598200000,0x000000e598300000) (1024K)]
  0x000001f27dc75410 WorkerThread "GC Thread#10"                    [id=22732, stack(0x000000e598300000,0x000000e598400000) (1024K)]
  0x000001f27dc769d0 WorkerThread "GC Thread#11"                    [id=200, stack(0x000000e598700000,0x000000e598800000) (1024K)]
  0x000001f27dc75ef0 WorkerThread "GC Thread#12"                    [id=22436, stack(0x000000e598800000,0x000000e598900000) (1024K)]
Total: 15

Threads with active compile tasks:
C2 CompilerThread0  11881 8696 %     4       java.util.Properties::load0 @ 29 (249 bytes)
Total: 1

VM state: not at safepoint (normal execution)

VM Mutex/Monitor currently owned by a thread: None

Heap address: 0x0000000080000000, size: 2048 MB, Compressed Oops mode: 32-bit

CDS archive(s) mapped at: [0x000001f235000000-0x000001f235ba0000-0x000001f235ba0000), size 12189696, SharedBaseAddress: 0x000001f235000000, ArchiveRelocationMode: 1.
Compressed class space mapped at: 0x000001f236000000-0x000001f276000000, reserved size: 1073741824
Narrow klass base: 0x000001f235000000, Narrow klass shift: 0, Narrow klass range: 0x100000000

GC Precious Log:
 CardTable entry size: 512
 CPUs: 16 total, 16 available
 Memory: 16085M
 Large Page Support: Disabled
 NUMA Support: Disabled
 Compressed Oops: Enabled (32-bit)
 Alignments: Space 512K, Generation 512K, Heap 2M
 Heap Min Capacity: 100M
 Heap Initial Capacity: 100M
 Heap Max Capacity: 2G
 Pre-touch: Disabled
 Parallel Workers: 13

Heap:
 PSYoungGen      total 20480K, used 4156K [0x00000000d5580000, 0x00000000d6c80000, 0x0000000100000000)
  eden space 19456K, 16% used [0x00000000d5580000,0x00000000d589b040,0x00000000d6880000)
  from space 1024K, 95% used [0x00000000d6a80000,0x00000000d6b74020,0x00000000d6b80000)
  to   space 1024K, 0% used [0x00000000d6b80000,0x00000000d6b80000,0x00000000d6c80000)
 ParOldGen       total 68608K, used 52570K [0x0000000080000000, 0x0000000084300000, 0x00000000d5580000)
  object space 68608K, 76% used [0x0000000080000000,0x0000000083356a80,0x0000000084300000)
 Metaspace       used 55244K, committed 56576K, reserved 1114112K
  class space    used 5936K, committed 6528K, reserved 1048576K

Card table byte_map: [0x000001f21de70000,0x000001f21e280000] _byte_map_base: 0x000001f21da70000

Marking Bits: (ParMarkBitMap*) 0x00007ffcc5dfa340
 Begin Bits: [0x000001f230950000, 0x000001f232950000)
 End Bits:   [0x000001f232950000, 0x000001f234950000)

Polling page: 0x000001f21c0e0000

Metaspace:

Usage:
  Non-class:     48.15 MB used.
      Class:      5.80 MB used.
       Both:     53.95 MB used.

Virtual space:
  Non-class space:       64.00 MB reserved,      48.88 MB ( 76%) committed,  1 nodes.
      Class space:        1.00 GB reserved,       6.38 MB ( <1%) committed,  1 nodes.
             Both:        1.06 GB reserved,      55.25 MB (  5%) committed. 

Chunk freelists:
   Non-Class:  14.76 MB
       Class:  9.66 MB
        Both:  24.42 MB

MaxMetaspaceSize: unlimited
CompressedClassSpaceSize: 1.00 GB
Initial GC threshold: 21.00 MB
Current GC threshold: 58.38 MB
CDS: on
 - commit_granule_bytes: 65536.
 - commit_granule_words: 8192.
 - virtual_space_node_default_size: 8388608.
 - enlarge_chunks_in_place: 1.
 - use_allocation_guard: 0.


Internal statistics:

num_allocs_failed_limit: 8.
num_arena_births: 1090.
num_arena_deaths: 14.
num_vsnodes_births: 2.
num_vsnodes_deaths: 0.
num_space_committed: 884.
num_space_uncommitted: 0.
num_chunks_returned_to_freelist: 22.
num_chunks_taken_from_freelist: 3623.
num_chunk_merges: 10.
num_chunk_splits: 2258.
num_chunks_enlarged: 1311.
num_inconsistent_stats: 0.

CodeHeap 'non-profiled nmethods': size=119168Kb used=5091Kb max_used=5091Kb free=114076Kb
 bounds [0x000001f229240000, 0x000001f229740000, 0x000001f2306a0000]
CodeHeap 'profiled nmethods': size=119104Kb used=18119Kb max_used=18119Kb free=100984Kb
 bounds [0x000001f2216a0000, 0x000001f222860000, 0x000001f228af0000]
CodeHeap 'non-nmethods': size=7488Kb used=3097Kb max_used=3157Kb free=4390Kb
 bounds [0x000001f228af0000, 0x000001f228e10000, 0x000001f229240000]
CodeCache: size=245760Kb, used=26307Kb, max_used=26367Kb, free=219450Kb
 total_blobs=8932, nmethods=8224, adapters=611, full_count=0
Compilation: enabled, stopped_count=0, restarted_count=0

Compilation events (20 events):
Event: 11.835 Thread 0x000001f2776d2620 8866       3       org.eclipse.core.filesystem.provider.FileInfo::isSet (16 bytes)
Event: 11.835 Thread 0x000001f2778765f0 nmethod 8865 0x000001f229738710 code [0x000001f2297388a0, 0x000001f229738968]
Event: 11.835 Thread 0x000001f2776d2620 nmethod 8866 0x000001f22284a290 code [0x000001f22284a440, 0x000001f22284a5b8]
Event: 11.836 Thread 0x000001f2776366a0 nmethod 8864 0x000001f22284a690 code [0x000001f22284a9e0, 0x000001f22284be60]
Event: 11.837 Thread 0x000001f2778765f0 8867       1       org.eclipse.core.internal.resources.Resource::getWorkspace (5 bytes)
Event: 11.837 Thread 0x000001f2776366a0 8868       3       java.util.regex.Pattern$SliceNode::study (37 bytes)
Event: 11.837 Thread 0x000001f2778765f0 nmethod 8867 0x000001f229738a10 code [0x000001f229738ba0, 0x000001f229738c68]
Event: 11.837 Thread 0x000001f2778765f0 8869       3       java.util.LinkedList::node (65 bytes)
Event: 11.837 Thread 0x000001f2776d2620 8870       2       org.eclipse.osgi.container.ModuleRevision::getWiring (12 bytes)
Event: 11.837 Thread 0x000001f277867a50 8871       2       org.eclipse.osgi.container.ModuleContainer::getWiring (9 bytes)
Event: 11.837 Thread 0x000001f2776366a0 nmethod 8868 0x000001f22284c610 code [0x000001f22284c7c0, 0x000001f22284c9b8]
Event: 11.837 Thread 0x000001f2776366a0 8872  s    3       org.eclipse.core.internal.resources.ProjectDescription::getFilter (21 bytes)
Event: 11.837 Thread 0x000001f2778765f0 nmethod 8869 0x000001f22284ca90 code [0x000001f22284cc60, 0x000001f22284cf28]
Event: 11.837 Thread 0x000001f2776366a0 nmethod 8872 0x000001f22284d090 code [0x000001f22284d260, 0x000001f22284d688]
Event: 11.838 Thread 0x000001f277867a50 nmethod 8871 0x000001f22284d790 code [0x000001f22284d9a0, 0x000001f22284dce8]
Event: 11.838 Thread 0x000001f2776d2620 nmethod 8870 0x000001f22284e090 code [0x000001f22284e2a0, 0x000001f22284e618]
Event: 11.841 Thread 0x000001f277867a50 8874       3       org.eclipse.jdt.internal.compiler.parser.Parser::pushIdentifier (34 bytes)
Event: 11.841 Thread 0x000001f2778765f0 8875       3       org.eclipse.jdt.internal.compiler.parser.Parser::pushOnIntStack (54 bytes)
Event: 11.841 Thread 0x000001f277867a50 nmethod 8874 0x000001f22284ea10 code [0x000001f22284ebc0, 0x000001f22284ee78]
Event: 11.841 Thread 0x000001f2778765f0 nmethod 8875 0x000001f22284ef90 code [0x000001f22284f140, 0x000001f22284f428]

GC Heap History (20 events):
Event: 8.688 GC heap before
{Heap before GC invocations=26 (full 2):
 PSYoungGen      total 22016K, used 21984K [0x00000000d5580000, 0x00000000d7200000, 0x0000000100000000)
  eden space 20480K, 100% used [0x00000000d5580000,0x00000000d6980000,0x00000000d6980000)
  from space 1536K, 97% used [0x00000000d6f80000,0x00000000d70f8030,0x00000000d7100000)
  to   space 1024K, 0% used [0x00000000d7100000,0x00000000d7100000,0x00000000d7200000)
 ParOldGen       total 68608K, used 36326K [0x0000000080000000, 0x0000000084300000, 0x00000000d5580000)
  object space 68608K, 52% used [0x0000000080000000,0x00000000823799e0,0x0000000084300000)
 Metaspace       used 48412K, committed 49664K, reserved 1114112K
  class space    used 5219K, committed 5760K, reserved 1048576K
}
Event: 8.692 GC heap after
{Heap after GC invocations=26 (full 2):
 PSYoungGen      total 21504K, used 1009K [0x00000000d5580000, 0x00000000d7200000, 0x0000000100000000)
  eden space 20480K, 0% used [0x00000000d5580000,0x00000000d5580000,0x00000000d6980000)
  from space 1024K, 98% used [0x00000000d7100000,0x00000000d71fc400,0x00000000d7200000)
  to   space 4096K, 0% used [0x00000000d6a00000,0x00000000d6a00000,0x00000000d6e00000)
 ParOldGen       total 68608K, used 39158K [0x0000000080000000, 0x0000000084300000, 0x00000000d5580000)
  object space 68608K, 57% used [0x0000000080000000,0x000000008263da20,0x0000000084300000)
 Metaspace       used 48412K, committed 49664K, reserved 1114112K
  class space    used 5219K, committed 5760K, reserved 1048576K
}
Event: 8.817 GC heap before
{Heap before GC invocations=27 (full 2):
 PSYoungGen      total 21504K, used 21489K [0x00000000d5580000, 0x00000000d7200000, 0x0000000100000000)
  eden space 20480K, 100% used [0x00000000d5580000,0x00000000d6980000,0x00000000d6980000)
  from space 1024K, 98% used [0x00000000d7100000,0x00000000d71fc400,0x00000000d7200000)
  to   space 4096K, 0% used [0x00000000d6a00000,0x00000000d6a00000,0x00000000d6e00000)
 ParOldGen       total 68608K, used 39158K [0x0000000080000000, 0x0000000084300000, 0x00000000d5580000)
  object space 68608K, 57% used [0x0000000080000000,0x000000008263da20,0x0000000084300000)
 Metaspace       used 48420K, committed 49664K, reserved 1114112K
  class space    used 5219K, committed 5760K, reserved 1048576K
}
Event: 8.821 GC heap after
{Heap after GC invocations=27 (full 2):
 PSYoungGen      total 24576K, used 2500K [0x00000000d5580000, 0x00000000d7180000, 0x0000000100000000)
  eden space 20480K, 0% used [0x00000000d5580000,0x00000000d5580000,0x00000000d6980000)
  from space 4096K, 61% used [0x00000000d6a00000,0x00000000d6c71000,0x00000000d6e00000)
  to   space 3072K, 0% used [0x00000000d6e80000,0x00000000d6e80000,0x00000000d7180000)
 ParOldGen       total 68608K, used 40137K [0x0000000080000000, 0x0000000084300000, 0x00000000d5580000)
  object space 68608K, 58% used [0x0000000080000000,0x0000000082732708,0x0000000084300000)
 Metaspace       used 48420K, committed 49664K, reserved 1114112K
  class space    used 5219K, committed 5760K, reserved 1048576K
}
Event: 8.918 GC heap before
{Heap before GC invocations=28 (full 2):
 PSYoungGen      total 24576K, used 22980K [0x00000000d5580000, 0x00000000d7180000, 0x0000000100000000)
  eden space 20480K, 100% used [0x00000000d5580000,0x00000000d6980000,0x00000000d6980000)
  from space 4096K, 61% used [0x00000000d6a00000,0x00000000d6c71000,0x00000000d6e00000)
  to   space 3072K, 0% used [0x00000000d6e80000,0x00000000d6e80000,0x00000000d7180000)
 ParOldGen       total 68608K, used 40137K [0x0000000080000000, 0x0000000084300000, 0x00000000d5580000)
  object space 68608K, 58% used [0x0000000080000000,0x0000000082732708,0x0000000084300000)
 Metaspace       used 48425K, committed 49728K, reserved 1114112K
  class space    used 5219K, committed 5760K, reserved 1048576K
}
Event: 8.921 GC heap after
{Heap after GC invocations=28 (full 2):
 PSYoungGen      total 23040K, used 2208K [0x00000000d5580000, 0x00000000d7100000, 0x0000000100000000)
  eden space 20480K, 0% used [0x00000000d5580000,0x00000000d5580000,0x00000000d6980000)
  from space 2560K, 86% used [0x00000000d6e80000,0x00000000d70a8000,0x00000000d7100000)
  to   space 2560K, 0% used [0x00000000d6c00000,0x00000000d6c00000,0x00000000d6e80000)
 ParOldGen       total 68608K, used 42501K [0x0000000080000000, 0x0000000084300000, 0x00000000d5580000)
  object space 68608K, 61% used [0x0000000080000000,0x00000000829816e0,0x0000000084300000)
 Metaspace       used 48425K, committed 49728K, reserved 1114112K
  class space    used 5219K, committed 5760K, reserved 1048576K
}
Event: 9.052 GC heap before
{Heap before GC invocations=29 (full 2):
 PSYoungGen      total 23040K, used 22688K [0x00000000d5580000, 0x00000000d7100000, 0x0000000100000000)
  eden space 20480K, 100% used [0x00000000d5580000,0x00000000d6980000,0x00000000d6980000)
  from space 2560K, 86% used [0x00000000d6e80000,0x00000000d70a8000,0x00000000d7100000)
  to   space 2560K, 0% used [0x00000000d6c00000,0x00000000d6c00000,0x00000000d6e80000)
 ParOldGen       total 68608K, used 42501K [0x0000000080000000, 0x0000000084300000, 0x00000000d5580000)
  object space 68608K, 61% used [0x0000000080000000,0x00000000829816e0,0x0000000084300000)
 Metaspace       used 48455K, committed 49792K, reserved 1114112K
  class space    used 5220K, committed 5824K, reserved 1048576K
}
Event: 9.055 GC heap after
{Heap after GC invocations=29 (full 2):
 PSYoungGen      total 23040K, used 2336K [0x00000000d5580000, 0x00000000d6f00000, 0x0000000100000000)
  eden space 20480K, 0% used [0x00000000d5580000,0x00000000d5580000,0x00000000d6980000)
  from space 2560K, 91% used [0x00000000d6c00000,0x00000000d6e48010,0x00000000d6e80000)
  to   space 512K, 0% used [0x00000000d6e80000,0x00000000d6e80000,0x00000000d6f00000)
 ParOldGen       total 68608K, used 44533K [0x0000000080000000, 0x0000000084300000, 0x00000000d5580000)
  object space 68608K, 64% used [0x0000000080000000,0x0000000082b7d6e0,0x0000000084300000)
 Metaspace       used 48455K, committed 49792K, reserved 1114112K
  class space    used 5220K, committed 5824K, reserved 1048576K
}
Event: 9.303 GC heap before
{Heap before GC invocations=30 (full 2):
 PSYoungGen      total 23040K, used 22816K [0x00000000d5580000, 0x00000000d6f00000, 0x0000000100000000)
  eden space 20480K, 100% used [0x00000000d5580000,0x00000000d6980000,0x00000000d6980000)
  from space 2560K, 91% used [0x00000000d6c00000,0x00000000d6e48010,0x00000000d6e80000)
  to   space 512K, 0% used [0x00000000d6e80000,0x00000000d6e80000,0x00000000d6f00000)
 ParOldGen       total 68608K, used 44533K [0x0000000080000000, 0x0000000084300000, 0x00000000d5580000)
  object space 68608K, 64% used [0x0000000080000000,0x0000000082b7d6e0,0x0000000084300000)
 Metaspace       used 48731K, committed 49984K, reserved 1114112K
  class space    used 5247K, committed 5824K, reserved 1048576K
}
Event: 9.308 GC heap after
{Heap after GC invocations=30 (full 2):
 PSYoungGen      total 19968K, used 512K [0x00000000d5580000, 0x00000000d7580000, 0x0000000100000000)
  eden space 19456K, 0% used [0x00000000d5580000,0x00000000d5580000,0x00000000d6880000)
  from space 512K, 100% used [0x00000000d6e80000,0x00000000d6f00000,0x00000000d6f00000)
  to   space 6144K, 0% used [0x00000000d6880000,0x00000000d6880000,0x00000000d6e80000)
 ParOldGen       total 68608K, used 49508K [0x0000000080000000, 0x0000000084300000, 0x00000000d5580000)
  object space 68608K, 72% used [0x0000000080000000,0x00000000830592d8,0x0000000084300000)
 Metaspace       used 48731K, committed 49984K, reserved 1114112K
  class space    used 5247K, committed 5824K, reserved 1048576K
}
Event: 9.824 GC heap before
{Heap before GC invocations=31 (full 2):
 PSYoungGen      total 19968K, used 19968K [0x00000000d5580000, 0x00000000d7580000, 0x0000000100000000)
  eden space 19456K, 100% used [0x00000000d5580000,0x00000000d6880000,0x00000000d6880000)
  from space 512K, 100% used [0x00000000d6e80000,0x00000000d6f00000,0x00000000d6f00000)
  to   space 6144K, 0% used [0x00000000d6880000,0x00000000d6880000,0x00000000d6e80000)
 ParOldGen       total 68608K, used 49508K [0x0000000080000000, 0x0000000084300000, 0x00000000d5580000)
  object space 68608K, 72% used [0x0000000080000000,0x00000000830592d8,0x0000000084300000)
 Metaspace       used 49052K, committed 50368K, reserved 1114112K
  class space    used 5274K, committed 5824K, reserved 1048576K
}
Event: 9.826 GC heap after
{Heap after GC invocations=31 (full 2):
 PSYoungGen      total 20480K, used 864K [0x00000000d5580000, 0x00000000d6f00000, 0x0000000100000000)
  eden space 19456K, 0% used [0x00000000d5580000,0x00000000d5580000,0x00000000d6880000)
  from space 1024K, 84% used [0x00000000d6880000,0x00000000d6958000,0x00000000d6980000)
  to   space 2560K, 0% used [0x00000000d6c80000,0x00000000d6c80000,0x00000000d6f00000)
 ParOldGen       total 68608K, used 50060K [0x0000000080000000, 0x0000000084300000, 0x00000000d5580000)
  object space 68608K, 72% used [0x0000000080000000,0x00000000830e32d8,0x0000000084300000)
 Metaspace       used 49052K, committed 50368K, reserved 1114112K
  class space    used 5274K, committed 5824K, reserved 1048576K
}
Event: 10.455 GC heap before
{Heap before GC invocations=32 (full 2):
 PSYoungGen      total 20480K, used 20319K [0x00000000d5580000, 0x00000000d6f00000, 0x0000000100000000)
  eden space 19456K, 99% used [0x00000000d5580000,0x00000000d687fc90,0x00000000d6880000)
  from space 1024K, 84% used [0x00000000d6880000,0x00000000d6958000,0x00000000d6980000)
  to   space 2560K, 0% used [0x00000000d6c80000,0x00000000d6c80000,0x00000000d6f00000)
 ParOldGen       total 68608K, used 50060K [0x0000000080000000, 0x0000000084300000, 0x00000000d5580000)
  object space 68608K, 72% used [0x0000000080000000,0x00000000830e32d8,0x0000000084300000)
 Metaspace       used 50823K, committed 52096K, reserved 1114112K
  class space    used 5485K, committed 6080K, reserved 1048576K
}
Event: 10.457 GC heap after
{Heap after GC invocations=32 (full 2):
 PSYoungGen      total 20992K, used 1277K [0x00000000d5580000, 0x00000000d6e00000, 0x0000000100000000)
  eden space 19456K, 0% used [0x00000000d5580000,0x00000000d5580000,0x00000000d6880000)
  from space 1536K, 83% used [0x00000000d6c80000,0x00000000d6dbf720,0x00000000d6e00000)
  to   space 1536K, 0% used [0x00000000d6b00000,0x00000000d6b00000,0x00000000d6c80000)
 ParOldGen       total 68608K, used 50808K [0x0000000080000000, 0x0000000084300000, 0x00000000d5580000)
  object space 68608K, 74% used [0x0000000080000000,0x000000008319e308,0x0000000084300000)
 Metaspace       used 50823K, committed 52096K, reserved 1114112K
  class space    used 5485K, committed 6080K, reserved 1048576K
}
Event: 11.092 GC heap before
{Heap before GC invocations=33 (full 2):
 PSYoungGen      total 20992K, used 20733K [0x00000000d5580000, 0x00000000d6e00000, 0x0000000100000000)
  eden space 19456K, 100% used [0x00000000d5580000,0x00000000d6880000,0x00000000d6880000)
  from space 1536K, 83% used [0x00000000d6c80000,0x00000000d6dbf720,0x00000000d6e00000)
  to   space 1536K, 0% used [0x00000000d6b00000,0x00000000d6b00000,0x00000000d6c80000)
 ParOldGen       total 68608K, used 50808K [0x0000000080000000, 0x0000000084300000, 0x00000000d5580000)
  object space 68608K, 74% used [0x0000000080000000,0x000000008319e308,0x0000000084300000)
 Metaspace       used 51980K, committed 53312K, reserved 1114112K
  class space    used 5637K, committed 6208K, reserved 1048576K
}
Event: 11.094 GC heap after
{Heap after GC invocations=33 (full 2):
 PSYoungGen      total 19968K, used 512K [0x00000000d5580000, 0x00000000d6d00000, 0x0000000100000000)
  eden space 19456K, 0% used [0x00000000d5580000,0x00000000d5580000,0x00000000d6880000)
  from space 512K, 100% used [0x00000000d6b00000,0x00000000d6b80000,0x00000000d6b80000)
  to   space 1024K, 0% used [0x00000000d6c00000,0x00000000d6c00000,0x00000000d6d00000)
 ParOldGen       total 68608K, used 51946K [0x0000000080000000, 0x0000000084300000, 0x00000000d5580000)
  object space 68608K, 75% used [0x0000000080000000,0x00000000832baa80,0x0000000084300000)
 Metaspace       used 51980K, committed 53312K, reserved 1114112K
  class space    used 5637K, committed 6208K, reserved 1048576K
}
Event: 11.459 GC heap before
{Heap before GC invocations=34 (full 2):
 PSYoungGen      total 19968K, used 19942K [0x00000000d5580000, 0x00000000d6d00000, 0x0000000100000000)
  eden space 19456K, 99% used [0x00000000d5580000,0x00000000d68798d8,0x00000000d6880000)
  from space 512K, 100% used [0x00000000d6b00000,0x00000000d6b80000,0x00000000d6b80000)
  to   space 1024K, 0% used [0x00000000d6c00000,0x00000000d6c00000,0x00000000d6d00000)
 ParOldGen       total 68608K, used 51946K [0x0000000080000000, 0x0000000084300000, 0x00000000d5580000)
  object space 68608K, 75% used [0x0000000080000000,0x00000000832baa80,0x0000000084300000)
 Metaspace       used 53273K, committed 54592K, reserved 1114112K
  class space    used 5774K, committed 6336K, reserved 1048576K
}
Event: 11.460 GC heap after
{Heap after GC invocations=34 (full 2):
 PSYoungGen      total 19968K, used 480K [0x00000000d5580000, 0x00000000d6c80000, 0x0000000100000000)
  eden space 19456K, 0% used [0x00000000d5580000,0x00000000d5580000,0x00000000d6880000)
  from space 512K, 93% used [0x00000000d6c00000,0x00000000d6c78000,0x00000000d6c80000)
  to   space 1024K, 0% used [0x00000000d6a80000,0x00000000d6a80000,0x00000000d6b80000)
 ParOldGen       total 68608K, used 52242K [0x0000000080000000, 0x0000000084300000, 0x00000000d5580000)
  object space 68608K, 76% used [0x0000000080000000,0x0000000083304a80,0x0000000084300000)
 Metaspace       used 53273K, committed 54592K, reserved 1114112K
  class space    used 5774K, committed 6336K, reserved 1048576K
}
Event: 11.822 GC heap before
{Heap before GC invocations=35 (full 2):
 PSYoungGen      total 19968K, used 19936K [0x00000000d5580000, 0x00000000d6c80000, 0x0000000100000000)
  eden space 19456K, 100% used [0x00000000d5580000,0x00000000d6880000,0x00000000d6880000)
  from space 512K, 93% used [0x00000000d6c00000,0x00000000d6c78000,0x00000000d6c80000)
  to   space 1024K, 0% used [0x00000000d6a80000,0x00000000d6a80000,0x00000000d6b80000)
 ParOldGen       total 68608K, used 52242K [0x0000000080000000, 0x0000000084300000, 0x00000000d5580000)
  object space 68608K, 76% used [0x0000000080000000,0x0000000083304a80,0x0000000084300000)
 Metaspace       used 54949K, committed 56320K, reserved 1114112K
  class space    used 5915K, committed 6528K, reserved 1048576K
}
Event: 11.824 GC heap after
{Heap after GC invocations=35 (full 2):
 PSYoungGen      total 20480K, used 976K [0x00000000d5580000, 0x00000000d6c80000, 0x0000000100000000)
  eden space 19456K, 0% used [0x00000000d5580000,0x00000000d5580000,0x00000000d6880000)
  from space 1024K, 95% used [0x00000000d6a80000,0x00000000d6b74020,0x00000000d6b80000)
  to   space 1024K, 0% used [0x00000000d6b80000,0x00000000d6b80000,0x00000000d6c80000)
 ParOldGen       total 68608K, used 52570K [0x0000000080000000, 0x0000000084300000, 0x00000000d5580000)
  object space 68608K, 76% used [0x0000000080000000,0x0000000083356a80,0x0000000084300000)
 Metaspace       used 54949K, committed 56320K, reserved 1114112K
  class space    used 5915K, committed 6528K, reserved 1048576K
}

Dll operation events (10 events):
Event: 0.009 Loaded shared library c:\Users\OMAR INFO\.windsurf\extensions\redhat.java-1.45.0-win32-x64\jre\21.0.8-win32-x86_64\bin\java.dll
Event: 0.148 Loaded shared library c:\Users\OMAR INFO\.windsurf\extensions\redhat.java-1.45.0-win32-x64\jre\21.0.8-win32-x86_64\bin\zip.dll
Event: 0.173 Loaded shared library C:\Users\OMAR INFO\.windsurf\extensions\redhat.java-1.45.0-win32-x64\jre\21.0.8-win32-x86_64\bin\instrument.dll
Event: 0.181 Loaded shared library C:\Users\OMAR INFO\.windsurf\extensions\redhat.java-1.45.0-win32-x64\jre\21.0.8-win32-x86_64\bin\net.dll
Event: 0.185 Loaded shared library C:\Users\OMAR INFO\.windsurf\extensions\redhat.java-1.45.0-win32-x64\jre\21.0.8-win32-x86_64\bin\nio.dll
Event: 0.198 Loaded shared library C:\Users\OMAR INFO\.windsurf\extensions\redhat.java-1.45.0-win32-x64\jre\21.0.8-win32-x86_64\bin\zip.dll
Event: 0.229 Loaded shared library C:\Users\OMAR INFO\.windsurf\extensions\redhat.java-1.45.0-win32-x64\jre\21.0.8-win32-x86_64\bin\jimage.dll
Event: 0.324 Loaded shared library c:\Users\OMAR INFO\.windsurf\extensions\redhat.java-1.45.0-win32-x64\jre\21.0.8-win32-x86_64\bin\verify.dll
Event: 1.365 Loaded shared library C:\Users\OMAR INFO\AppData\Roaming\Windsurf\User\globalStorage\redhat.java\1.45.0\config_win\org.eclipse.equinox.launcher\org.eclipse.equinox.launcher.win32.win32.x86_64_1.2.1400.v20250801-0854\eclipse_11916.dll
Event: 2.687 Loaded shared library C:\Users\OMAR INFO\AppData\Local\Temp\jna--64980065\jna6001114046088289868.dll

Deoptimization events (20 events):
Event: 11.803 Thread 0x000001f200cf8ab0 Uncommon trap: trap_request=0xffffff45 fr.pc=0x000001f22957e798 relative=0x00000000000003b8
Event: 11.803 Thread 0x000001f200cf8ab0 Uncommon trap: reason=unstable_if action=reinterpret pc=0x000001f22957e798 method=java.util.HashMap.removeNode(ILjava/lang/Object;Ljava/lang/Object;ZZ)Ljava/util/HashMap$Node; @ 211 c2
Event: 11.803 Thread 0x000001f200cf8ab0 DEOPT PACKING pc=0x000001f22957e798 sp=0x000000e59a7fe380
Event: 11.803 Thread 0x000001f200cf8ab0 DEOPT UNPACKING pc=0x000001f228b46da2 sp=0x000000e59a7fe320 mode 2
Event: 11.803 Thread 0x000001f200cf8ab0 Uncommon trap: trap_request=0xffffff45 fr.pc=0x000001f2292e3ba8 relative=0x0000000000000148
Event: 11.803 Thread 0x000001f200cf8ab0 Uncommon trap: reason=unstable_if action=reinterpret pc=0x000001f2292e3ba8 method=java.util.HashMap.getNode(Ljava/lang/Object;)Ljava/util/HashMap$Node; @ 66 c2
Event: 11.803 Thread 0x000001f200cf8ab0 DEOPT PACKING pc=0x000001f2292e3ba8 sp=0x000000e59a7fe440
Event: 11.803 Thread 0x000001f200cf8ab0 DEOPT UNPACKING pc=0x000001f228b46da2 sp=0x000000e59a7fe340 mode 2
Event: 11.803 Thread 0x000001f200cf8ab0 Uncommon trap: trap_request=0xffffff45 fr.pc=0x000001f2292e33a8 relative=0x0000000000000148
Event: 11.803 Thread 0x000001f200cf8ab0 Uncommon trap: reason=unstable_if action=reinterpret pc=0x000001f2292e33a8 method=java.util.HashMap.getNode(Ljava/lang/Object;)Ljava/util/HashMap$Node; @ 66 c2
Event: 11.803 Thread 0x000001f200cf8ab0 DEOPT PACKING pc=0x000001f2292e33a8 sp=0x000000e59a7fe3c0
Event: 11.803 Thread 0x000001f200cf8ab0 DEOPT UNPACKING pc=0x000001f228b46da2 sp=0x000000e59a7fe340 mode 2
Event: 11.827 Thread 0x000001f200cf8ab0 Uncommon trap: trap_request=0xffffff45 fr.pc=0x000001f22965fbd8 relative=0x0000000000000a38
Event: 11.827 Thread 0x000001f200cf8ab0 Uncommon trap: reason=unstable_if action=reinterpret pc=0x000001f22965fbd8 method=org.eclipse.jdt.internal.core.util.WeakHashSet.cleanupGarbageCollectedValues()V @ 140 c2
Event: 11.827 Thread 0x000001f200cf8ab0 DEOPT PACKING pc=0x000001f22965fbd8 sp=0x000000e59a7fe1f0
Event: 11.827 Thread 0x000001f200cf8ab0 DEOPT UNPACKING pc=0x000001f228b46da2 sp=0x000000e59a7fe0f8 mode 2
Event: 11.831 Thread 0x000001f200cf8ab0 Uncommon trap: trap_request=0xffffff45 fr.pc=0x000001f229281634 relative=0x00000000000002f4
Event: 11.831 Thread 0x000001f200cf8ab0 Uncommon trap: reason=unstable_if action=reinterpret pc=0x000001f229281634 method=java.lang.AbstractStringBuilder.appendChars([CII)V @ 10 c2
Event: 11.831 Thread 0x000001f200cf8ab0 DEOPT PACKING pc=0x000001f229281634 sp=0x000000e59a7fe8f0
Event: 11.831 Thread 0x000001f200cf8ab0 DEOPT UNPACKING pc=0x000001f228b46da2 sp=0x000000e59a7fe868 mode 2

Classes loaded (20 events):
Event: 10.042 Loading class java/lang/invoke/MethodHandleImpl$CountingWrapper$1
Event: 10.042 Loading class java/lang/invoke/MethodHandleImpl$CountingWrapper$1 done
Event: 10.048 Loading class java/util/Collections$SynchronizedRandomAccessList
Event: 10.049 Loading class java/util/Collections$SynchronizedList
Event: 10.049 Loading class java/util/Collections$SynchronizedList done
Event: 10.049 Loading class java/util/Collections$SynchronizedRandomAccessList done
Event: 10.073 Loading class java/util/concurrent/CompletableFuture$Signaller
Event: 10.073 Loading class java/util/concurrent/CompletableFuture$Signaller done
Event: 10.899 Loading class java/util/Vector$1
Event: 10.899 Loading class java/util/Vector$1 done
Event: 11.268 Loading class java/util/regex/Pattern$Caret
Event: 11.268 Loading class java/util/regex/Pattern$Caret done
Event: 11.578 Loading class java/util/Hashtable$ValueCollection
Event: 11.578 Loading class java/util/Hashtable$ValueCollection done
Event: 11.696 Loading class java/nio/charset/CharacterCodingException
Event: 11.697 Loading class java/nio/charset/CharacterCodingException done
Event: 11.697 Loading class java/io/SequenceInputStream
Event: 11.697 Loading class java/io/SequenceInputStream done
Event: 11.748 Loading class java/util/WeakHashMap$KeyIterator
Event: 11.748 Loading class java/util/WeakHashMap$KeyIterator done

Classes unloaded (7 events):
Event: 3.327 Thread 0x000001f21e560750 Unloading class 0x000001f2361a5000 'java/lang/invoke/LambdaForm$MH+0x000001f2361a5000'
Event: 3.327 Thread 0x000001f21e560750 Unloading class 0x000001f2361a4c00 'java/lang/invoke/LambdaForm$MH+0x000001f2361a4c00'
Event: 3.327 Thread 0x000001f21e560750 Unloading class 0x000001f2361a4800 'java/lang/invoke/LambdaForm$MH+0x000001f2361a4800'
Event: 3.327 Thread 0x000001f21e560750 Unloading class 0x000001f2361a4400 'java/lang/invoke/LambdaForm$MH+0x000001f2361a4400'
Event: 3.327 Thread 0x000001f21e560750 Unloading class 0x000001f2361a4000 'java/lang/invoke/LambdaForm$BMH+0x000001f2361a4000'
Event: 3.327 Thread 0x000001f21e560750 Unloading class 0x000001f2361a3c00 'java/lang/invoke/LambdaForm$DMH+0x000001f2361a3c00'
Event: 3.327 Thread 0x000001f21e560750 Unloading class 0x000001f2361a2800 'java/lang/invoke/LambdaForm$DMH+0x000001f2361a2800'

Classes redefined (0 events):
No events

Internal exceptions (20 events):
Event: 9.832 Thread 0x000001f27e017030 Exception <a 'sun/nio/fs/WindowsException'{0x00000000d55a8878}> (0x00000000d55a8878) 
thrown [s\src\hotspot\share\prims\jni.cpp, line 520]
Event: 9.833 Thread 0x000001f27e017030 Exception <a 'sun/nio/fs/WindowsException'{0x00000000d55ad068}> (0x00000000d55ad068) 
thrown [s\src\hotspot\share\prims\jni.cpp, line 520]
Event: 9.833 Thread 0x000001f27e017030 Exception <a 'sun/nio/fs/WindowsException'{0x00000000d55b19c8}> (0x00000000d55b19c8) 
thrown [s\src\hotspot\share\prims\jni.cpp, line 520]
Event: 9.834 Thread 0x000001f27e017030 Exception <a 'sun/nio/fs/WindowsException'{0x00000000d55b5f60}> (0x00000000d55b5f60) 
thrown [s\src\hotspot\share\prims\jni.cpp, line 520]
Event: 9.835 Thread 0x000001f27e017030 Exception <a 'sun/nio/fs/WindowsException'{0x00000000d55ba9c8}> (0x00000000d55ba9c8) 
thrown [s\src\hotspot\share\prims\jni.cpp, line 520]
Event: 9.835 Thread 0x000001f27e017030 Exception <a 'sun/nio/fs/WindowsException'{0x00000000d55bf0c8}> (0x00000000d55bf0c8) 
thrown [s\src\hotspot\share\prims\jni.cpp, line 520]
Event: 9.836 Thread 0x000001f27e017030 Exception <a 'sun/nio/fs/WindowsException'{0x00000000d55c4ca0}> (0x00000000d55c4ca0) 
thrown [s\src\hotspot\share\prims\jni.cpp, line 520]
Event: 9.837 Thread 0x000001f27e017030 Exception <a 'sun/nio/fs/WindowsException'{0x00000000d55c91b0}> (0x00000000d55c91b0) 
thrown [s\src\hotspot\share\prims\jni.cpp, line 520]
Event: 9.838 Thread 0x000001f27e017030 Exception <a 'sun/nio/fs/WindowsException'{0x00000000d55cf7d8}> (0x00000000d55cf7d8) 
thrown [s\src\hotspot\share\prims\jni.cpp, line 520]
Event: 9.838 Thread 0x000001f27e017030 Exception <a 'sun/nio/fs/WindowsException'{0x00000000d55d3d48}> (0x00000000d55d3d48) 
thrown [s\src\hotspot\share\prims\jni.cpp, line 520]
Event: 9.841 Thread 0x000001f27e017030 Exception <a 'sun/nio/fs/WindowsException'{0x00000000d55d7b98}> (0x00000000d55d7b98) 
thrown [s\src\hotspot\share\prims\jni.cpp, line 520]
Event: 9.842 Thread 0x000001f27e017030 Exception <a 'sun/nio/fs/WindowsException'{0x00000000d55dd700}> (0x00000000d55dd700) 
thrown [s\src\hotspot\share\prims\jni.cpp, line 520]
Event: 9.843 Thread 0x000001f27e017030 Exception <a 'sun/nio/fs/WindowsException'{0x00000000d55e71d0}> (0x00000000d55e71d0) 
thrown [s\src\hotspot\share\prims\jni.cpp, line 520]
Event: 9.843 Thread 0x000001f27e017030 Exception <a 'sun/nio/fs/WindowsException'{0x00000000d55ea910}> (0x00000000d55ea910) 
thrown [s\src\hotspot\share\prims\jni.cpp, line 520]
Event: 9.844 Thread 0x000001f27e017030 Exception <a 'sun/nio/fs/WindowsException'{0x00000000d55ee008}> (0x00000000d55ee008) 
thrown [s\src\hotspot\share\prims\jni.cpp, line 520]
Event: 9.844 Thread 0x000001f27e017030 Exception <a 'sun/nio/fs/WindowsException'{0x00000000d55f1410}> (0x00000000d55f1410) 
thrown [s\src\hotspot\share\prims\jni.cpp, line 520]
Event: 11.489 Thread 0x000001f200cf8ab0 Exception <a 'java/lang/NoSuchMethodError'{0x00000000d5782130}: 'java.lang.Object java.lang.invoke.DirectMethodHandle$Holder.invokeStatic(java.lang.Object, java.lang.Object, int, int)'> (0x00000000d5782130) 
thrown [s\src\hotspot\share\interpreter\linkResolver.cpp, line 773]
Event: 11.490 Thread 0x000001f200cf8ab0 Exception <a 'java/lang/NoSuchMethodError'{0x00000000d5786440}: 'java.lang.Object java.lang.invoke.DirectMethodHandle$Holder.invokeSpecial(java.lang.Object, java.lang.Object, java.lang.Object, int, int)'> (0x00000000d5786440) 
thrown [s\src\hotspot\share\interpreter\linkResolver.cpp, line 773]
Event: 11.718 Thread 0x000001f200cf8ab0 Exception <a 'java/io/FileNotFoundException'{0x00000000d60328c0}> (0x00000000d60328c0) 
thrown [s\src\hotspot\share\prims\jni.cpp, line 520]
Event: 11.718 Thread 0x000001f200cf8ab0 Exception <a 'java/io/FileNotFoundException'{0x00000000d6033d18}> (0x00000000d6033d18) 
thrown [s\src\hotspot\share\prims\jni.cpp, line 520]

ZGC Phase Switch (0 events):
No events

VM Operations (20 events):
Event: 10.042 Executing VM operation: HandshakeAllThreads (Deoptimize)
Event: 10.043 Executing VM operation: HandshakeAllThreads (Deoptimize) done
Event: 10.072 Executing VM operation: HandshakeAllThreads (Deoptimize)
Event: 10.072 Executing VM operation: HandshakeAllThreads (Deoptimize) done
Event: 10.123 Executing VM operation: HandshakeAllThreads (Deoptimize)
Event: 10.123 Executing VM operation: HandshakeAllThreads (Deoptimize) done
Event: 10.455 Executing VM operation: ParallelGCFailedAllocation (Allocation Failure)
Event: 10.457 Executing VM operation: ParallelGCFailedAllocation (Allocation Failure) done
Event: 10.459 Executing VM operation: HandshakeAllThreads (Deoptimize)
Event: 10.459 Executing VM operation: HandshakeAllThreads (Deoptimize) done
Event: 11.092 Executing VM operation: ParallelGCFailedAllocation (Allocation Failure)
Event: 11.094 Executing VM operation: ParallelGCFailedAllocation (Allocation Failure) done
Event: 11.437 Executing VM operation: HandshakeAllThreads (Deoptimize)
Event: 11.437 Executing VM operation: HandshakeAllThreads (Deoptimize) done
Event: 11.459 Executing VM operation: ParallelGCFailedAllocation (Allocation Failure)
Event: 11.460 Executing VM operation: ParallelGCFailedAllocation (Allocation Failure) done
Event: 11.553 Executing VM operation: HandshakeAllThreads (Deoptimize)
Event: 11.553 Executing VM operation: HandshakeAllThreads (Deoptimize) done
Event: 11.822 Executing VM operation: ParallelGCFailedAllocation (Allocation Failure)
Event: 11.824 Executing VM operation: ParallelGCFailedAllocation (Allocation Failure) done

Memory protections (0 events):
No events

Nmethod flushes (20 events):
Event: 4.726 Thread 0x000001f21e560750 flushing  nmethod 0x000001f221dbd010
Event: 4.726 Thread 0x000001f21e560750 flushing  nmethod 0x000001f221dc2290
Event: 4.726 Thread 0x000001f21e560750 flushing  nmethod 0x000001f221de9890
Event: 4.726 Thread 0x000001f21e560750 flushing  nmethod 0x000001f221dead10
Event: 4.726 Thread 0x000001f21e560750 flushing  nmethod 0x000001f221deb610
Event: 4.726 Thread 0x000001f21e560750 flushing  nmethod 0x000001f221dec810
Event: 4.726 Thread 0x000001f21e560750 flushing  nmethod 0x000001f221ded410
Event: 4.726 Thread 0x000001f21e560750 flushing  nmethod 0x000001f221dedb90
Event: 4.726 Thread 0x000001f21e560750 flushing  nmethod 0x000001f221def110
Event: 4.726 Thread 0x000001f21e560750 flushing  nmethod 0x000001f221def610
Event: 4.726 Thread 0x000001f21e560750 flushing  nmethod 0x000001f221deff10
Event: 4.726 Thread 0x000001f21e560750 flushing  nmethod 0x000001f221df1310
Event: 4.726 Thread 0x000001f21e560750 flushing  nmethod 0x000001f221df2d90
Event: 4.726 Thread 0x000001f21e560750 flushing  nmethod 0x000001f221df4810
Event: 4.726 Thread 0x000001f21e560750 flushing  nmethod 0x000001f221e3b390
Event: 4.726 Thread 0x000001f21e560750 flushing  nmethod 0x000001f221e40610
Event: 4.726 Thread 0x000001f21e560750 flushing  nmethod 0x000001f221e62290
Event: 4.726 Thread 0x000001f21e560750 flushing  nmethod 0x000001f221eef910
Event: 4.726 Thread 0x000001f21e560750 flushing  nmethod 0x000001f221f30710
Event: 4.726 Thread 0x000001f21e560750 flushing  nmethod 0x000001f221f30b90

Events (20 events):
Event: 5.670 Thread 0x000001f202054180 Thread added: 0x000001f202052740
Event: 5.670 Thread 0x000001f202050d00 Thread added: 0x000001f202051390
Event: 5.671 Thread 0x000001f202052740 Thread added: 0x000001f202054ea0
Event: 5.675 Thread 0x000001f202054ea0 Thread added: 0x000001f202056f70
Event: 5.675 Thread 0x000001f202051390 Thread added: 0x000001f202055530
Event: 5.675 Thread 0x000001f202056f70 Thread added: 0x000001f202054810
Event: 5.676 Thread 0x000001f202055530 Thread added: 0x000001f202051a20
Event: 5.677 Thread 0x000001f202054810 Thread added: 0x000001f202055bc0
Event: 5.677 Thread 0x000001f202055bc0 Thread added: 0x000001f2020568e0
Event: 6.016 Thread 0x000001f200032370 Thread exited: 0x000001f200032370
Event: 7.314 Thread 0x000001f200033110 Thread exited: 0x000001f200033110
Event: 7.326 Thread 0x000001f200032a40 Thread exited: 0x000001f200032a40
Event: 7.326 Thread 0x000001f27f9acbc0 Thread exited: 0x000001f27f9acbc0
Event: 7.450 Thread 0x000001f27792cd70 Thread exited: 0x000001f27792cd70
Event: 7.666 Thread 0x000001f277890df0 Thread exited: 0x000001f277890df0
Event: 8.338 Thread 0x000001f2778765f0 Thread added: 0x000001f200033110
Event: 8.463 Thread 0x000001f27df93020 Thread exited: 0x000001f27df93020
Event: 10.511 Thread 0x000001f200033110 Thread exited: 0x000001f200033110
Event: 10.946 Thread 0x000001f2776366a0 Thread added: 0x000001f200030830
Event: 11.373 Thread 0x000001f200030830 Thread exited: 0x000001f200030830


Dynamic libraries:
0x00007ff64be10000 - 0x00007ff64be1e000 	c:\Users\OMAR INFO\.windsurf\extensions\redhat.java-1.45.0-win32-x64\jre\21.0.8-win32-x86_64\bin\java.exe
0x00007ffd49890000 - 0x00007ffd49a88000 	C:\Windows\SYSTEM32\ntdll.dll
0x00007ffd496e0000 - 0x00007ffd497a2000 	C:\Windows\System32\KERNEL32.DLL
0x00007ffd47500000 - 0x00007ffd477f7000 	C:\Windows\System32\KERNELBASE.dll
0x00007ffd47190000 - 0x00007ffd47290000 	C:\Windows\System32\ucrtbase.dll
0x00007ffd13ca0000 - 0x00007ffd13cb8000 	c:\Users\OMAR INFO\.windsurf\extensions\redhat.java-1.45.0-win32-x64\jre\21.0.8-win32-x86_64\bin\jli.dll
0x00007ffd48820000 - 0x00007ffd489bd000 	C:\Windows\System32\USER32.dll
0x00007ffd47880000 - 0x00007ffd478a2000 	C:\Windows\System32\win32u.dll
0x00007ffd497b0000 - 0x00007ffd497db000 	C:\Windows\System32\GDI32.dll
0x00007ffd47070000 - 0x00007ffd47189000 	C:\Windows\System32\gdi32full.dll
0x00007ffd46f20000 - 0x00007ffd46fbd000 	C:\Windows\System32\msvcp_win.dll
0x00007ffd12b50000 - 0x00007ffd12b6e000 	c:\Users\OMAR INFO\.windsurf\extensions\redhat.java-1.45.0-win32-x64\jre\21.0.8-win32-x86_64\bin\VCRUNTIME140.dll
0x00007ffd2db60000 - 0x00007ffd2ddfa000 	C:\Windows\WinSxS\amd64_microsoft.windows.common-controls_6595b64144ccf1df_6.0.19041.5915_none_60b4b9d171f9c7c7\COMCTL32.dll
0x00007ffd47e80000 - 0x00007ffd47f1e000 	C:\Windows\System32\msvcrt.dll
0x00007ffd484a0000 - 0x00007ffd484cf000 	C:\Windows\System32\IMM32.DLL
0x00007ffd273e0000 - 0x00007ffd273ec000 	c:\Users\OMAR INFO\.windsurf\extensions\redhat.java-1.45.0-win32-x64\jre\21.0.8-win32-x86_64\bin\vcruntime140_1.dll
0x00007ffce5560000 - 0x00007ffce55ed000 	c:\Users\OMAR INFO\.windsurf\extensions\redhat.java-1.45.0-win32-x64\jre\21.0.8-win32-x86_64\bin\msvcp140.dll
0x00007ffcc5140000 - 0x00007ffcc5ed7000 	c:\Users\OMAR INFO\.windsurf\extensions\redhat.java-1.45.0-win32-x64\jre\21.0.8-win32-x86_64\bin\server\jvm.dll
0x00007ffd48680000 - 0x00007ffd48731000 	C:\Windows\System32\ADVAPI32.dll
0x00007ffd48280000 - 0x00007ffd4831f000 	C:\Windows\System32\sechost.dll
0x00007ffd49330000 - 0x00007ffd49456000 	C:\Windows\System32\RPCRT4.dll
0x00007ffd47480000 - 0x00007ffd474a7000 	C:\Windows\System32\bcrypt.dll
0x00007ffd497e0000 - 0x00007ffd4984b000 	C:\Windows\System32\WS2_32.dll
0x00007ffd468a0000 - 0x00007ffd468eb000 	C:\Windows\SYSTEM32\POWRPROF.dll
0x00007ffd387d0000 - 0x00007ffd387f7000 	C:\Windows\SYSTEM32\WINMM.dll
0x00007ffd40580000 - 0x00007ffd4058a000 	C:\Windows\SYSTEM32\VERSION.dll
0x00007ffd46880000 - 0x00007ffd46892000 	C:\Windows\SYSTEM32\UMPDC.dll
0x00007ffd45730000 - 0x00007ffd45742000 	C:\Windows\SYSTEM32\kernel.appcore.dll
0x00007ffd19320000 - 0x00007ffd1932a000 	c:\Users\OMAR INFO\.windsurf\extensions\redhat.java-1.45.0-win32-x64\jre\21.0.8-win32-x86_64\bin\jimage.dll
0x00007ffd44c50000 - 0x00007ffd44e51000 	C:\Windows\SYSTEM32\DBGHELP.DLL
0x00007ffd2ad10000 - 0x00007ffd2ad44000 	C:\Windows\SYSTEM32\dbgcore.DLL
0x00007ffd47290000 - 0x00007ffd47312000 	C:\Windows\System32\bcryptPrimitives.dll
0x00007ffd19280000 - 0x00007ffd1928f000 	c:\Users\OMAR INFO\.windsurf\extensions\redhat.java-1.45.0-win32-x64\jre\21.0.8-win32-x86_64\bin\instrument.dll
0x00007ffd110a0000 - 0x00007ffd110bf000 	c:\Users\OMAR INFO\.windsurf\extensions\redhat.java-1.45.0-win32-x64\jre\21.0.8-win32-x86_64\bin\java.dll
0x00007ffd48aa0000 - 0x00007ffd4920e000 	C:\Windows\System32\SHELL32.dll
0x00007ffd44f40000 - 0x00007ffd456e4000 	C:\Windows\SYSTEM32\windows.storage.dll
0x00007ffd47f20000 - 0x00007ffd48273000 	C:\Windows\System32\combase.dll
0x00007ffd46800000 - 0x00007ffd4682b000 	C:\Windows\SYSTEM32\Wldp.dll
0x00007ffd49460000 - 0x00007ffd4952d000 	C:\Windows\System32\OLEAUT32.dll
0x00007ffd47dd0000 - 0x00007ffd47e7d000 	C:\Windows\System32\SHCORE.dll
0x00007ffd48320000 - 0x00007ffd4837b000 	C:\Windows\System32\shlwapi.dll
0x00007ffd46e50000 - 0x00007ffd46e74000 	C:\Windows\SYSTEM32\profapi.dll
0x00007ffd170c0000 - 0x00007ffd170d8000 	c:\Users\OMAR INFO\.windsurf\extensions\redhat.java-1.45.0-win32-x64\jre\21.0.8-win32-x86_64\bin\zip.dll
0x00007ffd277e0000 - 0x00007ffd277f0000 	C:\Users\OMAR INFO\.windsurf\extensions\redhat.java-1.45.0-win32-x64\jre\21.0.8-win32-x86_64\bin\net.dll
0x00007ffd3f500000 - 0x00007ffd3f60a000 	C:\Windows\SYSTEM32\WINHTTP.dll
0x00007ffd465e0000 - 0x00007ffd4664a000 	C:\Windows\system32\mswsock.dll
0x00007ffd13880000 - 0x00007ffd13896000 	C:\Users\OMAR INFO\.windsurf\extensions\redhat.java-1.45.0-win32-x64\jre\21.0.8-win32-x86_64\bin\nio.dll
0x00007ffd277d0000 - 0x00007ffd277e0000 	c:\Users\OMAR INFO\.windsurf\extensions\redhat.java-1.45.0-win32-x64\jre\21.0.8-win32-x86_64\bin\verify.dll
0x00007ffcf92a0000 - 0x00007ffcf92e4000 	C:\Users\OMAR INFO\AppData\Roaming\Windsurf\User\globalStorage\redhat.java\1.45.0\config_win\org.eclipse.equinox.launcher\org.eclipse.equinox.launcher.win32.win32.x86_64_1.2.1400.v20250801-0854\eclipse_11916.dll
0x00007ffd49530000 - 0x00007ffd4965b000 	C:\Windows\System32\ole32.dll
0x00007ffd46840000 - 0x00007ffd46858000 	C:\Windows\SYSTEM32\CRYPTSP.dll
0x00007ffd45ec0000 - 0x00007ffd45ef8000 	C:\Windows\system32\rsaenh.dll
0x00007ffd46dd0000 - 0x00007ffd46dfe000 	C:\Windows\SYSTEM32\USERENV.dll
0x00007ffd46770000 - 0x00007ffd4677c000 	C:\Windows\SYSTEM32\CRYPTBASE.dll
0x00007ffd462e0000 - 0x00007ffd4631b000 	C:\Windows\SYSTEM32\IPHLPAPI.DLL
0x00007ffd47940000 - 0x00007ffd47948000 	C:\Windows\System32\NSI.dll
0x00007ffce5a10000 - 0x00007ffce5a59000 	C:\Users\OMAR INFO\AppData\Local\Temp\jna--64980065\jna6001114046088289868.dll
0x00007ffd47950000 - 0x00007ffd47958000 	C:\Windows\System32\PSAPI.DLL
0x00007ffd3ff00000 - 0x00007ffd3ff17000 	C:\Windows\SYSTEM32\dhcpcsvc6.DLL
0x00007ffd3fee0000 - 0x00007ffd3fefd000 	C:\Windows\SYSTEM32\dhcpcsvc.DLL

JVMTI agents:
c:\Users\OMAR INFO\.windsurf\extensions\redhat.java-1.45.0-win32-x64\lombok\lombok-1.18.39-4050.jar path:c:\Users\OMAR INFO\.windsurf\extensions\redhat.java-1.45.0-win32-x64\jre\21.0.8-win32-x86_64\bin\instrument.dll, loaded, initialized, instrumentlib options:none

dbghelp: loaded successfully - version: 4.0.5 - missing functions: none
symbol engine: initialized successfully - sym options: 0x614 - pdb path: .;c:\Users\OMAR INFO\.windsurf\extensions\redhat.java-1.45.0-win32-x64\jre\21.0.8-win32-x86_64\bin;C:\Windows\SYSTEM32;C:\Windows\WinSxS\amd64_microsoft.windows.common-controls_6595b64144ccf1df_6.0.19041.5915_none_60b4b9d171f9c7c7;c:\Users\OMAR INFO\.windsurf\extensions\redhat.java-1.45.0-win32-x64\jre\21.0.8-win32-x86_64\bin\server;C:\Users\OMAR INFO\AppData\Roaming\Windsurf\User\globalStorage\redhat.java\1.45.0\config_win\org.eclipse.equinox.launcher\org.eclipse.equinox.launcher.win32.win32.x86_64_1.2.1400.v20250801-0854;C:\Users\OMAR INFO\AppData\Local\Temp\jna--64980065

VM Arguments:
jvm_args: --add-modules=ALL-SYSTEM --add-opens=java.base/java.util=ALL-UNNAMED --add-opens=java.base/java.lang=ALL-UNNAMED --add-opens=java.base/sun.nio.fs=ALL-UNNAMED -Declipse.application=org.eclipse.jdt.ls.core.id1 -Dosgi.bundles.defaultStartLevel=4 -Declipse.product=org.eclipse.jdt.ls.core.product -Djava.import.generatesMetadataFilesAtProjectRoot=false -DDetectVMInstallationsJob.disabled=true -Dfile.encoding=utf8 -XX:+UseParallelGC -XX:GCTimeRatio=4 -XX:AdaptiveSizePolicyWeight=90 -Dsun.zip.disableMemoryMapping=true -Xmx2G -Xms100m -Xlog:disable -javaagent:c:\Users\OMAR INFO\.windsurf\extensions\redhat.java-1.45.0-win32-x64\lombok\lombok-1.18.39-4050.jar -XX:+HeapDumpOnOutOfMemoryError -XX:HeapDumpPath=c:\Users\OMAR INFO\AppData\Roaming\Windsurf\User\workspaceStorage\017271f0c0c7557d9833a01acf50ccd7\redhat.java -Daether.dependencyCollector.impl=bf 
java_command: c:\Users\OMAR INFO\.windsurf\extensions\redhat.java-1.45.0-win32-x64\server\plugins\org.eclipse.equinox.launcher_1.7.0.v20250519-0528.jar -configuration c:\Users\OMAR INFO\AppData\Roaming\Windsurf\User\globalStorage\redhat.java\1.45.0\config_win -data c:\Users\OMAR INFO\AppData\Roaming\Windsurf\User\workspaceStorage\017271f0c0c7557d9833a01acf50ccd7\redhat.java\jdt_ws --pipe=\\.\pipe\lsp-25ce0d9bd701a4f5a495f8df8d44479f-sock
java_class_path (initial): c:\Users\OMAR INFO\.windsurf\extensions\redhat.java-1.45.0-win32-x64\server\plugins\org.eclipse.equinox.launcher_1.7.0.v20250519-0528.jar
Launcher Type: SUN_STANDARD

[Global flags]
    uintx AdaptiveSizePolicyWeight                 = 90                                        {product} {command line}
     intx CICompilerCount                          = 12                                        {product} {ergonomic}
    uintx GCTimeRatio                              = 4                                         {product} {command line}
     bool HeapDumpOnOutOfMemoryError               = true                                   {manageable} {command line}
    ccstr HeapDumpPath                             = c:\Users\OMAR INFO\AppData\Roaming\Windsurf\User\workspaceStorage\017271f0c0c7557d9833a01acf50ccd7\redhat.java         {manageable} {command line}
   size_t InitialHeapSize                          = 104857600                                 {product} {command line}
   size_t MaxHeapSize                              = 2147483648                                {product} {command line}
   size_t MaxNewSize                               = 715653120                                 {product} {ergonomic}
   size_t MinHeapDeltaBytes                        = 524288                                    {product} {ergonomic}
   size_t MinHeapSize                              = 104857600                                 {product} {command line}
   size_t NewSize                                  = 34603008                                  {product} {ergonomic}
    uintx NonNMethodCodeHeapSize                   = 7602480                                {pd product} {ergonomic}
    uintx NonProfiledCodeHeapSize                  = 122027880                              {pd product} {ergonomic}
   size_t OldSize                                  = 70254592                                  {product} {ergonomic}
    uintx ProfiledCodeHeapSize                     = 122027880                              {pd product} {ergonomic}
    uintx ReservedCodeCacheSize                    = 251658240                              {pd product} {ergonomic}
     bool SegmentedCodeCache                       = true                                      {product} {ergonomic}
   size_t SoftMaxHeapSize                          = 2147483648                             {manageable} {ergonomic}
     bool UseCompressedOops                        = true                           {product lp64_product} {ergonomic}
     bool UseLargePagesIndividualAllocation        = false                                  {pd product} {ergonomic}
     bool UseParallelGC                            = true                                      {product} {command line}

Logging:
Log output configuration:
 #0: stdout all=off uptime,level,tags foldmultilines=false
 #1: stderr all=off uptime,level,tags foldmultilines=false

Environment Variables:
PATH=C:\oraclexe\app\oracle\product\10.2.0\server\bin;C:\ProgramData\Oracle\Java\javapath;C:\Program Files\Common Files\Oracle\Java\javapath;C:\Windows\system32;C:\Windows;C:\Windows\System32\Wbem;C:\Windows\System32\WindowsPowerShell\v1.0\;C:\Windows\System32\OpenSSH\;C:\Program Files\Microsoft SQL Server\150\Tools\Binn\;C:\Program Files\Microsoft SQL Server\Client SDK\ODBC\170\Tools\Binn\;C:\Program Files\dotnet\;C:\Program Files\NVIDIA Corporation\NVIDIA NvDLISR;C:\ProgramData\chocolatey\bin;C:\Program Files (x86)\Microsoft SQL Server\110\Tools\Binn\;C:\Program Files (x86)\Microsoft SQL Server\110\DTS\Binn\;C:\Program Files (x86)\Microsoft SQL Server\110\Tools\Binn\ManagementStudio\;C:\Program Files (x86)\Microsoft Visual Studio 10.0\Common7\IDE\PrivateAssemblies\;C:\Program Files (x86)\NVIDIA Corporation\PhysX\Common;C:\Program Files\nodejs\;C:\Program Files\Git LFS;C:\Program Files\Docker\Docker\resources\bin;C:\Program Files\Git\cmd;C:\Windows\system32\platform-tools;C:\Program Files\MongoDB\Server\8.0\bin;C:\Users\OMAR INFO\AppData\Local\Programs\Python\Python310;C:\Users\OMAR INFO\AppData\Local\Programs\Python\Python310\Scripts;F:\PuTTY\;C:\Users\OMAR INFO\AppData\Local\Programs\Python\Python310\Scripts\;C:\Users\OMAR INFO\AppData\Local\Programs\Python\Python310\;C:\Users\OMAR INFO\AppData\Local\Microsoft\WindowsApps;C:\Users\OMAR INFO\.dotnet\tools;C:\Program Files\JetBrains\IntelliJ IDEA 2023.2.1\bin;;C:\Users\OMAR INFO\AppData\Local\Programs\Microsoft VS Code\bin;C:\Users\OMAR INFO\AppData\Roaming\npm;C:\Users\OMAR INFO\AppData\Local\GitHubDesktop\bin;C:\xampp\php;C:\Users\OMAR INFO\composer;C:\Users\OMAR INFO\AppData\Roaming\Composer\vendor\bin;C:\Program Files (x86)\Microsoft SDKs\Windows\v10.0A\bin\NETFX 4.8 Tools;C:\Users\OMAR INFO\AppData\Local\Programs\Windsurf\bin;
USERNAME=OMAR INFO
OS=Windows_NT
PROCESSOR_IDENTIFIER=Intel64 Family 6 Model 141 Stepping 1, GenuineIntel
TMP=C:\Users\OMARIN~1\AppData\Local\Temp
TEMP=C:\Users\OMARIN~1\AppData\Local\Temp




Periodic native trim disabled

---------------  S Y S T E M  ---------------

OS:
 Windows 10 , 64 bit Build 19041 (10.0.19041.5915)
OS uptime: 3 days 14:16 hours
Hyper-V role detected

CPU: total 16 (initial active 16) (8 cores per cpu, 2 threads per core) family 6 model 141 stepping 1 microcode 0x26, cx8, cmov, fxsr, ht, mmx, 3dnowpref, sse, sse2, sse3, ssse3, sse4.1, sse4.2, popcnt, lzcnt, tsc, tscinvbit, avx, avx2, aes, erms, clmul, bmi1, bmi2, adx, avx512f, avx512dq, avx512cd, avx512bw, avx512vl, sha, fma, vzeroupper, avx512_vpopcntdq, avx512_vpclmulqdq, avx512_vaes, avx512_vnni, clflush, clflushopt, clwb, avx512_vbmi2, avx512_vbmi, hv, rdtscp, rdpid, fsrm, gfni, avx512_bitalg, f16c, cet_ibt, cet_ss, avx512_ifma
Processor Information for the first 16 processors :
  Max Mhz: 2304, Current Mhz: 2304, Mhz Limit: 2304

Memory: 4k page, system-wide physical 16085M (338M free)
TotalPageFile size 23385M (AvailPageFile size 6M)
current process WorkingSet (physical memory assigned to process): 259M, peak: 288M
current process commit charge ("private bytes"): 364M, peak: 405M

vm_info: OpenJDK 64-Bit Server VM (21.0.8+9-LTS) for windows-amd64 JRE (21.0.8+9-LTS), built on 2025-07-15T00:00:00Z by "admin" with MS VC++ 17.7 (VS2022)

END.
