#
# There is insufficient memory for the Java Runtime Environment to continue.
# Native memory allocation (malloc) failed to allocate 131088 bytes. Error detail: Chunk::new
# Possible reasons:
#   The system is out of physical RAM or swap space
#   This process is running with CompressedOops enabled, and the Java Heap may be blocking the growth of the native heap
# Possible solutions:
#   Reduce memory load on the system
#   Increase physical memory or swap space
#   Check if swap backing store is full
#   Decrease Java heap size (-Xmx/-Xms)
#   Decrease number of Java threads
#   Decrease Java thread stack sizes (-Xss)
#   Set larger code cache with -XX:ReservedCodeCacheSize=
#   JVM is running with Unscaled Compressed Oops mode in which the Java heap is
#     placed in the first 4GB address space. The Java Heap base address is the
#     maximum limit for the native heap growth. Please use -XX:HeapBaseMinAddress
#     to set the Java Heap base and to place the Java Heap above 4GB virtual address.
# This output file may be truncated or incomplete.
#
#  Out of Memory Error (arena.cpp:168), pid=23736, tid=7328
#
# JRE version: OpenJDK Runtime Environment Temurin-21.0.8+9 (21.0.8+9) (build 21.0.8+9-LTS)
# Java VM: OpenJDK 64-Bit Server VM Temurin-21.0.8+9 (21.0.8+9-LTS, mixed mode, sharing, tiered, compressed oops, compressed class ptrs, parallel gc, windows-amd64)
# No core dump will be written. Minidumps are not enabled by default on client versions of Windows
#

---------------  S U M M A R Y ------------

Command Line: --add-modules=ALL-SYSTEM --add-opens=java.base/java.util=ALL-UNNAMED --add-opens=java.base/java.lang=ALL-UNNAMED --add-opens=java.base/sun.nio.fs=ALL-UNNAMED -Declipse.application=org.eclipse.jdt.ls.core.id1 -Dosgi.bundles.defaultStartLevel=4 -Declipse.product=org.eclipse.jdt.ls.core.product -Djava.import.generatesMetadataFilesAtProjectRoot=false -DDetectVMInstallationsJob.disabled=true -Dfile.encoding=utf8 -XX:+UseParallelGC -XX:GCTimeRatio=4 -XX:AdaptiveSizePolicyWeight=90 -Dsun.zip.disableMemoryMapping=true -Xmx2G -Xms100m -Xlog:disable -javaagent:c:\Users\OMAR INFO\.windsurf\extensions\redhat.java-1.45.0-win32-x64\lombok\lombok-1.18.39-4050.jar -XX:+HeapDumpOnOutOfMemoryError -XX:HeapDumpPath=c:\Users\OMAR INFO\AppData\Roaming\Windsurf\User\workspaceStorage\017271f0c0c7557d9833a01acf50ccd7\redhat.java -Daether.dependencyCollector.impl=bf c:\Users\OMAR INFO\.windsurf\extensions\redhat.java-1.45.0-win32-x64\server\plugins\org.eclipse.equinox.launcher_1.7.0.v20250519-0528.jar -configuration c:\Users\OMAR INFO\AppData\Roaming\Windsurf\User\globalStorage\redhat.java\1.45.0\config_win -data c:\Users\OMAR INFO\AppData\Roaming\Windsurf\User\workspaceStorage\017271f0c0c7557d9833a01acf50ccd7\redhat.java\jdt_ws --pipe=\\.\pipe\lsp-940b16bacd2265dd7725e59da22bcea1-sock

Host: 11th Gen Intel(R) Core(TM) i7-11800H @ 2.30GHz, 16 cores, 15G,  Windows 10 , 64 bit Build 19041 (10.0.19041.5915)
Time: Tue Sep 23 14:11:22 2025 Paris, Madrid elapsed time: 15.803212 seconds (0d 0h 0m 15s)

---------------  T H R E A D  ---------------

Current thread (0x000002107a7a9800):  JavaThread "C2 CompilerThread1" daemon [_thread_in_native, id=7328, stack(0x0000004178c00000,0x0000004178d00000) (1024K)]


Current CompileTask:
C2:15803 10238   !   4       com.google.inject.spi.InjectionPoint::getInjectionPoints (491 bytes)

Stack: [0x0000004178c00000,0x0000004178d00000]
Native frames: (J=compiled Java code, j=interpreted, Vv=VM code, C=native code)
V  [jvm.dll+0x6d2449]
V  [jvm.dll+0x8ae341]
V  [jvm.dll+0x8b08be]
V  [jvm.dll+0x8b0fa3]
V  [jvm.dll+0x280c96]
V  [jvm.dll+0xc581d]
V  [jvm.dll+0xc5d53]
V  [jvm.dll+0xc5945]
V  [jvm.dll+0x72828c]
V  [jvm.dll+0x604b57]
V  [jvm.dll+0x5e9cda]
V  [jvm.dll+0x5e6f38]
V  [jvm.dll+0x5e925b]
V  [jvm.dll+0x5e8b19]
V  [jvm.dll+0x5e836e]
V  [jvm.dll+0x5e8335]
V  [jvm.dll+0x5e8335]
V  [jvm.dll+0x5fa775]
V  [jvm.dll+0x252092]
V  [jvm.dll+0x24aa06]
V  [jvm.dll+0x2483a4]
V  [jvm.dll+0x1c89ee]
V  [jvm.dll+0x257d4d]
V  [jvm.dll+0x2562ea]
V  [jvm.dll+0x3f2d16]
V  [jvm.dll+0x857e6b]
V  [jvm.dll+0x6d0b0d]
C  [ucrtbase.dll+0x21bb2]
C  [KERNEL32.DLL+0x17374]
C  [ntdll.dll+0x4cc91]


---------------  P R O C E S S  ---------------

Threads class SMR info:
_java_thread_list=0x00000210034d81c0, length=66, elements={
0x000002101dc647e0, 0x00000210369a04b0, 0x00000210369a1d10, 0x00000210369a4eb0,
0x00000210369a5dc0, 0x00000210369a9a90, 0x00000210369aa4e0, 0x00000210369ab310,
0x0000021079076030, 0x0000021079132130, 0x0000021079157e70, 0x000002107a72df90,
0x000002107ace49e0, 0x000002107f1203e0, 0x000002107f309fc0, 0x000002107f2c4dc0,
0x000002107f856aa0, 0x000002107f7ea8d0, 0x000002107f94b680, 0x000002107f94aff0,
0x000002107f94bd10, 0x000002107f948f20, 0x000002107f948890, 0x000002107f9495b0,
0x000002107f949c40, 0x000002107f94a2d0, 0x000002107f94a960, 0x0000021001f38960,
0x0000021001f35b70, 0x0000021001f36f20, 0x0000021001f347c0, 0x0000021001f37c40,
0x0000021001f34e50, 0x0000021001f33410, 0x0000021001f34130, 0x0000021001f354e0,
0x0000021001f36200, 0x0000021001f38ff0, 0x0000021001f36890, 0x0000021001f382d0,
0x0000021001f375b0, 0x0000021001f39680, 0x0000021001f39d10, 0x0000021001f3a3a0,
0x0000021001f3aa30, 0x0000021001f33aa0, 0x000002107f90f550, 0x000002107f911cb0,
0x000002107f90e1a0, 0x000002107f90eec0, 0x000002107f911620, 0x000002107f90c760,
0x000002107f90fbe0, 0x000002107f90cdf0, 0x000002107f910270, 0x000002107f910900,
0x000002107f90e830, 0x000002107f90db10, 0x000002107f910f90, 0x000002107f90d480,
0x000002107f912340, 0x000002107ff41a80, 0x0000021002bd2630, 0x000002107a7a9800,
0x00000210005cf930, 0x0000021002fd6ab0
}

Java Threads: ( => current thread )
  0x000002101dc647e0 JavaThread "main"                              [_thread_blocked, id=20768, stack(0x0000004177e00000,0x0000004177f00000) (1024K)]
  0x00000210369a04b0 JavaThread "Reference Handler"          daemon [_thread_blocked, id=10512, stack(0x0000004178200000,0x0000004178300000) (1024K)]
  0x00000210369a1d10 JavaThread "Finalizer"                  daemon [_thread_blocked, id=11340, stack(0x0000004178300000,0x0000004178400000) (1024K)]
  0x00000210369a4eb0 JavaThread "Signal Dispatcher"          daemon [_thread_blocked, id=18532, stack(0x0000004178400000,0x0000004178500000) (1024K)]
  0x00000210369a5dc0 JavaThread "Attach Listener"            daemon [_thread_blocked, id=5580, stack(0x0000004178500000,0x0000004178600000) (1024K)]
  0x00000210369a9a90 JavaThread "Service Thread"             daemon [_thread_blocked, id=1100, stack(0x0000004178600000,0x0000004178700000) (1024K)]
  0x00000210369aa4e0 JavaThread "Monitor Deflation Thread"   daemon [_thread_blocked, id=7308, stack(0x0000004178700000,0x0000004178800000) (1024K)]
  0x00000210369ab310 JavaThread "C2 CompilerThread0"         daemon [_thread_in_native, id=24112, stack(0x0000004178800000,0x0000004178900000) (1024K)]
  0x0000021079076030 JavaThread "C1 CompilerThread0"         daemon [_thread_blocked, id=14804, stack(0x0000004178900000,0x0000004178a00000) (1024K)]
  0x0000021079132130 JavaThread "Common-Cleaner"             daemon [_thread_blocked, id=13672, stack(0x0000004178a00000,0x0000004178b00000) (1024K)]
  0x0000021079157e70 JavaThread "C1 CompilerThread1"         daemon [_thread_blocked, id=5888, stack(0x0000004178b00000,0x0000004178c00000) (1024K)]
  0x000002107a72df90 JavaThread "Notification Thread"        daemon [_thread_blocked, id=21748, stack(0x0000004178e00000,0x0000004178f00000) (1024K)]
  0x000002107ace49e0 JavaThread "Active Thread: Equinox Container: e89a8565-3994-4cd4-b957-f047e7307af7"        [_thread_blocked, id=13460, stack(0x0000004179700000,0x0000004179800000) (1024K)]
  0x000002107f1203e0 JavaThread "Refresh Thread: Equinox Container: e89a8565-3994-4cd4-b957-f047e7307af7" daemon [_thread_blocked, id=6664, stack(0x0000004179900000,0x0000004179a00000) (1024K)]
  0x000002107f309fc0 JavaThread "Framework Event Dispatcher: Equinox Container: e89a8565-3994-4cd4-b957-f047e7307af7" daemon [_thread_blocked, id=18840, stack(0x0000004179a00000,0x0000004179b00000) (1024K)]
  0x000002107f2c4dc0 JavaThread "Start Level: Equinox Container: e89a8565-3994-4cd4-b957-f047e7307af7" daemon [_thread_blocked, id=19440, stack(0x0000004179b00000,0x0000004179c00000) (1024K)]
  0x000002107f856aa0 JavaThread "Bundle File Closer"         daemon [_thread_blocked, id=21736, stack(0x0000004179f00000,0x000000417a000000) (1024K)]
  0x000002107f7ea8d0 JavaThread "SCR Component Actor"        daemon [_thread_blocked, id=24048, stack(0x000000417a000000,0x000000417a100000) (1024K)]
  0x000002107f94b680 JavaThread "Worker-JM"                         [_thread_blocked, id=16380, stack(0x000000417a200000,0x000000417a300000) (1024K)]
  0x000002107f94aff0 JavaThread "JNA Cleaner"                daemon [_thread_blocked, id=20916, stack(0x000000417a500000,0x000000417a600000) (1024K)]
  0x000002107f94bd10 JavaThread "Worker-0"                          [_thread_blocked, id=17248, stack(0x000000417a600000,0x000000417a700000) (1024K)]
  0x000002107f948f20 JavaThread "Worker-1"                          [_thread_blocked, id=21404, stack(0x000000417a700000,0x000000417a800000) (1024K)]
  0x000002107f948890 JavaThread "Java indexing"              daemon [_thread_blocked, id=12372, stack(0x000000417a800000,0x000000417a900000) (1024K)]
  0x000002107f9495b0 JavaThread "Worker-2"                          [_thread_blocked, id=23480, stack(0x000000417ab00000,0x000000417ac00000) (1024K)]
  0x000002107f949c40 JavaThread "Worker-3: Initialize workspace"        [_thread_blocked, id=20852, stack(0x000000417ac00000,0x000000417ad00000) (1024K)]
  0x000002107f94a2d0 JavaThread "Worker-4"                          [_thread_blocked, id=22536, stack(0x000000417ad00000,0x000000417ae00000) (1024K)]
  0x000002107f94a960 JavaThread "Thread-2"                   daemon [_thread_in_native, id=13220, stack(0x000000417ae00000,0x000000417af00000) (1024K)]
  0x0000021001f38960 JavaThread "Thread-3"                   daemon [_thread_in_native, id=23464, stack(0x000000417af00000,0x000000417b000000) (1024K)]
  0x0000021001f35b70 JavaThread "Thread-4"                   daemon [_thread_in_native, id=18392, stack(0x000000417b000000,0x000000417b100000) (1024K)]
  0x0000021001f36f20 JavaThread "Thread-5"                   daemon [_thread_in_native, id=18404, stack(0x000000417b100000,0x000000417b200000) (1024K)]
  0x0000021001f347c0 JavaThread "Thread-6"                   daemon [_thread_in_native, id=5852, stack(0x000000417b200000,0x000000417b300000) (1024K)]
  0x0000021001f37c40 JavaThread "Thread-7"                   daemon [_thread_in_native, id=22644, stack(0x000000417b300000,0x000000417b400000) (1024K)]
  0x0000021001f34e50 JavaThread "Thread-8"                   daemon [_thread_in_native, id=2156, stack(0x000000417b400000,0x000000417b500000) (1024K)]
  0x0000021001f33410 JavaThread "Thread-9"                   daemon [_thread_in_native, id=23088, stack(0x000000417b500000,0x000000417b600000) (1024K)]
  0x0000021001f34130 JavaThread "Thread-10"                  daemon [_thread_in_native, id=23244, stack(0x000000417b600000,0x000000417b700000) (1024K)]
  0x0000021001f354e0 JavaThread "Thread-11"                  daemon [_thread_in_native, id=23752, stack(0x000000417b700000,0x000000417b800000) (1024K)]
  0x0000021001f36200 JavaThread "Thread-12"                  daemon [_thread_in_native, id=1824, stack(0x000000417b800000,0x000000417b900000) (1024K)]
  0x0000021001f38ff0 JavaThread "Thread-13"                  daemon [_thread_in_native, id=16792, stack(0x000000417b900000,0x000000417ba00000) (1024K)]
  0x0000021001f36890 JavaThread "Thread-14"                  daemon [_thread_in_native, id=15920, stack(0x000000417ba00000,0x000000417bb00000) (1024K)]
  0x0000021001f382d0 JavaThread "Thread-15"                  daemon [_thread_in_native, id=13100, stack(0x000000417bb00000,0x000000417bc00000) (1024K)]
  0x0000021001f375b0 JavaThread "Thread-16"                  daemon [_thread_in_native, id=9592, stack(0x000000417bc00000,0x000000417bd00000) (1024K)]
  0x0000021001f39680 JavaThread "Thread-17"                  daemon [_thread_in_native, id=21428, stack(0x000000417bd00000,0x000000417be00000) (1024K)]
  0x0000021001f39d10 JavaThread "Thread-18"                  daemon [_thread_in_native, id=17664, stack(0x000000417be00000,0x000000417bf00000) (1024K)]
  0x0000021001f3a3a0 JavaThread "pool-2-thread-1"                   [_thread_blocked, id=15648, stack(0x000000417c000000,0x000000417c100000) (1024K)]
  0x0000021001f3aa30 JavaThread "WorkspaceEventsHandler"            [_thread_blocked, id=23240, stack(0x000000417c400000,0x000000417c500000) (1024K)]
  0x0000021001f33aa0 JavaThread "pool-1-thread-1"                   [_thread_blocked, id=12248, stack(0x000000417c500000,0x000000417c600000) (1024K)]
  0x000002107f90f550 JavaThread "ForkJoinPool.commonPool-worker-1" daemon [_thread_blocked, id=6032, stack(0x000000417c700000,0x000000417c800000) (1024K)]
  0x000002107f911cb0 JavaThread "ForkJoinPool.commonPool-worker-2" daemon [_thread_blocked, id=24008, stack(0x000000417c800000,0x000000417c900000) (1024K)]
  0x000002107f90e1a0 JavaThread "ForkJoinPool.commonPool-worker-3" daemon [_thread_blocked, id=23092, stack(0x000000417c900000,0x000000417ca00000) (1024K)]
  0x000002107f90eec0 JavaThread "ForkJoinPool.commonPool-worker-4" daemon [_thread_blocked, id=14472, stack(0x000000417ca00000,0x000000417cb00000) (1024K)]
  0x000002107f911620 JavaThread "ForkJoinPool.commonPool-worker-5" daemon [_thread_blocked, id=13308, stack(0x000000417cb00000,0x000000417cc00000) (1024K)]
  0x000002107f90c760 JavaThread "ForkJoinPool.commonPool-worker-6" daemon [_thread_blocked, id=3144, stack(0x000000417cc00000,0x000000417cd00000) (1024K)]
  0x000002107f90fbe0 JavaThread "ForkJoinPool.commonPool-worker-7" daemon [_thread_blocked, id=13740, stack(0x000000417cd00000,0x000000417ce00000) (1024K)]
  0x000002107f90cdf0 JavaThread "ForkJoinPool.commonPool-worker-8" daemon [_thread_blocked, id=8868, stack(0x000000417ce00000,0x000000417cf00000) (1024K)]
  0x000002107f910270 JavaThread "ForkJoinPool.commonPool-worker-9" daemon [_thread_blocked, id=19100, stack(0x000000417cf00000,0x000000417d000000) (1024K)]
  0x000002107f910900 JavaThread "ForkJoinPool.commonPool-worker-10" daemon [_thread_blocked, id=19480, stack(0x000000417d000000,0x000000417d100000) (1024K)]
  0x000002107f90e830 JavaThread "ForkJoinPool.commonPool-worker-11" daemon [_thread_blocked, id=3756, stack(0x000000417d100000,0x000000417d200000) (1024K)]
  0x000002107f90db10 JavaThread "ForkJoinPool.commonPool-worker-12" daemon [_thread_blocked, id=23512, stack(0x000000417d200000,0x000000417d300000) (1024K)]
  0x000002107f910f90 JavaThread "ForkJoinPool.commonPool-worker-14" daemon [_thread_blocked, id=21988, stack(0x000000417d300000,0x000000417d400000) (1024K)]
  0x000002107f90d480 JavaThread "ForkJoinPool.commonPool-worker-13" daemon [_thread_blocked, id=23220, stack(0x000000417d400000,0x000000417d500000) (1024K)]
  0x000002107f912340 JavaThread "ForkJoinPool.commonPool-worker-15" daemon [_thread_blocked, id=22236, stack(0x000000417d500000,0x000000417d600000) (1024K)]
  0x000002107ff41a80 JavaThread "C1 CompilerThread2"         daemon [_thread_blocked, id=16252, stack(0x0000004178f00000,0x0000004179000000) (1024K)]
  0x0000021002bd2630 JavaThread "C1 CompilerThread3"         daemon [_thread_blocked, id=21380, stack(0x000000417bf00000,0x000000417c000000) (1024K)]
=>0x000002107a7a9800 JavaThread "C2 CompilerThread1"         daemon [_thread_in_native, id=7328, stack(0x0000004178c00000,0x0000004178d00000) (1024K)]
  0x00000210005cf930 JavaThread "C2 CompilerThread2"         daemon [_thread_in_native, id=10236, stack(0x0000004178d00000,0x0000004178e00000) (1024K)]
  0x0000021002fd6ab0 JavaThread "SCR Component Registry"     daemon [_thread_blocked, id=22836, stack(0x0000004179600000,0x0000004179700000) (1024K)]
Total: 66

Other Threads:
  0x000002101ffc08e0 VMThread "VM Thread"                           [id=24264, stack(0x0000004178100000,0x0000004178200000) (1024K)]
  0x000002101ff6e300 WatcherThread "VM Periodic Task Thread"        [id=12992, stack(0x0000004178000000,0x0000004178100000) (1024K)]
  0x000002101ff1eee0 WorkerThread "GC Thread#0"                     [id=24396, stack(0x0000004177f00000,0x0000004178000000) (1024K)]
  0x000002107f055320 WorkerThread "GC Thread#1"                     [id=22404, stack(0x0000004179000000,0x0000004179100000) (1024K)]
  0x000002107ac218d0 WorkerThread "GC Thread#2"                     [id=14604, stack(0x0000004179100000,0x0000004179200000) (1024K)]
  0x000002107ac21c70 WorkerThread "GC Thread#3"                     [id=22284, stack(0x0000004179200000,0x0000004179300000) (1024K)]
  0x000002107ac22010 WorkerThread "GC Thread#4"                     [id=22900, stack(0x0000004179300000,0x0000004179400000) (1024K)]
  0x000002107ac223b0 WorkerThread "GC Thread#5"                     [id=24488, stack(0x0000004179400000,0x0000004179500000) (1024K)]
  0x000002107ac98970 WorkerThread "GC Thread#6"                     [id=16488, stack(0x0000004179500000,0x0000004179600000) (1024K)]
  0x000002107f01c0f0 WorkerThread "GC Thread#7"                     [id=23720, stack(0x0000004179800000,0x0000004179900000) (1024K)]
  0x000002107f5f58e0 WorkerThread "GC Thread#8"                     [id=9780, stack(0x0000004179c00000,0x0000004179d00000) (1024K)]
  0x000002107f6fb8f0 WorkerThread "GC Thread#9"                     [id=22916, stack(0x0000004179d00000,0x0000004179e00000) (1024K)]
  0x000002107f64f530 WorkerThread "GC Thread#10"                    [id=23916, stack(0x0000004179e00000,0x0000004179f00000) (1024K)]
  0x000002107f64f8d0 WorkerThread "GC Thread#11"                    [id=16164, stack(0x000000417a100000,0x000000417a200000) (1024K)]
  0x000002107f64f190 WorkerThread "GC Thread#12"                    [id=23408, stack(0x000000417a400000,0x000000417a500000) (1024K)]
Total: 15

Threads with active compile tasks:
C2 CompilerThread0  15849 10130       4       lombok.eclipse.handlers.EclipseHandlerUtil::setGeneratedBy (10 bytes)
C2 CompilerThread1  15849 10238   !   4       com.google.inject.spi.InjectionPoint::getInjectionPoints (491 bytes)
C2 CompilerThread2  15849 10120   !   4       lombok.core.FieldAugment$ReflectionFieldAugment::getAndSet (80 bytes)
Total: 3

VM state: at safepoint (normal execution)

VM Mutex/Monitor currently owned by a thread:  ([mutex/lock_event])
[0x00007ffe86fd5458] Threads_lock - owner thread: 0x000002101ffc08e0
[0x00007ffe86fd5558] Heap_lock - owner thread: 0x000002107f949c40

Heap address: 0x0000000080000000, size: 2048 MB, Compressed Oops mode: 32-bit

CDS archive(s) mapped at: [0x0000021037000000-0x0000021037ba0000-0x0000021037ba0000), size 12189696, SharedBaseAddress: 0x0000021037000000, ArchiveRelocationMode: 1.
Compressed class space mapped at: 0x0000021038000000-0x0000021078000000, reserved size: 1073741824
Narrow klass base: 0x0000021037000000, Narrow klass shift: 0, Narrow klass range: 0x100000000

GC Precious Log:
 CardTable entry size: 512
 CPUs: 16 total, 16 available
 Memory: 16085M
 Large Page Support: Disabled
 NUMA Support: Disabled
 Compressed Oops: Enabled (32-bit)
 Alignments: Space 512K, Generation 512K, Heap 2M
 Heap Min Capacity: 100M
 Heap Initial Capacity: 100M
 Heap Max Capacity: 2G
 Pre-touch: Disabled
 Parallel Workers: 13

Heap:
 PSYoungGen      total 13312K, used 1024K [0x00000000d5580000, 0x00000000d6380000, 0x0000000100000000)
  eden space 12288K, 0% used [0x00000000d5580000,0x00000000d5580000,0x00000000d6180000)
  from space 1024K, 100% used [0x00000000d6180000,0x00000000d6280000,0x00000000d6280000)
  to   space 512K, 0% used [0x00000000d6280000,0x00000000d6280000,0x00000000d6300000)
 ParOldGen       total 68608K, used 58702K [0x0000000080000000, 0x0000000084300000, 0x00000000d5580000)
  object space 68608K, 85% used [0x0000000080000000,0x0000000083953948,0x0000000084300000)
 Metaspace       used 58457K, committed 59776K, reserved 1114112K
  class space    used 6225K, committed 6848K, reserved 1048576K

Card table byte_map: [0x000002101f8c0000,0x000002101fcd0000] _byte_map_base: 0x000002101f4c0000

Marking Bits: (ParMarkBitMap*) 0x00007ffe86fda340
 Begin Bits: [0x00000210323b0000, 0x00000210343b0000)
 End Bits:   [0x00000210343b0000, 0x00000210363b0000)

Polling page: 0x000002101dd60000

Metaspace:

Usage:
  Non-class:     51.01 MB used.
      Class:      6.08 MB used.
       Both:     57.09 MB used.

Virtual space:
  Non-class space:       64.00 MB reserved,      51.69 MB ( 81%) committed,  1 nodes.
      Class space:        1.00 GB reserved,       6.69 MB ( <1%) committed,  1 nodes.
             Both:        1.06 GB reserved,      58.38 MB (  5%) committed. 

Chunk freelists:
   Non-Class:  12.06 MB
       Class:  9.34 MB
        Both:  21.41 MB

MaxMetaspaceSize: unlimited
CompressedClassSpaceSize: 1.00 GB
Initial GC threshold: 21.00 MB
Current GC threshold: 58.38 MB
CDS: on
 - commit_granule_bytes: 65536.
 - commit_granule_words: 8192.
 - virtual_space_node_default_size: 8388608.
 - enlarge_chunks_in_place: 1.
 - use_allocation_guard: 0.


Internal statistics:

num_allocs_failed_limit: 9.
num_arena_births: 1158.
num_arena_deaths: 14.
num_vsnodes_births: 2.
num_vsnodes_deaths: 0.
num_space_committed: 934.
num_space_uncommitted: 0.
num_chunks_returned_to_freelist: 23.
num_chunks_taken_from_freelist: 3907.
num_chunk_merges: 10.
num_chunk_splits: 2393.
num_chunks_enlarged: 1340.
num_inconsistent_stats: 0.

CodeHeap 'non-profiled nmethods': size=119168Kb used=7093Kb max_used=7093Kb free=112074Kb
 bounds [0x000002102aca0000, 0x000002102b390000, 0x0000021032100000]
CodeHeap 'profiled nmethods': size=119104Kb used=22341Kb max_used=22341Kb free=96762Kb
 bounds [0x0000021023100000, 0x00000210246e0000, 0x000002102a550000]
CodeHeap 'non-nmethods': size=7488Kb used=3102Kb max_used=3175Kb free=4385Kb
 bounds [0x000002102a550000, 0x000002102a890000, 0x000002102aca0000]
CodeCache: size=245760Kb, used=32536Kb, max_used=32609Kb, free=213221Kb
 total_blobs=10453, nmethods=9740, adapters=616, full_count=0
Compilation: enabled, stopped_count=0, restarted_count=0

Compilation events (20 events):
Event: 15.785 Thread 0x000002107ff41a80 nmethod 10349 0x00000210246bf210 code [0x00000210246bf3e0, 0x00000210246bf650]
Event: 15.789 Thread 0x000002107ff41a80 10351       3       org.eclipse.sisu.space.WildcardKey$QualifiedImpl::get (5 bytes)
Event: 15.789 Thread 0x000002107ff41a80 nmethod 10351 0x00000210246bf790 code [0x00000210246bf920, 0x00000210246bfa40]
Event: 15.798 Thread 0x0000021079157e70 10353       3       org.apache.maven.model.io.xpp3.MavenXpp3ReaderEx::interpolatedTrimmed (16 bytes)
Event: 15.798 Thread 0x000002107ff41a80 10354       3       org.apache.maven.model.io.xpp3.MavenXpp3ReaderEx$1::transform (2 bytes)
Event: 15.798 Thread 0x0000021002bd2630 10355       3       org.apache.maven.model.io.xpp3.MavenXpp3ReaderEx::getTrimmedValue (11 bytes)
Event: 15.798 Thread 0x000002107ff41a80 nmethod 10354 0x00000210246bfb10 code [0x00000210246bfca0, 0x00000210246bfdb0]
Event: 15.799 Thread 0x0000021079157e70 nmethod 10353 0x00000210246bfe90 code [0x00000210246c0060, 0x00000210246c02e8]
Event: 15.799 Thread 0x0000021079157e70 10356       3       org.apache.maven.model.Dependency::setLocation (390 bytes)
Event: 15.799 Thread 0x0000021002bd2630 nmethod 10355 0x00000210246c0490 code [0x00000210246c0660, 0x00000210246c09c0]
Event: 15.799 Thread 0x0000021002bd2630 10357       1       org.apache.maven.model.Dependency::setGroupId (6 bytes)
Event: 15.799 Thread 0x000002107ff41a80 10358       1       org.apache.maven.model.Dependency::setArtifactId (6 bytes)
Event: 15.799 Thread 0x000002107ff41a80 nmethod 10358 0x000002102b38bf90 code [0x000002102b38c120, 0x000002102b38c200]
Event: 15.799 Thread 0x0000021002bd2630 nmethod 10357 0x000002102b38c290 code [0x000002102b38c420, 0x000002102b38c500]
Event: 15.799 Thread 0x000002107ff41a80 10359       1       org.apache.maven.model.Dependency::setVersion (6 bytes)
Event: 15.799 Thread 0x000002107ff41a80 nmethod 10359 0x000002102b38c590 code [0x000002102b38c720, 0x000002102b38c800]
Event: 15.800 Thread 0x0000021079157e70 nmethod 10356 0x00000210246c0b10 code [0x00000210246c0e80, 0x00000210246c25a0]
Event: 15.800 Thread 0x000002107ff41a80 10360       3       org.apache.maven.model.Dependency::<init> (11 bytes)
Event: 15.800 Thread 0x000002107ff41a80 nmethod 10360 0x00000210246c2a10 code [0x00000210246c2bc0, 0x00000210246c2d48]
Event: 15.800 Thread 0x000002107ff41a80 10361       3       org.apache.maven.model.io.xpp3.MavenXpp3ReaderEx::parseDependency (777 bytes)

GC Heap History (20 events):
Event: 12.932 GC heap before
{Heap before GC invocations=47 (full 2):
 PSYoungGen      total 12800K, used 12576K [0x00000000d5580000, 0x00000000d6380000, 0x0000000100000000)
  eden space 12288K, 100% used [0x00000000d5580000,0x00000000d6180000,0x00000000d6180000)
  from space 512K, 56% used [0x00000000d6300000,0x00000000d6348000,0x00000000d6380000)
  to   space 1024K, 0% used [0x00000000d6180000,0x00000000d6180000,0x00000000d6280000)
 ParOldGen       total 68608K, used 56009K [0x0000000080000000, 0x0000000084300000, 0x00000000d5580000)
  object space 68608K, 81% used [0x0000000080000000,0x00000000836b27d0,0x0000000084300000)
 Metaspace       used 53559K, committed 54848K, reserved 1114112K
  class space    used 5758K, committed 6336K, reserved 1048576K
}
Event: 12.933 GC heap after
{Heap after GC invocations=47 (full 2):
 PSYoungGen      total 13312K, used 448K [0x00000000d5580000, 0x00000000d6380000, 0x0000000100000000)
  eden space 12288K, 0% used [0x00000000d5580000,0x00000000d5580000,0x00000000d6180000)
  from space 1024K, 43% used [0x00000000d6180000,0x00000000d61f0000,0x00000000d6280000)
  to   space 512K, 0% used [0x00000000d6300000,0x00000000d6300000,0x00000000d6380000)
 ParOldGen       total 68608K, used 56065K [0x0000000080000000, 0x0000000084300000, 0x00000000d5580000)
  object space 68608K, 81% used [0x0000000080000000,0x00000000836c07d0,0x0000000084300000)
 Metaspace       used 53559K, committed 54848K, reserved 1114112K
  class space    used 5758K, committed 6336K, reserved 1048576K
}
Event: 13.242 GC heap before
{Heap before GC invocations=48 (full 2):
 PSYoungGen      total 13312K, used 12736K [0x00000000d5580000, 0x00000000d6380000, 0x0000000100000000)
  eden space 12288K, 100% used [0x00000000d5580000,0x00000000d6180000,0x00000000d6180000)
  from space 1024K, 43% used [0x00000000d6180000,0x00000000d61f0000,0x00000000d6280000)
  to   space 512K, 0% used [0x00000000d6300000,0x00000000d6300000,0x00000000d6380000)
 ParOldGen       total 68608K, used 56065K [0x0000000080000000, 0x0000000084300000, 0x00000000d5580000)
  object space 68608K, 81% used [0x0000000080000000,0x00000000836c07d0,0x0000000084300000)
 Metaspace       used 54186K, committed 55488K, reserved 1114112K
  class space    used 5819K, committed 6400K, reserved 1048576K
}
Event: 13.244 GC heap after
{Heap after GC invocations=48 (full 2):
 PSYoungGen      total 12800K, used 480K [0x00000000d5580000, 0x00000000d6380000, 0x0000000100000000)
  eden space 12288K, 0% used [0x00000000d5580000,0x00000000d5580000,0x00000000d6180000)
  from space 512K, 93% used [0x00000000d6300000,0x00000000d6378010,0x00000000d6380000)
  to   space 1024K, 0% used [0x00000000d6180000,0x00000000d6180000,0x00000000d6280000)
 ParOldGen       total 68608K, used 56297K [0x0000000080000000, 0x0000000084300000, 0x00000000d5580000)
  object space 68608K, 82% used [0x0000000080000000,0x00000000836fa7d0,0x0000000084300000)
 Metaspace       used 54186K, committed 55488K, reserved 1114112K
  class space    used 5819K, committed 6400K, reserved 1048576K
}
Event: 13.679 GC heap before
{Heap before GC invocations=49 (full 2):
 PSYoungGen      total 12800K, used 12768K [0x00000000d5580000, 0x00000000d6380000, 0x0000000100000000)
  eden space 12288K, 100% used [0x00000000d5580000,0x00000000d6180000,0x00000000d6180000)
  from space 512K, 93% used [0x00000000d6300000,0x00000000d6378010,0x00000000d6380000)
  to   space 1024K, 0% used [0x00000000d6180000,0x00000000d6180000,0x00000000d6280000)
 ParOldGen       total 68608K, used 56297K [0x0000000080000000, 0x0000000084300000, 0x00000000d5580000)
  object space 68608K, 82% used [0x0000000080000000,0x00000000836fa7d0,0x0000000084300000)
 Metaspace       used 55536K, committed 56832K, reserved 1114112K
  class space    used 5945K, committed 6528K, reserved 1048576K
}
Event: 13.680 GC heap after
{Heap after GC invocations=49 (full 2):
 PSYoungGen      total 13312K, used 608K [0x00000000d5580000, 0x00000000d6380000, 0x0000000100000000)
  eden space 12288K, 0% used [0x00000000d5580000,0x00000000d5580000,0x00000000d6180000)
  from space 1024K, 59% used [0x00000000d6180000,0x00000000d6218000,0x00000000d6280000)
  to   space 1024K, 0% used [0x00000000d6280000,0x00000000d6280000,0x00000000d6380000)
 ParOldGen       total 68608K, used 56465K [0x0000000080000000, 0x0000000084300000, 0x00000000d5580000)
  object space 68608K, 82% used [0x0000000080000000,0x00000000837247d0,0x0000000084300000)
 Metaspace       used 55536K, committed 56832K, reserved 1114112K
  class space    used 5945K, committed 6528K, reserved 1048576K
}
Event: 14.226 GC heap before
{Heap before GC invocations=50 (full 2):
 PSYoungGen      total 13312K, used 12896K [0x00000000d5580000, 0x00000000d6380000, 0x0000000100000000)
  eden space 12288K, 100% used [0x00000000d5580000,0x00000000d6180000,0x00000000d6180000)
  from space 1024K, 59% used [0x00000000d6180000,0x00000000d6218000,0x00000000d6280000)
  to   space 1024K, 0% used [0x00000000d6280000,0x00000000d6280000,0x00000000d6380000)
 ParOldGen       total 68608K, used 56465K [0x0000000080000000, 0x0000000084300000, 0x00000000d5580000)
  object space 68608K, 82% used [0x0000000080000000,0x00000000837247d0,0x0000000084300000)
 Metaspace       used 56462K, committed 57856K, reserved 1114112K
  class space    used 6054K, committed 6656K, reserved 1048576K
}
Event: 14.229 GC heap after
{Heap after GC invocations=50 (full 2):
 PSYoungGen      total 13312K, used 704K [0x00000000d5580000, 0x00000000d6380000, 0x0000000100000000)
  eden space 12288K, 0% used [0x00000000d5580000,0x00000000d5580000,0x00000000d6180000)
  from space 1024K, 68% used [0x00000000d6280000,0x00000000d6330010,0x00000000d6380000)
  to   space 1024K, 0% used [0x00000000d6180000,0x00000000d6180000,0x00000000d6280000)
 ParOldGen       total 68608K, used 56814K [0x0000000080000000, 0x0000000084300000, 0x00000000d5580000)
  object space 68608K, 82% used [0x0000000080000000,0x000000008377b990,0x0000000084300000)
 Metaspace       used 56462K, committed 57856K, reserved 1114112K
  class space    used 6054K, committed 6656K, reserved 1048576K
}
Event: 14.430 GC heap before
{Heap before GC invocations=51 (full 2):
 PSYoungGen      total 13312K, used 12992K [0x00000000d5580000, 0x00000000d6380000, 0x0000000100000000)
  eden space 12288K, 100% used [0x00000000d5580000,0x00000000d6180000,0x00000000d6180000)
  from space 1024K, 68% used [0x00000000d6280000,0x00000000d6330010,0x00000000d6380000)
  to   space 1024K, 0% used [0x00000000d6180000,0x00000000d6180000,0x00000000d6280000)
 ParOldGen       total 68608K, used 56814K [0x0000000080000000, 0x0000000084300000, 0x00000000d5580000)
  object space 68608K, 82% used [0x0000000080000000,0x000000008377b990,0x0000000084300000)
 Metaspace       used 56746K, committed 58112K, reserved 1114112K
  class space    used 6079K, committed 6720K, reserved 1048576K
}
Event: 14.432 GC heap after
{Heap after GC invocations=51 (full 2):
 PSYoungGen      total 13312K, used 448K [0x00000000d5580000, 0x00000000d6380000, 0x0000000100000000)
  eden space 12288K, 0% used [0x00000000d5580000,0x00000000d5580000,0x00000000d6180000)
  from space 1024K, 43% used [0x00000000d6180000,0x00000000d61f0000,0x00000000d6280000)
  to   space 1024K, 0% used [0x00000000d6280000,0x00000000d6280000,0x00000000d6380000)
 ParOldGen       total 68608K, used 57247K [0x0000000080000000, 0x0000000084300000, 0x00000000d5580000)
  object space 68608K, 83% used [0x0000000080000000,0x00000000837e7d30,0x0000000084300000)
 Metaspace       used 56746K, committed 58112K, reserved 1114112K
  class space    used 6079K, committed 6720K, reserved 1048576K
}
Event: 14.668 GC heap before
{Heap before GC invocations=52 (full 2):
 PSYoungGen      total 13312K, used 12736K [0x00000000d5580000, 0x00000000d6380000, 0x0000000100000000)
  eden space 12288K, 100% used [0x00000000d5580000,0x00000000d6180000,0x00000000d6180000)
  from space 1024K, 43% used [0x00000000d6180000,0x00000000d61f0000,0x00000000d6280000)
  to   space 1024K, 0% used [0x00000000d6280000,0x00000000d6280000,0x00000000d6380000)
 ParOldGen       total 68608K, used 57247K [0x0000000080000000, 0x0000000084300000, 0x00000000d5580000)
  object space 68608K, 83% used [0x0000000080000000,0x00000000837e7d30,0x0000000084300000)
 Metaspace       used 56904K, committed 58304K, reserved 1114112K
  class space    used 6087K, committed 6720K, reserved 1048576K
}
Event: 14.669 GC heap after
{Heap after GC invocations=52 (full 2):
 PSYoungGen      total 12800K, used 448K [0x00000000d5580000, 0x00000000d6300000, 0x0000000100000000)
  eden space 12288K, 0% used [0x00000000d5580000,0x00000000d5580000,0x00000000d6180000)
  from space 512K, 87% used [0x00000000d6280000,0x00000000d62f0000,0x00000000d6300000)
  to   space 512K, 0% used [0x00000000d6200000,0x00000000d6200000,0x00000000d6280000)
 ParOldGen       total 68608K, used 57407K [0x0000000080000000, 0x0000000084300000, 0x00000000d5580000)
  object space 68608K, 83% used [0x0000000080000000,0x000000008380fd30,0x0000000084300000)
 Metaspace       used 56904K, committed 58304K, reserved 1114112K
  class space    used 6087K, committed 6720K, reserved 1048576K
}
Event: 15.031 GC heap before
{Heap before GC invocations=53 (full 2):
 PSYoungGen      total 12800K, used 12736K [0x00000000d5580000, 0x00000000d6300000, 0x0000000100000000)
  eden space 12288K, 100% used [0x00000000d5580000,0x00000000d6180000,0x00000000d6180000)
  from space 512K, 87% used [0x00000000d6280000,0x00000000d62f0000,0x00000000d6300000)
  to   space 512K, 0% used [0x00000000d6200000,0x00000000d6200000,0x00000000d6280000)
 ParOldGen       total 68608K, used 57407K [0x0000000080000000, 0x0000000084300000, 0x00000000d5580000)
  object space 68608K, 83% used [0x0000000080000000,0x000000008380fd30,0x0000000084300000)
 Metaspace       used 57132K, committed 58496K, reserved 1114112K
  class space    used 6091K, committed 6720K, reserved 1048576K
}
Event: 15.033 GC heap after
{Heap after GC invocations=53 (full 2):
 PSYoungGen      total 12800K, used 512K [0x00000000d5580000, 0x00000000d6380000, 0x0000000100000000)
  eden space 12288K, 0% used [0x00000000d5580000,0x00000000d5580000,0x00000000d6180000)
  from space 512K, 100% used [0x00000000d6200000,0x00000000d6280000,0x00000000d6280000)
  to   space 1024K, 0% used [0x00000000d6280000,0x00000000d6280000,0x00000000d6380000)
 ParOldGen       total 68608K, used 57591K [0x0000000080000000, 0x0000000084300000, 0x00000000d5580000)
  object space 68608K, 83% used [0x0000000080000000,0x000000008383dd40,0x0000000084300000)
 Metaspace       used 57132K, committed 58496K, reserved 1114112K
  class space    used 6091K, committed 6720K, reserved 1048576K
}
Event: 15.228 GC heap before
{Heap before GC invocations=54 (full 2):
 PSYoungGen      total 12800K, used 12800K [0x00000000d5580000, 0x00000000d6380000, 0x0000000100000000)
  eden space 12288K, 100% used [0x00000000d5580000,0x00000000d6180000,0x00000000d6180000)
  from space 512K, 100% used [0x00000000d6200000,0x00000000d6280000,0x00000000d6280000)
  to   space 1024K, 0% used [0x00000000d6280000,0x00000000d6280000,0x00000000d6380000)
 ParOldGen       total 68608K, used 57591K [0x0000000080000000, 0x0000000084300000, 0x00000000d5580000)
  object space 68608K, 83% used [0x0000000080000000,0x000000008383dd40,0x0000000084300000)
 Metaspace       used 57208K, committed 58560K, reserved 1114112K
  class space    used 6096K, committed 6720K, reserved 1048576K
}
Event: 15.230 GC heap after
{Heap after GC invocations=54 (full 2):
 PSYoungGen      total 13312K, used 576K [0x00000000d5580000, 0x00000000d6380000, 0x0000000100000000)
  eden space 12288K, 0% used [0x00000000d5580000,0x00000000d5580000,0x00000000d6180000)
  from space 1024K, 56% used [0x00000000d6280000,0x00000000d6310000,0x00000000d6380000)
  to   space 1024K, 0% used [0x00000000d6180000,0x00000000d6180000,0x00000000d6280000)
 ParOldGen       total 68608K, used 57952K [0x0000000080000000, 0x0000000084300000, 0x00000000d5580000)
  object space 68608K, 84% used [0x0000000080000000,0x00000000838980b0,0x0000000084300000)
 Metaspace       used 57208K, committed 58560K, reserved 1114112K
  class space    used 6096K, committed 6720K, reserved 1048576K
}
Event: 15.363 GC heap before
{Heap before GC invocations=55 (full 2):
 PSYoungGen      total 13312K, used 12864K [0x00000000d5580000, 0x00000000d6380000, 0x0000000100000000)
  eden space 12288K, 100% used [0x00000000d5580000,0x00000000d6180000,0x00000000d6180000)
  from space 1024K, 56% used [0x00000000d6280000,0x00000000d6310000,0x00000000d6380000)
  to   space 1024K, 0% used [0x00000000d6180000,0x00000000d6180000,0x00000000d6280000)
 ParOldGen       total 68608K, used 57952K [0x0000000080000000, 0x0000000084300000, 0x00000000d5580000)
  object space 68608K, 84% used [0x0000000080000000,0x00000000838980b0,0x0000000084300000)
 Metaspace       used 57297K, committed 58688K, reserved 1114112K
  class space    used 6102K, committed 6784K, reserved 1048576K
}
Event: 15.364 GC heap after
{Heap after GC invocations=55 (full 2):
 PSYoungGen      total 13312K, used 448K [0x00000000d5580000, 0x00000000d6300000, 0x0000000100000000)
  eden space 12288K, 0% used [0x00000000d5580000,0x00000000d5580000,0x00000000d6180000)
  from space 1024K, 43% used [0x00000000d6180000,0x00000000d61f0000,0x00000000d6280000)
  to   space 512K, 0% used [0x00000000d6280000,0x00000000d6280000,0x00000000d6300000)
 ParOldGen       total 68608K, used 58160K [0x0000000080000000, 0x0000000084300000, 0x00000000d5580000)
  object space 68608K, 84% used [0x0000000080000000,0x00000000838cc0c0,0x0000000084300000)
 Metaspace       used 57297K, committed 58688K, reserved 1114112K
  class space    used 6102K, committed 6784K, reserved 1048576K
}
Event: 15.642 GC heap before
{Heap before GC invocations=56 (full 2):
 PSYoungGen      total 13312K, used 12736K [0x00000000d5580000, 0x00000000d6300000, 0x0000000100000000)
  eden space 12288K, 100% used [0x00000000d5580000,0x00000000d6180000,0x00000000d6180000)
  from space 1024K, 43% used [0x00000000d6180000,0x00000000d61f0000,0x00000000d6280000)
  to   space 512K, 0% used [0x00000000d6280000,0x00000000d6280000,0x00000000d6300000)
 ParOldGen       total 68608K, used 58160K [0x0000000080000000, 0x0000000084300000, 0x00000000d5580000)
  object space 68608K, 84% used [0x0000000080000000,0x00000000838cc0c0,0x0000000084300000)
 Metaspace       used 57940K, committed 59328K, reserved 1114112K
  class space    used 6167K, committed 6784K, reserved 1048576K
}
Event: 15.653 GC heap after
{Heap after GC invocations=56 (full 2):
 PSYoungGen      total 12800K, used 512K [0x00000000d5580000, 0x00000000d6380000, 0x0000000100000000)
  eden space 12288K, 0% used [0x00000000d5580000,0x00000000d5580000,0x00000000d6180000)
  from space 512K, 100% used [0x00000000d6280000,0x00000000d6300000,0x00000000d6300000)
  to   space 1024K, 0% used [0x00000000d6180000,0x00000000d6180000,0x00000000d6280000)
 ParOldGen       total 68608K, used 58336K [0x0000000080000000, 0x0000000084300000, 0x00000000d5580000)
  object space 68608K, 85% used [0x0000000080000000,0x00000000838f8018,0x0000000084300000)
 Metaspace       used 57940K, committed 59328K, reserved 1114112K
  class space    used 6167K, committed 6784K, reserved 1048576K
}

Dll operation events (10 events):
Event: 0.010 Loaded shared library c:\Users\OMAR INFO\.windsurf\extensions\redhat.java-1.45.0-win32-x64\jre\21.0.8-win32-x86_64\bin\java.dll
Event: 0.118 Loaded shared library c:\Users\OMAR INFO\.windsurf\extensions\redhat.java-1.45.0-win32-x64\jre\21.0.8-win32-x86_64\bin\zip.dll
Event: 0.154 Loaded shared library C:\Users\OMAR INFO\.windsurf\extensions\redhat.java-1.45.0-win32-x64\jre\21.0.8-win32-x86_64\bin\instrument.dll
Event: 0.162 Loaded shared library C:\Users\OMAR INFO\.windsurf\extensions\redhat.java-1.45.0-win32-x64\jre\21.0.8-win32-x86_64\bin\net.dll
Event: 0.165 Loaded shared library C:\Users\OMAR INFO\.windsurf\extensions\redhat.java-1.45.0-win32-x64\jre\21.0.8-win32-x86_64\bin\nio.dll
Event: 0.170 Loaded shared library C:\Users\OMAR INFO\.windsurf\extensions\redhat.java-1.45.0-win32-x64\jre\21.0.8-win32-x86_64\bin\zip.dll
Event: 0.206 Loaded shared library C:\Users\OMAR INFO\.windsurf\extensions\redhat.java-1.45.0-win32-x64\jre\21.0.8-win32-x86_64\bin\jimage.dll
Event: 0.318 Loaded shared library c:\Users\OMAR INFO\.windsurf\extensions\redhat.java-1.45.0-win32-x64\jre\21.0.8-win32-x86_64\bin\verify.dll
Event: 1.683 Loaded shared library C:\Users\OMAR INFO\AppData\Roaming\Windsurf\User\globalStorage\redhat.java\1.45.0\config_win\org.eclipse.equinox.launcher\org.eclipse.equinox.launcher.win32.win32.x86_64_1.2.1400.v20250801-0854\eclipse_11916.dll
Event: 3.048 Loaded shared library C:\Users\OMAR INFO\AppData\Local\Temp\jna--64980065\jna3363559213091370671.dll

Deoptimization events (20 events):
Event: 15.734 Thread 0x000002107f949c40 Uncommon trap: trap_request=0xffffffde fr.pc=0x000002102b0e85fc relative=0x00000000000001bc
Event: 15.734 Thread 0x000002107f949c40 Uncommon trap: reason=class_check action=maybe_recompile pc=0x000002102b0e85fc method=java.util.ArrayList.hashCodeRange(II)I @ 53 c2
Event: 15.734 Thread 0x000002107f949c40 DEOPT PACKING pc=0x000002102b0e85fc sp=0x000000417acfd480
Event: 15.734 Thread 0x000002107f949c40 DEOPT UNPACKING pc=0x000002102a5a6da2 sp=0x000000417acfd398 mode 2
Event: 15.768 Thread 0x000002107f949c40 Uncommon trap: trap_request=0xffffffde fr.pc=0x000002102b0e85fc relative=0x00000000000001bc
Event: 15.768 Thread 0x000002107f949c40 Uncommon trap: reason=class_check action=maybe_recompile pc=0x000002102b0e85fc method=java.util.ArrayList.hashCodeRange(II)I @ 53 c2
Event: 15.768 Thread 0x000002107f949c40 DEOPT PACKING pc=0x000002102b0e85fc sp=0x000000417acfd310
Event: 15.768 Thread 0x000002107f949c40 DEOPT UNPACKING pc=0x000002102a5a6da2 sp=0x000000417acfd228 mode 2
Event: 15.789 Thread 0x000002107f949c40 Uncommon trap: trap_request=0xffffff45 fr.pc=0x000002102acd74b0 relative=0x00000000000004f0
Event: 15.789 Thread 0x000002107f949c40 Uncommon trap: reason=unstable_if action=reinterpret pc=0x000002102acd74b0 method=java.lang.String.replace(CC)Ljava/lang/String; @ 2 c2
Event: 15.789 Thread 0x000002107f949c40 DEOPT PACKING pc=0x000002102acd74b0 sp=0x000000417acfd770
Event: 15.789 Thread 0x000002107f949c40 DEOPT UNPACKING pc=0x000002102a5a6da2 sp=0x000000417acfd720 mode 2
Event: 15.789 Thread 0x000002107f949c40 Uncommon trap: trap_request=0xffffffde fr.pc=0x000002102b0e85fc relative=0x00000000000001bc
Event: 15.789 Thread 0x000002107f949c40 Uncommon trap: reason=class_check action=maybe_recompile pc=0x000002102b0e85fc method=java.util.ArrayList.hashCodeRange(II)I @ 53 c2
Event: 15.789 Thread 0x000002107f949c40 DEOPT PACKING pc=0x000002102b0e85fc sp=0x000000417acfd480
Event: 15.789 Thread 0x000002107f949c40 DEOPT UNPACKING pc=0x000002102a5a6da2 sp=0x000000417acfd398 mode 2
Event: 15.790 Thread 0x000002107f949c40 Uncommon trap: trap_request=0xffffffde fr.pc=0x000002102b0e85fc relative=0x00000000000001bc
Event: 15.790 Thread 0x000002107f949c40 Uncommon trap: reason=class_check action=maybe_recompile pc=0x000002102b0e85fc method=java.util.ArrayList.hashCodeRange(II)I @ 53 c2
Event: 15.790 Thread 0x000002107f949c40 DEOPT PACKING pc=0x000002102b0e85fc sp=0x000000417acfd310
Event: 15.790 Thread 0x000002107f949c40 DEOPT UNPACKING pc=0x000002102a5a6da2 sp=0x000000417acfd228 mode 2

Classes loaded (20 events):
Event: 13.831 Loading class java/util/stream/ReferencePipeline$4
Event: 13.831 Loading class java/util/stream/ReferencePipeline$4 done
Event: 13.832 Loading class java/util/stream/Nodes$IntFixedNodeBuilder
Event: 13.832 Loading class java/util/stream/Node$Builder$OfInt
Event: 13.832 Loading class java/util/stream/Node$Builder$OfInt done
Event: 13.832 Loading class java/util/stream/Nodes$IntArrayNode
Event: 13.833 Loading class java/util/stream/Nodes$IntArrayNode done
Event: 13.833 Loading class java/util/stream/Nodes$IntFixedNodeBuilder done
Event: 13.833 Loading class java/util/stream/ReferencePipeline$4$1
Event: 13.833 Loading class java/util/stream/ReferencePipeline$4$1 done
Event: 15.517 Loading class java/util/concurrent/CompletableFuture$UniApply
Event: 15.519 Loading class java/util/concurrent/CompletableFuture$UniCompletion
Event: 15.519 Loading class java/util/concurrent/CompletableFuture$UniCompletion done
Event: 15.519 Loading class java/util/concurrent/CompletableFuture$UniApply done
Event: 15.520 Loading class java/util/concurrent/CompletableFuture$UniAccept
Event: 15.520 Loading class java/util/concurrent/CompletableFuture$UniAccept done
Event: 15.520 Loading class java/util/concurrent/CompletableFuture$UniExceptionally
Event: 15.520 Loading class java/util/concurrent/CompletableFuture$UniExceptionally done
Event: 15.531 Loading class java/util/Hashtable$KeySet
Event: 15.531 Loading class java/util/Hashtable$KeySet done

Classes unloaded (7 events):
Event: 3.789 Thread 0x000002101ffc08e0 Unloading class 0x00000210381aa800 'java/lang/invoke/LambdaForm$MH+0x00000210381aa800'
Event: 3.789 Thread 0x000002101ffc08e0 Unloading class 0x00000210381aa400 'java/lang/invoke/LambdaForm$MH+0x00000210381aa400'
Event: 3.789 Thread 0x000002101ffc08e0 Unloading class 0x00000210381aa000 'java/lang/invoke/LambdaForm$MH+0x00000210381aa000'
Event: 3.789 Thread 0x000002101ffc08e0 Unloading class 0x00000210381a9c00 'java/lang/invoke/LambdaForm$MH+0x00000210381a9c00'
Event: 3.789 Thread 0x000002101ffc08e0 Unloading class 0x00000210381a9800 'java/lang/invoke/LambdaForm$BMH+0x00000210381a9800'
Event: 3.789 Thread 0x000002101ffc08e0 Unloading class 0x00000210381a9400 'java/lang/invoke/LambdaForm$DMH+0x00000210381a9400'
Event: 3.789 Thread 0x000002101ffc08e0 Unloading class 0x00000210381a8000 'java/lang/invoke/LambdaForm$DMH+0x00000210381a8000'

Classes redefined (0 events):
No events

Internal exceptions (20 events):
Event: 15.457 Thread 0x0000021001f33aa0 Exception <a 'sun/nio/fs/WindowsException'{0x00000000d5d26098}> (0x00000000d5d26098) 
thrown [s\src\hotspot\share\prims\jni.cpp, line 520]
Event: 15.458 Thread 0x0000021001f33aa0 Exception <a 'sun/nio/fs/WindowsException'{0x00000000d5d266e8}> (0x00000000d5d266e8) 
thrown [s\src\hotspot\share\prims\jni.cpp, line 520]
Event: 15.459 Thread 0x0000021001f33aa0 Exception <a 'sun/nio/fs/WindowsException'{0x00000000d5d29890}> (0x00000000d5d29890) 
thrown [s\src\hotspot\share\prims\jni.cpp, line 520]
Event: 15.459 Thread 0x0000021001f33aa0 Exception <a 'sun/nio/fs/WindowsException'{0x00000000d5d29ee0}> (0x00000000d5d29ee0) 
thrown [s\src\hotspot\share\prims\jni.cpp, line 520]
Event: 15.460 Thread 0x0000021001f33aa0 Exception <a 'sun/nio/fs/WindowsException'{0x00000000d5d2af08}> (0x00000000d5d2af08) 
thrown [s\src\hotspot\share\prims\jni.cpp, line 520]
Event: 15.460 Thread 0x0000021001f33aa0 Exception <a 'sun/nio/fs/WindowsException'{0x00000000d5d2b538}> (0x00000000d5d2b538) 
thrown [s\src\hotspot\share\prims\jni.cpp, line 520]
Event: 15.461 Thread 0x0000021001f33aa0 Exception <a 'sun/nio/fs/WindowsException'{0x00000000d5d2c0c0}> (0x00000000d5d2c0c0) 
thrown [s\src\hotspot\share\prims\jni.cpp, line 520]
Event: 15.461 Thread 0x0000021001f33aa0 Exception <a 'sun/nio/fs/WindowsException'{0x00000000d5d2c6f0}> (0x00000000d5d2c6f0) 
thrown [s\src\hotspot\share\prims\jni.cpp, line 520]
Event: 15.515 Thread 0x0000021001f33aa0 Exception <a 'java/lang/IncompatibleClassChangeError'{0x00000000d5d8cd50}: Found class java.lang.Object, but interface was expected> (0x00000000d5d8cd50) 
thrown [s\src\hotspot\share\interpreter\linkResolver.cpp, line 840]
Event: 15.532 Thread 0x000002107f949c40 Exception <a 'java/io/FileNotFoundException'{0x00000000d5f06fc0}> (0x00000000d5f06fc0) 
thrown [s\src\hotspot\share\prims\jni.cpp, line 520]
Event: 15.532 Thread 0x000002107f949c40 Exception <a 'java/io/FileNotFoundException'{0x00000000d5f082c0}> (0x00000000d5f082c0) 
thrown [s\src\hotspot\share\prims\jni.cpp, line 520]
Event: 15.533 Thread 0x000002107f949c40 Exception <a 'java/io/FileNotFoundException'{0x00000000d5f096f8}> (0x00000000d5f096f8) 
thrown [s\src\hotspot\share\prims\jni.cpp, line 520]
Event: 15.566 Thread 0x000002107f949c40 Exception <a 'sun/nio/fs/WindowsException'{0x00000000d604df10}> (0x00000000d604df10) 
thrown [s\src\hotspot\share\prims\jni.cpp, line 520]
Event: 15.566 Thread 0x000002107f949c40 Exception <a 'sun/nio/fs/WindowsException'{0x00000000d604e540}> (0x00000000d604e540) 
thrown [s\src\hotspot\share\prims\jni.cpp, line 520]
Event: 15.567 Thread 0x000002107f949c40 Exception <a 'sun/nio/fs/WindowsException'{0x00000000d604f1e0}> (0x00000000d604f1e0) 
thrown [s\src\hotspot\share\prims\jni.cpp, line 520]
Event: 15.567 Thread 0x000002107f949c40 Exception <a 'sun/nio/fs/WindowsException'{0x00000000d604f810}> (0x00000000d604f810) 
thrown [s\src\hotspot\share\prims\jni.cpp, line 520]
Event: 15.577 Thread 0x000002107f949c40 Exception <a 'java/io/FileNotFoundException'{0x00000000d608b310}> (0x00000000d608b310) 
thrown [s\src\hotspot\share\prims\jni.cpp, line 520]
Event: 15.577 Thread 0x000002107f949c40 Exception <a 'java/io/FileNotFoundException'{0x00000000d608c4d8}> (0x00000000d608c4d8) 
thrown [s\src\hotspot\share\prims\jni.cpp, line 520]
Event: 15.593 Thread 0x000002107f949c40 Exception <a 'sun/nio/fs/WindowsException'{0x00000000d60c93f8}> (0x00000000d60c93f8) 
thrown [s\src\hotspot\share\prims\jni.cpp, line 520]
Event: 15.593 Thread 0x000002107f949c40 Exception <a 'sun/nio/fs/WindowsException'{0x00000000d60c9a28}> (0x00000000d60c9a28) 
thrown [s\src\hotspot\share\prims\jni.cpp, line 520]

ZGC Phase Switch (0 events):
No events

VM Operations (20 events):
Event: 14.042 Executing VM operation: HandshakeAllThreads (Deoptimize)
Event: 14.042 Executing VM operation: HandshakeAllThreads (Deoptimize) done
Event: 14.183 Executing VM operation: HandshakeAllThreads (Deoptimize)
Event: 14.183 Executing VM operation: HandshakeAllThreads (Deoptimize) done
Event: 14.225 Executing VM operation: ParallelGCFailedAllocation (Allocation Failure)
Event: 14.229 Executing VM operation: ParallelGCFailedAllocation (Allocation Failure) done
Event: 14.430 Executing VM operation: ParallelGCFailedAllocation (Allocation Failure)
Event: 14.432 Executing VM operation: ParallelGCFailedAllocation (Allocation Failure) done
Event: 14.668 Executing VM operation: ParallelGCFailedAllocation (Allocation Failure)
Event: 14.669 Executing VM operation: ParallelGCFailedAllocation (Allocation Failure) done
Event: 15.031 Executing VM operation: ParallelGCFailedAllocation (Allocation Failure)
Event: 15.033 Executing VM operation: ParallelGCFailedAllocation (Allocation Failure) done
Event: 15.228 Executing VM operation: ParallelGCFailedAllocation (Allocation Failure)
Event: 15.230 Executing VM operation: ParallelGCFailedAllocation (Allocation Failure) done
Event: 15.363 Executing VM operation: ParallelGCFailedAllocation (Allocation Failure)
Event: 15.364 Executing VM operation: ParallelGCFailedAllocation (Allocation Failure) done
Event: 15.625 Executing VM operation: HandshakeAllThreads (Deoptimize)
Event: 15.625 Executing VM operation: HandshakeAllThreads (Deoptimize) done
Event: 15.641 Executing VM operation: ParallelGCFailedAllocation (Allocation Failure)
Event: 15.653 Executing VM operation: ParallelGCFailedAllocation (Allocation Failure) done

Memory protections (0 events):
No events

Nmethod flushes (20 events):
Event: 5.278 Thread 0x000002101ffc08e0 flushing  nmethod 0x00000210237dba10
Event: 5.278 Thread 0x000002101ffc08e0 flushing  nmethod 0x00000210237ea290
Event: 5.278 Thread 0x000002101ffc08e0 flushing  nmethod 0x0000021023815990
Event: 5.278 Thread 0x000002101ffc08e0 flushing  nmethod 0x0000021023819d10
Event: 5.278 Thread 0x000002101ffc08e0 flushing  nmethod 0x000002102384bb90
Event: 5.278 Thread 0x000002101ffc08e0 flushing  nmethod 0x000002102384e710
Event: 5.278 Thread 0x000002101ffc08e0 flushing  nmethod 0x000002102384f010
Event: 5.278 Thread 0x000002101ffc08e0 flushing  nmethod 0x0000021023850210
Event: 5.278 Thread 0x000002101ffc08e0 flushing  nmethod 0x0000021023850e10
Event: 5.278 Thread 0x000002101ffc08e0 flushing  nmethod 0x0000021023852b10
Event: 5.278 Thread 0x000002101ffc08e0 flushing  nmethod 0x0000021023853010
Event: 5.278 Thread 0x000002101ffc08e0 flushing  nmethod 0x0000021023853910
Event: 5.278 Thread 0x000002101ffc08e0 flushing  nmethod 0x0000021023854d10
Event: 5.278 Thread 0x000002101ffc08e0 flushing  nmethod 0x0000021023855f90
Event: 5.278 Thread 0x000002101ffc08e0 flushing  nmethod 0x0000021023858210
Event: 5.278 Thread 0x000002101ffc08e0 flushing  nmethod 0x00000210238a0210
Event: 5.278 Thread 0x000002101ffc08e0 flushing  nmethod 0x00000210238a6590
Event: 5.278 Thread 0x000002101ffc08e0 flushing  nmethod 0x00000210238c6c90
Event: 5.278 Thread 0x000002101ffc08e0 flushing  nmethod 0x0000021023998790
Event: 5.278 Thread 0x000002101ffc08e0 flushing  nmethod 0x0000021023998c10

Events (20 events):
Event: 9.030 Thread 0x000002107a7a9800 Thread exited: 0x000002107a7a9800
Event: 9.674 Thread 0x0000021079076030 Thread added: 0x000002107a7a9800
Event: 9.679 Thread 0x000002107a7a9800 Thread added: 0x00000210005cf930
Event: 9.697 Thread 0x0000021079076030 Thread added: 0x000002107ff41a80
Event: 9.772 Thread 0x0000021079157e70 Thread added: 0x0000021003c2c0a0
Event: 9.850 Thread 0x0000021003c2c0a0 Thread added: 0x0000021003eeada0
Event: 9.850 Thread 0x0000021003c2c0a0 Thread added: 0x0000021004b758c0
Event: 9.890 Thread 0x0000021003eeada0 Thread added: 0x0000021002cf31f0
Event: 9.904 Thread 0x0000021079157e70 Thread added: 0x000002100174d280
Event: 11.318 Thread 0x000002100174d280 Thread exited: 0x000002100174d280
Event: 11.343 Thread 0x0000021002cf31f0 Thread exited: 0x0000021002cf31f0
Event: 11.594 Thread 0x0000021004b758c0 Thread exited: 0x0000021004b758c0
Event: 11.747 Thread 0x0000021079157e70 Thread added: 0x0000021002bd2630
Event: 12.956 Thread 0x0000021003eeada0 Thread exited: 0x0000021003eeada0
Event: 13.079 Thread 0x0000021003c2c0a0 Thread exited: 0x0000021003c2c0a0
Event: 13.349 Thread 0x00000210005cf930 Thread exited: 0x00000210005cf930
Event: 13.414 Thread 0x000002107a7a9800 Thread exited: 0x000002107a7a9800
Event: 13.805 Thread 0x0000021002bd2630 Thread added: 0x000002107a7a9800
Event: 13.920 Thread 0x0000021079157e70 Thread added: 0x00000210005cf930
Event: 15.613 Thread 0x000002107f949c40 Thread added: 0x0000021002fd6ab0


Dynamic libraries:
0x00007ff6e3460000 - 0x00007ff6e346e000 	c:\Users\OMAR INFO\.windsurf\extensions\redhat.java-1.45.0-win32-x64\jre\21.0.8-win32-x86_64\bin\java.exe
0x00007ffeec490000 - 0x00007ffeec688000 	C:\Windows\SYSTEM32\ntdll.dll
0x00007ffeea8d0000 - 0x00007ffeea992000 	C:\Windows\System32\KERNEL32.DLL
0x00007ffee9da0000 - 0x00007ffeea096000 	C:\Windows\System32\KERNELBASE.dll
0x00007ffee9b30000 - 0x00007ffee9c30000 	C:\Windows\System32\ucrtbase.dll
0x00007ffe9fde0000 - 0x00007ffe9fdf8000 	c:\Users\OMAR INFO\.windsurf\extensions\redhat.java-1.45.0-win32-x64\jre\21.0.8-win32-x86_64\bin\jli.dll
0x00007ffe9fef0000 - 0x00007ffe9ff0e000 	c:\Users\OMAR INFO\.windsurf\extensions\redhat.java-1.45.0-win32-x64\jre\21.0.8-win32-x86_64\bin\VCRUNTIME140.dll
0x00007ffeeb4f0000 - 0x00007ffeeb68d000 	C:\Windows\System32\USER32.dll
0x00007ffee9cb0000 - 0x00007ffee9cd2000 	C:\Windows\System32\win32u.dll
0x00007ffed0400000 - 0x00007ffed069b000 	C:\Windows\WinSxS\amd64_microsoft.windows.common-controls_6595b64144ccf1df_6.0.19041.6280_none_60bc30a171f2f3f3\COMCTL32.dll
0x00007ffeec2f0000 - 0x00007ffeec31b000 	C:\Windows\System32\GDI32.dll
0x00007ffeeb250000 - 0x00007ffeeb2ee000 	C:\Windows\System32\msvcrt.dll
0x00007ffeea200000 - 0x00007ffeea319000 	C:\Windows\System32\gdi32full.dll
0x00007ffeea420000 - 0x00007ffeea4bd000 	C:\Windows\System32\msvcp_win.dll
0x00007ffeec380000 - 0x00007ffeec3af000 	C:\Windows\System32\IMM32.DLL
0x00007ffeb5610000 - 0x00007ffeb561c000 	c:\Users\OMAR INFO\.windsurf\extensions\redhat.java-1.45.0-win32-x64\jre\21.0.8-win32-x86_64\bin\vcruntime140_1.dll
0x00007ffe912b0000 - 0x00007ffe9133d000 	c:\Users\OMAR INFO\.windsurf\extensions\redhat.java-1.45.0-win32-x64\jre\21.0.8-win32-x86_64\bin\msvcp140.dll
0x00007ffe86320000 - 0x00007ffe870b7000 	c:\Users\OMAR INFO\.windsurf\extensions\redhat.java-1.45.0-win32-x64\jre\21.0.8-win32-x86_64\bin\server\jvm.dll
0x00007ffeea720000 - 0x00007ffeea7d1000 	C:\Windows\System32\ADVAPI32.dll
0x00007ffeec3b0000 - 0x00007ffeec44f000 	C:\Windows\System32\sechost.dll
0x00007ffeeb370000 - 0x00007ffeeb490000 	C:\Windows\System32\RPCRT4.dll
0x00007ffee9ce0000 - 0x00007ffee9d07000 	C:\Windows\System32\bcrypt.dll
0x00007ffeeb300000 - 0x00007ffeeb36b000 	C:\Windows\System32\WS2_32.dll
0x00007ffee94b0000 - 0x00007ffee94fb000 	C:\Windows\SYSTEM32\POWRPROF.dll
0x00007ffedd940000 - 0x00007ffedd967000 	C:\Windows\SYSTEM32\WINMM.dll
0x00007ffee33f0000 - 0x00007ffee33fa000 	C:\Windows\SYSTEM32\VERSION.dll
0x00007ffee9470000 - 0x00007ffee9482000 	C:\Windows\SYSTEM32\UMPDC.dll
0x00007ffee8360000 - 0x00007ffee8372000 	C:\Windows\SYSTEM32\kernel.appcore.dll
0x00007ffeb3330000 - 0x00007ffeb333a000 	c:\Users\OMAR INFO\.windsurf\extensions\redhat.java-1.45.0-win32-x64\jre\21.0.8-win32-x86_64\bin\jimage.dll
0x00007ffee7710000 - 0x00007ffee7911000 	C:\Windows\SYSTEM32\DBGHELP.DLL
0x00007ffecc7f0000 - 0x00007ffecc824000 	C:\Windows\SYSTEM32\dbgcore.DLL
0x00007ffee9d10000 - 0x00007ffee9d92000 	C:\Windows\System32\bcryptPrimitives.dll
0x00007ffeaea30000 - 0x00007ffeaea3f000 	c:\Users\OMAR INFO\.windsurf\extensions\redhat.java-1.45.0-win32-x64\jre\21.0.8-win32-x86_64\bin\instrument.dll
0x00007ffe9d350000 - 0x00007ffe9d36f000 	c:\Users\OMAR INFO\.windsurf\extensions\redhat.java-1.45.0-win32-x64\jre\21.0.8-win32-x86_64\bin\java.dll
0x00007ffeeb690000 - 0x00007ffeebe00000 	C:\Windows\System32\SHELL32.dll
0x00007ffee7b50000 - 0x00007ffee82f5000 	C:\Windows\SYSTEM32\windows.storage.dll
0x00007ffeebf90000 - 0x00007ffeec2e3000 	C:\Windows\System32\combase.dll
0x00007ffee9410000 - 0x00007ffee943b000 	C:\Windows\SYSTEM32\Wldp.dll
0x00007ffeea800000 - 0x00007ffeea8cd000 	C:\Windows\System32\OLEAUT32.dll
0x00007ffeeb1a0000 - 0x00007ffeeb24d000 	C:\Windows\System32\SHCORE.dll
0x00007ffeebe00000 - 0x00007ffeebe5b000 	C:\Windows\System32\shlwapi.dll
0x00007ffee9a60000 - 0x00007ffee9a84000 	C:\Windows\SYSTEM32\profapi.dll
0x00007ffe9d2d0000 - 0x00007ffe9d2e8000 	c:\Users\OMAR INFO\.windsurf\extensions\redhat.java-1.45.0-win32-x64\jre\21.0.8-win32-x86_64\bin\zip.dll
0x00007ffea4250000 - 0x00007ffea4260000 	C:\Users\OMAR INFO\.windsurf\extensions\redhat.java-1.45.0-win32-x64\jre\21.0.8-win32-x86_64\bin\net.dll
0x00007ffee20c0000 - 0x00007ffee21ca000 	C:\Windows\SYSTEM32\WINHTTP.dll
0x00007ffee91f0000 - 0x00007ffee925a000 	C:\Windows\system32\mswsock.dll
0x00007ffe9cc90000 - 0x00007ffe9cca6000 	C:\Users\OMAR INFO\.windsurf\extensions\redhat.java-1.45.0-win32-x64\jre\21.0.8-win32-x86_64\bin\nio.dll
0x00007ffea2950000 - 0x00007ffea2960000 	c:\Users\OMAR INFO\.windsurf\extensions\redhat.java-1.45.0-win32-x64\jre\21.0.8-win32-x86_64\bin\verify.dll
0x00007ffea0bd0000 - 0x00007ffea0c14000 	C:\Users\OMAR INFO\AppData\Roaming\Windsurf\User\globalStorage\redhat.java\1.45.0\config_win\org.eclipse.equinox.launcher\org.eclipse.equinox.launcher.win32.win32.x86_64_1.2.1400.v20250801-0854\eclipse_11916.dll
0x00007ffeeaaa0000 - 0x00007ffeeabcb000 	C:\Windows\System32\ole32.dll
0x00007ffee9450000 - 0x00007ffee9468000 	C:\Windows\SYSTEM32\CRYPTSP.dll
0x00007ffee8ad0000 - 0x00007ffee8b08000 	C:\Windows\system32\rsaenh.dll
0x00007ffee99e0000 - 0x00007ffee9a0e000 	C:\Windows\SYSTEM32\USERENV.dll
0x00007ffee9380000 - 0x00007ffee938c000 	C:\Windows\SYSTEM32\CRYPTBASE.dll
0x00007ffee8ef0000 - 0x00007ffee8f2b000 	C:\Windows\SYSTEM32\IPHLPAPI.DLL
0x00007ffeea9a0000 - 0x00007ffeea9a8000 	C:\Windows\System32\NSI.dll
0x00007ffe9ce90000 - 0x00007ffe9ced9000 	C:\Users\OMAR INFO\AppData\Local\Temp\jna--64980065\jna3363559213091370671.dll
0x00007ffeebe60000 - 0x00007ffeebe68000 	C:\Windows\System32\PSAPI.DLL
0x00007ffee2d80000 - 0x00007ffee2d97000 	C:\Windows\SYSTEM32\dhcpcsvc6.DLL
0x00007ffee2d60000 - 0x00007ffee2d7d000 	C:\Windows\SYSTEM32\dhcpcsvc.DLL

JVMTI agents:
c:\Users\OMAR INFO\.windsurf\extensions\redhat.java-1.45.0-win32-x64\lombok\lombok-1.18.39-4050.jar path:c:\Users\OMAR INFO\.windsurf\extensions\redhat.java-1.45.0-win32-x64\jre\21.0.8-win32-x86_64\bin\instrument.dll, loaded, initialized, instrumentlib options:none

dbghelp: loaded successfully - version: 4.0.5 - missing functions: none
symbol engine: initialized successfully - sym options: 0x614 - pdb path: .;c:\Users\OMAR INFO\.windsurf\extensions\redhat.java-1.45.0-win32-x64\jre\21.0.8-win32-x86_64\bin;C:\Windows\SYSTEM32;C:\Windows\WinSxS\amd64_microsoft.windows.common-controls_6595b64144ccf1df_6.0.19041.6280_none_60bc30a171f2f3f3;c:\Users\OMAR INFO\.windsurf\extensions\redhat.java-1.45.0-win32-x64\jre\21.0.8-win32-x86_64\bin\server;C:\Users\OMAR INFO\AppData\Roaming\Windsurf\User\globalStorage\redhat.java\1.45.0\config_win\org.eclipse.equinox.launcher\org.eclipse.equinox.launcher.win32.win32.x86_64_1.2.1400.v20250801-0854;C:\Users\OMAR INFO\AppData\Local\Temp\jna--64980065

VM Arguments:
jvm_args: --add-modules=ALL-SYSTEM --add-opens=java.base/java.util=ALL-UNNAMED --add-opens=java.base/java.lang=ALL-UNNAMED --add-opens=java.base/sun.nio.fs=ALL-UNNAMED -Declipse.application=org.eclipse.jdt.ls.core.id1 -Dosgi.bundles.defaultStartLevel=4 -Declipse.product=org.eclipse.jdt.ls.core.product -Djava.import.generatesMetadataFilesAtProjectRoot=false -DDetectVMInstallationsJob.disabled=true -Dfile.encoding=utf8 -XX:+UseParallelGC -XX:GCTimeRatio=4 -XX:AdaptiveSizePolicyWeight=90 -Dsun.zip.disableMemoryMapping=true -Xmx2G -Xms100m -Xlog:disable -javaagent:c:\Users\OMAR INFO\.windsurf\extensions\redhat.java-1.45.0-win32-x64\lombok\lombok-1.18.39-4050.jar -XX:+HeapDumpOnOutOfMemoryError -XX:HeapDumpPath=c:\Users\OMAR INFO\AppData\Roaming\Windsurf\User\workspaceStorage\017271f0c0c7557d9833a01acf50ccd7\redhat.java -Daether.dependencyCollector.impl=bf 
java_command: c:\Users\OMAR INFO\.windsurf\extensions\redhat.java-1.45.0-win32-x64\server\plugins\org.eclipse.equinox.launcher_1.7.0.v20250519-0528.jar -configuration c:\Users\OMAR INFO\AppData\Roaming\Windsurf\User\globalStorage\redhat.java\1.45.0\config_win -data c:\Users\OMAR INFO\AppData\Roaming\Windsurf\User\workspaceStorage\017271f0c0c7557d9833a01acf50ccd7\redhat.java\jdt_ws --pipe=\\.\pipe\lsp-940b16bacd2265dd7725e59da22bcea1-sock
java_class_path (initial): c:\Users\OMAR INFO\.windsurf\extensions\redhat.java-1.45.0-win32-x64\server\plugins\org.eclipse.equinox.launcher_1.7.0.v20250519-0528.jar
Launcher Type: SUN_STANDARD

[Global flags]
    uintx AdaptiveSizePolicyWeight                 = 90                                        {product} {command line}
     intx CICompilerCount                          = 12                                        {product} {ergonomic}
    uintx GCTimeRatio                              = 4                                         {product} {command line}
     bool HeapDumpOnOutOfMemoryError               = true                                   {manageable} {command line}
    ccstr HeapDumpPath                             = c:\Users\OMAR INFO\AppData\Roaming\Windsurf\User\workspaceStorage\017271f0c0c7557d9833a01acf50ccd7\redhat.java         {manageable} {command line}
   size_t InitialHeapSize                          = 104857600                                 {product} {command line}
   size_t MaxHeapSize                              = 2147483648                                {product} {command line}
   size_t MaxNewSize                               = 715653120                                 {product} {ergonomic}
   size_t MinHeapDeltaBytes                        = 524288                                    {product} {ergonomic}
   size_t MinHeapSize                              = 104857600                                 {product} {command line}
   size_t NewSize                                  = 34603008                                  {product} {ergonomic}
    uintx NonNMethodCodeHeapSize                   = 7602480                                {pd product} {ergonomic}
    uintx NonProfiledCodeHeapSize                  = 122027880                              {pd product} {ergonomic}
   size_t OldSize                                  = 70254592                                  {product} {ergonomic}
    uintx ProfiledCodeHeapSize                     = 122027880                              {pd product} {ergonomic}
    uintx ReservedCodeCacheSize                    = 251658240                              {pd product} {ergonomic}
     bool SegmentedCodeCache                       = true                                      {product} {ergonomic}
   size_t SoftMaxHeapSize                          = 2147483648                             {manageable} {ergonomic}
     bool UseCompressedOops                        = true                           {product lp64_product} {ergonomic}
     bool UseLargePagesIndividualAllocation        = false                                  {pd product} {ergonomic}
     bool UseParallelGC                            = true                                      {product} {command line}

Logging:
Log output configuration:
 #0: stdout all=off uptime,level,tags foldmultilines=false
 #1: stderr all=off uptime,level,tags foldmultilines=false

Environment Variables:
PATH=C:\oraclexe\app\oracle\product\10.2.0\server\bin;C:\ProgramData\Oracle\Java\javapath;C:\Program Files\Common Files\Oracle\Java\javapath;C:\Windows\system32;C:\Windows;C:\Windows\System32\Wbem;C:\Windows\System32\WindowsPowerShell\v1.0\;C:\Windows\System32\OpenSSH\;C:\Program Files\Microsoft SQL Server\150\Tools\Binn\;C:\Program Files\Microsoft SQL Server\Client SDK\ODBC\170\Tools\Binn\;C:\Program Files\dotnet\;C:\Program Files\NVIDIA Corporation\NVIDIA NvDLISR;C:\ProgramData\chocolatey\bin;C:\Program Files (x86)\Microsoft SQL Server\110\Tools\Binn\;C:\Program Files (x86)\Microsoft SQL Server\110\DTS\Binn\;C:\Program Files (x86)\Microsoft SQL Server\110\Tools\Binn\ManagementStudio\;C:\Program Files (x86)\Microsoft Visual Studio 10.0\Common7\IDE\PrivateAssemblies\;C:\Program Files (x86)\NVIDIA Corporation\PhysX\Common;C:\Program Files\nodejs\;C:\Program Files\Git LFS;C:\Program Files\Docker\Docker\resources\bin;C:\Program Files\Git\cmd;C:\Windows\system32\platform-tools;C:\Program Files\MongoDB\Server\8.0\bin;C:\Users\OMAR INFO\AppData\Local\Programs\Python\Python310;C:\Users\OMAR INFO\AppData\Local\Programs\Python\Python310\Scripts;F:\PuTTY\;C:\Users\OMAR INFO\AppData\Local\Programs\Python\Python310\Scripts\;C:\Users\OMAR INFO\AppData\Local\Programs\Python\Python310\;C:\Users\OMAR INFO\AppData\Local\Microsoft\WindowsApps;C:\Users\OMAR INFO\.dotnet\tools;C:\Program Files\JetBrains\IntelliJ IDEA 2023.2.1\bin;;C:\Users\OMAR INFO\AppData\Local\Programs\Microsoft VS Code\bin;C:\Users\OMAR INFO\AppData\Roaming\npm;C:\Users\OMAR INFO\AppData\Local\GitHubDesktop\bin;C:\xampp\php;C:\Users\OMAR INFO\composer;C:\Users\OMAR INFO\AppData\Roaming\Composer\vendor\bin;C:\Program Files (x86)\Microsoft SDKs\Windows\v10.0A\bin\NETFX 4.8 Tools;C:\Users\OMAR INFO\AppData\Local\Programs\Windsurf\bin;
USERNAME=OMAR INFO
OS=Windows_NT
PROCESSOR_IDENTIFIER=Intel64 Family 6 Model 141 Stepping 1, GenuineIntel
TMP=C:\Users\OMARIN~1\AppData\Local\Temp
TEMP=C:\Users\OMARIN~1\AppData\Local\Temp




Periodic native trim disabled

---------------  S Y S T E M  ---------------

OS:
 Windows 10 , 64 bit Build 19041 (10.0.19041.5915)
OS uptime: 4 days 22:46 hours
Hyper-V role detected

CPU: total 16 (initial active 16) (8 cores per cpu, 2 threads per core) family 6 model 141 stepping 1 microcode 0x26, cx8, cmov, fxsr, ht, mmx, 3dnowpref, sse, sse2, sse3, ssse3, sse4.1, sse4.2, popcnt, lzcnt, tsc, tscinvbit, avx, avx2, aes, erms, clmul, bmi1, bmi2, adx, avx512f, avx512dq, avx512cd, avx512bw, avx512vl, sha, fma, vzeroupper, avx512_vpopcntdq, avx512_vpclmulqdq, avx512_vaes, avx512_vnni, clflush, clflushopt, clwb, avx512_vbmi2, avx512_vbmi, hv, rdtscp, rdpid, fsrm, gfni, avx512_bitalg, f16c, cet_ibt, cet_ss, avx512_ifma
Processor Information for the first 16 processors :
  Max Mhz: 2304, Current Mhz: 2304, Mhz Limit: 2304

Memory: 4k page, system-wide physical 16085M (567M free)
TotalPageFile size 23385M (AvailPageFile size 67M)
current process WorkingSet (physical memory assigned to process): 303M, peak: 327M
current process commit charge ("private bytes"): 406M, peak: 429M

vm_info: OpenJDK 64-Bit Server VM (21.0.8+9-LTS) for windows-amd64 JRE (21.0.8+9-LTS), built on 2025-07-15T00:00:00Z by "admin" with MS VC++ 17.7 (VS2022)

END.
