#
# There is insufficient memory for the Java Runtime Environment to continue.
# Native memory allocation (malloc) failed to allocate 2319536 bytes. Error detail: Chunk::new
# Possible reasons:
#   The system is out of physical RAM or swap space
#   This process is running with CompressedOops enabled, and the Java Heap may be blocking the growth of the native heap
# Possible solutions:
#   Reduce memory load on the system
#   Increase physical memory or swap space
#   Check if swap backing store is full
#   Decrease Java heap size (-Xmx/-Xms)
#   Decrease number of Java threads
#   Decrease Java thread stack sizes (-Xss)
#   Set larger code cache with -XX:ReservedCodeCacheSize=
#   JVM is running with Unscaled Compressed Oops mode in which the Java heap is
#     placed in the first 4GB address space. The Java Heap base address is the
#     maximum limit for the native heap growth. Please use -XX:HeapBaseMinAddress
#     to set the Java Heap base and to place the Java Heap above 4GB virtual address.
# This output file may be truncated or incomplete.
#
#  Out of Memory Error (arena.cpp:168), pid=23192, tid=19484
#
# JRE version: OpenJDK Runtime Environment Temurin-21.0.8+9 (21.0.8+9) (build 21.0.8+9-LTS)
# Java VM: OpenJDK 64-Bit Server VM Temurin-21.0.8+9 (21.0.8+9-LTS, mixed mode, sharing, tiered, compressed oops, compressed class ptrs, parallel gc, windows-amd64)
# No core dump will be written. Minidumps are not enabled by default on client versions of Windows
#

---------------  S U M M A R Y ------------

Command Line: --add-modules=ALL-SYSTEM --add-opens=java.base/java.util=ALL-UNNAMED --add-opens=java.base/java.lang=ALL-UNNAMED --add-opens=java.base/sun.nio.fs=ALL-UNNAMED -Declipse.application=org.eclipse.jdt.ls.core.id1 -Dosgi.bundles.defaultStartLevel=4 -Declipse.product=org.eclipse.jdt.ls.core.product -Djava.import.generatesMetadataFilesAtProjectRoot=false -DDetectVMInstallationsJob.disabled=true -Dfile.encoding=utf8 -XX:+UseParallelGC -XX:GCTimeRatio=4 -XX:AdaptiveSizePolicyWeight=90 -Dsun.zip.disableMemoryMapping=true -Xmx2G -Xms100m -Xlog:disable -javaagent:c:\Users\OMAR INFO\.windsurf\extensions\redhat.java-1.45.0-win32-x64\lombok\lombok-1.18.39-4050.jar -XX:+HeapDumpOnOutOfMemoryError -XX:HeapDumpPath=c:\Users\OMAR INFO\AppData\Roaming\Windsurf\User\workspaceStorage\017271f0c0c7557d9833a01acf50ccd7\redhat.java -Daether.dependencyCollector.impl=bf c:\Users\OMAR INFO\.windsurf\extensions\redhat.java-1.45.0-win32-x64\server\plugins\org.eclipse.equinox.launcher_1.7.0.v20250519-0528.jar -configuration c:\Users\OMAR INFO\AppData\Roaming\Windsurf\User\globalStorage\redhat.java\1.45.0\config_win -data c:\Users\OMAR INFO\AppData\Roaming\Windsurf\User\workspaceStorage\017271f0c0c7557d9833a01acf50ccd7\redhat.java\jdt_ws --pipe=\\.\pipe\lsp-d1f74ca0a4535de27b2943cc028f66fd-sock

Host: 11th Gen Intel(R) Core(TM) i7-11800H @ 2.30GHz, 16 cores, 15G,  Windows 10 , 64 bit Build 19041 (10.0.19041.5915)
Time: Wed Sep 10 13:51:34 2025 Paris, Madrid elapsed time: 7.899445 seconds (0d 0h 0m 7s)

---------------  T H R E A D  ---------------

Current thread (0x000001f771c2b540):  JavaThread "C2 CompilerThread0" daemon [_thread_in_native, id=19484, stack(0x000000b31d700000,0x000000b31d800000) (1024K)]


Current CompileTask:
C2:7899 9669       4       lombok.eclipse.EclipseAST::drill (80 bytes)

Stack: [0x000000b31d700000,0x000000b31d800000]
Native frames: (J=compiled Java code, j=interpreted, Vv=VM code, C=native code)
V  [jvm.dll+0x6d2449]
V  [jvm.dll+0x8ae341]
V  [jvm.dll+0x8b08be]
V  [jvm.dll+0x8b0fa3]
V  [jvm.dll+0x280c96]
V  [jvm.dll+0xc581d]
V  [jvm.dll+0xc5d53]
V  [jvm.dll+0x3b9162]
V  [jvm.dll+0x1e1213]
V  [jvm.dll+0x249022]
V  [jvm.dll+0x2484af]
V  [jvm.dll+0x1c89ee]
V  [jvm.dll+0x257d4d]
V  [jvm.dll+0x2562ea]
V  [jvm.dll+0x3f2d16]
V  [jvm.dll+0x857e6b]
V  [jvm.dll+0x6d0b0d]
C  [ucrtbase.dll+0x21bb2]
C  [KERNEL32.DLL+0x17374]
C  [ntdll.dll+0x4cc91]


---------------  P R O C E S S  ---------------

Threads class SMR info:
_java_thread_list=0x000001f77939b580, length=64, elements={
0x000001f716726550, 0x000001f72f5818c0, 0x000001f72f5831c0, 0x000001f72f584ed0,
0x000001f72f586060, 0x000001f771c17fc0, 0x000001f771c1f200, 0x000001f771c2b540,
0x000001f771c2c940, 0x000001f771c1ff20, 0x000001f771d24890, 0x000001f771d2a2c0,
0x000001f771d2b3f0, 0x000001f771f5ccc0, 0x000001f771c205b0, 0x000001f771c1de50,
0x000001f771c1f890, 0x000001f771c1e4e0, 0x000001f771c20c40, 0x000001f771c1d7c0,
0x000001f771c1eb70, 0x000001f7787d7cf0, 0x000001f7787d8a10, 0x000001f7787d7660,
0x000001f7787dcbb0, 0x000001f7787d6fd0, 0x000001f7787daae0, 0x000001f7787dc520,
0x000001f7787db170, 0x000001f7787d8380, 0x000001f7787d5c20, 0x000001f7787dd240,
0x000001f7787dbe90, 0x000001f7787d9730, 0x000001f7787db800, 0x000001f7787d62b0,
0x000001f7787d90a0, 0x000001f7787d9dc0, 0x000001f7787d6940, 0x000001f7787da450,
0x000001f77a979cf0, 0x000001f77a97cae0, 0x000001f77a97a380, 0x000001f77a97b730,
0x000001f77a97d170, 0x000001f77a97ebb0, 0x000001f77a97bdc0, 0x000001f77a97aa10,
0x000001f77a97b0a0, 0x000001f77a97d800, 0x000001f77a97ff60, 0x000001f77a97f240,
0x000001f77a97f8d0, 0x000001f77a97c450, 0x000001f77a978fd0, 0x000001f77a97de90,
0x000001f77a9805f0, 0x000001f77a97e520, 0x000001f77a979660, 0x000001f779ade500,
0x000001f779add150, 0x000001f779adc430, 0x000001f779ae12f0, 0x000001f779adde70
}

Java Threads: ( => current thread )
  0x000001f716726550 JavaThread "main"                              [_thread_blocked, id=1456, stack(0x000000b31cd00000,0x000000b31ce00000) (1024K)]
  0x000001f72f5818c0 JavaThread "Reference Handler"          daemon [_thread_blocked, id=11716, stack(0x000000b31d100000,0x000000b31d200000) (1024K)]
  0x000001f72f5831c0 JavaThread "Finalizer"                  daemon [_thread_blocked, id=8244, stack(0x000000b31d200000,0x000000b31d300000) (1024K)]
  0x000001f72f584ed0 JavaThread "Signal Dispatcher"          daemon [_thread_blocked, id=21960, stack(0x000000b31d300000,0x000000b31d400000) (1024K)]
  0x000001f72f586060 JavaThread "Attach Listener"            daemon [_thread_blocked, id=13596, stack(0x000000b31d400000,0x000000b31d500000) (1024K)]
  0x000001f771c17fc0 JavaThread "Service Thread"             daemon [_thread_blocked, id=22900, stack(0x000000b31d500000,0x000000b31d600000) (1024K)]
  0x000001f771c1f200 JavaThread "Monitor Deflation Thread"   daemon [_thread_blocked, id=19812, stack(0x000000b31d600000,0x000000b31d700000) (1024K)]
=>0x000001f771c2b540 JavaThread "C2 CompilerThread0"         daemon [_thread_in_native, id=19484, stack(0x000000b31d700000,0x000000b31d800000) (1024K)]
  0x000001f771c2c940 JavaThread "C1 CompilerThread0"         daemon [_thread_blocked, id=17884, stack(0x000000b31d800000,0x000000b31d900000) (1024K)]
  0x000001f771c1ff20 JavaThread "Common-Cleaner"             daemon [_thread_blocked, id=16056, stack(0x000000b31d900000,0x000000b31da00000) (1024K)]
  0x000001f771d24890 JavaThread "C1 CompilerThread1"         daemon [_thread_blocked, id=10880, stack(0x000000b31da00000,0x000000b31db00000) (1024K)]
  0x000001f771d2a2c0 JavaThread "C1 CompilerThread2"         daemon [_thread_blocked, id=18816, stack(0x000000b31db00000,0x000000b31dc00000) (1024K)]
  0x000001f771d2b3f0 JavaThread "C1 CompilerThread3"         daemon [_thread_blocked, id=22952, stack(0x000000b31dc00000,0x000000b31dd00000) (1024K)]
  0x000001f771f5ccc0 JavaThread "C2 CompilerThread1"         daemon [_thread_in_native, id=12028, stack(0x000000b31dd00000,0x000000b31de00000) (1024K)]
  0x000001f771c205b0 JavaThread "Notification Thread"        daemon [_thread_blocked, id=14476, stack(0x000000b31df00000,0x000000b31e000000) (1024K)]
  0x000001f771c1de50 JavaThread "Active Thread: Equinox Container: 9db8a766-f404-43c6-b1d2-d6a5b2cd7041"        [_thread_blocked, id=23052, stack(0x000000b31e600000,0x000000b31e700000) (1024K)]
  0x000001f771c1f890 JavaThread "Refresh Thread: Equinox Container: 9db8a766-f404-43c6-b1d2-d6a5b2cd7041" daemon [_thread_blocked, id=17704, stack(0x000000b31e800000,0x000000b31e900000) (1024K)]
  0x000001f771c1e4e0 JavaThread "Framework Event Dispatcher: Equinox Container: 9db8a766-f404-43c6-b1d2-d6a5b2cd7041" daemon [_thread_blocked, id=12188, stack(0x000000b31e900000,0x000000b31ea00000) (1024K)]
  0x000001f771c20c40 JavaThread "Start Level: Equinox Container: 9db8a766-f404-43c6-b1d2-d6a5b2cd7041" daemon [_thread_blocked, id=18560, stack(0x000000b31ea00000,0x000000b31eb00000) (1024K)]
  0x000001f771c1d7c0 JavaThread "Bundle File Closer"         daemon [_thread_blocked, id=21168, stack(0x000000b31ee00000,0x000000b31ef00000) (1024K)]
  0x000001f771c1eb70 JavaThread "SCR Component Actor"        daemon [_thread_blocked, id=7708, stack(0x000000b31ef00000,0x000000b31f000000) (1024K)]
  0x000001f7787d7cf0 JavaThread "SCR Component Registry"     daemon [_thread_blocked, id=17592, stack(0x000000b31f000000,0x000000b31f100000) (1024K)]
  0x000001f7787d8a10 JavaThread "Worker-JM"                         [_thread_blocked, id=22820, stack(0x000000b31f200000,0x000000b31f300000) (1024K)]
  0x000001f7787d7660 JavaThread "JNA Cleaner"                daemon [_thread_blocked, id=3952, stack(0x000000b31f400000,0x000000b31f500000) (1024K)]
  0x000001f7787dcbb0 JavaThread "Worker-0: Initialize workspace"        [_thread_blocked, id=8896, stack(0x000000b31f500000,0x000000b31f600000) (1024K)]
  0x000001f7787d6fd0 JavaThread "Worker-1"                          [_thread_blocked, id=20772, stack(0x000000b31f600000,0x000000b31f700000) (1024K)]
  0x000001f7787daae0 JavaThread "Java indexing"              daemon [_thread_blocked, id=21612, stack(0x000000b31de00000,0x000000b31df00000) (1024K)]
  0x000001f7787dc520 JavaThread "Worker-2"                          [_thread_blocked, id=2304, stack(0x000000b31f900000,0x000000b31fa00000) (1024K)]
  0x000001f7787db170 JavaThread "Worker-3"                          [_thread_blocked, id=21988, stack(0x000000b31fa00000,0x000000b31fb00000) (1024K)]
  0x000001f7787d8380 JavaThread "Thread-2"                   daemon [_thread_in_native, id=15720, stack(0x000000b31fb00000,0x000000b31fc00000) (1024K)]
  0x000001f7787d5c20 JavaThread "Thread-3"                   daemon [_thread_in_native, id=7336, stack(0x000000b31fc00000,0x000000b31fd00000) (1024K)]
  0x000001f7787dd240 JavaThread "Thread-4"                   daemon [_thread_in_native, id=19700, stack(0x000000b31fd00000,0x000000b31fe00000) (1024K)]
  0x000001f7787dbe90 JavaThread "Thread-5"                   daemon [_thread_in_native, id=22068, stack(0x000000b31fe00000,0x000000b31ff00000) (1024K)]
  0x000001f7787d9730 JavaThread "Thread-6"                   daemon [_thread_in_native, id=15492, stack(0x000000b31ff00000,0x000000b320000000) (1024K)]
  0x000001f7787db800 JavaThread "Thread-7"                   daemon [_thread_in_native, id=21332, stack(0x000000b320000000,0x000000b320100000) (1024K)]
  0x000001f7787d62b0 JavaThread "Thread-8"                   daemon [_thread_in_native, id=7248, stack(0x000000b320100000,0x000000b320200000) (1024K)]
  0x000001f7787d90a0 JavaThread "Thread-9"                   daemon [_thread_in_native, id=7632, stack(0x000000b320200000,0x000000b320300000) (1024K)]
  0x000001f7787d9dc0 JavaThread "Thread-10"                  daemon [_thread_in_native, id=14684, stack(0x000000b320300000,0x000000b320400000) (1024K)]
  0x000001f7787d6940 JavaThread "Thread-11"                  daemon [_thread_in_native, id=17252, stack(0x000000b320400000,0x000000b320500000) (1024K)]
  0x000001f7787da450 JavaThread "Thread-12"                  daemon [_thread_in_native, id=18984, stack(0x000000b320500000,0x000000b320600000) (1024K)]
  0x000001f77a979cf0 JavaThread "Thread-13"                  daemon [_thread_in_native, id=22576, stack(0x000000b320600000,0x000000b320700000) (1024K)]
  0x000001f77a97cae0 JavaThread "Thread-14"                  daemon [_thread_in_native, id=16524, stack(0x000000b320700000,0x000000b320800000) (1024K)]
  0x000001f77a97a380 JavaThread "Thread-15"                  daemon [_thread_in_native, id=9668, stack(0x000000b320800000,0x000000b320900000) (1024K)]
  0x000001f77a97b730 JavaThread "Thread-16"                  daemon [_thread_in_native, id=19684, stack(0x000000b320900000,0x000000b320a00000) (1024K)]
  0x000001f77a97d170 JavaThread "Thread-17"                  daemon [_thread_in_native, id=23340, stack(0x000000b320a00000,0x000000b320b00000) (1024K)]
  0x000001f77a97ebb0 JavaThread "Thread-18"                  daemon [_thread_in_native, id=20984, stack(0x000000b320b00000,0x000000b320c00000) (1024K)]
  0x000001f77a97bdc0 JavaThread "pool-2-thread-1"                   [_thread_blocked, id=19552, stack(0x000000b320c00000,0x000000b320d00000) (1024K)]
  0x000001f77a97aa10 JavaThread "WorkspaceEventsHandler"            [_thread_blocked, id=7656, stack(0x000000b320d00000,0x000000b320e00000) (1024K)]
  0x000001f77a97b0a0 JavaThread "pool-1-thread-1"                   [_thread_blocked, id=19636, stack(0x000000b320e00000,0x000000b320f00000) (1024K)]
  0x000001f77a97d800 JavaThread "ForkJoinPool.commonPool-worker-1" daemon [_thread_blocked, id=18008, stack(0x000000b320f00000,0x000000b321000000) (1024K)]
  0x000001f77a97ff60 JavaThread "ForkJoinPool.commonPool-worker-2" daemon [_thread_blocked, id=23516, stack(0x000000b321000000,0x000000b321100000) (1024K)]
  0x000001f77a97f240 JavaThread "ForkJoinPool.commonPool-worker-3" daemon [_thread_blocked, id=10224, stack(0x000000b321100000,0x000000b321200000) (1024K)]
  0x000001f77a97f8d0 JavaThread "ForkJoinPool.commonPool-worker-4" daemon [_thread_blocked, id=10412, stack(0x000000b321200000,0x000000b321300000) (1024K)]
  0x000001f77a97c450 JavaThread "ForkJoinPool.commonPool-worker-5" daemon [_thread_blocked, id=10432, stack(0x000000b321300000,0x000000b321400000) (1024K)]
  0x000001f77a978fd0 JavaThread "ForkJoinPool.commonPool-worker-6" daemon [_thread_blocked, id=21940, stack(0x000000b321400000,0x000000b321500000) (1024K)]
  0x000001f77a97de90 JavaThread "ForkJoinPool.commonPool-worker-7" daemon [_thread_blocked, id=16736, stack(0x000000b321500000,0x000000b321600000) (1024K)]
  0x000001f77a9805f0 JavaThread "ForkJoinPool.commonPool-worker-8" daemon [_thread_blocked, id=19756, stack(0x000000b321600000,0x000000b321700000) (1024K)]
  0x000001f77a97e520 JavaThread "ForkJoinPool.commonPool-worker-9" daemon [_thread_blocked, id=5828, stack(0x000000b321700000,0x000000b321800000) (1024K)]
  0x000001f77a979660 JavaThread "ForkJoinPool.commonPool-worker-10" daemon [_thread_blocked, id=2604, stack(0x000000b321800000,0x000000b321900000) (1024K)]
  0x000001f779ade500 JavaThread "ForkJoinPool.commonPool-worker-11" daemon [_thread_blocked, id=20676, stack(0x000000b321900000,0x000000b321a00000) (1024K)]
  0x000001f779add150 JavaThread "ForkJoinPool.commonPool-worker-12" daemon [_thread_blocked, id=23172, stack(0x000000b321a00000,0x000000b321b00000) (1024K)]
  0x000001f779adc430 JavaThread "ForkJoinPool.commonPool-worker-13" daemon [_thread_blocked, id=9368, stack(0x000000b321b00000,0x000000b321c00000) (1024K)]
  0x000001f779ae12f0 JavaThread "ForkJoinPool.commonPool-worker-14" daemon [_thread_blocked, id=16112, stack(0x000000b321c00000,0x000000b321d00000) (1024K)]
  0x000001f779adde70 JavaThread "ForkJoinPool.commonPool-worker-15" daemon [_thread_blocked, id=23184, stack(0x000000b321d00000,0x000000b321e00000) (1024K)]
Total: 64

Other Threads:
  0x000001f71670edd0 VMThread "VM Thread"                           [id=9408, stack(0x000000b31d000000,0x000000b31d100000) (1024K)]
  0x000001f718b50020 WatcherThread "VM Periodic Task Thread"        [id=22280, stack(0x000000b31cf00000,0x000000b31d000000) (1024K)]
  0x000001f71670fff0 WorkerThread "GC Thread#0"                     [id=23444, stack(0x000000b31ce00000,0x000000b31cf00000) (1024K)]
  0x000001f71670f510 WorkerThread "GC Thread#1"                     [id=22304, stack(0x000000b31e000000,0x000000b31e100000) (1024K)]
  0x000001f716710730 WorkerThread "GC Thread#2"                     [id=16948, stack(0x000000b31e100000,0x000000b31e200000) (1024K)]
  0x000001f71670f8b0 WorkerThread "GC Thread#3"                     [id=20360, stack(0x000000b31e200000,0x000000b31e300000) (1024K)]
  0x000001f773916a70 WorkerThread "GC Thread#4"                     [id=23264, stack(0x000000b31e300000,0x000000b31e400000) (1024K)]
  0x000001f773915850 WorkerThread "GC Thread#5"                     [id=22808, stack(0x000000b31e400000,0x000000b31e500000) (1024K)]
  0x000001f7739149d0 WorkerThread "GC Thread#6"                     [id=21840, stack(0x000000b31e500000,0x000000b31e600000) (1024K)]
  0x000001f773915bf0 WorkerThread "GC Thread#7"                     [id=12876, stack(0x000000b31e700000,0x000000b31e800000) (1024K)]
  0x000001f773918030 WorkerThread "GC Thread#8"                     [id=9636, stack(0x000000b31eb00000,0x000000b31ec00000) (1024K)]
  0x000001f773915110 WorkerThread "GC Thread#9"                     [id=2976, stack(0x000000b31ec00000,0x000000b31ed00000) (1024K)]
  0x000001f773914d70 WorkerThread "GC Thread#10"                    [id=21888, stack(0x000000b31ed00000,0x000000b31ee00000) (1024K)]
  0x000001f773917c90 WorkerThread "GC Thread#11"                    [id=15332, stack(0x000000b31f100000,0x000000b31f200000) (1024K)]
  0x000001f773916330 WorkerThread "GC Thread#12"                    [id=22560, stack(0x000000b31f300000,0x000000b31f400000) (1024K)]
Total: 15

Threads with active compile tasks:
C2 CompilerThread0  7927 9669       4       lombok.eclipse.EclipseAST::drill (80 bytes)
C2 CompilerThread1  7928 9773       4       java.net.URI::decode (376 bytes)
Total: 2

VM state: at safepoint (normal execution)

VM Mutex/Monitor currently owned by a thread:  ([mutex/lock_event])
[0x00007ffcc5df5458] Threads_lock - owner thread: 0x000001f71670edd0
[0x00007ffcc5df5558] Heap_lock - owner thread: 0x000001f779add150

Heap address: 0x0000000080000000, size: 2048 MB, Compressed Oops mode: 32-bit

CDS archive(s) mapped at: [0x000001f730000000-0x000001f730ba0000-0x000001f730ba0000), size 12189696, SharedBaseAddress: 0x000001f730000000, ArchiveRelocationMode: 1.
Compressed class space mapped at: 0x000001f731000000-0x000001f771000000, reserved size: 1073741824
Narrow klass base: 0x000001f730000000, Narrow klass shift: 0, Narrow klass range: 0x100000000

GC Precious Log:
 CardTable entry size: 512
 CPUs: 16 total, 16 available
 Memory: 16085M
 Large Page Support: Disabled
 NUMA Support: Disabled
 Compressed Oops: Enabled (32-bit)
 Alignments: Space 512K, Generation 512K, Heap 2M
 Heap Min Capacity: 100M
 Heap Initial Capacity: 100M
 Heap Max Capacity: 2G
 Pre-touch: Disabled
 Parallel Workers: 13

Heap:
 PSYoungGen      total 23040K, used 992K [0x00000000d5580000, 0x00000000d6f00000, 0x0000000100000000)
  eden space 22016K, 0% used [0x00000000d5580000,0x00000000d5580000,0x00000000d6b00000)
  from space 1024K, 96% used [0x00000000d6d00000,0x00000000d6df8020,0x00000000d6e00000)
  to   space 1024K, 0% used [0x00000000d6e00000,0x00000000d6e00000,0x00000000d6f00000)
 ParOldGen       total 68608K, used 51878K [0x0000000080000000, 0x0000000084300000, 0x00000000d5580000)
  object space 68608K, 75% used [0x0000000080000000,0x00000000832a9a88,0x0000000084300000)
 Metaspace       used 58320K, committed 59776K, reserved 1114112K
  class space    used 6204K, committed 6912K, reserved 1048576K

Card table byte_map: [0x000001f718490000,0x000001f7188a0000] _byte_map_base: 0x000001f718090000

Marking Bits: (ParMarkBitMap*) 0x00007ffcc5dfa340
 Begin Bits: [0x000001f72af90000, 0x000001f72cf90000)
 End Bits:   [0x000001f72cf90000, 0x000001f72ef90000)

Polling page: 0x000001f716ad0000

Metaspace:

Usage:
  Non-class:     50.89 MB used.
      Class:      6.06 MB used.
       Both:     56.95 MB used.

Virtual space:
  Non-class space:       64.00 MB reserved,      51.62 MB ( 81%) committed,  1 nodes.
      Class space:        1.00 GB reserved,       6.75 MB ( <1%) committed,  1 nodes.
             Both:        1.06 GB reserved,      58.38 MB (  5%) committed. 

Chunk freelists:
   Non-Class:  11.50 MB
       Class:  9.11 MB
        Both:  20.61 MB

MaxMetaspaceSize: unlimited
CompressedClassSpaceSize: 1.00 GB
Initial GC threshold: 21.00 MB
Current GC threshold: 58.38 MB
CDS: on
 - commit_granule_bytes: 65536.
 - commit_granule_words: 8192.
 - virtual_space_node_default_size: 8388608.
 - enlarge_chunks_in_place: 1.
 - use_allocation_guard: 0.


Internal statistics:

num_allocs_failed_limit: 9.
num_arena_births: 1140.
num_arena_deaths: 14.
num_vsnodes_births: 2.
num_vsnodes_deaths: 0.
num_space_committed: 934.
num_space_uncommitted: 0.
num_chunks_returned_to_freelist: 23.
num_chunks_taken_from_freelist: 3798.
num_chunk_merges: 11.
num_chunk_splits: 2384.
num_chunks_enlarged: 1442.
num_inconsistent_stats: 0.

CodeHeap 'non-profiled nmethods': size=119168Kb used=5159Kb max_used=5159Kb free=114008Kb
 bounds [0x000001f723880000, 0x000001f723d90000, 0x000001f72ace0000]
CodeHeap 'profiled nmethods': size=119104Kb used=21279Kb max_used=21279Kb free=97824Kb
 bounds [0x000001f71bce0000, 0x000001f71d1b0000, 0x000001f723130000]
CodeHeap 'non-nmethods': size=7488Kb used=3104Kb max_used=3155Kb free=4383Kb
 bounds [0x000001f723130000, 0x000001f723450000, 0x000001f723880000]
CodeCache: size=245760Kb, used=29542Kb, max_used=29593Kb, free=216215Kb
 total_blobs=10083, nmethods=9370, adapters=616, full_count=0
Compilation: enabled, stopped_count=0, restarted_count=0

Compilation events (20 events):
Event: 7.891 Thread 0x000001f771d24890 10027       1       org.apache.maven.model.Dependency::setVersion (6 bytes)
Event: 7.891 Thread 0x000001f771d24890 nmethod 10027 0x000001f723d88e90 code [0x000001f723d89020, 0x000001f723d89100]
Event: 7.891 Thread 0x000001f771c2c940 nmethod 10023 0x000001f71d19c510 code [0x000001f71d19c7c0, 0x000001f71d19d2a0]
Event: 7.891 Thread 0x000001f771d2b3f0 nmethod 10026 0x000001f71d19d590 code [0x000001f71d19d840, 0x000001f71d19e220]
Event: 7.892 Thread 0x000001f771d2b3f0 10028       2       org.apache.maven.model.Dependency::<init> (11 bytes)
Event: 7.892 Thread 0x000001f771d2a2c0 10029       2       org.apache.maven.model.io.xpp3.MavenXpp3ReaderEx::parseDependency (777 bytes)
Event: 7.892 Thread 0x000001f771d2b3f0 nmethod 10028 0x000001f71d19e690 code [0x000001f71d19e820, 0x000001f71d19e948]
Event: 7.893 Thread 0x000001f771d24890 10031       3       org.apache.maven.model.InputLocation::<init> (30 bytes)
Event: 7.893 Thread 0x000001f771d24890 nmethod 10031 0x000001f71d19ea10 code [0x000001f71d19ebc0, 0x000001f71d19ed60]
Event: 7.893 Thread 0x000001f771d24890 10032       3       org.apache.maven.model.io.xpp3.MavenXpp3ReaderEx::nextTag (64 bytes)
Event: 7.894 Thread 0x000001f771d24890 nmethod 10032 0x000001f71d19ee10 code [0x000001f71d19f080, 0x000001f71d19f910]
Event: 7.894 Thread 0x000001f771d24890 10033   !   2       org.apache.maven.model.Dependency::clone (137 bytes)
Event: 7.894 Thread 0x000001f771d2a2c0 nmethod 10029 0x000001f71d19fd10 code [0x000001f71d1a02a0, 0x000001f71d1a25d8]
Event: 7.895 Thread 0x000001f771d2a2c0 10034       2       java.util.stream.Collectors$$Lambda/0x000001f73136d750::accept (17 bytes)
Event: 7.895 Thread 0x000001f771d2b3f0 10035       2       java.util.stream.Collectors::lambda$uniqKeysMapAccumulator$1 (49 bytes)
Event: 7.895 Thread 0x000001f771d2a2c0 nmethod 10034 0x000001f71d1a3810 code [0x000001f71d1a39c0, 0x000001f71d1a3b50]
Event: 7.895 Thread 0x000001f771d24890 nmethod 10033 0x000001f71d1a3c10 code [0x000001f71d1a3ec0, 0x000001f71d1a46d0]
Event: 7.895 Thread 0x000001f771d2b3f0 nmethod 10035 0x000001f71d1a4d10 code [0x000001f71d1a4f00, 0x000001f71d1a51a0]
Event: 7.897 Thread 0x000001f771d2b3f0 10036       2       org.apache.maven.model.ConfigurationContainer::setLocation (156 bytes)
Event: 7.898 Thread 0x000001f771d2b3f0 nmethod 10036 0x000001f71d1a5390 code [0x000001f71d1a55a0, 0x000001f71d1a5b90]

GC Heap History (20 events):
Event: 6.255 GC heap before
{Heap before GC invocations=29 (full 2):
 PSYoungGen      total 25088K, used 24576K [0x00000000d5580000, 0x00000000d7180000, 0x0000000100000000)
  eden space 22016K, 100% used [0x00000000d5580000,0x00000000d6b00000,0x00000000d6b00000)
  from space 3072K, 83% used [0x00000000d6e80000,0x00000000d7100010,0x00000000d7180000)
  to   space 3072K, 0% used [0x00000000d6b80000,0x00000000d6b80000,0x00000000d6e80000)
 ParOldGen       total 68608K, used 40166K [0x0000000080000000, 0x0000000084300000, 0x00000000d5580000)
  object space 68608K, 58% used [0x0000000080000000,0x0000000082739808,0x0000000084300000)
 Metaspace       used 48761K, committed 50048K, reserved 1114112K
  class space    used 5252K, committed 5824K, reserved 1048576K
}
Event: 6.258 GC heap after
{Heap after GC invocations=29 (full 2):
 PSYoungGen      total 25088K, used 3046K [0x00000000d5580000, 0x00000000d7800000, 0x0000000100000000)
  eden space 22016K, 0% used [0x00000000d5580000,0x00000000d5580000,0x00000000d6b00000)
  from space 3072K, 99% used [0x00000000d6b80000,0x00000000d6e79870,0x00000000d6e80000)
  to   space 6656K, 0% used [0x00000000d7180000,0x00000000d7180000,0x00000000d7800000)
 ParOldGen       total 68608K, used 43118K [0x0000000080000000, 0x0000000084300000, 0x00000000d5580000)
  object space 68608K, 62% used [0x0000000080000000,0x0000000082a1b818,0x0000000084300000)
 Metaspace       used 48761K, committed 50048K, reserved 1114112K
  class space    used 5252K, committed 5824K, reserved 1048576K
}
Event: 6.460 GC heap before
{Heap before GC invocations=30 (full 2):
 PSYoungGen      total 25088K, used 25062K [0x00000000d5580000, 0x00000000d7800000, 0x0000000100000000)
  eden space 22016K, 100% used [0x00000000d5580000,0x00000000d6b00000,0x00000000d6b00000)
  from space 3072K, 99% used [0x00000000d6b80000,0x00000000d6e79870,0x00000000d6e80000)
  to   space 6656K, 0% used [0x00000000d7180000,0x00000000d7180000,0x00000000d7800000)
 ParOldGen       total 68608K, used 43118K [0x0000000080000000, 0x0000000084300000, 0x00000000d5580000)
  object space 68608K, 62% used [0x0000000080000000,0x0000000082a1b818,0x0000000084300000)
 Metaspace       used 49116K, committed 50432K, reserved 1114112K
  class space    used 5285K, committed 5888K, reserved 1048576K
}
Event: 6.463 GC heap after
{Heap after GC invocations=30 (full 2):
 PSYoungGen      total 23040K, used 832K [0x00000000d5580000, 0x00000000d7280000, 0x0000000100000000)
  eden space 22016K, 0% used [0x00000000d5580000,0x00000000d5580000,0x00000000d6b00000)
  from space 1024K, 81% used [0x00000000d7180000,0x00000000d7250000,0x00000000d7280000)
  to   space 3072K, 0% used [0x00000000d6c80000,0x00000000d6c80000,0x00000000d6f80000)
 ParOldGen       total 68608K, used 46083K [0x0000000080000000, 0x0000000084300000, 0x00000000d5580000)
  object space 68608K, 67% used [0x0000000080000000,0x0000000082d00d70,0x0000000084300000)
 Metaspace       used 49116K, committed 50432K, reserved 1114112K
  class space    used 5285K, committed 5888K, reserved 1048576K
}
Event: 6.721 GC heap before
{Heap before GC invocations=31 (full 2):
 PSYoungGen      total 23040K, used 22848K [0x00000000d5580000, 0x00000000d7280000, 0x0000000100000000)
  eden space 22016K, 100% used [0x00000000d5580000,0x00000000d6b00000,0x00000000d6b00000)
  from space 1024K, 81% used [0x00000000d7180000,0x00000000d7250000,0x00000000d7280000)
  to   space 3072K, 0% used [0x00000000d6c80000,0x00000000d6c80000,0x00000000d6f80000)
 ParOldGen       total 68608K, used 46083K [0x0000000080000000, 0x0000000084300000, 0x00000000d5580000)
  object space 68608K, 67% used [0x0000000080000000,0x0000000082d00d70,0x0000000084300000)
 Metaspace       used 51379K, committed 52672K, reserved 1114112K
  class space    used 5561K, committed 6144K, reserved 1048576K
}
Event: 6.722 GC heap after
{Heap after GC invocations=31 (full 2):
 PSYoungGen      total 25088K, used 1405K [0x00000000d5580000, 0x00000000d7200000, 0x0000000100000000)
  eden space 22016K, 0% used [0x00000000d5580000,0x00000000d5580000,0x00000000d6b00000)
  from space 3072K, 45% used [0x00000000d6c80000,0x00000000d6ddf730,0x00000000d6f80000)
  to   space 2048K, 0% used [0x00000000d7000000,0x00000000d7000000,0x00000000d7200000)
 ParOldGen       total 68608K, used 46743K [0x0000000080000000, 0x0000000084300000, 0x00000000d5580000)
  object space 68608K, 68% used [0x0000000080000000,0x0000000082da5d80,0x0000000084300000)
 Metaspace       used 51379K, committed 52672K, reserved 1114112K
  class space    used 5561K, committed 6144K, reserved 1048576K
}
Event: 6.904 GC heap before
{Heap before GC invocations=32 (full 2):
 PSYoungGen      total 25088K, used 23421K [0x00000000d5580000, 0x00000000d7200000, 0x0000000100000000)
  eden space 22016K, 100% used [0x00000000d5580000,0x00000000d6b00000,0x00000000d6b00000)
  from space 3072K, 45% used [0x00000000d6c80000,0x00000000d6ddf730,0x00000000d6f80000)
  to   space 2048K, 0% used [0x00000000d7000000,0x00000000d7000000,0x00000000d7200000)
 ParOldGen       total 68608K, used 46743K [0x0000000080000000, 0x0000000084300000, 0x00000000d5580000)
  object space 68608K, 68% used [0x0000000080000000,0x0000000082da5d80,0x0000000084300000)
 Metaspace       used 52262K, committed 53568K, reserved 1114112K
  class space    used 5677K, committed 6272K, reserved 1048576K
}
Event: 6.906 GC heap after
{Heap after GC invocations=32 (full 2):
 PSYoungGen      total 22528K, used 384K [0x00000000d5580000, 0x00000000d7080000, 0x0000000100000000)
  eden space 22016K, 0% used [0x00000000d5580000,0x00000000d5580000,0x00000000d6b00000)
  from space 512K, 75% used [0x00000000d7000000,0x00000000d7060000,0x00000000d7080000)
  to   space 1024K, 0% used [0x00000000d6e80000,0x00000000d6e80000,0x00000000d6f80000)
 ParOldGen       total 68608K, used 47886K [0x0000000080000000, 0x0000000084300000, 0x00000000d5580000)
  object space 68608K, 69% used [0x0000000080000000,0x0000000082ec3830,0x0000000084300000)
 Metaspace       used 52262K, committed 53568K, reserved 1114112K
  class space    used 5677K, committed 6272K, reserved 1048576K
}
Event: 7.002 GC heap before
{Heap before GC invocations=33 (full 2):
 PSYoungGen      total 22528K, used 22369K [0x00000000d5580000, 0x00000000d7080000, 0x0000000100000000)
  eden space 22016K, 99% used [0x00000000d5580000,0x00000000d6af8628,0x00000000d6b00000)
  from space 512K, 75% used [0x00000000d7000000,0x00000000d7060000,0x00000000d7080000)
  to   space 1024K, 0% used [0x00000000d6e80000,0x00000000d6e80000,0x00000000d6f80000)
 ParOldGen       total 68608K, used 47886K [0x0000000080000000, 0x0000000084300000, 0x00000000d5580000)
  object space 68608K, 69% used [0x0000000080000000,0x0000000082ec3830,0x0000000084300000)
 Metaspace       used 53148K, committed 54464K, reserved 1114112K
  class space    used 5740K, committed 6336K, reserved 1048576K
}
Event: 7.004 GC heap after
{Heap after GC invocations=33 (full 2):
 PSYoungGen      total 23040K, used 1003K [0x00000000d5580000, 0x00000000d7080000, 0x0000000100000000)
  eden space 22016K, 0% used [0x00000000d5580000,0x00000000d5580000,0x00000000d6b00000)
  from space 1024K, 97% used [0x00000000d6e80000,0x00000000d6f7ac18,0x00000000d6f80000)
  to   space 1024K, 0% used [0x00000000d6f80000,0x00000000d6f80000,0x00000000d7080000)
 ParOldGen       total 68608K, used 48980K [0x0000000080000000, 0x0000000084300000, 0x00000000d5580000)
  object space 68608K, 71% used [0x0000000080000000,0x0000000082fd5390,0x0000000084300000)
 Metaspace       used 53148K, committed 54464K, reserved 1114112K
  class space    used 5740K, committed 6336K, reserved 1048576K
}
Event: 7.045 GC heap before
{Heap before GC invocations=34 (full 2):
 PSYoungGen      total 23040K, used 23016K [0x00000000d5580000, 0x00000000d7080000, 0x0000000100000000)
  eden space 22016K, 99% used [0x00000000d5580000,0x00000000d6aff750,0x00000000d6b00000)
  from space 1024K, 97% used [0x00000000d6e80000,0x00000000d6f7ac18,0x00000000d6f80000)
  to   space 1024K, 0% used [0x00000000d6f80000,0x00000000d6f80000,0x00000000d7080000)
 ParOldGen       total 68608K, used 48980K [0x0000000080000000, 0x0000000084300000, 0x00000000d5580000)
  object space 68608K, 71% used [0x0000000080000000,0x0000000082fd5390,0x0000000084300000)
 Metaspace       used 53157K, committed 54464K, reserved 1114112K
  class space    used 5740K, committed 6336K, reserved 1048576K
}
Event: 7.046 GC heap after
{Heap after GC invocations=34 (full 2):
 PSYoungGen      total 23040K, used 1004K [0x00000000d5580000, 0x00000000d7080000, 0x0000000100000000)
  eden space 22016K, 0% used [0x00000000d5580000,0x00000000d5580000,0x00000000d6b00000)
  from space 1024K, 98% used [0x00000000d6f80000,0x00000000d707b3c0,0x00000000d7080000)
  to   space 2560K, 0% used [0x00000000d6b80000,0x00000000d6b80000,0x00000000d6e00000)
 ParOldGen       total 68608K, used 50095K [0x0000000080000000, 0x0000000084300000, 0x00000000d5580000)
  object space 68608K, 73% used [0x0000000080000000,0x00000000830ebf70,0x0000000084300000)
 Metaspace       used 53157K, committed 54464K, reserved 1114112K
  class space    used 5740K, committed 6336K, reserved 1048576K
}
Event: 7.272 GC heap before
{Heap before GC invocations=35 (full 2):
 PSYoungGen      total 23040K, used 23020K [0x00000000d5580000, 0x00000000d7080000, 0x0000000100000000)
  eden space 22016K, 100% used [0x00000000d5580000,0x00000000d6b00000,0x00000000d6b00000)
  from space 1024K, 98% used [0x00000000d6f80000,0x00000000d707b3c0,0x00000000d7080000)
  to   space 2560K, 0% used [0x00000000d6b80000,0x00000000d6b80000,0x00000000d6e00000)
 ParOldGen       total 68608K, used 50095K [0x0000000080000000, 0x0000000084300000, 0x00000000d5580000)
  object space 68608K, 73% used [0x0000000080000000,0x00000000830ebf70,0x0000000084300000)
 Metaspace       used 56191K, committed 57600K, reserved 1114112K
  class space    used 6017K, committed 6656K, reserved 1048576K
}
Event: 7.273 GC heap after
{Heap after GC invocations=35 (full 2):
 PSYoungGen      total 24576K, used 992K [0x00000000d5580000, 0x00000000d7000000, 0x0000000100000000)
  eden space 22016K, 0% used [0x00000000d5580000,0x00000000d5580000,0x00000000d6b00000)
  from space 2560K, 38% used [0x00000000d6b80000,0x00000000d6c78020,0x00000000d6e00000)
  to   space 1536K, 0% used [0x00000000d6e80000,0x00000000d6e80000,0x00000000d7000000)
 ParOldGen       total 68608K, used 50119K [0x0000000080000000, 0x0000000084300000, 0x00000000d5580000)
  object space 68608K, 73% used [0x0000000080000000,0x00000000830f1f70,0x0000000084300000)
 Metaspace       used 56191K, committed 57600K, reserved 1114112K
  class space    used 6017K, committed 6656K, reserved 1048576K
}
Event: 7.418 GC heap before
{Heap before GC invocations=36 (full 2):
 PSYoungGen      total 24576K, used 23008K [0x00000000d5580000, 0x00000000d7000000, 0x0000000100000000)
  eden space 22016K, 100% used [0x00000000d5580000,0x00000000d6b00000,0x00000000d6b00000)
  from space 2560K, 38% used [0x00000000d6b80000,0x00000000d6c78020,0x00000000d6e00000)
  to   space 1536K, 0% used [0x00000000d6e80000,0x00000000d6e80000,0x00000000d7000000)
 ParOldGen       total 68608K, used 50119K [0x0000000080000000, 0x0000000084300000, 0x00000000d5580000)
  object space 68608K, 73% used [0x0000000080000000,0x00000000830f1f70,0x0000000084300000)
 Metaspace       used 56608K, committed 57984K, reserved 1114112K
  class space    used 6054K, committed 6656K, reserved 1048576K
}
Event: 7.419 GC heap after
{Heap after GC invocations=36 (full 2):
 PSYoungGen      total 23040K, used 608K [0x00000000d5580000, 0x00000000d6f80000, 0x0000000100000000)
  eden space 22016K, 0% used [0x00000000d5580000,0x00000000d5580000,0x00000000d6b00000)
  from space 1024K, 59% used [0x00000000d6e80000,0x00000000d6f18000,0x00000000d6f80000)
  to   space 1024K, 0% used [0x00000000d6d80000,0x00000000d6d80000,0x00000000d6e80000)
 ParOldGen       total 68608K, used 50624K [0x0000000080000000, 0x0000000084300000, 0x00000000d5580000)
  object space 68608K, 73% used [0x0000000080000000,0x0000000083170130,0x0000000084300000)
 Metaspace       used 56608K, committed 57984K, reserved 1114112K
  class space    used 6054K, committed 6656K, reserved 1048576K
}
Event: 7.599 GC heap before
{Heap before GC invocations=37 (full 2):
 PSYoungGen      total 23040K, used 22624K [0x00000000d5580000, 0x00000000d6f80000, 0x0000000100000000)
  eden space 22016K, 100% used [0x00000000d5580000,0x00000000d6b00000,0x00000000d6b00000)
  from space 1024K, 59% used [0x00000000d6e80000,0x00000000d6f18000,0x00000000d6f80000)
  to   space 1024K, 0% used [0x00000000d6d80000,0x00000000d6d80000,0x00000000d6e80000)
 ParOldGen       total 68608K, used 50624K [0x0000000080000000, 0x0000000084300000, 0x00000000d5580000)
  object space 68608K, 73% used [0x0000000080000000,0x0000000083170130,0x0000000084300000)
 Metaspace       used 56916K, committed 58304K, reserved 1114112K
  class space    used 6057K, committed 6720K, reserved 1048576K
}
Event: 7.600 GC heap after
{Heap after GC invocations=37 (full 2):
 PSYoungGen      total 23040K, used 736K [0x00000000d5580000, 0x00000000d6f00000, 0x0000000100000000)
  eden space 22016K, 0% used [0x00000000d5580000,0x00000000d5580000,0x00000000d6b00000)
  from space 1024K, 71% used [0x00000000d6d80000,0x00000000d6e38000,0x00000000d6e80000)
  to   space 512K, 0% used [0x00000000d6e80000,0x00000000d6e80000,0x00000000d6f00000)
 ParOldGen       total 68608K, used 50926K [0x0000000080000000, 0x0000000084300000, 0x00000000d5580000)
  object space 68608K, 74% used [0x0000000080000000,0x00000000831bbaf0,0x0000000084300000)
 Metaspace       used 56916K, committed 58304K, reserved 1114112K
  class space    used 6057K, committed 6720K, reserved 1048576K
}
Event: 7.696 GC heap before
{Heap before GC invocations=38 (full 2):
 PSYoungGen      total 23040K, used 22752K [0x00000000d5580000, 0x00000000d6f00000, 0x0000000100000000)
  eden space 22016K, 100% used [0x00000000d5580000,0x00000000d6b00000,0x00000000d6b00000)
  from space 1024K, 71% used [0x00000000d6d80000,0x00000000d6e38000,0x00000000d6e80000)
  to   space 512K, 0% used [0x00000000d6e80000,0x00000000d6e80000,0x00000000d6f00000)
 ParOldGen       total 68608K, used 50926K [0x0000000080000000, 0x0000000084300000, 0x00000000d5580000)
  object space 68608K, 74% used [0x0000000080000000,0x00000000831bbaf0,0x0000000084300000)
 Metaspace       used 57076K, committed 58560K, reserved 1114112K
  class space    used 6066K, committed 6784K, reserved 1048576K
}
Event: 7.697 GC heap after
{Heap after GC invocations=38 (full 2):
 PSYoungGen      total 22528K, used 496K [0x00000000d5580000, 0x00000000d6f00000, 0x0000000100000000)
  eden space 22016K, 0% used [0x00000000d5580000,0x00000000d5580000,0x00000000d6b00000)
  from space 512K, 96% used [0x00000000d6e80000,0x00000000d6efc010,0x00000000d6f00000)
  to   space 1024K, 0% used [0x00000000d6d00000,0x00000000d6d00000,0x00000000d6e00000)
 ParOldGen       total 68608K, used 51406K [0x0000000080000000, 0x0000000084300000, 0x00000000d5580000)
  object space 68608K, 74% used [0x0000000080000000,0x0000000083233b00,0x0000000084300000)
 Metaspace       used 57076K, committed 58560K, reserved 1114112K
  class space    used 6066K, committed 6784K, reserved 1048576K
}

Dll operation events (10 events):
Event: 0.012 Loaded shared library c:\Users\OMAR INFO\.windsurf\extensions\redhat.java-1.45.0-win32-x64\jre\21.0.8-win32-x86_64\bin\java.dll
Event: 0.144 Loaded shared library c:\Users\OMAR INFO\.windsurf\extensions\redhat.java-1.45.0-win32-x64\jre\21.0.8-win32-x86_64\bin\zip.dll
Event: 0.168 Loaded shared library C:\Users\OMAR INFO\.windsurf\extensions\redhat.java-1.45.0-win32-x64\jre\21.0.8-win32-x86_64\bin\instrument.dll
Event: 0.175 Loaded shared library C:\Users\OMAR INFO\.windsurf\extensions\redhat.java-1.45.0-win32-x64\jre\21.0.8-win32-x86_64\bin\net.dll
Event: 0.179 Loaded shared library C:\Users\OMAR INFO\.windsurf\extensions\redhat.java-1.45.0-win32-x64\jre\21.0.8-win32-x86_64\bin\nio.dll
Event: 0.183 Loaded shared library C:\Users\OMAR INFO\.windsurf\extensions\redhat.java-1.45.0-win32-x64\jre\21.0.8-win32-x86_64\bin\zip.dll
Event: 0.219 Loaded shared library C:\Users\OMAR INFO\.windsurf\extensions\redhat.java-1.45.0-win32-x64\jre\21.0.8-win32-x86_64\bin\jimage.dll
Event: 0.315 Loaded shared library c:\Users\OMAR INFO\.windsurf\extensions\redhat.java-1.45.0-win32-x64\jre\21.0.8-win32-x86_64\bin\verify.dll
Event: 1.903 Loaded shared library C:\Users\OMAR INFO\AppData\Roaming\Windsurf\User\globalStorage\redhat.java\1.45.0\config_win\org.eclipse.equinox.launcher\org.eclipse.equinox.launcher.win32.win32.x86_64_1.2.1400.v20250801-0854\eclipse_11916.dll
Event: 3.115 Loaded shared library C:\Users\OMAR INFO\AppData\Local\Temp\jna--64980065\jna701078911616825767.dll

Deoptimization events (20 events):
Event: 7.866 Thread 0x000001f779add150 DEOPT PACKING pc=0x000001f723c637fc sp=0x000000b321afd130
Event: 7.866 Thread 0x000001f779add150 DEOPT UNPACKING pc=0x000001f723186da2 sp=0x000000b321afd048 mode 2
Event: 7.874 Thread 0x000001f779add150 Uncommon trap: trap_request=0xffffffde fr.pc=0x000001f723c637fc relative=0x00000000000001bc
Event: 7.874 Thread 0x000001f779add150 Uncommon trap: reason=class_check action=maybe_recompile pc=0x000001f723c637fc method=java.util.ArrayList.hashCodeRange(II)I @ 53 c2
Event: 7.874 Thread 0x000001f779add150 DEOPT PACKING pc=0x000001f723c637fc sp=0x000000b321afcfc0
Event: 7.874 Thread 0x000001f779add150 DEOPT UNPACKING pc=0x000001f723186da2 sp=0x000000b321afced8 mode 2
Event: 7.884 Thread 0x000001f779add150 Uncommon trap: trap_request=0xffffff45 fr.pc=0x000001f7238b91a4 relative=0x00000000000004c4
Event: 7.884 Thread 0x000001f779add150 Uncommon trap: reason=unstable_if action=reinterpret pc=0x000001f7238b91a4 method=java.lang.String.replace(CC)Ljava/lang/String; @ 2 c2
Event: 7.884 Thread 0x000001f779add150 DEOPT PACKING pc=0x000001f7238b91a4 sp=0x000000b321afd420
Event: 7.884 Thread 0x000001f779add150 DEOPT UNPACKING pc=0x000001f723186da2 sp=0x000000b321afd3d0 mode 2
Event: 7.884 Thread 0x000001f779add150 Uncommon trap: trap_request=0xffffffde fr.pc=0x000001f723c637fc relative=0x00000000000001bc
Event: 7.884 Thread 0x000001f779add150 Uncommon trap: reason=class_check action=maybe_recompile pc=0x000001f723c637fc method=java.util.ArrayList.hashCodeRange(II)I @ 53 c2
Event: 7.884 Thread 0x000001f779add150 DEOPT PACKING pc=0x000001f723c637fc sp=0x000000b321afd130
Event: 7.884 Thread 0x000001f779add150 DEOPT UNPACKING pc=0x000001f723186da2 sp=0x000000b321afd048 mode 2
Event: 7.884 Thread 0x000001f779add150 Uncommon trap: trap_request=0xffffffde fr.pc=0x000001f723c637fc relative=0x00000000000001bc
Event: 7.884 Thread 0x000001f779add150 Uncommon trap: reason=class_check action=maybe_recompile pc=0x000001f723c637fc method=java.util.ArrayList.hashCodeRange(II)I @ 53 c2
Event: 7.884 Thread 0x000001f779add150 DEOPT PACKING pc=0x000001f723c637fc sp=0x000000b321afcfc0
Event: 7.884 Thread 0x000001f779add150 DEOPT UNPACKING pc=0x000001f723186da2 sp=0x000000b321afced8 mode 2
Event: 7.897 Thread 0x000001f779add150 DEOPT PACKING pc=0x000001f71c75c8d6 sp=0x000000b321afd030
Event: 7.897 Thread 0x000001f779add150 DEOPT UNPACKING pc=0x000001f7231878e2 sp=0x000000b321afc558 mode 0

Classes loaded (20 events):
Event: 7.652 Loading class java/util/stream/ReferencePipeline$4
Event: 7.652 Loading class java/util/stream/ReferencePipeline$4 done
Event: 7.653 Loading class java/util/stream/Nodes$IntFixedNodeBuilder
Event: 7.653 Loading class java/util/stream/Node$Builder$OfInt
Event: 7.653 Loading class java/util/stream/Node$Builder$OfInt done
Event: 7.653 Loading class java/util/stream/Nodes$IntArrayNode
Event: 7.653 Loading class java/util/stream/Nodes$IntArrayNode done
Event: 7.653 Loading class java/util/stream/Nodes$IntFixedNodeBuilder done
Event: 7.653 Loading class java/util/stream/ReferencePipeline$4$1
Event: 7.653 Loading class java/util/stream/ReferencePipeline$4$1 done
Event: 7.765 Loading class java/util/concurrent/CompletableFuture$UniApply
Event: 7.765 Loading class java/util/concurrent/CompletableFuture$UniCompletion
Event: 7.766 Loading class java/util/concurrent/CompletableFuture$UniCompletion done
Event: 7.766 Loading class java/util/concurrent/CompletableFuture$UniApply done
Event: 7.766 Loading class java/util/concurrent/CompletableFuture$UniAccept
Event: 7.766 Loading class java/util/concurrent/CompletableFuture$UniAccept done
Event: 7.766 Loading class java/util/concurrent/CompletableFuture$UniExceptionally
Event: 7.766 Loading class java/util/concurrent/CompletableFuture$UniExceptionally done
Event: 7.775 Loading class java/util/Hashtable$KeySet
Event: 7.775 Loading class java/util/Hashtable$KeySet done

Classes unloaded (7 events):
Event: 3.410 Thread 0x000001f71670edd0 Unloading class 0x000001f7311ab000 'java/lang/invoke/LambdaForm$MH+0x000001f7311ab000'
Event: 3.410 Thread 0x000001f71670edd0 Unloading class 0x000001f7311aac00 'java/lang/invoke/LambdaForm$MH+0x000001f7311aac00'
Event: 3.410 Thread 0x000001f71670edd0 Unloading class 0x000001f7311aa800 'java/lang/invoke/LambdaForm$MH+0x000001f7311aa800'
Event: 3.410 Thread 0x000001f71670edd0 Unloading class 0x000001f7311aa400 'java/lang/invoke/LambdaForm$MH+0x000001f7311aa400'
Event: 3.410 Thread 0x000001f71670edd0 Unloading class 0x000001f7311aa000 'java/lang/invoke/LambdaForm$BMH+0x000001f7311aa000'
Event: 3.410 Thread 0x000001f71670edd0 Unloading class 0x000001f7311a9c00 'java/lang/invoke/LambdaForm$DMH+0x000001f7311a9c00'
Event: 3.410 Thread 0x000001f71670edd0 Unloading class 0x000001f7311a8800 'java/lang/invoke/LambdaForm$DMH+0x000001f7311a8800'

Classes redefined (0 events):
No events

Internal exceptions (20 events):
Event: 7.730 Thread 0x000001f77a97b0a0 Exception <a 'sun/nio/fs/WindowsException'{0x00000000d59be230}> (0x00000000d59be230) 
thrown [s\src\hotspot\share\prims\jni.cpp, line 520]
Event: 7.730 Thread 0x000001f77a97b0a0 Exception <a 'sun/nio/fs/WindowsException'{0x00000000d59be880}> (0x00000000d59be880) 
thrown [s\src\hotspot\share\prims\jni.cpp, line 520]
Event: 7.730 Thread 0x000001f77a97b0a0 Exception <a 'sun/nio/fs/WindowsException'{0x00000000d59c1a28}> (0x00000000d59c1a28) 
thrown [s\src\hotspot\share\prims\jni.cpp, line 520]
Event: 7.731 Thread 0x000001f77a97b0a0 Exception <a 'sun/nio/fs/WindowsException'{0x00000000d59c2078}> (0x00000000d59c2078) 
thrown [s\src\hotspot\share\prims\jni.cpp, line 520]
Event: 7.731 Thread 0x000001f77a97b0a0 Exception <a 'sun/nio/fs/WindowsException'{0x00000000d59c30d0}> (0x00000000d59c30d0) 
thrown [s\src\hotspot\share\prims\jni.cpp, line 520]
Event: 7.731 Thread 0x000001f77a97b0a0 Exception <a 'sun/nio/fs/WindowsException'{0x00000000d59c3700}> (0x00000000d59c3700) 
thrown [s\src\hotspot\share\prims\jni.cpp, line 520]
Event: 7.731 Thread 0x000001f77a97b0a0 Exception <a 'sun/nio/fs/WindowsException'{0x00000000d59c4288}> (0x00000000d59c4288) 
thrown [s\src\hotspot\share\prims\jni.cpp, line 520]
Event: 7.731 Thread 0x000001f77a97b0a0 Exception <a 'sun/nio/fs/WindowsException'{0x00000000d59c48b8}> (0x00000000d59c48b8) 
thrown [s\src\hotspot\share\prims\jni.cpp, line 520]
Event: 7.763 Thread 0x000001f77a97b0a0 Exception <a 'java/lang/IncompatibleClassChangeError'{0x00000000d5a27da8}: Found class java.lang.Object, but interface was expected> (0x00000000d5a27da8) 
thrown [s\src\hotspot\share\interpreter\linkResolver.cpp, line 840]
Event: 7.776 Thread 0x000001f7787dcbb0 Exception <a 'java/io/FileNotFoundException'{0x00000000d5bf0560}> (0x00000000d5bf0560) 
thrown [s\src\hotspot\share\prims\jni.cpp, line 520]
Event: 7.776 Thread 0x000001f7787dcbb0 Exception <a 'java/io/FileNotFoundException'{0x00000000d5c016c8}> (0x00000000d5c016c8) 
thrown [s\src\hotspot\share\prims\jni.cpp, line 520]
Event: 7.776 Thread 0x000001f7787dcbb0 Exception <a 'java/io/FileNotFoundException'{0x00000000d5c02b00}> (0x00000000d5c02b00) 
thrown [s\src\hotspot\share\prims\jni.cpp, line 520]
Event: 7.793 Thread 0x000001f779add150 Exception <a 'sun/nio/fs/WindowsException'{0x00000000d5d8a670}> (0x00000000d5d8a670) 
thrown [s\src\hotspot\share\prims\jni.cpp, line 520]
Event: 7.793 Thread 0x000001f779add150 Exception <a 'sun/nio/fs/WindowsException'{0x00000000d5d8af50}> (0x00000000d5d8af50) 
thrown [s\src\hotspot\share\prims\jni.cpp, line 520]
Event: 7.794 Thread 0x000001f779add150 Exception <a 'sun/nio/fs/WindowsException'{0x00000000d5d8c118}> (0x00000000d5d8c118) 
thrown [s\src\hotspot\share\prims\jni.cpp, line 520]
Event: 7.794 Thread 0x000001f779add150 Exception <a 'sun/nio/fs/WindowsException'{0x00000000d5d8c9f8}> (0x00000000d5d8c9f8) 
thrown [s\src\hotspot\share\prims\jni.cpp, line 520]
Event: 7.799 Thread 0x000001f779add150 Exception <a 'java/io/FileNotFoundException'{0x00000000d5dc8aa8}> (0x00000000d5dc8aa8) 
thrown [s\src\hotspot\share\prims\jni.cpp, line 520]
Event: 7.799 Thread 0x000001f779add150 Exception <a 'java/io/FileNotFoundException'{0x00000000d5dc9f20}> (0x00000000d5dc9f20) 
thrown [s\src\hotspot\share\prims\jni.cpp, line 520]
Event: 7.804 Thread 0x000001f779add150 Exception <a 'sun/nio/fs/WindowsException'{0x00000000d5e07ee8}> (0x00000000d5e07ee8) 
thrown [s\src\hotspot\share\prims\jni.cpp, line 520]
Event: 7.804 Thread 0x000001f779add150 Exception <a 'sun/nio/fs/WindowsException'{0x00000000d5e087c8}> (0x00000000d5e087c8) 
thrown [s\src\hotspot\share\prims\jni.cpp, line 520]

ZGC Phase Switch (0 events):
No events

VM Operations (20 events):
Event: 7.272 Executing VM operation: ParallelGCFailedAllocation (Allocation Failure)
Event: 7.273 Executing VM operation: ParallelGCFailedAllocation (Allocation Failure) done
Event: 7.359 Executing VM operation: HandshakeAllThreads (Deoptimize)
Event: 7.359 Executing VM operation: HandshakeAllThreads (Deoptimize) done
Event: 7.365 Executing VM operation: ICBufferFull
Event: 7.365 Executing VM operation: ICBufferFull done
Event: 7.418 Executing VM operation: ParallelGCFailedAllocation (Allocation Failure)
Event: 7.419 Executing VM operation: ParallelGCFailedAllocation (Allocation Failure) done
Event: 7.523 Executing VM operation: ICBufferFull
Event: 7.523 Executing VM operation: ICBufferFull done
Event: 7.599 Executing VM operation: ParallelGCFailedAllocation (Allocation Failure)
Event: 7.600 Executing VM operation: ParallelGCFailedAllocation (Allocation Failure) done
Event: 7.630 Executing VM operation: HandshakeAllThreads (Deoptimize)
Event: 7.631 Executing VM operation: HandshakeAllThreads (Deoptimize) done
Event: 7.696 Executing VM operation: ParallelGCFailedAllocation (Allocation Failure)
Event: 7.697 Executing VM operation: ParallelGCFailedAllocation (Allocation Failure) done
Event: 7.817 Executing VM operation: HandshakeAllThreads (Deoptimize)
Event: 7.817 Executing VM operation: HandshakeAllThreads (Deoptimize) done
Event: 7.826 Executing VM operation: ICBufferFull
Event: 7.826 Executing VM operation: ICBufferFull done

Memory protections (0 events):
No events

Nmethod flushes (20 events):
Event: 4.211 Thread 0x000001f71670edd0 flushing  nmethod 0x000001f71c3fde90
Event: 4.211 Thread 0x000001f71670edd0 flushing  nmethod 0x000001f71c403990
Event: 4.211 Thread 0x000001f71670edd0 flushing  nmethod 0x000001f71c427b10
Event: 4.211 Thread 0x000001f71670edd0 flushing  nmethod 0x000001f71c42a690
Event: 4.211 Thread 0x000001f71670edd0 flushing  nmethod 0x000001f71c42af90
Event: 4.211 Thread 0x000001f71670edd0 flushing  nmethod 0x000001f71c42c190
Event: 4.211 Thread 0x000001f71670edd0 flushing  nmethod 0x000001f71c42cd90
Event: 4.211 Thread 0x000001f71670edd0 flushing  nmethod 0x000001f71c42d510
Event: 4.211 Thread 0x000001f71670edd0 flushing  nmethod 0x000001f71c42ea90
Event: 4.211 Thread 0x000001f71670edd0 flushing  nmethod 0x000001f71c42ef90
Event: 4.211 Thread 0x000001f71670edd0 flushing  nmethod 0x000001f71c42f890
Event: 4.211 Thread 0x000001f71670edd0 flushing  nmethod 0x000001f71c430c90
Event: 4.211 Thread 0x000001f71670edd0 flushing  nmethod 0x000001f71c432710
Event: 4.211 Thread 0x000001f71670edd0 flushing  nmethod 0x000001f71c434190
Event: 4.211 Thread 0x000001f71670edd0 flushing  nmethod 0x000001f71c47ad10
Event: 4.211 Thread 0x000001f71670edd0 flushing  nmethod 0x000001f71c47ff90
Event: 4.211 Thread 0x000001f71670edd0 flushing  nmethod 0x000001f71c4a2610
Event: 4.211 Thread 0x000001f71670edd0 flushing  nmethod 0x000001f71c532f90
Event: 4.211 Thread 0x000001f71670edd0 flushing  nmethod 0x000001f71c56e710
Event: 4.211 Thread 0x000001f71670edd0 flushing  nmethod 0x000001f71c56eb90

Events (20 events):
Event: 4.085 Thread 0x000001f716726550 Thread added: 0x000001f77a97d170
Event: 4.085 Thread 0x000001f716726550 Thread added: 0x000001f77a97ebb0
Event: 4.108 Thread 0x000001f716726550 Thread added: 0x000001f77a97bdc0
Event: 4.229 Thread 0x000001f716726550 Thread added: 0x000001f77a97aa10
Event: 4.229 Thread 0x000001f716726550 Thread added: 0x000001f77a97b0a0
Event: 4.409 Thread 0x000001f7787d6fd0 Thread added: 0x000001f77a97d800
Event: 4.409 Thread 0x000001f7787d6fd0 Thread added: 0x000001f77a97ff60
Event: 4.409 Thread 0x000001f77a97d800 Thread added: 0x000001f77a97f240
Event: 4.409 Thread 0x000001f77a97ff60 Thread added: 0x000001f77a97f8d0
Event: 4.409 Thread 0x000001f77a97f240 Thread added: 0x000001f77a97c450
Event: 4.410 Thread 0x000001f77a97f8d0 Thread added: 0x000001f77a978fd0
Event: 4.410 Thread 0x000001f77a97c450 Thread added: 0x000001f77a97de90
Event: 4.410 Thread 0x000001f77a978fd0 Thread added: 0x000001f77a9805f0
Event: 4.410 Thread 0x000001f77a97de90 Thread added: 0x000001f77a97e520
Event: 4.410 Thread 0x000001f77a9805f0 Thread added: 0x000001f77a979660
Event: 4.410 Thread 0x000001f77a97e520 Thread added: 0x000001f779ade500
Event: 4.410 Thread 0x000001f77a979660 Thread added: 0x000001f779add150
Event: 4.410 Thread 0x000001f779ade500 Thread added: 0x000001f779adc430
Event: 4.410 Thread 0x000001f779add150 Thread added: 0x000001f779ae12f0
Event: 4.410 Thread 0x000001f779adc430 Thread added: 0x000001f779adde70


Dynamic libraries:
0x00007ff64be10000 - 0x00007ff64be1e000 	c:\Users\OMAR INFO\.windsurf\extensions\redhat.java-1.45.0-win32-x64\jre\21.0.8-win32-x86_64\bin\java.exe
0x00007ffd49890000 - 0x00007ffd49a88000 	C:\Windows\SYSTEM32\ntdll.dll
0x00007ffd496e0000 - 0x00007ffd497a2000 	C:\Windows\System32\KERNEL32.DLL
0x00007ffd47500000 - 0x00007ffd477f7000 	C:\Windows\System32\KERNELBASE.dll
0x00007ffd47190000 - 0x00007ffd47290000 	C:\Windows\System32\ucrtbase.dll
0x00007ffd13ca0000 - 0x00007ffd13cb8000 	c:\Users\OMAR INFO\.windsurf\extensions\redhat.java-1.45.0-win32-x64\jre\21.0.8-win32-x86_64\bin\jli.dll
0x00007ffd12b50000 - 0x00007ffd12b6e000 	c:\Users\OMAR INFO\.windsurf\extensions\redhat.java-1.45.0-win32-x64\jre\21.0.8-win32-x86_64\bin\VCRUNTIME140.dll
0x00007ffd48820000 - 0x00007ffd489bd000 	C:\Windows\System32\USER32.dll
0x00007ffd47880000 - 0x00007ffd478a2000 	C:\Windows\System32\win32u.dll
0x00007ffd497b0000 - 0x00007ffd497db000 	C:\Windows\System32\GDI32.dll
0x00007ffd47070000 - 0x00007ffd47189000 	C:\Windows\System32\gdi32full.dll
0x00007ffd46f20000 - 0x00007ffd46fbd000 	C:\Windows\System32\msvcp_win.dll
0x00007ffd2db60000 - 0x00007ffd2ddfa000 	C:\Windows\WinSxS\amd64_microsoft.windows.common-controls_6595b64144ccf1df_6.0.19041.5915_none_60b4b9d171f9c7c7\COMCTL32.dll
0x00007ffd47e80000 - 0x00007ffd47f1e000 	C:\Windows\System32\msvcrt.dll
0x00007ffd484a0000 - 0x00007ffd484cf000 	C:\Windows\System32\IMM32.DLL
0x00007ffd273e0000 - 0x00007ffd273ec000 	c:\Users\OMAR INFO\.windsurf\extensions\redhat.java-1.45.0-win32-x64\jre\21.0.8-win32-x86_64\bin\vcruntime140_1.dll
0x00007ffce5560000 - 0x00007ffce55ed000 	c:\Users\OMAR INFO\.windsurf\extensions\redhat.java-1.45.0-win32-x64\jre\21.0.8-win32-x86_64\bin\msvcp140.dll
0x00007ffcc5140000 - 0x00007ffcc5ed7000 	c:\Users\OMAR INFO\.windsurf\extensions\redhat.java-1.45.0-win32-x64\jre\21.0.8-win32-x86_64\bin\server\jvm.dll
0x00007ffd48680000 - 0x00007ffd48731000 	C:\Windows\System32\ADVAPI32.dll
0x00007ffd48280000 - 0x00007ffd4831f000 	C:\Windows\System32\sechost.dll
0x00007ffd49330000 - 0x00007ffd49456000 	C:\Windows\System32\RPCRT4.dll
0x00007ffd47480000 - 0x00007ffd474a7000 	C:\Windows\System32\bcrypt.dll
0x00007ffd497e0000 - 0x00007ffd4984b000 	C:\Windows\System32\WS2_32.dll
0x00007ffd468a0000 - 0x00007ffd468eb000 	C:\Windows\SYSTEM32\POWRPROF.dll
0x00007ffd387d0000 - 0x00007ffd387f7000 	C:\Windows\SYSTEM32\WINMM.dll
0x00007ffd40580000 - 0x00007ffd4058a000 	C:\Windows\SYSTEM32\VERSION.dll
0x00007ffd46880000 - 0x00007ffd46892000 	C:\Windows\SYSTEM32\UMPDC.dll
0x00007ffd45730000 - 0x00007ffd45742000 	C:\Windows\SYSTEM32\kernel.appcore.dll
0x00007ffd19320000 - 0x00007ffd1932a000 	c:\Users\OMAR INFO\.windsurf\extensions\redhat.java-1.45.0-win32-x64\jre\21.0.8-win32-x86_64\bin\jimage.dll
0x00007ffd44c50000 - 0x00007ffd44e51000 	C:\Windows\SYSTEM32\DBGHELP.DLL
0x00007ffd2ad10000 - 0x00007ffd2ad44000 	C:\Windows\SYSTEM32\dbgcore.DLL
0x00007ffd47290000 - 0x00007ffd47312000 	C:\Windows\System32\bcryptPrimitives.dll
0x00007ffd19280000 - 0x00007ffd1928f000 	c:\Users\OMAR INFO\.windsurf\extensions\redhat.java-1.45.0-win32-x64\jre\21.0.8-win32-x86_64\bin\instrument.dll
0x00007ffd110a0000 - 0x00007ffd110bf000 	c:\Users\OMAR INFO\.windsurf\extensions\redhat.java-1.45.0-win32-x64\jre\21.0.8-win32-x86_64\bin\java.dll
0x00007ffd48aa0000 - 0x00007ffd4920e000 	C:\Windows\System32\SHELL32.dll
0x00007ffd44f40000 - 0x00007ffd456e4000 	C:\Windows\SYSTEM32\windows.storage.dll
0x00007ffd47f20000 - 0x00007ffd48273000 	C:\Windows\System32\combase.dll
0x00007ffd46800000 - 0x00007ffd4682b000 	C:\Windows\SYSTEM32\Wldp.dll
0x00007ffd49460000 - 0x00007ffd4952d000 	C:\Windows\System32\OLEAUT32.dll
0x00007ffd47dd0000 - 0x00007ffd47e7d000 	C:\Windows\System32\SHCORE.dll
0x00007ffd48320000 - 0x00007ffd4837b000 	C:\Windows\System32\shlwapi.dll
0x00007ffd46e50000 - 0x00007ffd46e74000 	C:\Windows\SYSTEM32\profapi.dll
0x00007ffd170c0000 - 0x00007ffd170d8000 	c:\Users\OMAR INFO\.windsurf\extensions\redhat.java-1.45.0-win32-x64\jre\21.0.8-win32-x86_64\bin\zip.dll
0x00007ffd277e0000 - 0x00007ffd277f0000 	C:\Users\OMAR INFO\.windsurf\extensions\redhat.java-1.45.0-win32-x64\jre\21.0.8-win32-x86_64\bin\net.dll
0x00007ffd3f500000 - 0x00007ffd3f60a000 	C:\Windows\SYSTEM32\WINHTTP.dll
0x00007ffd465e0000 - 0x00007ffd4664a000 	C:\Windows\system32\mswsock.dll
0x00007ffd13880000 - 0x00007ffd13896000 	C:\Users\OMAR INFO\.windsurf\extensions\redhat.java-1.45.0-win32-x64\jre\21.0.8-win32-x86_64\bin\nio.dll
0x00007ffd277d0000 - 0x00007ffd277e0000 	c:\Users\OMAR INFO\.windsurf\extensions\redhat.java-1.45.0-win32-x64\jre\21.0.8-win32-x86_64\bin\verify.dll
0x00007ffcf92a0000 - 0x00007ffcf92e4000 	C:\Users\OMAR INFO\AppData\Roaming\Windsurf\User\globalStorage\redhat.java\1.45.0\config_win\org.eclipse.equinox.launcher\org.eclipse.equinox.launcher.win32.win32.x86_64_1.2.1400.v20250801-0854\eclipse_11916.dll
0x00007ffd49530000 - 0x00007ffd4965b000 	C:\Windows\System32\ole32.dll
0x00007ffd46840000 - 0x00007ffd46858000 	C:\Windows\SYSTEM32\CRYPTSP.dll
0x00007ffd45ec0000 - 0x00007ffd45ef8000 	C:\Windows\system32\rsaenh.dll
0x00007ffd46dd0000 - 0x00007ffd46dfe000 	C:\Windows\SYSTEM32\USERENV.dll
0x00007ffd46770000 - 0x00007ffd4677c000 	C:\Windows\SYSTEM32\CRYPTBASE.dll
0x00007ffd462e0000 - 0x00007ffd4631b000 	C:\Windows\SYSTEM32\IPHLPAPI.DLL
0x00007ffd47940000 - 0x00007ffd47948000 	C:\Windows\System32\NSI.dll
0x00007ffce5a10000 - 0x00007ffce5a59000 	C:\Users\OMAR INFO\AppData\Local\Temp\jna--64980065\jna701078911616825767.dll
0x00007ffd47950000 - 0x00007ffd47958000 	C:\Windows\System32\PSAPI.DLL
0x00007ffd3ff00000 - 0x00007ffd3ff17000 	C:\Windows\SYSTEM32\dhcpcsvc6.DLL
0x00007ffd3fee0000 - 0x00007ffd3fefd000 	C:\Windows\SYSTEM32\dhcpcsvc.DLL

JVMTI agents:
c:\Users\OMAR INFO\.windsurf\extensions\redhat.java-1.45.0-win32-x64\lombok\lombok-1.18.39-4050.jar path:c:\Users\OMAR INFO\.windsurf\extensions\redhat.java-1.45.0-win32-x64\jre\21.0.8-win32-x86_64\bin\instrument.dll, loaded, initialized, instrumentlib options:none

dbghelp: loaded successfully - version: 4.0.5 - missing functions: none
symbol engine: initialized successfully - sym options: 0x614 - pdb path: .;c:\Users\OMAR INFO\.windsurf\extensions\redhat.java-1.45.0-win32-x64\jre\21.0.8-win32-x86_64\bin;C:\Windows\SYSTEM32;C:\Windows\WinSxS\amd64_microsoft.windows.common-controls_6595b64144ccf1df_6.0.19041.5915_none_60b4b9d171f9c7c7;c:\Users\OMAR INFO\.windsurf\extensions\redhat.java-1.45.0-win32-x64\jre\21.0.8-win32-x86_64\bin\server;C:\Users\OMAR INFO\AppData\Roaming\Windsurf\User\globalStorage\redhat.java\1.45.0\config_win\org.eclipse.equinox.launcher\org.eclipse.equinox.launcher.win32.win32.x86_64_1.2.1400.v20250801-0854;C:\Users\OMAR INFO\AppData\Local\Temp\jna--64980065

VM Arguments:
jvm_args: --add-modules=ALL-SYSTEM --add-opens=java.base/java.util=ALL-UNNAMED --add-opens=java.base/java.lang=ALL-UNNAMED --add-opens=java.base/sun.nio.fs=ALL-UNNAMED -Declipse.application=org.eclipse.jdt.ls.core.id1 -Dosgi.bundles.defaultStartLevel=4 -Declipse.product=org.eclipse.jdt.ls.core.product -Djava.import.generatesMetadataFilesAtProjectRoot=false -DDetectVMInstallationsJob.disabled=true -Dfile.encoding=utf8 -XX:+UseParallelGC -XX:GCTimeRatio=4 -XX:AdaptiveSizePolicyWeight=90 -Dsun.zip.disableMemoryMapping=true -Xmx2G -Xms100m -Xlog:disable -javaagent:c:\Users\OMAR INFO\.windsurf\extensions\redhat.java-1.45.0-win32-x64\lombok\lombok-1.18.39-4050.jar -XX:+HeapDumpOnOutOfMemoryError -XX:HeapDumpPath=c:\Users\OMAR INFO\AppData\Roaming\Windsurf\User\workspaceStorage\017271f0c0c7557d9833a01acf50ccd7\redhat.java -Daether.dependencyCollector.impl=bf 
java_command: c:\Users\OMAR INFO\.windsurf\extensions\redhat.java-1.45.0-win32-x64\server\plugins\org.eclipse.equinox.launcher_1.7.0.v20250519-0528.jar -configuration c:\Users\OMAR INFO\AppData\Roaming\Windsurf\User\globalStorage\redhat.java\1.45.0\config_win -data c:\Users\OMAR INFO\AppData\Roaming\Windsurf\User\workspaceStorage\017271f0c0c7557d9833a01acf50ccd7\redhat.java\jdt_ws --pipe=\\.\pipe\lsp-d1f74ca0a4535de27b2943cc028f66fd-sock
java_class_path (initial): c:\Users\OMAR INFO\.windsurf\extensions\redhat.java-1.45.0-win32-x64\server\plugins\org.eclipse.equinox.launcher_1.7.0.v20250519-0528.jar
Launcher Type: SUN_STANDARD

[Global flags]
    uintx AdaptiveSizePolicyWeight                 = 90                                        {product} {command line}
     intx CICompilerCount                          = 12                                        {product} {ergonomic}
    uintx GCTimeRatio                              = 4                                         {product} {command line}
     bool HeapDumpOnOutOfMemoryError               = true                                   {manageable} {command line}
    ccstr HeapDumpPath                             = c:\Users\OMAR INFO\AppData\Roaming\Windsurf\User\workspaceStorage\017271f0c0c7557d9833a01acf50ccd7\redhat.java         {manageable} {command line}
   size_t InitialHeapSize                          = 104857600                                 {product} {command line}
   size_t MaxHeapSize                              = 2147483648                                {product} {command line}
   size_t MaxNewSize                               = 715653120                                 {product} {ergonomic}
   size_t MinHeapDeltaBytes                        = 524288                                    {product} {ergonomic}
   size_t MinHeapSize                              = 104857600                                 {product} {command line}
   size_t NewSize                                  = 34603008                                  {product} {ergonomic}
    uintx NonNMethodCodeHeapSize                   = 7602480                                {pd product} {ergonomic}
    uintx NonProfiledCodeHeapSize                  = 122027880                              {pd product} {ergonomic}
   size_t OldSize                                  = 70254592                                  {product} {ergonomic}
    uintx ProfiledCodeHeapSize                     = 122027880                              {pd product} {ergonomic}
    uintx ReservedCodeCacheSize                    = 251658240                              {pd product} {ergonomic}
     bool SegmentedCodeCache                       = true                                      {product} {ergonomic}
   size_t SoftMaxHeapSize                          = 2147483648                             {manageable} {ergonomic}
     bool UseCompressedOops                        = true                           {product lp64_product} {ergonomic}
     bool UseLargePagesIndividualAllocation        = false                                  {pd product} {ergonomic}
     bool UseParallelGC                            = true                                      {product} {command line}

Logging:
Log output configuration:
 #0: stdout all=off uptime,level,tags foldmultilines=false
 #1: stderr all=off uptime,level,tags foldmultilines=false

Environment Variables:
PATH=C:\oraclexe\app\oracle\product\10.2.0\server\bin;C:\ProgramData\Oracle\Java\javapath;C:\Program Files\Common Files\Oracle\Java\javapath;C:\Windows\system32;C:\Windows;C:\Windows\System32\Wbem;C:\Windows\System32\WindowsPowerShell\v1.0\;C:\Windows\System32\OpenSSH\;C:\Program Files\Microsoft SQL Server\150\Tools\Binn\;C:\Program Files\Microsoft SQL Server\Client SDK\ODBC\170\Tools\Binn\;C:\Program Files\dotnet\;C:\Program Files\NVIDIA Corporation\NVIDIA NvDLISR;C:\ProgramData\chocolatey\bin;C:\Program Files (x86)\Microsoft SQL Server\110\Tools\Binn\;C:\Program Files (x86)\Microsoft SQL Server\110\DTS\Binn\;C:\Program Files (x86)\Microsoft SQL Server\110\Tools\Binn\ManagementStudio\;C:\Program Files (x86)\Microsoft Visual Studio 10.0\Common7\IDE\PrivateAssemblies\;C:\Program Files (x86)\NVIDIA Corporation\PhysX\Common;C:\Program Files\nodejs\;C:\Program Files\Git LFS;C:\Program Files\Docker\Docker\resources\bin;C:\Program Files\Git\cmd;C:\Windows\system32\platform-tools;C:\Program Files\MongoDB\Server\8.0\bin;C:\Users\OMAR INFO\AppData\Local\Programs\Python\Python310;C:\Users\OMAR INFO\AppData\Local\Programs\Python\Python310\Scripts;F:\PuTTY\;C:\Users\OMAR INFO\AppData\Local\Programs\Python\Python310\Scripts\;C:\Users\OMAR INFO\AppData\Local\Programs\Python\Python310\;C:\Users\OMAR INFO\AppData\Local\Microsoft\WindowsApps;C:\Users\OMAR INFO\.dotnet\tools;C:\Program Files\JetBrains\IntelliJ IDEA 2023.2.1\bin;;C:\Users\OMAR INFO\AppData\Local\Programs\Microsoft VS Code\bin;C:\Users\OMAR INFO\AppData\Roaming\npm;C:\Users\OMAR INFO\AppData\Local\GitHubDesktop\bin;C:\xampp\php;C:\Users\OMAR INFO\composer;C:\Users\OMAR INFO\AppData\Roaming\Composer\vendor\bin;C:\Program Files (x86)\Microsoft SDKs\Windows\v10.0A\bin\NETFX 4.8 Tools;C:\Users\OMAR INFO\AppData\Local\Programs\Windsurf\bin;
USERNAME=OMAR INFO
OS=Windows_NT
PROCESSOR_IDENTIFIER=Intel64 Family 6 Model 141 Stepping 1, GenuineIntel
TMP=C:\Users\OMARIN~1\AppData\Local\Temp
TEMP=C:\Users\OMARIN~1\AppData\Local\Temp




Periodic native trim disabled

---------------  S Y S T E M  ---------------

OS:
 Windows 10 , 64 bit Build 19041 (10.0.19041.5915)
OS uptime: 3 days 14:16 hours
Hyper-V role detected

CPU: total 16 (initial active 16) (8 cores per cpu, 2 threads per core) family 6 model 141 stepping 1 microcode 0x26, cx8, cmov, fxsr, ht, mmx, 3dnowpref, sse, sse2, sse3, ssse3, sse4.1, sse4.2, popcnt, lzcnt, tsc, tscinvbit, avx, avx2, aes, erms, clmul, bmi1, bmi2, adx, avx512f, avx512dq, avx512cd, avx512bw, avx512vl, sha, fma, vzeroupper, avx512_vpopcntdq, avx512_vpclmulqdq, avx512_vaes, avx512_vnni, clflush, clflushopt, clwb, avx512_vbmi2, avx512_vbmi, hv, rdtscp, rdpid, fsrm, gfni, avx512_bitalg, f16c, cet_ibt, cet_ss, avx512_ifma
Processor Information for the first 16 processors :
  Max Mhz: 2304, Current Mhz: 2304, Mhz Limit: 2304

Memory: 4k page, system-wide physical 16085M (380M free)
TotalPageFile size 23385M (AvailPageFile size 5M)
current process WorkingSet (physical memory assigned to process): 289M, peak: 290M
current process commit charge ("private bytes"): 393M, peak: 396M

vm_info: OpenJDK 64-Bit Server VM (21.0.8+9-LTS) for windows-amd64 JRE (21.0.8+9-LTS), built on 2025-07-15T00:00:00Z by "admin" with MS VC++ 17.7 (VS2022)

END.
