#
# There is insufficient memory for the Java Runtime Environment to continue.
# Native memory allocation (malloc) failed to allocate 1323536 bytes. Error detail: Chunk::new
# Possible reasons:
#   The system is out of physical RAM or swap space
#   This process is running with CompressedOops enabled, and the Java Heap may be blocking the growth of the native heap
# Possible solutions:
#   Reduce memory load on the system
#   Increase physical memory or swap space
#   Check if swap backing store is full
#   Decrease Java heap size (-Xmx/-Xms)
#   Decrease number of Java threads
#   Decrease Java thread stack sizes (-Xss)
#   Set larger code cache with -XX:ReservedCodeCacheSize=
#   JVM is running with Unscaled Compressed Oops mode in which the Java heap is
#     placed in the first 4GB address space. The Java Heap base address is the
#     maximum limit for the native heap growth. Please use -XX:HeapBaseMinAddress
#     to set the Java Heap base and to place the Java Heap above 4GB virtual address.
# This output file may be truncated or incomplete.
#
#  Out of Memory Error (arena.cpp:168), pid=24372, tid=8804
#
# JRE version: OpenJDK Runtime Environment Temurin-21.0.8+9 (21.0.8+9) (build 21.0.8+9-LTS)
# Java VM: OpenJDK 64-Bit Server VM Temurin-21.0.8+9 (21.0.8+9-LTS, mixed mode, sharing, tiered, compressed oops, compressed class ptrs, parallel gc, windows-amd64)
# No core dump will be written. Minidumps are not enabled by default on client versions of Windows
#

---------------  S U M M A R Y ------------

Command Line: --add-modules=ALL-SYSTEM --add-opens=java.base/java.util=ALL-UNNAMED --add-opens=java.base/java.lang=ALL-UNNAMED --add-opens=java.base/sun.nio.fs=ALL-UNNAMED -Declipse.application=org.eclipse.jdt.ls.core.id1 -Dosgi.bundles.defaultStartLevel=4 -Declipse.product=org.eclipse.jdt.ls.core.product -Djava.import.generatesMetadataFilesAtProjectRoot=false -DDetectVMInstallationsJob.disabled=true -Dfile.encoding=utf8 -XX:+UseParallelGC -XX:GCTimeRatio=4 -XX:AdaptiveSizePolicyWeight=90 -Dsun.zip.disableMemoryMapping=true -Xmx2G -Xms100m -Xlog:disable -javaagent:c:\Users\OMAR INFO\.windsurf\extensions\redhat.java-1.45.0-win32-x64\lombok\lombok-1.18.39-4050.jar -XX:+HeapDumpOnOutOfMemoryError -XX:HeapDumpPath=c:\Users\OMAR INFO\AppData\Roaming\Windsurf\User\workspaceStorage\017271f0c0c7557d9833a01acf50ccd7\redhat.java -Daether.dependencyCollector.impl=bf c:\Users\OMAR INFO\.windsurf\extensions\redhat.java-1.45.0-win32-x64\server\plugins\org.eclipse.equinox.launcher_1.7.0.v20250519-0528.jar -configuration c:\Users\OMAR INFO\AppData\Roaming\Windsurf\User\globalStorage\redhat.java\1.45.0\config_win -data c:\Users\OMAR INFO\AppData\Roaming\Windsurf\User\workspaceStorage\017271f0c0c7557d9833a01acf50ccd7\redhat.java\jdt_ws --pipe=\\.\pipe\lsp-60b715790909a8b48ac3dc4fcb13592e-sock

Host: 11th Gen Intel(R) Core(TM) i7-11800H @ 2.30GHz, 16 cores, 15G,  Windows 10 , 64 bit Build 19041 (10.0.19041.5915)
Time: Wed Sep 10 16:59:11 2025 Paris, Madrid elapsed time: 5.456662 seconds (0d 0h 0m 5s)

---------------  T H R E A D  ---------------

Current thread (0x000001b2f418bbc0):  JavaThread "C2 CompilerThread0" daemon [_thread_in_native, id=8804, stack(0x000000398f800000,0x000000398f900000) (1024K)]


Current CompileTask:
C2:5456 5307   !   4       org.eclipse.osgi.internal.loader.classpath.ClasspathManager::findClassImpl (343 bytes)

Stack: [0x000000398f800000,0x000000398f900000]
Native frames: (J=compiled Java code, j=interpreted, Vv=VM code, C=native code)
V  [jvm.dll+0x6d2449]
V  [jvm.dll+0x8ae341]
V  [jvm.dll+0x8b08be]
V  [jvm.dll+0x8b0fa3]
V  [jvm.dll+0x280c96]
V  [jvm.dll+0xc581d]
V  [jvm.dll+0xc5d53]
V  [jvm.dll+0x3b9162]
V  [jvm.dll+0x1e1213]
V  [jvm.dll+0x249022]
V  [jvm.dll+0x2484af]
V  [jvm.dll+0x1c89ee]
V  [jvm.dll+0x257d4d]
V  [jvm.dll+0x2562ea]
V  [jvm.dll+0x3f2d16]
V  [jvm.dll+0x857e6b]
V  [jvm.dll+0x6d0b0d]
C  [ucrtbase.dll+0x21bb2]
C  [KERNEL32.DLL+0x17374]
C  [ntdll.dll+0x4cc91]


---------------  P R O C E S S  ---------------

Threads class SMR info:
_java_thread_list=0x000001b2fd54fbe0, length=65, elements={
0x000001b2dd6e0570, 0x000001b2f417fc10, 0x000001b2f4181510, 0x000001b2f41836a0,
0x000001b2f41845b0, 0x000001b2f4186d60, 0x000001b2f41897c0, 0x000001b2f418bbc0,
0x000001b2f418d7f0, 0x000001b2dd74d2d0, 0x000001b2f585ccf0, 0x000001b2f585fb40,
0x000001b2f5acbef0, 0x000001b2fb670140, 0x000001b2fbaede20, 0x000001b2fb7c6920,
0x000001b2fb7c9b70, 0x000001b2fbfc6a40, 0x000001b2fbc3eee0, 0x000001b2fbc3d4a0,
0x000001b2fbc3db30, 0x000001b2fc0d6220, 0x000001b2fbc3c0f0, 0x000001b2fbc3ce10,
0x000001b2fbc3e1c0, 0x000001b2fc3f1350, 0x000001b2fc3efee0, 0x000001b2fbc3ba60,
0x000001b2fbc3c780, 0x000001b2fbc3e850, 0x000001b2c17ffad0, 0x000001b2c1800e80,
0x000001b2c17ff440, 0x000001b2c1801510, 0x000001b2c1801ba0, 0x000001b2c1802230,
0x000001b2c18028c0, 0x000001b2c1805d40, 0x000001b2c1805020, 0x000001b2c1800160,
0x000001b2c17fedb0, 0x000001b2c18007f0, 0x000001b2c18056b0, 0x000001b2c1804990,
0x000001b2c1804300, 0x000001b2c1802f50, 0x000001b2c18035e0, 0x000001b2c18063d0,
0x000001b2fde322e0, 0x000001b2fde33690, 0x000001b2fde32970, 0x000001b2fde33d20,
0x000001b2fde343b0, 0x000001b2fde34a40, 0x000001b2fde350d0, 0x000001b2fde31c50,
0x000001b2fde33000, 0x000001b2fc4f4e70, 0x000001b2fc4f3430, 0x000001b2fc4f2da0,
0x000001b2fc4f3ac0, 0x000001b2fc4f4150, 0x000001b2fc4f82f0, 0x000001b2fc4f47e0,
0x000001b2fc4f5500
}

Java Threads: ( => current thread )
  0x000001b2dd6e0570 JavaThread "main"                              [_thread_blocked, id=22620, stack(0x000000398ee00000,0x000000398ef00000) (1024K)]
  0x000001b2f417fc10 JavaThread "Reference Handler"          daemon [_thread_blocked, id=18452, stack(0x000000398f200000,0x000000398f300000) (1024K)]
  0x000001b2f4181510 JavaThread "Finalizer"                  daemon [_thread_blocked, id=16752, stack(0x000000398f300000,0x000000398f400000) (1024K)]
  0x000001b2f41836a0 JavaThread "Signal Dispatcher"          daemon [_thread_blocked, id=11900, stack(0x000000398f400000,0x000000398f500000) (1024K)]
  0x000001b2f41845b0 JavaThread "Attach Listener"            daemon [_thread_blocked, id=10364, stack(0x000000398f500000,0x000000398f600000) (1024K)]
  0x000001b2f4186d60 JavaThread "Service Thread"             daemon [_thread_blocked, id=13540, stack(0x000000398f600000,0x000000398f700000) (1024K)]
  0x000001b2f41897c0 JavaThread "Monitor Deflation Thread"   daemon [_thread_blocked, id=16524, stack(0x000000398f700000,0x000000398f800000) (1024K)]
=>0x000001b2f418bbc0 JavaThread "C2 CompilerThread0"         daemon [_thread_in_native, id=8804, stack(0x000000398f800000,0x000000398f900000) (1024K)]
  0x000001b2f418d7f0 JavaThread "C1 CompilerThread0"         daemon [_thread_blocked, id=17800, stack(0x000000398f900000,0x000000398fa00000) (1024K)]
  0x000001b2dd74d2d0 JavaThread "Common-Cleaner"             daemon [_thread_blocked, id=8172, stack(0x000000398fa00000,0x000000398fb00000) (1024K)]
  0x000001b2f585ccf0 JavaThread "C1 CompilerThread1"         daemon [_thread_blocked, id=17888, stack(0x000000398fb00000,0x000000398fc00000) (1024K)]
  0x000001b2f585fb40 JavaThread "C1 CompilerThread2"         daemon [_thread_blocked, id=7760, stack(0x000000398fc00000,0x000000398fd00000) (1024K)]
  0x000001b2f5acbef0 JavaThread "Notification Thread"        daemon [_thread_blocked, id=18548, stack(0x000000398ff00000,0x0000003990000000) (1024K)]
  0x000001b2fb670140 JavaThread "Active Thread: Equinox Container: fb9de077-d6e1-4578-b8a9-410ff6d6017d"        [_thread_blocked, id=2060, stack(0x0000003990600000,0x0000003990700000) (1024K)]
  0x000001b2fbaede20 JavaThread "Refresh Thread: Equinox Container: fb9de077-d6e1-4578-b8a9-410ff6d6017d" daemon [_thread_blocked, id=19308, stack(0x0000003990800000,0x0000003990900000) (1024K)]
  0x000001b2fb7c6920 JavaThread "Framework Event Dispatcher: Equinox Container: fb9de077-d6e1-4578-b8a9-410ff6d6017d" daemon [_thread_blocked, id=24112, stack(0x0000003990900000,0x0000003990a00000) (1024K)]
  0x000001b2fb7c9b70 JavaThread "Start Level: Equinox Container: fb9de077-d6e1-4578-b8a9-410ff6d6017d" daemon [_thread_blocked, id=4404, stack(0x0000003990a00000,0x0000003990b00000) (1024K)]
  0x000001b2fbfc6a40 JavaThread "Bundle File Closer"         daemon [_thread_blocked, id=9264, stack(0x0000003990e00000,0x0000003990f00000) (1024K)]
  0x000001b2fbc3eee0 JavaThread "SCR Component Actor"        daemon [_thread_blocked, id=23744, stack(0x0000003990f00000,0x0000003991000000) (1024K)]
  0x000001b2fbc3d4a0 JavaThread "SCR Component Registry"     daemon [_thread_blocked, id=22684, stack(0x000000398fe00000,0x000000398ff00000) (1024K)]
  0x000001b2fbc3db30 JavaThread "Worker-JM"                         [_thread_blocked, id=23468, stack(0x0000003991200000,0x0000003991300000) (1024K)]
  0x000001b2fc0d6220 JavaThread "C1 CompilerThread3"         daemon [_thread_blocked, id=10196, stack(0x0000003991300000,0x0000003991400000) (1024K)]
  0x000001b2fbc3c0f0 JavaThread "JNA Cleaner"                daemon [_thread_blocked, id=20772, stack(0x0000003991600000,0x0000003991700000) (1024K)]
  0x000001b2fbc3ce10 JavaThread "Worker-0: Repository registry initialization"        [_thread_in_vm, id=16488, stack(0x0000003991700000,0x0000003991800000) (1024K)]
  0x000001b2fbc3e1c0 JavaThread "Worker-1"                          [_thread_blocked, id=3448, stack(0x0000003991800000,0x0000003991900000) (1024K)]
  0x000001b2fc3f1350 JavaThread "C2 CompilerThread1"         daemon [_thread_in_native, id=21264, stack(0x000000398fd00000,0x000000398fe00000) (1024K)]
  0x000001b2fc3efee0 JavaThread "C2 CompilerThread2"         daemon [_thread_in_native, id=16208, stack(0x0000003991100000,0x0000003991200000) (1024K)]
  0x000001b2fbc3ba60 JavaThread "Java indexing"              daemon [_thread_blocked, id=24560, stack(0x0000003991500000,0x0000003991600000) (1024K)]
  0x000001b2fbc3c780 JavaThread "Worker-2"                          [_thread_blocked, id=8232, stack(0x0000003991b00000,0x0000003991c00000) (1024K)]
  0x000001b2fbc3e850 JavaThread "Worker-3"                          [_thread_blocked, id=16996, stack(0x0000003991c00000,0x0000003991d00000) (1024K)]
  0x000001b2c17ffad0 JavaThread "Thread-2"                   daemon [_thread_in_native, id=12740, stack(0x0000003991d00000,0x0000003991e00000) (1024K)]
  0x000001b2c1800e80 JavaThread "Thread-3"                   daemon [_thread_in_native, id=20908, stack(0x0000003991e00000,0x0000003991f00000) (1024K)]
  0x000001b2c17ff440 JavaThread "Thread-4"                   daemon [_thread_in_native, id=7632, stack(0x0000003991f00000,0x0000003992000000) (1024K)]
  0x000001b2c1801510 JavaThread "Thread-5"                   daemon [_thread_in_native, id=20788, stack(0x0000003992000000,0x0000003992100000) (1024K)]
  0x000001b2c1801ba0 JavaThread "Thread-6"                   daemon [_thread_in_native, id=8500, stack(0x0000003992100000,0x0000003992200000) (1024K)]
  0x000001b2c1802230 JavaThread "Thread-7"                   daemon [_thread_in_native, id=24016, stack(0x0000003992200000,0x0000003992300000) (1024K)]
  0x000001b2c18028c0 JavaThread "Thread-8"                   daemon [_thread_in_native, id=9128, stack(0x0000003992300000,0x0000003992400000) (1024K)]
  0x000001b2c1805d40 JavaThread "Thread-9"                   daemon [_thread_in_native, id=11716, stack(0x0000003992400000,0x0000003992500000) (1024K)]
  0x000001b2c1805020 JavaThread "Thread-10"                  daemon [_thread_in_native, id=7432, stack(0x0000003992500000,0x0000003992600000) (1024K)]
  0x000001b2c1800160 JavaThread "Thread-11"                  daemon [_thread_in_native, id=9244, stack(0x0000003992600000,0x0000003992700000) (1024K)]
  0x000001b2c17fedb0 JavaThread "Thread-12"                  daemon [_thread_in_native, id=20000, stack(0x0000003992700000,0x0000003992800000) (1024K)]
  0x000001b2c18007f0 JavaThread "Thread-13"                  daemon [_thread_in_native, id=19872, stack(0x0000003992800000,0x0000003992900000) (1024K)]
  0x000001b2c18056b0 JavaThread "Thread-14"                  daemon [_thread_in_native, id=13076, stack(0x0000003992900000,0x0000003992a00000) (1024K)]
  0x000001b2c1804990 JavaThread "Thread-15"                  daemon [_thread_in_native, id=6228, stack(0x0000003992a00000,0x0000003992b00000) (1024K)]
  0x000001b2c1804300 JavaThread "Thread-16"                  daemon [_thread_in_native, id=8272, stack(0x0000003992b00000,0x0000003992c00000) (1024K)]
  0x000001b2c1802f50 JavaThread "Thread-17"                  daemon [_thread_in_native, id=11344, stack(0x0000003992c00000,0x0000003992d00000) (1024K)]
  0x000001b2c18035e0 JavaThread "Thread-18"                  daemon [_thread_in_native, id=14636, stack(0x0000003992d00000,0x0000003992e00000) (1024K)]
  0x000001b2c18063d0 JavaThread "pool-2-thread-1"                   [_thread_blocked, id=21944, stack(0x0000003992e00000,0x0000003992f00000) (1024K)]
  0x000001b2fde322e0 JavaThread "WorkspaceEventsHandler"            [_thread_blocked, id=2692, stack(0x0000003992f00000,0x0000003993000000) (1024K)]
  0x000001b2fde33690 JavaThread "pool-1-thread-1"                   [_thread_blocked, id=21760, stack(0x0000003993000000,0x0000003993100000) (1024K)]
  0x000001b2fde32970 JavaThread "ForkJoinPool.commonPool-worker-1" daemon [_thread_blocked, id=21716, stack(0x0000003993100000,0x0000003993200000) (1024K)]
  0x000001b2fde33d20 JavaThread "ForkJoinPool.commonPool-worker-2" daemon [_thread_blocked, id=20816, stack(0x0000003993200000,0x0000003993300000) (1024K)]
  0x000001b2fde343b0 JavaThread "ForkJoinPool.commonPool-worker-3" daemon [_thread_blocked, id=24284, stack(0x0000003993300000,0x0000003993400000) (1024K)]
  0x000001b2fde34a40 JavaThread "ForkJoinPool.commonPool-worker-4" daemon [_thread_blocked, id=13812, stack(0x0000003993400000,0x0000003993500000) (1024K)]
  0x000001b2fde350d0 JavaThread "ForkJoinPool.commonPool-worker-5" daemon [_thread_blocked, id=18280, stack(0x0000003993500000,0x0000003993600000) (1024K)]
  0x000001b2fde31c50 JavaThread "ForkJoinPool.commonPool-worker-6" daemon [_thread_blocked, id=19072, stack(0x0000003993600000,0x0000003993700000) (1024K)]
  0x000001b2fde33000 JavaThread "ForkJoinPool.commonPool-worker-7" daemon [_thread_blocked, id=10396, stack(0x0000003993700000,0x0000003993800000) (1024K)]
  0x000001b2fc4f4e70 JavaThread "ForkJoinPool.commonPool-worker-8" daemon [_thread_blocked, id=18516, stack(0x0000003993800000,0x0000003993900000) (1024K)]
  0x000001b2fc4f3430 JavaThread "ForkJoinPool.commonPool-worker-9" daemon [_thread_blocked, id=7908, stack(0x0000003993900000,0x0000003993a00000) (1024K)]
  0x000001b2fc4f2da0 JavaThread "ForkJoinPool.commonPool-worker-10" daemon [_thread_blocked, id=17760, stack(0x0000003993a00000,0x0000003993b00000) (1024K)]
  0x000001b2fc4f3ac0 JavaThread "ForkJoinPool.commonPool-worker-11" daemon [_thread_blocked, id=10976, stack(0x0000003993b00000,0x0000003993c00000) (1024K)]
  0x000001b2fc4f4150 JavaThread "ForkJoinPool.commonPool-worker-13" daemon [_thread_blocked, id=6240, stack(0x0000003993c00000,0x0000003993d00000) (1024K)]
  0x000001b2fc4f82f0 JavaThread "ForkJoinPool.commonPool-worker-12" daemon [_thread_blocked, id=21172, stack(0x0000003993d00000,0x0000003993e00000) (1024K)]
  0x000001b2fc4f47e0 JavaThread "ForkJoinPool.commonPool-worker-14" daemon [_thread_blocked, id=22284, stack(0x0000003993e00000,0x0000003993f00000) (1024K)]
  0x000001b2fc4f5500 JavaThread "ForkJoinPool.commonPool-worker-15" daemon [_thread_blocked, id=9696, stack(0x0000003993f00000,0x0000003994000000) (1024K)]
Total: 65

Other Threads:
  0x000001b2f4174a70 VMThread "VM Thread"                           [id=15896, stack(0x000000398f100000,0x000000398f200000) (1024K)]
  0x000001b2dd74c530 WatcherThread "VM Periodic Task Thread"        [id=17080, stack(0x000000398f000000,0x000000398f100000) (1024K)]
  0x000001b2dd6fde50 WorkerThread "GC Thread#0"                     [id=2532, stack(0x000000398ef00000,0x000000398f000000) (1024K)]
  0x000001b2fb5f2650 WorkerThread "GC Thread#1"                     [id=15256, stack(0x0000003990000000,0x0000003990100000) (1024K)]
  0x000001b2fb29d280 WorkerThread "GC Thread#2"                     [id=1456, stack(0x0000003990100000,0x0000003990200000) (1024K)]
  0x000001b2fb29d620 WorkerThread "GC Thread#3"                     [id=5952, stack(0x0000003990200000,0x0000003990300000) (1024K)]
  0x000001b2fb9184d0 WorkerThread "GC Thread#4"                     [id=18268, stack(0x0000003990300000,0x0000003990400000) (1024K)]
  0x000001b2fb918870 WorkerThread "GC Thread#5"                     [id=24524, stack(0x0000003990400000,0x0000003990500000) (1024K)]
  0x000001b2fb21b970 WorkerThread "GC Thread#6"                     [id=20476, stack(0x0000003990500000,0x0000003990600000) (1024K)]
  0x000001b2fb5eb570 WorkerThread "GC Thread#7"                     [id=23044, stack(0x0000003990700000,0x0000003990800000) (1024K)]
  0x000001b2fb5ec3f0 WorkerThread "GC Thread#8"                     [id=10384, stack(0x0000003990b00000,0x0000003990c00000) (1024K)]
  0x000001b2fb5eb910 WorkerThread "GC Thread#9"                     [id=17008, stack(0x0000003990c00000,0x0000003990d00000) (1024K)]
  0x000001b2fb5ebcb0 WorkerThread "GC Thread#10"                    [id=21612, stack(0x0000003990d00000,0x0000003990e00000) (1024K)]
  0x000001b2fb5ec050 WorkerThread "GC Thread#11"                    [id=20552, stack(0x0000003991000000,0x0000003991100000) (1024K)]
  0x000001b2fbdd8300 WorkerThread "GC Thread#12"                    [id=22308, stack(0x0000003991400000,0x0000003991500000) (1024K)]
Total: 15

Threads with active compile tasks:
C2 CompilerThread0  5477 5307   !   4       org.eclipse.osgi.internal.loader.classpath.ClasspathManager::findClassImpl (343 bytes)
C2 CompilerThread1  5477 5739       4       com.google.gson.internal.bind.TypeAdapterRuntimeTypeWrapper::read (9 bytes)
C2 CompilerThread2  5477 5649       4       org.eclipse.jdt.internal.core.index.DiskIndex::readStreamChars (529 bytes)
Total: 3

VM state: not at safepoint (normal execution)

VM Mutex/Monitor currently owned by a thread: None

Heap address: 0x0000000080000000, size: 2048 MB, Compressed Oops mode: 32-bit

CDS archive(s) mapped at: [0x000001b280000000-0x000001b280ba0000-0x000001b280ba0000), size 12189696, SharedBaseAddress: 0x000001b280000000, ArchiveRelocationMode: 1.
Compressed class space mapped at: 0x000001b281000000-0x000001b2c1000000, reserved size: 1073741824
Narrow klass base: 0x000001b280000000, Narrow klass shift: 0, Narrow klass range: 0x100000000

GC Precious Log:
 CardTable entry size: 512
 CPUs: 16 total, 16 available
 Memory: 16085M
 Large Page Support: Disabled
 NUMA Support: Disabled
 Compressed Oops: Enabled (32-bit)
 Alignments: Space 512K, Generation 512K, Heap 2M
 Heap Min Capacity: 100M
 Heap Initial Capacity: 100M
 Heap Max Capacity: 2G
 Pre-touch: Disabled
 Parallel Workers: 13

Heap:
 PSYoungGen      total 24064K, used 8998K [0x00000000d5580000, 0x00000000d7180000, 0x0000000100000000)
  eden space 22016K, 31% used [0x00000000d5580000,0x00000000d5c4a528,0x00000000d6b00000)
  from space 2048K, 99% used [0x00000000d6d80000,0x00000000d6f7f610,0x00000000d6f80000)
  to   space 1536K, 0% used [0x00000000d7000000,0x00000000d7000000,0x00000000d7180000)
 ParOldGen       total 68608K, used 29366K [0x0000000080000000, 0x0000000084300000, 0x00000000d5580000)
  object space 68608K, 42% used [0x0000000080000000,0x0000000081cad900,0x0000000084300000)
 Metaspace       used 38776K, committed 39936K, reserved 1114112K
  class space    used 4075K, committed 4672K, reserved 1048576K

Card table byte_map: [0x000001b2dd0b0000,0x000001b2dd4c0000] _byte_map_base: 0x000001b2dccb0000

Marking Bits: (ParMarkBitMap*) 0x00007ffcc51fa340
 Begin Bits: [0x000001b2efb90000, 0x000001b2f1b90000)
 End Bits:   [0x000001b2f1b90000, 0x000001b2f3b90000)

Polling page: 0x000001b2db3f0000

Metaspace:

Usage:
  Non-class:     33.89 MB used.
      Class:      3.98 MB used.
       Both:     37.87 MB used.

Virtual space:
  Non-class space:       64.00 MB reserved,      34.44 MB ( 54%) committed,  1 nodes.
      Class space:        1.00 GB reserved,       4.56 MB ( <1%) committed,  1 nodes.
             Both:        1.06 GB reserved,      39.00 MB (  4%) committed. 

Chunk freelists:
   Non-Class:  13.20 MB
       Class:  11.47 MB
        Both:  24.67 MB

MaxMetaspaceSize: unlimited
CompressedClassSpaceSize: 1.00 GB
Initial GC threshold: 21.00 MB
Current GC threshold: 58.38 MB
CDS: on
 - commit_granule_bytes: 65536.
 - commit_granule_words: 8192.
 - virtual_space_node_default_size: 8388608.
 - enlarge_chunks_in_place: 1.
 - use_allocation_guard: 0.


Internal statistics:

num_allocs_failed_limit: 6.
num_arena_births: 936.
num_arena_deaths: 14.
num_vsnodes_births: 2.
num_vsnodes_deaths: 0.
num_space_committed: 624.
num_space_uncommitted: 0.
num_chunks_returned_to_freelist: 20.
num_chunks_taken_from_freelist: 2682.
num_chunk_merges: 11.
num_chunk_splits: 1643.
num_chunks_enlarged: 900.
num_inconsistent_stats: 0.

CodeHeap 'non-profiled nmethods': size=119168Kb used=2271Kb max_used=2465Kb free=116896Kb
 bounds [0x000001b2e8480000, 0x000001b2e8700000, 0x000001b2ef8e0000]
CodeHeap 'profiled nmethods': size=119104Kb used=10997Kb max_used=11476Kb free=108107Kb
 bounds [0x000001b2e08e0000, 0x000001b2e1420000, 0x000001b2e7d30000]
CodeHeap 'non-nmethods': size=7488Kb used=3061Kb max_used=3105Kb free=4427Kb
 bounds [0x000001b2e7d30000, 0x000001b2e8040000, 0x000001b2e8480000]
CodeCache: size=245760Kb, used=16329Kb, max_used=17046Kb, free=229430Kb
 total_blobs=5787, nmethods=5125, adapters=565, full_count=0
Compilation: enabled, stopped_count=0, restarted_count=0

Compilation events (20 events):
Event: 5.439 Thread 0x000001b2f585fb40 nmethod 5744 0x000001b2e0eef690 code [0x000001b2e0eef8a0, 0x000001b2e0eefca0]
Event: 5.439 Thread 0x000001b2fc0d6220 5746       3       java.util.ArrayList::contains (14 bytes)
Event: 5.439 Thread 0x000001b2fc0d6220 nmethod 5746 0x000001b2e0eef110 code [0x000001b2e0eef2c0, 0x000001b2e0eef5b8]
Event: 5.439 Thread 0x000001b2f585ccf0 nmethod 5745 0x000001b2e0b52410 code [0x000001b2e0b52600, 0x000001b2e0b52a90]
Event: 5.440 Thread 0x000001b2fc0d6220 5747   !   3       org.eclipse.osgi.internal.loader.BundleLoader::findRequiredSource (283 bytes)
Event: 5.440 Thread 0x000001b2f585fb40 5748   !   3       org.eclipse.osgi.internal.hooks.EclipseLazyStarter::postFindLocalClass (394 bytes)
Event: 5.441 Thread 0x000001b2f585ccf0 5749       1       org.codehaus.plexus.util.xml.pull.MXParser::getDepth (5 bytes)
Event: 5.441 Thread 0x000001b2f585ccf0 nmethod 5749 0x000001b2e84a0f10 code [0x000001b2e84a10a0, 0x000001b2e84a1168]
Event: 5.441 Thread 0x000001b2fc0d6220 nmethod 5747 0x000001b2e098c310 code [0x000001b2e098c6a0, 0x000001b2e098e380]
Event: 5.443 Thread 0x000001b2f585fb40 nmethod 5748 0x000001b2e0932b10 code [0x000001b2e0933060, 0x000001b2e0936038]
Event: 5.444 Thread 0x000001b2fc0d6220 5750       2       java.lang.String::split (242 bytes)
Event: 5.445 Thread 0x000001b2fc0d6220 nmethod 5750 0x000001b2e0bfdf10 code [0x000001b2e0bfe1a0, 0x000001b2e0bfeed0]
Event: 5.453 Thread 0x000001b2fc3f1350 nmethod 5391 0x000001b2e86e8790 code [0x000001b2e86e8ce0, 0x000001b2e86ecf58]
Event: 5.453 Thread 0x000001b2fc3f1350 5739       4       com.google.gson.internal.bind.TypeAdapterRuntimeTypeWrapper::read (9 bytes)
Event: 5.454 Thread 0x000001b2fc0d6220 5752       2       java.util.Arrays$ArrayList::size (6 bytes)
Event: 5.454 Thread 0x000001b2fc0d6220 nmethod 5752 0x000001b2e0932590 code [0x000001b2e0932720, 0x000001b2e0932830]
Event: 5.454 Thread 0x000001b2fc0d6220 5753       2       com.google.gson.internal.LinkedTreeMap::get (19 bytes)
Event: 5.454 Thread 0x000001b2f585fb40 5754   !   2       com.google.gson.internal.LinkedTreeMap::findByObject (18 bytes)
Event: 5.454 Thread 0x000001b2f585fb40 nmethod 5754 0x000001b2e0bfdb10 code [0x000001b2e0bfdcc0, 0x000001b2e0bfde70]
Event: 5.454 Thread 0x000001b2fc0d6220 nmethod 5753 0x000001b2e0eeec90 code [0x000001b2e0eeee40, 0x000001b2e0eeeff0]

GC Heap History (20 events):
Event: 3.818 GC heap before
{Heap before GC invocations=8 (full 1):
 PSYoungGen      total 29184K, used 4359K [0x00000000d5580000, 0x00000000d7780000, 0x0000000100000000)
  eden space 24576K, 0% used [0x00000000d5580000,0x00000000d5580000,0x00000000d6d80000)
  from space 4608K, 94% used [0x00000000d6e80000,0x00000000d72c1fc8,0x00000000d7300000)
  to   space 4608K, 0% used [0x00000000d7300000,0x00000000d7300000,0x00000000d7780000)
 ParOldGen       total 68608K, used 8805K [0x0000000080000000, 0x0000000084300000, 0x00000000d5580000)
  object space 68608K, 12% used [0x0000000080000000,0x0000000080899500,0x0000000084300000)
 Metaspace       used 20678K, committed 21504K, reserved 1114112K
  class space    used 2172K, committed 2560K, reserved 1048576K
}
Event: 3.845 GC heap after
{Heap after GC invocations=8 (full 1):
 PSYoungGen      total 29184K, used 0K [0x00000000d5580000, 0x00000000d7780000, 0x0000000100000000)
  eden space 24576K, 0% used [0x00000000d5580000,0x00000000d5580000,0x00000000d6d80000)
  from space 4608K, 0% used [0x00000000d6e80000,0x00000000d6e80000,0x00000000d7300000)
  to   space 4608K, 0% used [0x00000000d7300000,0x00000000d7300000,0x00000000d7780000)
 ParOldGen       total 68608K, used 12628K [0x0000000080000000, 0x0000000084300000, 0x00000000d5580000)
  object space 68608K, 18% used [0x0000000080000000,0x0000000080c55140,0x0000000084300000)
 Metaspace       used 20666K, committed 21504K, reserved 1114112K
  class space    used 2168K, committed 2560K, reserved 1048576K
}
Event: 4.039 GC heap before
{Heap before GC invocations=9 (full 1):
 PSYoungGen      total 29184K, used 24576K [0x00000000d5580000, 0x00000000d7780000, 0x0000000100000000)
  eden space 24576K, 100% used [0x00000000d5580000,0x00000000d6d80000,0x00000000d6d80000)
  from space 4608K, 0% used [0x00000000d6e80000,0x00000000d6e80000,0x00000000d7300000)
  to   space 4608K, 0% used [0x00000000d7300000,0x00000000d7300000,0x00000000d7780000)
 ParOldGen       total 68608K, used 12628K [0x0000000080000000, 0x0000000084300000, 0x00000000d5580000)
  object space 68608K, 18% used [0x0000000080000000,0x0000000080c55140,0x0000000084300000)
 Metaspace       used 22782K, committed 23680K, reserved 1114112K
  class space    used 2362K, committed 2752K, reserved 1048576K
}
Event: 4.040 GC heap after
{Heap after GC invocations=9 (full 1):
 PSYoungGen      total 27648K, used 3492K [0x00000000d5580000, 0x00000000d7680000, 0x0000000100000000)
  eden space 24064K, 0% used [0x00000000d5580000,0x00000000d5580000,0x00000000d6d00000)
  from space 3584K, 97% used [0x00000000d7300000,0x00000000d7669328,0x00000000d7680000)
  to   space 4096K, 0% used [0x00000000d6e80000,0x00000000d6e80000,0x00000000d7280000)
 ParOldGen       total 68608K, used 12636K [0x0000000080000000, 0x0000000084300000, 0x00000000d5580000)
  object space 68608K, 18% used [0x0000000080000000,0x0000000080c57140,0x0000000084300000)
 Metaspace       used 22782K, committed 23680K, reserved 1114112K
  class space    used 2362K, committed 2752K, reserved 1048576K
}
Event: 4.278 GC heap before
{Heap before GC invocations=10 (full 1):
 PSYoungGen      total 27648K, used 27551K [0x00000000d5580000, 0x00000000d7680000, 0x0000000100000000)
  eden space 24064K, 99% used [0x00000000d5580000,0x00000000d6cfeac8,0x00000000d6d00000)
  from space 3584K, 97% used [0x00000000d7300000,0x00000000d7669328,0x00000000d7680000)
  to   space 4096K, 0% used [0x00000000d6e80000,0x00000000d6e80000,0x00000000d7280000)
 ParOldGen       total 68608K, used 12636K [0x0000000080000000, 0x0000000084300000, 0x00000000d5580000)
  object space 68608K, 18% used [0x0000000080000000,0x0000000080c57140,0x0000000084300000)
 Metaspace       used 26086K, committed 27008K, reserved 1114112K
  class space    used 2606K, committed 3008K, reserved 1048576K
}
Event: 4.280 GC heap after
{Heap after GC invocations=10 (full 1):
 PSYoungGen      total 27648K, used 3766K [0x00000000d5580000, 0x00000000d7480000, 0x0000000100000000)
  eden space 23552K, 0% used [0x00000000d5580000,0x00000000d5580000,0x00000000d6c80000)
  from space 4096K, 91% used [0x00000000d6e80000,0x00000000d722daf0,0x00000000d7280000)
  to   space 2048K, 0% used [0x00000000d7280000,0x00000000d7280000,0x00000000d7480000)
 ParOldGen       total 68608K, used 12644K [0x0000000080000000, 0x0000000084300000, 0x00000000d5580000)
  object space 68608K, 18% used [0x0000000080000000,0x0000000080c59140,0x0000000084300000)
 Metaspace       used 26086K, committed 27008K, reserved 1114112K
  class space    used 2606K, committed 3008K, reserved 1048576K
}
Event: 4.498 GC heap before
{Heap before GC invocations=11 (full 1):
 PSYoungGen      total 27648K, used 27318K [0x00000000d5580000, 0x00000000d7480000, 0x0000000100000000)
  eden space 23552K, 100% used [0x00000000d5580000,0x00000000d6c80000,0x00000000d6c80000)
  from space 4096K, 91% used [0x00000000d6e80000,0x00000000d722daf0,0x00000000d7280000)
  to   space 2048K, 0% used [0x00000000d7280000,0x00000000d7280000,0x00000000d7480000)
 ParOldGen       total 68608K, used 12644K [0x0000000080000000, 0x0000000084300000, 0x00000000d5580000)
  object space 68608K, 18% used [0x0000000080000000,0x0000000080c59140,0x0000000084300000)
 Metaspace       used 27780K, committed 28800K, reserved 1114112K
  class space    used 2715K, committed 3136K, reserved 1048576K
}
Event: 4.501 GC heap after
{Heap after GC invocations=11 (full 1):
 PSYoungGen      total 25088K, used 1947K [0x00000000d5580000, 0x00000000d7480000, 0x0000000100000000)
  eden space 23040K, 0% used [0x00000000d5580000,0x00000000d5580000,0x00000000d6c00000)
  from space 2048K, 95% used [0x00000000d7280000,0x00000000d7466da0,0x00000000d7480000)
  to   space 3072K, 0% used [0x00000000d6e80000,0x00000000d6e80000,0x00000000d7180000)
 ParOldGen       total 68608K, used 14539K [0x0000000080000000, 0x0000000084300000, 0x00000000d5580000)
  object space 68608K, 21% used [0x0000000080000000,0x0000000080e32cb8,0x0000000084300000)
 Metaspace       used 27780K, committed 28800K, reserved 1114112K
  class space    used 2715K, committed 3136K, reserved 1048576K
}
Event: 4.892 GC heap before
{Heap before GC invocations=12 (full 1):
 PSYoungGen      total 25088K, used 24987K [0x00000000d5580000, 0x00000000d7480000, 0x0000000100000000)
  eden space 23040K, 100% used [0x00000000d5580000,0x00000000d6c00000,0x00000000d6c00000)
  from space 2048K, 95% used [0x00000000d7280000,0x00000000d7466da0,0x00000000d7480000)
  to   space 3072K, 0% used [0x00000000d6e80000,0x00000000d6e80000,0x00000000d7180000)
 ParOldGen       total 68608K, used 14539K [0x0000000080000000, 0x0000000084300000, 0x00000000d5580000)
  object space 68608K, 21% used [0x0000000080000000,0x0000000080e32cb8,0x0000000084300000)
 Metaspace       used 31179K, committed 32256K, reserved 1114112K
  class space    used 3090K, committed 3584K, reserved 1048576K
}
Event: 4.895 GC heap after
{Heap after GC invocations=12 (full 1):
 PSYoungGen      total 25088K, used 2300K [0x00000000d5580000, 0x00000000d7300000, 0x0000000100000000)
  eden space 22528K, 0% used [0x00000000d5580000,0x00000000d5580000,0x00000000d6b80000)
  from space 2560K, 89% used [0x00000000d6e80000,0x00000000d70bf1d8,0x00000000d7100000)
  to   space 2048K, 0% used [0x00000000d7100000,0x00000000d7100000,0x00000000d7300000)
 ParOldGen       total 68608K, used 16314K [0x0000000080000000, 0x0000000084300000, 0x00000000d5580000)
  object space 68608K, 23% used [0x0000000080000000,0x0000000080fee9f8,0x0000000084300000)
 Metaspace       used 31179K, committed 32256K, reserved 1114112K
  class space    used 3090K, committed 3584K, reserved 1048576K
}
Event: 5.038 GC heap before
{Heap before GC invocations=13 (full 1):
 PSYoungGen      total 25088K, used 24828K [0x00000000d5580000, 0x00000000d7300000, 0x0000000100000000)
  eden space 22528K, 99% used [0x00000000d5580000,0x00000000d6b7ff58,0x00000000d6b80000)
  from space 2560K, 89% used [0x00000000d6e80000,0x00000000d70bf1d8,0x00000000d7100000)
  to   space 2048K, 0% used [0x00000000d7100000,0x00000000d7100000,0x00000000d7300000)
 ParOldGen       total 68608K, used 16314K [0x0000000080000000, 0x0000000084300000, 0x00000000d5580000)
  object space 68608K, 23% used [0x0000000080000000,0x0000000080fee9f8,0x0000000084300000)
 Metaspace       used 34054K, committed 35200K, reserved 1114112K
  class space    used 3439K, committed 3968K, reserved 1048576K
}
Event: 5.040 GC heap after
{Heap after GC invocations=13 (full 1):
 PSYoungGen      total 24064K, used 2016K [0x00000000d5580000, 0x00000000d7300000, 0x0000000100000000)
  eden space 22016K, 0% used [0x00000000d5580000,0x00000000d5580000,0x00000000d6b00000)
  from space 2048K, 98% used [0x00000000d7100000,0x00000000d72f8000,0x00000000d7300000)
  to   space 2560K, 0% used [0x00000000d6e00000,0x00000000d6e00000,0x00000000d7080000)
 ParOldGen       total 68608K, used 18291K [0x0000000080000000, 0x0000000084300000, 0x00000000d5580000)
  object space 68608K, 26% used [0x0000000080000000,0x00000000811dce08,0x0000000084300000)
 Metaspace       used 34054K, committed 35200K, reserved 1114112K
  class space    used 3439K, committed 3968K, reserved 1048576K
}
Event: 5.079 GC heap before
{Heap before GC invocations=14 (full 1):
 PSYoungGen      total 24064K, used 8913K [0x00000000d5580000, 0x00000000d7300000, 0x0000000100000000)
  eden space 22016K, 31% used [0x00000000d5580000,0x00000000d5c3c758,0x00000000d6b00000)
  from space 2048K, 98% used [0x00000000d7100000,0x00000000d72f8000,0x00000000d7300000)
  to   space 2560K, 0% used [0x00000000d6e00000,0x00000000d6e00000,0x00000000d7080000)
 ParOldGen       total 68608K, used 18291K [0x0000000080000000, 0x0000000084300000, 0x00000000d5580000)
  object space 68608K, 26% used [0x0000000080000000,0x00000000811dce08,0x0000000084300000)
 Metaspace       used 34674K, committed 35840K, reserved 1114112K
  class space    used 3539K, committed 4096K, reserved 1048576K
}
Event: 5.081 GC heap after
{Heap after GC invocations=14 (full 1):
 PSYoungGen      total 23040K, used 736K [0x00000000d5580000, 0x00000000d7180000, 0x0000000100000000)
  eden space 22016K, 0% used [0x00000000d5580000,0x00000000d5580000,0x00000000d6b00000)
  from space 1024K, 71% used [0x00000000d6e00000,0x00000000d6eb8000,0x00000000d6f00000)
  to   space 1536K, 0% used [0x00000000d7000000,0x00000000d7000000,0x00000000d7180000)
 ParOldGen       total 68608K, used 20027K [0x0000000080000000, 0x0000000084300000, 0x00000000d5580000)
  object space 68608K, 29% used [0x0000000080000000,0x000000008138ee28,0x0000000084300000)
 Metaspace       used 34674K, committed 35840K, reserved 1114112K
  class space    used 3539K, committed 4096K, reserved 1048576K
}
Event: 5.081 GC heap before
{Heap before GC invocations=15 (full 2):
 PSYoungGen      total 23040K, used 736K [0x00000000d5580000, 0x00000000d7180000, 0x0000000100000000)
  eden space 22016K, 0% used [0x00000000d5580000,0x00000000d5580000,0x00000000d6b00000)
  from space 1024K, 71% used [0x00000000d6e00000,0x00000000d6eb8000,0x00000000d6f00000)
  to   space 1536K, 0% used [0x00000000d7000000,0x00000000d7000000,0x00000000d7180000)
 ParOldGen       total 68608K, used 20027K [0x0000000080000000, 0x0000000084300000, 0x00000000d5580000)
  object space 68608K, 29% used [0x0000000080000000,0x000000008138ee28,0x0000000084300000)
 Metaspace       used 34674K, committed 35840K, reserved 1114112K
  class space    used 3539K, committed 4096K, reserved 1048576K
}
Event: 5.113 GC heap after
{Heap after GC invocations=15 (full 2):
 PSYoungGen      total 23040K, used 0K [0x00000000d5580000, 0x00000000d7180000, 0x0000000100000000)
  eden space 22016K, 0% used [0x00000000d5580000,0x00000000d5580000,0x00000000d6b00000)
  from space 1024K, 0% used [0x00000000d6e00000,0x00000000d6e00000,0x00000000d6f00000)
  to   space 1536K, 0% used [0x00000000d7000000,0x00000000d7000000,0x00000000d7180000)
 ParOldGen       total 68608K, used 19785K [0x0000000080000000, 0x0000000084300000, 0x00000000d5580000)
  object space 68608K, 28% used [0x0000000080000000,0x00000000813527c0,0x0000000084300000)
 Metaspace       used 34674K, committed 35840K, reserved 1114112K
  class space    used 3539K, committed 4096K, reserved 1048576K
}
Event: 5.237 GC heap before
{Heap before GC invocations=16 (full 2):
 PSYoungGen      total 23040K, used 22016K [0x00000000d5580000, 0x00000000d7180000, 0x0000000100000000)
  eden space 22016K, 100% used [0x00000000d5580000,0x00000000d6b00000,0x00000000d6b00000)
  from space 1024K, 0% used [0x00000000d6e00000,0x00000000d6e00000,0x00000000d6f00000)
  to   space 1536K, 0% used [0x00000000d7000000,0x00000000d7000000,0x00000000d7180000)
 ParOldGen       total 68608K, used 19785K [0x0000000080000000, 0x0000000084300000, 0x00000000d5580000)
  object space 68608K, 28% used [0x0000000080000000,0x00000000813527c0,0x0000000084300000)
 Metaspace       used 37235K, committed 38336K, reserved 1114112K
  class space    used 3872K, committed 4416K, reserved 1048576K
}
Event: 5.239 GC heap after
{Heap after GC invocations=16 (full 2):
 PSYoungGen      total 23552K, used 1440K [0x00000000d5580000, 0x00000000d7180000, 0x0000000100000000)
  eden space 22016K, 0% used [0x00000000d5580000,0x00000000d5580000,0x00000000d6b00000)
  from space 1536K, 93% used [0x00000000d7000000,0x00000000d7168000,0x00000000d7180000)
  to   space 2048K, 0% used [0x00000000d6d80000,0x00000000d6d80000,0x00000000d6f80000)
 ParOldGen       total 68608K, used 19793K [0x0000000080000000, 0x0000000084300000, 0x00000000d5580000)
  object space 68608K, 28% used [0x0000000080000000,0x00000000813547c0,0x0000000084300000)
 Metaspace       used 37235K, committed 38336K, reserved 1114112K
  class space    used 3872K, committed 4416K, reserved 1048576K
}
Event: 5.423 GC heap before
{Heap before GC invocations=17 (full 2):
 PSYoungGen      total 23552K, used 23455K [0x00000000d5580000, 0x00000000d7180000, 0x0000000100000000)
  eden space 22016K, 99% used [0x00000000d5580000,0x00000000d6afffd8,0x00000000d6b00000)
  from space 1536K, 93% used [0x00000000d7000000,0x00000000d7168000,0x00000000d7180000)
  to   space 2048K, 0% used [0x00000000d6d80000,0x00000000d6d80000,0x00000000d6f80000)
 ParOldGen       total 68608K, used 19793K [0x0000000080000000, 0x0000000084300000, 0x00000000d5580000)
  object space 68608K, 28% used [0x0000000080000000,0x00000000813547c0,0x0000000084300000)
 Metaspace       used 38362K, committed 39552K, reserved 1114112K
  class space    used 4018K, committed 4608K, reserved 1048576K
}
Event: 5.429 GC heap after
{Heap after GC invocations=17 (full 2):
 PSYoungGen      total 24064K, used 2045K [0x00000000d5580000, 0x00000000d7180000, 0x0000000100000000)
  eden space 22016K, 0% used [0x00000000d5580000,0x00000000d5580000,0x00000000d6b00000)
  from space 2048K, 99% used [0x00000000d6d80000,0x00000000d6f7f610,0x00000000d6f80000)
  to   space 1536K, 0% used [0x00000000d7000000,0x00000000d7000000,0x00000000d7180000)
 ParOldGen       total 68608K, used 29366K [0x0000000080000000, 0x0000000084300000, 0x00000000d5580000)
  object space 68608K, 42% used [0x0000000080000000,0x0000000081cad900,0x0000000084300000)
 Metaspace       used 38362K, committed 39552K, reserved 1114112K
  class space    used 4018K, committed 4608K, reserved 1048576K
}

Dll operation events (10 events):
Event: 0.007 Loaded shared library c:\Users\OMAR INFO\.windsurf\extensions\redhat.java-1.45.0-win32-x64\jre\21.0.8-win32-x86_64\bin\java.dll
Event: 0.129 Loaded shared library c:\Users\OMAR INFO\.windsurf\extensions\redhat.java-1.45.0-win32-x64\jre\21.0.8-win32-x86_64\bin\zip.dll
Event: 0.155 Loaded shared library C:\Users\OMAR INFO\.windsurf\extensions\redhat.java-1.45.0-win32-x64\jre\21.0.8-win32-x86_64\bin\instrument.dll
Event: 0.179 Loaded shared library C:\Users\OMAR INFO\.windsurf\extensions\redhat.java-1.45.0-win32-x64\jre\21.0.8-win32-x86_64\bin\net.dll
Event: 0.183 Loaded shared library C:\Users\OMAR INFO\.windsurf\extensions\redhat.java-1.45.0-win32-x64\jre\21.0.8-win32-x86_64\bin\nio.dll
Event: 0.188 Loaded shared library C:\Users\OMAR INFO\.windsurf\extensions\redhat.java-1.45.0-win32-x64\jre\21.0.8-win32-x86_64\bin\zip.dll
Event: 0.238 Loaded shared library C:\Users\OMAR INFO\.windsurf\extensions\redhat.java-1.45.0-win32-x64\jre\21.0.8-win32-x86_64\bin\jimage.dll
Event: 0.367 Loaded shared library c:\Users\OMAR INFO\.windsurf\extensions\redhat.java-1.45.0-win32-x64\jre\21.0.8-win32-x86_64\bin\verify.dll
Event: 1.923 Loaded shared library C:\Users\OMAR INFO\AppData\Roaming\Windsurf\User\globalStorage\redhat.java\1.45.0\config_win\org.eclipse.equinox.launcher\org.eclipse.equinox.launcher.win32.win32.x86_64_1.2.1400.v20250801-0854\eclipse_11916.dll
Event: 3.373 Loaded shared library C:\Users\OMAR INFO\AppData\Local\Temp\jna--64980065\jna9492731220980424248.dll

Deoptimization events (20 events):
Event: 5.267 Thread 0x000001b2fde33690 Uncommon trap: trap_request=0xffffff45 fr.pc=0x000001b2e854f724 relative=0x00000000000000e4
Event: 5.267 Thread 0x000001b2fde33690 Uncommon trap: reason=unstable_if action=reinterpret pc=0x000001b2e854f724 method=com.google.gson.stream.JsonReader.nextString()Ljava/lang/String; @ 47 c2
Event: 5.267 Thread 0x000001b2fde33690 DEOPT PACKING pc=0x000001b2e854f724 sp=0x00000039930feab0
Event: 5.267 Thread 0x000001b2fde33690 DEOPT UNPACKING pc=0x000001b2e7d86da2 sp=0x00000039930fea38 mode 2
Event: 5.302 Thread 0x000001b2fbc3ce10 Uncommon trap: trap_request=0xffffff45 fr.pc=0x000001b2e85367f0 relative=0x00000000000008b0
Event: 5.302 Thread 0x000001b2fbc3ce10 Uncommon trap: reason=unstable_if action=reinterpret pc=0x000001b2e85367f0 method=jdk.internal.org.objectweb.asm.SymbolTable.put(Ljdk/internal/org/objectweb/asm/SymbolTable$Entry;)Ljdk/internal/org/objectweb/asm/SymbolTable$Entry; @ 13 c2
Event: 5.302 Thread 0x000001b2fbc3ce10 DEOPT PACKING pc=0x000001b2e85367f0 sp=0x00000039917fd670
Event: 5.302 Thread 0x000001b2fbc3ce10 DEOPT UNPACKING pc=0x000001b2e7d86da2 sp=0x00000039917fd588 mode 2
Event: 5.392 Thread 0x000001b2fbc3ce10 Uncommon trap: trap_request=0xffffff45 fr.pc=0x000001b2e85e47f8 relative=0x0000000000000918
Event: 5.392 Thread 0x000001b2fbc3ce10 Uncommon trap: reason=unstable_if action=reinterpret pc=0x000001b2e85e47f8 method=java.io.BufferedInputStream.implRead([BII)I @ 30 c2
Event: 5.392 Thread 0x000001b2fbc3ce10 DEOPT PACKING pc=0x000001b2e85e47f8 sp=0x00000039917fe020
Event: 5.392 Thread 0x000001b2fbc3ce10 DEOPT UNPACKING pc=0x000001b2e7d86da2 sp=0x00000039917fdfe8 mode 2
Event: 5.403 Thread 0x000001b2fbc3ce10 Uncommon trap: trap_request=0xffffff45 fr.pc=0x000001b2e85b0354 relative=0x0000000000000134
Event: 5.403 Thread 0x000001b2fbc3ce10 Uncommon trap: reason=unstable_if action=reinterpret pc=0x000001b2e85b0354 method=java.util.ArrayList.indexOfRange(Ljava/lang/Object;II)I @ 7 c2
Event: 5.403 Thread 0x000001b2fbc3ce10 DEOPT PACKING pc=0x000001b2e85b0354 sp=0x00000039917fe2f0
Event: 5.403 Thread 0x000001b2fbc3ce10 DEOPT UNPACKING pc=0x000001b2e7d86da2 sp=0x00000039917fe1b0 mode 2
Event: 5.413 Thread 0x000001b2fbc3ce10 Uncommon trap: trap_request=0xffffff45 fr.pc=0x000001b2e85aad30 relative=0x0000000000000110
Event: 5.413 Thread 0x000001b2fbc3ce10 Uncommon trap: reason=unstable_if action=reinterpret pc=0x000001b2e85aad30 method=java.util.ArrayList.indexOfRange(Ljava/lang/Object;II)I @ 7 c2
Event: 5.414 Thread 0x000001b2fbc3ce10 DEOPT PACKING pc=0x000001b2e85aad30 sp=0x00000039917fe240
Event: 5.414 Thread 0x000001b2fbc3ce10 DEOPT UNPACKING pc=0x000001b2e7d86da2 sp=0x00000039917fe1c0 mode 2

Classes loaded (20 events):
Event: 5.205 Loading class sun/nio/cs/ThreadLocalCoders$2
Event: 5.205 Loading class sun/nio/cs/ThreadLocalCoders$2 done
Event: 5.213 Loading class java/io/PrintWriter$1
Event: 5.214 Loading class jdk/internal/access/JavaIOPrintWriterAccess
Event: 5.214 Loading class jdk/internal/access/JavaIOPrintWriterAccess done
Event: 5.214 Loading class java/io/PrintWriter$1 done
Event: 5.217 Loading class java/time/format/DateTimeParseContext
Event: 5.217 Loading class java/time/format/DateTimeParseContext done
Event: 5.218 Loading class java/time/format/Parsed
Event: 5.218 Loading class java/time/format/Parsed done
Event: 5.252 Loading class java/lang/annotation/ElementType
Event: 5.252 Loading class java/lang/annotation/ElementType done
Event: 5.258 Loading class java/io/UTFDataFormatException
Event: 5.258 Loading class java/io/UTFDataFormatException done
Event: 5.324 Loading class java/util/concurrent/ForkJoinTask$AdaptedCallable
Event: 5.325 Loading class java/util/concurrent/ForkJoinTask$AdaptedCallable done
Event: 5.327 Loading class java/lang/annotation/IncompleteAnnotationException
Event: 5.327 Loading class java/lang/annotation/IncompleteAnnotationException done
Event: 5.415 Loading class java/lang/foreign/MemorySegment
Event: 5.416 Loading class java/lang/foreign/MemorySegment done

Classes unloaded (7 events):
Event: 3.822 Thread 0x000001b2f4174a70 Unloading class 0x000001b2811ab000 'java/lang/invoke/LambdaForm$MH+0x000001b2811ab000'
Event: 3.822 Thread 0x000001b2f4174a70 Unloading class 0x000001b2811aac00 'java/lang/invoke/LambdaForm$MH+0x000001b2811aac00'
Event: 3.822 Thread 0x000001b2f4174a70 Unloading class 0x000001b2811aa800 'java/lang/invoke/LambdaForm$MH+0x000001b2811aa800'
Event: 3.822 Thread 0x000001b2f4174a70 Unloading class 0x000001b2811aa400 'java/lang/invoke/LambdaForm$MH+0x000001b2811aa400'
Event: 3.822 Thread 0x000001b2f4174a70 Unloading class 0x000001b2811aa000 'java/lang/invoke/LambdaForm$BMH+0x000001b2811aa000'
Event: 3.822 Thread 0x000001b2f4174a70 Unloading class 0x000001b2811a9c00 'java/lang/invoke/LambdaForm$DMH+0x000001b2811a9c00'
Event: 3.822 Thread 0x000001b2f4174a70 Unloading class 0x000001b2811a8800 'java/lang/invoke/LambdaForm$DMH+0x000001b2811a8800'

Classes redefined (0 events):
No events

Internal exceptions (20 events):
Event: 5.114 Thread 0x000001b2fbc3e1c0 Exception <a 'sun/nio/fs/WindowsException'{0x00000000d55810a8}> (0x00000000d55810a8) 
thrown [s\src\hotspot\share\prims\jni.cpp, line 520]
Event: 5.114 Thread 0x000001b2fbc3e1c0 Exception <a 'sun/nio/fs/WindowsException'{0x00000000d55816f8}> (0x00000000d55816f8) 
thrown [s\src\hotspot\share\prims\jni.cpp, line 520]
Event: 5.116 Thread 0x000001b2fbc3e1c0 Exception <a 'sun/nio/fs/WindowsException'{0x00000000d55894e0}> (0x00000000d55894e0) 
thrown [s\src\hotspot\share\prims\jni.cpp, line 520]
Event: 5.116 Thread 0x000001b2fbc3e1c0 Exception <a 'sun/nio/fs/WindowsException'{0x00000000d5589b10}> (0x00000000d5589b10) 
thrown [s\src\hotspot\share\prims\jni.cpp, line 520]
Event: 5.125 Thread 0x000001b2fbc3e1c0 Exception <a 'sun/nio/fs/WindowsException'{0x00000000d5704000}> (0x00000000d5704000) 
thrown [s\src\hotspot\share\prims\jni.cpp, line 520]
Event: 5.125 Thread 0x000001b2fbc3e1c0 Exception <a 'sun/nio/fs/WindowsException'{0x00000000d5704630}> (0x00000000d5704630) 
thrown [s\src\hotspot\share\prims\jni.cpp, line 520]
Event: 5.160 Thread 0x000001b2dd6e0570 Exception <a 'java/lang/NoSuchMethodError'{0x00000000d5c013f0}: 'void java.lang.invoke.DirectMethodHandle$Holder.invokeSpecial(java.lang.Object, java.lang.Object, java.lang.Object, java.lang.Object, java.lang.Object, java.lang.Object)'> (0x00000000d5c013f0) 
thrown [s\src\hotspot\share\interpreter\linkResolver.cpp, line 773]
Event: 5.162 Thread 0x000001b2dd6e0570 Exception <a 'java/lang/IncompatibleClassChangeError'{0x00000000d5c1bfb0}: Found class java.lang.Object, but interface was expected> (0x00000000d5c1bfb0) 
thrown [s\src\hotspot\share\interpreter\linkResolver.cpp, line 840]
Event: 5.162 Thread 0x000001b2dd6e0570 Exception <a 'java/lang/IncompatibleClassChangeError'{0x00000000d5c1deb0}: Found class java.lang.Object, but interface was expected> (0x00000000d5c1deb0) 
thrown [s\src\hotspot\share\interpreter\linkResolver.cpp, line 840]
Event: 5.219 Thread 0x000001b2fbc3e1c0 Exception <a 'sun/nio/fs/WindowsException'{0x00000000d6795ac0}> (0x00000000d6795ac0) 
thrown [s\src\hotspot\share\prims\jni.cpp, line 520]
Event: 5.248 Thread 0x000001b2fbc3e1c0 Exception <a 'java/io/FileNotFoundException'{0x00000000d56d9530}> (0x00000000d56d9530) 
thrown [s\src\hotspot\share\prims\jni.cpp, line 520]
Event: 5.248 Thread 0x000001b2fbc3e1c0 Exception <a 'java/io/FileNotFoundException'{0x00000000d56da7b8}> (0x00000000d56da7b8) 
thrown [s\src\hotspot\share\prims\jni.cpp, line 520]
Event: 5.250 Thread 0x000001b2fbc3e1c0 Exception <a 'java/lang/NoSuchMethodError'{0x00000000d5701658}: 'java.lang.Object java.lang.invoke.DirectMethodHandle$Holder.newInvokeSpecial(java.lang.Object, java.lang.Object, java.lang.Object, int)'> (0x00000000d5701658) 
thrown [s\src\hotspot\share\interpreter\linkResolver.cpp, line 773]
Event: 5.251 Thread 0x000001b2fbc3e1c0 Exception <a 'java/lang/NoSuchMethodError'{0x00000000d5705310}: 'java.lang.Object java.lang.invoke.DirectMethodHandle$Holder.invokeSpecial(java.lang.Object, java.lang.Object, java.lang.Object, java.lang.Object, int)'> (0x00000000d5705310) 
thrown [s\src\hotspot\share\interpreter\linkResolver.cpp, line 773]
Event: 5.251 Thread 0x000001b2fbc3e1c0 Exception <a 'java/lang/NoSuchMethodError'{0x00000000d57087b8}: 'java.lang.Object java.lang.invoke.Invokers$Holder.linkToTargetMethod(java.lang.Object, java.lang.Object, int, java.lang.Object)'> (0x00000000d57087b8) 
thrown [s\src\hotspot\share\interpreter\linkResolver.cpp, line 773]
Event: 5.253 Thread 0x000001b2fbc3e1c0 Exception <a 'java/lang/NoSuchMethodError'{0x00000000d575eca0}: 'void java.lang.invoke.DirectMethodHandle$Holder.invokeStaticInit(java.lang.Object, java.lang.Object, java.lang.Object)'> (0x00000000d575eca0) 
thrown [s\src\hotspot\share\interpreter\linkResolver.cpp, line 773]
Event: 5.322 Thread 0x000001b2fbc3e1c0 Exception <a 'java/io/FileNotFoundException'{0x00000000d5d86a40}> (0x00000000d5d86a40) 
thrown [s\src\hotspot\share\prims\jni.cpp, line 520]
Event: 5.323 Thread 0x000001b2fbc3e1c0 Exception <a 'java/io/FileNotFoundException'{0x00000000d5d87bb0}> (0x00000000d5d87bb0) 
thrown [s\src\hotspot\share\prims\jni.cpp, line 520]
Event: 5.327 Thread 0x000001b2fbc3ce10 Exception <a 'java/lang/NoClassDefFoundError'{0x00000000d5dfc5f8}: javax/enterprise/inject/Typed> (0x00000000d5dfc5f8) 
thrown [s\src\hotspot\share\classfile\systemDictionary.cpp, line 301]
Event: 5.445 Thread 0x000001b2fde33690 Exception <a 'java/io/FileNotFoundException'{0x00000000d5768220}> (0x00000000d5768220) 
thrown [s\src\hotspot\share\prims\jni.cpp, line 520]

ZGC Phase Switch (0 events):
No events

VM Operations (20 events):
Event: 4.697 Executing VM operation: HandshakeAllThreads (Deoptimize)
Event: 4.698 Executing VM operation: HandshakeAllThreads (Deoptimize) done
Event: 4.726 Executing VM operation: HandshakeAllThreads (Deoptimize)
Event: 4.726 Executing VM operation: HandshakeAllThreads (Deoptimize) done
Event: 4.891 Executing VM operation: ParallelGCFailedAllocation (Allocation Failure)
Event: 4.895 Executing VM operation: ParallelGCFailedAllocation (Allocation Failure) done
Event: 4.998 Executing VM operation: HandshakeAllThreads (Deoptimize)
Event: 4.998 Executing VM operation: HandshakeAllThreads (Deoptimize) done
Event: 5.038 Executing VM operation: ParallelGCFailedAllocation (Allocation Failure)
Event: 5.040 Executing VM operation: ParallelGCFailedAllocation (Allocation Failure) done
Event: 5.079 Executing VM operation: CollectForMetadataAllocation (Metadata GC Threshold)
Event: 5.113 Executing VM operation: CollectForMetadataAllocation (Metadata GC Threshold) done
Event: 5.237 Executing VM operation: ParallelGCFailedAllocation (Allocation Failure)
Event: 5.239 Executing VM operation: ParallelGCFailedAllocation (Allocation Failure) done
Event: 5.317 Executing VM operation: HandshakeAllThreads (Deoptimize)
Event: 5.317 Executing VM operation: HandshakeAllThreads (Deoptimize) done
Event: 5.423 Executing VM operation: ParallelGCFailedAllocation (Allocation Failure)
Event: 5.429 Executing VM operation: ParallelGCFailedAllocation (Allocation Failure) done
Event: 5.435 Executing VM operation: HandshakeAllThreads (Deoptimize)
Event: 5.435 Executing VM operation: HandshakeAllThreads (Deoptimize) done

Memory protections (0 events):
No events

Nmethod flushes (20 events):
Event: 5.099 Thread 0x000001b2f4174a70 flushing  nmethod 0x000001b2e0fd1e90
Event: 5.099 Thread 0x000001b2f4174a70 flushing  nmethod 0x000001b2e0fff810
Event: 5.099 Thread 0x000001b2f4174a70 flushing  nmethod 0x000001b2e1004510
Event: 5.099 Thread 0x000001b2f4174a70 flushing  nmethod 0x000001b2e102cb90
Event: 5.099 Thread 0x000001b2f4174a70 flushing  nmethod 0x000001b2e102e690
Event: 5.099 Thread 0x000001b2f4174a70 flushing  nmethod 0x000001b2e102ef90
Event: 5.099 Thread 0x000001b2f4174a70 flushing  nmethod 0x000001b2e1030d90
Event: 5.099 Thread 0x000001b2f4174a70 flushing  nmethod 0x000001b2e1031510
Event: 5.099 Thread 0x000001b2f4174a70 flushing  nmethod 0x000001b2e1032a90
Event: 5.099 Thread 0x000001b2f4174a70 flushing  nmethod 0x000001b2e1032f90
Event: 5.099 Thread 0x000001b2f4174a70 flushing  nmethod 0x000001b2e1033890
Event: 5.099 Thread 0x000001b2f4174a70 flushing  nmethod 0x000001b2e1034c90
Event: 5.099 Thread 0x000001b2f4174a70 flushing  nmethod 0x000001b2e1036710
Event: 5.099 Thread 0x000001b2f4174a70 flushing  nmethod 0x000001b2e1038190
Event: 5.099 Thread 0x000001b2f4174a70 flushing  nmethod 0x000001b2e107fa90
Event: 5.099 Thread 0x000001b2f4174a70 flushing  nmethod 0x000001b2e1085e10
Event: 5.099 Thread 0x000001b2f4174a70 flushing  nmethod 0x000001b2e10a6710
Event: 5.099 Thread 0x000001b2f4174a70 flushing  nmethod 0x000001b2e113d910
Event: 5.099 Thread 0x000001b2f4174a70 flushing  nmethod 0x000001b2e117b590
Event: 5.099 Thread 0x000001b2f4174a70 flushing  nmethod 0x000001b2e117ba10

Events (20 events):
Event: 4.938 Thread 0x000001b2dd6e0570 Thread added: 0x000001b2c1802f50
Event: 4.938 Thread 0x000001b2dd6e0570 Thread added: 0x000001b2c18035e0
Event: 4.970 Thread 0x000001b2dd6e0570 Thread added: 0x000001b2c18063d0
Event: 5.183 Thread 0x000001b2dd6e0570 Thread added: 0x000001b2fde322e0
Event: 5.183 Thread 0x000001b2dd6e0570 Thread added: 0x000001b2fde33690
Event: 5.326 Thread 0x000001b2fbc3e1c0 Thread added: 0x000001b2fde32970
Event: 5.326 Thread 0x000001b2fbc3e1c0 Thread added: 0x000001b2fde33d20
Event: 5.326 Thread 0x000001b2fde32970 Thread added: 0x000001b2fde343b0
Event: 5.326 Thread 0x000001b2fde33d20 Thread added: 0x000001b2fde34a40
Event: 5.327 Thread 0x000001b2fde343b0 Thread added: 0x000001b2fde350d0
Event: 5.327 Thread 0x000001b2fde34a40 Thread added: 0x000001b2fde31c50
Event: 5.327 Thread 0x000001b2fde350d0 Thread added: 0x000001b2fde33000
Event: 5.328 Thread 0x000001b2fde31c50 Thread added: 0x000001b2fc4f4e70
Event: 5.328 Thread 0x000001b2fde33000 Thread added: 0x000001b2fc4f3430
Event: 5.330 Thread 0x000001b2fc4f4e70 Thread added: 0x000001b2fc4f2da0
Event: 5.330 Thread 0x000001b2fc4f3430 Thread added: 0x000001b2fc4f3ac0
Event: 5.337 Thread 0x000001b2fc4f3ac0 Thread added: 0x000001b2fc4f4150
Event: 5.338 Thread 0x000001b2fc4f2da0 Thread added: 0x000001b2fc4f82f0
Event: 5.351 Thread 0x000001b2fc4f4150 Thread added: 0x000001b2fc4f47e0
Event: 5.365 Thread 0x000001b2fc4f82f0 Thread added: 0x000001b2fc4f5500


Dynamic libraries:
0x00007ff64be10000 - 0x00007ff64be1e000 	c:\Users\OMAR INFO\.windsurf\extensions\redhat.java-1.45.0-win32-x64\jre\21.0.8-win32-x86_64\bin\java.exe
0x00007ffd49890000 - 0x00007ffd49a88000 	C:\Windows\SYSTEM32\ntdll.dll
0x00007ffd496e0000 - 0x00007ffd497a2000 	C:\Windows\System32\KERNEL32.DLL
0x00007ffd47500000 - 0x00007ffd477f7000 	C:\Windows\System32\KERNELBASE.dll
0x00007ffd47190000 - 0x00007ffd47290000 	C:\Windows\System32\ucrtbase.dll
0x00007ffd17280000 - 0x00007ffd17298000 	c:\Users\OMAR INFO\.windsurf\extensions\redhat.java-1.45.0-win32-x64\jre\21.0.8-win32-x86_64\bin\jli.dll
0x00007ffd48820000 - 0x00007ffd489bd000 	C:\Windows\System32\USER32.dll
0x00007ffd47880000 - 0x00007ffd478a2000 	C:\Windows\System32\win32u.dll
0x00007ffd497b0000 - 0x00007ffd497db000 	C:\Windows\System32\GDI32.dll
0x00007ffd47070000 - 0x00007ffd47189000 	C:\Windows\System32\gdi32full.dll
0x00007ffd46f20000 - 0x00007ffd46fbd000 	C:\Windows\System32\msvcp_win.dll
0x00007ffd170c0000 - 0x00007ffd170de000 	c:\Users\OMAR INFO\.windsurf\extensions\redhat.java-1.45.0-win32-x64\jre\21.0.8-win32-x86_64\bin\VCRUNTIME140.dll
0x00007ffd2db60000 - 0x00007ffd2ddfa000 	C:\Windows\WinSxS\amd64_microsoft.windows.common-controls_6595b64144ccf1df_6.0.19041.5915_none_60b4b9d171f9c7c7\COMCTL32.dll
0x00007ffd47e80000 - 0x00007ffd47f1e000 	C:\Windows\System32\msvcrt.dll
0x00007ffd484a0000 - 0x00007ffd484cf000 	C:\Windows\System32\IMM32.DLL
0x00007ffd192c0000 - 0x00007ffd192cc000 	c:\Users\OMAR INFO\.windsurf\extensions\redhat.java-1.45.0-win32-x64\jre\21.0.8-win32-x86_64\bin\vcruntime140_1.dll
0x00007ffcfe660000 - 0x00007ffcfe6ed000 	c:\Users\OMAR INFO\.windsurf\extensions\redhat.java-1.45.0-win32-x64\jre\21.0.8-win32-x86_64\bin\msvcp140.dll
0x00007ffcc4540000 - 0x00007ffcc52d7000 	c:\Users\OMAR INFO\.windsurf\extensions\redhat.java-1.45.0-win32-x64\jre\21.0.8-win32-x86_64\bin\server\jvm.dll
0x00007ffd48680000 - 0x00007ffd48731000 	C:\Windows\System32\ADVAPI32.dll
0x00007ffd48280000 - 0x00007ffd4831f000 	C:\Windows\System32\sechost.dll
0x00007ffd49330000 - 0x00007ffd49456000 	C:\Windows\System32\RPCRT4.dll
0x00007ffd47480000 - 0x00007ffd474a7000 	C:\Windows\System32\bcrypt.dll
0x00007ffd497e0000 - 0x00007ffd4984b000 	C:\Windows\System32\WS2_32.dll
0x00007ffd468a0000 - 0x00007ffd468eb000 	C:\Windows\SYSTEM32\POWRPROF.dll
0x00007ffd387d0000 - 0x00007ffd387f7000 	C:\Windows\SYSTEM32\WINMM.dll
0x00007ffd40580000 - 0x00007ffd4058a000 	C:\Windows\SYSTEM32\VERSION.dll
0x00007ffd46880000 - 0x00007ffd46892000 	C:\Windows\SYSTEM32\UMPDC.dll
0x00007ffd45730000 - 0x00007ffd45742000 	C:\Windows\SYSTEM32\kernel.appcore.dll
0x00007ffd17180000 - 0x00007ffd1718a000 	c:\Users\OMAR INFO\.windsurf\extensions\redhat.java-1.45.0-win32-x64\jre\21.0.8-win32-x86_64\bin\jimage.dll
0x00007ffd44c50000 - 0x00007ffd44e51000 	C:\Windows\SYSTEM32\DBGHELP.DLL
0x00007ffd2ad10000 - 0x00007ffd2ad44000 	C:\Windows\SYSTEM32\dbgcore.DLL
0x00007ffd47290000 - 0x00007ffd47312000 	C:\Windows\System32\bcryptPrimitives.dll
0x00007ffd14c70000 - 0x00007ffd14c7f000 	c:\Users\OMAR INFO\.windsurf\extensions\redhat.java-1.45.0-win32-x64\jre\21.0.8-win32-x86_64\bin\instrument.dll
0x00007ffd13ca0000 - 0x00007ffd13cbf000 	c:\Users\OMAR INFO\.windsurf\extensions\redhat.java-1.45.0-win32-x64\jre\21.0.8-win32-x86_64\bin\java.dll
0x00007ffd48aa0000 - 0x00007ffd4920e000 	C:\Windows\System32\SHELL32.dll
0x00007ffd44f40000 - 0x00007ffd456e4000 	C:\Windows\SYSTEM32\windows.storage.dll
0x00007ffd47f20000 - 0x00007ffd48273000 	C:\Windows\System32\combase.dll
0x00007ffd46800000 - 0x00007ffd4682b000 	C:\Windows\SYSTEM32\Wldp.dll
0x00007ffd49460000 - 0x00007ffd4952d000 	C:\Windows\System32\OLEAUT32.dll
0x00007ffd47dd0000 - 0x00007ffd47e7d000 	C:\Windows\System32\SHCORE.dll
0x00007ffd48320000 - 0x00007ffd4837b000 	C:\Windows\System32\shlwapi.dll
0x00007ffd46e50000 - 0x00007ffd46e74000 	C:\Windows\SYSTEM32\profapi.dll
0x00007ffcfff10000 - 0x00007ffcfff28000 	c:\Users\OMAR INFO\.windsurf\extensions\redhat.java-1.45.0-win32-x64\jre\21.0.8-win32-x86_64\bin\zip.dll
0x00007ffd14c60000 - 0x00007ffd14c70000 	C:\Users\OMAR INFO\.windsurf\extensions\redhat.java-1.45.0-win32-x64\jre\21.0.8-win32-x86_64\bin\net.dll
0x00007ffd3f500000 - 0x00007ffd3f60a000 	C:\Windows\SYSTEM32\WINHTTP.dll
0x00007ffd465e0000 - 0x00007ffd4664a000 	C:\Windows\system32\mswsock.dll
0x00007ffd13830000 - 0x00007ffd13846000 	C:\Users\OMAR INFO\.windsurf\extensions\redhat.java-1.45.0-win32-x64\jre\21.0.8-win32-x86_64\bin\nio.dll
0x00007ffd00d50000 - 0x00007ffd00d60000 	c:\Users\OMAR INFO\.windsurf\extensions\redhat.java-1.45.0-win32-x64\jre\21.0.8-win32-x86_64\bin\verify.dll
0x00007ffcfe5c0000 - 0x00007ffcfe604000 	C:\Users\OMAR INFO\AppData\Roaming\Windsurf\User\globalStorage\redhat.java\1.45.0\config_win\org.eclipse.equinox.launcher\org.eclipse.equinox.launcher.win32.win32.x86_64_1.2.1400.v20250801-0854\eclipse_11916.dll
0x00007ffd49530000 - 0x00007ffd4965b000 	C:\Windows\System32\ole32.dll
0x00007ffd46840000 - 0x00007ffd46858000 	C:\Windows\SYSTEM32\CRYPTSP.dll
0x00007ffd45ec0000 - 0x00007ffd45ef8000 	C:\Windows\system32\rsaenh.dll
0x00007ffd46dd0000 - 0x00007ffd46dfe000 	C:\Windows\SYSTEM32\USERENV.dll
0x00007ffd46770000 - 0x00007ffd4677c000 	C:\Windows\SYSTEM32\CRYPTBASE.dll
0x00007ffd462e0000 - 0x00007ffd4631b000 	C:\Windows\SYSTEM32\IPHLPAPI.DLL
0x00007ffd47940000 - 0x00007ffd47948000 	C:\Windows\System32\NSI.dll
0x00007ffcfe520000 - 0x00007ffcfe569000 	C:\Users\OMAR INFO\AppData\Local\Temp\jna--64980065\jna9492731220980424248.dll
0x00007ffd47950000 - 0x00007ffd47958000 	C:\Windows\System32\PSAPI.DLL
0x00007ffd3ff00000 - 0x00007ffd3ff17000 	C:\Windows\SYSTEM32\dhcpcsvc6.DLL
0x00007ffd3fee0000 - 0x00007ffd3fefd000 	C:\Windows\SYSTEM32\dhcpcsvc.DLL

JVMTI agents:
c:\Users\OMAR INFO\.windsurf\extensions\redhat.java-1.45.0-win32-x64\lombok\lombok-1.18.39-4050.jar path:c:\Users\OMAR INFO\.windsurf\extensions\redhat.java-1.45.0-win32-x64\jre\21.0.8-win32-x86_64\bin\instrument.dll, loaded, initialized, instrumentlib options:none

dbghelp: loaded successfully - version: 4.0.5 - missing functions: none
symbol engine: initialized successfully - sym options: 0x614 - pdb path: .;c:\Users\OMAR INFO\.windsurf\extensions\redhat.java-1.45.0-win32-x64\jre\21.0.8-win32-x86_64\bin;C:\Windows\SYSTEM32;C:\Windows\WinSxS\amd64_microsoft.windows.common-controls_6595b64144ccf1df_6.0.19041.5915_none_60b4b9d171f9c7c7;c:\Users\OMAR INFO\.windsurf\extensions\redhat.java-1.45.0-win32-x64\jre\21.0.8-win32-x86_64\bin\server;C:\Users\OMAR INFO\AppData\Roaming\Windsurf\User\globalStorage\redhat.java\1.45.0\config_win\org.eclipse.equinox.launcher\org.eclipse.equinox.launcher.win32.win32.x86_64_1.2.1400.v20250801-0854;C:\Users\OMAR INFO\AppData\Local\Temp\jna--64980065

VM Arguments:
jvm_args: --add-modules=ALL-SYSTEM --add-opens=java.base/java.util=ALL-UNNAMED --add-opens=java.base/java.lang=ALL-UNNAMED --add-opens=java.base/sun.nio.fs=ALL-UNNAMED -Declipse.application=org.eclipse.jdt.ls.core.id1 -Dosgi.bundles.defaultStartLevel=4 -Declipse.product=org.eclipse.jdt.ls.core.product -Djava.import.generatesMetadataFilesAtProjectRoot=false -DDetectVMInstallationsJob.disabled=true -Dfile.encoding=utf8 -XX:+UseParallelGC -XX:GCTimeRatio=4 -XX:AdaptiveSizePolicyWeight=90 -Dsun.zip.disableMemoryMapping=true -Xmx2G -Xms100m -Xlog:disable -javaagent:c:\Users\OMAR INFO\.windsurf\extensions\redhat.java-1.45.0-win32-x64\lombok\lombok-1.18.39-4050.jar -XX:+HeapDumpOnOutOfMemoryError -XX:HeapDumpPath=c:\Users\OMAR INFO\AppData\Roaming\Windsurf\User\workspaceStorage\017271f0c0c7557d9833a01acf50ccd7\redhat.java -Daether.dependencyCollector.impl=bf 
java_command: c:\Users\OMAR INFO\.windsurf\extensions\redhat.java-1.45.0-win32-x64\server\plugins\org.eclipse.equinox.launcher_1.7.0.v20250519-0528.jar -configuration c:\Users\OMAR INFO\AppData\Roaming\Windsurf\User\globalStorage\redhat.java\1.45.0\config_win -data c:\Users\OMAR INFO\AppData\Roaming\Windsurf\User\workspaceStorage\017271f0c0c7557d9833a01acf50ccd7\redhat.java\jdt_ws --pipe=\\.\pipe\lsp-60b715790909a8b48ac3dc4fcb13592e-sock
java_class_path (initial): c:\Users\OMAR INFO\.windsurf\extensions\redhat.java-1.45.0-win32-x64\server\plugins\org.eclipse.equinox.launcher_1.7.0.v20250519-0528.jar
Launcher Type: SUN_STANDARD

[Global flags]
    uintx AdaptiveSizePolicyWeight                 = 90                                        {product} {command line}
     intx CICompilerCount                          = 12                                        {product} {ergonomic}
    uintx GCTimeRatio                              = 4                                         {product} {command line}
     bool HeapDumpOnOutOfMemoryError               = true                                   {manageable} {command line}
    ccstr HeapDumpPath                             = c:\Users\OMAR INFO\AppData\Roaming\Windsurf\User\workspaceStorage\017271f0c0c7557d9833a01acf50ccd7\redhat.java         {manageable} {command line}
   size_t InitialHeapSize                          = 104857600                                 {product} {command line}
   size_t MaxHeapSize                              = 2147483648                                {product} {command line}
   size_t MaxNewSize                               = 715653120                                 {product} {ergonomic}
   size_t MinHeapDeltaBytes                        = 524288                                    {product} {ergonomic}
   size_t MinHeapSize                              = 104857600                                 {product} {command line}
   size_t NewSize                                  = 34603008                                  {product} {ergonomic}
    uintx NonNMethodCodeHeapSize                   = 7602480                                {pd product} {ergonomic}
    uintx NonProfiledCodeHeapSize                  = 122027880                              {pd product} {ergonomic}
   size_t OldSize                                  = 70254592                                  {product} {ergonomic}
    uintx ProfiledCodeHeapSize                     = 122027880                              {pd product} {ergonomic}
    uintx ReservedCodeCacheSize                    = 251658240                              {pd product} {ergonomic}
     bool SegmentedCodeCache                       = true                                      {product} {ergonomic}
   size_t SoftMaxHeapSize                          = 2147483648                             {manageable} {ergonomic}
     bool UseCompressedOops                        = true                           {product lp64_product} {ergonomic}
     bool UseLargePagesIndividualAllocation        = false                                  {pd product} {ergonomic}
     bool UseParallelGC                            = true                                      {product} {command line}

Logging:
Log output configuration:
 #0: stdout all=off uptime,level,tags foldmultilines=false
 #1: stderr all=off uptime,level,tags foldmultilines=false

Environment Variables:
PATH=C:\oraclexe\app\oracle\product\10.2.0\server\bin;C:\ProgramData\Oracle\Java\javapath;C:\Program Files\Common Files\Oracle\Java\javapath;C:\Windows\system32;C:\Windows;C:\Windows\System32\Wbem;C:\Windows\System32\WindowsPowerShell\v1.0\;C:\Windows\System32\OpenSSH\;C:\Program Files\Microsoft SQL Server\150\Tools\Binn\;C:\Program Files\Microsoft SQL Server\Client SDK\ODBC\170\Tools\Binn\;C:\Program Files\dotnet\;C:\Program Files\NVIDIA Corporation\NVIDIA NvDLISR;C:\ProgramData\chocolatey\bin;C:\Program Files (x86)\Microsoft SQL Server\110\Tools\Binn\;C:\Program Files (x86)\Microsoft SQL Server\110\DTS\Binn\;C:\Program Files (x86)\Microsoft SQL Server\110\Tools\Binn\ManagementStudio\;C:\Program Files (x86)\Microsoft Visual Studio 10.0\Common7\IDE\PrivateAssemblies\;C:\Program Files (x86)\NVIDIA Corporation\PhysX\Common;C:\Program Files\nodejs\;C:\Program Files\Git LFS;C:\Program Files\Docker\Docker\resources\bin;C:\Program Files\Git\cmd;C:\Windows\system32\platform-tools;C:\Program Files\MongoDB\Server\8.0\bin;C:\Users\OMAR INFO\AppData\Local\Programs\Python\Python310;C:\Users\OMAR INFO\AppData\Local\Programs\Python\Python310\Scripts;F:\PuTTY\;C:\Users\OMAR INFO\AppData\Local\Programs\Python\Python310\Scripts\;C:\Users\OMAR INFO\AppData\Local\Programs\Python\Python310\;C:\Users\OMAR INFO\AppData\Local\Microsoft\WindowsApps;C:\Users\OMAR INFO\.dotnet\tools;C:\Program Files\JetBrains\IntelliJ IDEA 2023.2.1\bin;;C:\Users\OMAR INFO\AppData\Local\Programs\Microsoft VS Code\bin;C:\Users\OMAR INFO\AppData\Roaming\npm;C:\Users\OMAR INFO\AppData\Local\GitHubDesktop\bin;C:\xampp\php;C:\Users\OMAR INFO\composer;C:\Users\OMAR INFO\AppData\Roaming\Composer\vendor\bin;C:\Program Files (x86)\Microsoft SDKs\Windows\v10.0A\bin\NETFX 4.8 Tools;C:\Users\OMAR INFO\AppData\Local\Programs\Windsurf\bin;
USERNAME=OMAR INFO
OS=Windows_NT
PROCESSOR_IDENTIFIER=Intel64 Family 6 Model 141 Stepping 1, GenuineIntel
TMP=C:\Users\OMARIN~1\AppData\Local\Temp
TEMP=C:\Users\OMARIN~1\AppData\Local\Temp




Periodic native trim disabled

---------------  S Y S T E M  ---------------

OS:
 Windows 10 , 64 bit Build 19041 (10.0.19041.5915)
OS uptime: 3 days 17:24 hours
Hyper-V role detected

CPU: total 16 (initial active 16) (8 cores per cpu, 2 threads per core) family 6 model 141 stepping 1 microcode 0x26, cx8, cmov, fxsr, ht, mmx, 3dnowpref, sse, sse2, sse3, ssse3, sse4.1, sse4.2, popcnt, lzcnt, tsc, tscinvbit, avx, avx2, aes, erms, clmul, bmi1, bmi2, adx, avx512f, avx512dq, avx512cd, avx512bw, avx512vl, sha, fma, vzeroupper, avx512_vpopcntdq, avx512_vpclmulqdq, avx512_vaes, avx512_vnni, clflush, clflushopt, clwb, avx512_vbmi2, avx512_vbmi, hv, rdtscp, rdpid, fsrm, gfni, avx512_bitalg, f16c, cet_ibt, cet_ss, avx512_ifma
Processor Information for the first 16 processors :
  Max Mhz: 2304, Current Mhz: 2304, Mhz Limit: 2304

Memory: 4k page, system-wide physical 16085M (479M free)
TotalPageFile size 23385M (AvailPageFile size 7M)
current process WorkingSet (physical memory assigned to process): 220M, peak: 227M
current process commit charge ("private bytes"): 351M, peak: 377M

vm_info: OpenJDK 64-Bit Server VM (21.0.8+9-LTS) for windows-amd64 JRE (21.0.8+9-LTS), built on 2025-07-15T00:00:00Z by "admin" with MS VC++ 17.7 (VS2022)

END.
