#
# There is insufficient memory for the Java Runtime Environment to continue.
# Native memory allocation (malloc) failed to allocate 1391120 bytes. Error detail: Chunk::new
# Possible reasons:
#   The system is out of physical RAM or swap space
#   This process is running with CompressedOops enabled, and the Java Heap may be blocking the growth of the native heap
# Possible solutions:
#   Reduce memory load on the system
#   Increase physical memory or swap space
#   Check if swap backing store is full
#   Decrease Java heap size (-Xmx/-Xms)
#   Decrease number of Java threads
#   Decrease Java thread stack sizes (-Xss)
#   Set larger code cache with -XX:ReservedCodeCacheSize=
#   JVM is running with Unscaled Compressed Oops mode in which the Java heap is
#     placed in the first 4GB address space. The Java Heap base address is the
#     maximum limit for the native heap growth. Please use -XX:HeapBaseMinAddress
#     to set the Java Heap base and to place the Java Heap above 4GB virtual address.
# This output file may be truncated or incomplete.
#
#  Out of Memory Error (arena.cpp:168), pid=22300, tid=23228
#
# JRE version: OpenJDK Runtime Environment Temurin-21.0.8+9 (21.0.8+9) (build 21.0.8+9-LTS)
# Java VM: OpenJDK 64-Bit Server VM Temurin-21.0.8+9 (21.0.8+9-LTS, mixed mode, sharing, tiered, compressed oops, compressed class ptrs, parallel gc, windows-amd64)
# No core dump will be written. Minidumps are not enabled by default on client versions of Windows
#

---------------  S U M M A R Y ------------

Command Line: --add-modules=ALL-SYSTEM --add-opens=java.base/java.util=ALL-UNNAMED --add-opens=java.base/java.lang=ALL-UNNAMED --add-opens=java.base/sun.nio.fs=ALL-UNNAMED -Declipse.application=org.eclipse.jdt.ls.core.id1 -Dosgi.bundles.defaultStartLevel=4 -Declipse.product=org.eclipse.jdt.ls.core.product -Djava.import.generatesMetadataFilesAtProjectRoot=false -DDetectVMInstallationsJob.disabled=true -Dfile.encoding=utf8 -XX:+UseParallelGC -XX:GCTimeRatio=4 -XX:AdaptiveSizePolicyWeight=90 -Dsun.zip.disableMemoryMapping=true -Xmx2G -Xms100m -Xlog:disable -javaagent:c:\Users\OMAR INFO\.windsurf\extensions\redhat.java-1.45.0-win32-x64\lombok\lombok-1.18.39-4050.jar c:\Users\OMAR INFO\.windsurf\extensions\redhat.java-1.45.0-win32-x64\server\plugins\org.eclipse.equinox.launcher_1.7.0.v20250519-0528.jar -configuration c:\Users\OMAR INFO\AppData\Roaming\Windsurf\User\globalStorage\redhat.java\1.45.0\config_ss_win -data c:\Users\OMAR INFO\AppData\Roaming\Windsurf\User\workspaceStorage\017271f0c0c7557d9833a01acf50ccd7\redhat.java\ss_ws --pipe=\\.\pipe\lsp-e1a10a0c9d69f92f85839eb24364f80b-sock

Host: 11th Gen Intel(R) Core(TM) i7-11800H @ 2.30GHz, 16 cores, 15G,  Windows 10 , 64 bit Build 19041 (10.0.19041.5915)
Time: Thu Sep 25 16:01:39 2025 Paris, Madrid elapsed time: 2.762216 seconds (0d 0h 0m 2s)

---------------  T H R E A D  ---------------

Current thread (0x0000012c713ff790):  JavaThread "C2 CompilerThread0" daemon [_thread_in_native, id=23228, stack(0x0000000d1a100000,0x0000000d1a200000) (1024K)]


Current CompileTask:
C2:2762 3730       4       org.eclipse.osgi.internal.loader.ModuleClassLoader::toString (80 bytes)

Stack: [0x0000000d1a100000,0x0000000d1a200000]
Native frames: (J=compiled Java code, j=interpreted, Vv=VM code, C=native code)
V  [jvm.dll+0x6d2449]
V  [jvm.dll+0x8ae341]
V  [jvm.dll+0x8b08be]
V  [jvm.dll+0x8b0fa3]
V  [jvm.dll+0x280c96]
V  [jvm.dll+0xc581d]
V  [jvm.dll+0xc5d53]
V  [jvm.dll+0x3b919c]
V  [jvm.dll+0x385315]
V  [jvm.dll+0x38477a]
V  [jvm.dll+0x248ed0]
V  [jvm.dll+0x2484af]
V  [jvm.dll+0x1c89ee]
V  [jvm.dll+0x257d4d]
V  [jvm.dll+0x2562ea]
V  [jvm.dll+0x3f2d16]
V  [jvm.dll+0x857e6b]
V  [jvm.dll+0x6d0b0d]
C  [ucrtbase.dll+0x21bb2]
C  [KERNEL32.DLL+0x17374]
C  [ntdll.dll+0x4cc91]


---------------  P R O C E S S  ---------------

Threads class SMR info:
_java_thread_list=0x0000012c78ffbd40, length=46, elements={
0x0000012c594979a0, 0x0000012c5943f370, 0x0000012c59442be0, 0x0000012c59446350,
0x0000012c594472e0, 0x0000012c5944d9b0, 0x0000012c713f99e0, 0x0000012c713ff790,
0x0000012c714224a0, 0x0000012c713f7fa0, 0x0000012c71520820, 0x0000012c715231d0,
0x0000012c715810e0, 0x0000012c713f8cc0, 0x0000012c771c9790, 0x0000012c713fa070,
0x0000012c713f8630, 0x0000012c713fa700, 0x0000012c713fad90, 0x0000012c713f9350,
0x0000012c713fb420, 0x0000012c77c0b9b0, 0x0000012c77c0b320, 0x0000012c77c0ac90,
0x0000012c7855b9c0, 0x0000012c77c09f70, 0x0000012c77c09250, 0x0000012c77c06460,
0x0000012c77c06af0, 0x0000012c77c0c040, 0x0000012c77c0c6d0, 0x0000012c77c0d3f0,
0x0000012c77c07ea0, 0x0000012c77c098e0, 0x0000012c77c0cd60, 0x0000012c77c07180,
0x0000012c77c0a600, 0x0000012c77c07810, 0x0000012c77c0da80, 0x0000012c77c08530,
0x0000012c77c08bc0, 0x0000012c798f2680, 0x0000012c798f2d10, 0x0000012c798f05b0,
0x0000012c798eeb70, 0x0000012c798ed7c0
}

Java Threads: ( => current thread )
  0x0000012c594979a0 JavaThread "main"                              [_thread_blocked, id=14304, stack(0x0000000d19700000,0x0000000d19800000) (1024K)]
  0x0000012c5943f370 JavaThread "Reference Handler"          daemon [_thread_blocked, id=18772, stack(0x0000000d19b00000,0x0000000d19c00000) (1024K)]
  0x0000012c59442be0 JavaThread "Finalizer"                  daemon [_thread_blocked, id=15440, stack(0x0000000d19c00000,0x0000000d19d00000) (1024K)]
  0x0000012c59446350 JavaThread "Signal Dispatcher"          daemon [_thread_blocked, id=16156, stack(0x0000000d19d00000,0x0000000d19e00000) (1024K)]
  0x0000012c594472e0 JavaThread "Attach Listener"            daemon [_thread_blocked, id=4296, stack(0x0000000d19e00000,0x0000000d19f00000) (1024K)]
  0x0000012c5944d9b0 JavaThread "Service Thread"             daemon [_thread_blocked, id=20548, stack(0x0000000d19f00000,0x0000000d1a000000) (1024K)]
  0x0000012c713f99e0 JavaThread "Monitor Deflation Thread"   daemon [_thread_blocked, id=12284, stack(0x0000000d1a000000,0x0000000d1a100000) (1024K)]
=>0x0000012c713ff790 JavaThread "C2 CompilerThread0"         daemon [_thread_in_native, id=23228, stack(0x0000000d1a100000,0x0000000d1a200000) (1024K)]
  0x0000012c714224a0 JavaThread "C1 CompilerThread0"         daemon [_thread_blocked, id=23000, stack(0x0000000d1a200000,0x0000000d1a300000) (1024K)]
  0x0000012c713f7fa0 JavaThread "Common-Cleaner"             daemon [_thread_blocked, id=13620, stack(0x0000000d1a300000,0x0000000d1a400000) (1024K)]
  0x0000012c71520820 JavaThread "C1 CompilerThread1"         daemon [_thread_blocked, id=20760, stack(0x0000000d1a400000,0x0000000d1a500000) (1024K)]
  0x0000012c715231d0 JavaThread "C1 CompilerThread2"         daemon [_thread_blocked, id=16748, stack(0x0000000d1a500000,0x0000000d1a600000) (1024K)]
  0x0000012c715810e0 JavaThread "C2 CompilerThread1"         daemon [_thread_blocked, id=24228, stack(0x0000000d1a600000,0x0000000d1a700000) (1024K)]
  0x0000012c713f8cc0 JavaThread "Notification Thread"        daemon [_thread_blocked, id=13472, stack(0x0000000d1a700000,0x0000000d1a800000) (1024K)]
  0x0000012c771c9790 JavaThread "C2 CompilerThread2"         daemon [_thread_blocked, id=3836, stack(0x0000000d1a800000,0x0000000d1a900000) (1024K)]
  0x0000012c713fa070 JavaThread "Active Thread: Equinox Container: 6f71ebcc-30c6-40a2-8a74-803c41b58a9c"        [_thread_blocked, id=13460, stack(0x0000000d1af00000,0x0000000d1b000000) (1024K)]
  0x0000012c713f8630 JavaThread "Framework Event Dispatcher: Equinox Container: 6f71ebcc-30c6-40a2-8a74-803c41b58a9c" daemon [_thread_blocked, id=5264, stack(0x0000000d1b000000,0x0000000d1b100000) (1024K)]
  0x0000012c713fa700 JavaThread "Start Level: Equinox Container: 6f71ebcc-30c6-40a2-8a74-803c41b58a9c" daemon [_thread_blocked, id=13404, stack(0x0000000d1b200000,0x0000000d1b300000) (1024K)]
  0x0000012c713fad90 JavaThread "SCR Component Actor"        daemon [_thread_blocked, id=14768, stack(0x0000000d1b300000,0x0000000d1b400000) (1024K)]
  0x0000012c713f9350 JavaThread "SCR Component Registry"     daemon [_thread_blocked, id=7464, stack(0x0000000d1b400000,0x0000000d1b500000) (1024K)]
  0x0000012c713fb420 JavaThread "Worker-JM"                         [_thread_blocked, id=22204, stack(0x0000000d1b500000,0x0000000d1b600000) (1024K)]
  0x0000012c77c0b9b0 JavaThread "JNA Cleaner"                daemon [_thread_blocked, id=15376, stack(0x0000000d1b800000,0x0000000d1b900000) (1024K)]
  0x0000012c77c0b320 JavaThread "Worker-0"                          [_thread_blocked, id=23900, stack(0x0000000d1b900000,0x0000000d1ba00000) (1024K)]
  0x0000012c77c0ac90 JavaThread "Worker-1"                          [_thread_blocked, id=19724, stack(0x0000000d1bd00000,0x0000000d1be00000) (1024K)]
  0x0000012c7855b9c0 JavaThread "C1 CompilerThread3"         daemon [_thread_blocked, id=17360, stack(0x0000000d1bf00000,0x0000000d1c000000) (1024K)]
  0x0000012c77c09f70 JavaThread "Thread-2"                   daemon [_thread_in_native, id=9580, stack(0x0000000d1c100000,0x0000000d1c200000) (1024K)]
  0x0000012c77c09250 JavaThread "Thread-3"                   daemon [_thread_in_native, id=2344, stack(0x0000000d1c200000,0x0000000d1c300000) (1024K)]
  0x0000012c77c06460 JavaThread "Thread-4"                   daemon [_thread_in_native, id=3888, stack(0x0000000d1c300000,0x0000000d1c400000) (1024K)]
  0x0000012c77c06af0 JavaThread "Thread-5"                   daemon [_thread_in_native, id=4904, stack(0x0000000d1c400000,0x0000000d1c500000) (1024K)]
  0x0000012c77c0c040 JavaThread "Thread-6"                   daemon [_thread_in_native, id=19756, stack(0x0000000d1c500000,0x0000000d1c600000) (1024K)]
  0x0000012c77c0c6d0 JavaThread "Thread-7"                   daemon [_thread_in_native, id=3728, stack(0x0000000d1c600000,0x0000000d1c700000) (1024K)]
  0x0000012c77c0d3f0 JavaThread "Thread-8"                   daemon [_thread_in_native, id=17060, stack(0x0000000d1c700000,0x0000000d1c800000) (1024K)]
  0x0000012c77c07ea0 JavaThread "Thread-9"                   daemon [_thread_in_native, id=13996, stack(0x0000000d1c800000,0x0000000d1c900000) (1024K)]
  0x0000012c77c098e0 JavaThread "Thread-10"                  daemon [_thread_in_native, id=12256, stack(0x0000000d1c900000,0x0000000d1ca00000) (1024K)]
  0x0000012c77c0cd60 JavaThread "Thread-11"                  daemon [_thread_in_native, id=15172, stack(0x0000000d1ca00000,0x0000000d1cb00000) (1024K)]
  0x0000012c77c07180 JavaThread "Thread-12"                  daemon [_thread_in_native, id=6424, stack(0x0000000d1cb00000,0x0000000d1cc00000) (1024K)]
  0x0000012c77c0a600 JavaThread "Thread-13"                  daemon [_thread_in_native, id=15084, stack(0x0000000d1cc00000,0x0000000d1cd00000) (1024K)]
  0x0000012c77c07810 JavaThread "Thread-14"                  daemon [_thread_in_native, id=11960, stack(0x0000000d1cd00000,0x0000000d1ce00000) (1024K)]
  0x0000012c77c0da80 JavaThread "Thread-15"                  daemon [_thread_in_native, id=2188, stack(0x0000000d1ce00000,0x0000000d1cf00000) (1024K)]
  0x0000012c77c08530 JavaThread "Thread-16"                  daemon [_thread_in_native, id=11212, stack(0x0000000d1cf00000,0x0000000d1d000000) (1024K)]
  0x0000012c77c08bc0 JavaThread "Thread-17"                  daemon [_thread_in_native, id=11784, stack(0x0000000d1d000000,0x0000000d1d100000) (1024K)]
  0x0000012c798f2680 JavaThread "Thread-18"                  daemon [_thread_in_native, id=8976, stack(0x0000000d1d100000,0x0000000d1d200000) (1024K)]
  0x0000012c798f2d10 JavaThread "pool-2-thread-1"                   [_thread_blocked, id=8060, stack(0x0000000d1d200000,0x0000000d1d300000) (1024K)]
  0x0000012c798f05b0 JavaThread "Worker-2"                          [_thread_blocked, id=2676, stack(0x0000000d1d300000,0x0000000d1d400000) (1024K)]
  0x0000012c798eeb70 JavaThread "WorkspaceEventsHandler"            [_thread_blocked, id=21356, stack(0x0000000d1d400000,0x0000000d1d500000) (1024K)]
  0x0000012c798ed7c0 JavaThread "pool-1-thread-1"                   [_thread_blocked, id=1896, stack(0x0000000d1d500000,0x0000000d1d600000) (1024K)]
Total: 46

Other Threads:
  0x0000012c59552be0 VMThread "VM Thread"                           [id=14588, stack(0x0000000d19a00000,0x0000000d19b00000) (1024K)]
  0x0000012c595033a0 WatcherThread "VM Periodic Task Thread"        [id=12160, stack(0x0000000d19900000,0x0000000d19a00000) (1024K)]
  0x0000012c594b4ae0 WorkerThread "GC Thread#0"                     [id=12132, stack(0x0000000d19800000,0x0000000d19900000) (1024K)]
  0x0000012c770d0780 WorkerThread "GC Thread#1"                     [id=14048, stack(0x0000000d1a900000,0x0000000d1aa00000) (1024K)]
  0x0000012c7759e150 WorkerThread "GC Thread#2"                     [id=22380, stack(0x0000000d1aa00000,0x0000000d1ab00000) (1024K)]
  0x0000012c7759e4f0 WorkerThread "GC Thread#3"                     [id=18376, stack(0x0000000d1ab00000,0x0000000d1ac00000) (1024K)]
  0x0000012c777af320 WorkerThread "GC Thread#4"                     [id=12964, stack(0x0000000d1ac00000,0x0000000d1ad00000) (1024K)]
  0x0000012c777af7d0 WorkerThread "GC Thread#5"                     [id=17556, stack(0x0000000d1ad00000,0x0000000d1ae00000) (1024K)]
  0x0000012c777afb70 WorkerThread "GC Thread#6"                     [id=8368, stack(0x0000000d1ae00000,0x0000000d1af00000) (1024K)]
  0x0000012c77612be0 WorkerThread "GC Thread#7"                     [id=19048, stack(0x0000000d1b100000,0x0000000d1b200000) (1024K)]
  0x0000012c7796d090 WorkerThread "GC Thread#8"                     [id=10380, stack(0x0000000d1b600000,0x0000000d1b700000) (1024K)]
  0x0000012c7796be70 WorkerThread "GC Thread#9"                     [id=8624, stack(0x0000000d1b700000,0x0000000d1b800000) (1024K)]
  0x0000012c7796ccf0 WorkerThread "GC Thread#10"                    [id=16412, stack(0x0000000d1ba00000,0x0000000d1bb00000) (1024K)]
  0x0000012c7796d7d0 WorkerThread "GC Thread#11"                    [id=17592, stack(0x0000000d1bb00000,0x0000000d1bc00000) (1024K)]
  0x0000012c7796c210 WorkerThread "GC Thread#12"                    [id=13804, stack(0x0000000d1bc00000,0x0000000d1bd00000) (1024K)]
Total: 15

Threads with active compile tasks:
C2 CompilerThread0  2783 3730       4       org.eclipse.osgi.internal.loader.ModuleClassLoader::toString (80 bytes)
Total: 1

VM state: at safepoint (normal execution)

VM Mutex/Monitor currently owned by a thread:  ([mutex/lock_event])
[0x00007ffe8a085458] Threads_lock - owner thread: 0x0000012c59552be0
[0x00007ffe8a085558] Heap_lock - owner thread: 0x0000012c798ed7c0

Heap address: 0x0000000080000000, size: 2048 MB, Compressed Oops mode: 32-bit

CDS archive(s) mapped at: [0x0000012c00000000-0x0000012c00ba0000-0x0000012c00ba0000), size 12189696, SharedBaseAddress: 0x0000012c00000000, ArchiveRelocationMode: 1.
Compressed class space mapped at: 0x0000012c01000000-0x0000012c41000000, reserved size: 1073741824
Narrow klass base: 0x0000012c00000000, Narrow klass shift: 0, Narrow klass range: 0x100000000

GC Precious Log:
 CardTable entry size: 512
 CPUs: 16 total, 16 available
 Memory: 16085M
 Large Page Support: Disabled
 NUMA Support: Disabled
 Compressed Oops: Enabled (32-bit)
 Alignments: Space 512K, Generation 512K, Heap 2M
 Heap Min Capacity: 100M
 Heap Initial Capacity: 100M
 Heap Max Capacity: 2G
 Pre-touch: Disabled
 Parallel Workers: 13

Heap:
 PSYoungGen      total 26624K, used 26612K [0x00000000d5580000, 0x00000000d7700000, 0x0000000100000000)
  eden space 23552K, 100% used [0x00000000d5580000,0x00000000d6c80000,0x00000000d6c80000)
  from space 3072K, 99% used [0x00000000d7180000,0x00000000d747d2a0,0x00000000d7480000)
  to   space 5120K, 64% used [0x00000000d6c80000,0x00000000d6fb7ec0,0x00000000d7180000)
 ParOldGen       total 68608K, used 13109K [0x0000000080000000, 0x0000000084300000, 0x00000000d5580000)
  object space 68608K, 19% used [0x0000000080000000,0x0000000080ccd680,0x0000000084300000)
 Metaspace       used 29774K, committed 30592K, reserved 1114112K
  class space    used 2965K, committed 3328K, reserved 1048576K

Card table byte_map: [0x0000012c58e40000,0x0000012c59250000] _byte_map_base: 0x0000012c58a40000

Marking Bits: (ParMarkBitMap*) 0x00007ffe8a08a340
 Begin Bits: [0x0000012c6b940000, 0x0000012c6d940000)
 End Bits:   [0x0000012c6d940000, 0x0000012c6f940000)

Polling page: 0x0000012c57290000

Metaspace:

Usage:
  Non-class:     26.18 MB used.
      Class:      2.90 MB used.
       Both:     29.08 MB used.

Virtual space:
  Non-class space:       64.00 MB reserved,      26.62 MB ( 42%) committed,  1 nodes.
      Class space:        1.00 GB reserved,       3.25 MB ( <1%) committed,  1 nodes.
             Both:        1.06 GB reserved,      29.88 MB (  3%) committed. 

Chunk freelists:
   Non-Class:  4.53 MB
       Class:  12.64 MB
        Both:  17.17 MB

MaxMetaspaceSize: unlimited
CompressedClassSpaceSize: 1.00 GB
Initial GC threshold: 21.00 MB
Current GC threshold: 35.00 MB
CDS: on
 - commit_granule_bytes: 65536.
 - commit_granule_words: 8192.
 - virtual_space_node_default_size: 8388608.
 - enlarge_chunks_in_place: 1.
 - use_allocation_guard: 0.


Internal statistics:

num_allocs_failed_limit: 3.
num_arena_births: 566.
num_arena_deaths: 14.
num_vsnodes_births: 2.
num_vsnodes_deaths: 0.
num_space_committed: 478.
num_space_uncommitted: 0.
num_chunks_returned_to_freelist: 17.
num_chunks_taken_from_freelist: 1741.
num_chunk_merges: 8.
num_chunk_splits: 1110.
num_chunks_enlarged: 705.
num_inconsistent_stats: 0.

CodeHeap 'non-profiled nmethods': size=119168Kb used=1808Kb max_used=1808Kb free=117359Kb
 bounds [0x0000012c64230000, 0x0000012c644a0000, 0x0000012c6b690000]
CodeHeap 'profiled nmethods': size=119104Kb used=8069Kb max_used=8069Kb free=111034Kb
 bounds [0x0000012c5c690000, 0x0000012c5ce80000, 0x0000012c63ae0000]
CodeHeap 'non-nmethods': size=7488Kb used=3044Kb max_used=3096Kb free=4443Kb
 bounds [0x0000012c63ae0000, 0x0000012c63df0000, 0x0000012c64230000]
CodeCache: size=245760Kb, used=12921Kb, max_used=12973Kb, free=232836Kb
 total_blobs=4570, nmethods=3932, adapters=541, full_count=0
Compilation: enabled, stopped_count=0, restarted_count=0

Compilation events (20 events):
Event: 2.754 Thread 0x0000012c714224a0 3895       3       jdk.internal.reflect.ReflectionFactory::useMethodHandleAccessor (18 bytes)
Event: 2.755 Thread 0x0000012c715231d0 nmethod 3894 0x0000012c5ce51f90 code [0x0000012c5ce52140, 0x0000012c5ce52380]
Event: 2.755 Thread 0x0000012c715231d0 3896       3       jdk.internal.reflect.MethodHandleAccessorFactory::useNativeAccessor (74 bytes)
Event: 2.755 Thread 0x0000012c7855b9c0 nmethod 3887 0x0000012c5ce52490 code [0x0000012c5ce527a0, 0x0000012c5ce53678]
Event: 2.755 Thread 0x0000012c7855b9c0 3900       3       jdk.internal.reflect.MethodHandleAccessorFactory::slotCount (75 bytes)
Event: 2.755 Thread 0x0000012c714224a0 nmethod 3895 0x0000012c5ce53d90 code [0x0000012c5ce53f40, 0x0000012c5ce540c0]
Event: 2.755 Thread 0x0000012c714224a0 3897       3       java.lang.invoke.MethodType::genericMethodType (6 bytes)
Event: 2.755 Thread 0x0000012c71520820 nmethod 3884 0x0000012c5ce54190 code [0x0000012c5ce545c0, 0x0000012c5ce567c8]
Event: 2.755 Thread 0x0000012c715231d0 nmethod 3896 0x0000012c5ce57e90 code [0x0000012c5ce580e0, 0x0000012c5ce58900]
Event: 2.755 Thread 0x0000012c714224a0 nmethod 3897 0x0000012c5ce58b90 code [0x0000012c5ce58d40, 0x0000012c5ce58e60]
Event: 2.755 Thread 0x0000012c7855b9c0 nmethod 3900 0x0000012c5ce58f10 code [0x0000012c5ce59100, 0x0000012c5ce595b0]
Event: 2.756 Thread 0x0000012c714224a0 3898       3       java.lang.reflect.Modifier::isNative (14 bytes)
Event: 2.756 Thread 0x0000012c715231d0 3899       3       jdk.internal.reflect.ReflectionFactory::useNativeAccessorOnly (7 bytes)
Event: 2.757 Thread 0x0000012c714224a0 nmethod 3898 0x0000012c5ce59710 code [0x0000012c5ce598a0, 0x0000012c5ce599e8]
Event: 2.757 Thread 0x0000012c715231d0 nmethod 3899 0x0000012c5ce59a90 code [0x0000012c5ce59c40, 0x0000012c5ce59d98]
Event: 2.757 Thread 0x0000012c771c9790 nmethod 3892 0x0000012c643f0910 code [0x0000012c643f0aa0, 0x0000012c643f0b88]
Event: 2.757 Thread 0x0000012c771c9790 3891       4       java.util.HashMap::entrySet (27 bytes)
Event: 2.758 Thread 0x0000012c771c9790 nmethod 3891 0x0000012c643f0c90 code [0x0000012c643f0e20, 0x0000012c643f0f38]
Event: 2.758 Thread 0x0000012c771c9790 3901       4       java.lang.invoke.MethodType::methodType (69 bytes)
Event: 2.760 Thread 0x0000012c715810e0 nmethod 3890 0x0000012c643f1010 code [0x0000012c643f11c0, 0x0000012c643f1540]

GC Heap History (18 events):
Event: 0.485 GC heap before
{Heap before GC invocations=1 (full 0):
 PSYoungGen      total 29696K, used 25600K [0x00000000d5580000, 0x00000000d7680000, 0x0000000100000000)
  eden space 25600K, 100% used [0x00000000d5580000,0x00000000d6e80000,0x00000000d6e80000)
  from space 4096K, 0% used [0x00000000d7280000,0x00000000d7280000,0x00000000d7680000)
  to   space 4096K, 0% used [0x00000000d6e80000,0x00000000d6e80000,0x00000000d7280000)
 ParOldGen       total 68608K, used 0K [0x0000000080000000, 0x0000000084300000, 0x00000000d5580000)
  object space 68608K, 0% used [0x0000000080000000,0x0000000080000000,0x0000000084300000)
 Metaspace       used 4229K, committed 4480K, reserved 1114112K
  class space    used 463K, committed 576K, reserved 1048576K
}
Event: 0.491 GC heap after
{Heap after GC invocations=1 (full 0):
 PSYoungGen      total 29696K, used 3787K [0x00000000d5580000, 0x00000000d7680000, 0x0000000100000000)
  eden space 25600K, 0% used [0x00000000d5580000,0x00000000d5580000,0x00000000d6e80000)
  from space 4096K, 92% used [0x00000000d6e80000,0x00000000d7232d90,0x00000000d7280000)
  to   space 4096K, 0% used [0x00000000d7280000,0x00000000d7280000,0x00000000d7680000)
 ParOldGen       total 68608K, used 16K [0x0000000080000000, 0x0000000084300000, 0x00000000d5580000)
  object space 68608K, 0% used [0x0000000080000000,0x0000000080004000,0x0000000084300000)
 Metaspace       used 4229K, committed 4480K, reserved 1114112K
  class space    used 463K, committed 576K, reserved 1048576K
}
Event: 0.906 GC heap before
{Heap before GC invocations=2 (full 0):
 PSYoungGen      total 29696K, used 29387K [0x00000000d5580000, 0x00000000d7680000, 0x0000000100000000)
  eden space 25600K, 100% used [0x00000000d5580000,0x00000000d6e80000,0x00000000d6e80000)
  from space 4096K, 92% used [0x00000000d6e80000,0x00000000d7232d90,0x00000000d7280000)
  to   space 4096K, 0% used [0x00000000d7280000,0x00000000d7280000,0x00000000d7680000)
 ParOldGen       total 68608K, used 16K [0x0000000080000000, 0x0000000084300000, 0x00000000d5580000)
  object space 68608K, 0% used [0x0000000080000000,0x0000000080004000,0x0000000084300000)
 Metaspace       used 7989K, committed 8256K, reserved 1114112K
  class space    used 833K, committed 960K, reserved 1048576K
}
Event: 0.910 GC heap after
{Heap after GC invocations=2 (full 0):
 PSYoungGen      total 29696K, used 4085K [0x00000000d5580000, 0x00000000d7680000, 0x0000000100000000)
  eden space 25600K, 0% used [0x00000000d5580000,0x00000000d5580000,0x00000000d6e80000)
  from space 4096K, 99% used [0x00000000d7280000,0x00000000d767d790,0x00000000d7680000)
  to   space 4096K, 0% used [0x00000000d6e80000,0x00000000d6e80000,0x00000000d7280000)
 ParOldGen       total 68608K, used 841K [0x0000000080000000, 0x0000000084300000, 0x00000000d5580000)
  object space 68608K, 1% used [0x0000000080000000,0x00000000800d26a8,0x0000000084300000)
 Metaspace       used 7989K, committed 8256K, reserved 1114112K
  class space    used 833K, committed 960K, reserved 1048576K
}
Event: 1.278 GC heap before
{Heap before GC invocations=3 (full 0):
 PSYoungGen      total 29696K, used 29685K [0x00000000d5580000, 0x00000000d7680000, 0x0000000100000000)
  eden space 25600K, 100% used [0x00000000d5580000,0x00000000d6e80000,0x00000000d6e80000)
  from space 4096K, 99% used [0x00000000d7280000,0x00000000d767d790,0x00000000d7680000)
  to   space 4096K, 0% used [0x00000000d6e80000,0x00000000d6e80000,0x00000000d7280000)
 ParOldGen       total 68608K, used 841K [0x0000000080000000, 0x0000000084300000, 0x00000000d5580000)
  object space 68608K, 1% used [0x0000000080000000,0x00000000800d26a8,0x0000000084300000)
 Metaspace       used 12813K, committed 13312K, reserved 1114112K
  class space    used 1344K, committed 1536K, reserved 1048576K
}
Event: 1.282 GC heap after
{Heap after GC invocations=3 (full 0):
 PSYoungGen      total 29696K, used 4069K [0x00000000d5580000, 0x00000000d7680000, 0x0000000100000000)
  eden space 25600K, 0% used [0x00000000d5580000,0x00000000d5580000,0x00000000d6e80000)
  from space 4096K, 99% used [0x00000000d6e80000,0x00000000d72796e0,0x00000000d7280000)
  to   space 4096K, 0% used [0x00000000d7280000,0x00000000d7280000,0x00000000d7680000)
 ParOldGen       total 68608K, used 2371K [0x0000000080000000, 0x0000000084300000, 0x00000000d5580000)
  object space 68608K, 3% used [0x0000000080000000,0x0000000080250ed8,0x0000000084300000)
 Metaspace       used 12813K, committed 13312K, reserved 1114112K
  class space    used 1344K, committed 1536K, reserved 1048576K
}
Event: 1.628 GC heap before
{Heap before GC invocations=4 (full 0):
 PSYoungGen      total 29696K, used 29669K [0x00000000d5580000, 0x00000000d7680000, 0x0000000100000000)
  eden space 25600K, 100% used [0x00000000d5580000,0x00000000d6e80000,0x00000000d6e80000)
  from space 4096K, 99% used [0x00000000d6e80000,0x00000000d72796e0,0x00000000d7280000)
  to   space 4096K, 0% used [0x00000000d7280000,0x00000000d7280000,0x00000000d7680000)
 ParOldGen       total 68608K, used 2371K [0x0000000080000000, 0x0000000084300000, 0x00000000d5580000)
  object space 68608K, 3% used [0x0000000080000000,0x0000000080250ed8,0x0000000084300000)
 Metaspace       used 15688K, committed 16384K, reserved 1114112K
  class space    used 1648K, committed 1984K, reserved 1048576K
}
Event: 1.633 GC heap after
{Heap after GC invocations=4 (full 0):
 PSYoungGen      total 29696K, used 4083K [0x00000000d5580000, 0x00000000d7680000, 0x0000000100000000)
  eden space 25600K, 0% used [0x00000000d5580000,0x00000000d5580000,0x00000000d6e80000)
  from space 4096K, 99% used [0x00000000d7280000,0x00000000d767ce20,0x00000000d7680000)
  to   space 4096K, 0% used [0x00000000d6e80000,0x00000000d6e80000,0x00000000d7280000)
 ParOldGen       total 68608K, used 6680K [0x0000000080000000, 0x0000000084300000, 0x00000000d5580000)
  object space 68608K, 9% used [0x0000000080000000,0x0000000080686248,0x0000000084300000)
 Metaspace       used 15688K, committed 16384K, reserved 1114112K
  class space    used 1648K, committed 1984K, reserved 1048576K
}
Event: 1.855 GC heap before
{Heap before GC invocations=5 (full 0):
 PSYoungGen      total 29696K, used 29575K [0x00000000d5580000, 0x00000000d7680000, 0x0000000100000000)
  eden space 25600K, 99% used [0x00000000d5580000,0x00000000d6e64e00,0x00000000d6e80000)
  from space 4096K, 99% used [0x00000000d7280000,0x00000000d767ce20,0x00000000d7680000)
  to   space 4096K, 0% used [0x00000000d6e80000,0x00000000d6e80000,0x00000000d7280000)
 ParOldGen       total 68608K, used 6680K [0x0000000080000000, 0x0000000084300000, 0x00000000d5580000)
  object space 68608K, 9% used [0x0000000080000000,0x0000000080686248,0x0000000084300000)
 Metaspace       used 18736K, committed 19392K, reserved 1114112K
  class space    used 1862K, committed 2176K, reserved 1048576K
}
Event: 1.857 GC heap after
{Heap after GC invocations=5 (full 0):
 PSYoungGen      total 29184K, used 4065K [0x00000000d5580000, 0x00000000d7a00000, 0x0000000100000000)
  eden space 25088K, 0% used [0x00000000d5580000,0x00000000d5580000,0x00000000d6e00000)
  from space 4096K, 99% used [0x00000000d6e80000,0x00000000d7278418,0x00000000d7280000)
  to   space 6144K, 0% used [0x00000000d7400000,0x00000000d7400000,0x00000000d7a00000)
 ParOldGen       total 68608K, used 7452K [0x0000000080000000, 0x0000000084300000, 0x00000000d5580000)
  object space 68608K, 10% used [0x0000000080000000,0x0000000080747258,0x0000000084300000)
 Metaspace       used 18736K, committed 19392K, reserved 1114112K
  class space    used 1862K, committed 2176K, reserved 1048576K
}
Event: 1.953 GC heap before
{Heap before GC invocations=6 (full 0):
 PSYoungGen      total 29184K, used 18463K [0x00000000d5580000, 0x00000000d7a00000, 0x0000000100000000)
  eden space 25088K, 57% used [0x00000000d5580000,0x00000000d638fa58,0x00000000d6e00000)
  from space 4096K, 99% used [0x00000000d6e80000,0x00000000d7278418,0x00000000d7280000)
  to   space 6144K, 0% used [0x00000000d7400000,0x00000000d7400000,0x00000000d7a00000)
 ParOldGen       total 68608K, used 7452K [0x0000000080000000, 0x0000000084300000, 0x00000000d5580000)
  object space 68608K, 10% used [0x0000000080000000,0x0000000080747258,0x0000000084300000)
 Metaspace       used 20847K, committed 21504K, reserved 1114112K
  class space    used 2038K, committed 2368K, reserved 1048576K
}
Event: 1.957 GC heap after
{Heap after GC invocations=6 (full 0):
 PSYoungGen      total 29696K, used 4462K [0x00000000d5580000, 0x00000000d7880000, 0x0000000100000000)
  eden space 25088K, 0% used [0x00000000d5580000,0x00000000d5580000,0x00000000d6e00000)
  from space 4608K, 96% used [0x00000000d7400000,0x00000000d785ba98,0x00000000d7880000)
  to   space 5120K, 0% used [0x00000000d6e80000,0x00000000d6e80000,0x00000000d7380000)
 ParOldGen       total 68608K, used 7460K [0x0000000080000000, 0x0000000084300000, 0x00000000d5580000)
  object space 68608K, 10% used [0x0000000080000000,0x0000000080749258,0x0000000084300000)
 Metaspace       used 20847K, committed 21504K, reserved 1114112K
  class space    used 2038K, committed 2368K, reserved 1048576K
}
Event: 1.957 GC heap before
{Heap before GC invocations=7 (full 1):
 PSYoungGen      total 29696K, used 4462K [0x00000000d5580000, 0x00000000d7880000, 0x0000000100000000)
  eden space 25088K, 0% used [0x00000000d5580000,0x00000000d5580000,0x00000000d6e00000)
  from space 4608K, 96% used [0x00000000d7400000,0x00000000d785ba98,0x00000000d7880000)
  to   space 5120K, 0% used [0x00000000d6e80000,0x00000000d6e80000,0x00000000d7380000)
 ParOldGen       total 68608K, used 7460K [0x0000000080000000, 0x0000000084300000, 0x00000000d5580000)
  object space 68608K, 10% used [0x0000000080000000,0x0000000080749258,0x0000000084300000)
 Metaspace       used 20847K, committed 21504K, reserved 1114112K
  class space    used 2038K, committed 2368K, reserved 1048576K
}
Event: 1.985 GC heap after
{Heap after GC invocations=7 (full 1):
 PSYoungGen      total 29696K, used 0K [0x00000000d5580000, 0x00000000d7880000, 0x0000000100000000)
  eden space 25088K, 0% used [0x00000000d5580000,0x00000000d5580000,0x00000000d6e00000)
  from space 4608K, 0% used [0x00000000d7400000,0x00000000d7400000,0x00000000d7880000)
  to   space 5120K, 0% used [0x00000000d6e80000,0x00000000d6e80000,0x00000000d7380000)
 ParOldGen       total 68608K, used 11507K [0x0000000080000000, 0x0000000084300000, 0x00000000d5580000)
  object space 68608K, 16% used [0x0000000080000000,0x0000000080b3cc60,0x0000000084300000)
 Metaspace       used 20835K, committed 21504K, reserved 1114112K
  class space    used 2034K, committed 2368K, reserved 1048576K
}
Event: 2.193 GC heap before
{Heap before GC invocations=8 (full 1):
 PSYoungGen      total 29696K, used 25088K [0x00000000d5580000, 0x00000000d7880000, 0x0000000100000000)
  eden space 25088K, 100% used [0x00000000d5580000,0x00000000d6e00000,0x00000000d6e00000)
  from space 4608K, 0% used [0x00000000d7400000,0x00000000d7400000,0x00000000d7880000)
  to   space 5120K, 0% used [0x00000000d6e80000,0x00000000d6e80000,0x00000000d7380000)
 ParOldGen       total 68608K, used 11507K [0x0000000080000000, 0x0000000084300000, 0x00000000d5580000)
  object space 68608K, 16% used [0x0000000080000000,0x0000000080b3cc60,0x0000000084300000)
 Metaspace       used 23004K, committed 23744K, reserved 1114112K
  class space    used 2211K, committed 2560K, reserved 1048576K
}
Event: 2.194 GC heap after
{Heap after GC invocations=8 (full 1):
 PSYoungGen      total 27648K, used 2722K [0x00000000d5580000, 0x00000000d7480000, 0x0000000100000000)
  eden space 24576K, 0% used [0x00000000d5580000,0x00000000d5580000,0x00000000d6d80000)
  from space 3072K, 88% used [0x00000000d6e80000,0x00000000d7128a08,0x00000000d7180000)
  to   space 3072K, 0% used [0x00000000d7180000,0x00000000d7180000,0x00000000d7480000)
 ParOldGen       total 68608K, used 11515K [0x0000000080000000, 0x0000000084300000, 0x00000000d5580000)
  object space 68608K, 16% used [0x0000000080000000,0x0000000080b3ec60,0x0000000084300000)
 Metaspace       used 23004K, committed 23744K, reserved 1114112K
  class space    used 2211K, committed 2560K, reserved 1048576K
}
Event: 2.549 GC heap before
{Heap before GC invocations=9 (full 1):
 PSYoungGen      total 27648K, used 27292K [0x00000000d5580000, 0x00000000d7480000, 0x0000000100000000)
  eden space 24576K, 99% used [0x00000000d5580000,0x00000000d6d7e708,0x00000000d6d80000)
  from space 3072K, 88% used [0x00000000d6e80000,0x00000000d7128a08,0x00000000d7180000)
  to   space 3072K, 0% used [0x00000000d7180000,0x00000000d7180000,0x00000000d7480000)
 ParOldGen       total 68608K, used 11515K [0x0000000080000000, 0x0000000084300000, 0x00000000d5580000)
  object space 68608K, 16% used [0x0000000080000000,0x0000000080b3ec60,0x0000000084300000)
 Metaspace       used 26589K, committed 27392K, reserved 1114112K
  class space    used 2591K, committed 2944K, reserved 1048576K
}
Event: 2.552 GC heap after
{Heap after GC invocations=9 (full 1):
 PSYoungGen      total 26624K, used 3060K [0x00000000d5580000, 0x00000000d7700000, 0x0000000100000000)
  eden space 23552K, 0% used [0x00000000d5580000,0x00000000d5580000,0x00000000d6c80000)
  from space 3072K, 99% used [0x00000000d7180000,0x00000000d747d2a0,0x00000000d7480000)
  to   space 5120K, 0% used [0x00000000d6c80000,0x00000000d6c80000,0x00000000d7180000)
 ParOldGen       total 68608K, used 13101K [0x0000000080000000, 0x0000000084300000, 0x00000000d5580000)
  object space 68608K, 19% used [0x0000000080000000,0x0000000080ccb680,0x0000000084300000)
 Metaspace       used 26589K, committed 27392K, reserved 1114112K
  class space    used 2591K, committed 2944K, reserved 1048576K
}

Dll operation events (10 events):
Event: 0.008 Loaded shared library c:\Users\OMAR INFO\.windsurf\extensions\redhat.java-1.45.0-win32-x64\jre\21.0.8-win32-x86_64\bin\java.dll
Event: 0.067 Loaded shared library c:\Users\OMAR INFO\.windsurf\extensions\redhat.java-1.45.0-win32-x64\jre\21.0.8-win32-x86_64\bin\zip.dll
Event: 0.085 Loaded shared library C:\Users\OMAR INFO\.windsurf\extensions\redhat.java-1.45.0-win32-x64\jre\21.0.8-win32-x86_64\bin\instrument.dll
Event: 0.089 Loaded shared library C:\Users\OMAR INFO\.windsurf\extensions\redhat.java-1.45.0-win32-x64\jre\21.0.8-win32-x86_64\bin\net.dll
Event: 0.090 Loaded shared library C:\Users\OMAR INFO\.windsurf\extensions\redhat.java-1.45.0-win32-x64\jre\21.0.8-win32-x86_64\bin\nio.dll
Event: 0.092 Loaded shared library C:\Users\OMAR INFO\.windsurf\extensions\redhat.java-1.45.0-win32-x64\jre\21.0.8-win32-x86_64\bin\zip.dll
Event: 0.103 Loaded shared library C:\Users\OMAR INFO\.windsurf\extensions\redhat.java-1.45.0-win32-x64\jre\21.0.8-win32-x86_64\bin\jimage.dll
Event: 0.154 Loaded shared library c:\Users\OMAR INFO\.windsurf\extensions\redhat.java-1.45.0-win32-x64\jre\21.0.8-win32-x86_64\bin\verify.dll
Event: 0.915 Loaded shared library C:\Users\OMAR INFO\AppData\Roaming\Windsurf\User\globalStorage\redhat.java\1.45.0\config_ss_win\org.eclipse.equinox.launcher\org.eclipse.equinox.launcher.win32.win32.x86_64_1.2.1400.v20250801-0854\eclipse_11916.dll
Event: 1.568 Loaded shared library C:\Users\OMAR INFO\AppData\Local\Temp\jna--64980065\jna5741435863828930569.dll

Deoptimization events (20 events):
Event: 2.694 Thread 0x0000012c594979a0 Uncommon trap: trap_request=0xffffff45 fr.pc=0x0000012c643427a8 relative=0x00000000000000e8
Event: 2.694 Thread 0x0000012c594979a0 Uncommon trap: reason=unstable_if action=reinterpret pc=0x0000012c643427a8 method=java.lang.CharacterDataLatin1.digit(II)I @ 7 c2
Event: 2.694 Thread 0x0000012c594979a0 DEOPT PACKING pc=0x0000012c643427a8 sp=0x0000000d197fe130
Event: 2.694 Thread 0x0000012c594979a0 DEOPT UNPACKING pc=0x0000012c63b36da2 sp=0x0000000d197fdff0 mode 2
Event: 2.694 Thread 0x0000012c594979a0 Uncommon trap: trap_request=0xffffff45 fr.pc=0x0000012c6426dd48 relative=0x00000000000000a8
Event: 2.694 Thread 0x0000012c594979a0 Uncommon trap: reason=unstable_if action=reinterpret pc=0x0000012c6426dd48 method=java.lang.CharacterDataLatin1.digit(II)I @ 7 c2
Event: 2.694 Thread 0x0000012c594979a0 DEOPT PACKING pc=0x0000012c6426dd48 sp=0x0000000d197fe090
Event: 2.694 Thread 0x0000012c594979a0 DEOPT UNPACKING pc=0x0000012c63b36da2 sp=0x0000000d197fe010 mode 2
Event: 2.697 Thread 0x0000012c594979a0 Uncommon trap: trap_request=0xffffff45 fr.pc=0x0000012c6423daa8 relative=0x0000000000000188
Event: 2.697 Thread 0x0000012c594979a0 Uncommon trap: reason=unstable_if action=reinterpret pc=0x0000012c6423daa8 method=java.lang.String.equals(Ljava/lang/Object;)Z @ 33 c2
Event: 2.697 Thread 0x0000012c594979a0 DEOPT PACKING pc=0x0000012c6423daa8 sp=0x0000000d197fddb0
Event: 2.697 Thread 0x0000012c594979a0 DEOPT UNPACKING pc=0x0000012c63b36da2 sp=0x0000000d197fdd40 mode 2
Event: 2.718 Thread 0x0000012c594979a0 Uncommon trap: trap_request=0xffffff45 fr.pc=0x0000012c642660c4 relative=0x00000000000002a4
Event: 2.718 Thread 0x0000012c594979a0 Uncommon trap: reason=unstable_if action=reinterpret pc=0x0000012c642660c4 method=java.util.HashMap$HashIterator.<init>(Ljava/util/HashMap;)V @ 45 c2
Event: 2.718 Thread 0x0000012c594979a0 DEOPT PACKING pc=0x0000012c642660c4 sp=0x0000000d197fe220
Event: 2.718 Thread 0x0000012c594979a0 DEOPT UNPACKING pc=0x0000012c63b36da2 sp=0x0000000d197fe1b8 mode 2
Event: 2.753 Thread 0x0000012c798ed7c0 Uncommon trap: trap_request=0xffffff45 fr.pc=0x0000012c64389d48 relative=0x0000000000000bc8
Event: 2.753 Thread 0x0000012c798ed7c0 Uncommon trap: reason=unstable_if action=reinterpret pc=0x0000012c64389d48 method=java.util.concurrent.ConcurrentHashMap.transfer([Ljava/util/concurrent/ConcurrentHashMap$Node;[Ljava/util/concurrent/ConcurrentHashMap$Node;)V @ 26 c2
Event: 2.753 Thread 0x0000012c798ed7c0 DEOPT PACKING pc=0x0000012c64389d48 sp=0x0000000d1d5fdcc0
Event: 2.753 Thread 0x0000012c798ed7c0 DEOPT UNPACKING pc=0x0000012c63b36da2 sp=0x0000000d1d5fdc20 mode 2

Classes loaded (20 events):
Event: 2.695 Loading class sun/util/cldr/CLDRCalendarNameProviderImpl
Event: 2.695 Loading class sun/util/locale/provider/CalendarNameProviderImpl
Event: 2.696 Loading class sun/util/locale/provider/CalendarNameProviderImpl done
Event: 2.696 Loading class sun/util/cldr/CLDRCalendarNameProviderImpl done
Event: 2.697 Loading class sun/util/locale/provider/CalendarNameProviderImpl$LengthBasedComparator
Event: 2.697 Loading class sun/util/locale/provider/CalendarNameProviderImpl$LengthBasedComparator done
Event: 2.713 Loading class sun/reflect/generics/repository/FieldRepository
Event: 2.713 Loading class sun/reflect/generics/repository/FieldRepository done
Event: 2.715 Loading class java/io/PrintWriter$1
Event: 2.715 Loading class jdk/internal/access/JavaIOPrintWriterAccess
Event: 2.715 Loading class jdk/internal/access/JavaIOPrintWriterAccess done
Event: 2.715 Loading class java/io/PrintWriter$1 done
Event: 2.717 Loading class java/time/format/DateTimeParseContext
Event: 2.717 Loading class java/time/format/DateTimeParseContext done
Event: 2.717 Loading class java/time/format/Parsed
Event: 2.717 Loading class java/time/format/Parsed done
Event: 2.758 Loading class java/io/InvalidObjectException
Event: 2.759 Loading class java/io/ObjectStreamException
Event: 2.759 Loading class java/io/ObjectStreamException done
Event: 2.759 Loading class java/io/InvalidObjectException done

Classes unloaded (7 events):
Event: 1.963 Thread 0x0000012c59552be0 Unloading class 0x0000012c0118c000 'java/lang/invoke/LambdaForm$MH+0x0000012c0118c000'
Event: 1.963 Thread 0x0000012c59552be0 Unloading class 0x0000012c0118bc00 'java/lang/invoke/LambdaForm$MH+0x0000012c0118bc00'
Event: 1.963 Thread 0x0000012c59552be0 Unloading class 0x0000012c0118b800 'java/lang/invoke/LambdaForm$MH+0x0000012c0118b800'
Event: 1.963 Thread 0x0000012c59552be0 Unloading class 0x0000012c0118b400 'java/lang/invoke/LambdaForm$MH+0x0000012c0118b400'
Event: 1.963 Thread 0x0000012c59552be0 Unloading class 0x0000012c0118b000 'java/lang/invoke/LambdaForm$BMH+0x0000012c0118b000'
Event: 1.963 Thread 0x0000012c59552be0 Unloading class 0x0000012c0118ac00 'java/lang/invoke/LambdaForm$DMH+0x0000012c0118ac00'
Event: 1.963 Thread 0x0000012c59552be0 Unloading class 0x0000012c01189800 'java/lang/invoke/LambdaForm$DMH+0x0000012c01189800'

Classes redefined (0 events):
No events

Internal exceptions (20 events):
Event: 2.554 Thread 0x0000012c77c0b320 Exception <a 'sun/nio/fs/WindowsException'{0x00000000d55b53d0}> (0x00000000d55b53d0) 
thrown [s\src\hotspot\share\prims\jni.cpp, line 520]
Event: 2.554 Thread 0x0000012c77c0b320 Exception <a 'sun/nio/fs/WindowsException'{0x00000000d55b5a20}> (0x00000000d55b5a20) 
thrown [s\src\hotspot\share\prims\jni.cpp, line 520]
Event: 2.574 Thread 0x0000012c77c0b320 Exception <a 'sun/nio/fs/WindowsException'{0x00000000d572a168}> (0x00000000d572a168) 
thrown [s\src\hotspot\share\prims\jni.cpp, line 520]
Event: 2.574 Thread 0x0000012c77c0b320 Exception <a 'sun/nio/fs/WindowsException'{0x00000000d572a798}> (0x00000000d572a798) 
thrown [s\src\hotspot\share\prims\jni.cpp, line 520]
Event: 2.574 Thread 0x0000012c77c0b320 Exception <a 'sun/nio/fs/WindowsException'{0x00000000d572b0b8}> (0x00000000d572b0b8) 
thrown [s\src\hotspot\share\prims\jni.cpp, line 520]
Event: 2.574 Thread 0x0000012c77c0b320 Exception <a 'sun/nio/fs/WindowsException'{0x00000000d572b6e8}> (0x00000000d572b6e8) 
thrown [s\src\hotspot\share\prims\jni.cpp, line 520]
Event: 2.574 Thread 0x0000012c77c0b320 Exception <a 'sun/nio/fs/WindowsException'{0x00000000d572c068}> (0x00000000d572c068) 
thrown [s\src\hotspot\share\prims\jni.cpp, line 520]
Event: 2.574 Thread 0x0000012c77c0b320 Exception <a 'sun/nio/fs/WindowsException'{0x00000000d572c698}> (0x00000000d572c698) 
thrown [s\src\hotspot\share\prims\jni.cpp, line 520]
Event: 2.575 Thread 0x0000012c77c0b320 Exception <a 'sun/nio/fs/WindowsException'{0x00000000d572dbb8}> (0x00000000d572dbb8) 
thrown [s\src\hotspot\share\prims\jni.cpp, line 520]
Event: 2.575 Thread 0x0000012c77c0b320 Exception <a 'sun/nio/fs/WindowsException'{0x00000000d572e1e8}> (0x00000000d572e1e8) 
thrown [s\src\hotspot\share\prims\jni.cpp, line 520]
Event: 2.576 Thread 0x0000012c77c0b320 Exception <a 'java/lang/NoSuchMethodError'{0x00000000d579a160}: 'void java.lang.invoke.DirectMethodHandle$Holder.invokeVirtual(java.lang.Object, java.lang.Object, java.lang.Object, java.lang.Object)'> (0x00000000d579a160) 
thrown [s\src\hotspot\share\interpreter\linkResolver.cpp, line 773]
Event: 2.633 Thread 0x0000012c77c0b320 Exception <a 'java/io/FileNotFoundException'{0x00000000d5eaf0f8}> (0x00000000d5eaf0f8) 
thrown [s\src\hotspot\share\prims\jni.cpp, line 520]
Event: 2.634 Thread 0x0000012c77c0b320 Exception <a 'java/io/FileNotFoundException'{0x00000000d5eb0398}> (0x00000000d5eb0398) 
thrown [s\src\hotspot\share\prims\jni.cpp, line 520]
Event: 2.635 Thread 0x0000012c77c0b320 Exception <a 'java/lang/NoSuchMethodError'{0x00000000d5efde68}: 'java.lang.Object java.lang.invoke.DirectMethodHandle$Holder.newInvokeSpecial(java.lang.Object, java.lang.Object, java.lang.Object, int)'> (0x00000000d5efde68) 
thrown [s\src\hotspot\share\interpreter\linkResolver.cpp, line 773]
Event: 2.635 Thread 0x0000012c77c0b320 Exception <a 'java/lang/NoSuchMethodError'{0x00000000d5f01d40}: 'java.lang.Object java.lang.invoke.DirectMethodHandle$Holder.invokeSpecial(java.lang.Object, java.lang.Object, java.lang.Object, java.lang.Object, int)'> (0x00000000d5f01d40) 
thrown [s\src\hotspot\share\interpreter\linkResolver.cpp, line 773]
Event: 2.635 Thread 0x0000012c77c0b320 Exception <a 'java/lang/NoSuchMethodError'{0x00000000d5f051d8}: 'java.lang.Object java.lang.invoke.Invokers$Holder.linkToTargetMethod(java.lang.Object, java.lang.Object, int, java.lang.Object)'> (0x00000000d5f051d8) 
thrown [s\src\hotspot\share\interpreter\linkResolver.cpp, line 773]
Event: 2.636 Thread 0x0000012c77c0b320 Exception <a 'java/lang/NoSuchMethodError'{0x00000000d5f275d8}: 'void java.lang.invoke.DirectMethodHandle$Holder.invokeStaticInit(java.lang.Object, java.lang.Object, java.lang.Object)'> (0x00000000d5f275d8) 
thrown [s\src\hotspot\share\interpreter\linkResolver.cpp, line 773]
Event: 2.678 Thread 0x0000012c594979a0 Exception <a 'java/lang/NoSuchMethodError'{0x00000000d6291820}: 'void java.lang.invoke.DirectMethodHandle$Holder.invokeSpecial(java.lang.Object, java.lang.Object, java.lang.Object, java.lang.Object, java.lang.Object, java.lang.Object)'> (0x00000000d6291820) 
thrown [s\src\hotspot\share\interpreter\linkResolver.cpp, line 773]
Event: 2.680 Thread 0x0000012c594979a0 Exception <a 'java/lang/IncompatibleClassChangeError'{0x00000000d6299c40}: Found class java.lang.Object, but interface was expected> (0x00000000d6299c40) 
thrown [s\src\hotspot\share\interpreter\linkResolver.cpp, line 840]
Event: 2.681 Thread 0x0000012c594979a0 Exception <a 'java/lang/IncompatibleClassChangeError'{0x00000000d629b908}: Found class java.lang.Object, but interface was expected> (0x00000000d629b908) 
thrown [s\src\hotspot\share\interpreter\linkResolver.cpp, line 840]

ZGC Phase Switch (0 events):
No events

VM Operations (20 events):
Event: 1.575 Executing VM operation: HandshakeAllThreads (Deoptimize)
Event: 1.575 Executing VM operation: HandshakeAllThreads (Deoptimize) done
Event: 1.628 Executing VM operation: ParallelGCFailedAllocation (Allocation Failure)
Event: 1.633 Executing VM operation: ParallelGCFailedAllocation (Allocation Failure) done
Event: 1.855 Executing VM operation: ParallelGCFailedAllocation (Allocation Failure)
Event: 1.857 Executing VM operation: ParallelGCFailedAllocation (Allocation Failure) done
Event: 1.953 Executing VM operation: CollectForMetadataAllocation (Metadata GC Threshold)
Event: 1.985 Executing VM operation: CollectForMetadataAllocation (Metadata GC Threshold) done
Event: 2.193 Executing VM operation: ParallelGCFailedAllocation (Allocation Failure)
Event: 2.194 Executing VM operation: ParallelGCFailedAllocation (Allocation Failure) done
Event: 2.231 Executing VM operation: HandshakeAllThreads (Deoptimize)
Event: 2.231 Executing VM operation: HandshakeAllThreads (Deoptimize) done
Event: 2.274 Executing VM operation: HandshakeAllThreads (Deoptimize)
Event: 2.274 Executing VM operation: HandshakeAllThreads (Deoptimize) done
Event: 2.274 Executing VM operation: HandshakeAllThreads (Deoptimize)
Event: 2.274 Executing VM operation: HandshakeAllThreads (Deoptimize) done
Event: 2.360 Executing VM operation: HandshakeAllThreads (Deoptimize)
Event: 2.360 Executing VM operation: HandshakeAllThreads (Deoptimize) done
Event: 2.549 Executing VM operation: ParallelGCFailedAllocation (Allocation Failure)
Event: 2.552 Executing VM operation: ParallelGCFailedAllocation (Allocation Failure) done

Memory protections (0 events):
No events

Nmethod flushes (0 events):
No events

Events (20 events):
Event: 2.496 Thread 0x0000012c594979a0 Thread added: 0x0000012c77c09250
Event: 2.496 Thread 0x0000012c594979a0 Thread added: 0x0000012c77c06460
Event: 2.496 Thread 0x0000012c594979a0 Thread added: 0x0000012c77c06af0
Event: 2.496 Thread 0x0000012c594979a0 Thread added: 0x0000012c77c0c040
Event: 2.496 Thread 0x0000012c594979a0 Thread added: 0x0000012c77c0c6d0
Event: 2.496 Thread 0x0000012c594979a0 Thread added: 0x0000012c77c0d3f0
Event: 2.497 Thread 0x0000012c594979a0 Thread added: 0x0000012c77c07ea0
Event: 2.497 Thread 0x0000012c594979a0 Thread added: 0x0000012c77c098e0
Event: 2.497 Thread 0x0000012c594979a0 Thread added: 0x0000012c77c0cd60
Event: 2.497 Thread 0x0000012c594979a0 Thread added: 0x0000012c77c07180
Event: 2.497 Thread 0x0000012c594979a0 Thread added: 0x0000012c77c0a600
Event: 2.497 Thread 0x0000012c594979a0 Thread added: 0x0000012c77c07810
Event: 2.497 Thread 0x0000012c594979a0 Thread added: 0x0000012c77c0da80
Event: 2.497 Thread 0x0000012c594979a0 Thread added: 0x0000012c77c08530
Event: 2.497 Thread 0x0000012c594979a0 Thread added: 0x0000012c77c08bc0
Event: 2.497 Thread 0x0000012c594979a0 Thread added: 0x0000012c798f2680
Event: 2.535 Thread 0x0000012c594979a0 Thread added: 0x0000012c798f2d10
Event: 2.644 Thread 0x0000012c77c0ac90 Thread added: 0x0000012c798f05b0
Event: 2.692 Thread 0x0000012c594979a0 Thread added: 0x0000012c798eeb70
Event: 2.692 Thread 0x0000012c594979a0 Thread added: 0x0000012c798ed7c0


Dynamic libraries:
0x00007ff6e3460000 - 0x00007ff6e346e000 	c:\Users\OMAR INFO\.windsurf\extensions\redhat.java-1.45.0-win32-x64\jre\21.0.8-win32-x86_64\bin\java.exe
0x00007ffeec490000 - 0x00007ffeec688000 	C:\Windows\SYSTEM32\ntdll.dll
0x00007ffeea8d0000 - 0x00007ffeea992000 	C:\Windows\System32\KERNEL32.DLL
0x00007ffee9da0000 - 0x00007ffeea096000 	C:\Windows\System32\KERNELBASE.dll
0x00007ffee9b30000 - 0x00007ffee9c30000 	C:\Windows\System32\ucrtbase.dll
0x00007ffeb56c0000 - 0x00007ffeb56de000 	c:\Users\OMAR INFO\.windsurf\extensions\redhat.java-1.45.0-win32-x64\jre\21.0.8-win32-x86_64\bin\VCRUNTIME140.dll
0x00007ffeba580000 - 0x00007ffeba598000 	c:\Users\OMAR INFO\.windsurf\extensions\redhat.java-1.45.0-win32-x64\jre\21.0.8-win32-x86_64\bin\jli.dll
0x00007ffeeb4f0000 - 0x00007ffeeb68d000 	C:\Windows\System32\USER32.dll
0x00007ffee9cb0000 - 0x00007ffee9cd2000 	C:\Windows\System32\win32u.dll
0x00007ffed0400000 - 0x00007ffed069b000 	C:\Windows\WinSxS\amd64_microsoft.windows.common-controls_6595b64144ccf1df_6.0.19041.6280_none_60bc30a171f2f3f3\COMCTL32.dll
0x00007ffeec2f0000 - 0x00007ffeec31b000 	C:\Windows\System32\GDI32.dll
0x00007ffeea200000 - 0x00007ffeea319000 	C:\Windows\System32\gdi32full.dll
0x00007ffeeb250000 - 0x00007ffeeb2ee000 	C:\Windows\System32\msvcrt.dll
0x00007ffeea420000 - 0x00007ffeea4bd000 	C:\Windows\System32\msvcp_win.dll
0x00007ffeec380000 - 0x00007ffeec3af000 	C:\Windows\System32\IMM32.DLL
0x00007ffee1f40000 - 0x00007ffee1f4c000 	c:\Users\OMAR INFO\.windsurf\extensions\redhat.java-1.45.0-win32-x64\jre\21.0.8-win32-x86_64\bin\vcruntime140_1.dll
0x00007ffea38c0000 - 0x00007ffea394d000 	c:\Users\OMAR INFO\.windsurf\extensions\redhat.java-1.45.0-win32-x64\jre\21.0.8-win32-x86_64\bin\msvcp140.dll
0x00007ffe893d0000 - 0x00007ffe8a167000 	c:\Users\OMAR INFO\.windsurf\extensions\redhat.java-1.45.0-win32-x64\jre\21.0.8-win32-x86_64\bin\server\jvm.dll
0x00007ffeea720000 - 0x00007ffeea7d1000 	C:\Windows\System32\ADVAPI32.dll
0x00007ffeec3b0000 - 0x00007ffeec44f000 	C:\Windows\System32\sechost.dll
0x00007ffeeb370000 - 0x00007ffeeb490000 	C:\Windows\System32\RPCRT4.dll
0x00007ffee9ce0000 - 0x00007ffee9d07000 	C:\Windows\System32\bcrypt.dll
0x00007ffeeb300000 - 0x00007ffeeb36b000 	C:\Windows\System32\WS2_32.dll
0x00007ffee94b0000 - 0x00007ffee94fb000 	C:\Windows\SYSTEM32\POWRPROF.dll
0x00007ffee33f0000 - 0x00007ffee33fa000 	C:\Windows\SYSTEM32\VERSION.dll
0x00007ffedd940000 - 0x00007ffedd967000 	C:\Windows\SYSTEM32\WINMM.dll
0x00007ffee9470000 - 0x00007ffee9482000 	C:\Windows\SYSTEM32\UMPDC.dll
0x00007ffee8360000 - 0x00007ffee8372000 	C:\Windows\SYSTEM32\kernel.appcore.dll
0x00007ffede8f0000 - 0x00007ffede8fa000 	c:\Users\OMAR INFO\.windsurf\extensions\redhat.java-1.45.0-win32-x64\jre\21.0.8-win32-x86_64\bin\jimage.dll
0x00007ffee7710000 - 0x00007ffee7911000 	C:\Windows\SYSTEM32\DBGHELP.DLL
0x00007ffecc7f0000 - 0x00007ffecc824000 	C:\Windows\SYSTEM32\dbgcore.DLL
0x00007ffee9d10000 - 0x00007ffee9d92000 	C:\Windows\System32\bcryptPrimitives.dll
0x00007ffede8b0000 - 0x00007ffede8bf000 	c:\Users\OMAR INFO\.windsurf\extensions\redhat.java-1.45.0-win32-x64\jre\21.0.8-win32-x86_64\bin\instrument.dll
0x00007ffeb5650000 - 0x00007ffeb566f000 	c:\Users\OMAR INFO\.windsurf\extensions\redhat.java-1.45.0-win32-x64\jre\21.0.8-win32-x86_64\bin\java.dll
0x00007ffeeb690000 - 0x00007ffeebe00000 	C:\Windows\System32\SHELL32.dll
0x00007ffee7b50000 - 0x00007ffee82f5000 	C:\Windows\SYSTEM32\windows.storage.dll
0x00007ffeebf90000 - 0x00007ffeec2e3000 	C:\Windows\System32\combase.dll
0x00007ffee9410000 - 0x00007ffee943b000 	C:\Windows\SYSTEM32\Wldp.dll
0x00007ffeea800000 - 0x00007ffeea8cd000 	C:\Windows\System32\OLEAUT32.dll
0x00007ffeeb1a0000 - 0x00007ffeeb24d000 	C:\Windows\System32\SHCORE.dll
0x00007ffeebe00000 - 0x00007ffeebe5b000 	C:\Windows\System32\shlwapi.dll
0x00007ffee9a60000 - 0x00007ffee9a84000 	C:\Windows\SYSTEM32\profapi.dll
0x00007ffede900000 - 0x00007ffede918000 	c:\Users\OMAR INFO\.windsurf\extensions\redhat.java-1.45.0-win32-x64\jre\21.0.8-win32-x86_64\bin\zip.dll
0x00007ffee5540000 - 0x00007ffee5550000 	C:\Users\OMAR INFO\.windsurf\extensions\redhat.java-1.45.0-win32-x64\jre\21.0.8-win32-x86_64\bin\net.dll
0x00007ffee20c0000 - 0x00007ffee21ca000 	C:\Windows\SYSTEM32\WINHTTP.dll
0x00007ffee91f0000 - 0x00007ffee925a000 	C:\Windows\system32\mswsock.dll
0x00007ffee54d0000 - 0x00007ffee54e6000 	C:\Users\OMAR INFO\.windsurf\extensions\redhat.java-1.45.0-win32-x64\jre\21.0.8-win32-x86_64\bin\nio.dll
0x00007ffee5530000 - 0x00007ffee5540000 	c:\Users\OMAR INFO\.windsurf\extensions\redhat.java-1.45.0-win32-x64\jre\21.0.8-win32-x86_64\bin\verify.dll
0x00007ffeb5420000 - 0x00007ffeb5464000 	C:\Users\OMAR INFO\AppData\Roaming\Windsurf\User\globalStorage\redhat.java\1.45.0\config_ss_win\org.eclipse.equinox.launcher\org.eclipse.equinox.launcher.win32.win32.x86_64_1.2.1400.v20250801-0854\eclipse_11916.dll
0x00007ffeeaaa0000 - 0x00007ffeeabcb000 	C:\Windows\System32\ole32.dll
0x00007ffee9450000 - 0x00007ffee9468000 	C:\Windows\SYSTEM32\CRYPTSP.dll
0x00007ffee8ad0000 - 0x00007ffee8b08000 	C:\Windows\system32\rsaenh.dll
0x00007ffee99e0000 - 0x00007ffee9a0e000 	C:\Windows\SYSTEM32\USERENV.dll
0x00007ffee9380000 - 0x00007ffee938c000 	C:\Windows\SYSTEM32\CRYPTBASE.dll
0x00007ffee8ef0000 - 0x00007ffee8f2b000 	C:\Windows\SYSTEM32\IPHLPAPI.DLL
0x00007ffeea9a0000 - 0x00007ffeea9a8000 	C:\Windows\System32\NSI.dll
0x00007ffea31d0000 - 0x00007ffea3219000 	C:\Users\OMAR INFO\AppData\Local\Temp\jna--64980065\jna5741435863828930569.dll
0x00007ffeebe60000 - 0x00007ffeebe68000 	C:\Windows\System32\PSAPI.DLL
0x00007ffee2d80000 - 0x00007ffee2d97000 	C:\Windows\SYSTEM32\dhcpcsvc6.DLL
0x00007ffee2d60000 - 0x00007ffee2d7d000 	C:\Windows\SYSTEM32\dhcpcsvc.DLL

JVMTI agents:
c:\Users\OMAR INFO\.windsurf\extensions\redhat.java-1.45.0-win32-x64\lombok\lombok-1.18.39-4050.jar path:c:\Users\OMAR INFO\.windsurf\extensions\redhat.java-1.45.0-win32-x64\jre\21.0.8-win32-x86_64\bin\instrument.dll, loaded, initialized, instrumentlib options:none

dbghelp: loaded successfully - version: 4.0.5 - missing functions: none
symbol engine: initialized successfully - sym options: 0x614 - pdb path: .;c:\Users\OMAR INFO\.windsurf\extensions\redhat.java-1.45.0-win32-x64\jre\21.0.8-win32-x86_64\bin;C:\Windows\SYSTEM32;C:\Windows\WinSxS\amd64_microsoft.windows.common-controls_6595b64144ccf1df_6.0.19041.6280_none_60bc30a171f2f3f3;c:\Users\OMAR INFO\.windsurf\extensions\redhat.java-1.45.0-win32-x64\jre\21.0.8-win32-x86_64\bin\server;C:\Users\OMAR INFO\AppData\Roaming\Windsurf\User\globalStorage\redhat.java\1.45.0\config_ss_win\org.eclipse.equinox.launcher\org.eclipse.equinox.launcher.win32.win32.x86_64_1.2.1400.v20250801-0854;C:\Users\OMAR INFO\AppData\Local\Temp\jna--64980065

VM Arguments:
jvm_args: --add-modules=ALL-SYSTEM --add-opens=java.base/java.util=ALL-UNNAMED --add-opens=java.base/java.lang=ALL-UNNAMED --add-opens=java.base/sun.nio.fs=ALL-UNNAMED -Declipse.application=org.eclipse.jdt.ls.core.id1 -Dosgi.bundles.defaultStartLevel=4 -Declipse.product=org.eclipse.jdt.ls.core.product -Djava.import.generatesMetadataFilesAtProjectRoot=false -DDetectVMInstallationsJob.disabled=true -Dfile.encoding=utf8 -XX:+UseParallelGC -XX:GCTimeRatio=4 -XX:AdaptiveSizePolicyWeight=90 -Dsun.zip.disableMemoryMapping=true -Xmx2G -Xms100m -Xlog:disable -javaagent:c:\Users\OMAR INFO\.windsurf\extensions\redhat.java-1.45.0-win32-x64\lombok\lombok-1.18.39-4050.jar 
java_command: c:\Users\OMAR INFO\.windsurf\extensions\redhat.java-1.45.0-win32-x64\server\plugins\org.eclipse.equinox.launcher_1.7.0.v20250519-0528.jar -configuration c:\Users\OMAR INFO\AppData\Roaming\Windsurf\User\globalStorage\redhat.java\1.45.0\config_ss_win -data c:\Users\OMAR INFO\AppData\Roaming\Windsurf\User\workspaceStorage\017271f0c0c7557d9833a01acf50ccd7\redhat.java\ss_ws --pipe=\\.\pipe\lsp-e1a10a0c9d69f92f85839eb24364f80b-sock
java_class_path (initial): c:\Users\OMAR INFO\.windsurf\extensions\redhat.java-1.45.0-win32-x64\server\plugins\org.eclipse.equinox.launcher_1.7.0.v20250519-0528.jar
Launcher Type: SUN_STANDARD

[Global flags]
    uintx AdaptiveSizePolicyWeight                 = 90                                        {product} {command line}
     intx CICompilerCount                          = 12                                        {product} {ergonomic}
    uintx GCTimeRatio                              = 4                                         {product} {command line}
   size_t InitialHeapSize                          = 104857600                                 {product} {command line}
   size_t MaxHeapSize                              = 2147483648                                {product} {command line}
   size_t MaxNewSize                               = 715653120                                 {product} {ergonomic}
   size_t MinHeapDeltaBytes                        = 524288                                    {product} {ergonomic}
   size_t MinHeapSize                              = 104857600                                 {product} {command line}
   size_t NewSize                                  = 34603008                                  {product} {ergonomic}
    uintx NonNMethodCodeHeapSize                   = 7602480                                {pd product} {ergonomic}
    uintx NonProfiledCodeHeapSize                  = 122027880                              {pd product} {ergonomic}
   size_t OldSize                                  = 70254592                                  {product} {ergonomic}
    uintx ProfiledCodeHeapSize                     = 122027880                              {pd product} {ergonomic}
    uintx ReservedCodeCacheSize                    = 251658240                              {pd product} {ergonomic}
     bool SegmentedCodeCache                       = true                                      {product} {ergonomic}
   size_t SoftMaxHeapSize                          = 2147483648                             {manageable} {ergonomic}
     bool UseCompressedOops                        = true                           {product lp64_product} {ergonomic}
     bool UseLargePagesIndividualAllocation        = false                                  {pd product} {ergonomic}
     bool UseParallelGC                            = true                                      {product} {command line}

Logging:
Log output configuration:
 #0: stdout all=off uptime,level,tags foldmultilines=false
 #1: stderr all=off uptime,level,tags foldmultilines=false

Environment Variables:
PATH=C:\oraclexe\app\oracle\product\10.2.0\server\bin;C:\ProgramData\Oracle\Java\javapath;C:\Program Files\Common Files\Oracle\Java\javapath;C:\Windows\system32;C:\Windows;C:\Windows\System32\Wbem;C:\Windows\System32\WindowsPowerShell\v1.0\;C:\Windows\System32\OpenSSH\;C:\Program Files\Microsoft SQL Server\150\Tools\Binn\;C:\Program Files\Microsoft SQL Server\Client SDK\ODBC\170\Tools\Binn\;C:\Program Files\dotnet\;C:\Program Files\NVIDIA Corporation\NVIDIA NvDLISR;C:\ProgramData\chocolatey\bin;C:\Program Files (x86)\Microsoft SQL Server\110\Tools\Binn\;C:\Program Files (x86)\Microsoft SQL Server\110\DTS\Binn\;C:\Program Files (x86)\Microsoft SQL Server\110\Tools\Binn\ManagementStudio\;C:\Program Files (x86)\Microsoft Visual Studio 10.0\Common7\IDE\PrivateAssemblies\;C:\Program Files (x86)\NVIDIA Corporation\PhysX\Common;C:\Program Files\nodejs\;C:\Program Files\Git LFS;C:\Program Files\Docker\Docker\resources\bin;C:\Program Files\Git\cmd;C:\Windows\system32\platform-tools;C:\Program Files\MongoDB\Server\8.0\bin;C:\Users\OMAR INFO\AppData\Local\Programs\Python\Python310;C:\Users\OMAR INFO\AppData\Local\Programs\Python\Python310\Scripts;F:\PuTTY\;C:\Users\OMAR INFO\AppData\Local\Programs\Python\Python310\Scripts\;C:\Users\OMAR INFO\AppData\Local\Programs\Python\Python310\;C:\Users\OMAR INFO\AppData\Local\Microsoft\WindowsApps;C:\Users\OMAR INFO\.dotnet\tools;C:\Program Files\JetBrains\IntelliJ IDEA 2023.2.1\bin;;C:\Users\OMAR INFO\AppData\Local\Programs\Microsoft VS Code\bin;C:\Users\OMAR INFO\AppData\Roaming\npm;C:\Users\OMAR INFO\AppData\Local\GitHubDesktop\bin;C:\xampp\php;C:\Users\OMAR INFO\composer;C:\Users\OMAR INFO\AppData\Roaming\Composer\vendor\bin;C:\Program Files (x86)\Microsoft SDKs\Windows\v10.0A\bin\NETFX 4.8 Tools;C:\Users\OMAR INFO\AppData\Local\Programs\Windsurf\bin;
USERNAME=OMAR INFO
OS=Windows_NT
PROCESSOR_IDENTIFIER=Intel64 Family 6 Model 141 Stepping 1, GenuineIntel
TMP=C:\Users\OMARIN~1\AppData\Local\Temp
TEMP=C:\Users\OMARIN~1\AppData\Local\Temp




Periodic native trim disabled

---------------  S Y S T E M  ---------------

OS:
 Windows 10 , 64 bit Build 19041 (10.0.19041.5915)
OS uptime: 7 days 0:37 hours
Hyper-V role detected

CPU: total 16 (initial active 16) (8 cores per cpu, 2 threads per core) family 6 model 141 stepping 1 microcode 0x26, cx8, cmov, fxsr, ht, mmx, 3dnowpref, sse, sse2, sse3, ssse3, sse4.1, sse4.2, popcnt, lzcnt, tsc, tscinvbit, avx, avx2, aes, erms, clmul, bmi1, bmi2, adx, avx512f, avx512dq, avx512cd, avx512bw, avx512vl, sha, fma, vzeroupper, avx512_vpopcntdq, avx512_vpclmulqdq, avx512_vaes, avx512_vnni, clflush, clflushopt, clwb, avx512_vbmi2, avx512_vbmi, hv, rdtscp, rdpid, fsrm, gfni, avx512_bitalg, f16c, cet_ibt, cet_ss, avx512_ifma
Processor Information for the first 16 processors :
  Max Mhz: 2304, Current Mhz: 2304, Mhz Limit: 2304

Memory: 4k page, system-wide physical 16085M (481M free)
TotalPageFile size 23385M (AvailPageFile size 7M)
current process WorkingSet (physical memory assigned to process): 172M, peak: 172M
current process commit charge ("private bytes"): 320M, peak: 323M

vm_info: OpenJDK 64-Bit Server VM (21.0.8+9-LTS) for windows-amd64 JRE (21.0.8+9-LTS), built on 2025-07-15T00:00:00Z by "admin" with MS VC++ 17.7 (VS2022)

END.
